2018-02-18T00:45:31 [main.py:488 - <module>()] INFO: Waiting for sunset (1513.943425seconds)
2018-02-18T01:13:49 [main.py:499 - <module>()] INFO: Taking 30 Biases
2018-02-18T01:13:49 [main.py:163 - doDark()] INFO: Taking BIAS 1 of 30 (exptime = 0)
2018-02-18T01:13:49 [main.py:227 - takeImage()] INFO: Taking 0 second image
2018-02-18T01:13:51 [main.py:248 - takeImage()] INFO: Saving image: C:/camal/data/n20180218//0001BIAS.0.fits
2018-02-18T01:13:51 [main.py:163 - doDark()] INFO: Taking BIAS 2 of 30 (exptime = 0)
2018-02-18T01:13:51 [main.py:227 - takeImage()] INFO: Taking 0 second image
2018-02-18T01:13:53 [main.py:248 - takeImage()] INFO: Saving image: C:/camal/data/n20180218//0002BIAS.0.fits
2018-02-18T01:13:53 [main.py:163 - doDark()] INFO: Taking BIAS 3 of 30 (exptime = 0)
2018-02-18T01:13:53 [main.py:227 - takeImage()] INFO: Taking 0 second image
2018-02-18T01:13:56 [main.py:248 - takeImage()] INFO: Saving image: C:/camal/data/n20180218//0003BIAS.0.fits
2018-02-18T01:13:56 [main.py:163 - doDark()] INFO: Taking BIAS 4 of 30 (exptime = 0)
2018-02-18T01:13:56 [main.py:227 - takeImage()] INFO: Taking 0 second image
2018-02-18T01:13:58 [main.py:248 - takeImage()] INFO: Saving image: C:/camal/data/n20180218//0004BIAS.0.fits
2018-02-18T01:13:58 [main.py:163 - doDark()] INFO: Taking BIAS 5 of 30 (exptime = 0)
2018-02-18T01:13:58 [main.py:227 - takeImage()] INFO: Taking 0 second image
2018-02-18T01:14:00 [main.py:248 - takeImage()] INFO: Saving image: C:/camal/data/n20180218//0005BIAS.0.fits
2018-02-18T01:14:00 [main.py:163 - doDark()] INFO: Taking BIAS 6 of 30 (exptime = 0)
2018-02-18T01:14:00 [main.py:227 - takeImage()] INFO: Taking 0 second image
2018-02-18T01:14:02 [main.py:248 - takeImage()] INFO: Saving image: C:/camal/data/n20180218//0006BIAS.0.fits
2018-02-18T01:14:02 [main.py:163 - doDark()] INFO: Taking BIAS 7 of 30 (exptime = 0)
2018-02-18T01:14:02 [main.py:227 - takeImage()] INFO: Taking 0 second image
2018-02-18T01:14:05 [main.py:248 - takeImage()] INFO: Saving image: C:/camal/data/n20180218//0007BIAS.0.fits
2018-02-18T01:14:05 [main.py:163 - doDark()] INFO: Taking BIAS 8 of 30 (exptime = 0)
2018-02-18T01:14:05 [main.py:227 - takeImage()] INFO: Taking 0 second image
2018-02-18T01:14:07 [main.py:248 - takeImage()] INFO: Saving image: C:/camal/data/n20180218//0008BIAS.0.fits
2018-02-18T01:14:07 [main.py:163 - doDark()] INFO: Taking BIAS 9 of 30 (exptime = 0)
2018-02-18T01:14:07 [main.py:227 - takeImage()] INFO: Taking 0 second image
2018-02-18T01:14:09 [main.py:248 - takeImage()] INFO: Saving image: C:/camal/data/n20180218//0009BIAS.0.fits
2018-02-18T01:14:09 [main.py:163 - doDark()] INFO: Taking BIAS 10 of 30 (exptime = 0)
2018-02-18T01:14:09 [main.py:227 - takeImage()] INFO: Taking 0 second image
2018-02-18T01:14:12 [main.py:248 - takeImage()] INFO: Saving image: C:/camal/data/n20180218//0010BIAS.0.fits
2018-02-18T01:14:12 [main.py:163 - doDark()] INFO: Taking BIAS 11 of 30 (exptime = 0)
2018-02-18T01:14:12 [main.py:227 - takeImage()] INFO: Taking 0 second image
2018-02-18T01:14:14 [main.py:248 - takeImage()] INFO: Saving image: C:/camal/data/n20180218//0011BIAS.0.fits
2018-02-18T01:14:14 [main.py:163 - doDark()] INFO: Taking BIAS 12 of 30 (exptime = 0)
2018-02-18T01:14:14 [main.py:227 - takeImage()] INFO: Taking 0 second image
2018-02-18T01:14:16 [main.py:248 - takeImage()] INFO: Saving image: C:/camal/data/n20180218//0012BIAS.0.fits
2018-02-18T01:14:16 [main.py:163 - doDark()] INFO: Taking BIAS 13 of 30 (exptime = 0)
2018-02-18T01:14:16 [main.py:227 - takeImage()] INFO: Taking 0 second image
2018-02-18T01:14:19 [main.py:248 - takeImage()] INFO: Saving image: C:/camal/data/n20180218//0013BIAS.0.fits
2018-02-18T01:14:19 [main.py:163 - doDark()] INFO: Taking BIAS 14 of 30 (exptime = 0)
2018-02-18T01:14:19 [main.py:227 - takeImage()] INFO: Taking 0 second image
2018-02-18T01:14:21 [main.py:248 - takeImage()] INFO: Saving image: C:/camal/data/n20180218//0014BIAS.0.fits
2018-02-18T01:14:21 [main.py:163 - doDark()] INFO: Taking BIAS 15 of 30 (exptime = 0)
2018-02-18T01:14:21 [main.py:227 - takeImage()] INFO: Taking 0 second image
2018-02-18T01:14:23 [main.py:248 - takeImage()] INFO: Saving image: C:/camal/data/n20180218//0015BIAS.0.fits
2018-02-18T01:14:23 [main.py:163 - doDark()] INFO: Taking BIAS 16 of 30 (exptime = 0)
2018-02-18T01:14:23 [main.py:227 - takeImage()] INFO: Taking 0 second image
2018-02-18T01:14:25 [main.py:248 - takeImage()] INFO: Saving image: C:/camal/data/n20180218//0016BIAS.0.fits
2018-02-18T01:14:26 [main.py:163 - doDark()] INFO: Taking BIAS 17 of 30 (exptime = 0)
2018-02-18T01:14:26 [main.py:227 - takeImage()] INFO: Taking 0 second image
2018-02-18T01:14:28 [main.py:248 - takeImage()] INFO: Saving image: C:/camal/data/n20180218//0017BIAS.0.fits
2018-02-18T01:14:28 [main.py:163 - doDark()] INFO: Taking BIAS 18 of 30 (exptime = 0)
2018-02-18T01:14:28 [main.py:227 - takeImage()] INFO: Taking 0 second image
2018-02-18T01:14:30 [main.py:248 - takeImage()] INFO: Saving image: C:/camal/data/n20180218//0018BIAS.0.fits
2018-02-18T01:14:30 [main.py:163 - doDark()] INFO: Taking BIAS 19 of 30 (exptime = 0)
2018-02-18T01:14:30 [main.py:227 - takeImage()] INFO: Taking 0 second image
2018-02-18T01:14:32 [main.py:248 - takeImage()] INFO: Saving image: C:/camal/data/n20180218//0019BIAS.0.fits
2018-02-18T01:14:32 [main.py:163 - doDark()] INFO: Taking BIAS 20 of 30 (exptime = 0)
2018-02-18T01:14:32 [main.py:227 - takeImage()] INFO: Taking 0 second image
2018-02-18T01:14:35 [main.py:248 - takeImage()] INFO: Saving image: C:/camal/data/n20180218//0020BIAS.0.fits
2018-02-18T01:14:35 [main.py:163 - doDark()] INFO: Taking BIAS 21 of 30 (exptime = 0)
2018-02-18T01:14:35 [main.py:227 - takeImage()] INFO: Taking 0 second image
2018-02-18T01:14:37 [main.py:248 - takeImage()] INFO: Saving image: C:/camal/data/n20180218//0021BIAS.0.fits
2018-02-18T01:14:37 [main.py:163 - doDark()] INFO: Taking BIAS 22 of 30 (exptime = 0)
2018-02-18T01:14:37 [main.py:227 - takeImage()] INFO: Taking 0 second image
2018-02-18T01:14:39 [main.py:248 - takeImage()] INFO: Saving image: C:/camal/data/n20180218//0022BIAS.0.fits
2018-02-18T01:14:39 [main.py:163 - doDark()] INFO: Taking BIAS 23 of 30 (exptime = 0)
2018-02-18T01:14:39 [main.py:227 - takeImage()] INFO: Taking 0 second image
2018-02-18T01:14:42 [main.py:248 - takeImage()] INFO: Saving image: C:/camal/data/n20180218//0023BIAS.0.fits
2018-02-18T01:14:42 [main.py:163 - doDark()] INFO: Taking BIAS 24 of 30 (exptime = 0)
2018-02-18T01:14:42 [main.py:227 - takeImage()] INFO: Taking 0 second image
2018-02-18T01:14:44 [main.py:248 - takeImage()] INFO: Saving image: C:/camal/data/n20180218//0024BIAS.0.fits
2018-02-18T01:14:44 [main.py:163 - doDark()] INFO: Taking BIAS 25 of 30 (exptime = 0)
2018-02-18T01:14:44 [main.py:227 - takeImage()] INFO: Taking 0 second image
2018-02-18T01:14:46 [main.py:248 - takeImage()] INFO: Saving image: C:/camal/data/n20180218//0025BIAS.0.fits
2018-02-18T01:14:46 [main.py:163 - doDark()] INFO: Taking BIAS 26 of 30 (exptime = 0)
2018-02-18T01:14:46 [main.py:227 - takeImage()] INFO: Taking 0 second image
2018-02-18T01:14:49 [main.py:248 - takeImage()] INFO: Saving image: C:/camal/data/n20180218//0026BIAS.0.fits
2018-02-18T01:14:49 [main.py:163 - doDark()] INFO: Taking BIAS 27 of 30 (exptime = 0)
2018-02-18T01:14:49 [main.py:227 - takeImage()] INFO: Taking 0 second image
2018-02-18T01:14:51 [main.py:248 - takeImage()] INFO: Saving image: C:/camal/data/n20180218//0027BIAS.0.fits
2018-02-18T01:14:51 [main.py:163 - doDark()] INFO: Taking BIAS 28 of 30 (exptime = 0)
2018-02-18T01:14:51 [main.py:227 - takeImage()] INFO: Taking 0 second image
2018-02-18T01:14:53 [main.py:248 - takeImage()] INFO: Saving image: C:/camal/data/n20180218//0028BIAS.0.fits
2018-02-18T01:14:53 [main.py:163 - doDark()] INFO: Taking BIAS 29 of 30 (exptime = 0)
2018-02-18T01:14:53 [main.py:227 - takeImage()] INFO: Taking 0 second image
2018-02-18T01:14:55 [main.py:248 - takeImage()] INFO: Saving image: C:/camal/data/n20180218//0029BIAS.0.fits
2018-02-18T01:14:55 [main.py:163 - doDark()] INFO: Taking BIAS 30 of 30 (exptime = 0)
2018-02-18T01:14:55 [main.py:227 - takeImage()] INFO: Taking 0 second image
2018-02-18T01:14:58 [main.py:248 - takeImage()] INFO: Saving image: C:/camal/data/n20180218//0030BIAS.0.fits
2018-02-18T01:14:58 [main.py:505 - <module>()] INFO: Waiting for nautical twilight to end (3026.654566seconds)
2018-02-18T02:05:24 [main.py:510 - <module>()] INFO: Making Schedule
2018-02-18T02:05:29 [main.py:525 - <module>()] INFO: Waiting For the Dome to Open at Beginning of Night
2018-02-18T02:06:30 [main.py:525 - <module>()] INFO: Waiting For the Dome to Open at Beginning of Night
2018-02-18T02:07:30 [main.py:525 - <module>()] INFO: Waiting For the Dome to Open at Beginning of Night
2018-02-18T02:08:31 [main.py:525 - <module>()] INFO: Waiting For the Dome to Open at Beginning of Night
2018-02-18T02:09:32 [main.py:525 - <module>()] INFO: Waiting For the Dome to Open at Beginning of Night
2018-02-18T02:10:32 [main.py:525 - <module>()] INFO: Waiting For the Dome to Open at Beginning of Night
2018-02-18T02:11:33 [main.py:525 - <module>()] INFO: Waiting For the Dome to Open at Beginning of Night
2018-02-18T02:12:33 [main.py:525 - <module>()] INFO: Waiting For the Dome to Open at Beginning of Night
2018-02-18T02:13:34 [main.py:525 - <module>()] INFO: Waiting For the Dome to Open at Beginning of Night
2018-02-18T02:14:34 [main.py:525 - <module>()] INFO: Waiting For the Dome to Open at Beginning of Night
2018-02-18T02:15:35 [main.py:525 - <module>()] INFO: Waiting For the Dome to Open at Beginning of Night
2018-02-18T02:16:35 [main.py:525 - <module>()] INFO: Waiting For the Dome to Open at Beginning of Night
2018-02-18T02:17:35 [main.py:525 - <module>()] INFO: Waiting For the Dome to Open at Beginning of Night
2018-02-18T02:18:36 [main.py:525 - <module>()] INFO: Waiting For the Dome to Open at Beginning of Night
2018-02-18T02:19:37 [main.py:525 - <module>()] INFO: Waiting For the Dome to Open at Beginning of Night
2018-02-18T02:20:37 [main.py:525 - <module>()] INFO: Waiting For the Dome to Open at Beginning of Night
2018-02-18T02:21:38 [main.py:525 - <module>()] INFO: Waiting For the Dome to Open at Beginning of Night
2018-02-18T02:22:38 [main.py:525 - <module>()] INFO: Waiting For the Dome to Open at Beginning of Night
2018-02-18T02:23:39 [main.py:525 - <module>()] INFO: Waiting For the Dome to Open at Beginning of Night
2018-02-18T02:24:40 [main.py:525 - <module>()] INFO: Waiting For the Dome to Open at Beginning of Night
2018-02-18T02:25:40 [main.py:525 - <module>()] INFO: Waiting For the Dome to Open at Beginning of Night
2018-02-18T02:26:41 [main.py:525 - <module>()] INFO: Waiting For the Dome to Open at Beginning of Night
2018-02-18T02:27:41 [main.py:525 - <module>()] INFO: Waiting For the Dome to Open at Beginning of Night
2018-02-18T02:28:42 [main.py:525 - <module>()] INFO: Waiting For the Dome to Open at Beginning of Night
2018-02-18T02:29:42 [main.py:525 - <module>()] INFO: Waiting For the Dome to Open at Beginning of Night
2018-02-18T02:30:43 [main.py:525 - <module>()] INFO: Waiting For the Dome to Open at Beginning of Night
2018-02-18T02:31:43 [main.py:525 - <module>()] INFO: Waiting For the Dome to Open at Beginning of Night
2018-02-18T02:32:44 [main.py:525 - <module>()] INFO: Waiting For the Dome to Open at Beginning of Night
2018-02-18T02:33:44 [main.py:525 - <module>()] INFO: Waiting For the Dome to Open at Beginning of Night
2018-02-18T02:34:45 [main.py:525 - <module>()] INFO: Waiting For the Dome to Open at Beginning of Night
2018-02-18T02:35:45 [main.py:525 - <module>()] INFO: Waiting For the Dome to Open at Beginning of Night
2018-02-18T02:36:46 [main.py:525 - <module>()] INFO: Waiting For the Dome to Open at Beginning of Night
2018-02-18T02:37:46 [main.py:525 - <module>()] INFO: Waiting For the Dome to Open at Beginning of Night
2018-02-18T02:38:46 [main.py:525 - <module>()] INFO: Waiting For the Dome to Open at Beginning of Night
2018-02-18T02:39:47 [main.py:525 - <module>()] INFO: Waiting For the Dome to Open at Beginning of Night
2018-02-18T02:40:48 [main.py:525 - <module>()] INFO: Waiting For the Dome to Open at Beginning of Night
2018-02-18T02:41:48 [main.py:525 - <module>()] INFO: Waiting For the Dome to Open at Beginning of Night
2018-02-18T02:42:49 [main.py:525 - <module>()] INFO: Waiting For the Dome to Open at Beginning of Night
2018-02-18T02:43:49 [main.py:525 - <module>()] INFO: Waiting For the Dome to Open at Beginning of Night
2018-02-18T02:44:50 [main.py:525 - <module>()] INFO: Waiting For the Dome to Open at Beginning of Night
2018-02-18T02:45:50 [main.py:525 - <module>()] INFO: Waiting For the Dome to Open at Beginning of Night
2018-02-18T02:46:51 [main.py:525 - <module>()] INFO: Waiting For the Dome to Open at Beginning of Night
2018-02-18T02:47:51 [main.py:525 - <module>()] INFO: Waiting For the Dome to Open at Beginning of Night
2018-02-18T02:48:52 [main.py:525 - <module>()] INFO: Waiting For the Dome to Open at Beginning of Night
2018-02-18T02:49:52 [main.py:525 - <module>()] INFO: Waiting For the Dome to Open at Beginning of Night
2018-02-18T02:50:53 [main.py:525 - <module>()] INFO: Waiting For the Dome to Open at Beginning of Night
2018-02-18T02:51:53 [main.py:525 - <module>()] INFO: Waiting For the Dome to Open at Beginning of Night
2018-02-18T02:52:54 [main.py:525 - <module>()] INFO: Waiting For the Dome to Open at Beginning of Night
2018-02-18T02:53:54 [main.py:525 - <module>()] INFO: Waiting For the Dome to Open at Beginning of Night
2018-02-18T02:54:55 [main.py:525 - <module>()] INFO: Waiting For the Dome to Open at Beginning of Night
2018-02-18T02:55:55 [main.py:525 - <module>()] INFO: Waiting For the Dome to Open at Beginning of Night
2018-02-18T02:56:56 [main.py:525 - <module>()] INFO: Waiting For the Dome to Open at Beginning of Night
2018-02-18T02:57:56 [main.py:525 - <module>()] INFO: Waiting For the Dome to Open at Beginning of Night
2018-02-18T02:58:57 [main.py:525 - <module>()] INFO: Waiting For the Dome to Open at Beginning of Night
2018-02-18T02:59:57 [main.py:525 - <module>()] INFO: Waiting For the Dome to Open at Beginning of Night
2018-02-18T03:00:58 [main.py:525 - <module>()] INFO: Waiting For the Dome to Open at Beginning of Night
2018-02-18T03:01:58 [main.py:525 - <module>()] INFO: Waiting For the Dome to Open at Beginning of Night
2018-02-18T03:02:59 [main.py:525 - <module>()] INFO: Waiting For the Dome to Open at Beginning of Night
2018-02-18T03:03:59 [main.py:525 - <module>()] INFO: Waiting For the Dome to Open at Beginning of Night
2018-02-18T03:04:59 [main.py:525 - <module>()] INFO: Waiting For the Dome to Open at Beginning of Night
2018-02-18T03:06:00 [main.py:525 - <module>()] INFO: Waiting For the Dome to Open at Beginning of Night
2018-02-18T03:07:01 [main.py:525 - <module>()] INFO: Waiting For the Dome to Open at Beginning of Night
2018-02-18T03:08:01 [main.py:525 - <module>()] INFO: Waiting For the Dome to Open at Beginning of Night
2018-02-18T03:09:02 [main.py:525 - <module>()] INFO: Waiting For the Dome to Open at Beginning of Night
2018-02-18T03:10:02 [main.py:525 - <module>()] INFO: Waiting For the Dome to Open at Beginning of Night
2018-02-18T03:11:02 [main.py:525 - <module>()] INFO: Waiting For the Dome to Open at Beginning of Night
2018-02-18T03:12:03 [main.py:525 - <module>()] INFO: Waiting For the Dome to Open at Beginning of Night
2018-02-18T03:13:03 [main.py:525 - <module>()] INFO: Waiting For the Dome to Open at Beginning of Night
2018-02-18T03:14:04 [main.py:525 - <module>()] INFO: Waiting For the Dome to Open at Beginning of Night
2018-02-18T03:15:04 [main.py:525 - <module>()] INFO: Waiting For the Dome to Open at Beginning of Night
2018-02-18T03:16:05 [main.py:525 - <module>()] INFO: Waiting For the Dome to Open at Beginning of Night
2018-02-18T03:17:05 [main.py:525 - <module>()] INFO: Waiting For the Dome to Open at Beginning of Night
2018-02-18T03:18:06 [main.py:525 - <module>()] INFO: Waiting For the Dome to Open at Beginning of Night
2018-02-18T03:19:06 [main.py:525 - <module>()] INFO: Waiting For the Dome to Open at Beginning of Night
2018-02-18T03:20:07 [main.py:525 - <module>()] INFO: Waiting For the Dome to Open at Beginning of Night
2018-02-18T03:21:07 [main.py:525 - <module>()] INFO: Waiting For the Dome to Open at Beginning of Night
2018-02-18T03:22:08 [main.py:525 - <module>()] INFO: Waiting For the Dome to Open at Beginning of Night
2018-02-18T03:23:08 [main.py:525 - <module>()] INFO: Waiting For the Dome to Open at Beginning of Night
2018-02-18T03:24:09 [main.py:525 - <module>()] INFO: Waiting For the Dome to Open at Beginning of Night
2018-02-18T03:25:09 [main.py:525 - <module>()] INFO: Waiting For the Dome to Open at Beginning of Night
2018-02-18T03:26:10 [main.py:525 - <module>()] INFO: Waiting For the Dome to Open at Beginning of Night
2018-02-18T03:27:10 [main.py:525 - <module>()] INFO: Waiting For the Dome to Open at Beginning of Night
2018-02-18T03:28:11 [main.py:525 - <module>()] INFO: Waiting For the Dome to Open at Beginning of Night
2018-02-18T03:29:12 [main.py:525 - <module>()] INFO: Waiting For the Dome to Open at Beginning of Night
2018-02-18T03:30:12 [main.py:525 - <module>()] INFO: Waiting For the Dome to Open at Beginning of Night
2018-02-18T03:31:13 [main.py:525 - <module>()] INFO: Waiting For the Dome to Open at Beginning of Night
2018-02-18T03:32:13 [main.py:525 - <module>()] INFO: Waiting For the Dome to Open at Beginning of Night
2018-02-18T03:33:14 [main.py:525 - <module>()] INFO: Waiting For the Dome to Open at Beginning of Night
2018-02-18T03:34:14 [main.py:525 - <module>()] INFO: Waiting For the Dome to Open at Beginning of Night
2018-02-18T03:35:15 [main.py:525 - <module>()] INFO: Waiting For the Dome to Open at Beginning of Night
2018-02-18T03:36:15 [main.py:525 - <module>()] INFO: Waiting For the Dome to Open at Beginning of Night
2018-02-18T03:37:16 [main.py:525 - <module>()] INFO: Waiting For the Dome to Open at Beginning of Night
2018-02-18T03:38:17 [main.py:525 - <module>()] INFO: Waiting For the Dome to Open at Beginning of Night
2018-02-18T03:39:17 [main.py:525 - <module>()] INFO: Waiting For the Dome to Open at Beginning of Night
2018-02-18T03:40:18 [main.py:525 - <module>()] INFO: Waiting For the Dome to Open at Beginning of Night
2018-02-18T03:41:18 [main.py:525 - <module>()] INFO: Waiting For the Dome to Open at Beginning of Night
2018-02-18T03:42:19 [main.py:525 - <module>()] INFO: Waiting For the Dome to Open at Beginning of Night
2018-02-18T03:43:19 [main.py:525 - <module>()] INFO: Waiting For the Dome to Open at Beginning of Night
2018-02-18T03:44:20 [main.py:525 - <module>()] INFO: Waiting For the Dome to Open at Beginning of Night
2018-02-18T03:45:20 [main.py:525 - <module>()] INFO: Waiting For the Dome to Open at Beginning of Night
2018-02-18T03:46:20 [main.py:525 - <module>()] INFO: Waiting For the Dome to Open at Beginning of Night
2018-02-18T03:47:21 [main.py:525 - <module>()] INFO: Waiting For the Dome to Open at Beginning of Night
2018-02-18T03:48:21 [main.py:525 - <module>()] INFO: Waiting For the Dome to Open at Beginning of Night
2018-02-18T03:49:22 [main.py:525 - <module>()] INFO: Waiting For the Dome to Open at Beginning of Night
2018-02-18T03:50:22 [main.py:525 - <module>()] INFO: Waiting For the Dome to Open at Beginning of Night
2018-02-18T03:51:23 [main.py:525 - <module>()] INFO: Waiting For the Dome to Open at Beginning of Night
2018-02-18T03:52:23 [main.py:525 - <module>()] INFO: Waiting For the Dome to Open at Beginning of Night
2018-02-18T03:53:24 [main.py:525 - <module>()] INFO: Waiting For the Dome to Open at Beginning of Night
2018-02-18T03:54:24 [main.py:525 - <module>()] INFO: Waiting For the Dome to Open at Beginning of Night
2018-02-18T03:55:25 [main.py:525 - <module>()] INFO: Waiting For the Dome to Open at Beginning of Night
2018-02-18T03:56:25 [main.py:525 - <module>()] INFO: Waiting For the Dome to Open at Beginning of Night
2018-02-18T03:57:26 [main.py:525 - <module>()] INFO: Waiting For the Dome to Open at Beginning of Night
2018-02-18T03:58:26 [main.py:525 - <module>()] INFO: Waiting For the Dome to Open at Beginning of Night
2018-02-18T03:59:27 [main.py:525 - <module>()] INFO: Waiting For the Dome to Open at Beginning of Night
2018-02-18T04:00:27 [main.py:525 - <module>()] INFO: Waiting For the Dome to Open at Beginning of Night
2018-02-18T04:01:28 [main.py:525 - <module>()] INFO: Waiting For the Dome to Open at Beginning of Night
2018-02-18T04:02:28 [main.py:525 - <module>()] INFO: Waiting For the Dome to Open at Beginning of Night
2018-02-18T04:03:29 [main.py:525 - <module>()] INFO: Waiting For the Dome to Open at Beginning of Night
2018-02-18T04:04:30 [main.py:525 - <module>()] INFO: Waiting For the Dome to Open at Beginning of Night
2018-02-18T04:05:30 [main.py:525 - <module>()] INFO: Waiting For the Dome to Open at Beginning of Night
2018-02-18T04:06:31 [main.py:525 - <module>()] INFO: Waiting For the Dome to Open at Beginning of Night
2018-02-18T04:07:31 [main.py:525 - <module>()] INFO: Waiting For the Dome to Open at Beginning of Night
2018-02-18T04:08:32 [main.py:525 - <module>()] INFO: Waiting For the Dome to Open at Beginning of Night
2018-02-18T04:09:32 [main.py:525 - <module>()] INFO: Waiting For the Dome to Open at Beginning of Night
2018-02-18T04:10:33 [main.py:525 - <module>()] INFO: Waiting For the Dome to Open at Beginning of Night
2018-02-18T04:11:33 [main.py:525 - <module>()] INFO: Waiting For the Dome to Open at Beginning of Night
2018-02-18T04:12:34 [main.py:525 - <module>()] INFO: Waiting For the Dome to Open at Beginning of Night
2018-02-18T04:13:34 [main.py:525 - <module>()] INFO: Waiting For the Dome to Open at Beginning of Night
2018-02-18T04:14:35 [main.py:525 - <module>()] INFO: Waiting For the Dome to Open at Beginning of Night
2018-02-18T04:15:35 [main.py:525 - <module>()] INFO: Waiting For the Dome to Open at Beginning of Night
2018-02-18T04:16:36 [main.py:525 - <module>()] INFO: Waiting For the Dome to Open at Beginning of Night
2018-02-18T04:17:36 [main.py:525 - <module>()] INFO: Waiting For the Dome to Open at Beginning of Night
2018-02-18T04:18:37 [main.py:525 - <module>()] INFO: Waiting For the Dome to Open at Beginning of Night
2018-02-18T04:19:38 [main.py:525 - <module>()] INFO: Waiting For the Dome to Open at Beginning of Night
2018-02-18T04:20:38 [main.py:525 - <module>()] INFO: Waiting For the Dome to Open at Beginning of Night
2018-02-18T04:21:39 [main.py:525 - <module>()] INFO: Waiting For the Dome to Open at Beginning of Night
2018-02-18T04:22:39 [main.py:525 - <module>()] INFO: Waiting For the Dome to Open at Beginning of Night
2018-02-18T04:23:40 [main.py:525 - <module>()] INFO: Waiting For the Dome to Open at Beginning of Night
2018-02-18T04:24:40 [main.py:525 - <module>()] INFO: Waiting For the Dome to Open at Beginning of Night
2018-02-18T04:25:41 [main.py:525 - <module>()] INFO: Waiting For the Dome to Open at Beginning of Night
2018-02-18T04:26:42 [main.py:525 - <module>()] INFO: Waiting For the Dome to Open at Beginning of Night
2018-02-18T04:27:42 [main.py:525 - <module>()] INFO: Waiting For the Dome to Open at Beginning of Night
2018-02-18T04:28:43 [main.py:525 - <module>()] INFO: Waiting For the Dome to Open at Beginning of Night
2018-02-18T04:29:43 [main.py:525 - <module>()] INFO: Waiting For the Dome to Open at Beginning of Night
2018-02-18T04:30:44 [main.py:525 - <module>()] INFO: Waiting For the Dome to Open at Beginning of Night
2018-02-18T04:31:45 [main.py:525 - <module>()] INFO: Waiting For the Dome to Open at Beginning of Night
2018-02-18T04:32:45 [main.py:525 - <module>()] INFO: Waiting For the Dome to Open at Beginning of Night
2018-02-18T04:33:45 [main.py:525 - <module>()] INFO: Waiting For the Dome to Open at Beginning of Night
2018-02-18T04:34:46 [main.py:525 - <module>()] INFO: Waiting For the Dome to Open at Beginning of Night
2018-02-18T04:35:47 [main.py:525 - <module>()] INFO: Waiting For the Dome to Open at Beginning of Night
2018-02-18T04:36:47 [main.py:525 - <module>()] INFO: Waiting For the Dome to Open at Beginning of Night
2018-02-18T04:37:48 [main.py:525 - <module>()] INFO: Waiting For the Dome to Open at Beginning of Night
2018-02-18T04:38:48 [main.py:525 - <module>()] INFO: Waiting For the Dome to Open at Beginning of Night
2018-02-18T04:39:49 [main.py:525 - <module>()] INFO: Waiting For the Dome to Open at Beginning of Night
2018-02-18T04:40:49 [main.py:525 - <module>()] INFO: Waiting For the Dome to Open at Beginning of Night
2018-02-18T04:41:50 [main.py:525 - <module>()] INFO: Waiting For the Dome to Open at Beginning of Night
2018-02-18T04:42:50 [main.py:525 - <module>()] INFO: Waiting For the Dome to Open at Beginning of Night
2018-02-18T04:43:51 [main.py:525 - <module>()] INFO: Waiting For the Dome to Open at Beginning of Night
2018-02-18T04:44:51 [main.py:525 - <module>()] INFO: Waiting For the Dome to Open at Beginning of Night
2018-02-18T04:45:52 [main.py:525 - <module>()] INFO: Waiting For the Dome to Open at Beginning of Night
2018-02-18T04:46:53 [main.py:525 - <module>()] INFO: Waiting For the Dome to Open at Beginning of Night
2018-02-18T04:47:53 [main.py:525 - <module>()] INFO: Waiting For the Dome to Open at Beginning of Night
2018-02-18T04:48:53 [main.py:525 - <module>()] INFO: Waiting For the Dome to Open at Beginning of Night
2018-02-18T04:49:54 [main.py:525 - <module>()] INFO: Waiting For the Dome to Open at Beginning of Night
2018-02-18T04:50:55 [main.py:525 - <module>()] INFO: Waiting For the Dome to Open at Beginning of Night
2018-02-18T04:51:55 [main.py:525 - <module>()] INFO: Waiting For the Dome to Open at Beginning of Night
2018-02-18T04:52:56 [main.py:525 - <module>()] INFO: Waiting For the Dome to Open at Beginning of Night
2018-02-18T04:53:56 [main.py:525 - <module>()] INFO: Waiting For the Dome to Open at Beginning of Night
2018-02-18T04:54:57 [main.py:525 - <module>()] INFO: Waiting For the Dome to Open at Beginning of Night
2018-02-18T04:55:57 [main.py:525 - <module>()] INFO: Waiting For the Dome to Open at Beginning of Night
2018-02-18T04:56:58 [main.py:525 - <module>()] INFO: Waiting For the Dome to Open at Beginning of Night
2018-02-18T04:57:58 [main.py:525 - <module>()] INFO: Waiting For the Dome to Open at Beginning of Night
2018-02-18T04:58:59 [main.py:525 - <module>()] INFO: Waiting For the Dome to Open at Beginning of Night
2018-02-18T05:00:00 [main.py:525 - <module>()] INFO: Waiting For the Dome to Open at Beginning of Night
2018-02-18T05:01:00 [main.py:525 - <module>()] INFO: Waiting For the Dome to Open at Beginning of Night
2018-02-18T05:02:00 [main.py:525 - <module>()] INFO: Waiting For the Dome to Open at Beginning of Night
2018-02-18T05:03:01 [main.py:525 - <module>()] INFO: Waiting For the Dome to Open at Beginning of Night
2018-02-18T05:04:01 [main.py:525 - <module>()] INFO: Waiting For the Dome to Open at Beginning of Night
2018-02-18T05:05:02 [main.py:525 - <module>()] INFO: Waiting For the Dome to Open at Beginning of Night
2018-02-18T05:06:02 [main.py:525 - <module>()] INFO: Waiting For the Dome to Open at Beginning of Night
2018-02-18T05:07:03 [main.py:525 - <module>()] INFO: Waiting For the Dome to Open at Beginning of Night
2018-02-18T05:08:03 [main.py:525 - <module>()] INFO: Waiting For the Dome to Open at Beginning of Night
2018-02-18T05:09:04 [main.py:525 - <module>()] INFO: Waiting For the Dome to Open at Beginning of Night
2018-02-18T05:10:04 [main.py:525 - <module>()] INFO: Waiting For the Dome to Open at Beginning of Night
2018-02-18T05:11:05 [main.py:525 - <module>()] INFO: Waiting For the Dome to Open at Beginning of Night
2018-02-18T05:12:05 [main.py:525 - <module>()] INFO: Waiting For the Dome to Open at Beginning of Night
2018-02-18T05:13:06 [main.py:525 - <module>()] INFO: Waiting For the Dome to Open at Beginning of Night
2018-02-18T05:14:06 [main.py:525 - <module>()] INFO: Waiting For the Dome to Open at Beginning of Night
2018-02-18T05:15:07 [main.py:525 - <module>()] INFO: Waiting For the Dome to Open at Beginning of Night
2018-02-18T05:16:07 [main.py:525 - <module>()] INFO: Waiting For the Dome to Open at Beginning of Night
2018-02-18T05:17:08 [main.py:525 - <module>()] INFO: Waiting For the Dome to Open at Beginning of Night
2018-02-18T05:18:08 [main.py:525 - <module>()] INFO: Waiting For the Dome to Open at Beginning of Night
2018-02-18T05:19:09 [main.py:525 - <module>()] INFO: Waiting For the Dome to Open at Beginning of Night
2018-02-18T05:20:09 [main.py:525 - <module>()] INFO: Waiting For the Dome to Open at Beginning of Night
2018-02-18T05:21:10 [main.py:525 - <module>()] INFO: Waiting For the Dome to Open at Beginning of Night
2018-02-18T05:22:11 [main.py:525 - <module>()] INFO: Waiting For the Dome to Open at Beginning of Night
2018-02-18T05:23:11 [main.py:525 - <module>()] INFO: Waiting For the Dome to Open at Beginning of Night
2018-02-18T05:24:11 [main.py:525 - <module>()] INFO: Waiting For the Dome to Open at Beginning of Night
2018-02-18T05:25:12 [main.py:525 - <module>()] INFO: Waiting For the Dome to Open at Beginning of Night
2018-02-18T05:26:13 [main.py:525 - <module>()] INFO: Waiting For the Dome to Open at Beginning of Night
2018-02-18T05:27:13 [main.py:525 - <module>()] INFO: Waiting For the Dome to Open at Beginning of Night
2018-02-18T05:28:13 [main.py:525 - <module>()] INFO: Waiting For the Dome to Open at Beginning of Night
2018-02-18T05:29:14 [main.py:525 - <module>()] INFO: Waiting For the Dome to Open at Beginning of Night
2018-02-18T05:30:14 [main.py:525 - <module>()] INFO: Waiting For the Dome to Open at Beginning of Night
2018-02-18T05:31:15 [main.py:525 - <module>()] INFO: Waiting For the Dome to Open at Beginning of Night
2018-02-18T05:32:16 [main.py:525 - <module>()] INFO: Waiting For the Dome to Open at Beginning of Night
2018-02-18T05:33:16 [main.py:525 - <module>()] INFO: Waiting For the Dome to Open at Beginning of Night
2018-02-18T05:34:17 [main.py:525 - <module>()] INFO: Waiting For the Dome to Open at Beginning of Night
2018-02-18T05:35:17 [main.py:525 - <module>()] INFO: Waiting For the Dome to Open at Beginning of Night
2018-02-18T05:36:17 [main.py:525 - <module>()] INFO: Waiting For the Dome to Open at Beginning of Night
2018-02-18T05:37:18 [main.py:525 - <module>()] INFO: Waiting For the Dome to Open at Beginning of Night
2018-02-18T05:38:18 [main.py:525 - <module>()] INFO: Waiting For the Dome to Open at Beginning of Night
2018-02-18T05:39:19 [main.py:525 - <module>()] INFO: Waiting For the Dome to Open at Beginning of Night
2018-02-18T05:40:20 [main.py:525 - <module>()] INFO: Waiting For the Dome to Open at Beginning of Night
2018-02-18T05:41:20 [main.py:525 - <module>()] INFO: Waiting For the Dome to Open at Beginning of Night
2018-02-18T05:42:21 [main.py:525 - <module>()] INFO: Waiting For the Dome to Open at Beginning of Night
2018-02-18T05:43:21 [main.py:525 - <module>()] INFO: Waiting For the Dome to Open at Beginning of Night
2018-02-18T05:44:22 [main.py:525 - <module>()] INFO: Waiting For the Dome to Open at Beginning of Night
2018-02-18T05:45:22 [main.py:525 - <module>()] INFO: Waiting For the Dome to Open at Beginning of Night
2018-02-18T05:46:23 [main.py:525 - <module>()] INFO: Waiting For the Dome to Open at Beginning of Night
2018-02-18T05:47:23 [main.py:525 - <module>()] INFO: Waiting For the Dome to Open at Beginning of Night
2018-02-18T05:48:24 [main.py:525 - <module>()] INFO: Waiting For the Dome to Open at Beginning of Night
2018-02-18T05:49:24 [main.py:525 - <module>()] INFO: Waiting For the Dome to Open at Beginning of Night
2018-02-18T05:50:25 [main.py:525 - <module>()] INFO: Waiting For the Dome to Open at Beginning of Night
2018-02-18T05:51:26 [main.py:525 - <module>()] INFO: Waiting For the Dome to Open at Beginning of Night
2018-02-18T05:52:26 [main.py:525 - <module>()] INFO: Waiting For the Dome to Open at Beginning of Night
2018-02-18T05:53:27 [main.py:525 - <module>()] INFO: Waiting For the Dome to Open at Beginning of Night
2018-02-18T05:54:27 [main.py:525 - <module>()] INFO: Waiting For the Dome to Open at Beginning of Night
2018-02-18T05:55:28 [main.py:525 - <module>()] INFO: Waiting For the Dome to Open at Beginning of Night
2018-02-18T05:56:28 [main.py:525 - <module>()] INFO: Waiting For the Dome to Open at Beginning of Night
2018-02-18T05:57:29 [main.py:525 - <module>()] INFO: Waiting For the Dome to Open at Beginning of Night
2018-02-18T05:58:29 [main.py:525 - <module>()] INFO: Waiting For the Dome to Open at Beginning of Night
2018-02-18T05:59:30 [main.py:525 - <module>()] INFO: Waiting For the Dome to Open at Beginning of Night
2018-02-18T06:00:30 [main.py:525 - <module>()] INFO: Waiting For the Dome to Open at Beginning of Night
2018-02-18T06:01:31 [main.py:525 - <module>()] INFO: Waiting For the Dome to Open at Beginning of Night
2018-02-18T06:02:31 [main.py:525 - <module>()] INFO: Waiting For the Dome to Open at Beginning of Night
2018-02-18T06:03:32 [main.py:525 - <module>()] INFO: Waiting For the Dome to Open at Beginning of Night
2018-02-18T06:04:33 [main.py:525 - <module>()] INFO: Waiting For the Dome to Open at Beginning of Night
2018-02-18T06:05:33 [main.py:525 - <module>()] INFO: Waiting For the Dome to Open at Beginning of Night
2018-02-18T06:06:34 [main.py:525 - <module>()] INFO: Waiting For the Dome to Open at Beginning of Night
2018-02-18T06:07:34 [main.py:525 - <module>()] INFO: Waiting For the Dome to Open at Beginning of Night
2018-02-18T06:08:35 [main.py:525 - <module>()] INFO: Waiting For the Dome to Open at Beginning of Night
2018-02-18T06:09:35 [main.py:525 - <module>()] INFO: Waiting For the Dome to Open at Beginning of Night
2018-02-18T06:10:36 [main.py:525 - <module>()] INFO: Waiting For the Dome to Open at Beginning of Night
2018-02-18T06:11:36 [main.py:525 - <module>()] INFO: Waiting For the Dome to Open at Beginning of Night
2018-02-18T06:12:37 [main.py:525 - <module>()] INFO: Waiting For the Dome to Open at Beginning of Night
2018-02-18T06:13:38 [main.py:525 - <module>()] INFO: Waiting For the Dome to Open at Beginning of Night
2018-02-18T06:14:38 [main.py:525 - <module>()] INFO: Waiting For the Dome to Open at Beginning of Night
2018-02-18T06:15:39 [main.py:525 - <module>()] INFO: Waiting For the Dome to Open at Beginning of Night
2018-02-18T06:16:39 [main.py:525 - <module>()] INFO: Waiting For the Dome to Open at Beginning of Night
2018-02-18T06:17:40 [main.py:525 - <module>()] INFO: Waiting For the Dome to Open at Beginning of Night
2018-02-18T06:18:41 [main.py:525 - <module>()] INFO: Waiting For the Dome to Open at Beginning of Night
2018-02-18T06:19:41 [main.py:525 - <module>()] INFO: Waiting For the Dome to Open at Beginning of Night
2018-02-18T06:20:42 [main.py:525 - <module>()] INFO: Waiting For the Dome to Open at Beginning of Night
2018-02-18T06:21:42 [main.py:525 - <module>()] INFO: Waiting For the Dome to Open at Beginning of Night
2018-02-18T06:22:43 [main.py:525 - <module>()] INFO: Waiting For the Dome to Open at Beginning of Night
2018-02-18T06:23:43 [main.py:525 - <module>()] INFO: Waiting For the Dome to Open at Beginning of Night
2018-02-18T06:24:44 [main.py:525 - <module>()] INFO: Waiting For the Dome to Open at Beginning of Night
2018-02-18T06:25:44 [main.py:525 - <module>()] INFO: Waiting For the Dome to Open at Beginning of Night
2018-02-18T06:26:45 [main.py:525 - <module>()] INFO: Waiting For the Dome to Open at Beginning of Night
2018-02-18T06:27:45 [main.py:525 - <module>()] INFO: Waiting For the Dome to Open at Beginning of Night
2018-02-18T06:28:46 [main.py:525 - <module>()] INFO: Waiting For the Dome to Open at Beginning of Night
2018-02-18T06:29:47 [main.py:525 - <module>()] INFO: Waiting For the Dome to Open at Beginning of Night
2018-02-18T06:30:47 [main.py:525 - <module>()] INFO: Waiting For the Dome to Open at Beginning of Night
2018-02-18T06:31:48 [main.py:525 - <module>()] INFO: Waiting For the Dome to Open at Beginning of Night
2018-02-18T06:32:48 [main.py:525 - <module>()] INFO: Waiting For the Dome to Open at Beginning of Night
2018-02-18T06:33:49 [main.py:525 - <module>()] INFO: Waiting For the Dome to Open at Beginning of Night
2018-02-18T06:34:50 [main.py:525 - <module>()] INFO: Waiting For the Dome to Open at Beginning of Night
2018-02-18T06:35:50 [main.py:525 - <module>()] INFO: Waiting For the Dome to Open at Beginning of Night
2018-02-18T06:36:51 [main.py:525 - <module>()] INFO: Waiting For the Dome to Open at Beginning of Night
2018-02-18T06:37:51 [main.py:525 - <module>()] INFO: Waiting For the Dome to Open at Beginning of Night
2018-02-18T06:38:52 [main.py:525 - <module>()] INFO: Waiting For the Dome to Open at Beginning of Night
2018-02-18T06:39:52 [main.py:525 - <module>()] INFO: Waiting For the Dome to Open at Beginning of Night
2018-02-18T06:40:53 [main.py:525 - <module>()] INFO: Waiting For the Dome to Open at Beginning of Night
2018-02-18T06:41:53 [main.py:525 - <module>()] INFO: Waiting For the Dome to Open at Beginning of Night
2018-02-18T06:42:53 [main.py:525 - <module>()] INFO: Waiting For the Dome to Open at Beginning of Night
2018-02-18T06:43:54 [main.py:525 - <module>()] INFO: Waiting For the Dome to Open at Beginning of Night
2018-02-18T06:44:55 [main.py:525 - <module>()] INFO: Waiting For the Dome to Open at Beginning of Night
2018-02-18T06:45:55 [main.py:525 - <module>()] INFO: Waiting For the Dome to Open at Beginning of Night
2018-02-18T06:46:56 [main.py:525 - <module>()] INFO: Waiting For the Dome to Open at Beginning of Night
2018-02-18T06:47:56 [main.py:525 - <module>()] INFO: Waiting For the Dome to Open at Beginning of Night
2018-02-18T06:48:57 [main.py:525 - <module>()] INFO: Waiting For the Dome to Open at Beginning of Night
2018-02-18T06:49:57 [main.py:525 - <module>()] INFO: Waiting For the Dome to Open at Beginning of Night
2018-02-18T06:50:58 [main.py:525 - <module>()] INFO: Waiting For the Dome to Open at Beginning of Night
2018-02-18T06:51:58 [main.py:525 - <module>()] INFO: Waiting For the Dome to Open at Beginning of Night
2018-02-18T06:52:59 [main.py:525 - <module>()] INFO: Waiting For the Dome to Open at Beginning of Night
2018-02-18T06:53:59 [main.py:525 - <module>()] INFO: Waiting For the Dome to Open at Beginning of Night
2018-02-18T06:55:00 [main.py:525 - <module>()] INFO: Waiting For the Dome to Open at Beginning of Night
2018-02-18T06:56:01 [main.py:525 - <module>()] INFO: Waiting For the Dome to Open at Beginning of Night
2018-02-18T06:57:01 [main.py:525 - <module>()] INFO: Waiting For the Dome to Open at Beginning of Night
2018-02-18T06:58:02 [main.py:525 - <module>()] INFO: Waiting For the Dome to Open at Beginning of Night
2018-02-18T06:59:02 [main.py:525 - <module>()] INFO: Waiting For the Dome to Open at Beginning of Night
2018-02-18T07:00:02 [main.py:525 - <module>()] INFO: Waiting For the Dome to Open at Beginning of Night
2018-02-18T07:01:03 [main.py:525 - <module>()] INFO: Waiting For the Dome to Open at Beginning of Night
2018-02-18T07:02:03 [main.py:525 - <module>()] INFO: Waiting For the Dome to Open at Beginning of Night
2018-02-18T07:03:04 [main.py:525 - <module>()] INFO: Waiting For the Dome to Open at Beginning of Night
2018-02-18T07:04:04 [main.py:525 - <module>()] INFO: Waiting For the Dome to Open at Beginning of Night
2018-02-18T07:05:05 [main.py:525 - <module>()] INFO: Waiting For the Dome to Open at Beginning of Night
2018-02-18T07:06:05 [main.py:525 - <module>()] INFO: Waiting For the Dome to Open at Beginning of Night
2018-02-18T07:07:06 [main.py:525 - <module>()] INFO: Waiting For the Dome to Open at Beginning of Night
2018-02-18T07:08:06 [main.py:525 - <module>()] INFO: Waiting For the Dome to Open at Beginning of Night
2018-02-18T07:09:07 [main.py:525 - <module>()] INFO: Waiting For the Dome to Open at Beginning of Night
2018-02-18T07:10:07 [main.py:525 - <module>()] INFO: Waiting For the Dome to Open at Beginning of Night
2018-02-18T07:11:08 [main.py:525 - <module>()] INFO: Waiting For the Dome to Open at Beginning of Night
2018-02-18T07:12:08 [main.py:525 - <module>()] INFO: Waiting For the Dome to Open at Beginning of Night
2018-02-18T07:13:09 [main.py:525 - <module>()] INFO: Waiting For the Dome to Open at Beginning of Night
2018-02-18T07:14:09 [main.py:525 - <module>()] INFO: Waiting For the Dome to Open at Beginning of Night
2018-02-18T07:15:10 [main.py:525 - <module>()] INFO: Waiting For the Dome to Open at Beginning of Night
2018-02-18T07:16:10 [main.py:525 - <module>()] INFO: Waiting For the Dome to Open at Beginning of Night
2018-02-18T07:17:11 [main.py:525 - <module>()] INFO: Waiting For the Dome to Open at Beginning of Night
2018-02-18T07:18:11 [main.py:525 - <module>()] INFO: Waiting For the Dome to Open at Beginning of Night
2018-02-18T07:19:12 [main.py:525 - <module>()] INFO: Waiting For the Dome to Open at Beginning of Night
2018-02-18T07:20:12 [main.py:525 - <module>()] INFO: Waiting For the Dome to Open at Beginning of Night
2018-02-18T07:21:13 [main.py:525 - <module>()] INFO: Waiting For the Dome to Open at Beginning of Night
2018-02-18T07:22:14 [main.py:525 - <module>()] INFO: Waiting For the Dome to Open at Beginning of Night
2018-02-18T07:23:14 [main.py:525 - <module>()] INFO: Waiting For the Dome to Open at Beginning of Night
2018-02-18T07:24:15 [main.py:525 - <module>()] INFO: Waiting For the Dome to Open at Beginning of Night
2018-02-18T07:25:15 [main.py:525 - <module>()] INFO: Waiting For the Dome to Open at Beginning of Night
2018-02-18T07:26:16 [main.py:525 - <module>()] INFO: Waiting For the Dome to Open at Beginning of Night
2018-02-18T07:27:16 [main.py:525 - <module>()] INFO: Waiting For the Dome to Open at Beginning of Night
2018-02-18T07:28:17 [main.py:525 - <module>()] INFO: Waiting For the Dome to Open at Beginning of Night
2018-02-18T07:29:18 [main.py:525 - <module>()] INFO: Waiting For the Dome to Open at Beginning of Night
2018-02-18T07:30:18 [main.py:525 - <module>()] INFO: Waiting For the Dome to Open at Beginning of Night
2018-02-18T07:31:19 [main.py:525 - <module>()] INFO: Waiting For the Dome to Open at Beginning of Night
2018-02-18T07:32:19 [main.py:525 - <module>()] INFO: Waiting For the Dome to Open at Beginning of Night
2018-02-18T07:33:20 [main.py:525 - <module>()] INFO: Waiting For the Dome to Open at Beginning of Night
2018-02-18T07:34:20 [main.py:525 - <module>()] INFO: Waiting For the Dome to Open at Beginning of Night
2018-02-18T07:35:21 [main.py:525 - <module>()] INFO: Waiting For the Dome to Open at Beginning of Night
2018-02-18T07:36:21 [main.py:525 - <module>()] INFO: Waiting For the Dome to Open at Beginning of Night
2018-02-18T07:37:22 [main.py:525 - <module>()] INFO: Waiting For the Dome to Open at Beginning of Night
2018-02-18T07:38:22 [main.py:525 - <module>()] INFO: Waiting For the Dome to Open at Beginning of Night
2018-02-18T07:39:23 [main.py:525 - <module>()] INFO: Waiting For the Dome to Open at Beginning of Night
2018-02-18T07:40:23 [main.py:525 - <module>()] INFO: Waiting For the Dome to Open at Beginning of Night
2018-02-18T07:41:24 [main.py:525 - <module>()] INFO: Waiting For the Dome to Open at Beginning of Night
2018-02-18T07:42:24 [main.py:525 - <module>()] INFO: Waiting For the Dome to Open at Beginning of Night
2018-02-18T07:43:25 [main.py:525 - <module>()] INFO: Waiting For the Dome to Open at Beginning of Night
2018-02-18T07:44:25 [main.py:525 - <module>()] INFO: Waiting For the Dome to Open at Beginning of Night
2018-02-18T07:45:26 [main.py:525 - <module>()] INFO: Waiting For the Dome to Open at Beginning of Night
2018-02-18T07:46:26 [main.py:525 - <module>()] INFO: Waiting For the Dome to Open at Beginning of Night
2018-02-18T07:47:27 [main.py:525 - <module>()] INFO: Waiting For the Dome to Open at Beginning of Night
2018-02-18T07:48:27 [main.py:525 - <module>()] INFO: Waiting For the Dome to Open at Beginning of Night
2018-02-18T07:49:28 [main.py:525 - <module>()] INFO: Waiting For the Dome to Open at Beginning of Night
2018-02-18T07:50:28 [main.py:525 - <module>()] INFO: Waiting For the Dome to Open at Beginning of Night
2018-02-18T07:51:29 [main.py:525 - <module>()] INFO: Waiting For the Dome to Open at Beginning of Night
2018-02-18T07:52:29 [main.py:525 - <module>()] INFO: Waiting For the Dome to Open at Beginning of Night
2018-02-18T07:53:30 [main.py:525 - <module>()] INFO: Waiting For the Dome to Open at Beginning of Night
2018-02-18T07:54:30 [main.py:525 - <module>()] INFO: Waiting For the Dome to Open at Beginning of Night
2018-02-18T07:55:31 [main.py:525 - <module>()] INFO: Waiting For the Dome to Open at Beginning of Night
2018-02-18T07:56:31 [main.py:525 - <module>()] INFO: Waiting For the Dome to Open at Beginning of Night
2018-02-18T07:57:32 [main.py:525 - <module>()] INFO: Waiting For the Dome to Open at Beginning of Night
2018-02-18T07:58:32 [main.py:525 - <module>()] INFO: Waiting For the Dome to Open at Beginning of Night
2018-02-18T07:59:33 [main.py:525 - <module>()] INFO: Waiting For the Dome to Open at Beginning of Night
2018-02-18T08:00:33 [main.py:525 - <module>()] INFO: Waiting For the Dome to Open at Beginning of Night
2018-02-18T08:01:34 [main.py:525 - <module>()] INFO: Waiting For the Dome to Open at Beginning of Night
2018-02-18T08:02:34 [main.py:525 - <module>()] INFO: Waiting For the Dome to Open at Beginning of Night
2018-02-18T08:03:35 [main.py:525 - <module>()] INFO: Waiting For the Dome to Open at Beginning of Night
2018-02-18T08:04:35 [main.py:525 - <module>()] INFO: Waiting For the Dome to Open at Beginning of Night
2018-02-18T08:05:36 [main.py:525 - <module>()] INFO: Waiting For the Dome to Open at Beginning of Night
2018-02-18T08:06:36 [main.py:525 - <module>()] INFO: Waiting For the Dome to Open at Beginning of Night
2018-02-18T08:07:37 [main.py:525 - <module>()] INFO: Waiting For the Dome to Open at Beginning of Night
2018-02-18T08:08:37 [main.py:525 - <module>()] INFO: Waiting For the Dome to Open at Beginning of Night
2018-02-18T08:09:38 [main.py:525 - <module>()] INFO: Waiting For the Dome to Open at Beginning of Night
2018-02-18T08:10:38 [main.py:525 - <module>()] INFO: Waiting For the Dome to Open at Beginning of Night
2018-02-18T08:11:39 [main.py:525 - <module>()] INFO: Waiting For the Dome to Open at Beginning of Night
2018-02-18T08:12:39 [main.py:525 - <module>()] INFO: Waiting For the Dome to Open at Beginning of Night
2018-02-18T08:13:40 [main.py:525 - <module>()] INFO: Waiting For the Dome to Open at Beginning of Night
2018-02-18T08:14:40 [main.py:525 - <module>()] INFO: Waiting For the Dome to Open at Beginning of Night
2018-02-18T08:15:41 [main.py:525 - <module>()] INFO: Waiting For the Dome to Open at Beginning of Night
2018-02-18T08:16:41 [main.py:525 - <module>()] INFO: Waiting For the Dome to Open at Beginning of Night
2018-02-18T08:17:42 [main.py:525 - <module>()] INFO: Waiting For the Dome to Open at Beginning of Night
2018-02-18T08:18:43 [main.py:525 - <module>()] INFO: Waiting For the Dome to Open at Beginning of Night
2018-02-18T08:19:43 [main.py:525 - <module>()] INFO: Waiting For the Dome to Open at Beginning of Night
2018-02-18T08:20:44 [main.py:525 - <module>()] INFO: Waiting For the Dome to Open at Beginning of Night
2018-02-18T08:21:44 [main.py:525 - <module>()] INFO: Waiting For the Dome to Open at Beginning of Night
2018-02-18T08:22:45 [main.py:525 - <module>()] INFO: Waiting For the Dome to Open at Beginning of Night
2018-02-18T08:23:45 [main.py:525 - <module>()] INFO: Waiting For the Dome to Open at Beginning of Night
2018-02-18T08:24:46 [main.py:525 - <module>()] INFO: Waiting For the Dome to Open at Beginning of Night
2018-02-18T08:25:46 [main.py:525 - <module>()] INFO: Waiting For the Dome to Open at Beginning of Night
2018-02-18T08:26:47 [main.py:525 - <module>()] INFO: Waiting For the Dome to Open at Beginning of Night
2018-02-18T08:27:48 [main.py:525 - <module>()] INFO: Waiting For the Dome to Open at Beginning of Night
2018-02-18T08:28:48 [main.py:525 - <module>()] INFO: Waiting For the Dome to Open at Beginning of Night
2018-02-18T08:29:49 [main.py:525 - <module>()] INFO: Waiting For the Dome to Open at Beginning of Night
2018-02-18T08:30:49 [main.py:525 - <module>()] INFO: Waiting For the Dome to Open at Beginning of Night
2018-02-18T08:31:50 [main.py:525 - <module>()] INFO: Waiting For the Dome to Open at Beginning of Night
2018-02-18T08:32:50 [main.py:525 - <module>()] INFO: Waiting For the Dome to Open at Beginning of Night
2018-02-18T08:33:51 [main.py:525 - <module>()] INFO: Waiting For the Dome to Open at Beginning of Night
2018-02-18T08:34:51 [main.py:525 - <module>()] INFO: Waiting For the Dome to Open at Beginning of Night
2018-02-18T08:35:52 [main.py:525 - <module>()] INFO: Waiting For the Dome to Open at Beginning of Night
2018-02-18T08:36:52 [main.py:525 - <module>()] INFO: Waiting For the Dome to Open at Beginning of Night
2018-02-18T08:37:53 [main.py:525 - <module>()] INFO: Waiting For the Dome to Open at Beginning of Night
2018-02-18T08:38:53 [main.py:525 - <module>()] INFO: Waiting For the Dome to Open at Beginning of Night
2018-02-18T08:39:54 [main.py:525 - <module>()] INFO: Waiting For the Dome to Open at Beginning of Night
2018-02-18T08:40:54 [main.py:525 - <module>()] INFO: Waiting For the Dome to Open at Beginning of Night
2018-02-18T08:41:55 [main.py:525 - <module>()] INFO: Waiting For the Dome to Open at Beginning of Night
2018-02-18T08:42:55 [main.py:525 - <module>()] INFO: Waiting For the Dome to Open at Beginning of Night
2018-02-18T08:43:56 [main.py:525 - <module>()] INFO: Waiting For the Dome to Open at Beginning of Night
2018-02-18T08:44:56 [main.py:525 - <module>()] INFO: Waiting For the Dome to Open at Beginning of Night
2018-02-18T08:45:57 [main.py:525 - <module>()] INFO: Waiting For the Dome to Open at Beginning of Night
2018-02-18T08:46:58 [main.py:525 - <module>()] INFO: Waiting For the Dome to Open at Beginning of Night
2018-02-18T08:47:58 [main.py:525 - <module>()] INFO: Waiting For the Dome to Open at Beginning of Night
2018-02-18T08:48:59 [main.py:525 - <module>()] INFO: Waiting For the Dome to Open at Beginning of Night
2018-02-18T08:49:59 [main.py:525 - <module>()] INFO: Waiting For the Dome to Open at Beginning of Night
2018-02-18T08:51:00 [main.py:525 - <module>()] INFO: Waiting For the Dome to Open at Beginning of Night
2018-02-18T08:52:00 [main.py:525 - <module>()] INFO: Waiting For the Dome to Open at Beginning of Night
2018-02-18T08:53:01 [main.py:525 - <module>()] INFO: Waiting For the Dome to Open at Beginning of Night
2018-02-18T08:54:02 [main.py:525 - <module>()] INFO: Waiting For the Dome to Open at Beginning of Night
2018-02-18T08:55:02 [main.py:525 - <module>()] INFO: Waiting For the Dome to Open at Beginning of Night
2018-02-18T08:56:02 [main.py:525 - <module>()] INFO: Waiting For the Dome to Open at Beginning of Night
2018-02-18T08:57:03 [main.py:525 - <module>()] INFO: Waiting For the Dome to Open at Beginning of Night
2018-02-18T08:58:03 [main.py:525 - <module>()] INFO: Waiting For the Dome to Open at Beginning of Night
2018-02-18T08:59:04 [main.py:525 - <module>()] INFO: Waiting For the Dome to Open at Beginning of Night
2018-02-18T09:00:04 [main.py:525 - <module>()] INFO: Waiting For the Dome to Open at Beginning of Night
2018-02-18T09:01:05 [main.py:525 - <module>()] INFO: Waiting For the Dome to Open at Beginning of Night
2018-02-18T09:02:05 [main.py:525 - <module>()] INFO: Waiting For the Dome to Open at Beginning of Night
2018-02-18T09:03:06 [main.py:525 - <module>()] INFO: Waiting For the Dome to Open at Beginning of Night
2018-02-18T09:04:06 [main.py:525 - <module>()] INFO: Waiting For the Dome to Open at Beginning of Night
2018-02-18T09:05:07 [main.py:525 - <module>()] INFO: Waiting For the Dome to Open at Beginning of Night
2018-02-18T09:06:07 [main.py:525 - <module>()] INFO: Waiting For the Dome to Open at Beginning of Night
2018-02-18T09:07:07 [main.py:525 - <module>()] INFO: Waiting For the Dome to Open at Beginning of Night
2018-02-18T09:08:08 [main.py:525 - <module>()] INFO: Waiting For the Dome to Open at Beginning of Night
2018-02-18T09:09:08 [main.py:525 - <module>()] INFO: Waiting For the Dome to Open at Beginning of Night
2018-02-18T09:10:09 [main.py:525 - <module>()] INFO: Waiting For the Dome to Open at Beginning of Night
2018-02-18T09:11:10 [main.py:525 - <module>()] INFO: Waiting For the Dome to Open at Beginning of Night
2018-02-18T09:12:10 [main.py:525 - <module>()] INFO: Waiting For the Dome to Open at Beginning of Night
2018-02-18T09:13:11 [main.py:525 - <module>()] INFO: Waiting For the Dome to Open at Beginning of Night
2018-02-18T09:14:11 [main.py:525 - <module>()] INFO: Waiting For the Dome to Open at Beginning of Night
2018-02-18T09:15:12 [main.py:525 - <module>()] INFO: Waiting For the Dome to Open at Beginning of Night
2018-02-18T09:16:13 [main.py:525 - <module>()] INFO: Waiting For the Dome to Open at Beginning of Night
2018-02-18T09:17:13 [main.py:525 - <module>()] INFO: Waiting For the Dome to Open at Beginning of Night
2018-02-18T09:18:13 [main.py:525 - <module>()] INFO: Waiting For the Dome to Open at Beginning of Night
2018-02-18T09:19:14 [main.py:525 - <module>()] INFO: Waiting For the Dome to Open at Beginning of Night
2018-02-18T09:20:14 [main.py:525 - <module>()] INFO: Waiting For the Dome to Open at Beginning of Night
2018-02-18T09:21:15 [main.py:525 - <module>()] INFO: Waiting For the Dome to Open at Beginning of Night
2018-02-18T09:22:15 [main.py:525 - <module>()] INFO: Waiting For the Dome to Open at Beginning of Night
2018-02-18T09:23:16 [main.py:525 - <module>()] INFO: Waiting For the Dome to Open at Beginning of Night
2018-02-18T09:24:16 [main.py:525 - <module>()] INFO: Waiting For the Dome to Open at Beginning of Night
2018-02-18T09:25:17 [main.py:525 - <module>()] INFO: Waiting For the Dome to Open at Beginning of Night
2018-02-18T09:26:18 [main.py:525 - <module>()] INFO: Waiting For the Dome to Open at Beginning of Night
2018-02-18T09:27:18 [main.py:525 - <module>()] INFO: Waiting For the Dome to Open at Beginning of Night
2018-02-18T09:28:18 [main.py:525 - <module>()] INFO: Waiting For the Dome to Open at Beginning of Night
2018-02-18T09:29:19 [main.py:525 - <module>()] INFO: Waiting For the Dome to Open at Beginning of Night
2018-02-18T09:30:20 [main.py:525 - <module>()] INFO: Waiting For the Dome to Open at Beginning of Night
2018-02-18T09:31:20 [main.py:525 - <module>()] INFO: Waiting For the Dome to Open at Beginning of Night
2018-02-18T09:32:21 [main.py:525 - <module>()] INFO: Waiting For the Dome to Open at Beginning of Night
2018-02-18T09:33:21 [main.py:525 - <module>()] INFO: Waiting For the Dome to Open at Beginning of Night
2018-02-18T09:34:22 [main.py:525 - <module>()] INFO: Waiting For the Dome to Open at Beginning of Night
2018-02-18T09:35:23 [main.py:525 - <module>()] INFO: Waiting For the Dome to Open at Beginning of Night
2018-02-18T09:36:23 [main.py:525 - <module>()] INFO: Waiting For the Dome to Open at Beginning of Night
2018-02-18T09:37:23 [main.py:525 - <module>()] INFO: Waiting For the Dome to Open at Beginning of Night
2018-02-18T09:38:24 [main.py:525 - <module>()] INFO: Waiting For the Dome to Open at Beginning of Night
2018-02-18T09:39:24 [main.py:525 - <module>()] INFO: Waiting For the Dome to Open at Beginning of Night
2018-02-18T09:40:25 [main.py:525 - <module>()] INFO: Waiting For the Dome to Open at Beginning of Night
2018-02-18T09:41:25 [main.py:525 - <module>()] INFO: Waiting For the Dome to Open at Beginning of Night
2018-02-18T09:42:26 [main.py:525 - <module>()] INFO: Waiting For the Dome to Open at Beginning of Night
2018-02-18T09:43:26 [main.py:525 - <module>()] INFO: Waiting For the Dome to Open at Beginning of Night
2018-02-18T09:44:27 [main.py:525 - <module>()] INFO: Waiting For the Dome to Open at Beginning of Night
2018-02-18T09:45:27 [main.py:525 - <module>()] INFO: Waiting For the Dome to Open at Beginning of Night
2018-02-18T09:46:28 [main.py:525 - <module>()] INFO: Waiting For the Dome to Open at Beginning of Night
2018-02-18T09:47:28 [main.py:525 - <module>()] INFO: Waiting For the Dome to Open at Beginning of Night
2018-02-18T09:48:29 [main.py:525 - <module>()] INFO: Waiting For the Dome to Open at Beginning of Night
2018-02-18T09:49:29 [main.py:525 - <module>()] INFO: Waiting For the Dome to Open at Beginning of Night
2018-02-18T09:50:30 [main.py:525 - <module>()] INFO: Waiting For the Dome to Open at Beginning of Night
2018-02-18T09:51:30 [main.py:525 - <module>()] INFO: Waiting For the Dome to Open at Beginning of Night
2018-02-18T09:52:31 [main.py:525 - <module>()] INFO: Waiting For the Dome to Open at Beginning of Night
2018-02-18T09:53:31 [main.py:525 - <module>()] INFO: Waiting For the Dome to Open at Beginning of Night
2018-02-18T09:54:32 [main.py:525 - <module>()] INFO: Waiting For the Dome to Open at Beginning of Night
2018-02-18T09:55:32 [main.py:525 - <module>()] INFO: Waiting For the Dome to Open at Beginning of Night
2018-02-18T09:56:33 [main.py:525 - <module>()] INFO: Waiting For the Dome to Open at Beginning of Night
2018-02-18T09:57:33 [main.py:525 - <module>()] INFO: Waiting For the Dome to Open at Beginning of Night
2018-02-18T09:58:34 [main.py:525 - <module>()] INFO: Waiting For the Dome to Open at Beginning of Night
2018-02-18T09:59:34 [main.py:525 - <module>()] INFO: Waiting For the Dome to Open at Beginning of Night
2018-02-18T10:00:35 [main.py:525 - <module>()] INFO: Waiting For the Dome to Open at Beginning of Night
2018-02-18T10:01:35 [main.py:525 - <module>()] INFO: Waiting For the Dome to Open at Beginning of Night
2018-02-18T10:02:35 [main.py:525 - <module>()] INFO: Waiting For the Dome to Open at Beginning of Night
2018-02-18T10:03:36 [main.py:525 - <module>()] INFO: Waiting For the Dome to Open at Beginning of Night
2018-02-18T10:04:36 [main.py:525 - <module>()] INFO: Waiting For the Dome to Open at Beginning of Night
2018-02-18T10:05:37 [main.py:525 - <module>()] INFO: Waiting For the Dome to Open at Beginning of Night
2018-02-18T10:06:37 [main.py:525 - <module>()] INFO: Waiting For the Dome to Open at Beginning of Night
2018-02-18T10:07:38 [main.py:525 - <module>()] INFO: Waiting For the Dome to Open at Beginning of Night
2018-02-18T10:08:38 [main.py:525 - <module>()] INFO: Waiting For the Dome to Open at Beginning of Night
2018-02-18T10:09:39 [main.py:525 - <module>()] INFO: Waiting For the Dome to Open at Beginning of Night
2018-02-18T10:10:39 [main.py:525 - <module>()] INFO: Waiting For the Dome to Open at Beginning of Night
2018-02-18T10:11:40 [main.py:525 - <module>()] INFO: Waiting For the Dome to Open at Beginning of Night
2018-02-18T10:12:41 [main.py:525 - <module>()] INFO: Waiting For the Dome to Open at Beginning of Night
2018-02-18T10:13:41 [main.py:525 - <module>()] INFO: Waiting For the Dome to Open at Beginning of Night
2018-02-18T10:14:42 [main.py:525 - <module>()] INFO: Waiting For the Dome to Open at Beginning of Night
2018-02-18T10:15:42 [main.py:525 - <module>()] INFO: Waiting For the Dome to Open at Beginning of Night
2018-02-18T10:16:43 [main.py:525 - <module>()] INFO: Waiting For the Dome to Open at Beginning of Night
2018-02-18T10:17:44 [main.py:525 - <module>()] INFO: Waiting For the Dome to Open at Beginning of Night
2018-02-18T10:18:44 [main.py:525 - <module>()] INFO: Waiting For the Dome to Open at Beginning of Night
2018-02-18T10:19:45 [main.py:525 - <module>()] INFO: Waiting For the Dome to Open at Beginning of Night
2018-02-18T10:20:45 [main.py:525 - <module>()] INFO: Waiting For the Dome to Open at Beginning of Night
2018-02-18T10:21:46 [main.py:525 - <module>()] INFO: Waiting For the Dome to Open at Beginning of Night
2018-02-18T10:22:46 [main.py:525 - <module>()] INFO: Waiting For the Dome to Open at Beginning of Night
2018-02-18T10:23:47 [main.py:525 - <module>()] INFO: Waiting For the Dome to Open at Beginning of Night
2018-02-18T10:24:47 [main.py:525 - <module>()] INFO: Waiting For the Dome to Open at Beginning of Night
2018-02-18T10:25:48 [main.py:525 - <module>()] INFO: Waiting For the Dome to Open at Beginning of Night
2018-02-18T10:26:48 [main.py:525 - <module>()] INFO: Waiting For the Dome to Open at Beginning of Night
2018-02-18T10:27:49 [main.py:525 - <module>()] INFO: Waiting For the Dome to Open at Beginning of Night
2018-02-18T10:28:49 [main.py:525 - <module>()] INFO: Waiting For the Dome to Open at Beginning of Night
2018-02-18T10:29:50 [main.py:525 - <module>()] INFO: Waiting For the Dome to Open at Beginning of Night
2018-02-18T10:30:50 [main.py:525 - <module>()] INFO: Waiting For the Dome to Open at Beginning of Night
2018-02-18T10:31:51 [main.py:525 - <module>()] INFO: Waiting For the Dome to Open at Beginning of Night
2018-02-18T10:32:51 [main.py:525 - <module>()] INFO: Waiting For the Dome to Open at Beginning of Night
2018-02-18T10:33:52 [main.py:525 - <module>()] INFO: Waiting For the Dome to Open at Beginning of Night
2018-02-18T10:34:52 [main.py:525 - <module>()] INFO: Waiting For the Dome to Open at Beginning of Night
2018-02-18T10:35:52 [main.py:525 - <module>()] INFO: Waiting For the Dome to Open at Beginning of Night
2018-02-18T10:36:53 [main.py:525 - <module>()] INFO: Waiting For the Dome to Open at Beginning of Night
2018-02-18T10:37:53 [main.py:525 - <module>()] INFO: Waiting For the Dome to Open at Beginning of Night
2018-02-18T10:38:54 [main.py:525 - <module>()] INFO: Waiting For the Dome to Open at Beginning of Night
2018-02-18T10:39:54 [main.py:525 - <module>()] INFO: Waiting For the Dome to Open at Beginning of Night
2018-02-18T10:40:55 [main.py:525 - <module>()] INFO: Waiting For the Dome to Open at Beginning of Night
2018-02-18T10:41:56 [main.py:525 - <module>()] INFO: Waiting For the Dome to Open at Beginning of Night
2018-02-18T10:42:56 [main.py:525 - <module>()] INFO: Waiting For the Dome to Open at Beginning of Night
2018-02-18T10:43:56 [main.py:525 - <module>()] INFO: Waiting For the Dome to Open at Beginning of Night
2018-02-18T10:44:57 [main.py:525 - <module>()] INFO: Waiting For the Dome to Open at Beginning of Night
2018-02-18T10:45:58 [main.py:525 - <module>()] INFO: Waiting For the Dome to Open at Beginning of Night
2018-02-18T10:46:58 [main.py:525 - <module>()] INFO: Waiting For the Dome to Open at Beginning of Night
2018-02-18T10:47:59 [main.py:525 - <module>()] INFO: Waiting For the Dome to Open at Beginning of Night
2018-02-18T10:48:59 [main.py:525 - <module>()] INFO: Waiting For the Dome to Open at Beginning of Night
2018-02-18T10:50:00 [main.py:525 - <module>()] INFO: Waiting For the Dome to Open at Beginning of Night
2018-02-18T10:51:00 [main.py:525 - <module>()] INFO: Waiting For the Dome to Open at Beginning of Night
2018-02-18T10:52:01 [main.py:525 - <module>()] INFO: Waiting For the Dome to Open at Beginning of Night
2018-02-18T10:53:01 [main.py:525 - <module>()] INFO: Waiting For the Dome to Open at Beginning of Night
2018-02-18T10:54:02 [main.py:525 - <module>()] INFO: Waiting For the Dome to Open at Beginning of Night
2018-02-18T10:55:02 [main.py:525 - <module>()] INFO: Waiting For the Dome to Open at Beginning of Night
2018-02-18T10:56:03 [main.py:525 - <module>()] INFO: Waiting For the Dome to Open at Beginning of Night
2018-02-18T10:57:03 [main.py:525 - <module>()] INFO: Waiting For the Dome to Open at Beginning of Night
2018-02-18T10:58:04 [main.py:525 - <module>()] INFO: Waiting For the Dome to Open at Beginning of Night
2018-02-18T10:59:04 [main.py:525 - <module>()] INFO: Waiting For the Dome to Open at Beginning of Night
2018-02-18T11:00:05 [main.py:525 - <module>()] INFO: Waiting For the Dome to Open at Beginning of Night
2018-02-18T11:01:05 [main.py:525 - <module>()] INFO: Waiting For the Dome to Open at Beginning of Night
2018-02-18T11:02:06 [main.py:525 - <module>()] INFO: Waiting For the Dome to Open at Beginning of Night
2018-02-18T11:03:06 [main.py:525 - <module>()] INFO: Waiting For the Dome to Open at Beginning of Night
2018-02-18T11:04:07 [main.py:525 - <module>()] INFO: Waiting For the Dome to Open at Beginning of Night
2018-02-18T11:05:08 [main.py:525 - <module>()] INFO: Waiting For the Dome to Open at Beginning of Night
2018-02-18T11:06:08 [main.py:525 - <module>()] INFO: Waiting For the Dome to Open at Beginning of Night
2018-02-18T11:07:09 [main.py:525 - <module>()] INFO: Waiting For the Dome to Open at Beginning of Night
2018-02-18T11:08:09 [main.py:525 - <module>()] INFO: Waiting For the Dome to Open at Beginning of Night
2018-02-18T11:09:10 [main.py:525 - <module>()] INFO: Waiting For the Dome to Open at Beginning of Night
2018-02-18T11:10:11 [main.py:525 - <module>()] INFO: Waiting For the Dome to Open at Beginning of Night
2018-02-18T11:11:11 [main.py:525 - <module>()] INFO: Waiting For the Dome to Open at Beginning of Night
2018-02-18T11:12:12 [main.py:525 - <module>()] INFO: Waiting For the Dome to Open at Beginning of Night
2018-02-18T11:13:13 [main.py:525 - <module>()] INFO: Waiting For the Dome to Open at Beginning of Night
2018-02-18T11:14:13 [main.py:525 - <module>()] INFO: Waiting For the Dome to Open at Beginning of Night
2018-02-18T11:15:14 [main.py:525 - <module>()] INFO: Waiting For the Dome to Open at Beginning of Night
2018-02-18T11:16:14 [main.py:525 - <module>()] INFO: Waiting For the Dome to Open at Beginning of Night
2018-02-18T11:17:15 [main.py:525 - <module>()] INFO: Waiting For the Dome to Open at Beginning of Night
2018-02-18T11:18:15 [main.py:525 - <module>()] INFO: Waiting For the Dome to Open at Beginning of Night
2018-02-18T11:19:16 [main.py:525 - <module>()] INFO: Waiting For the Dome to Open at Beginning of Night
2018-02-18T11:20:16 [main.py:525 - <module>()] INFO: Waiting For the Dome to Open at Beginning of Night
2018-02-18T11:21:17 [main.py:525 - <module>()] INFO: Waiting For the Dome to Open at Beginning of Night
2018-02-18T11:22:17 [main.py:525 - <module>()] INFO: Waiting For the Dome to Open at Beginning of Night
2018-02-18T11:23:18 [main.py:525 - <module>()] INFO: Waiting For the Dome to Open at Beginning of Night
2018-02-18T11:24:18 [main.py:525 - <module>()] INFO: Waiting For the Dome to Open at Beginning of Night
2018-02-18T11:25:19 [main.py:525 - <module>()] INFO: Waiting For the Dome to Open at Beginning of Night
2018-02-18T11:26:19 [main.py:525 - <module>()] INFO: Waiting For the Dome to Open at Beginning of Night
2018-02-18T11:27:20 [main.py:525 - <module>()] INFO: Waiting For the Dome to Open at Beginning of Night
2018-02-18T11:28:20 [main.py:525 - <module>()] INFO: Waiting For the Dome to Open at Beginning of Night
2018-02-18T11:29:21 [main.py:525 - <module>()] INFO: Waiting For the Dome to Open at Beginning of Night
2018-02-18T11:30:21 [main.py:525 - <module>()] INFO: Waiting For the Dome to Open at Beginning of Night
2018-02-18T11:31:22 [main.py:525 - <module>()] INFO: Waiting For the Dome to Open at Beginning of Night
2018-02-18T11:32:23 [main.py:525 - <module>()] INFO: Waiting For the Dome to Open at Beginning of Night
2018-02-18T11:33:23 [main.py:525 - <module>()] INFO: Waiting For the Dome to Open at Beginning of Night
2018-02-18T11:34:23 [main.py:525 - <module>()] INFO: Waiting For the Dome to Open at Beginning of Night
2018-02-18T11:35:24 [main.py:525 - <module>()] INFO: Waiting For the Dome to Open at Beginning of Night
2018-02-18T11:36:25 [main.py:525 - <module>()] INFO: Waiting For the Dome to Open at Beginning of Night
2018-02-18T11:37:25 [main.py:525 - <module>()] INFO: Waiting For the Dome to Open at Beginning of Night
2018-02-18T11:38:26 [main.py:525 - <module>()] INFO: Waiting For the Dome to Open at Beginning of Night
2018-02-18T11:39:26 [main.py:525 - <module>()] INFO: Waiting For the Dome to Open at Beginning of Night
2018-02-18T11:40:27 [main.py:525 - <module>()] INFO: Waiting For the Dome to Open at Beginning of Night
2018-02-18T11:41:27 [main.py:525 - <module>()] INFO: Waiting For the Dome to Open at Beginning of Night
2018-02-18T11:42:28 [main.py:525 - <module>()] INFO: Waiting For the Dome to Open at Beginning of Night
2018-02-18T11:43:28 [main.py:525 - <module>()] INFO: Waiting For the Dome to Open at Beginning of Night
2018-02-18T11:44:29 [main.py:525 - <module>()] INFO: Waiting For the Dome to Open at Beginning of Night
2018-02-18T11:45:29 [main.py:525 - <module>()] INFO: Waiting For the Dome to Open at Beginning of Night
2018-02-18T11:46:30 [main.py:525 - <module>()] INFO: Waiting For the Dome to Open at Beginning of Night
2018-02-18T11:47:31 [main.py:525 - <module>()] INFO: Waiting For the Dome to Open at Beginning of Night
2018-02-18T11:48:31 [main.py:525 - <module>()] INFO: Waiting For the Dome to Open at Beginning of Night
2018-02-18T11:49:32 [main.py:525 - <module>()] INFO: Waiting For the Dome to Open at Beginning of Night
2018-02-18T11:50:32 [main.py:525 - <module>()] INFO: Waiting For the Dome to Open at Beginning of Night
2018-02-18T11:51:33 [main.py:525 - <module>()] INFO: Waiting For the Dome to Open at Beginning of Night
2018-02-18T11:52:34 [main.py:525 - <module>()] INFO: Waiting For the Dome to Open at Beginning of Night
2018-02-18T11:53:34 [main.py:525 - <module>()] INFO: Waiting For the Dome to Open at Beginning of Night
2018-02-18T11:54:35 [main.py:525 - <module>()] INFO: Waiting For the Dome to Open at Beginning of Night
2018-02-18T11:55:35 [main.py:525 - <module>()] INFO: Waiting For the Dome to Open at Beginning of Night
2018-02-18T11:56:36 [main.py:525 - <module>()] INFO: Waiting For the Dome to Open at Beginning of Night
2018-02-18T11:57:36 [main.py:525 - <module>()] INFO: Waiting For the Dome to Open at Beginning of Night
2018-02-18T11:58:37 [main.py:525 - <module>()] INFO: Waiting For the Dome to Open at Beginning of Night
2018-02-18T11:59:37 [main.py:525 - <module>()] INFO: Waiting For the Dome to Open at Beginning of Night
2018-02-18T12:00:38 [main.py:525 - <module>()] INFO: Waiting For the Dome to Open at Beginning of Night
2018-02-18T12:01:39 [main.py:525 - <module>()] INFO: Waiting For the Dome to Open at Beginning of Night
2018-02-18T12:02:39 [main.py:525 - <module>()] INFO: Waiting For the Dome to Open at Beginning of Night
2018-02-18T12:03:40 [main.py:525 - <module>()] INFO: Waiting For the Dome to Open at Beginning of Night
2018-02-18T12:04:40 [main.py:525 - <module>()] INFO: Waiting For the Dome to Open at Beginning of Night
2018-02-18T12:05:41 [main.py:525 - <module>()] INFO: Waiting For the Dome to Open at Beginning of Night
2018-02-18T12:06:41 [main.py:525 - <module>()] INFO: Waiting For the Dome to Open at Beginning of Night
2018-02-18T12:07:42 [main.py:525 - <module>()] INFO: Waiting For the Dome to Open at Beginning of Night
2018-02-18T12:08:42 [main.py:525 - <module>()] INFO: Waiting For the Dome to Open at Beginning of Night
2018-02-18T12:09:43 [main.py:525 - <module>()] INFO: Waiting For the Dome to Open at Beginning of Night
2018-02-18T12:10:44 [main.py:525 - <module>()] INFO: Waiting For the Dome to Open at Beginning of Night
2018-02-18T12:11:44 [main.py:525 - <module>()] INFO: Waiting For the Dome to Open at Beginning of Night
2018-02-18T12:12:45 [main.py:525 - <module>()] INFO: Waiting For the Dome to Open at Beginning of Night
2018-02-18T12:13:45 [main.py:525 - <module>()] INFO: Waiting For the Dome to Open at Beginning of Night
2018-02-18T12:14:46 [main.py:525 - <module>()] INFO: Waiting For the Dome to Open at Beginning of Night
2018-02-18T12:15:46 [main.py:525 - <module>()] INFO: Waiting For the Dome to Open at Beginning of Night
2018-02-18T12:16:47 [main.py:525 - <module>()] INFO: Waiting For the Dome to Open at Beginning of Night
2018-02-18T12:17:47 [main.py:525 - <module>()] INFO: Waiting For the Dome to Open at Beginning of Night
2018-02-18T12:18:48 [main.py:525 - <module>()] INFO: Waiting For the Dome to Open at Beginning of Night
2018-02-18T12:19:48 [main.py:525 - <module>()] INFO: Waiting For the Dome to Open at Beginning of Night
2018-02-18T12:20:49 [main.py:525 - <module>()] INFO: Waiting For the Dome to Open at Beginning of Night
2018-02-18T12:21:49 [main.py:525 - <module>()] INFO: Waiting For the Dome to Open at Beginning of Night
2018-02-18T12:22:50 [main.py:525 - <module>()] INFO: Waiting For the Dome to Open at Beginning of Night
2018-02-18T12:23:50 [main.py:525 - <module>()] INFO: Waiting For the Dome to Open at Beginning of Night
2018-02-18T12:24:51 [main.py:525 - <module>()] INFO: Waiting For the Dome to Open at Beginning of Night
2018-02-18T12:25:52 [main.py:525 - <module>()] INFO: Waiting For the Dome to Open at Beginning of Night
2018-02-18T12:26:52 [main.py:525 - <module>()] INFO: Waiting For the Dome to Open at Beginning of Night
2018-02-18T12:27:53 [main.py:525 - <module>()] INFO: Waiting For the Dome to Open at Beginning of Night
2018-02-18T12:28:53 [main.py:525 - <module>()] INFO: Waiting For the Dome to Open at Beginning of Night
2018-02-18T12:29:53 [main.py:525 - <module>()] INFO: Waiting For the Dome to Open at Beginning of Night
2018-02-18T12:30:54 [main.py:525 - <module>()] INFO: Waiting For the Dome to Open at Beginning of Night
2018-02-18T12:31:55 [main.py:525 - <module>()] INFO: Waiting For the Dome to Open at Beginning of Night
2018-02-18T12:32:55 [main.py:525 - <module>()] INFO: Waiting For the Dome to Open at Beginning of Night
2018-02-18T12:33:56 [main.py:525 - <module>()] INFO: Waiting For the Dome to Open at Beginning of Night
2018-02-18T12:34:56 [main.py:525 - <module>()] INFO: Waiting For the Dome to Open at Beginning of Night
2018-02-18T12:35:57 [main.py:525 - <module>()] INFO: Waiting For the Dome to Open at Beginning of Night
2018-02-18T12:36:57 [main.py:525 - <module>()] INFO: Waiting For the Dome to Open at Beginning of Night
2018-02-18T12:37:58 [main.py:525 - <module>()] INFO: Waiting For the Dome to Open at Beginning of Night
2018-02-18T12:38:58 [main.py:525 - <module>()] INFO: Waiting For the Dome to Open at Beginning of Night
2018-02-18T12:39:59 [main.py:525 - <module>()] INFO: Waiting For the Dome to Open at Beginning of Night
2018-02-18T12:41:00 [main.py:525 - <module>()] INFO: Waiting For the Dome to Open at Beginning of Night
2018-02-18T12:42:00 [main.py:525 - <module>()] INFO: Waiting For the Dome to Open at Beginning of Night
2018-02-18T12:43:01 [main.py:525 - <module>()] INFO: Waiting For the Dome to Open at Beginning of Night
2018-02-18T12:44:01 [main.py:525 - <module>()] INFO: Waiting For the Dome to Open at Beginning of Night
2018-02-18T12:45:02 [main.py:525 - <module>()] INFO: Waiting For the Dome to Open at Beginning of Night
2018-02-18T12:46:36 [main.py:568 - <module>()] INFO: Elnath about to be observed
2018-02-18T12:46:36 [main.py:349 - doScience()] INFO: Target Elnath past its endtime (2018-02-18 06:30:33); skipping
2018-02-18T12:46:36 [main.py:570 - <module>()] INFO: Elnath done; moving on to next target
2018-02-18T12:46:36 [main.py:568 - <module>()] INFO: Alioth about to be observed
2018-02-18T12:46:36 [main.py:349 - doScience()] INFO: Target Alioth past its endtime (2018-02-17 14:03:37); skipping
2018-02-18T12:46:36 [main.py:570 - <module>()] INFO: Alioth done; moving on to next target
2018-02-18T12:46:36 [main.py:576 - <module>()] INFO: Parking Telescope (even if it never unparked)
2018-02-18T12:46:57 [main.py:580 - <module>()] INFO: End Night
2018-02-18T12:46:57 [main.py:33 - endNight()] INFO: Parking/Disconnection from Telescope
2018-02-18T12:46:57 [main.py:38 - endNight()] INFO: Compressing data
2018-02-18T12:46:57 [main.py:43 - endNight()] INFO: Disconnecting imager
2018-02-18T12:47:22 [main.py:49 - endNight()] INFO: Backing Up data
2018-02-18T12:47:22 [main.py:55 - endNight()] INFO: Copying schedule file from ./schedule/n20180218 to C:/camal/data/n20180218/
2018-02-18T12:47:22 [main.py:62 - endNight()] INFO: Copying log file ./logs/n20180218\main.log to C:/camal/data/n20180218/
2018-02-18T12:47:26 [main.py:591 - <module>()] INFO: Updating Reduction File list
