2017-11-19T00:48:45 [main.py:499 - <module>()] INFO: Taking 30 Biases
2017-11-19T00:48:45 [main.py:163 - doDark()] INFO: Taking BIAS 1 of 30 (exptime = 0)
2017-11-19T00:48:45 [main.py:227 - takeImage()] INFO: Taking 0 second image
2017-11-19T00:48:47 [main.py:248 - takeImage()] INFO: Saving image: C:/camal/data/n20171119//0001BIAS.0.fits
2017-11-19T00:48:47 [main.py:163 - doDark()] INFO: Taking BIAS 2 of 30 (exptime = 0)
2017-11-19T00:48:47 [main.py:227 - takeImage()] INFO: Taking 0 second image
2017-11-19T00:48:49 [main.py:248 - takeImage()] INFO: Saving image: C:/camal/data/n20171119//0002BIAS.0.fits
2017-11-19T00:48:49 [main.py:163 - doDark()] INFO: Taking BIAS 3 of 30 (exptime = 0)
2017-11-19T00:48:49 [main.py:227 - takeImage()] INFO: Taking 0 second image
2017-11-19T00:48:50 [main.py:248 - takeImage()] INFO: Saving image: C:/camal/data/n20171119//0003BIAS.0.fits
2017-11-19T00:48:50 [main.py:163 - doDark()] INFO: Taking BIAS 4 of 30 (exptime = 0)
2017-11-19T00:48:50 [main.py:227 - takeImage()] INFO: Taking 0 second image
2017-11-19T00:48:51 [main.py:248 - takeImage()] INFO: Saving image: C:/camal/data/n20171119//0004BIAS.0.fits
2017-11-19T00:48:52 [main.py:163 - doDark()] INFO: Taking BIAS 5 of 30 (exptime = 0)
2017-11-19T00:48:52 [main.py:227 - takeImage()] INFO: Taking 0 second image
2017-11-19T00:48:53 [main.py:248 - takeImage()] INFO: Saving image: C:/camal/data/n20171119//0005BIAS.0.fits
2017-11-19T00:48:53 [main.py:163 - doDark()] INFO: Taking BIAS 6 of 30 (exptime = 0)
2017-11-19T00:48:53 [main.py:227 - takeImage()] INFO: Taking 0 second image
2017-11-19T00:48:54 [main.py:248 - takeImage()] INFO: Saving image: C:/camal/data/n20171119//0006BIAS.0.fits
2017-11-19T00:48:54 [main.py:163 - doDark()] INFO: Taking BIAS 7 of 30 (exptime = 0)
2017-11-19T00:48:54 [main.py:227 - takeImage()] INFO: Taking 0 second image
2017-11-19T00:48:56 [main.py:248 - takeImage()] INFO: Saving image: C:/camal/data/n20171119//0007BIAS.0.fits
2017-11-19T00:48:56 [main.py:163 - doDark()] INFO: Taking BIAS 8 of 30 (exptime = 0)
2017-11-19T00:48:56 [main.py:227 - takeImage()] INFO: Taking 0 second image
2017-11-19T00:48:57 [main.py:248 - takeImage()] INFO: Saving image: C:/camal/data/n20171119//0008BIAS.0.fits
2017-11-19T00:48:57 [main.py:163 - doDark()] INFO: Taking BIAS 9 of 30 (exptime = 0)
2017-11-19T00:48:57 [main.py:227 - takeImage()] INFO: Taking 0 second image
2017-11-19T00:48:58 [main.py:248 - takeImage()] INFO: Saving image: C:/camal/data/n20171119//0009BIAS.0.fits
2017-11-19T00:48:59 [main.py:163 - doDark()] INFO: Taking BIAS 10 of 30 (exptime = 0)
2017-11-19T00:48:59 [main.py:227 - takeImage()] INFO: Taking 0 second image
2017-11-19T00:49:00 [main.py:248 - takeImage()] INFO: Saving image: C:/camal/data/n20171119//0010BIAS.0.fits
2017-11-19T00:49:00 [main.py:163 - doDark()] INFO: Taking BIAS 11 of 30 (exptime = 0)
2017-11-19T00:49:00 [main.py:227 - takeImage()] INFO: Taking 0 second image
2017-11-19T00:49:01 [main.py:248 - takeImage()] INFO: Saving image: C:/camal/data/n20171119//0011BIAS.0.fits
2017-11-19T00:49:01 [main.py:163 - doDark()] INFO: Taking BIAS 12 of 30 (exptime = 0)
2017-11-19T00:49:01 [main.py:227 - takeImage()] INFO: Taking 0 second image
2017-11-19T00:49:03 [main.py:248 - takeImage()] INFO: Saving image: C:/camal/data/n20171119//0012BIAS.0.fits
2017-11-19T00:49:03 [main.py:163 - doDark()] INFO: Taking BIAS 13 of 30 (exptime = 0)
2017-11-19T00:49:03 [main.py:227 - takeImage()] INFO: Taking 0 second image
2017-11-19T00:49:04 [main.py:248 - takeImage()] INFO: Saving image: C:/camal/data/n20171119//0013BIAS.0.fits
2017-11-19T00:49:04 [main.py:163 - doDark()] INFO: Taking BIAS 14 of 30 (exptime = 0)
2017-11-19T00:49:04 [main.py:227 - takeImage()] INFO: Taking 0 second image
2017-11-19T00:49:05 [main.py:248 - takeImage()] INFO: Saving image: C:/camal/data/n20171119//0014BIAS.0.fits
2017-11-19T00:49:06 [main.py:163 - doDark()] INFO: Taking BIAS 15 of 30 (exptime = 0)
2017-11-19T00:49:06 [main.py:227 - takeImage()] INFO: Taking 0 second image
2017-11-19T00:49:07 [main.py:248 - takeImage()] INFO: Saving image: C:/camal/data/n20171119//0015BIAS.0.fits
2017-11-19T00:49:07 [main.py:163 - doDark()] INFO: Taking BIAS 16 of 30 (exptime = 0)
2017-11-19T00:49:07 [main.py:227 - takeImage()] INFO: Taking 0 second image
2017-11-19T00:49:08 [main.py:248 - takeImage()] INFO: Saving image: C:/camal/data/n20171119//0016BIAS.0.fits
2017-11-19T00:49:08 [main.py:163 - doDark()] INFO: Taking BIAS 17 of 30 (exptime = 0)
2017-11-19T00:49:08 [main.py:227 - takeImage()] INFO: Taking 0 second image
2017-11-19T00:49:10 [main.py:248 - takeImage()] INFO: Saving image: C:/camal/data/n20171119//0017BIAS.0.fits
2017-11-19T00:49:10 [main.py:163 - doDark()] INFO: Taking BIAS 18 of 30 (exptime = 0)
2017-11-19T00:49:10 [main.py:227 - takeImage()] INFO: Taking 0 second image
2017-11-19T00:49:11 [main.py:248 - takeImage()] INFO: Saving image: C:/camal/data/n20171119//0018BIAS.0.fits
2017-11-19T00:49:11 [main.py:163 - doDark()] INFO: Taking BIAS 19 of 30 (exptime = 0)
2017-11-19T00:49:11 [main.py:227 - takeImage()] INFO: Taking 0 second image
2017-11-19T00:49:12 [main.py:248 - takeImage()] INFO: Saving image: C:/camal/data/n20171119//0019BIAS.0.fits
2017-11-19T00:49:12 [main.py:163 - doDark()] INFO: Taking BIAS 20 of 30 (exptime = 0)
2017-11-19T00:49:12 [main.py:227 - takeImage()] INFO: Taking 0 second image
2017-11-19T00:49:14 [main.py:248 - takeImage()] INFO: Saving image: C:/camal/data/n20171119//0020BIAS.0.fits
2017-11-19T00:49:14 [main.py:163 - doDark()] INFO: Taking BIAS 21 of 30 (exptime = 0)
2017-11-19T00:49:14 [main.py:227 - takeImage()] INFO: Taking 0 second image
2017-11-19T00:49:15 [main.py:248 - takeImage()] INFO: Saving image: C:/camal/data/n20171119//0021BIAS.0.fits
2017-11-19T00:49:15 [main.py:163 - doDark()] INFO: Taking BIAS 22 of 30 (exptime = 0)
2017-11-19T00:49:15 [main.py:227 - takeImage()] INFO: Taking 0 second image
2017-11-19T00:49:17 [main.py:248 - takeImage()] INFO: Saving image: C:/camal/data/n20171119//0022BIAS.0.fits
2017-11-19T00:49:17 [main.py:163 - doDark()] INFO: Taking BIAS 23 of 30 (exptime = 0)
2017-11-19T00:49:17 [main.py:227 - takeImage()] INFO: Taking 0 second image
2017-11-19T00:49:18 [main.py:248 - takeImage()] INFO: Saving image: C:/camal/data/n20171119//0023BIAS.0.fits
2017-11-19T00:49:18 [main.py:163 - doDark()] INFO: Taking BIAS 24 of 30 (exptime = 0)
2017-11-19T00:49:18 [main.py:227 - takeImage()] INFO: Taking 0 second image
2017-11-19T00:49:19 [main.py:248 - takeImage()] INFO: Saving image: C:/camal/data/n20171119//0024BIAS.0.fits
2017-11-19T00:49:19 [main.py:163 - doDark()] INFO: Taking BIAS 25 of 30 (exptime = 0)
2017-11-19T00:49:19 [main.py:227 - takeImage()] INFO: Taking 0 second image
2017-11-19T00:49:21 [main.py:248 - takeImage()] INFO: Saving image: C:/camal/data/n20171119//0025BIAS.0.fits
2017-11-19T00:49:21 [main.py:163 - doDark()] INFO: Taking BIAS 26 of 30 (exptime = 0)
2017-11-19T00:49:21 [main.py:227 - takeImage()] INFO: Taking 0 second image
2017-11-19T00:49:22 [main.py:248 - takeImage()] INFO: Saving image: C:/camal/data/n20171119//0026BIAS.0.fits
2017-11-19T00:49:22 [main.py:163 - doDark()] INFO: Taking BIAS 27 of 30 (exptime = 0)
2017-11-19T00:49:22 [main.py:227 - takeImage()] INFO: Taking 0 second image
2017-11-19T00:49:23 [main.py:248 - takeImage()] INFO: Saving image: C:/camal/data/n20171119//0027BIAS.0.fits
2017-11-19T00:49:24 [main.py:163 - doDark()] INFO: Taking BIAS 28 of 30 (exptime = 0)
2017-11-19T00:49:24 [main.py:227 - takeImage()] INFO: Taking 0 second image
2017-11-19T00:49:25 [main.py:248 - takeImage()] INFO: Saving image: C:/camal/data/n20171119//0028BIAS.0.fits
2017-11-19T00:49:25 [main.py:163 - doDark()] INFO: Taking BIAS 29 of 30 (exptime = 0)
2017-11-19T00:49:25 [main.py:227 - takeImage()] INFO: Taking 0 second image
2017-11-19T00:49:26 [main.py:248 - takeImage()] INFO: Saving image: C:/camal/data/n20171119//0029BIAS.0.fits
2017-11-19T00:49:26 [main.py:163 - doDark()] INFO: Taking BIAS 30 of 30 (exptime = 0)
2017-11-19T00:49:26 [main.py:227 - takeImage()] INFO: Taking 0 second image
2017-11-19T00:49:28 [main.py:248 - takeImage()] INFO: Saving image: C:/camal/data/n20171119//0030BIAS.0.fits
2017-11-19T00:49:28 [main.py:505 - <module>()] INFO: Waiting for nautical twilight to end (1727.31821seconds)
2017-11-19T01:18:15 [main.py:510 - <module>()] INFO: Making Schedule
2017-11-19T01:36:30 [main.py:525 - <module>()] INFO: Waiting For the Dome to Open at Beginning of Night
2017-11-19T02:15:43 [main.py:525 - <module>()] INFO: Waiting For the Dome to Open at Beginning of Night
2017-11-19T02:16:43 [main.py:525 - <module>()] INFO: Waiting For the Dome to Open at Beginning of Night
2017-11-19T02:17:43 [main.py:525 - <module>()] INFO: Waiting For the Dome to Open at Beginning of Night
2017-11-19T02:18:44 [main.py:525 - <module>()] INFO: Waiting For the Dome to Open at Beginning of Night
2017-11-19T02:19:44 [main.py:525 - <module>()] INFO: Waiting For the Dome to Open at Beginning of Night
2017-11-19T02:20:44 [main.py:525 - <module>()] INFO: Waiting For the Dome to Open at Beginning of Night
2017-11-19T02:21:44 [main.py:525 - <module>()] INFO: Waiting For the Dome to Open at Beginning of Night
2017-11-19T02:22:45 [main.py:525 - <module>()] INFO: Waiting For the Dome to Open at Beginning of Night
2017-11-19T02:23:45 [main.py:525 - <module>()] INFO: Waiting For the Dome to Open at Beginning of Night
2017-11-19T02:24:45 [main.py:525 - <module>()] INFO: Waiting For the Dome to Open at Beginning of Night
2017-11-19T02:25:45 [main.py:525 - <module>()] INFO: Waiting For the Dome to Open at Beginning of Night
2017-11-19T02:26:46 [main.py:525 - <module>()] INFO: Waiting For the Dome to Open at Beginning of Night
2017-11-19T02:27:46 [main.py:525 - <module>()] INFO: Waiting For the Dome to Open at Beginning of Night
2017-11-19T02:28:46 [main.py:525 - <module>()] INFO: Waiting For the Dome to Open at Beginning of Night
2017-11-19T02:29:46 [main.py:525 - <module>()] INFO: Waiting For the Dome to Open at Beginning of Night
2017-11-19T02:30:46 [main.py:525 - <module>()] INFO: Waiting For the Dome to Open at Beginning of Night
2017-11-19T02:31:47 [main.py:525 - <module>()] INFO: Waiting For the Dome to Open at Beginning of Night
2017-11-19T02:32:47 [main.py:525 - <module>()] INFO: Waiting For the Dome to Open at Beginning of Night
2017-11-19T02:33:47 [main.py:525 - <module>()] INFO: Waiting For the Dome to Open at Beginning of Night
2017-11-19T02:34:47 [main.py:525 - <module>()] INFO: Waiting For the Dome to Open at Beginning of Night
2017-11-19T02:35:48 [main.py:525 - <module>()] INFO: Waiting For the Dome to Open at Beginning of Night
2017-11-19T02:36:48 [main.py:525 - <module>()] INFO: Waiting For the Dome to Open at Beginning of Night
2017-11-19T02:37:48 [main.py:525 - <module>()] INFO: Waiting For the Dome to Open at Beginning of Night
2017-11-19T02:38:48 [main.py:525 - <module>()] INFO: Waiting For the Dome to Open at Beginning of Night
2017-11-19T02:39:49 [main.py:525 - <module>()] INFO: Waiting For the Dome to Open at Beginning of Night
2017-11-19T02:40:49 [main.py:525 - <module>()] INFO: Waiting For the Dome to Open at Beginning of Night
2017-11-19T02:41:49 [main.py:525 - <module>()] INFO: Waiting For the Dome to Open at Beginning of Night
2017-11-19T02:42:50 [main.py:525 - <module>()] INFO: Waiting For the Dome to Open at Beginning of Night
2017-11-19T02:43:50 [main.py:525 - <module>()] INFO: Waiting For the Dome to Open at Beginning of Night
2017-11-19T02:44:50 [main.py:525 - <module>()] INFO: Waiting For the Dome to Open at Beginning of Night
2017-11-19T02:45:50 [main.py:525 - <module>()] INFO: Waiting For the Dome to Open at Beginning of Night
2017-11-19T02:46:51 [main.py:525 - <module>()] INFO: Waiting For the Dome to Open at Beginning of Night
2017-11-19T02:47:51 [main.py:525 - <module>()] INFO: Waiting For the Dome to Open at Beginning of Night
2017-11-19T02:48:51 [main.py:525 - <module>()] INFO: Waiting For the Dome to Open at Beginning of Night
2017-11-19T02:49:51 [main.py:525 - <module>()] INFO: Waiting For the Dome to Open at Beginning of Night
2017-11-19T02:50:52 [main.py:525 - <module>()] INFO: Waiting For the Dome to Open at Beginning of Night
2017-11-19T02:51:52 [main.py:525 - <module>()] INFO: Waiting For the Dome to Open at Beginning of Night
2017-11-19T02:52:52 [main.py:525 - <module>()] INFO: Waiting For the Dome to Open at Beginning of Night
2017-11-19T02:53:52 [main.py:525 - <module>()] INFO: Waiting For the Dome to Open at Beginning of Night
2017-11-19T02:54:53 [main.py:525 - <module>()] INFO: Waiting For the Dome to Open at Beginning of Night
2017-11-19T02:55:53 [main.py:525 - <module>()] INFO: Waiting For the Dome to Open at Beginning of Night
2017-11-19T02:56:53 [main.py:525 - <module>()] INFO: Waiting For the Dome to Open at Beginning of Night
2017-11-19T02:57:53 [main.py:525 - <module>()] INFO: Waiting For the Dome to Open at Beginning of Night
2017-11-19T02:58:54 [main.py:525 - <module>()] INFO: Waiting For the Dome to Open at Beginning of Night
2017-11-19T02:59:54 [main.py:525 - <module>()] INFO: Waiting For the Dome to Open at Beginning of Night
2017-11-19T03:00:54 [main.py:525 - <module>()] INFO: Waiting For the Dome to Open at Beginning of Night
2017-11-19T03:01:54 [main.py:525 - <module>()] INFO: Waiting For the Dome to Open at Beginning of Night
2017-11-19T03:02:55 [main.py:525 - <module>()] INFO: Waiting For the Dome to Open at Beginning of Night
2017-11-19T03:03:55 [main.py:525 - <module>()] INFO: Waiting For the Dome to Open at Beginning of Night
2017-11-19T03:04:55 [main.py:525 - <module>()] INFO: Waiting For the Dome to Open at Beginning of Night
2017-11-19T03:05:55 [main.py:525 - <module>()] INFO: Waiting For the Dome to Open at Beginning of Night
2017-11-19T03:06:56 [main.py:525 - <module>()] INFO: Waiting For the Dome to Open at Beginning of Night
2017-11-19T03:07:56 [main.py:525 - <module>()] INFO: Waiting For the Dome to Open at Beginning of Night
2017-11-19T03:08:56 [main.py:525 - <module>()] INFO: Waiting For the Dome to Open at Beginning of Night
2017-11-19T03:09:56 [main.py:525 - <module>()] INFO: Waiting For the Dome to Open at Beginning of Night
2017-11-19T03:10:57 [main.py:525 - <module>()] INFO: Waiting For the Dome to Open at Beginning of Night
2017-11-19T03:11:57 [main.py:525 - <module>()] INFO: Waiting For the Dome to Open at Beginning of Night
2017-11-19T03:12:57 [main.py:525 - <module>()] INFO: Waiting For the Dome to Open at Beginning of Night
2017-11-19T03:13:57 [main.py:525 - <module>()] INFO: Waiting For the Dome to Open at Beginning of Night
2017-11-19T03:14:58 [main.py:525 - <module>()] INFO: Waiting For the Dome to Open at Beginning of Night
2017-11-19T03:15:58 [main.py:525 - <module>()] INFO: Waiting For the Dome to Open at Beginning of Night
2017-11-19T03:16:58 [main.py:525 - <module>()] INFO: Waiting For the Dome to Open at Beginning of Night
2017-11-19T03:17:58 [main.py:525 - <module>()] INFO: Waiting For the Dome to Open at Beginning of Night
2017-11-19T03:18:59 [main.py:525 - <module>()] INFO: Waiting For the Dome to Open at Beginning of Night
2017-11-19T03:19:59 [main.py:525 - <module>()] INFO: Waiting For the Dome to Open at Beginning of Night
2017-11-19T03:20:59 [main.py:525 - <module>()] INFO: Waiting For the Dome to Open at Beginning of Night
2017-11-19T03:21:59 [main.py:525 - <module>()] INFO: Waiting For the Dome to Open at Beginning of Night
2017-11-19T03:23:00 [main.py:525 - <module>()] INFO: Waiting For the Dome to Open at Beginning of Night
2017-11-19T03:24:00 [main.py:525 - <module>()] INFO: Waiting For the Dome to Open at Beginning of Night
2017-11-19T03:25:00 [main.py:525 - <module>()] INFO: Waiting For the Dome to Open at Beginning of Night
2017-11-19T03:26:00 [main.py:525 - <module>()] INFO: Waiting For the Dome to Open at Beginning of Night
2017-11-19T03:27:01 [main.py:525 - <module>()] INFO: Waiting For the Dome to Open at Beginning of Night
2017-11-19T03:28:01 [main.py:525 - <module>()] INFO: Waiting For the Dome to Open at Beginning of Night
2017-11-19T03:29:01 [main.py:525 - <module>()] INFO: Waiting For the Dome to Open at Beginning of Night
2017-11-19T03:30:02 [main.py:525 - <module>()] INFO: Waiting For the Dome to Open at Beginning of Night
2017-11-19T03:31:02 [main.py:525 - <module>()] INFO: Waiting For the Dome to Open at Beginning of Night
2017-11-19T03:32:02 [main.py:525 - <module>()] INFO: Waiting For the Dome to Open at Beginning of Night
2017-11-19T03:33:02 [main.py:525 - <module>()] INFO: Waiting For the Dome to Open at Beginning of Night
2017-11-19T03:34:03 [main.py:525 - <module>()] INFO: Waiting For the Dome to Open at Beginning of Night
2017-11-19T03:35:03 [main.py:525 - <module>()] INFO: Waiting For the Dome to Open at Beginning of Night
2017-11-19T03:36:03 [main.py:525 - <module>()] INFO: Waiting For the Dome to Open at Beginning of Night
2017-11-19T03:37:03 [main.py:525 - <module>()] INFO: Waiting For the Dome to Open at Beginning of Night
2017-11-19T03:38:04 [main.py:525 - <module>()] INFO: Waiting For the Dome to Open at Beginning of Night
2017-11-19T03:39:04 [main.py:525 - <module>()] INFO: Waiting For the Dome to Open at Beginning of Night
2017-11-19T03:40:04 [main.py:525 - <module>()] INFO: Waiting For the Dome to Open at Beginning of Night
2017-11-19T03:41:04 [main.py:525 - <module>()] INFO: Waiting For the Dome to Open at Beginning of Night
2017-11-19T03:42:05 [main.py:525 - <module>()] INFO: Waiting For the Dome to Open at Beginning of Night
2017-11-19T03:43:05 [main.py:525 - <module>()] INFO: Waiting For the Dome to Open at Beginning of Night
2017-11-19T03:44:05 [main.py:525 - <module>()] INFO: Waiting For the Dome to Open at Beginning of Night
2017-11-19T03:45:05 [main.py:525 - <module>()] INFO: Waiting For the Dome to Open at Beginning of Night
2017-11-19T03:46:06 [main.py:525 - <module>()] INFO: Waiting For the Dome to Open at Beginning of Night
2017-11-19T03:47:06 [main.py:525 - <module>()] INFO: Waiting For the Dome to Open at Beginning of Night
2017-11-19T03:48:06 [main.py:525 - <module>()] INFO: Waiting For the Dome to Open at Beginning of Night
2017-11-19T03:49:06 [main.py:525 - <module>()] INFO: Waiting For the Dome to Open at Beginning of Night
2017-11-19T03:50:07 [main.py:525 - <module>()] INFO: Waiting For the Dome to Open at Beginning of Night
2017-11-19T03:51:07 [main.py:525 - <module>()] INFO: Waiting For the Dome to Open at Beginning of Night
2017-11-19T03:52:07 [main.py:525 - <module>()] INFO: Waiting For the Dome to Open at Beginning of Night
2017-11-19T03:53:07 [main.py:525 - <module>()] INFO: Waiting For the Dome to Open at Beginning of Night
2017-11-19T03:54:08 [main.py:525 - <module>()] INFO: Waiting For the Dome to Open at Beginning of Night
2017-11-19T03:55:08 [main.py:525 - <module>()] INFO: Waiting For the Dome to Open at Beginning of Night
2017-11-19T03:56:08 [main.py:525 - <module>()] INFO: Waiting For the Dome to Open at Beginning of Night
2017-11-19T03:57:08 [main.py:525 - <module>()] INFO: Waiting For the Dome to Open at Beginning of Night
2017-11-19T03:58:09 [main.py:525 - <module>()] INFO: Waiting For the Dome to Open at Beginning of Night
2017-11-19T03:59:09 [main.py:525 - <module>()] INFO: Waiting For the Dome to Open at Beginning of Night
2017-11-19T04:00:09 [main.py:525 - <module>()] INFO: Waiting For the Dome to Open at Beginning of Night
2017-11-19T04:01:09 [main.py:525 - <module>()] INFO: Waiting For the Dome to Open at Beginning of Night
2017-11-19T04:02:10 [main.py:525 - <module>()] INFO: Waiting For the Dome to Open at Beginning of Night
2017-11-19T04:03:10 [main.py:525 - <module>()] INFO: Waiting For the Dome to Open at Beginning of Night
2017-11-19T04:04:10 [main.py:525 - <module>()] INFO: Waiting For the Dome to Open at Beginning of Night
2017-11-19T04:05:10 [main.py:525 - <module>()] INFO: Waiting For the Dome to Open at Beginning of Night
2017-11-19T04:06:11 [main.py:525 - <module>()] INFO: Waiting For the Dome to Open at Beginning of Night
2017-11-19T04:07:11 [main.py:525 - <module>()] INFO: Waiting For the Dome to Open at Beginning of Night
2017-11-19T04:08:11 [main.py:525 - <module>()] INFO: Waiting For the Dome to Open at Beginning of Night
2017-11-19T04:09:11 [main.py:525 - <module>()] INFO: Waiting For the Dome to Open at Beginning of Night
2017-11-19T04:10:12 [main.py:525 - <module>()] INFO: Waiting For the Dome to Open at Beginning of Night
2017-11-19T04:11:12 [main.py:525 - <module>()] INFO: Waiting For the Dome to Open at Beginning of Night
2017-11-19T04:12:12 [main.py:525 - <module>()] INFO: Waiting For the Dome to Open at Beginning of Night
2017-11-19T04:13:12 [main.py:525 - <module>()] INFO: Waiting For the Dome to Open at Beginning of Night
2017-11-19T04:14:13 [main.py:525 - <module>()] INFO: Waiting For the Dome to Open at Beginning of Night
2017-11-19T04:15:13 [main.py:525 - <module>()] INFO: Waiting For the Dome to Open at Beginning of Night
2017-11-19T04:16:13 [main.py:525 - <module>()] INFO: Waiting For the Dome to Open at Beginning of Night
2017-11-19T04:17:13 [main.py:525 - <module>()] INFO: Waiting For the Dome to Open at Beginning of Night
2017-11-19T04:18:14 [main.py:525 - <module>()] INFO: Waiting For the Dome to Open at Beginning of Night
2017-11-19T04:19:14 [main.py:525 - <module>()] INFO: Waiting For the Dome to Open at Beginning of Night
2017-11-19T04:20:14 [main.py:525 - <module>()] INFO: Waiting For the Dome to Open at Beginning of Night
2017-11-19T04:21:14 [main.py:525 - <module>()] INFO: Waiting For the Dome to Open at Beginning of Night
2017-11-19T04:22:15 [main.py:525 - <module>()] INFO: Waiting For the Dome to Open at Beginning of Night
2017-11-19T04:23:15 [main.py:525 - <module>()] INFO: Waiting For the Dome to Open at Beginning of Night
2017-11-19T04:24:15 [main.py:525 - <module>()] INFO: Waiting For the Dome to Open at Beginning of Night
2017-11-19T04:25:15 [main.py:525 - <module>()] INFO: Waiting For the Dome to Open at Beginning of Night
2017-11-19T04:26:16 [main.py:525 - <module>()] INFO: Waiting For the Dome to Open at Beginning of Night
2017-11-19T04:27:16 [main.py:525 - <module>()] INFO: Waiting For the Dome to Open at Beginning of Night
2017-11-19T04:28:16 [main.py:525 - <module>()] INFO: Waiting For the Dome to Open at Beginning of Night
2017-11-19T04:29:16 [main.py:525 - <module>()] INFO: Waiting For the Dome to Open at Beginning of Night
2017-11-19T04:30:17 [main.py:525 - <module>()] INFO: Waiting For the Dome to Open at Beginning of Night
2017-11-19T04:31:17 [main.py:525 - <module>()] INFO: Waiting For the Dome to Open at Beginning of Night
2017-11-19T04:32:17 [main.py:525 - <module>()] INFO: Waiting For the Dome to Open at Beginning of Night
2017-11-19T04:33:18 [main.py:525 - <module>()] INFO: Waiting For the Dome to Open at Beginning of Night
2017-11-19T04:34:18 [main.py:525 - <module>()] INFO: Waiting For the Dome to Open at Beginning of Night
2017-11-19T04:35:18 [main.py:525 - <module>()] INFO: Waiting For the Dome to Open at Beginning of Night
2017-11-19T04:36:18 [main.py:525 - <module>()] INFO: Waiting For the Dome to Open at Beginning of Night
2017-11-19T04:37:19 [main.py:525 - <module>()] INFO: Waiting For the Dome to Open at Beginning of Night
2017-11-19T04:38:19 [main.py:525 - <module>()] INFO: Waiting For the Dome to Open at Beginning of Night
2017-11-19T04:39:19 [main.py:525 - <module>()] INFO: Waiting For the Dome to Open at Beginning of Night
2017-11-19T04:40:19 [main.py:525 - <module>()] INFO: Waiting For the Dome to Open at Beginning of Night
2017-11-19T04:41:20 [main.py:525 - <module>()] INFO: Waiting For the Dome to Open at Beginning of Night
2017-11-19T04:42:20 [main.py:525 - <module>()] INFO: Waiting For the Dome to Open at Beginning of Night
2017-11-19T04:43:20 [main.py:525 - <module>()] INFO: Waiting For the Dome to Open at Beginning of Night
2017-11-19T04:44:20 [main.py:525 - <module>()] INFO: Waiting For the Dome to Open at Beginning of Night
2017-11-19T04:45:20 [main.py:525 - <module>()] INFO: Waiting For the Dome to Open at Beginning of Night
2017-11-19T04:46:21 [main.py:525 - <module>()] INFO: Waiting For the Dome to Open at Beginning of Night
2017-11-19T04:47:21 [main.py:525 - <module>()] INFO: Waiting For the Dome to Open at Beginning of Night
2017-11-19T04:48:21 [main.py:525 - <module>()] INFO: Waiting For the Dome to Open at Beginning of Night
2017-11-19T04:49:21 [main.py:525 - <module>()] INFO: Waiting For the Dome to Open at Beginning of Night
2017-11-19T04:50:22 [main.py:525 - <module>()] INFO: Waiting For the Dome to Open at Beginning of Night
2017-11-19T04:51:22 [main.py:525 - <module>()] INFO: Waiting For the Dome to Open at Beginning of Night
2017-11-19T04:52:22 [main.py:525 - <module>()] INFO: Waiting For the Dome to Open at Beginning of Night
2017-11-19T04:53:23 [main.py:525 - <module>()] INFO: Waiting For the Dome to Open at Beginning of Night
2017-11-19T04:54:23 [main.py:525 - <module>()] INFO: Waiting For the Dome to Open at Beginning of Night
2017-11-19T04:55:23 [main.py:525 - <module>()] INFO: Waiting For the Dome to Open at Beginning of Night
2017-11-19T04:56:23 [main.py:525 - <module>()] INFO: Waiting For the Dome to Open at Beginning of Night
2017-11-19T04:57:24 [main.py:525 - <module>()] INFO: Waiting For the Dome to Open at Beginning of Night
2017-11-19T04:58:24 [main.py:525 - <module>()] INFO: Waiting For the Dome to Open at Beginning of Night
2017-11-19T04:59:24 [main.py:525 - <module>()] INFO: Waiting For the Dome to Open at Beginning of Night
2017-11-19T05:00:24 [main.py:525 - <module>()] INFO: Waiting For the Dome to Open at Beginning of Night
2017-11-19T05:01:24 [main.py:525 - <module>()] INFO: Waiting For the Dome to Open at Beginning of Night
2017-11-19T05:02:25 [main.py:525 - <module>()] INFO: Waiting For the Dome to Open at Beginning of Night
2017-11-19T05:03:25 [main.py:525 - <module>()] INFO: Waiting For the Dome to Open at Beginning of Night
2017-11-19T05:04:25 [main.py:525 - <module>()] INFO: Waiting For the Dome to Open at Beginning of Night
2017-11-19T05:05:26 [main.py:525 - <module>()] INFO: Waiting For the Dome to Open at Beginning of Night
2017-11-19T05:06:26 [main.py:525 - <module>()] INFO: Waiting For the Dome to Open at Beginning of Night
2017-11-19T05:07:26 [main.py:525 - <module>()] INFO: Waiting For the Dome to Open at Beginning of Night
2017-11-19T05:08:26 [main.py:525 - <module>()] INFO: Waiting For the Dome to Open at Beginning of Night
2017-11-19T05:09:27 [main.py:525 - <module>()] INFO: Waiting For the Dome to Open at Beginning of Night
2017-11-19T05:10:27 [main.py:525 - <module>()] INFO: Waiting For the Dome to Open at Beginning of Night
2017-11-19T05:11:27 [main.py:525 - <module>()] INFO: Waiting For the Dome to Open at Beginning of Night
2017-11-19T05:12:27 [main.py:525 - <module>()] INFO: Waiting For the Dome to Open at Beginning of Night
2017-11-19T05:13:28 [main.py:525 - <module>()] INFO: Waiting For the Dome to Open at Beginning of Night
2017-11-19T05:14:28 [main.py:525 - <module>()] INFO: Waiting For the Dome to Open at Beginning of Night
2017-11-19T05:15:28 [main.py:525 - <module>()] INFO: Waiting For the Dome to Open at Beginning of Night
2017-11-19T05:16:28 [main.py:525 - <module>()] INFO: Waiting For the Dome to Open at Beginning of Night
2017-11-19T05:17:29 [main.py:525 - <module>()] INFO: Waiting For the Dome to Open at Beginning of Night
2017-11-19T05:18:29 [main.py:525 - <module>()] INFO: Waiting For the Dome to Open at Beginning of Night
2017-11-19T05:19:29 [main.py:525 - <module>()] INFO: Waiting For the Dome to Open at Beginning of Night
2017-11-19T05:20:30 [main.py:525 - <module>()] INFO: Waiting For the Dome to Open at Beginning of Night
2017-11-19T05:21:30 [main.py:525 - <module>()] INFO: Waiting For the Dome to Open at Beginning of Night
2017-11-19T05:22:30 [main.py:525 - <module>()] INFO: Waiting For the Dome to Open at Beginning of Night
2017-11-19T05:23:30 [main.py:525 - <module>()] INFO: Waiting For the Dome to Open at Beginning of Night
2017-11-19T05:24:31 [main.py:525 - <module>()] INFO: Waiting For the Dome to Open at Beginning of Night
2017-11-19T05:25:31 [main.py:525 - <module>()] INFO: Waiting For the Dome to Open at Beginning of Night
2017-11-19T05:26:31 [main.py:525 - <module>()] INFO: Waiting For the Dome to Open at Beginning of Night
2017-11-19T05:27:31 [main.py:525 - <module>()] INFO: Waiting For the Dome to Open at Beginning of Night
2017-11-19T05:28:31 [main.py:525 - <module>()] INFO: Waiting For the Dome to Open at Beginning of Night
2017-11-19T05:29:32 [main.py:525 - <module>()] INFO: Waiting For the Dome to Open at Beginning of Night
2017-11-19T05:30:32 [main.py:525 - <module>()] INFO: Waiting For the Dome to Open at Beginning of Night
2017-11-19T05:31:32 [main.py:525 - <module>()] INFO: Waiting For the Dome to Open at Beginning of Night
2017-11-19T05:32:33 [main.py:525 - <module>()] INFO: Waiting For the Dome to Open at Beginning of Night
2017-11-19T05:33:33 [main.py:525 - <module>()] INFO: Waiting For the Dome to Open at Beginning of Night
2017-11-19T05:34:33 [main.py:525 - <module>()] INFO: Waiting For the Dome to Open at Beginning of Night
2017-11-19T05:35:33 [main.py:525 - <module>()] INFO: Waiting For the Dome to Open at Beginning of Night
2017-11-19T05:36:34 [main.py:525 - <module>()] INFO: Waiting For the Dome to Open at Beginning of Night
2017-11-19T05:37:34 [main.py:525 - <module>()] INFO: Waiting For the Dome to Open at Beginning of Night
2017-11-19T05:38:34 [main.py:525 - <module>()] INFO: Waiting For the Dome to Open at Beginning of Night
2017-11-19T05:39:34 [main.py:525 - <module>()] INFO: Waiting For the Dome to Open at Beginning of Night
2017-11-19T05:40:35 [main.py:525 - <module>()] INFO: Waiting For the Dome to Open at Beginning of Night
2017-11-19T05:41:35 [main.py:525 - <module>()] INFO: Waiting For the Dome to Open at Beginning of Night
2017-11-19T05:42:35 [main.py:525 - <module>()] INFO: Waiting For the Dome to Open at Beginning of Night
2017-11-19T05:43:35 [main.py:525 - <module>()] INFO: Waiting For the Dome to Open at Beginning of Night
2017-11-19T05:44:36 [main.py:525 - <module>()] INFO: Waiting For the Dome to Open at Beginning of Night
2017-11-19T05:45:36 [main.py:525 - <module>()] INFO: Waiting For the Dome to Open at Beginning of Night
2017-11-19T05:46:36 [main.py:525 - <module>()] INFO: Waiting For the Dome to Open at Beginning of Night
2017-11-19T05:47:36 [main.py:525 - <module>()] INFO: Waiting For the Dome to Open at Beginning of Night
2017-11-19T05:48:37 [main.py:525 - <module>()] INFO: Waiting For the Dome to Open at Beginning of Night
2017-11-19T05:49:37 [main.py:525 - <module>()] INFO: Waiting For the Dome to Open at Beginning of Night
2017-11-19T05:50:37 [main.py:525 - <module>()] INFO: Waiting For the Dome to Open at Beginning of Night
2017-11-19T05:51:37 [main.py:525 - <module>()] INFO: Waiting For the Dome to Open at Beginning of Night
2017-11-19T05:52:38 [main.py:525 - <module>()] INFO: Waiting For the Dome to Open at Beginning of Night
2017-11-19T05:53:38 [main.py:525 - <module>()] INFO: Waiting For the Dome to Open at Beginning of Night
2017-11-19T05:54:38 [main.py:525 - <module>()] INFO: Waiting For the Dome to Open at Beginning of Night
2017-11-19T05:55:38 [main.py:525 - <module>()] INFO: Waiting For the Dome to Open at Beginning of Night
2017-11-19T05:56:39 [main.py:525 - <module>()] INFO: Waiting For the Dome to Open at Beginning of Night
2017-11-19T05:57:39 [main.py:525 - <module>()] INFO: Waiting For the Dome to Open at Beginning of Night
2017-11-19T05:58:39 [main.py:525 - <module>()] INFO: Waiting For the Dome to Open at Beginning of Night
2017-11-19T05:59:39 [main.py:525 - <module>()] INFO: Waiting For the Dome to Open at Beginning of Night
2017-11-19T06:00:40 [main.py:525 - <module>()] INFO: Waiting For the Dome to Open at Beginning of Night
2017-11-19T06:01:40 [main.py:525 - <module>()] INFO: Waiting For the Dome to Open at Beginning of Night
2017-11-19T06:02:40 [main.py:525 - <module>()] INFO: Waiting For the Dome to Open at Beginning of Night
2017-11-19T06:03:40 [main.py:525 - <module>()] INFO: Waiting For the Dome to Open at Beginning of Night
2017-11-19T06:04:41 [main.py:525 - <module>()] INFO: Waiting For the Dome to Open at Beginning of Night
2017-11-19T06:05:41 [main.py:525 - <module>()] INFO: Waiting For the Dome to Open at Beginning of Night
2017-11-19T06:06:41 [main.py:525 - <module>()] INFO: Waiting For the Dome to Open at Beginning of Night
2017-11-19T06:07:42 [main.py:525 - <module>()] INFO: Waiting For the Dome to Open at Beginning of Night
2017-11-19T06:08:42 [main.py:525 - <module>()] INFO: Waiting For the Dome to Open at Beginning of Night
2017-11-19T06:09:42 [main.py:525 - <module>()] INFO: Waiting For the Dome to Open at Beginning of Night
2017-11-19T06:10:42 [main.py:525 - <module>()] INFO: Waiting For the Dome to Open at Beginning of Night
2017-11-19T06:11:43 [main.py:525 - <module>()] INFO: Waiting For the Dome to Open at Beginning of Night
2017-11-19T06:12:43 [main.py:525 - <module>()] INFO: Waiting For the Dome to Open at Beginning of Night
2017-11-19T06:13:43 [main.py:525 - <module>()] INFO: Waiting For the Dome to Open at Beginning of Night
2017-11-19T06:14:43 [main.py:525 - <module>()] INFO: Waiting For the Dome to Open at Beginning of Night
2017-11-19T06:15:44 [main.py:525 - <module>()] INFO: Waiting For the Dome to Open at Beginning of Night
2017-11-19T06:16:44 [main.py:525 - <module>()] INFO: Waiting For the Dome to Open at Beginning of Night
2017-11-19T06:17:44 [main.py:525 - <module>()] INFO: Waiting For the Dome to Open at Beginning of Night
2017-11-19T06:18:44 [main.py:525 - <module>()] INFO: Waiting For the Dome to Open at Beginning of Night
2017-11-19T06:19:45 [main.py:525 - <module>()] INFO: Waiting For the Dome to Open at Beginning of Night
2017-11-19T06:20:45 [main.py:525 - <module>()] INFO: Waiting For the Dome to Open at Beginning of Night
2017-11-19T06:21:45 [main.py:525 - <module>()] INFO: Waiting For the Dome to Open at Beginning of Night
2017-11-19T06:22:45 [main.py:525 - <module>()] INFO: Waiting For the Dome to Open at Beginning of Night
2017-11-19T06:23:46 [main.py:525 - <module>()] INFO: Waiting For the Dome to Open at Beginning of Night
2017-11-19T06:24:46 [main.py:525 - <module>()] INFO: Waiting For the Dome to Open at Beginning of Night
2017-11-19T06:25:46 [main.py:525 - <module>()] INFO: Waiting For the Dome to Open at Beginning of Night
2017-11-19T06:26:46 [main.py:525 - <module>()] INFO: Waiting For the Dome to Open at Beginning of Night
2017-11-19T06:27:47 [main.py:525 - <module>()] INFO: Waiting For the Dome to Open at Beginning of Night
2017-11-19T06:28:47 [main.py:525 - <module>()] INFO: Waiting For the Dome to Open at Beginning of Night
2017-11-19T06:29:47 [main.py:525 - <module>()] INFO: Waiting For the Dome to Open at Beginning of Night
2017-11-19T06:30:47 [main.py:525 - <module>()] INFO: Waiting For the Dome to Open at Beginning of Night
2017-11-19T06:31:48 [main.py:525 - <module>()] INFO: Waiting For the Dome to Open at Beginning of Night
2017-11-19T06:32:48 [main.py:525 - <module>()] INFO: Waiting For the Dome to Open at Beginning of Night
2017-11-19T06:33:48 [main.py:525 - <module>()] INFO: Waiting For the Dome to Open at Beginning of Night
2017-11-19T06:34:48 [main.py:525 - <module>()] INFO: Waiting For the Dome to Open at Beginning of Night
2017-11-19T06:35:49 [main.py:525 - <module>()] INFO: Waiting For the Dome to Open at Beginning of Night
2017-11-19T06:36:49 [main.py:525 - <module>()] INFO: Waiting For the Dome to Open at Beginning of Night
2017-11-19T06:37:49 [main.py:525 - <module>()] INFO: Waiting For the Dome to Open at Beginning of Night
2017-11-19T06:38:49 [main.py:525 - <module>()] INFO: Waiting For the Dome to Open at Beginning of Night
2017-11-19T06:39:50 [main.py:525 - <module>()] INFO: Waiting For the Dome to Open at Beginning of Night
2017-11-19T06:40:50 [main.py:525 - <module>()] INFO: Waiting For the Dome to Open at Beginning of Night
2017-11-19T06:41:50 [main.py:525 - <module>()] INFO: Waiting For the Dome to Open at Beginning of Night
2017-11-19T06:42:50 [main.py:525 - <module>()] INFO: Waiting For the Dome to Open at Beginning of Night
2017-11-19T06:43:51 [main.py:525 - <module>()] INFO: Waiting For the Dome to Open at Beginning of Night
2017-11-19T06:44:51 [main.py:525 - <module>()] INFO: Waiting For the Dome to Open at Beginning of Night
2017-11-19T06:45:51 [main.py:525 - <module>()] INFO: Waiting For the Dome to Open at Beginning of Night
2017-11-19T06:46:51 [main.py:525 - <module>()] INFO: Waiting For the Dome to Open at Beginning of Night
2017-11-19T06:47:52 [main.py:525 - <module>()] INFO: Waiting For the Dome to Open at Beginning of Night
2017-11-19T06:48:52 [main.py:525 - <module>()] INFO: Waiting For the Dome to Open at Beginning of Night
2017-11-19T06:49:52 [main.py:525 - <module>()] INFO: Waiting For the Dome to Open at Beginning of Night
2017-11-19T06:50:52 [main.py:525 - <module>()] INFO: Waiting For the Dome to Open at Beginning of Night
2017-11-19T06:51:53 [main.py:525 - <module>()] INFO: Waiting For the Dome to Open at Beginning of Night
2017-11-19T06:52:53 [main.py:525 - <module>()] INFO: Waiting For the Dome to Open at Beginning of Night
2017-11-19T06:53:53 [main.py:525 - <module>()] INFO: Waiting For the Dome to Open at Beginning of Night
2017-11-19T06:54:53 [main.py:525 - <module>()] INFO: Waiting For the Dome to Open at Beginning of Night
2017-11-19T06:55:54 [main.py:525 - <module>()] INFO: Waiting For the Dome to Open at Beginning of Night
2017-11-19T06:56:54 [main.py:525 - <module>()] INFO: Waiting For the Dome to Open at Beginning of Night
2017-11-19T06:57:54 [main.py:525 - <module>()] INFO: Waiting For the Dome to Open at Beginning of Night
2017-11-19T06:58:54 [main.py:525 - <module>()] INFO: Waiting For the Dome to Open at Beginning of Night
2017-11-19T06:59:55 [main.py:525 - <module>()] INFO: Waiting For the Dome to Open at Beginning of Night
2017-11-19T07:00:55 [main.py:525 - <module>()] INFO: Waiting For the Dome to Open at Beginning of Night
2017-11-19T07:01:55 [main.py:525 - <module>()] INFO: Waiting For the Dome to Open at Beginning of Night
2017-11-19T07:02:55 [main.py:525 - <module>()] INFO: Waiting For the Dome to Open at Beginning of Night
2017-11-19T07:03:56 [main.py:525 - <module>()] INFO: Waiting For the Dome to Open at Beginning of Night
2017-11-19T07:04:56 [main.py:525 - <module>()] INFO: Waiting For the Dome to Open at Beginning of Night
2017-11-19T07:05:56 [main.py:525 - <module>()] INFO: Waiting For the Dome to Open at Beginning of Night
2017-11-19T07:06:56 [main.py:525 - <module>()] INFO: Waiting For the Dome to Open at Beginning of Night
2017-11-19T07:07:57 [main.py:525 - <module>()] INFO: Waiting For the Dome to Open at Beginning of Night
2017-11-19T07:08:57 [main.py:525 - <module>()] INFO: Waiting For the Dome to Open at Beginning of Night
2017-11-19T07:09:57 [main.py:525 - <module>()] INFO: Waiting For the Dome to Open at Beginning of Night
2017-11-19T07:10:57 [main.py:525 - <module>()] INFO: Waiting For the Dome to Open at Beginning of Night
2017-11-19T07:11:58 [main.py:525 - <module>()] INFO: Waiting For the Dome to Open at Beginning of Night
2017-11-19T07:12:58 [main.py:525 - <module>()] INFO: Waiting For the Dome to Open at Beginning of Night
2017-11-19T07:13:58 [main.py:525 - <module>()] INFO: Waiting For the Dome to Open at Beginning of Night
2017-11-19T07:14:58 [main.py:525 - <module>()] INFO: Waiting For the Dome to Open at Beginning of Night
2017-11-19T07:15:59 [main.py:525 - <module>()] INFO: Waiting For the Dome to Open at Beginning of Night
2017-11-19T07:16:59 [main.py:525 - <module>()] INFO: Waiting For the Dome to Open at Beginning of Night
2017-11-19T07:17:59 [main.py:525 - <module>()] INFO: Waiting For the Dome to Open at Beginning of Night
2017-11-19T07:19:00 [main.py:525 - <module>()] INFO: Waiting For the Dome to Open at Beginning of Night
2017-11-19T07:20:00 [main.py:525 - <module>()] INFO: Waiting For the Dome to Open at Beginning of Night
2017-11-19T07:21:00 [main.py:525 - <module>()] INFO: Waiting For the Dome to Open at Beginning of Night
2017-11-19T07:22:00 [main.py:525 - <module>()] INFO: Waiting For the Dome to Open at Beginning of Night
2017-11-19T07:23:01 [main.py:525 - <module>()] INFO: Waiting For the Dome to Open at Beginning of Night
2017-11-19T07:24:01 [main.py:525 - <module>()] INFO: Waiting For the Dome to Open at Beginning of Night
2017-11-19T07:25:01 [main.py:525 - <module>()] INFO: Waiting For the Dome to Open at Beginning of Night
2017-11-19T07:26:01 [main.py:525 - <module>()] INFO: Waiting For the Dome to Open at Beginning of Night
2017-11-19T07:27:02 [main.py:525 - <module>()] INFO: Waiting For the Dome to Open at Beginning of Night
2017-11-19T07:28:02 [main.py:525 - <module>()] INFO: Waiting For the Dome to Open at Beginning of Night
2017-11-19T07:29:02 [main.py:525 - <module>()] INFO: Waiting For the Dome to Open at Beginning of Night
2017-11-19T07:30:02 [main.py:525 - <module>()] INFO: Waiting For the Dome to Open at Beginning of Night
2017-11-19T07:31:03 [main.py:525 - <module>()] INFO: Waiting For the Dome to Open at Beginning of Night
2017-11-19T07:32:03 [main.py:525 - <module>()] INFO: Waiting For the Dome to Open at Beginning of Night
2017-11-19T07:33:03 [main.py:525 - <module>()] INFO: Waiting For the Dome to Open at Beginning of Night
2017-11-19T07:34:03 [main.py:525 - <module>()] INFO: Waiting For the Dome to Open at Beginning of Night
2017-11-19T07:35:04 [main.py:525 - <module>()] INFO: Waiting For the Dome to Open at Beginning of Night
2017-11-19T07:36:04 [main.py:525 - <module>()] INFO: Waiting For the Dome to Open at Beginning of Night
2017-11-19T07:37:04 [main.py:525 - <module>()] INFO: Waiting For the Dome to Open at Beginning of Night
2017-11-19T07:38:05 [main.py:525 - <module>()] INFO: Waiting For the Dome to Open at Beginning of Night
2017-11-19T07:39:05 [main.py:525 - <module>()] INFO: Waiting For the Dome to Open at Beginning of Night
2017-11-19T07:40:05 [main.py:525 - <module>()] INFO: Waiting For the Dome to Open at Beginning of Night
2017-11-19T07:41:05 [main.py:525 - <module>()] INFO: Waiting For the Dome to Open at Beginning of Night
2017-11-19T07:42:06 [main.py:525 - <module>()] INFO: Waiting For the Dome to Open at Beginning of Night
2017-11-19T07:43:06 [main.py:525 - <module>()] INFO: Waiting For the Dome to Open at Beginning of Night
2017-11-19T07:44:06 [main.py:525 - <module>()] INFO: Waiting For the Dome to Open at Beginning of Night
2017-11-19T07:45:06 [main.py:525 - <module>()] INFO: Waiting For the Dome to Open at Beginning of Night
2017-11-19T07:46:07 [main.py:525 - <module>()] INFO: Waiting For the Dome to Open at Beginning of Night
2017-11-19T07:47:07 [main.py:525 - <module>()] INFO: Waiting For the Dome to Open at Beginning of Night
2017-11-19T07:48:07 [main.py:525 - <module>()] INFO: Waiting For the Dome to Open at Beginning of Night
2017-11-19T07:49:07 [main.py:525 - <module>()] INFO: Waiting For the Dome to Open at Beginning of Night
2017-11-19T07:50:08 [main.py:525 - <module>()] INFO: Waiting For the Dome to Open at Beginning of Night
2017-11-19T07:51:08 [main.py:525 - <module>()] INFO: Waiting For the Dome to Open at Beginning of Night
2017-11-19T07:52:08 [main.py:525 - <module>()] INFO: Waiting For the Dome to Open at Beginning of Night
2017-11-19T07:53:08 [main.py:525 - <module>()] INFO: Waiting For the Dome to Open at Beginning of Night
2017-11-19T07:54:09 [main.py:525 - <module>()] INFO: Waiting For the Dome to Open at Beginning of Night
2017-11-19T07:55:09 [main.py:525 - <module>()] INFO: Waiting For the Dome to Open at Beginning of Night
2017-11-19T07:56:09 [main.py:525 - <module>()] INFO: Waiting For the Dome to Open at Beginning of Night
2017-11-19T07:57:09 [main.py:525 - <module>()] INFO: Waiting For the Dome to Open at Beginning of Night
2017-11-19T07:58:10 [main.py:525 - <module>()] INFO: Waiting For the Dome to Open at Beginning of Night
2017-11-19T07:59:10 [main.py:525 - <module>()] INFO: Waiting For the Dome to Open at Beginning of Night
2017-11-19T08:00:10 [main.py:525 - <module>()] INFO: Waiting For the Dome to Open at Beginning of Night
2017-11-19T08:01:10 [main.py:525 - <module>()] INFO: Waiting For the Dome to Open at Beginning of Night
2017-11-19T08:02:11 [main.py:525 - <module>()] INFO: Waiting For the Dome to Open at Beginning of Night
2017-11-19T08:03:11 [main.py:525 - <module>()] INFO: Waiting For the Dome to Open at Beginning of Night
2017-11-19T08:04:11 [main.py:525 - <module>()] INFO: Waiting For the Dome to Open at Beginning of Night
2017-11-19T08:05:11 [main.py:525 - <module>()] INFO: Waiting For the Dome to Open at Beginning of Night
2017-11-19T08:06:12 [main.py:525 - <module>()] INFO: Waiting For the Dome to Open at Beginning of Night
2017-11-19T08:07:12 [main.py:525 - <module>()] INFO: Waiting For the Dome to Open at Beginning of Night
2017-11-19T08:08:12 [main.py:525 - <module>()] INFO: Waiting For the Dome to Open at Beginning of Night
2017-11-19T08:09:12 [main.py:525 - <module>()] INFO: Waiting For the Dome to Open at Beginning of Night
2017-11-19T08:10:13 [main.py:525 - <module>()] INFO: Waiting For the Dome to Open at Beginning of Night
2017-11-19T08:11:13 [main.py:525 - <module>()] INFO: Waiting For the Dome to Open at Beginning of Night
2017-11-19T08:12:13 [main.py:525 - <module>()] INFO: Waiting For the Dome to Open at Beginning of Night
2017-11-19T08:13:13 [main.py:525 - <module>()] INFO: Waiting For the Dome to Open at Beginning of Night
2017-11-19T08:14:14 [main.py:525 - <module>()] INFO: Waiting For the Dome to Open at Beginning of Night
2017-11-19T08:15:14 [main.py:525 - <module>()] INFO: Waiting For the Dome to Open at Beginning of Night
2017-11-19T08:16:14 [main.py:525 - <module>()] INFO: Waiting For the Dome to Open at Beginning of Night
2017-11-19T08:17:14 [main.py:525 - <module>()] INFO: Waiting For the Dome to Open at Beginning of Night
2017-11-19T08:18:15 [main.py:525 - <module>()] INFO: Waiting For the Dome to Open at Beginning of Night
2017-11-19T08:19:15 [main.py:525 - <module>()] INFO: Waiting For the Dome to Open at Beginning of Night
2017-11-19T08:20:15 [main.py:525 - <module>()] INFO: Waiting For the Dome to Open at Beginning of Night
2017-11-19T08:21:15 [main.py:525 - <module>()] INFO: Waiting For the Dome to Open at Beginning of Night
2017-11-19T08:22:16 [main.py:525 - <module>()] INFO: Waiting For the Dome to Open at Beginning of Night
2017-11-19T08:23:16 [main.py:525 - <module>()] INFO: Waiting For the Dome to Open at Beginning of Night
2017-11-19T08:24:16 [main.py:525 - <module>()] INFO: Waiting For the Dome to Open at Beginning of Night
2017-11-19T08:25:16 [main.py:525 - <module>()] INFO: Waiting For the Dome to Open at Beginning of Night
2017-11-19T08:26:17 [main.py:525 - <module>()] INFO: Waiting For the Dome to Open at Beginning of Night
2017-11-19T08:27:17 [main.py:525 - <module>()] INFO: Waiting For the Dome to Open at Beginning of Night
2017-11-19T08:28:17 [main.py:525 - <module>()] INFO: Waiting For the Dome to Open at Beginning of Night
2017-11-19T08:29:18 [main.py:525 - <module>()] INFO: Waiting For the Dome to Open at Beginning of Night
2017-11-19T08:30:18 [main.py:525 - <module>()] INFO: Waiting For the Dome to Open at Beginning of Night
2017-11-19T08:31:18 [main.py:525 - <module>()] INFO: Waiting For the Dome to Open at Beginning of Night
2017-11-19T08:32:18 [main.py:525 - <module>()] INFO: Waiting For the Dome to Open at Beginning of Night
2017-11-19T08:33:19 [main.py:525 - <module>()] INFO: Waiting For the Dome to Open at Beginning of Night
2017-11-19T08:34:19 [main.py:525 - <module>()] INFO: Waiting For the Dome to Open at Beginning of Night
2017-11-19T08:35:19 [main.py:525 - <module>()] INFO: Waiting For the Dome to Open at Beginning of Night
2017-11-19T08:36:19 [main.py:525 - <module>()] INFO: Waiting For the Dome to Open at Beginning of Night
2017-11-19T08:37:20 [main.py:525 - <module>()] INFO: Waiting For the Dome to Open at Beginning of Night
2017-11-19T08:38:20 [main.py:525 - <module>()] INFO: Waiting For the Dome to Open at Beginning of Night
2017-11-19T08:39:20 [main.py:525 - <module>()] INFO: Waiting For the Dome to Open at Beginning of Night
2017-11-19T08:40:20 [main.py:525 - <module>()] INFO: Waiting For the Dome to Open at Beginning of Night
2017-11-19T08:41:21 [main.py:525 - <module>()] INFO: Waiting For the Dome to Open at Beginning of Night
2017-11-19T08:42:21 [main.py:525 - <module>()] INFO: Waiting For the Dome to Open at Beginning of Night
2017-11-19T08:43:21 [main.py:525 - <module>()] INFO: Waiting For the Dome to Open at Beginning of Night
2017-11-19T08:44:21 [main.py:525 - <module>()] INFO: Waiting For the Dome to Open at Beginning of Night
2017-11-19T08:45:22 [main.py:525 - <module>()] INFO: Waiting For the Dome to Open at Beginning of Night
2017-11-19T08:46:22 [main.py:525 - <module>()] INFO: Waiting For the Dome to Open at Beginning of Night
2017-11-19T08:47:22 [main.py:525 - <module>()] INFO: Waiting For the Dome to Open at Beginning of Night
2017-11-19T08:48:22 [main.py:525 - <module>()] INFO: Waiting For the Dome to Open at Beginning of Night
2017-11-19T08:49:23 [main.py:525 - <module>()] INFO: Waiting For the Dome to Open at Beginning of Night
2017-11-19T08:50:23 [main.py:525 - <module>()] INFO: Waiting For the Dome to Open at Beginning of Night
2017-11-19T08:51:23 [main.py:525 - <module>()] INFO: Waiting For the Dome to Open at Beginning of Night
2017-11-19T08:52:23 [main.py:525 - <module>()] INFO: Waiting For the Dome to Open at Beginning of Night
2017-11-19T08:53:24 [main.py:525 - <module>()] INFO: Waiting For the Dome to Open at Beginning of Night
2017-11-19T08:54:24 [main.py:525 - <module>()] INFO: Waiting For the Dome to Open at Beginning of Night
2017-11-19T08:55:24 [main.py:525 - <module>()] INFO: Waiting For the Dome to Open at Beginning of Night
2017-11-19T08:56:24 [main.py:525 - <module>()] INFO: Waiting For the Dome to Open at Beginning of Night
2017-11-19T08:57:25 [main.py:525 - <module>()] INFO: Waiting For the Dome to Open at Beginning of Night
2017-11-19T08:58:25 [main.py:525 - <module>()] INFO: Waiting For the Dome to Open at Beginning of Night
2017-11-19T08:59:25 [main.py:525 - <module>()] INFO: Waiting For the Dome to Open at Beginning of Night
2017-11-19T09:00:25 [main.py:525 - <module>()] INFO: Waiting For the Dome to Open at Beginning of Night
2017-11-19T09:01:26 [main.py:525 - <module>()] INFO: Waiting For the Dome to Open at Beginning of Night
2017-11-19T09:02:26 [main.py:525 - <module>()] INFO: Waiting For the Dome to Open at Beginning of Night
2017-11-19T09:03:26 [main.py:525 - <module>()] INFO: Waiting For the Dome to Open at Beginning of Night
2017-11-19T09:04:26 [main.py:525 - <module>()] INFO: Waiting For the Dome to Open at Beginning of Night
2017-11-19T09:05:27 [main.py:525 - <module>()] INFO: Waiting For the Dome to Open at Beginning of Night
2017-11-19T09:06:27 [main.py:525 - <module>()] INFO: Waiting For the Dome to Open at Beginning of Night
2017-11-19T09:07:27 [main.py:525 - <module>()] INFO: Waiting For the Dome to Open at Beginning of Night
2017-11-19T09:08:27 [main.py:525 - <module>()] INFO: Waiting For the Dome to Open at Beginning of Night
2017-11-19T09:09:28 [main.py:525 - <module>()] INFO: Waiting For the Dome to Open at Beginning of Night
2017-11-19T09:10:28 [main.py:525 - <module>()] INFO: Waiting For the Dome to Open at Beginning of Night
2017-11-19T09:11:28 [main.py:525 - <module>()] INFO: Waiting For the Dome to Open at Beginning of Night
2017-11-19T09:12:28 [main.py:525 - <module>()] INFO: Waiting For the Dome to Open at Beginning of Night
2017-11-19T09:13:29 [main.py:525 - <module>()] INFO: Waiting For the Dome to Open at Beginning of Night
2017-11-19T09:14:29 [main.py:525 - <module>()] INFO: Waiting For the Dome to Open at Beginning of Night
2017-11-19T09:15:29 [main.py:525 - <module>()] INFO: Waiting For the Dome to Open at Beginning of Night
2017-11-19T09:16:29 [main.py:525 - <module>()] INFO: Waiting For the Dome to Open at Beginning of Night
2017-11-19T09:17:30 [main.py:525 - <module>()] INFO: Waiting For the Dome to Open at Beginning of Night
2017-11-19T09:18:30 [main.py:525 - <module>()] INFO: Waiting For the Dome to Open at Beginning of Night
2017-11-19T09:19:30 [main.py:525 - <module>()] INFO: Waiting For the Dome to Open at Beginning of Night
2017-11-19T09:20:30 [main.py:525 - <module>()] INFO: Waiting For the Dome to Open at Beginning of Night
2017-11-19T09:21:31 [main.py:525 - <module>()] INFO: Waiting For the Dome to Open at Beginning of Night
2017-11-19T09:22:31 [main.py:525 - <module>()] INFO: Waiting For the Dome to Open at Beginning of Night
2017-11-19T09:23:31 [main.py:525 - <module>()] INFO: Waiting For the Dome to Open at Beginning of Night
2017-11-19T09:24:31 [main.py:525 - <module>()] INFO: Waiting For the Dome to Open at Beginning of Night
2017-11-19T09:25:32 [main.py:525 - <module>()] INFO: Waiting For the Dome to Open at Beginning of Night
2017-11-19T09:26:32 [main.py:525 - <module>()] INFO: Waiting For the Dome to Open at Beginning of Night
2017-11-19T09:27:32 [main.py:525 - <module>()] INFO: Waiting For the Dome to Open at Beginning of Night
2017-11-19T09:28:32 [main.py:525 - <module>()] INFO: Waiting For the Dome to Open at Beginning of Night
2017-11-19T09:29:33 [main.py:525 - <module>()] INFO: Waiting For the Dome to Open at Beginning of Night
2017-11-19T09:30:33 [main.py:525 - <module>()] INFO: Waiting For the Dome to Open at Beginning of Night
2017-11-19T09:31:33 [main.py:525 - <module>()] INFO: Waiting For the Dome to Open at Beginning of Night
2017-11-19T09:32:33 [main.py:525 - <module>()] INFO: Waiting For the Dome to Open at Beginning of Night
2017-11-19T09:33:34 [main.py:525 - <module>()] INFO: Waiting For the Dome to Open at Beginning of Night
2017-11-19T09:34:34 [main.py:525 - <module>()] INFO: Waiting For the Dome to Open at Beginning of Night
2017-11-19T09:35:34 [main.py:525 - <module>()] INFO: Waiting For the Dome to Open at Beginning of Night
2017-11-19T09:36:34 [main.py:525 - <module>()] INFO: Waiting For the Dome to Open at Beginning of Night
2017-11-19T09:37:35 [main.py:525 - <module>()] INFO: Waiting For the Dome to Open at Beginning of Night
2017-11-19T09:38:35 [main.py:525 - <module>()] INFO: Waiting For the Dome to Open at Beginning of Night
2017-11-19T09:39:35 [main.py:525 - <module>()] INFO: Waiting For the Dome to Open at Beginning of Night
2017-11-19T09:40:35 [main.py:525 - <module>()] INFO: Waiting For the Dome to Open at Beginning of Night
2017-11-19T09:41:36 [main.py:525 - <module>()] INFO: Waiting For the Dome to Open at Beginning of Night
2017-11-19T09:42:36 [main.py:525 - <module>()] INFO: Waiting For the Dome to Open at Beginning of Night
2017-11-19T09:43:36 [main.py:525 - <module>()] INFO: Waiting For the Dome to Open at Beginning of Night
2017-11-19T09:44:36 [main.py:525 - <module>()] INFO: Waiting For the Dome to Open at Beginning of Night
2017-11-19T09:45:37 [main.py:525 - <module>()] INFO: Waiting For the Dome to Open at Beginning of Night
2017-11-19T09:46:37 [main.py:525 - <module>()] INFO: Waiting For the Dome to Open at Beginning of Night
2017-11-19T09:47:37 [main.py:525 - <module>()] INFO: Waiting For the Dome to Open at Beginning of Night
2017-11-19T09:48:37 [main.py:525 - <module>()] INFO: Waiting For the Dome to Open at Beginning of Night
2017-11-19T09:49:38 [main.py:525 - <module>()] INFO: Waiting For the Dome to Open at Beginning of Night
2017-11-19T09:50:38 [main.py:525 - <module>()] INFO: Waiting For the Dome to Open at Beginning of Night
2017-11-19T09:51:38 [main.py:525 - <module>()] INFO: Waiting For the Dome to Open at Beginning of Night
2017-11-19T09:52:38 [main.py:525 - <module>()] INFO: Waiting For the Dome to Open at Beginning of Night
2017-11-19T09:53:39 [main.py:525 - <module>()] INFO: Waiting For the Dome to Open at Beginning of Night
2017-11-19T09:54:39 [main.py:525 - <module>()] INFO: Waiting For the Dome to Open at Beginning of Night
2017-11-19T09:55:39 [main.py:525 - <module>()] INFO: Waiting For the Dome to Open at Beginning of Night
2017-11-19T09:56:39 [main.py:525 - <module>()] INFO: Waiting For the Dome to Open at Beginning of Night
2017-11-19T09:57:40 [main.py:525 - <module>()] INFO: Waiting For the Dome to Open at Beginning of Night
2017-11-19T09:58:40 [main.py:525 - <module>()] INFO: Waiting For the Dome to Open at Beginning of Night
2017-11-19T09:59:40 [main.py:525 - <module>()] INFO: Waiting For the Dome to Open at Beginning of Night
2017-11-19T10:00:41 [main.py:525 - <module>()] INFO: Waiting For the Dome to Open at Beginning of Night
2017-11-19T10:01:41 [main.py:525 - <module>()] INFO: Waiting For the Dome to Open at Beginning of Night
2017-11-19T10:02:41 [main.py:525 - <module>()] INFO: Waiting For the Dome to Open at Beginning of Night
2017-11-19T10:03:41 [main.py:525 - <module>()] INFO: Waiting For the Dome to Open at Beginning of Night
2017-11-19T10:04:42 [main.py:525 - <module>()] INFO: Waiting For the Dome to Open at Beginning of Night
2017-11-19T10:05:42 [main.py:525 - <module>()] INFO: Waiting For the Dome to Open at Beginning of Night
2017-11-19T10:06:42 [main.py:525 - <module>()] INFO: Waiting For the Dome to Open at Beginning of Night
2017-11-19T10:07:42 [main.py:525 - <module>()] INFO: Waiting For the Dome to Open at Beginning of Night
2017-11-19T10:08:43 [main.py:525 - <module>()] INFO: Waiting For the Dome to Open at Beginning of Night
2017-11-19T10:09:43 [main.py:525 - <module>()] INFO: Waiting For the Dome to Open at Beginning of Night
2017-11-19T10:10:43 [main.py:525 - <module>()] INFO: Waiting For the Dome to Open at Beginning of Night
2017-11-19T10:11:43 [main.py:525 - <module>()] INFO: Waiting For the Dome to Open at Beginning of Night
2017-11-19T10:12:44 [main.py:525 - <module>()] INFO: Waiting For the Dome to Open at Beginning of Night
2017-11-19T10:13:44 [main.py:525 - <module>()] INFO: Waiting For the Dome to Open at Beginning of Night
2017-11-19T10:14:44 [main.py:525 - <module>()] INFO: Waiting For the Dome to Open at Beginning of Night
2017-11-19T10:15:44 [main.py:525 - <module>()] INFO: Waiting For the Dome to Open at Beginning of Night
2017-11-19T10:16:45 [main.py:525 - <module>()] INFO: Waiting For the Dome to Open at Beginning of Night
2017-11-19T10:17:45 [main.py:525 - <module>()] INFO: Waiting For the Dome to Open at Beginning of Night
2017-11-19T10:18:45 [main.py:525 - <module>()] INFO: Waiting For the Dome to Open at Beginning of Night
2017-11-19T10:19:46 [main.py:525 - <module>()] INFO: Waiting For the Dome to Open at Beginning of Night
2017-11-19T10:20:46 [main.py:525 - <module>()] INFO: Waiting For the Dome to Open at Beginning of Night
2017-11-19T10:21:46 [main.py:525 - <module>()] INFO: Waiting For the Dome to Open at Beginning of Night
2017-11-19T10:22:46 [main.py:525 - <module>()] INFO: Waiting For the Dome to Open at Beginning of Night
2017-11-19T10:23:47 [main.py:525 - <module>()] INFO: Waiting For the Dome to Open at Beginning of Night
2017-11-19T10:24:47 [main.py:525 - <module>()] INFO: Waiting For the Dome to Open at Beginning of Night
2017-11-19T10:25:47 [main.py:525 - <module>()] INFO: Waiting For the Dome to Open at Beginning of Night
2017-11-19T10:26:47 [main.py:525 - <module>()] INFO: Waiting For the Dome to Open at Beginning of Night
2017-11-19T10:27:48 [main.py:525 - <module>()] INFO: Waiting For the Dome to Open at Beginning of Night
2017-11-19T10:28:48 [main.py:525 - <module>()] INFO: Waiting For the Dome to Open at Beginning of Night
2017-11-19T10:29:48 [main.py:525 - <module>()] INFO: Waiting For the Dome to Open at Beginning of Night
2017-11-19T10:30:48 [main.py:525 - <module>()] INFO: Waiting For the Dome to Open at Beginning of Night
2017-11-19T10:31:49 [main.py:525 - <module>()] INFO: Waiting For the Dome to Open at Beginning of Night
2017-11-19T10:32:49 [main.py:525 - <module>()] INFO: Waiting For the Dome to Open at Beginning of Night
2017-11-19T10:33:49 [main.py:525 - <module>()] INFO: Waiting For the Dome to Open at Beginning of Night
2017-11-19T10:34:49 [main.py:525 - <module>()] INFO: Waiting For the Dome to Open at Beginning of Night
2017-11-19T10:35:50 [main.py:525 - <module>()] INFO: Waiting For the Dome to Open at Beginning of Night
2017-11-19T10:36:50 [main.py:525 - <module>()] INFO: Waiting For the Dome to Open at Beginning of Night
2017-11-19T10:37:50 [main.py:525 - <module>()] INFO: Waiting For the Dome to Open at Beginning of Night
2017-11-19T10:38:50 [main.py:525 - <module>()] INFO: Waiting For the Dome to Open at Beginning of Night
2017-11-19T10:39:51 [main.py:525 - <module>()] INFO: Waiting For the Dome to Open at Beginning of Night
2017-11-19T10:40:51 [main.py:525 - <module>()] INFO: Waiting For the Dome to Open at Beginning of Night
2017-11-19T10:41:51 [main.py:525 - <module>()] INFO: Waiting For the Dome to Open at Beginning of Night
2017-11-19T10:42:51 [main.py:525 - <module>()] INFO: Waiting For the Dome to Open at Beginning of Night
2017-11-19T10:43:52 [main.py:525 - <module>()] INFO: Waiting For the Dome to Open at Beginning of Night
2017-11-19T10:44:52 [main.py:525 - <module>()] INFO: Waiting For the Dome to Open at Beginning of Night
2017-11-19T10:45:52 [main.py:525 - <module>()] INFO: Waiting For the Dome to Open at Beginning of Night
2017-11-19T10:46:52 [main.py:525 - <module>()] INFO: Waiting For the Dome to Open at Beginning of Night
2017-11-19T10:47:53 [main.py:525 - <module>()] INFO: Waiting For the Dome to Open at Beginning of Night
2017-11-19T10:48:53 [main.py:525 - <module>()] INFO: Waiting For the Dome to Open at Beginning of Night
2017-11-19T10:49:53 [main.py:525 - <module>()] INFO: Waiting For the Dome to Open at Beginning of Night
2017-11-19T10:50:53 [main.py:525 - <module>()] INFO: Waiting For the Dome to Open at Beginning of Night
2017-11-19T10:51:54 [main.py:525 - <module>()] INFO: Waiting For the Dome to Open at Beginning of Night
2017-11-19T10:52:54 [main.py:525 - <module>()] INFO: Waiting For the Dome to Open at Beginning of Night
2017-11-19T10:53:54 [main.py:525 - <module>()] INFO: Waiting For the Dome to Open at Beginning of Night
2017-11-19T10:54:54 [main.py:525 - <module>()] INFO: Waiting For the Dome to Open at Beginning of Night
2017-11-19T10:55:55 [main.py:525 - <module>()] INFO: Waiting For the Dome to Open at Beginning of Night
2017-11-19T10:56:55 [main.py:525 - <module>()] INFO: Waiting For the Dome to Open at Beginning of Night
2017-11-19T10:57:55 [main.py:525 - <module>()] INFO: Waiting For the Dome to Open at Beginning of Night
2017-11-19T10:58:56 [main.py:525 - <module>()] INFO: Waiting For the Dome to Open at Beginning of Night
2017-11-19T10:59:56 [main.py:525 - <module>()] INFO: Waiting For the Dome to Open at Beginning of Night
2017-11-19T11:00:56 [main.py:525 - <module>()] INFO: Waiting For the Dome to Open at Beginning of Night
2017-11-19T11:01:56 [main.py:525 - <module>()] INFO: Waiting For the Dome to Open at Beginning of Night
2017-11-19T11:02:56 [main.py:525 - <module>()] INFO: Waiting For the Dome to Open at Beginning of Night
2017-11-19T11:03:57 [main.py:525 - <module>()] INFO: Waiting For the Dome to Open at Beginning of Night
2017-11-19T11:04:57 [main.py:525 - <module>()] INFO: Waiting For the Dome to Open at Beginning of Night
2017-11-19T11:05:57 [main.py:525 - <module>()] INFO: Waiting For the Dome to Open at Beginning of Night
2017-11-19T11:06:57 [main.py:525 - <module>()] INFO: Waiting For the Dome to Open at Beginning of Night
2017-11-19T11:07:58 [main.py:525 - <module>()] INFO: Waiting For the Dome to Open at Beginning of Night
2017-11-19T11:08:58 [main.py:525 - <module>()] INFO: Waiting For the Dome to Open at Beginning of Night
2017-11-19T11:09:58 [main.py:525 - <module>()] INFO: Waiting For the Dome to Open at Beginning of Night
2017-11-19T11:10:58 [main.py:525 - <module>()] INFO: Waiting For the Dome to Open at Beginning of Night
2017-11-19T11:11:59 [main.py:525 - <module>()] INFO: Waiting For the Dome to Open at Beginning of Night
2017-11-19T11:12:59 [main.py:525 - <module>()] INFO: Waiting For the Dome to Open at Beginning of Night
2017-11-19T11:13:59 [main.py:525 - <module>()] INFO: Waiting For the Dome to Open at Beginning of Night
2017-11-19T11:15:00 [main.py:525 - <module>()] INFO: Waiting For the Dome to Open at Beginning of Night
2017-11-19T11:16:00 [main.py:525 - <module>()] INFO: Waiting For the Dome to Open at Beginning of Night
2017-11-19T11:17:00 [main.py:525 - <module>()] INFO: Waiting For the Dome to Open at Beginning of Night
2017-11-19T11:18:00 [main.py:525 - <module>()] INFO: Waiting For the Dome to Open at Beginning of Night
2017-11-19T11:19:01 [main.py:525 - <module>()] INFO: Waiting For the Dome to Open at Beginning of Night
2017-11-19T11:20:01 [main.py:525 - <module>()] INFO: Waiting For the Dome to Open at Beginning of Night
2017-11-19T11:21:01 [main.py:525 - <module>()] INFO: Waiting For the Dome to Open at Beginning of Night
2017-11-19T11:22:01 [main.py:525 - <module>()] INFO: Waiting For the Dome to Open at Beginning of Night
2017-11-19T11:23:02 [main.py:525 - <module>()] INFO: Waiting For the Dome to Open at Beginning of Night
2017-11-19T11:24:02 [main.py:525 - <module>()] INFO: Waiting For the Dome to Open at Beginning of Night
2017-11-19T11:25:02 [main.py:525 - <module>()] INFO: Waiting For the Dome to Open at Beginning of Night
2017-11-19T11:26:02 [main.py:525 - <module>()] INFO: Waiting For the Dome to Open at Beginning of Night
2017-11-19T11:27:03 [main.py:525 - <module>()] INFO: Waiting For the Dome to Open at Beginning of Night
2017-11-19T11:28:03 [main.py:525 - <module>()] INFO: Waiting For the Dome to Open at Beginning of Night
2017-11-19T11:29:03 [main.py:525 - <module>()] INFO: Waiting For the Dome to Open at Beginning of Night
2017-11-19T11:30:03 [main.py:525 - <module>()] INFO: Waiting For the Dome to Open at Beginning of Night
2017-11-19T11:31:04 [main.py:525 - <module>()] INFO: Waiting For the Dome to Open at Beginning of Night
2017-11-19T11:32:04 [main.py:525 - <module>()] INFO: Waiting For the Dome to Open at Beginning of Night
2017-11-19T11:33:04 [main.py:525 - <module>()] INFO: Waiting For the Dome to Open at Beginning of Night
2017-11-19T11:34:04 [main.py:525 - <module>()] INFO: Waiting For the Dome to Open at Beginning of Night
2017-11-19T11:35:05 [main.py:525 - <module>()] INFO: Waiting For the Dome to Open at Beginning of Night
2017-11-19T11:36:05 [main.py:525 - <module>()] INFO: Waiting For the Dome to Open at Beginning of Night
2017-11-19T11:37:05 [main.py:525 - <module>()] INFO: Waiting For the Dome to Open at Beginning of Night
2017-11-19T11:38:05 [main.py:525 - <module>()] INFO: Waiting For the Dome to Open at Beginning of Night
2017-11-19T11:39:06 [main.py:525 - <module>()] INFO: Waiting For the Dome to Open at Beginning of Night
2017-11-19T11:40:06 [main.py:525 - <module>()] INFO: Waiting For the Dome to Open at Beginning of Night
2017-11-19T11:41:06 [main.py:525 - <module>()] INFO: Waiting For the Dome to Open at Beginning of Night
2017-11-19T11:42:06 [main.py:525 - <module>()] INFO: Waiting For the Dome to Open at Beginning of Night
2017-11-19T11:43:07 [main.py:525 - <module>()] INFO: Waiting For the Dome to Open at Beginning of Night
2017-11-19T11:44:07 [main.py:525 - <module>()] INFO: Waiting For the Dome to Open at Beginning of Night
2017-11-19T11:45:07 [main.py:525 - <module>()] INFO: Waiting For the Dome to Open at Beginning of Night
2017-11-19T11:46:07 [main.py:525 - <module>()] INFO: Waiting For the Dome to Open at Beginning of Night
2017-11-19T11:47:08 [main.py:525 - <module>()] INFO: Waiting For the Dome to Open at Beginning of Night
2017-11-19T11:48:08 [main.py:525 - <module>()] INFO: Waiting For the Dome to Open at Beginning of Night
2017-11-19T11:49:08 [main.py:525 - <module>()] INFO: Waiting For the Dome to Open at Beginning of Night
2017-11-19T11:50:08 [main.py:525 - <module>()] INFO: Waiting For the Dome to Open at Beginning of Night
2017-11-19T11:51:09 [main.py:525 - <module>()] INFO: Waiting For the Dome to Open at Beginning of Night
2017-11-19T11:52:09 [main.py:525 - <module>()] INFO: Waiting For the Dome to Open at Beginning of Night
2017-11-19T11:53:09 [main.py:525 - <module>()] INFO: Waiting For the Dome to Open at Beginning of Night
2017-11-19T11:54:09 [main.py:525 - <module>()] INFO: Waiting For the Dome to Open at Beginning of Night
2017-11-19T11:55:10 [main.py:525 - <module>()] INFO: Waiting For the Dome to Open at Beginning of Night
2017-11-19T11:56:10 [main.py:525 - <module>()] INFO: Waiting For the Dome to Open at Beginning of Night
2017-11-19T11:57:10 [main.py:525 - <module>()] INFO: Waiting For the Dome to Open at Beginning of Night
2017-11-19T11:58:10 [main.py:525 - <module>()] INFO: Waiting For the Dome to Open at Beginning of Night
2017-11-19T11:59:11 [main.py:525 - <module>()] INFO: Waiting For the Dome to Open at Beginning of Night
2017-11-19T12:00:11 [main.py:525 - <module>()] INFO: Waiting For the Dome to Open at Beginning of Night
2017-11-19T12:01:11 [main.py:525 - <module>()] INFO: Waiting For the Dome to Open at Beginning of Night
2017-11-19T12:02:12 [main.py:525 - <module>()] INFO: Waiting For the Dome to Open at Beginning of Night
2017-11-19T12:03:12 [main.py:525 - <module>()] INFO: Waiting For the Dome to Open at Beginning of Night
2017-11-19T12:04:12 [main.py:525 - <module>()] INFO: Waiting For the Dome to Open at Beginning of Night
2017-11-19T12:05:12 [main.py:525 - <module>()] INFO: Waiting For the Dome to Open at Beginning of Night
2017-11-19T12:06:13 [main.py:525 - <module>()] INFO: Waiting For the Dome to Open at Beginning of Night
2017-11-19T12:07:13 [main.py:525 - <module>()] INFO: Waiting For the Dome to Open at Beginning of Night
2017-11-19T12:08:13 [main.py:525 - <module>()] INFO: Waiting For the Dome to Open at Beginning of Night
2017-11-19T12:09:13 [main.py:525 - <module>()] INFO: Waiting For the Dome to Open at Beginning of Night
2017-11-19T12:10:14 [main.py:525 - <module>()] INFO: Waiting For the Dome to Open at Beginning of Night
2017-11-19T12:11:14 [main.py:525 - <module>()] INFO: Waiting For the Dome to Open at Beginning of Night
2017-11-19T12:12:14 [main.py:525 - <module>()] INFO: Waiting For the Dome to Open at Beginning of Night
2017-11-19T12:13:14 [main.py:525 - <module>()] INFO: Waiting For the Dome to Open at Beginning of Night
2017-11-19T12:14:14 [main.py:525 - <module>()] INFO: Waiting For the Dome to Open at Beginning of Night
2017-11-19T12:15:15 [main.py:525 - <module>()] INFO: Waiting For the Dome to Open at Beginning of Night
2017-11-19T12:16:15 [main.py:525 - <module>()] INFO: Waiting For the Dome to Open at Beginning of Night
2017-11-19T12:17:15 [main.py:525 - <module>()] INFO: Waiting For the Dome to Open at Beginning of Night
2017-11-19T12:18:16 [main.py:525 - <module>()] INFO: Waiting For the Dome to Open at Beginning of Night
2017-11-19T12:19:16 [main.py:525 - <module>()] INFO: Waiting For the Dome to Open at Beginning of Night
2017-11-19T12:20:16 [main.py:525 - <module>()] INFO: Waiting For the Dome to Open at Beginning of Night
2017-11-19T12:21:16 [main.py:525 - <module>()] INFO: Waiting For the Dome to Open at Beginning of Night
2017-11-19T12:22:16 [main.py:525 - <module>()] INFO: Waiting For the Dome to Open at Beginning of Night
2017-11-19T12:23:17 [main.py:525 - <module>()] INFO: Waiting For the Dome to Open at Beginning of Night
2017-11-19T12:24:17 [main.py:525 - <module>()] INFO: Waiting For the Dome to Open at Beginning of Night
2017-11-19T12:25:17 [main.py:525 - <module>()] INFO: Waiting For the Dome to Open at Beginning of Night
2017-11-19T12:26:17 [main.py:525 - <module>()] INFO: Waiting For the Dome to Open at Beginning of Night
2017-11-19T12:27:18 [main.py:525 - <module>()] INFO: Waiting For the Dome to Open at Beginning of Night
2017-11-19T12:28:18 [main.py:525 - <module>()] INFO: Waiting For the Dome to Open at Beginning of Night
2017-11-19T12:29:18 [main.py:525 - <module>()] INFO: Waiting For the Dome to Open at Beginning of Night
2017-11-19T12:30:18 [main.py:525 - <module>()] INFO: Waiting For the Dome to Open at Beginning of Night
2017-11-19T12:31:19 [main.py:525 - <module>()] INFO: Waiting For the Dome to Open at Beginning of Night
2017-11-19T12:32:19 [main.py:525 - <module>()] INFO: Waiting For the Dome to Open at Beginning of Night
2017-11-19T12:33:19 [main.py:525 - <module>()] INFO: Waiting For the Dome to Open at Beginning of Night
2017-11-19T12:34:20 [main.py:525 - <module>()] INFO: Waiting For the Dome to Open at Beginning of Night
2017-11-19T12:35:20 [main.py:525 - <module>()] INFO: Waiting For the Dome to Open at Beginning of Night
2017-11-19T12:36:20 [main.py:525 - <module>()] INFO: Waiting For the Dome to Open at Beginning of Night
2017-11-19T12:37:20 [main.py:525 - <module>()] INFO: Waiting For the Dome to Open at Beginning of Night
2017-11-19T12:38:21 [main.py:525 - <module>()] INFO: Waiting For the Dome to Open at Beginning of Night
2017-11-19T12:39:21 [main.py:525 - <module>()] INFO: Waiting For the Dome to Open at Beginning of Night
2017-11-19T12:40:21 [main.py:525 - <module>()] INFO: Waiting For the Dome to Open at Beginning of Night
2017-11-19T12:41:21 [main.py:525 - <module>()] INFO: Waiting For the Dome to Open at Beginning of Night
2017-11-19T12:42:22 [main.py:525 - <module>()] INFO: Waiting For the Dome to Open at Beginning of Night
2017-11-19T12:43:22 [main.py:525 - <module>()] INFO: Waiting For the Dome to Open at Beginning of Night
2017-11-19T12:44:22 [main.py:525 - <module>()] INFO: Waiting For the Dome to Open at Beginning of Night
2017-11-19T12:45:22 [main.py:525 - <module>()] INFO: Waiting For the Dome to Open at Beginning of Night
2017-11-19T12:46:23 [main.py:525 - <module>()] INFO: Waiting For the Dome to Open at Beginning of Night
2017-11-19T12:47:23 [main.py:525 - <module>()] INFO: Waiting For the Dome to Open at Beginning of Night
2017-11-19T12:48:23 [main.py:525 - <module>()] INFO: Waiting For the Dome to Open at Beginning of Night
2017-11-19T12:49:23 [main.py:525 - <module>()] INFO: Waiting For the Dome to Open at Beginning of Night
2017-11-19T12:50:24 [main.py:525 - <module>()] INFO: Waiting For the Dome to Open at Beginning of Night
2017-11-19T12:50:24 [main.py:532 - <module>()] INFO: Past Nautical Twilight. Should close up
