2018-03-02T00:45:32 [main.py:488 - <module>()] INFO: Waiting for sunset (2083.873797seconds)
2018-03-02T01:23:26 [main.py:499 - <module>()] INFO: Taking 30 Biases
2018-03-02T01:23:26 [main.py:163 - doDark()] INFO: Taking BIAS 1 of 30 (exptime = 0)
2018-03-02T01:23:26 [main.py:227 - takeImage()] INFO: Taking 0 second image
2018-03-02T01:23:29 [main.py:248 - takeImage()] INFO: Saving image: C:/camal/data/n20180302//0001BIAS.0.fits
2018-03-02T01:23:29 [main.py:163 - doDark()] INFO: Taking BIAS 2 of 30 (exptime = 0)
2018-03-02T01:23:29 [main.py:227 - takeImage()] INFO: Taking 0 second image
2018-03-02T01:23:30 [main.py:248 - takeImage()] INFO: Saving image: C:/camal/data/n20180302//0002BIAS.0.fits
2018-03-02T01:23:30 [main.py:163 - doDark()] INFO: Taking BIAS 3 of 30 (exptime = 0)
2018-03-02T01:23:30 [main.py:227 - takeImage()] INFO: Taking 0 second image
2018-03-02T01:23:32 [main.py:248 - takeImage()] INFO: Saving image: C:/camal/data/n20180302//0003BIAS.0.fits
2018-03-02T01:23:32 [main.py:163 - doDark()] INFO: Taking BIAS 4 of 30 (exptime = 0)
2018-03-02T01:23:32 [main.py:227 - takeImage()] INFO: Taking 0 second image
2018-03-02T01:23:33 [main.py:248 - takeImage()] INFO: Saving image: C:/camal/data/n20180302//0004BIAS.0.fits
2018-03-02T01:23:33 [main.py:163 - doDark()] INFO: Taking BIAS 5 of 30 (exptime = 0)
2018-03-02T01:23:33 [main.py:227 - takeImage()] INFO: Taking 0 second image
2018-03-02T01:23:35 [main.py:248 - takeImage()] INFO: Saving image: C:/camal/data/n20180302//0005BIAS.0.fits
2018-03-02T01:23:35 [main.py:163 - doDark()] INFO: Taking BIAS 6 of 30 (exptime = 0)
2018-03-02T01:23:35 [main.py:227 - takeImage()] INFO: Taking 0 second image
2018-03-02T01:23:36 [main.py:248 - takeImage()] INFO: Saving image: C:/camal/data/n20180302//0006BIAS.0.fits
2018-03-02T01:23:36 [main.py:163 - doDark()] INFO: Taking BIAS 7 of 30 (exptime = 0)
2018-03-02T01:23:36 [main.py:227 - takeImage()] INFO: Taking 0 second image
2018-03-02T01:23:38 [main.py:248 - takeImage()] INFO: Saving image: C:/camal/data/n20180302//0007BIAS.0.fits
2018-03-02T01:23:38 [main.py:163 - doDark()] INFO: Taking BIAS 8 of 30 (exptime = 0)
2018-03-02T01:23:38 [main.py:227 - takeImage()] INFO: Taking 0 second image
2018-03-02T01:23:39 [main.py:248 - takeImage()] INFO: Saving image: C:/camal/data/n20180302//0008BIAS.0.fits
2018-03-02T01:23:39 [main.py:163 - doDark()] INFO: Taking BIAS 9 of 30 (exptime = 0)
2018-03-02T01:23:39 [main.py:227 - takeImage()] INFO: Taking 0 second image
2018-03-02T01:23:40 [main.py:248 - takeImage()] INFO: Saving image: C:/camal/data/n20180302//0009BIAS.0.fits
2018-03-02T01:23:41 [main.py:163 - doDark()] INFO: Taking BIAS 10 of 30 (exptime = 0)
2018-03-02T01:23:41 [main.py:227 - takeImage()] INFO: Taking 0 second image
2018-03-02T01:23:42 [main.py:248 - takeImage()] INFO: Saving image: C:/camal/data/n20180302//0010BIAS.0.fits
2018-03-02T01:23:42 [main.py:163 - doDark()] INFO: Taking BIAS 11 of 30 (exptime = 0)
2018-03-02T01:23:42 [main.py:227 - takeImage()] INFO: Taking 0 second image
2018-03-02T01:23:43 [main.py:248 - takeImage()] INFO: Saving image: C:/camal/data/n20180302//0011BIAS.0.fits
2018-03-02T01:23:43 [main.py:163 - doDark()] INFO: Taking BIAS 12 of 30 (exptime = 0)
2018-03-02T01:23:43 [main.py:227 - takeImage()] INFO: Taking 0 second image
2018-03-02T01:23:45 [main.py:248 - takeImage()] INFO: Saving image: C:/camal/data/n20180302//0012BIAS.0.fits
2018-03-02T01:23:45 [main.py:163 - doDark()] INFO: Taking BIAS 13 of 30 (exptime = 0)
2018-03-02T01:23:45 [main.py:227 - takeImage()] INFO: Taking 0 second image
2018-03-02T01:23:46 [main.py:248 - takeImage()] INFO: Saving image: C:/camal/data/n20180302//0013BIAS.0.fits
2018-03-02T01:23:46 [main.py:163 - doDark()] INFO: Taking BIAS 14 of 30 (exptime = 0)
2018-03-02T01:23:46 [main.py:227 - takeImage()] INFO: Taking 0 second image
2018-03-02T01:23:48 [main.py:248 - takeImage()] INFO: Saving image: C:/camal/data/n20180302//0014BIAS.0.fits
2018-03-02T01:23:48 [main.py:163 - doDark()] INFO: Taking BIAS 15 of 30 (exptime = 0)
2018-03-02T01:23:48 [main.py:227 - takeImage()] INFO: Taking 0 second image
2018-03-02T01:23:49 [main.py:248 - takeImage()] INFO: Saving image: C:/camal/data/n20180302//0015BIAS.0.fits
2018-03-02T01:23:49 [main.py:163 - doDark()] INFO: Taking BIAS 16 of 30 (exptime = 0)
2018-03-02T01:23:49 [main.py:227 - takeImage()] INFO: Taking 0 second image
2018-03-02T01:23:50 [main.py:248 - takeImage()] INFO: Saving image: C:/camal/data/n20180302//0016BIAS.0.fits
2018-03-02T01:23:51 [main.py:163 - doDark()] INFO: Taking BIAS 17 of 30 (exptime = 0)
2018-03-02T01:23:51 [main.py:227 - takeImage()] INFO: Taking 0 second image
2018-03-02T01:23:52 [main.py:248 - takeImage()] INFO: Saving image: C:/camal/data/n20180302//0017BIAS.0.fits
2018-03-02T01:23:52 [main.py:163 - doDark()] INFO: Taking BIAS 18 of 30 (exptime = 0)
2018-03-02T01:23:52 [main.py:227 - takeImage()] INFO: Taking 0 second image
2018-03-02T01:23:53 [main.py:248 - takeImage()] INFO: Saving image: C:/camal/data/n20180302//0018BIAS.0.fits
2018-03-02T01:23:53 [main.py:163 - doDark()] INFO: Taking BIAS 19 of 30 (exptime = 0)
2018-03-02T01:23:53 [main.py:227 - takeImage()] INFO: Taking 0 second image
2018-03-02T01:23:55 [main.py:248 - takeImage()] INFO: Saving image: C:/camal/data/n20180302//0019BIAS.0.fits
2018-03-02T01:23:55 [main.py:163 - doDark()] INFO: Taking BIAS 20 of 30 (exptime = 0)
2018-03-02T01:23:55 [main.py:227 - takeImage()] INFO: Taking 0 second image
2018-03-02T01:23:56 [main.py:248 - takeImage()] INFO: Saving image: C:/camal/data/n20180302//0020BIAS.0.fits
2018-03-02T01:23:56 [main.py:163 - doDark()] INFO: Taking BIAS 21 of 30 (exptime = 0)
2018-03-02T01:23:56 [main.py:227 - takeImage()] INFO: Taking 0 second image
2018-03-02T01:23:58 [main.py:248 - takeImage()] INFO: Saving image: C:/camal/data/n20180302//0021BIAS.0.fits
2018-03-02T01:23:58 [main.py:163 - doDark()] INFO: Taking BIAS 22 of 30 (exptime = 0)
2018-03-02T01:23:58 [main.py:227 - takeImage()] INFO: Taking 0 second image
2018-03-02T01:23:59 [main.py:248 - takeImage()] INFO: Saving image: C:/camal/data/n20180302//0022BIAS.0.fits
2018-03-02T01:23:59 [main.py:163 - doDark()] INFO: Taking BIAS 23 of 30 (exptime = 0)
2018-03-02T01:23:59 [main.py:227 - takeImage()] INFO: Taking 0 second image
2018-03-02T01:24:01 [main.py:248 - takeImage()] INFO: Saving image: C:/camal/data/n20180302//0023BIAS.0.fits
2018-03-02T01:24:01 [main.py:163 - doDark()] INFO: Taking BIAS 24 of 30 (exptime = 0)
2018-03-02T01:24:01 [main.py:227 - takeImage()] INFO: Taking 0 second image
2018-03-02T01:24:02 [main.py:248 - takeImage()] INFO: Saving image: C:/camal/data/n20180302//0024BIAS.0.fits
2018-03-02T01:24:02 [main.py:163 - doDark()] INFO: Taking BIAS 25 of 30 (exptime = 0)
2018-03-02T01:24:02 [main.py:227 - takeImage()] INFO: Taking 0 second image
2018-03-02T01:24:04 [main.py:248 - takeImage()] INFO: Saving image: C:/camal/data/n20180302//0025BIAS.0.fits
2018-03-02T01:24:04 [main.py:163 - doDark()] INFO: Taking BIAS 26 of 30 (exptime = 0)
2018-03-02T01:24:04 [main.py:227 - takeImage()] INFO: Taking 0 second image
2018-03-02T01:24:05 [main.py:248 - takeImage()] INFO: Saving image: C:/camal/data/n20180302//0026BIAS.0.fits
2018-03-02T01:24:05 [main.py:163 - doDark()] INFO: Taking BIAS 27 of 30 (exptime = 0)
2018-03-02T01:24:05 [main.py:227 - takeImage()] INFO: Taking 0 second image
2018-03-02T01:24:06 [main.py:248 - takeImage()] INFO: Saving image: C:/camal/data/n20180302//0027BIAS.0.fits
2018-03-02T01:24:07 [main.py:163 - doDark()] INFO: Taking BIAS 28 of 30 (exptime = 0)
2018-03-02T01:24:07 [main.py:227 - takeImage()] INFO: Taking 0 second image
2018-03-02T01:24:08 [main.py:248 - takeImage()] INFO: Saving image: C:/camal/data/n20180302//0028BIAS.0.fits
2018-03-02T01:24:08 [main.py:163 - doDark()] INFO: Taking BIAS 29 of 30 (exptime = 0)
2018-03-02T01:24:08 [main.py:227 - takeImage()] INFO: Taking 0 second image
2018-03-02T01:24:09 [main.py:248 - takeImage()] INFO: Saving image: C:/camal/data/n20180302//0029BIAS.0.fits
2018-03-02T01:24:09 [main.py:163 - doDark()] INFO: Taking BIAS 30 of 30 (exptime = 0)
2018-03-02T01:24:09 [main.py:227 - takeImage()] INFO: Taking 0 second image
2018-03-02T01:24:11 [main.py:248 - takeImage()] INFO: Saving image: C:/camal/data/n20180302//0030BIAS.0.fits
2018-03-02T01:24:11 [main.py:505 - <module>()] INFO: Waiting for nautical twilight to end (3006.170507seconds)
2018-03-02T02:14:17 [main.py:510 - <module>()] INFO: Making Schedule
2018-03-02T02:14:25 [main.py:525 - <module>()] INFO: Waiting For the Dome to Open at Beginning of Night
2018-03-02T02:15:25 [main.py:525 - <module>()] INFO: Waiting For the Dome to Open at Beginning of Night
2018-03-02T02:16:26 [main.py:525 - <module>()] INFO: Waiting For the Dome to Open at Beginning of Night
2018-03-02T02:17:26 [main.py:525 - <module>()] INFO: Waiting For the Dome to Open at Beginning of Night
2018-03-02T02:18:27 [main.py:525 - <module>()] INFO: Waiting For the Dome to Open at Beginning of Night
2018-03-02T02:19:27 [main.py:525 - <module>()] INFO: Waiting For the Dome to Open at Beginning of Night
2018-03-02T02:20:28 [main.py:525 - <module>()] INFO: Waiting For the Dome to Open at Beginning of Night
2018-03-02T02:21:29 [main.py:525 - <module>()] INFO: Waiting For the Dome to Open at Beginning of Night
2018-03-02T02:22:29 [main.py:525 - <module>()] INFO: Waiting For the Dome to Open at Beginning of Night
2018-03-02T02:23:30 [main.py:525 - <module>()] INFO: Waiting For the Dome to Open at Beginning of Night
2018-03-02T02:24:30 [main.py:525 - <module>()] INFO: Waiting For the Dome to Open at Beginning of Night
2018-03-02T02:25:31 [main.py:525 - <module>()] INFO: Waiting For the Dome to Open at Beginning of Night
2018-03-02T02:26:32 [main.py:525 - <module>()] INFO: Waiting For the Dome to Open at Beginning of Night
2018-03-02T02:27:32 [main.py:525 - <module>()] INFO: Waiting For the Dome to Open at Beginning of Night
2018-03-02T02:28:33 [main.py:525 - <module>()] INFO: Waiting For the Dome to Open at Beginning of Night
2018-03-02T02:29:33 [main.py:525 - <module>()] INFO: Waiting For the Dome to Open at Beginning of Night
2018-03-02T02:30:34 [main.py:525 - <module>()] INFO: Waiting For the Dome to Open at Beginning of Night
2018-03-02T02:31:34 [main.py:525 - <module>()] INFO: Waiting For the Dome to Open at Beginning of Night
2018-03-02T02:32:35 [main.py:525 - <module>()] INFO: Waiting For the Dome to Open at Beginning of Night
2018-03-02T02:33:35 [main.py:525 - <module>()] INFO: Waiting For the Dome to Open at Beginning of Night
2018-03-02T02:34:36 [main.py:525 - <module>()] INFO: Waiting For the Dome to Open at Beginning of Night
2018-03-02T02:35:36 [main.py:525 - <module>()] INFO: Waiting For the Dome to Open at Beginning of Night
2018-03-02T02:36:37 [main.py:525 - <module>()] INFO: Waiting For the Dome to Open at Beginning of Night
2018-03-02T02:37:38 [main.py:525 - <module>()] INFO: Waiting For the Dome to Open at Beginning of Night
2018-03-02T02:38:38 [main.py:525 - <module>()] INFO: Waiting For the Dome to Open at Beginning of Night
2018-03-02T02:39:39 [main.py:525 - <module>()] INFO: Waiting For the Dome to Open at Beginning of Night
2018-03-02T02:40:39 [main.py:525 - <module>()] INFO: Waiting For the Dome to Open at Beginning of Night
2018-03-02T02:41:40 [main.py:525 - <module>()] INFO: Waiting For the Dome to Open at Beginning of Night
2018-03-02T02:42:41 [main.py:525 - <module>()] INFO: Waiting For the Dome to Open at Beginning of Night
2018-03-02T02:43:41 [main.py:525 - <module>()] INFO: Waiting For the Dome to Open at Beginning of Night
2018-03-02T02:44:42 [main.py:525 - <module>()] INFO: Waiting For the Dome to Open at Beginning of Night
2018-03-02T02:45:42 [main.py:525 - <module>()] INFO: Waiting For the Dome to Open at Beginning of Night
2018-03-02T02:46:43 [main.py:525 - <module>()] INFO: Waiting For the Dome to Open at Beginning of Night
2018-03-02T02:47:44 [main.py:525 - <module>()] INFO: Waiting For the Dome to Open at Beginning of Night
2018-03-02T02:48:44 [main.py:525 - <module>()] INFO: Waiting For the Dome to Open at Beginning of Night
2018-03-02T02:49:45 [main.py:525 - <module>()] INFO: Waiting For the Dome to Open at Beginning of Night
2018-03-02T02:50:45 [main.py:525 - <module>()] INFO: Waiting For the Dome to Open at Beginning of Night
2018-03-02T02:51:46 [main.py:525 - <module>()] INFO: Waiting For the Dome to Open at Beginning of Night
2018-03-02T02:52:46 [main.py:525 - <module>()] INFO: Waiting For the Dome to Open at Beginning of Night
2018-03-02T02:53:47 [main.py:525 - <module>()] INFO: Waiting For the Dome to Open at Beginning of Night
2018-03-02T02:54:47 [main.py:525 - <module>()] INFO: Waiting For the Dome to Open at Beginning of Night
2018-03-02T02:55:48 [main.py:525 - <module>()] INFO: Waiting For the Dome to Open at Beginning of Night
2018-03-02T02:56:48 [main.py:525 - <module>()] INFO: Waiting For the Dome to Open at Beginning of Night
2018-03-02T02:57:49 [main.py:525 - <module>()] INFO: Waiting For the Dome to Open at Beginning of Night
2018-03-02T02:58:50 [main.py:525 - <module>()] INFO: Waiting For the Dome to Open at Beginning of Night
2018-03-02T02:59:50 [main.py:525 - <module>()] INFO: Waiting For the Dome to Open at Beginning of Night
2018-03-02T03:00:51 [main.py:525 - <module>()] INFO: Waiting For the Dome to Open at Beginning of Night
2018-03-02T03:01:51 [main.py:525 - <module>()] INFO: Waiting For the Dome to Open at Beginning of Night
2018-03-02T03:02:52 [main.py:525 - <module>()] INFO: Waiting For the Dome to Open at Beginning of Night
2018-03-02T03:03:52 [main.py:525 - <module>()] INFO: Waiting For the Dome to Open at Beginning of Night
2018-03-02T03:04:53 [main.py:525 - <module>()] INFO: Waiting For the Dome to Open at Beginning of Night
2018-03-02T03:05:53 [main.py:525 - <module>()] INFO: Waiting For the Dome to Open at Beginning of Night
2018-03-02T03:06:54 [main.py:525 - <module>()] INFO: Waiting For the Dome to Open at Beginning of Night
2018-03-02T03:07:55 [main.py:525 - <module>()] INFO: Waiting For the Dome to Open at Beginning of Night
2018-03-02T03:08:55 [main.py:525 - <module>()] INFO: Waiting For the Dome to Open at Beginning of Night
2018-03-02T03:09:56 [main.py:525 - <module>()] INFO: Waiting For the Dome to Open at Beginning of Night
2018-03-02T03:10:56 [main.py:525 - <module>()] INFO: Waiting For the Dome to Open at Beginning of Night
2018-03-02T03:11:57 [main.py:525 - <module>()] INFO: Waiting For the Dome to Open at Beginning of Night
2018-03-02T03:12:57 [main.py:525 - <module>()] INFO: Waiting For the Dome to Open at Beginning of Night
2018-03-02T03:13:58 [main.py:525 - <module>()] INFO: Waiting For the Dome to Open at Beginning of Night
2018-03-02T03:14:58 [main.py:525 - <module>()] INFO: Waiting For the Dome to Open at Beginning of Night
2018-03-02T03:15:59 [main.py:525 - <module>()] INFO: Waiting For the Dome to Open at Beginning of Night
2018-03-02T03:16:59 [main.py:525 - <module>()] INFO: Waiting For the Dome to Open at Beginning of Night
2018-03-02T03:18:00 [main.py:525 - <module>()] INFO: Waiting For the Dome to Open at Beginning of Night
2018-03-02T03:19:00 [main.py:525 - <module>()] INFO: Waiting For the Dome to Open at Beginning of Night
2018-03-02T03:20:01 [main.py:525 - <module>()] INFO: Waiting For the Dome to Open at Beginning of Night
2018-03-02T03:21:01 [main.py:525 - <module>()] INFO: Waiting For the Dome to Open at Beginning of Night
2018-03-02T03:22:02 [main.py:525 - <module>()] INFO: Waiting For the Dome to Open at Beginning of Night
2018-03-02T03:23:03 [main.py:525 - <module>()] INFO: Waiting For the Dome to Open at Beginning of Night
2018-03-02T03:24:03 [main.py:525 - <module>()] INFO: Waiting For the Dome to Open at Beginning of Night
2018-03-02T03:25:04 [main.py:525 - <module>()] INFO: Waiting For the Dome to Open at Beginning of Night
2018-03-02T03:26:04 [main.py:525 - <module>()] INFO: Waiting For the Dome to Open at Beginning of Night
2018-03-02T03:27:05 [main.py:525 - <module>()] INFO: Waiting For the Dome to Open at Beginning of Night
2018-03-02T03:28:05 [main.py:525 - <module>()] INFO: Waiting For the Dome to Open at Beginning of Night
2018-03-02T03:29:06 [main.py:525 - <module>()] INFO: Waiting For the Dome to Open at Beginning of Night
2018-03-02T03:30:06 [main.py:525 - <module>()] INFO: Waiting For the Dome to Open at Beginning of Night
2018-03-02T03:31:07 [main.py:525 - <module>()] INFO: Waiting For the Dome to Open at Beginning of Night
2018-03-02T03:32:07 [main.py:525 - <module>()] INFO: Waiting For the Dome to Open at Beginning of Night
2018-03-02T03:33:08 [main.py:525 - <module>()] INFO: Waiting For the Dome to Open at Beginning of Night
2018-03-02T03:34:08 [main.py:525 - <module>()] INFO: Waiting For the Dome to Open at Beginning of Night
2018-03-02T03:35:09 [main.py:525 - <module>()] INFO: Waiting For the Dome to Open at Beginning of Night
2018-03-02T03:36:09 [main.py:525 - <module>()] INFO: Waiting For the Dome to Open at Beginning of Night
2018-03-02T03:37:10 [main.py:525 - <module>()] INFO: Waiting For the Dome to Open at Beginning of Night
2018-03-02T03:38:10 [main.py:525 - <module>()] INFO: Waiting For the Dome to Open at Beginning of Night
2018-03-02T03:39:11 [main.py:525 - <module>()] INFO: Waiting For the Dome to Open at Beginning of Night
2018-03-02T03:40:11 [main.py:525 - <module>()] INFO: Waiting For the Dome to Open at Beginning of Night
2018-03-02T03:41:12 [main.py:525 - <module>()] INFO: Waiting For the Dome to Open at Beginning of Night
2018-03-02T03:42:13 [main.py:525 - <module>()] INFO: Waiting For the Dome to Open at Beginning of Night
2018-03-02T03:43:13 [main.py:525 - <module>()] INFO: Waiting For the Dome to Open at Beginning of Night
2018-03-02T03:44:14 [main.py:525 - <module>()] INFO: Waiting For the Dome to Open at Beginning of Night
2018-03-02T03:45:14 [main.py:525 - <module>()] INFO: Waiting For the Dome to Open at Beginning of Night
2018-03-02T03:46:15 [main.py:525 - <module>()] INFO: Waiting For the Dome to Open at Beginning of Night
2018-03-02T03:47:16 [main.py:525 - <module>()] INFO: Waiting For the Dome to Open at Beginning of Night
2018-03-02T03:48:16 [main.py:525 - <module>()] INFO: Waiting For the Dome to Open at Beginning of Night
2018-03-02T03:49:17 [main.py:525 - <module>()] INFO: Waiting For the Dome to Open at Beginning of Night
2018-03-02T03:50:17 [main.py:525 - <module>()] INFO: Waiting For the Dome to Open at Beginning of Night
2018-03-02T03:51:18 [main.py:525 - <module>()] INFO: Waiting For the Dome to Open at Beginning of Night
2018-03-02T03:52:19 [main.py:525 - <module>()] INFO: Waiting For the Dome to Open at Beginning of Night
2018-03-02T03:53:19 [main.py:525 - <module>()] INFO: Waiting For the Dome to Open at Beginning of Night
2018-03-02T03:54:20 [main.py:525 - <module>()] INFO: Waiting For the Dome to Open at Beginning of Night
2018-03-02T03:55:20 [main.py:525 - <module>()] INFO: Waiting For the Dome to Open at Beginning of Night
2018-03-02T03:56:21 [main.py:525 - <module>()] INFO: Waiting For the Dome to Open at Beginning of Night
2018-03-02T03:57:21 [main.py:525 - <module>()] INFO: Waiting For the Dome to Open at Beginning of Night
2018-03-02T03:58:22 [main.py:525 - <module>()] INFO: Waiting For the Dome to Open at Beginning of Night
2018-03-02T03:59:22 [main.py:525 - <module>()] INFO: Waiting For the Dome to Open at Beginning of Night
2018-03-02T04:00:23 [main.py:525 - <module>()] INFO: Waiting For the Dome to Open at Beginning of Night
2018-03-02T04:01:24 [main.py:525 - <module>()] INFO: Waiting For the Dome to Open at Beginning of Night
2018-03-02T04:02:24 [main.py:525 - <module>()] INFO: Waiting For the Dome to Open at Beginning of Night
2018-03-02T04:03:25 [main.py:525 - <module>()] INFO: Waiting For the Dome to Open at Beginning of Night
2018-03-02T04:04:25 [main.py:525 - <module>()] INFO: Waiting For the Dome to Open at Beginning of Night
2018-03-02T04:05:26 [main.py:525 - <module>()] INFO: Waiting For the Dome to Open at Beginning of Night
2018-03-02T04:06:26 [main.py:525 - <module>()] INFO: Waiting For the Dome to Open at Beginning of Night
2018-03-02T04:07:27 [main.py:525 - <module>()] INFO: Waiting For the Dome to Open at Beginning of Night
2018-03-02T04:08:27 [main.py:525 - <module>()] INFO: Waiting For the Dome to Open at Beginning of Night
2018-03-02T04:09:28 [main.py:525 - <module>()] INFO: Waiting For the Dome to Open at Beginning of Night
2018-03-02T04:10:29 [main.py:525 - <module>()] INFO: Waiting For the Dome to Open at Beginning of Night
2018-03-02T04:11:29 [main.py:525 - <module>()] INFO: Waiting For the Dome to Open at Beginning of Night
2018-03-02T04:12:30 [main.py:525 - <module>()] INFO: Waiting For the Dome to Open at Beginning of Night
2018-03-02T04:13:30 [main.py:525 - <module>()] INFO: Waiting For the Dome to Open at Beginning of Night
2018-03-02T04:14:31 [main.py:525 - <module>()] INFO: Waiting For the Dome to Open at Beginning of Night
2018-03-02T04:15:31 [main.py:525 - <module>()] INFO: Waiting For the Dome to Open at Beginning of Night
2018-03-02T04:16:32 [main.py:525 - <module>()] INFO: Waiting For the Dome to Open at Beginning of Night
2018-03-02T04:17:33 [main.py:525 - <module>()] INFO: Waiting For the Dome to Open at Beginning of Night
2018-03-02T04:18:33 [main.py:525 - <module>()] INFO: Waiting For the Dome to Open at Beginning of Night
2018-03-02T04:19:34 [main.py:525 - <module>()] INFO: Waiting For the Dome to Open at Beginning of Night
2018-03-02T04:20:34 [main.py:525 - <module>()] INFO: Waiting For the Dome to Open at Beginning of Night
2018-03-02T04:21:35 [main.py:525 - <module>()] INFO: Waiting For the Dome to Open at Beginning of Night
2018-03-02T04:22:35 [main.py:525 - <module>()] INFO: Waiting For the Dome to Open at Beginning of Night
2018-03-02T04:23:36 [main.py:525 - <module>()] INFO: Waiting For the Dome to Open at Beginning of Night
2018-03-02T04:24:37 [main.py:525 - <module>()] INFO: Waiting For the Dome to Open at Beginning of Night
2018-03-02T04:25:37 [main.py:525 - <module>()] INFO: Waiting For the Dome to Open at Beginning of Night
2018-03-02T04:26:38 [main.py:525 - <module>()] INFO: Waiting For the Dome to Open at Beginning of Night
2018-03-02T04:27:38 [main.py:525 - <module>()] INFO: Waiting For the Dome to Open at Beginning of Night
2018-03-02T04:28:39 [main.py:525 - <module>()] INFO: Waiting For the Dome to Open at Beginning of Night
2018-03-02T04:29:39 [main.py:525 - <module>()] INFO: Waiting For the Dome to Open at Beginning of Night
2018-03-02T04:30:40 [main.py:525 - <module>()] INFO: Waiting For the Dome to Open at Beginning of Night
2018-03-02T04:31:40 [main.py:525 - <module>()] INFO: Waiting For the Dome to Open at Beginning of Night
2018-03-02T04:32:41 [main.py:525 - <module>()] INFO: Waiting For the Dome to Open at Beginning of Night
2018-03-02T04:33:41 [main.py:525 - <module>()] INFO: Waiting For the Dome to Open at Beginning of Night
2018-03-02T04:34:42 [main.py:525 - <module>()] INFO: Waiting For the Dome to Open at Beginning of Night
2018-03-02T04:35:43 [main.py:525 - <module>()] INFO: Waiting For the Dome to Open at Beginning of Night
2018-03-02T04:36:43 [main.py:525 - <module>()] INFO: Waiting For the Dome to Open at Beginning of Night
2018-03-02T04:37:44 [main.py:525 - <module>()] INFO: Waiting For the Dome to Open at Beginning of Night
2018-03-02T04:38:44 [main.py:525 - <module>()] INFO: Waiting For the Dome to Open at Beginning of Night
2018-03-02T04:39:45 [main.py:525 - <module>()] INFO: Waiting For the Dome to Open at Beginning of Night
2018-03-02T04:40:45 [main.py:525 - <module>()] INFO: Waiting For the Dome to Open at Beginning of Night
2018-03-02T04:41:46 [main.py:525 - <module>()] INFO: Waiting For the Dome to Open at Beginning of Night
2018-03-02T04:42:47 [main.py:525 - <module>()] INFO: Waiting For the Dome to Open at Beginning of Night
2018-03-02T04:43:47 [main.py:525 - <module>()] INFO: Waiting For the Dome to Open at Beginning of Night
2018-03-02T04:44:48 [main.py:525 - <module>()] INFO: Waiting For the Dome to Open at Beginning of Night
2018-03-02T04:45:48 [main.py:525 - <module>()] INFO: Waiting For the Dome to Open at Beginning of Night
2018-03-02T04:46:49 [main.py:525 - <module>()] INFO: Waiting For the Dome to Open at Beginning of Night
2018-03-02T04:47:49 [main.py:525 - <module>()] INFO: Waiting For the Dome to Open at Beginning of Night
2018-03-02T04:48:50 [main.py:525 - <module>()] INFO: Waiting For the Dome to Open at Beginning of Night
2018-03-02T04:49:50 [main.py:525 - <module>()] INFO: Waiting For the Dome to Open at Beginning of Night
2018-03-02T04:50:51 [main.py:525 - <module>()] INFO: Waiting For the Dome to Open at Beginning of Night
2018-03-02T04:51:52 [main.py:525 - <module>()] INFO: Waiting For the Dome to Open at Beginning of Night
2018-03-02T04:52:52 [main.py:525 - <module>()] INFO: Waiting For the Dome to Open at Beginning of Night
2018-03-02T04:53:53 [main.py:525 - <module>()] INFO: Waiting For the Dome to Open at Beginning of Night
2018-03-02T04:54:53 [main.py:525 - <module>()] INFO: Waiting For the Dome to Open at Beginning of Night
2018-03-02T04:55:54 [main.py:525 - <module>()] INFO: Waiting For the Dome to Open at Beginning of Night
2018-03-02T04:56:54 [main.py:525 - <module>()] INFO: Waiting For the Dome to Open at Beginning of Night
2018-03-02T04:57:55 [main.py:525 - <module>()] INFO: Waiting For the Dome to Open at Beginning of Night
2018-03-02T04:58:55 [main.py:525 - <module>()] INFO: Waiting For the Dome to Open at Beginning of Night
2018-03-02T04:59:56 [main.py:525 - <module>()] INFO: Waiting For the Dome to Open at Beginning of Night
2018-03-02T05:00:56 [main.py:525 - <module>()] INFO: Waiting For the Dome to Open at Beginning of Night
2018-03-02T05:01:57 [main.py:525 - <module>()] INFO: Waiting For the Dome to Open at Beginning of Night
2018-03-02T05:02:57 [main.py:525 - <module>()] INFO: Waiting For the Dome to Open at Beginning of Night
2018-03-02T05:03:58 [main.py:525 - <module>()] INFO: Waiting For the Dome to Open at Beginning of Night
2018-03-02T05:04:58 [main.py:525 - <module>()] INFO: Waiting For the Dome to Open at Beginning of Night
2018-03-02T05:05:59 [main.py:525 - <module>()] INFO: Waiting For the Dome to Open at Beginning of Night
2018-03-02T05:07:00 [main.py:525 - <module>()] INFO: Waiting For the Dome to Open at Beginning of Night
2018-03-02T05:08:00 [main.py:525 - <module>()] INFO: Waiting For the Dome to Open at Beginning of Night
2018-03-02T05:09:01 [main.py:525 - <module>()] INFO: Waiting For the Dome to Open at Beginning of Night
2018-03-02T05:10:01 [main.py:525 - <module>()] INFO: Waiting For the Dome to Open at Beginning of Night
2018-03-02T05:11:02 [main.py:525 - <module>()] INFO: Waiting For the Dome to Open at Beginning of Night
2018-03-02T05:12:03 [main.py:525 - <module>()] INFO: Waiting For the Dome to Open at Beginning of Night
2018-03-02T05:13:03 [main.py:525 - <module>()] INFO: Waiting For the Dome to Open at Beginning of Night
2018-03-02T05:14:04 [main.py:525 - <module>()] INFO: Waiting For the Dome to Open at Beginning of Night
2018-03-02T05:15:04 [main.py:525 - <module>()] INFO: Waiting For the Dome to Open at Beginning of Night
2018-03-02T05:16:05 [main.py:525 - <module>()] INFO: Waiting For the Dome to Open at Beginning of Night
2018-03-02T05:17:05 [main.py:525 - <module>()] INFO: Waiting For the Dome to Open at Beginning of Night
2018-03-02T05:18:06 [main.py:525 - <module>()] INFO: Waiting For the Dome to Open at Beginning of Night
2018-03-02T05:19:07 [main.py:525 - <module>()] INFO: Waiting For the Dome to Open at Beginning of Night
2018-03-02T05:20:07 [main.py:525 - <module>()] INFO: Waiting For the Dome to Open at Beginning of Night
2018-03-02T05:21:08 [main.py:525 - <module>()] INFO: Waiting For the Dome to Open at Beginning of Night
2018-03-02T05:22:08 [main.py:525 - <module>()] INFO: Waiting For the Dome to Open at Beginning of Night
2018-03-02T05:23:09 [main.py:525 - <module>()] INFO: Waiting For the Dome to Open at Beginning of Night
2018-03-02T05:24:09 [main.py:525 - <module>()] INFO: Waiting For the Dome to Open at Beginning of Night
2018-03-02T05:25:10 [main.py:525 - <module>()] INFO: Waiting For the Dome to Open at Beginning of Night
2018-03-02T05:26:11 [main.py:525 - <module>()] INFO: Waiting For the Dome to Open at Beginning of Night
2018-03-02T05:27:11 [main.py:525 - <module>()] INFO: Waiting For the Dome to Open at Beginning of Night
2018-03-02T05:28:12 [main.py:525 - <module>()] INFO: Waiting For the Dome to Open at Beginning of Night
2018-03-02T05:29:13 [main.py:525 - <module>()] INFO: Waiting For the Dome to Open at Beginning of Night
2018-03-02T05:30:13 [main.py:525 - <module>()] INFO: Waiting For the Dome to Open at Beginning of Night
2018-03-02T05:31:14 [main.py:525 - <module>()] INFO: Waiting For the Dome to Open at Beginning of Night
2018-03-02T05:32:14 [main.py:525 - <module>()] INFO: Waiting For the Dome to Open at Beginning of Night
2018-03-02T05:33:15 [main.py:525 - <module>()] INFO: Waiting For the Dome to Open at Beginning of Night
2018-03-02T05:34:15 [main.py:525 - <module>()] INFO: Waiting For the Dome to Open at Beginning of Night
2018-03-02T05:35:16 [main.py:525 - <module>()] INFO: Waiting For the Dome to Open at Beginning of Night
2018-03-02T05:36:17 [main.py:525 - <module>()] INFO: Waiting For the Dome to Open at Beginning of Night
2018-03-02T05:37:17 [main.py:525 - <module>()] INFO: Waiting For the Dome to Open at Beginning of Night
2018-03-02T05:38:18 [main.py:525 - <module>()] INFO: Waiting For the Dome to Open at Beginning of Night
2018-03-02T05:39:18 [main.py:525 - <module>()] INFO: Waiting For the Dome to Open at Beginning of Night
2018-03-02T05:40:19 [main.py:525 - <module>()] INFO: Waiting For the Dome to Open at Beginning of Night
2018-03-02T05:41:19 [main.py:525 - <module>()] INFO: Waiting For the Dome to Open at Beginning of Night
2018-03-02T05:42:20 [main.py:525 - <module>()] INFO: Waiting For the Dome to Open at Beginning of Night
2018-03-02T05:43:20 [main.py:525 - <module>()] INFO: Waiting For the Dome to Open at Beginning of Night
2018-03-02T05:44:21 [main.py:525 - <module>()] INFO: Waiting For the Dome to Open at Beginning of Night
2018-03-02T05:45:22 [main.py:525 - <module>()] INFO: Waiting For the Dome to Open at Beginning of Night
2018-03-02T05:46:22 [main.py:525 - <module>()] INFO: Waiting For the Dome to Open at Beginning of Night
2018-03-02T05:47:23 [main.py:525 - <module>()] INFO: Waiting For the Dome to Open at Beginning of Night
2018-03-02T05:48:23 [main.py:525 - <module>()] INFO: Waiting For the Dome to Open at Beginning of Night
2018-03-02T05:49:24 [main.py:525 - <module>()] INFO: Waiting For the Dome to Open at Beginning of Night
2018-03-02T05:50:25 [main.py:525 - <module>()] INFO: Waiting For the Dome to Open at Beginning of Night
2018-03-02T05:51:25 [main.py:525 - <module>()] INFO: Waiting For the Dome to Open at Beginning of Night
2018-03-02T05:52:26 [main.py:525 - <module>()] INFO: Waiting For the Dome to Open at Beginning of Night
2018-03-02T05:53:26 [main.py:525 - <module>()] INFO: Waiting For the Dome to Open at Beginning of Night
2018-03-02T05:54:27 [main.py:525 - <module>()] INFO: Waiting For the Dome to Open at Beginning of Night
2018-03-02T05:55:27 [main.py:525 - <module>()] INFO: Waiting For the Dome to Open at Beginning of Night
2018-03-02T05:56:28 [main.py:525 - <module>()] INFO: Waiting For the Dome to Open at Beginning of Night
2018-03-02T05:57:29 [main.py:525 - <module>()] INFO: Waiting For the Dome to Open at Beginning of Night
2018-03-02T05:58:29 [main.py:525 - <module>()] INFO: Waiting For the Dome to Open at Beginning of Night
2018-03-02T05:59:30 [main.py:525 - <module>()] INFO: Waiting For the Dome to Open at Beginning of Night
2018-03-02T06:00:30 [main.py:525 - <module>()] INFO: Waiting For the Dome to Open at Beginning of Night
2018-03-02T06:01:31 [main.py:525 - <module>()] INFO: Waiting For the Dome to Open at Beginning of Night
2018-03-02T06:02:31 [main.py:525 - <module>()] INFO: Waiting For the Dome to Open at Beginning of Night
2018-03-02T06:03:32 [main.py:525 - <module>()] INFO: Waiting For the Dome to Open at Beginning of Night
2018-03-02T06:04:32 [main.py:525 - <module>()] INFO: Waiting For the Dome to Open at Beginning of Night
2018-03-02T06:05:33 [main.py:525 - <module>()] INFO: Waiting For the Dome to Open at Beginning of Night
2018-03-02T06:06:33 [main.py:525 - <module>()] INFO: Waiting For the Dome to Open at Beginning of Night
2018-03-02T06:07:34 [main.py:525 - <module>()] INFO: Waiting For the Dome to Open at Beginning of Night
2018-03-02T06:08:34 [main.py:525 - <module>()] INFO: Waiting For the Dome to Open at Beginning of Night
2018-03-02T06:09:35 [main.py:525 - <module>()] INFO: Waiting For the Dome to Open at Beginning of Night
2018-03-02T06:10:35 [main.py:525 - <module>()] INFO: Waiting For the Dome to Open at Beginning of Night
2018-03-02T06:11:36 [main.py:525 - <module>()] INFO: Waiting For the Dome to Open at Beginning of Night
2018-03-02T06:12:36 [main.py:525 - <module>()] INFO: Waiting For the Dome to Open at Beginning of Night
2018-03-02T06:13:37 [main.py:525 - <module>()] INFO: Waiting For the Dome to Open at Beginning of Night
2018-03-02T06:14:38 [main.py:525 - <module>()] INFO: Waiting For the Dome to Open at Beginning of Night
2018-03-02T06:15:38 [main.py:525 - <module>()] INFO: Waiting For the Dome to Open at Beginning of Night
2018-03-02T06:16:39 [main.py:525 - <module>()] INFO: Waiting For the Dome to Open at Beginning of Night
2018-03-02T06:17:39 [main.py:525 - <module>()] INFO: Waiting For the Dome to Open at Beginning of Night
2018-03-02T06:18:40 [main.py:525 - <module>()] INFO: Waiting For the Dome to Open at Beginning of Night
2018-03-02T06:19:41 [main.py:525 - <module>()] INFO: Waiting For the Dome to Open at Beginning of Night
2018-03-02T06:20:41 [main.py:525 - <module>()] INFO: Waiting For the Dome to Open at Beginning of Night
2018-03-02T06:21:42 [main.py:525 - <module>()] INFO: Waiting For the Dome to Open at Beginning of Night
2018-03-02T06:22:42 [main.py:525 - <module>()] INFO: Waiting For the Dome to Open at Beginning of Night
2018-03-02T06:23:43 [main.py:525 - <module>()] INFO: Waiting For the Dome to Open at Beginning of Night
2018-03-02T06:24:43 [main.py:525 - <module>()] INFO: Waiting For the Dome to Open at Beginning of Night
2018-03-02T06:25:44 [main.py:525 - <module>()] INFO: Waiting For the Dome to Open at Beginning of Night
2018-03-02T06:26:45 [main.py:525 - <module>()] INFO: Waiting For the Dome to Open at Beginning of Night
2018-03-02T06:27:45 [main.py:525 - <module>()] INFO: Waiting For the Dome to Open at Beginning of Night
2018-03-02T06:28:46 [main.py:525 - <module>()] INFO: Waiting For the Dome to Open at Beginning of Night
2018-03-02T06:29:46 [main.py:525 - <module>()] INFO: Waiting For the Dome to Open at Beginning of Night
2018-03-02T06:30:47 [main.py:525 - <module>()] INFO: Waiting For the Dome to Open at Beginning of Night
2018-03-02T06:31:48 [main.py:525 - <module>()] INFO: Waiting For the Dome to Open at Beginning of Night
2018-03-02T06:32:48 [main.py:525 - <module>()] INFO: Waiting For the Dome to Open at Beginning of Night
2018-03-02T06:33:49 [main.py:525 - <module>()] INFO: Waiting For the Dome to Open at Beginning of Night
2018-03-02T06:34:49 [main.py:525 - <module>()] INFO: Waiting For the Dome to Open at Beginning of Night
2018-03-02T06:35:50 [main.py:525 - <module>()] INFO: Waiting For the Dome to Open at Beginning of Night
2018-03-02T06:36:51 [main.py:525 - <module>()] INFO: Waiting For the Dome to Open at Beginning of Night
2018-03-02T06:37:51 [main.py:525 - <module>()] INFO: Waiting For the Dome to Open at Beginning of Night
2018-03-02T06:38:52 [main.py:525 - <module>()] INFO: Waiting For the Dome to Open at Beginning of Night
2018-03-02T06:39:52 [main.py:525 - <module>()] INFO: Waiting For the Dome to Open at Beginning of Night
2018-03-02T06:40:53 [main.py:525 - <module>()] INFO: Waiting For the Dome to Open at Beginning of Night
2018-03-02T06:41:53 [main.py:525 - <module>()] INFO: Waiting For the Dome to Open at Beginning of Night
2018-03-02T06:42:54 [main.py:525 - <module>()] INFO: Waiting For the Dome to Open at Beginning of Night
2018-03-02T06:43:54 [main.py:525 - <module>()] INFO: Waiting For the Dome to Open at Beginning of Night
2018-03-02T06:44:55 [main.py:525 - <module>()] INFO: Waiting For the Dome to Open at Beginning of Night
2018-03-02T06:45:56 [main.py:525 - <module>()] INFO: Waiting For the Dome to Open at Beginning of Night
2018-03-02T06:46:56 [main.py:525 - <module>()] INFO: Waiting For the Dome to Open at Beginning of Night
2018-03-02T06:47:57 [main.py:525 - <module>()] INFO: Waiting For the Dome to Open at Beginning of Night
2018-03-02T06:48:57 [main.py:525 - <module>()] INFO: Waiting For the Dome to Open at Beginning of Night
2018-03-02T06:49:58 [main.py:525 - <module>()] INFO: Waiting For the Dome to Open at Beginning of Night
2018-03-02T06:50:58 [main.py:525 - <module>()] INFO: Waiting For the Dome to Open at Beginning of Night
2018-03-02T06:51:59 [main.py:525 - <module>()] INFO: Waiting For the Dome to Open at Beginning of Night
2018-03-02T06:52:59 [main.py:525 - <module>()] INFO: Waiting For the Dome to Open at Beginning of Night
2018-03-02T06:54:00 [main.py:525 - <module>()] INFO: Waiting For the Dome to Open at Beginning of Night
2018-03-02T06:55:00 [main.py:525 - <module>()] INFO: Waiting For the Dome to Open at Beginning of Night
2018-03-02T06:56:01 [main.py:525 - <module>()] INFO: Waiting For the Dome to Open at Beginning of Night
2018-03-02T06:57:02 [main.py:525 - <module>()] INFO: Waiting For the Dome to Open at Beginning of Night
2018-03-02T06:58:02 [main.py:525 - <module>()] INFO: Waiting For the Dome to Open at Beginning of Night
2018-03-02T06:59:03 [main.py:525 - <module>()] INFO: Waiting For the Dome to Open at Beginning of Night
2018-03-02T07:00:03 [main.py:525 - <module>()] INFO: Waiting For the Dome to Open at Beginning of Night
2018-03-02T07:01:04 [main.py:525 - <module>()] INFO: Waiting For the Dome to Open at Beginning of Night
2018-03-02T07:02:04 [main.py:525 - <module>()] INFO: Waiting For the Dome to Open at Beginning of Night
2018-03-02T07:03:05 [main.py:525 - <module>()] INFO: Waiting For the Dome to Open at Beginning of Night
2018-03-02T07:04:06 [main.py:525 - <module>()] INFO: Waiting For the Dome to Open at Beginning of Night
2018-03-02T07:05:06 [main.py:525 - <module>()] INFO: Waiting For the Dome to Open at Beginning of Night
2018-03-02T07:06:07 [main.py:525 - <module>()] INFO: Waiting For the Dome to Open at Beginning of Night
2018-03-02T07:07:07 [main.py:525 - <module>()] INFO: Waiting For the Dome to Open at Beginning of Night
2018-03-02T07:08:08 [main.py:525 - <module>()] INFO: Waiting For the Dome to Open at Beginning of Night
2018-03-02T07:09:09 [main.py:525 - <module>()] INFO: Waiting For the Dome to Open at Beginning of Night
2018-03-02T07:10:09 [main.py:525 - <module>()] INFO: Waiting For the Dome to Open at Beginning of Night
2018-03-02T07:11:10 [main.py:525 - <module>()] INFO: Waiting For the Dome to Open at Beginning of Night
2018-03-02T07:12:10 [main.py:525 - <module>()] INFO: Waiting For the Dome to Open at Beginning of Night
2018-03-02T07:13:11 [main.py:525 - <module>()] INFO: Waiting For the Dome to Open at Beginning of Night
2018-03-02T07:14:11 [main.py:525 - <module>()] INFO: Waiting For the Dome to Open at Beginning of Night
2018-03-02T07:15:12 [main.py:525 - <module>()] INFO: Waiting For the Dome to Open at Beginning of Night
2018-03-02T07:16:13 [main.py:525 - <module>()] INFO: Waiting For the Dome to Open at Beginning of Night
2018-03-02T07:17:13 [main.py:525 - <module>()] INFO: Waiting For the Dome to Open at Beginning of Night
2018-03-02T07:18:14 [main.py:525 - <module>()] INFO: Waiting For the Dome to Open at Beginning of Night
2018-03-02T07:19:14 [main.py:525 - <module>()] INFO: Waiting For the Dome to Open at Beginning of Night
2018-03-02T07:20:15 [main.py:525 - <module>()] INFO: Waiting For the Dome to Open at Beginning of Night
2018-03-02T07:21:15 [main.py:525 - <module>()] INFO: Waiting For the Dome to Open at Beginning of Night
2018-03-02T07:22:16 [main.py:525 - <module>()] INFO: Waiting For the Dome to Open at Beginning of Night
2018-03-02T07:23:17 [main.py:525 - <module>()] INFO: Waiting For the Dome to Open at Beginning of Night
2018-03-02T07:24:17 [main.py:525 - <module>()] INFO: Waiting For the Dome to Open at Beginning of Night
2018-03-02T07:25:18 [main.py:525 - <module>()] INFO: Waiting For the Dome to Open at Beginning of Night
2018-03-02T07:26:18 [main.py:525 - <module>()] INFO: Waiting For the Dome to Open at Beginning of Night
2018-03-02T07:27:19 [main.py:525 - <module>()] INFO: Waiting For the Dome to Open at Beginning of Night
2018-03-02T07:28:20 [main.py:525 - <module>()] INFO: Waiting For the Dome to Open at Beginning of Night
2018-03-02T07:29:20 [main.py:525 - <module>()] INFO: Waiting For the Dome to Open at Beginning of Night
2018-03-02T07:30:21 [main.py:525 - <module>()] INFO: Waiting For the Dome to Open at Beginning of Night
2018-03-02T07:31:21 [main.py:525 - <module>()] INFO: Waiting For the Dome to Open at Beginning of Night
2018-03-02T07:32:22 [main.py:525 - <module>()] INFO: Waiting For the Dome to Open at Beginning of Night
2018-03-02T07:33:22 [main.py:525 - <module>()] INFO: Waiting For the Dome to Open at Beginning of Night
2018-03-02T07:34:23 [main.py:525 - <module>()] INFO: Waiting For the Dome to Open at Beginning of Night
2018-03-02T07:35:24 [main.py:525 - <module>()] INFO: Waiting For the Dome to Open at Beginning of Night
2018-03-02T07:36:24 [main.py:525 - <module>()] INFO: Waiting For the Dome to Open at Beginning of Night
2018-03-02T07:37:25 [main.py:525 - <module>()] INFO: Waiting For the Dome to Open at Beginning of Night
2018-03-02T07:38:25 [main.py:525 - <module>()] INFO: Waiting For the Dome to Open at Beginning of Night
2018-03-02T07:39:26 [main.py:525 - <module>()] INFO: Waiting For the Dome to Open at Beginning of Night
2018-03-02T07:40:26 [main.py:525 - <module>()] INFO: Waiting For the Dome to Open at Beginning of Night
2018-03-02T07:41:27 [main.py:525 - <module>()] INFO: Waiting For the Dome to Open at Beginning of Night
2018-03-02T07:42:27 [main.py:525 - <module>()] INFO: Waiting For the Dome to Open at Beginning of Night
2018-03-02T07:43:28 [main.py:525 - <module>()] INFO: Waiting For the Dome to Open at Beginning of Night
2018-03-02T07:44:28 [main.py:525 - <module>()] INFO: Waiting For the Dome to Open at Beginning of Night
2018-03-02T07:45:29 [main.py:525 - <module>()] INFO: Waiting For the Dome to Open at Beginning of Night
2018-03-02T07:46:29 [main.py:525 - <module>()] INFO: Waiting For the Dome to Open at Beginning of Night
2018-03-02T07:47:30 [main.py:525 - <module>()] INFO: Waiting For the Dome to Open at Beginning of Night
2018-03-02T07:48:31 [main.py:525 - <module>()] INFO: Waiting For the Dome to Open at Beginning of Night
2018-03-02T07:49:31 [main.py:525 - <module>()] INFO: Waiting For the Dome to Open at Beginning of Night
2018-03-02T07:50:32 [main.py:525 - <module>()] INFO: Waiting For the Dome to Open at Beginning of Night
2018-03-02T07:51:32 [main.py:525 - <module>()] INFO: Waiting For the Dome to Open at Beginning of Night
2018-03-02T07:52:33 [main.py:525 - <module>()] INFO: Waiting For the Dome to Open at Beginning of Night
2018-03-02T07:53:33 [main.py:525 - <module>()] INFO: Waiting For the Dome to Open at Beginning of Night
2018-03-02T07:54:34 [main.py:525 - <module>()] INFO: Waiting For the Dome to Open at Beginning of Night
2018-03-02T07:55:35 [main.py:525 - <module>()] INFO: Waiting For the Dome to Open at Beginning of Night
2018-03-02T07:56:35 [main.py:525 - <module>()] INFO: Waiting For the Dome to Open at Beginning of Night
2018-03-02T07:57:36 [main.py:525 - <module>()] INFO: Waiting For the Dome to Open at Beginning of Night
2018-03-02T07:58:36 [main.py:525 - <module>()] INFO: Waiting For the Dome to Open at Beginning of Night
2018-03-02T07:59:37 [main.py:525 - <module>()] INFO: Waiting For the Dome to Open at Beginning of Night
2018-03-02T08:00:37 [main.py:525 - <module>()] INFO: Waiting For the Dome to Open at Beginning of Night
2018-03-02T08:01:38 [main.py:525 - <module>()] INFO: Waiting For the Dome to Open at Beginning of Night
2018-03-02T08:02:38 [main.py:525 - <module>()] INFO: Waiting For the Dome to Open at Beginning of Night
2018-03-02T08:03:39 [main.py:525 - <module>()] INFO: Waiting For the Dome to Open at Beginning of Night
2018-03-02T08:04:39 [main.py:525 - <module>()] INFO: Waiting For the Dome to Open at Beginning of Night
2018-03-02T08:05:40 [main.py:525 - <module>()] INFO: Waiting For the Dome to Open at Beginning of Night
2018-03-02T08:06:41 [main.py:525 - <module>()] INFO: Waiting For the Dome to Open at Beginning of Night
2018-03-02T08:07:41 [main.py:525 - <module>()] INFO: Waiting For the Dome to Open at Beginning of Night
2018-03-02T08:08:42 [main.py:525 - <module>()] INFO: Waiting For the Dome to Open at Beginning of Night
2018-03-02T08:09:42 [main.py:525 - <module>()] INFO: Waiting For the Dome to Open at Beginning of Night
2018-03-02T08:10:43 [main.py:525 - <module>()] INFO: Waiting For the Dome to Open at Beginning of Night
2018-03-02T08:11:44 [main.py:525 - <module>()] INFO: Waiting For the Dome to Open at Beginning of Night
2018-03-02T08:12:44 [main.py:525 - <module>()] INFO: Waiting For the Dome to Open at Beginning of Night
2018-03-02T08:13:44 [main.py:525 - <module>()] INFO: Waiting For the Dome to Open at Beginning of Night
2018-03-02T08:14:45 [main.py:525 - <module>()] INFO: Waiting For the Dome to Open at Beginning of Night
2018-03-02T08:15:45 [main.py:525 - <module>()] INFO: Waiting For the Dome to Open at Beginning of Night
2018-03-02T08:16:46 [main.py:525 - <module>()] INFO: Waiting For the Dome to Open at Beginning of Night
2018-03-02T08:17:46 [main.py:525 - <module>()] INFO: Waiting For the Dome to Open at Beginning of Night
2018-03-02T08:18:47 [main.py:525 - <module>()] INFO: Waiting For the Dome to Open at Beginning of Night
2018-03-02T08:19:47 [main.py:525 - <module>()] INFO: Waiting For the Dome to Open at Beginning of Night
2018-03-02T08:20:48 [main.py:525 - <module>()] INFO: Waiting For the Dome to Open at Beginning of Night
2018-03-02T08:21:48 [main.py:525 - <module>()] INFO: Waiting For the Dome to Open at Beginning of Night
2018-03-02T08:22:49 [main.py:525 - <module>()] INFO: Waiting For the Dome to Open at Beginning of Night
2018-03-02T08:23:49 [main.py:525 - <module>()] INFO: Waiting For the Dome to Open at Beginning of Night
2018-03-02T08:24:50 [main.py:525 - <module>()] INFO: Waiting For the Dome to Open at Beginning of Night
2018-03-02T08:25:50 [main.py:525 - <module>()] INFO: Waiting For the Dome to Open at Beginning of Night
2018-03-02T08:26:51 [main.py:525 - <module>()] INFO: Waiting For the Dome to Open at Beginning of Night
2018-03-02T08:27:51 [main.py:525 - <module>()] INFO: Waiting For the Dome to Open at Beginning of Night
2018-03-02T08:28:52 [main.py:525 - <module>()] INFO: Waiting For the Dome to Open at Beginning of Night
2018-03-02T08:29:53 [main.py:525 - <module>()] INFO: Waiting For the Dome to Open at Beginning of Night
2018-03-02T08:30:53 [main.py:525 - <module>()] INFO: Waiting For the Dome to Open at Beginning of Night
2018-03-02T08:31:54 [main.py:525 - <module>()] INFO: Waiting For the Dome to Open at Beginning of Night
2018-03-02T08:32:54 [main.py:525 - <module>()] INFO: Waiting For the Dome to Open at Beginning of Night
2018-03-02T08:33:55 [main.py:525 - <module>()] INFO: Waiting For the Dome to Open at Beginning of Night
2018-03-02T08:34:55 [main.py:525 - <module>()] INFO: Waiting For the Dome to Open at Beginning of Night
2018-03-02T08:35:56 [main.py:525 - <module>()] INFO: Waiting For the Dome to Open at Beginning of Night
2018-03-02T08:36:56 [main.py:525 - <module>()] INFO: Waiting For the Dome to Open at Beginning of Night
2018-03-02T08:37:57 [main.py:525 - <module>()] INFO: Waiting For the Dome to Open at Beginning of Night
2018-03-02T08:38:57 [main.py:525 - <module>()] INFO: Waiting For the Dome to Open at Beginning of Night
2018-03-02T08:39:58 [main.py:525 - <module>()] INFO: Waiting For the Dome to Open at Beginning of Night
2018-03-02T08:40:58 [main.py:525 - <module>()] INFO: Waiting For the Dome to Open at Beginning of Night
2018-03-02T08:41:58 [main.py:525 - <module>()] INFO: Waiting For the Dome to Open at Beginning of Night
2018-03-02T08:42:59 [main.py:525 - <module>()] INFO: Waiting For the Dome to Open at Beginning of Night
2018-03-02T08:44:00 [main.py:525 - <module>()] INFO: Waiting For the Dome to Open at Beginning of Night
2018-03-02T08:45:00 [main.py:525 - <module>()] INFO: Waiting For the Dome to Open at Beginning of Night
2018-03-02T08:46:01 [main.py:525 - <module>()] INFO: Waiting For the Dome to Open at Beginning of Night
2018-03-02T08:47:01 [main.py:525 - <module>()] INFO: Waiting For the Dome to Open at Beginning of Night
2018-03-02T08:48:02 [main.py:525 - <module>()] INFO: Waiting For the Dome to Open at Beginning of Night
2018-03-02T08:49:03 [main.py:525 - <module>()] INFO: Waiting For the Dome to Open at Beginning of Night
2018-03-02T08:50:03 [main.py:525 - <module>()] INFO: Waiting For the Dome to Open at Beginning of Night
2018-03-02T08:51:03 [main.py:525 - <module>()] INFO: Waiting For the Dome to Open at Beginning of Night
2018-03-02T08:52:04 [main.py:525 - <module>()] INFO: Waiting For the Dome to Open at Beginning of Night
2018-03-02T08:53:05 [main.py:525 - <module>()] INFO: Waiting For the Dome to Open at Beginning of Night
2018-03-02T08:54:05 [main.py:525 - <module>()] INFO: Waiting For the Dome to Open at Beginning of Night
2018-03-02T08:55:06 [main.py:525 - <module>()] INFO: Waiting For the Dome to Open at Beginning of Night
2018-03-02T08:56:06 [main.py:525 - <module>()] INFO: Waiting For the Dome to Open at Beginning of Night
2018-03-02T08:57:07 [main.py:525 - <module>()] INFO: Waiting For the Dome to Open at Beginning of Night
2018-03-02T08:58:07 [main.py:525 - <module>()] INFO: Waiting For the Dome to Open at Beginning of Night
2018-03-02T08:59:08 [main.py:525 - <module>()] INFO: Waiting For the Dome to Open at Beginning of Night
2018-03-02T09:00:08 [main.py:525 - <module>()] INFO: Waiting For the Dome to Open at Beginning of Night
2018-03-02T09:01:09 [main.py:525 - <module>()] INFO: Waiting For the Dome to Open at Beginning of Night
2018-03-02T09:02:10 [main.py:525 - <module>()] INFO: Waiting For the Dome to Open at Beginning of Night
2018-03-02T09:03:10 [main.py:525 - <module>()] INFO: Waiting For the Dome to Open at Beginning of Night
2018-03-02T09:04:11 [main.py:525 - <module>()] INFO: Waiting For the Dome to Open at Beginning of Night
2018-03-02T09:05:11 [main.py:525 - <module>()] INFO: Waiting For the Dome to Open at Beginning of Night
2018-03-02T09:06:12 [main.py:525 - <module>()] INFO: Waiting For the Dome to Open at Beginning of Night
2018-03-02T09:07:13 [main.py:525 - <module>()] INFO: Waiting For the Dome to Open at Beginning of Night
2018-03-02T09:08:13 [main.py:525 - <module>()] INFO: Waiting For the Dome to Open at Beginning of Night
2018-03-02T09:09:14 [main.py:525 - <module>()] INFO: Waiting For the Dome to Open at Beginning of Night
2018-03-02T09:10:14 [main.py:525 - <module>()] INFO: Waiting For the Dome to Open at Beginning of Night
2018-03-02T09:11:15 [main.py:525 - <module>()] INFO: Waiting For the Dome to Open at Beginning of Night
2018-03-02T09:12:15 [main.py:525 - <module>()] INFO: Waiting For the Dome to Open at Beginning of Night
2018-03-02T09:13:16 [main.py:525 - <module>()] INFO: Waiting For the Dome to Open at Beginning of Night
2018-03-02T09:14:17 [main.py:525 - <module>()] INFO: Waiting For the Dome to Open at Beginning of Night
2018-03-02T09:15:17 [main.py:525 - <module>()] INFO: Waiting For the Dome to Open at Beginning of Night
2018-03-02T09:16:18 [main.py:525 - <module>()] INFO: Waiting For the Dome to Open at Beginning of Night
2018-03-02T09:17:18 [main.py:525 - <module>()] INFO: Waiting For the Dome to Open at Beginning of Night
2018-03-02T09:18:19 [main.py:525 - <module>()] INFO: Waiting For the Dome to Open at Beginning of Night
2018-03-02T09:19:19 [main.py:525 - <module>()] INFO: Waiting For the Dome to Open at Beginning of Night
2018-03-02T09:20:20 [main.py:525 - <module>()] INFO: Waiting For the Dome to Open at Beginning of Night
2018-03-02T09:21:20 [main.py:525 - <module>()] INFO: Waiting For the Dome to Open at Beginning of Night
2018-03-02T09:22:21 [main.py:525 - <module>()] INFO: Waiting For the Dome to Open at Beginning of Night
2018-03-02T09:23:21 [main.py:525 - <module>()] INFO: Waiting For the Dome to Open at Beginning of Night
2018-03-02T09:24:22 [main.py:525 - <module>()] INFO: Waiting For the Dome to Open at Beginning of Night
2018-03-02T09:25:22 [main.py:525 - <module>()] INFO: Waiting For the Dome to Open at Beginning of Night
2018-03-02T09:26:23 [main.py:525 - <module>()] INFO: Waiting For the Dome to Open at Beginning of Night
2018-03-02T09:27:24 [main.py:525 - <module>()] INFO: Waiting For the Dome to Open at Beginning of Night
2018-03-02T09:28:24 [main.py:525 - <module>()] INFO: Waiting For the Dome to Open at Beginning of Night
2018-03-02T09:29:25 [main.py:525 - <module>()] INFO: Waiting For the Dome to Open at Beginning of Night
2018-03-02T09:30:25 [main.py:525 - <module>()] INFO: Waiting For the Dome to Open at Beginning of Night
2018-03-02T09:31:26 [main.py:525 - <module>()] INFO: Waiting For the Dome to Open at Beginning of Night
2018-03-02T09:32:27 [main.py:525 - <module>()] INFO: Waiting For the Dome to Open at Beginning of Night
2018-03-02T09:33:27 [main.py:525 - <module>()] INFO: Waiting For the Dome to Open at Beginning of Night
2018-03-02T09:34:28 [main.py:525 - <module>()] INFO: Waiting For the Dome to Open at Beginning of Night
2018-03-02T09:35:28 [main.py:525 - <module>()] INFO: Waiting For the Dome to Open at Beginning of Night
2018-03-02T09:36:29 [main.py:525 - <module>()] INFO: Waiting For the Dome to Open at Beginning of Night
2018-03-02T09:37:30 [main.py:525 - <module>()] INFO: Waiting For the Dome to Open at Beginning of Night
2018-03-02T09:38:30 [main.py:525 - <module>()] INFO: Waiting For the Dome to Open at Beginning of Night
2018-03-02T09:39:31 [main.py:525 - <module>()] INFO: Waiting For the Dome to Open at Beginning of Night
2018-03-02T09:40:31 [main.py:525 - <module>()] INFO: Waiting For the Dome to Open at Beginning of Night
2018-03-02T09:41:32 [main.py:525 - <module>()] INFO: Waiting For the Dome to Open at Beginning of Night
2018-03-02T09:42:33 [main.py:525 - <module>()] INFO: Waiting For the Dome to Open at Beginning of Night
2018-03-02T09:43:33 [main.py:525 - <module>()] INFO: Waiting For the Dome to Open at Beginning of Night
2018-03-02T09:44:34 [main.py:525 - <module>()] INFO: Waiting For the Dome to Open at Beginning of Night
2018-03-02T09:45:34 [main.py:525 - <module>()] INFO: Waiting For the Dome to Open at Beginning of Night
2018-03-02T09:46:35 [main.py:525 - <module>()] INFO: Waiting For the Dome to Open at Beginning of Night
2018-03-02T09:47:35 [main.py:525 - <module>()] INFO: Waiting For the Dome to Open at Beginning of Night
2018-03-02T09:48:36 [main.py:525 - <module>()] INFO: Waiting For the Dome to Open at Beginning of Night
2018-03-02T09:49:37 [main.py:525 - <module>()] INFO: Waiting For the Dome to Open at Beginning of Night
2018-03-02T09:50:37 [main.py:525 - <module>()] INFO: Waiting For the Dome to Open at Beginning of Night
2018-03-02T09:51:38 [main.py:525 - <module>()] INFO: Waiting For the Dome to Open at Beginning of Night
2018-03-02T09:52:38 [main.py:525 - <module>()] INFO: Waiting For the Dome to Open at Beginning of Night
2018-03-02T09:53:39 [main.py:525 - <module>()] INFO: Waiting For the Dome to Open at Beginning of Night
2018-03-02T09:54:39 [main.py:525 - <module>()] INFO: Waiting For the Dome to Open at Beginning of Night
2018-03-02T09:55:40 [main.py:525 - <module>()] INFO: Waiting For the Dome to Open at Beginning of Night
2018-03-02T09:56:40 [main.py:525 - <module>()] INFO: Waiting For the Dome to Open at Beginning of Night
2018-03-02T09:57:41 [main.py:525 - <module>()] INFO: Waiting For the Dome to Open at Beginning of Night
2018-03-02T09:58:41 [main.py:525 - <module>()] INFO: Waiting For the Dome to Open at Beginning of Night
2018-03-02T09:59:42 [main.py:525 - <module>()] INFO: Waiting For the Dome to Open at Beginning of Night
2018-03-02T10:00:43 [main.py:525 - <module>()] INFO: Waiting For the Dome to Open at Beginning of Night
2018-03-02T10:01:43 [main.py:525 - <module>()] INFO: Waiting For the Dome to Open at Beginning of Night
2018-03-02T10:02:44 [main.py:525 - <module>()] INFO: Waiting For the Dome to Open at Beginning of Night
2018-03-02T10:03:44 [main.py:525 - <module>()] INFO: Waiting For the Dome to Open at Beginning of Night
2018-03-02T10:04:45 [main.py:525 - <module>()] INFO: Waiting For the Dome to Open at Beginning of Night
2018-03-02T10:05:45 [main.py:525 - <module>()] INFO: Waiting For the Dome to Open at Beginning of Night
2018-03-02T10:06:46 [main.py:525 - <module>()] INFO: Waiting For the Dome to Open at Beginning of Night
2018-03-02T10:07:46 [main.py:525 - <module>()] INFO: Waiting For the Dome to Open at Beginning of Night
2018-03-02T10:08:47 [main.py:525 - <module>()] INFO: Waiting For the Dome to Open at Beginning of Night
2018-03-02T10:09:48 [main.py:525 - <module>()] INFO: Waiting For the Dome to Open at Beginning of Night
2018-03-02T10:10:48 [main.py:525 - <module>()] INFO: Waiting For the Dome to Open at Beginning of Night
2018-03-02T10:11:49 [main.py:525 - <module>()] INFO: Waiting For the Dome to Open at Beginning of Night
2018-03-02T10:12:49 [main.py:525 - <module>()] INFO: Waiting For the Dome to Open at Beginning of Night
2018-03-02T10:13:50 [main.py:525 - <module>()] INFO: Waiting For the Dome to Open at Beginning of Night
2018-03-02T10:14:50 [main.py:525 - <module>()] INFO: Waiting For the Dome to Open at Beginning of Night
2018-03-02T10:15:51 [main.py:525 - <module>()] INFO: Waiting For the Dome to Open at Beginning of Night
2018-03-02T10:16:51 [main.py:525 - <module>()] INFO: Waiting For the Dome to Open at Beginning of Night
2018-03-02T10:17:52 [main.py:525 - <module>()] INFO: Waiting For the Dome to Open at Beginning of Night
2018-03-02T10:18:52 [main.py:525 - <module>()] INFO: Waiting For the Dome to Open at Beginning of Night
2018-03-02T10:19:53 [main.py:525 - <module>()] INFO: Waiting For the Dome to Open at Beginning of Night
2018-03-02T10:20:54 [main.py:525 - <module>()] INFO: Waiting For the Dome to Open at Beginning of Night
2018-03-02T10:21:54 [main.py:525 - <module>()] INFO: Waiting For the Dome to Open at Beginning of Night
2018-03-02T10:22:55 [main.py:525 - <module>()] INFO: Waiting For the Dome to Open at Beginning of Night
2018-03-02T10:23:55 [main.py:525 - <module>()] INFO: Waiting For the Dome to Open at Beginning of Night
2018-03-02T10:24:56 [main.py:525 - <module>()] INFO: Waiting For the Dome to Open at Beginning of Night
2018-03-02T10:25:56 [main.py:525 - <module>()] INFO: Waiting For the Dome to Open at Beginning of Night
2018-03-02T10:26:57 [main.py:525 - <module>()] INFO: Waiting For the Dome to Open at Beginning of Night
2018-03-02T10:27:57 [main.py:525 - <module>()] INFO: Waiting For the Dome to Open at Beginning of Night
2018-03-02T10:28:58 [main.py:525 - <module>()] INFO: Waiting For the Dome to Open at Beginning of Night
2018-03-02T10:29:58 [main.py:525 - <module>()] INFO: Waiting For the Dome to Open at Beginning of Night
2018-03-02T10:30:59 [main.py:525 - <module>()] INFO: Waiting For the Dome to Open at Beginning of Night
2018-03-02T10:31:59 [main.py:525 - <module>()] INFO: Waiting For the Dome to Open at Beginning of Night
2018-03-02T10:33:00 [main.py:525 - <module>()] INFO: Waiting For the Dome to Open at Beginning of Night
2018-03-02T10:34:00 [main.py:525 - <module>()] INFO: Waiting For the Dome to Open at Beginning of Night
2018-03-02T10:35:01 [main.py:525 - <module>()] INFO: Waiting For the Dome to Open at Beginning of Night
2018-03-02T10:36:01 [main.py:525 - <module>()] INFO: Waiting For the Dome to Open at Beginning of Night
2018-03-02T10:37:02 [main.py:525 - <module>()] INFO: Waiting For the Dome to Open at Beginning of Night
2018-03-02T10:38:03 [main.py:525 - <module>()] INFO: Waiting For the Dome to Open at Beginning of Night
2018-03-02T10:39:03 [main.py:525 - <module>()] INFO: Waiting For the Dome to Open at Beginning of Night
2018-03-02T10:40:04 [main.py:525 - <module>()] INFO: Waiting For the Dome to Open at Beginning of Night
2018-03-02T10:41:04 [main.py:525 - <module>()] INFO: Waiting For the Dome to Open at Beginning of Night
2018-03-02T10:42:05 [main.py:525 - <module>()] INFO: Waiting For the Dome to Open at Beginning of Night
2018-03-02T10:43:05 [main.py:525 - <module>()] INFO: Waiting For the Dome to Open at Beginning of Night
2018-03-02T10:44:06 [main.py:525 - <module>()] INFO: Waiting For the Dome to Open at Beginning of Night
2018-03-02T10:45:07 [main.py:525 - <module>()] INFO: Waiting For the Dome to Open at Beginning of Night
2018-03-02T10:46:07 [main.py:525 - <module>()] INFO: Waiting For the Dome to Open at Beginning of Night
2018-03-02T10:47:08 [main.py:525 - <module>()] INFO: Waiting For the Dome to Open at Beginning of Night
2018-03-02T10:48:08 [main.py:525 - <module>()] INFO: Waiting For the Dome to Open at Beginning of Night
2018-03-02T10:49:09 [main.py:525 - <module>()] INFO: Waiting For the Dome to Open at Beginning of Night
2018-03-02T10:50:09 [main.py:525 - <module>()] INFO: Waiting For the Dome to Open at Beginning of Night
2018-03-02T10:51:10 [main.py:525 - <module>()] INFO: Waiting For the Dome to Open at Beginning of Night
2018-03-02T10:52:11 [main.py:525 - <module>()] INFO: Waiting For the Dome to Open at Beginning of Night
2018-03-02T10:53:11 [main.py:525 - <module>()] INFO: Waiting For the Dome to Open at Beginning of Night
2018-03-02T10:54:12 [main.py:525 - <module>()] INFO: Waiting For the Dome to Open at Beginning of Night
2018-03-02T10:55:12 [main.py:525 - <module>()] INFO: Waiting For the Dome to Open at Beginning of Night
2018-03-02T10:56:13 [main.py:525 - <module>()] INFO: Waiting For the Dome to Open at Beginning of Night
2018-03-02T10:57:13 [main.py:525 - <module>()] INFO: Waiting For the Dome to Open at Beginning of Night
2018-03-02T10:58:14 [main.py:525 - <module>()] INFO: Waiting For the Dome to Open at Beginning of Night
2018-03-02T10:59:14 [main.py:525 - <module>()] INFO: Waiting For the Dome to Open at Beginning of Night
2018-03-02T11:00:15 [main.py:525 - <module>()] INFO: Waiting For the Dome to Open at Beginning of Night
2018-03-02T11:01:16 [main.py:525 - <module>()] INFO: Waiting For the Dome to Open at Beginning of Night
2018-03-02T11:02:16 [main.py:525 - <module>()] INFO: Waiting For the Dome to Open at Beginning of Night
2018-03-02T11:03:17 [main.py:525 - <module>()] INFO: Waiting For the Dome to Open at Beginning of Night
2018-03-02T11:04:17 [main.py:525 - <module>()] INFO: Waiting For the Dome to Open at Beginning of Night
2018-03-02T11:05:18 [main.py:525 - <module>()] INFO: Waiting For the Dome to Open at Beginning of Night
2018-03-02T11:06:19 [main.py:525 - <module>()] INFO: Waiting For the Dome to Open at Beginning of Night
2018-03-02T11:07:19 [main.py:525 - <module>()] INFO: Waiting For the Dome to Open at Beginning of Night
2018-03-02T11:08:20 [main.py:525 - <module>()] INFO: Waiting For the Dome to Open at Beginning of Night
2018-03-02T11:09:20 [main.py:525 - <module>()] INFO: Waiting For the Dome to Open at Beginning of Night
2018-03-02T11:10:21 [main.py:525 - <module>()] INFO: Waiting For the Dome to Open at Beginning of Night
2018-03-02T11:11:22 [main.py:525 - <module>()] INFO: Waiting For the Dome to Open at Beginning of Night
2018-03-02T11:12:22 [main.py:525 - <module>()] INFO: Waiting For the Dome to Open at Beginning of Night
2018-03-02T11:13:23 [main.py:525 - <module>()] INFO: Waiting For the Dome to Open at Beginning of Night
2018-03-02T11:14:23 [main.py:525 - <module>()] INFO: Waiting For the Dome to Open at Beginning of Night
2018-03-02T11:15:24 [main.py:525 - <module>()] INFO: Waiting For the Dome to Open at Beginning of Night
2018-03-02T11:16:24 [main.py:525 - <module>()] INFO: Waiting For the Dome to Open at Beginning of Night
2018-03-02T11:17:25 [main.py:525 - <module>()] INFO: Waiting For the Dome to Open at Beginning of Night
2018-03-02T11:18:25 [main.py:525 - <module>()] INFO: Waiting For the Dome to Open at Beginning of Night
2018-03-02T11:19:26 [main.py:525 - <module>()] INFO: Waiting For the Dome to Open at Beginning of Night
2018-03-02T11:20:27 [main.py:525 - <module>()] INFO: Waiting For the Dome to Open at Beginning of Night
2018-03-02T11:21:27 [main.py:525 - <module>()] INFO: Waiting For the Dome to Open at Beginning of Night
2018-03-02T11:22:28 [main.py:525 - <module>()] INFO: Waiting For the Dome to Open at Beginning of Night
2018-03-02T11:23:28 [main.py:525 - <module>()] INFO: Waiting For the Dome to Open at Beginning of Night
2018-03-02T11:24:29 [main.py:525 - <module>()] INFO: Waiting For the Dome to Open at Beginning of Night
2018-03-02T11:25:29 [main.py:525 - <module>()] INFO: Waiting For the Dome to Open at Beginning of Night
2018-03-02T11:26:30 [main.py:525 - <module>()] INFO: Waiting For the Dome to Open at Beginning of Night
2018-03-02T11:27:30 [main.py:525 - <module>()] INFO: Waiting For the Dome to Open at Beginning of Night
2018-03-02T11:28:31 [main.py:525 - <module>()] INFO: Waiting For the Dome to Open at Beginning of Night
2018-03-02T11:29:31 [main.py:525 - <module>()] INFO: Waiting For the Dome to Open at Beginning of Night
2018-03-02T11:30:32 [main.py:525 - <module>()] INFO: Waiting For the Dome to Open at Beginning of Night
2018-03-02T11:31:32 [main.py:525 - <module>()] INFO: Waiting For the Dome to Open at Beginning of Night
2018-03-02T11:32:33 [main.py:525 - <module>()] INFO: Waiting For the Dome to Open at Beginning of Night
2018-03-02T11:33:33 [main.py:525 - <module>()] INFO: Waiting For the Dome to Open at Beginning of Night
2018-03-02T11:34:34 [main.py:525 - <module>()] INFO: Waiting For the Dome to Open at Beginning of Night
2018-03-02T11:35:35 [main.py:525 - <module>()] INFO: Waiting For the Dome to Open at Beginning of Night
2018-03-02T11:36:35 [main.py:525 - <module>()] INFO: Waiting For the Dome to Open at Beginning of Night
2018-03-02T11:37:36 [main.py:525 - <module>()] INFO: Waiting For the Dome to Open at Beginning of Night
2018-03-02T11:38:36 [main.py:525 - <module>()] INFO: Waiting For the Dome to Open at Beginning of Night
2018-03-02T11:39:37 [main.py:525 - <module>()] INFO: Waiting For the Dome to Open at Beginning of Night
2018-03-02T11:40:37 [main.py:525 - <module>()] INFO: Waiting For the Dome to Open at Beginning of Night
2018-03-02T11:41:38 [main.py:525 - <module>()] INFO: Waiting For the Dome to Open at Beginning of Night
2018-03-02T11:42:39 [main.py:525 - <module>()] INFO: Waiting For the Dome to Open at Beginning of Night
2018-03-02T11:43:39 [main.py:525 - <module>()] INFO: Waiting For the Dome to Open at Beginning of Night
2018-03-02T11:44:40 [main.py:525 - <module>()] INFO: Waiting For the Dome to Open at Beginning of Night
2018-03-02T11:45:40 [main.py:525 - <module>()] INFO: Waiting For the Dome to Open at Beginning of Night
2018-03-02T11:46:41 [main.py:525 - <module>()] INFO: Waiting For the Dome to Open at Beginning of Night
2018-03-02T11:47:41 [main.py:525 - <module>()] INFO: Waiting For the Dome to Open at Beginning of Night
2018-03-02T11:48:42 [main.py:525 - <module>()] INFO: Waiting For the Dome to Open at Beginning of Night
2018-03-02T11:49:42 [main.py:525 - <module>()] INFO: Waiting For the Dome to Open at Beginning of Night
2018-03-02T11:50:43 [main.py:525 - <module>()] INFO: Waiting For the Dome to Open at Beginning of Night
2018-03-02T11:51:44 [main.py:525 - <module>()] INFO: Waiting For the Dome to Open at Beginning of Night
2018-03-02T11:52:44 [main.py:525 - <module>()] INFO: Waiting For the Dome to Open at Beginning of Night
2018-03-02T11:53:45 [main.py:525 - <module>()] INFO: Waiting For the Dome to Open at Beginning of Night
2018-03-02T11:54:45 [main.py:525 - <module>()] INFO: Waiting For the Dome to Open at Beginning of Night
2018-03-02T11:55:46 [main.py:525 - <module>()] INFO: Waiting For the Dome to Open at Beginning of Night
2018-03-02T11:56:46 [main.py:525 - <module>()] INFO: Waiting For the Dome to Open at Beginning of Night
2018-03-02T11:57:47 [main.py:525 - <module>()] INFO: Waiting For the Dome to Open at Beginning of Night
2018-03-02T11:58:47 [main.py:525 - <module>()] INFO: Waiting For the Dome to Open at Beginning of Night
2018-03-02T11:59:48 [main.py:525 - <module>()] INFO: Waiting For the Dome to Open at Beginning of Night
2018-03-02T12:00:48 [main.py:525 - <module>()] INFO: Waiting For the Dome to Open at Beginning of Night
2018-03-02T12:01:49 [main.py:525 - <module>()] INFO: Waiting For the Dome to Open at Beginning of Night
2018-03-02T12:02:49 [main.py:525 - <module>()] INFO: Waiting For the Dome to Open at Beginning of Night
2018-03-02T12:03:50 [main.py:525 - <module>()] INFO: Waiting For the Dome to Open at Beginning of Night
2018-03-02T12:04:51 [main.py:525 - <module>()] INFO: Waiting For the Dome to Open at Beginning of Night
2018-03-02T12:05:51 [main.py:525 - <module>()] INFO: Waiting For the Dome to Open at Beginning of Night
2018-03-02T12:06:52 [main.py:525 - <module>()] INFO: Waiting For the Dome to Open at Beginning of Night
2018-03-02T12:07:52 [main.py:525 - <module>()] INFO: Waiting For the Dome to Open at Beginning of Night
2018-03-02T12:08:53 [main.py:525 - <module>()] INFO: Waiting For the Dome to Open at Beginning of Night
2018-03-02T12:09:53 [main.py:525 - <module>()] INFO: Waiting For the Dome to Open at Beginning of Night
2018-03-02T12:10:54 [main.py:525 - <module>()] INFO: Waiting For the Dome to Open at Beginning of Night
2018-03-02T12:11:55 [main.py:525 - <module>()] INFO: Waiting For the Dome to Open at Beginning of Night
2018-03-02T12:12:55 [main.py:525 - <module>()] INFO: Waiting For the Dome to Open at Beginning of Night
2018-03-02T12:13:56 [main.py:525 - <module>()] INFO: Waiting For the Dome to Open at Beginning of Night
2018-03-02T12:14:56 [main.py:525 - <module>()] INFO: Waiting For the Dome to Open at Beginning of Night
2018-03-02T12:15:57 [main.py:525 - <module>()] INFO: Waiting For the Dome to Open at Beginning of Night
2018-03-02T12:16:57 [main.py:525 - <module>()] INFO: Waiting For the Dome to Open at Beginning of Night
2018-03-02T12:17:58 [main.py:525 - <module>()] INFO: Waiting For the Dome to Open at Beginning of Night
2018-03-02T12:18:58 [main.py:525 - <module>()] INFO: Waiting For the Dome to Open at Beginning of Night
2018-03-02T12:19:59 [main.py:525 - <module>()] INFO: Waiting For the Dome to Open at Beginning of Night
2018-03-02T12:20:59 [main.py:525 - <module>()] INFO: Waiting For the Dome to Open at Beginning of Night
2018-03-02T12:22:00 [main.py:525 - <module>()] INFO: Waiting For the Dome to Open at Beginning of Night
2018-03-02T12:23:00 [main.py:525 - <module>()] INFO: Waiting For the Dome to Open at Beginning of Night
2018-03-02T12:24:01 [main.py:525 - <module>()] INFO: Waiting For the Dome to Open at Beginning of Night
2018-03-02T12:25:02 [main.py:525 - <module>()] INFO: Waiting For the Dome to Open at Beginning of Night
2018-03-02T12:26:02 [main.py:525 - <module>()] INFO: Waiting For the Dome to Open at Beginning of Night
2018-03-02T12:27:03 [main.py:525 - <module>()] INFO: Waiting For the Dome to Open at Beginning of Night
2018-03-02T12:28:03 [main.py:525 - <module>()] INFO: Waiting For the Dome to Open at Beginning of Night
2018-03-02T12:29:04 [main.py:525 - <module>()] INFO: Waiting For the Dome to Open at Beginning of Night
2018-03-02T12:30:05 [main.py:525 - <module>()] INFO: Waiting For the Dome to Open at Beginning of Night
2018-03-02T12:31:05 [main.py:525 - <module>()] INFO: Waiting For the Dome to Open at Beginning of Night
2018-03-02T12:32:06 [main.py:525 - <module>()] INFO: Waiting For the Dome to Open at Beginning of Night
2018-03-02T12:33:06 [main.py:525 - <module>()] INFO: Waiting For the Dome to Open at Beginning of Night
2018-03-02T12:34:07 [main.py:525 - <module>()] INFO: Waiting For the Dome to Open at Beginning of Night
2018-03-02T12:35:08 [main.py:525 - <module>()] INFO: Waiting For the Dome to Open at Beginning of Night
2018-03-02T12:36:08 [main.py:525 - <module>()] INFO: Waiting For the Dome to Open at Beginning of Night
2018-03-02T12:37:08 [main.py:525 - <module>()] INFO: Waiting For the Dome to Open at Beginning of Night
2018-03-02T12:38:09 [main.py:525 - <module>()] INFO: Waiting For the Dome to Open at Beginning of Night
2018-03-02T12:39:10 [main.py:525 - <module>()] INFO: Waiting For the Dome to Open at Beginning of Night
2018-03-02T12:40:10 [main.py:525 - <module>()] INFO: Waiting For the Dome to Open at Beginning of Night
2018-03-02T12:41:11 [main.py:525 - <module>()] INFO: Waiting For the Dome to Open at Beginning of Night
2018-03-02T12:42:11 [main.py:525 - <module>()] INFO: Waiting For the Dome to Open at Beginning of Night
2018-03-02T12:43:12 [main.py:525 - <module>()] INFO: Waiting For the Dome to Open at Beginning of Night
2018-03-02T12:44:13 [main.py:525 - <module>()] INFO: Waiting For the Dome to Open at Beginning of Night
2018-03-02T12:45:13 [main.py:525 - <module>()] INFO: Waiting For the Dome to Open at Beginning of Night
2018-03-02T12:46:14 [main.py:525 - <module>()] INFO: Waiting For the Dome to Open at Beginning of Night
2018-03-02T12:47:14 [main.py:525 - <module>()] INFO: Waiting For the Dome to Open at Beginning of Night
2018-03-02T12:47:14 [main.py:532 - <module>()] INFO: Past Nautical Twilight. Should close up
2018-03-02T12:47:14 [main.py:580 - <module>()] INFO: End Night
2018-03-02T12:47:14 [main.py:33 - endNight()] INFO: Parking/Disconnection from Telescope
2018-03-02T12:48:09 [main.py:38 - endNight()] INFO: Compressing data
2018-03-02T12:48:09 [main.py:43 - endNight()] INFO: Disconnecting imager
2018-03-02T12:48:34 [main.py:49 - endNight()] INFO: Backing Up data
2018-03-02T12:48:34 [main.py:55 - endNight()] INFO: Copying schedule file from ./schedule/n20180302 to C:/camal/data/n20180302/
2018-03-02T12:48:34 [main.py:62 - endNight()] INFO: Copying log file ./logs/n20180302\main.log to C:/camal/data/n20180302/
2018-03-02T12:48:40 [main.py:591 - <module>()] INFO: Updating Reduction File list
