2018-02-19T00:45:31 [main.py:488 - <module>()] INFO: Waiting for sunset (1563.777414seconds)
2018-02-19T01:15:21 [main.py:499 - <module>()] INFO: Taking 30 Biases
2018-02-19T01:15:21 [main.py:163 - doDark()] INFO: Taking BIAS 1 of 30 (exptime = 0)
2018-02-19T01:15:21 [main.py:227 - takeImage()] INFO: Taking 0 second image
2018-02-19T01:15:23 [main.py:248 - takeImage()] INFO: Saving image: C:/camal/data/n20180219//0001BIAS.0.fits
2018-02-19T01:15:23 [main.py:163 - doDark()] INFO: Taking BIAS 2 of 30 (exptime = 0)
2018-02-19T01:15:23 [main.py:227 - takeImage()] INFO: Taking 0 second image
2018-02-19T01:15:25 [main.py:248 - takeImage()] INFO: Saving image: C:/camal/data/n20180219//0002BIAS.0.fits
2018-02-19T01:15:25 [main.py:163 - doDark()] INFO: Taking BIAS 3 of 30 (exptime = 0)
2018-02-19T01:15:25 [main.py:227 - takeImage()] INFO: Taking 0 second image
2018-02-19T01:15:28 [main.py:248 - takeImage()] INFO: Saving image: C:/camal/data/n20180219//0003BIAS.0.fits
2018-02-19T01:15:28 [main.py:163 - doDark()] INFO: Taking BIAS 4 of 30 (exptime = 0)
2018-02-19T01:15:28 [main.py:227 - takeImage()] INFO: Taking 0 second image
2018-02-19T01:15:30 [main.py:248 - takeImage()] INFO: Saving image: C:/camal/data/n20180219//0004BIAS.0.fits
2018-02-19T01:15:30 [main.py:163 - doDark()] INFO: Taking BIAS 5 of 30 (exptime = 0)
2018-02-19T01:15:30 [main.py:227 - takeImage()] INFO: Taking 0 second image
2018-02-19T01:15:32 [main.py:248 - takeImage()] INFO: Saving image: C:/camal/data/n20180219//0005BIAS.0.fits
2018-02-19T01:15:32 [main.py:163 - doDark()] INFO: Taking BIAS 6 of 30 (exptime = 0)
2018-02-19T01:15:32 [main.py:227 - takeImage()] INFO: Taking 0 second image
2018-02-19T01:15:34 [main.py:248 - takeImage()] INFO: Saving image: C:/camal/data/n20180219//0006BIAS.0.fits
2018-02-19T01:15:35 [main.py:163 - doDark()] INFO: Taking BIAS 7 of 30 (exptime = 0)
2018-02-19T01:15:35 [main.py:227 - takeImage()] INFO: Taking 0 second image
2018-02-19T01:15:37 [main.py:248 - takeImage()] INFO: Saving image: C:/camal/data/n20180219//0007BIAS.0.fits
2018-02-19T01:15:37 [main.py:163 - doDark()] INFO: Taking BIAS 8 of 30 (exptime = 0)
2018-02-19T01:15:37 [main.py:227 - takeImage()] INFO: Taking 0 second image
2018-02-19T01:15:39 [main.py:248 - takeImage()] INFO: Saving image: C:/camal/data/n20180219//0008BIAS.0.fits
2018-02-19T01:15:39 [main.py:163 - doDark()] INFO: Taking BIAS 9 of 30 (exptime = 0)
2018-02-19T01:15:39 [main.py:227 - takeImage()] INFO: Taking 0 second image
2018-02-19T01:15:41 [main.py:248 - takeImage()] INFO: Saving image: C:/camal/data/n20180219//0009BIAS.0.fits
2018-02-19T01:15:41 [main.py:163 - doDark()] INFO: Taking BIAS 10 of 30 (exptime = 0)
2018-02-19T01:15:41 [main.py:227 - takeImage()] INFO: Taking 0 second image
2018-02-19T01:15:44 [main.py:248 - takeImage()] INFO: Saving image: C:/camal/data/n20180219//0010BIAS.0.fits
2018-02-19T01:15:44 [main.py:163 - doDark()] INFO: Taking BIAS 11 of 30 (exptime = 0)
2018-02-19T01:15:44 [main.py:227 - takeImage()] INFO: Taking 0 second image
2018-02-19T01:15:45 [main.py:248 - takeImage()] INFO: Saving image: C:/camal/data/n20180219//0011BIAS.0.fits
2018-02-19T01:15:45 [main.py:163 - doDark()] INFO: Taking BIAS 12 of 30 (exptime = 0)
2018-02-19T01:15:45 [main.py:227 - takeImage()] INFO: Taking 0 second image
2018-02-19T01:15:47 [main.py:248 - takeImage()] INFO: Saving image: C:/camal/data/n20180219//0012BIAS.0.fits
2018-02-19T01:15:47 [main.py:163 - doDark()] INFO: Taking BIAS 13 of 30 (exptime = 0)
2018-02-19T01:15:47 [main.py:227 - takeImage()] INFO: Taking 0 second image
2018-02-19T01:15:50 [main.py:248 - takeImage()] INFO: Saving image: C:/camal/data/n20180219//0013BIAS.0.fits
2018-02-19T01:15:50 [main.py:163 - doDark()] INFO: Taking BIAS 14 of 30 (exptime = 0)
2018-02-19T01:15:50 [main.py:227 - takeImage()] INFO: Taking 0 second image
2018-02-19T01:15:52 [main.py:248 - takeImage()] INFO: Saving image: C:/camal/data/n20180219//0014BIAS.0.fits
2018-02-19T01:15:52 [main.py:163 - doDark()] INFO: Taking BIAS 15 of 30 (exptime = 0)
2018-02-19T01:15:52 [main.py:227 - takeImage()] INFO: Taking 0 second image
2018-02-19T01:15:54 [main.py:248 - takeImage()] INFO: Saving image: C:/camal/data/n20180219//0015BIAS.0.fits
2018-02-19T01:15:54 [main.py:163 - doDark()] INFO: Taking BIAS 16 of 30 (exptime = 0)
2018-02-19T01:15:54 [main.py:227 - takeImage()] INFO: Taking 0 second image
2018-02-19T01:15:56 [main.py:248 - takeImage()] INFO: Saving image: C:/camal/data/n20180219//0016BIAS.0.fits
2018-02-19T01:15:56 [main.py:163 - doDark()] INFO: Taking BIAS 17 of 30 (exptime = 0)
2018-02-19T01:15:56 [main.py:227 - takeImage()] INFO: Taking 0 second image
2018-02-19T01:15:58 [main.py:248 - takeImage()] INFO: Saving image: C:/camal/data/n20180219//0017BIAS.0.fits
2018-02-19T01:15:58 [main.py:163 - doDark()] INFO: Taking BIAS 18 of 30 (exptime = 0)
2018-02-19T01:15:58 [main.py:227 - takeImage()] INFO: Taking 0 second image
2018-02-19T01:15:59 [main.py:248 - takeImage()] INFO: Saving image: C:/camal/data/n20180219//0018BIAS.0.fits
2018-02-19T01:15:59 [main.py:163 - doDark()] INFO: Taking BIAS 19 of 30 (exptime = 0)
2018-02-19T01:15:59 [main.py:227 - takeImage()] INFO: Taking 0 second image
2018-02-19T01:16:01 [main.py:248 - takeImage()] INFO: Saving image: C:/camal/data/n20180219//0019BIAS.0.fits
2018-02-19T01:16:02 [main.py:163 - doDark()] INFO: Taking BIAS 20 of 30 (exptime = 0)
2018-02-19T01:16:02 [main.py:227 - takeImage()] INFO: Taking 0 second image
2018-02-19T01:16:04 [main.py:248 - takeImage()] INFO: Saving image: C:/camal/data/n20180219//0020BIAS.0.fits
2018-02-19T01:16:04 [main.py:163 - doDark()] INFO: Taking BIAS 21 of 30 (exptime = 0)
2018-02-19T01:16:04 [main.py:227 - takeImage()] INFO: Taking 0 second image
2018-02-19T01:16:06 [main.py:248 - takeImage()] INFO: Saving image: C:/camal/data/n20180219//0021BIAS.0.fits
2018-02-19T01:16:06 [main.py:163 - doDark()] INFO: Taking BIAS 22 of 30 (exptime = 0)
2018-02-19T01:16:06 [main.py:227 - takeImage()] INFO: Taking 0 second image
2018-02-19T01:16:08 [main.py:248 - takeImage()] INFO: Saving image: C:/camal/data/n20180219//0022BIAS.0.fits
2018-02-19T01:16:08 [main.py:163 - doDark()] INFO: Taking BIAS 23 of 30 (exptime = 0)
2018-02-19T01:16:08 [main.py:227 - takeImage()] INFO: Taking 0 second image
2018-02-19T01:16:11 [main.py:248 - takeImage()] INFO: Saving image: C:/camal/data/n20180219//0023BIAS.0.fits
2018-02-19T01:16:11 [main.py:163 - doDark()] INFO: Taking BIAS 24 of 30 (exptime = 0)
2018-02-19T01:16:11 [main.py:227 - takeImage()] INFO: Taking 0 second image
2018-02-19T01:16:13 [main.py:248 - takeImage()] INFO: Saving image: C:/camal/data/n20180219//0024BIAS.0.fits
2018-02-19T01:16:13 [main.py:163 - doDark()] INFO: Taking BIAS 25 of 30 (exptime = 0)
2018-02-19T01:16:13 [main.py:227 - takeImage()] INFO: Taking 0 second image
2018-02-19T01:16:15 [main.py:248 - takeImage()] INFO: Saving image: C:/camal/data/n20180219//0025BIAS.0.fits
2018-02-19T01:16:15 [main.py:163 - doDark()] INFO: Taking BIAS 26 of 30 (exptime = 0)
2018-02-19T01:16:15 [main.py:227 - takeImage()] INFO: Taking 0 second image
2018-02-19T01:16:18 [main.py:248 - takeImage()] INFO: Saving image: C:/camal/data/n20180219//0026BIAS.0.fits
2018-02-19T01:16:18 [main.py:163 - doDark()] INFO: Taking BIAS 27 of 30 (exptime = 0)
2018-02-19T01:16:18 [main.py:227 - takeImage()] INFO: Taking 0 second image
2018-02-19T01:16:19 [main.py:248 - takeImage()] INFO: Saving image: C:/camal/data/n20180219//0027BIAS.0.fits
2018-02-19T01:16:19 [main.py:163 - doDark()] INFO: Taking BIAS 28 of 30 (exptime = 0)
2018-02-19T01:16:19 [main.py:227 - takeImage()] INFO: Taking 0 second image
2018-02-19T01:16:21 [main.py:248 - takeImage()] INFO: Saving image: C:/camal/data/n20180219//0028BIAS.0.fits
2018-02-19T01:16:21 [main.py:163 - doDark()] INFO: Taking BIAS 29 of 30 (exptime = 0)
2018-02-19T01:16:21 [main.py:227 - takeImage()] INFO: Taking 0 second image
2018-02-19T01:16:23 [main.py:248 - takeImage()] INFO: Saving image: C:/camal/data/n20180219//0029BIAS.0.fits
2018-02-19T01:16:23 [main.py:163 - doDark()] INFO: Taking BIAS 30 of 30 (exptime = 0)
2018-02-19T01:16:23 [main.py:227 - takeImage()] INFO: Taking 0 second image
2018-02-19T01:16:25 [main.py:248 - takeImage()] INFO: Saving image: C:/camal/data/n20180219//0030BIAS.0.fits
2018-02-19T01:16:25 [main.py:505 - <module>()] INFO: Waiting for nautical twilight to end (2985.029395seconds)
2018-02-19T02:06:10 [main.py:510 - <module>()] INFO: Making Schedule
2018-02-19T02:06:15 [main.py:525 - <module>()] INFO: Waiting For the Dome to Open at Beginning of Night
2018-02-19T02:07:16 [main.py:525 - <module>()] INFO: Waiting For the Dome to Open at Beginning of Night
2018-02-19T02:08:16 [main.py:525 - <module>()] INFO: Waiting For the Dome to Open at Beginning of Night
2018-02-19T02:09:17 [main.py:525 - <module>()] INFO: Waiting For the Dome to Open at Beginning of Night
2018-02-19T02:10:17 [main.py:525 - <module>()] INFO: Waiting For the Dome to Open at Beginning of Night
2018-02-19T02:11:18 [main.py:525 - <module>()] INFO: Waiting For the Dome to Open at Beginning of Night
2018-02-19T02:12:18 [main.py:525 - <module>()] INFO: Waiting For the Dome to Open at Beginning of Night
2018-02-19T02:13:19 [main.py:525 - <module>()] INFO: Waiting For the Dome to Open at Beginning of Night
2018-02-19T02:14:19 [main.py:525 - <module>()] INFO: Waiting For the Dome to Open at Beginning of Night
2018-02-19T02:15:20 [main.py:525 - <module>()] INFO: Waiting For the Dome to Open at Beginning of Night
2018-02-19T02:16:21 [main.py:525 - <module>()] INFO: Waiting For the Dome to Open at Beginning of Night
2018-02-19T02:17:21 [main.py:525 - <module>()] INFO: Waiting For the Dome to Open at Beginning of Night
2018-02-19T02:18:22 [main.py:525 - <module>()] INFO: Waiting For the Dome to Open at Beginning of Night
2018-02-19T02:19:22 [main.py:525 - <module>()] INFO: Waiting For the Dome to Open at Beginning of Night
2018-02-19T02:20:23 [main.py:525 - <module>()] INFO: Waiting For the Dome to Open at Beginning of Night
2018-02-19T02:21:23 [main.py:525 - <module>()] INFO: Waiting For the Dome to Open at Beginning of Night
2018-02-19T02:22:24 [main.py:525 - <module>()] INFO: Waiting For the Dome to Open at Beginning of Night
2018-02-19T02:23:24 [main.py:525 - <module>()] INFO: Waiting For the Dome to Open at Beginning of Night
2018-02-19T02:24:25 [main.py:525 - <module>()] INFO: Waiting For the Dome to Open at Beginning of Night
2018-02-19T02:25:26 [main.py:525 - <module>()] INFO: Waiting For the Dome to Open at Beginning of Night
2018-02-19T02:26:26 [main.py:525 - <module>()] INFO: Waiting For the Dome to Open at Beginning of Night
2018-02-19T02:27:27 [main.py:525 - <module>()] INFO: Waiting For the Dome to Open at Beginning of Night
2018-02-19T02:28:27 [main.py:525 - <module>()] INFO: Waiting For the Dome to Open at Beginning of Night
2018-02-19T02:29:28 [main.py:525 - <module>()] INFO: Waiting For the Dome to Open at Beginning of Night
2018-02-19T02:30:29 [main.py:525 - <module>()] INFO: Waiting For the Dome to Open at Beginning of Night
2018-02-19T02:31:29 [main.py:525 - <module>()] INFO: Waiting For the Dome to Open at Beginning of Night
2018-02-19T02:32:30 [main.py:525 - <module>()] INFO: Waiting For the Dome to Open at Beginning of Night
2018-02-19T02:33:30 [main.py:525 - <module>()] INFO: Waiting For the Dome to Open at Beginning of Night
2018-02-19T02:34:31 [main.py:525 - <module>()] INFO: Waiting For the Dome to Open at Beginning of Night
2018-02-19T02:35:31 [main.py:525 - <module>()] INFO: Waiting For the Dome to Open at Beginning of Night
2018-02-19T02:36:32 [main.py:525 - <module>()] INFO: Waiting For the Dome to Open at Beginning of Night
2018-02-19T02:37:33 [main.py:525 - <module>()] INFO: Waiting For the Dome to Open at Beginning of Night
2018-02-19T02:38:33 [main.py:525 - <module>()] INFO: Waiting For the Dome to Open at Beginning of Night
2018-02-19T02:39:34 [main.py:525 - <module>()] INFO: Waiting For the Dome to Open at Beginning of Night
2018-02-19T02:40:34 [main.py:525 - <module>()] INFO: Waiting For the Dome to Open at Beginning of Night
2018-02-19T02:41:35 [main.py:525 - <module>()] INFO: Waiting For the Dome to Open at Beginning of Night
2018-02-19T02:42:36 [main.py:525 - <module>()] INFO: Waiting For the Dome to Open at Beginning of Night
2018-02-19T02:43:36 [main.py:525 - <module>()] INFO: Waiting For the Dome to Open at Beginning of Night
2018-02-19T02:44:37 [main.py:525 - <module>()] INFO: Waiting For the Dome to Open at Beginning of Night
2018-02-19T02:45:38 [main.py:525 - <module>()] INFO: Waiting For the Dome to Open at Beginning of Night
2018-02-19T02:46:38 [main.py:525 - <module>()] INFO: Waiting For the Dome to Open at Beginning of Night
2018-02-19T02:47:39 [main.py:525 - <module>()] INFO: Waiting For the Dome to Open at Beginning of Night
2018-02-19T02:48:39 [main.py:525 - <module>()] INFO: Waiting For the Dome to Open at Beginning of Night
2018-02-19T02:49:40 [main.py:525 - <module>()] INFO: Waiting For the Dome to Open at Beginning of Night
2018-02-19T02:50:40 [main.py:525 - <module>()] INFO: Waiting For the Dome to Open at Beginning of Night
2018-02-19T02:51:40 [main.py:525 - <module>()] INFO: Waiting For the Dome to Open at Beginning of Night
2018-02-19T02:52:41 [main.py:525 - <module>()] INFO: Waiting For the Dome to Open at Beginning of Night
2018-02-19T02:53:41 [main.py:525 - <module>()] INFO: Waiting For the Dome to Open at Beginning of Night
2018-02-19T02:54:42 [main.py:525 - <module>()] INFO: Waiting For the Dome to Open at Beginning of Night
2018-02-19T02:55:43 [main.py:525 - <module>()] INFO: Waiting For the Dome to Open at Beginning of Night
2018-02-19T02:56:43 [main.py:525 - <module>()] INFO: Waiting For the Dome to Open at Beginning of Night
2018-02-19T02:57:44 [main.py:525 - <module>()] INFO: Waiting For the Dome to Open at Beginning of Night
2018-02-19T02:58:44 [main.py:525 - <module>()] INFO: Waiting For the Dome to Open at Beginning of Night
2018-02-19T02:59:45 [main.py:525 - <module>()] INFO: Waiting For the Dome to Open at Beginning of Night
2018-02-19T03:00:45 [main.py:525 - <module>()] INFO: Waiting For the Dome to Open at Beginning of Night
2018-02-19T03:01:46 [main.py:525 - <module>()] INFO: Waiting For the Dome to Open at Beginning of Night
2018-02-19T03:02:47 [main.py:525 - <module>()] INFO: Waiting For the Dome to Open at Beginning of Night
2018-02-19T03:03:47 [main.py:525 - <module>()] INFO: Waiting For the Dome to Open at Beginning of Night
2018-02-19T03:04:48 [main.py:525 - <module>()] INFO: Waiting For the Dome to Open at Beginning of Night
2018-02-19T03:05:48 [main.py:525 - <module>()] INFO: Waiting For the Dome to Open at Beginning of Night
2018-02-19T03:06:49 [main.py:525 - <module>()] INFO: Waiting For the Dome to Open at Beginning of Night
2018-02-19T03:07:49 [main.py:525 - <module>()] INFO: Waiting For the Dome to Open at Beginning of Night
2018-02-19T03:08:50 [main.py:525 - <module>()] INFO: Waiting For the Dome to Open at Beginning of Night
2018-02-19T03:09:50 [main.py:525 - <module>()] INFO: Waiting For the Dome to Open at Beginning of Night
2018-02-19T03:10:51 [main.py:525 - <module>()] INFO: Waiting For the Dome to Open at Beginning of Night
2018-02-19T03:11:51 [main.py:525 - <module>()] INFO: Waiting For the Dome to Open at Beginning of Night
2018-02-19T03:12:52 [main.py:525 - <module>()] INFO: Waiting For the Dome to Open at Beginning of Night
2018-02-19T03:13:53 [main.py:525 - <module>()] INFO: Waiting For the Dome to Open at Beginning of Night
2018-02-19T03:14:53 [main.py:525 - <module>()] INFO: Waiting For the Dome to Open at Beginning of Night
2018-02-19T03:15:54 [main.py:525 - <module>()] INFO: Waiting For the Dome to Open at Beginning of Night
2018-02-19T03:16:54 [main.py:525 - <module>()] INFO: Waiting For the Dome to Open at Beginning of Night
2018-02-19T03:17:55 [main.py:525 - <module>()] INFO: Waiting For the Dome to Open at Beginning of Night
2018-02-19T03:18:55 [main.py:525 - <module>()] INFO: Waiting For the Dome to Open at Beginning of Night
2018-02-19T03:19:56 [main.py:525 - <module>()] INFO: Waiting For the Dome to Open at Beginning of Night
2018-02-19T03:20:56 [main.py:525 - <module>()] INFO: Waiting For the Dome to Open at Beginning of Night
2018-02-19T03:21:57 [main.py:525 - <module>()] INFO: Waiting For the Dome to Open at Beginning of Night
2018-02-19T03:22:57 [main.py:525 - <module>()] INFO: Waiting For the Dome to Open at Beginning of Night
2018-02-19T03:23:58 [main.py:525 - <module>()] INFO: Waiting For the Dome to Open at Beginning of Night
2018-02-19T03:24:58 [main.py:525 - <module>()] INFO: Waiting For the Dome to Open at Beginning of Night
2018-02-19T03:25:59 [main.py:525 - <module>()] INFO: Waiting For the Dome to Open at Beginning of Night
2018-02-19T03:27:00 [main.py:525 - <module>()] INFO: Waiting For the Dome to Open at Beginning of Night
2018-02-19T03:28:00 [main.py:525 - <module>()] INFO: Waiting For the Dome to Open at Beginning of Night
2018-02-19T03:29:01 [main.py:525 - <module>()] INFO: Waiting For the Dome to Open at Beginning of Night
2018-02-19T03:30:01 [main.py:525 - <module>()] INFO: Waiting For the Dome to Open at Beginning of Night
2018-02-19T03:31:01 [main.py:525 - <module>()] INFO: Waiting For the Dome to Open at Beginning of Night
2018-02-19T03:32:02 [main.py:525 - <module>()] INFO: Waiting For the Dome to Open at Beginning of Night
2018-02-19T03:33:02 [main.py:525 - <module>()] INFO: Waiting For the Dome to Open at Beginning of Night
2018-02-19T03:34:03 [main.py:525 - <module>()] INFO: Waiting For the Dome to Open at Beginning of Night
2018-02-19T03:35:03 [main.py:525 - <module>()] INFO: Waiting For the Dome to Open at Beginning of Night
2018-02-19T03:36:04 [main.py:525 - <module>()] INFO: Waiting For the Dome to Open at Beginning of Night
2018-02-19T03:37:04 [main.py:525 - <module>()] INFO: Waiting For the Dome to Open at Beginning of Night
2018-02-19T03:38:05 [main.py:525 - <module>()] INFO: Waiting For the Dome to Open at Beginning of Night
2018-02-19T03:39:06 [main.py:525 - <module>()] INFO: Waiting For the Dome to Open at Beginning of Night
2018-02-19T03:40:06 [main.py:525 - <module>()] INFO: Waiting For the Dome to Open at Beginning of Night
2018-02-19T03:41:07 [main.py:525 - <module>()] INFO: Waiting For the Dome to Open at Beginning of Night
2018-02-19T03:42:07 [main.py:525 - <module>()] INFO: Waiting For the Dome to Open at Beginning of Night
2018-02-19T03:43:08 [main.py:525 - <module>()] INFO: Waiting For the Dome to Open at Beginning of Night
2018-02-19T03:44:08 [main.py:525 - <module>()] INFO: Waiting For the Dome to Open at Beginning of Night
2018-02-19T03:45:08 [main.py:525 - <module>()] INFO: Waiting For the Dome to Open at Beginning of Night
2018-02-19T03:46:09 [main.py:525 - <module>()] INFO: Waiting For the Dome to Open at Beginning of Night
2018-02-19T03:47:09 [main.py:525 - <module>()] INFO: Waiting For the Dome to Open at Beginning of Night
2018-02-19T03:48:10 [main.py:525 - <module>()] INFO: Waiting For the Dome to Open at Beginning of Night
2018-02-19T03:49:11 [main.py:525 - <module>()] INFO: Waiting For the Dome to Open at Beginning of Night
2018-02-19T03:50:11 [main.py:525 - <module>()] INFO: Waiting For the Dome to Open at Beginning of Night
2018-02-19T03:51:12 [main.py:525 - <module>()] INFO: Waiting For the Dome to Open at Beginning of Night
2018-02-19T03:52:12 [main.py:525 - <module>()] INFO: Waiting For the Dome to Open at Beginning of Night
2018-02-19T03:53:13 [main.py:525 - <module>()] INFO: Waiting For the Dome to Open at Beginning of Night
2018-02-19T03:54:14 [main.py:525 - <module>()] INFO: Waiting For the Dome to Open at Beginning of Night
2018-02-19T03:55:14 [main.py:525 - <module>()] INFO: Waiting For the Dome to Open at Beginning of Night
2018-02-19T03:56:15 [main.py:525 - <module>()] INFO: Waiting For the Dome to Open at Beginning of Night
2018-02-19T03:57:15 [main.py:525 - <module>()] INFO: Waiting For the Dome to Open at Beginning of Night
2018-02-19T03:58:16 [main.py:525 - <module>()] INFO: Waiting For the Dome to Open at Beginning of Night
2018-02-19T03:59:17 [main.py:525 - <module>()] INFO: Waiting For the Dome to Open at Beginning of Night
2018-02-19T04:00:17 [main.py:525 - <module>()] INFO: Waiting For the Dome to Open at Beginning of Night
2018-02-19T04:01:18 [main.py:525 - <module>()] INFO: Waiting For the Dome to Open at Beginning of Night
2018-02-19T04:02:18 [main.py:525 - <module>()] INFO: Waiting For the Dome to Open at Beginning of Night
2018-02-19T04:03:19 [main.py:525 - <module>()] INFO: Waiting For the Dome to Open at Beginning of Night
2018-02-19T04:04:19 [main.py:525 - <module>()] INFO: Waiting For the Dome to Open at Beginning of Night
2018-02-19T04:05:20 [main.py:525 - <module>()] INFO: Waiting For the Dome to Open at Beginning of Night
2018-02-19T04:06:20 [main.py:525 - <module>()] INFO: Waiting For the Dome to Open at Beginning of Night
2018-02-19T04:07:21 [main.py:525 - <module>()] INFO: Waiting For the Dome to Open at Beginning of Night
2018-02-19T04:08:22 [main.py:525 - <module>()] INFO: Waiting For the Dome to Open at Beginning of Night
2018-02-19T04:09:22 [main.py:525 - <module>()] INFO: Waiting For the Dome to Open at Beginning of Night
2018-02-19T04:10:23 [main.py:525 - <module>()] INFO: Waiting For the Dome to Open at Beginning of Night
2018-02-19T04:11:23 [main.py:525 - <module>()] INFO: Waiting For the Dome to Open at Beginning of Night
2018-02-19T04:12:24 [main.py:525 - <module>()] INFO: Waiting For the Dome to Open at Beginning of Night
2018-02-19T04:13:24 [main.py:525 - <module>()] INFO: Waiting For the Dome to Open at Beginning of Night
2018-02-19T04:14:25 [main.py:525 - <module>()] INFO: Waiting For the Dome to Open at Beginning of Night
2018-02-19T04:15:26 [main.py:525 - <module>()] INFO: Waiting For the Dome to Open at Beginning of Night
2018-02-19T04:16:26 [main.py:525 - <module>()] INFO: Waiting For the Dome to Open at Beginning of Night
2018-02-19T04:17:27 [main.py:525 - <module>()] INFO: Waiting For the Dome to Open at Beginning of Night
2018-02-19T04:18:28 [main.py:525 - <module>()] INFO: Waiting For the Dome to Open at Beginning of Night
2018-02-19T04:19:28 [main.py:525 - <module>()] INFO: Waiting For the Dome to Open at Beginning of Night
2018-02-19T04:20:29 [main.py:525 - <module>()] INFO: Waiting For the Dome to Open at Beginning of Night
2018-02-19T04:21:29 [main.py:525 - <module>()] INFO: Waiting For the Dome to Open at Beginning of Night
2018-02-19T04:22:30 [main.py:525 - <module>()] INFO: Waiting For the Dome to Open at Beginning of Night
2018-02-19T04:23:30 [main.py:525 - <module>()] INFO: Waiting For the Dome to Open at Beginning of Night
2018-02-19T04:24:31 [main.py:525 - <module>()] INFO: Waiting For the Dome to Open at Beginning of Night
2018-02-19T04:25:32 [main.py:525 - <module>()] INFO: Waiting For the Dome to Open at Beginning of Night
2018-02-19T04:26:32 [main.py:525 - <module>()] INFO: Waiting For the Dome to Open at Beginning of Night
2018-02-19T04:27:33 [main.py:525 - <module>()] INFO: Waiting For the Dome to Open at Beginning of Night
2018-02-19T04:28:33 [main.py:525 - <module>()] INFO: Waiting For the Dome to Open at Beginning of Night
2018-02-19T04:29:34 [main.py:525 - <module>()] INFO: Waiting For the Dome to Open at Beginning of Night
2018-02-19T04:30:35 [main.py:525 - <module>()] INFO: Waiting For the Dome to Open at Beginning of Night
2018-02-19T04:31:35 [main.py:525 - <module>()] INFO: Waiting For the Dome to Open at Beginning of Night
2018-02-19T04:32:36 [main.py:525 - <module>()] INFO: Waiting For the Dome to Open at Beginning of Night
2018-02-19T04:33:37 [main.py:525 - <module>()] INFO: Waiting For the Dome to Open at Beginning of Night
2018-02-19T04:34:37 [main.py:525 - <module>()] INFO: Waiting For the Dome to Open at Beginning of Night
2018-02-19T04:35:38 [main.py:525 - <module>()] INFO: Waiting For the Dome to Open at Beginning of Night
2018-02-19T04:36:38 [main.py:525 - <module>()] INFO: Waiting For the Dome to Open at Beginning of Night
2018-02-19T04:37:39 [main.py:525 - <module>()] INFO: Waiting For the Dome to Open at Beginning of Night
2018-02-19T04:38:40 [main.py:525 - <module>()] INFO: Waiting For the Dome to Open at Beginning of Night
2018-02-19T04:39:40 [main.py:525 - <module>()] INFO: Waiting For the Dome to Open at Beginning of Night
2018-02-19T04:40:41 [main.py:525 - <module>()] INFO: Waiting For the Dome to Open at Beginning of Night
2018-02-19T04:41:41 [main.py:525 - <module>()] INFO: Waiting For the Dome to Open at Beginning of Night
2018-02-19T04:42:42 [main.py:525 - <module>()] INFO: Waiting For the Dome to Open at Beginning of Night
2018-02-19T04:43:42 [main.py:525 - <module>()] INFO: Waiting For the Dome to Open at Beginning of Night
2018-02-19T04:44:43 [main.py:525 - <module>()] INFO: Waiting For the Dome to Open at Beginning of Night
2018-02-19T04:45:44 [main.py:525 - <module>()] INFO: Waiting For the Dome to Open at Beginning of Night
2018-02-19T04:46:44 [main.py:525 - <module>()] INFO: Waiting For the Dome to Open at Beginning of Night
2018-02-19T04:47:45 [main.py:525 - <module>()] INFO: Waiting For the Dome to Open at Beginning of Night
2018-02-19T04:48:45 [main.py:525 - <module>()] INFO: Waiting For the Dome to Open at Beginning of Night
2018-02-19T04:49:46 [main.py:525 - <module>()] INFO: Waiting For the Dome to Open at Beginning of Night
2018-02-19T04:50:46 [main.py:525 - <module>()] INFO: Waiting For the Dome to Open at Beginning of Night
2018-02-19T04:51:47 [main.py:525 - <module>()] INFO: Waiting For the Dome to Open at Beginning of Night
2018-02-19T04:52:48 [main.py:525 - <module>()] INFO: Waiting For the Dome to Open at Beginning of Night
2018-02-19T04:53:48 [main.py:525 - <module>()] INFO: Waiting For the Dome to Open at Beginning of Night
2018-02-19T04:54:49 [main.py:525 - <module>()] INFO: Waiting For the Dome to Open at Beginning of Night
2018-02-19T04:55:50 [main.py:525 - <module>()] INFO: Waiting For the Dome to Open at Beginning of Night
2018-02-19T04:56:50 [main.py:525 - <module>()] INFO: Waiting For the Dome to Open at Beginning of Night
2018-02-19T04:57:51 [main.py:525 - <module>()] INFO: Waiting For the Dome to Open at Beginning of Night
2018-02-19T04:58:51 [main.py:525 - <module>()] INFO: Waiting For the Dome to Open at Beginning of Night
2018-02-19T04:59:52 [main.py:525 - <module>()] INFO: Waiting For the Dome to Open at Beginning of Night
2018-02-19T05:00:52 [main.py:525 - <module>()] INFO: Waiting For the Dome to Open at Beginning of Night
2018-02-19T05:01:53 [main.py:525 - <module>()] INFO: Waiting For the Dome to Open at Beginning of Night
2018-02-19T05:02:54 [main.py:525 - <module>()] INFO: Waiting For the Dome to Open at Beginning of Night
2018-02-19T05:03:54 [main.py:525 - <module>()] INFO: Waiting For the Dome to Open at Beginning of Night
2018-02-19T05:04:55 [main.py:525 - <module>()] INFO: Waiting For the Dome to Open at Beginning of Night
2018-02-19T05:05:55 [main.py:525 - <module>()] INFO: Waiting For the Dome to Open at Beginning of Night
2018-02-19T05:06:56 [main.py:525 - <module>()] INFO: Waiting For the Dome to Open at Beginning of Night
2018-02-19T05:07:56 [main.py:525 - <module>()] INFO: Waiting For the Dome to Open at Beginning of Night
2018-02-19T05:08:57 [main.py:525 - <module>()] INFO: Waiting For the Dome to Open at Beginning of Night
2018-02-19T05:09:57 [main.py:525 - <module>()] INFO: Waiting For the Dome to Open at Beginning of Night
2018-02-19T05:10:58 [main.py:525 - <module>()] INFO: Waiting For the Dome to Open at Beginning of Night
2018-02-19T05:11:58 [main.py:525 - <module>()] INFO: Waiting For the Dome to Open at Beginning of Night
2018-02-19T05:12:59 [main.py:525 - <module>()] INFO: Waiting For the Dome to Open at Beginning of Night
2018-02-19T05:13:59 [main.py:525 - <module>()] INFO: Waiting For the Dome to Open at Beginning of Night
2018-02-19T05:15:00 [main.py:525 - <module>()] INFO: Waiting For the Dome to Open at Beginning of Night
2018-02-19T05:16:00 [main.py:525 - <module>()] INFO: Waiting For the Dome to Open at Beginning of Night
2018-02-19T05:17:01 [main.py:525 - <module>()] INFO: Waiting For the Dome to Open at Beginning of Night
2018-02-19T05:18:02 [main.py:525 - <module>()] INFO: Waiting For the Dome to Open at Beginning of Night
2018-02-19T05:19:02 [main.py:525 - <module>()] INFO: Waiting For the Dome to Open at Beginning of Night
2018-02-19T05:20:02 [main.py:525 - <module>()] INFO: Waiting For the Dome to Open at Beginning of Night
2018-02-19T05:21:03 [main.py:525 - <module>()] INFO: Waiting For the Dome to Open at Beginning of Night
2018-02-19T05:22:03 [main.py:525 - <module>()] INFO: Waiting For the Dome to Open at Beginning of Night
2018-02-19T05:23:04 [main.py:525 - <module>()] INFO: Waiting For the Dome to Open at Beginning of Night
2018-02-19T05:24:05 [main.py:525 - <module>()] INFO: Waiting For the Dome to Open at Beginning of Night
2018-02-19T05:25:05 [main.py:525 - <module>()] INFO: Waiting For the Dome to Open at Beginning of Night
2018-02-19T05:26:06 [main.py:525 - <module>()] INFO: Waiting For the Dome to Open at Beginning of Night
2018-02-19T05:27:07 [main.py:525 - <module>()] INFO: Waiting For the Dome to Open at Beginning of Night
2018-02-19T05:28:07 [main.py:525 - <module>()] INFO: Waiting For the Dome to Open at Beginning of Night
2018-02-19T05:29:08 [main.py:525 - <module>()] INFO: Waiting For the Dome to Open at Beginning of Night
2018-02-19T05:30:08 [main.py:525 - <module>()] INFO: Waiting For the Dome to Open at Beginning of Night
2018-02-19T05:31:09 [main.py:525 - <module>()] INFO: Waiting For the Dome to Open at Beginning of Night
2018-02-19T05:32:10 [main.py:525 - <module>()] INFO: Waiting For the Dome to Open at Beginning of Night
2018-02-19T05:33:10 [main.py:525 - <module>()] INFO: Waiting For the Dome to Open at Beginning of Night
2018-02-19T05:34:11 [main.py:525 - <module>()] INFO: Waiting For the Dome to Open at Beginning of Night
2018-02-19T05:35:11 [main.py:525 - <module>()] INFO: Waiting For the Dome to Open at Beginning of Night
2018-02-19T05:36:12 [main.py:525 - <module>()] INFO: Waiting For the Dome to Open at Beginning of Night
2018-02-19T05:37:13 [main.py:525 - <module>()] INFO: Waiting For the Dome to Open at Beginning of Night
2018-02-19T05:38:13 [main.py:525 - <module>()] INFO: Waiting For the Dome to Open at Beginning of Night
2018-02-19T05:39:14 [main.py:525 - <module>()] INFO: Waiting For the Dome to Open at Beginning of Night
2018-02-19T05:40:14 [main.py:525 - <module>()] INFO: Waiting For the Dome to Open at Beginning of Night
2018-02-19T05:41:15 [main.py:525 - <module>()] INFO: Waiting For the Dome to Open at Beginning of Night
2018-02-19T05:42:15 [main.py:525 - <module>()] INFO: Waiting For the Dome to Open at Beginning of Night
2018-02-19T05:43:16 [main.py:525 - <module>()] INFO: Waiting For the Dome to Open at Beginning of Night
2018-02-19T05:44:17 [main.py:525 - <module>()] INFO: Waiting For the Dome to Open at Beginning of Night
2018-02-19T05:45:17 [main.py:525 - <module>()] INFO: Waiting For the Dome to Open at Beginning of Night
2018-02-19T05:46:18 [main.py:525 - <module>()] INFO: Waiting For the Dome to Open at Beginning of Night
2018-02-19T05:47:18 [main.py:525 - <module>()] INFO: Waiting For the Dome to Open at Beginning of Night
2018-02-19T05:48:19 [main.py:525 - <module>()] INFO: Waiting For the Dome to Open at Beginning of Night
2018-02-19T05:49:19 [main.py:525 - <module>()] INFO: Waiting For the Dome to Open at Beginning of Night
2018-02-19T05:50:20 [main.py:525 - <module>()] INFO: Waiting For the Dome to Open at Beginning of Night
2018-02-19T05:51:20 [main.py:525 - <module>()] INFO: Waiting For the Dome to Open at Beginning of Night
2018-02-19T05:52:21 [main.py:525 - <module>()] INFO: Waiting For the Dome to Open at Beginning of Night
2018-02-19T05:53:21 [main.py:525 - <module>()] INFO: Waiting For the Dome to Open at Beginning of Night
2018-02-19T05:54:22 [main.py:525 - <module>()] INFO: Waiting For the Dome to Open at Beginning of Night
2018-02-19T05:55:23 [main.py:525 - <module>()] INFO: Waiting For the Dome to Open at Beginning of Night
2018-02-19T05:56:23 [main.py:525 - <module>()] INFO: Waiting For the Dome to Open at Beginning of Night
2018-02-19T05:57:24 [main.py:525 - <module>()] INFO: Waiting For the Dome to Open at Beginning of Night
2018-02-19T05:58:24 [main.py:525 - <module>()] INFO: Waiting For the Dome to Open at Beginning of Night
2018-02-19T05:59:25 [main.py:525 - <module>()] INFO: Waiting For the Dome to Open at Beginning of Night
2018-02-19T06:00:25 [main.py:525 - <module>()] INFO: Waiting For the Dome to Open at Beginning of Night
2018-02-19T06:01:26 [main.py:525 - <module>()] INFO: Waiting For the Dome to Open at Beginning of Night
2018-02-19T06:02:26 [main.py:525 - <module>()] INFO: Waiting For the Dome to Open at Beginning of Night
2018-02-19T06:03:27 [main.py:525 - <module>()] INFO: Waiting For the Dome to Open at Beginning of Night
2018-02-19T06:04:28 [main.py:525 - <module>()] INFO: Waiting For the Dome to Open at Beginning of Night
2018-02-19T06:05:28 [main.py:525 - <module>()] INFO: Waiting For the Dome to Open at Beginning of Night
2018-02-19T06:06:29 [main.py:525 - <module>()] INFO: Waiting For the Dome to Open at Beginning of Night
2018-02-19T06:07:29 [main.py:525 - <module>()] INFO: Waiting For the Dome to Open at Beginning of Night
2018-02-19T06:08:30 [main.py:525 - <module>()] INFO: Waiting For the Dome to Open at Beginning of Night
2018-02-19T06:09:30 [main.py:525 - <module>()] INFO: Waiting For the Dome to Open at Beginning of Night
2018-02-19T06:10:31 [main.py:525 - <module>()] INFO: Waiting For the Dome to Open at Beginning of Night
2018-02-19T06:11:32 [main.py:525 - <module>()] INFO: Waiting For the Dome to Open at Beginning of Night
2018-02-19T06:12:32 [main.py:525 - <module>()] INFO: Waiting For the Dome to Open at Beginning of Night
2018-02-19T06:13:33 [main.py:525 - <module>()] INFO: Waiting For the Dome to Open at Beginning of Night
2018-02-19T06:14:33 [main.py:525 - <module>()] INFO: Waiting For the Dome to Open at Beginning of Night
2018-02-19T06:15:34 [main.py:525 - <module>()] INFO: Waiting For the Dome to Open at Beginning of Night
2018-02-19T06:16:35 [main.py:525 - <module>()] INFO: Waiting For the Dome to Open at Beginning of Night
2018-02-19T06:17:35 [main.py:525 - <module>()] INFO: Waiting For the Dome to Open at Beginning of Night
2018-02-19T06:18:36 [main.py:525 - <module>()] INFO: Waiting For the Dome to Open at Beginning of Night
2018-02-19T06:19:36 [main.py:525 - <module>()] INFO: Waiting For the Dome to Open at Beginning of Night
2018-02-19T06:20:37 [main.py:525 - <module>()] INFO: Waiting For the Dome to Open at Beginning of Night
2018-02-19T06:21:38 [main.py:525 - <module>()] INFO: Waiting For the Dome to Open at Beginning of Night
2018-02-19T06:22:38 [main.py:525 - <module>()] INFO: Waiting For the Dome to Open at Beginning of Night
2018-02-19T06:23:39 [main.py:525 - <module>()] INFO: Waiting For the Dome to Open at Beginning of Night
2018-02-19T06:24:40 [main.py:525 - <module>()] INFO: Waiting For the Dome to Open at Beginning of Night
2018-02-19T06:25:40 [main.py:525 - <module>()] INFO: Waiting For the Dome to Open at Beginning of Night
2018-02-19T06:26:41 [main.py:525 - <module>()] INFO: Waiting For the Dome to Open at Beginning of Night
2018-02-19T06:27:41 [main.py:525 - <module>()] INFO: Waiting For the Dome to Open at Beginning of Night
2018-02-19T06:28:42 [main.py:525 - <module>()] INFO: Waiting For the Dome to Open at Beginning of Night
2018-02-19T06:29:42 [main.py:525 - <module>()] INFO: Waiting For the Dome to Open at Beginning of Night
2018-02-19T06:30:43 [main.py:525 - <module>()] INFO: Waiting For the Dome to Open at Beginning of Night
2018-02-19T06:31:43 [main.py:525 - <module>()] INFO: Waiting For the Dome to Open at Beginning of Night
2018-02-19T06:32:44 [main.py:525 - <module>()] INFO: Waiting For the Dome to Open at Beginning of Night
2018-02-19T06:33:45 [main.py:525 - <module>()] INFO: Waiting For the Dome to Open at Beginning of Night
2018-02-19T06:34:45 [main.py:525 - <module>()] INFO: Waiting For the Dome to Open at Beginning of Night
2018-02-19T06:35:46 [main.py:525 - <module>()] INFO: Waiting For the Dome to Open at Beginning of Night
2018-02-19T06:36:46 [main.py:525 - <module>()] INFO: Waiting For the Dome to Open at Beginning of Night
2018-02-19T06:37:47 [main.py:525 - <module>()] INFO: Waiting For the Dome to Open at Beginning of Night
2018-02-19T06:38:48 [main.py:525 - <module>()] INFO: Waiting For the Dome to Open at Beginning of Night
2018-02-19T06:39:48 [main.py:525 - <module>()] INFO: Waiting For the Dome to Open at Beginning of Night
2018-02-19T06:40:49 [main.py:525 - <module>()] INFO: Waiting For the Dome to Open at Beginning of Night
2018-02-19T06:41:49 [main.py:525 - <module>()] INFO: Waiting For the Dome to Open at Beginning of Night
2018-02-19T06:42:50 [main.py:525 - <module>()] INFO: Waiting For the Dome to Open at Beginning of Night
2018-02-19T06:43:51 [main.py:525 - <module>()] INFO: Waiting For the Dome to Open at Beginning of Night
2018-02-19T06:44:51 [main.py:525 - <module>()] INFO: Waiting For the Dome to Open at Beginning of Night
2018-02-19T06:45:52 [main.py:525 - <module>()] INFO: Waiting For the Dome to Open at Beginning of Night
2018-02-19T06:46:52 [main.py:525 - <module>()] INFO: Waiting For the Dome to Open at Beginning of Night
2018-02-19T06:47:53 [main.py:525 - <module>()] INFO: Waiting For the Dome to Open at Beginning of Night
2018-02-19T06:48:53 [main.py:525 - <module>()] INFO: Waiting For the Dome to Open at Beginning of Night
2018-02-19T06:49:54 [main.py:525 - <module>()] INFO: Waiting For the Dome to Open at Beginning of Night
2018-02-19T06:50:54 [main.py:525 - <module>()] INFO: Waiting For the Dome to Open at Beginning of Night
2018-02-19T06:51:55 [main.py:525 - <module>()] INFO: Waiting For the Dome to Open at Beginning of Night
2018-02-19T06:52:56 [main.py:525 - <module>()] INFO: Waiting For the Dome to Open at Beginning of Night
2018-02-19T06:53:56 [main.py:525 - <module>()] INFO: Waiting For the Dome to Open at Beginning of Night
2018-02-19T06:54:57 [main.py:525 - <module>()] INFO: Waiting For the Dome to Open at Beginning of Night
2018-02-19T06:55:57 [main.py:525 - <module>()] INFO: Waiting For the Dome to Open at Beginning of Night
2018-02-19T06:56:58 [main.py:525 - <module>()] INFO: Waiting For the Dome to Open at Beginning of Night
2018-02-19T06:57:59 [main.py:525 - <module>()] INFO: Waiting For the Dome to Open at Beginning of Night
2018-02-19T06:58:59 [main.py:525 - <module>()] INFO: Waiting For the Dome to Open at Beginning of Night
2018-02-19T07:00:00 [main.py:525 - <module>()] INFO: Waiting For the Dome to Open at Beginning of Night
2018-02-19T07:01:00 [main.py:525 - <module>()] INFO: Waiting For the Dome to Open at Beginning of Night
2018-02-19T07:02:01 [main.py:525 - <module>()] INFO: Waiting For the Dome to Open at Beginning of Night
2018-02-19T07:03:01 [main.py:525 - <module>()] INFO: Waiting For the Dome to Open at Beginning of Night
2018-02-19T07:04:02 [main.py:525 - <module>()] INFO: Waiting For the Dome to Open at Beginning of Night
2018-02-19T07:05:02 [main.py:525 - <module>()] INFO: Waiting For the Dome to Open at Beginning of Night
2018-02-19T07:06:02 [main.py:525 - <module>()] INFO: Waiting For the Dome to Open at Beginning of Night
2018-02-19T07:07:03 [main.py:525 - <module>()] INFO: Waiting For the Dome to Open at Beginning of Night
2018-02-19T07:08:03 [main.py:525 - <module>()] INFO: Waiting For the Dome to Open at Beginning of Night
2018-02-19T07:09:04 [main.py:525 - <module>()] INFO: Waiting For the Dome to Open at Beginning of Night
2018-02-19T07:10:05 [main.py:525 - <module>()] INFO: Waiting For the Dome to Open at Beginning of Night
2018-02-19T07:11:05 [main.py:525 - <module>()] INFO: Waiting For the Dome to Open at Beginning of Night
2018-02-19T07:12:06 [main.py:525 - <module>()] INFO: Waiting For the Dome to Open at Beginning of Night
2018-02-19T07:13:06 [main.py:525 - <module>()] INFO: Waiting For the Dome to Open at Beginning of Night
2018-02-19T07:14:07 [main.py:525 - <module>()] INFO: Waiting For the Dome to Open at Beginning of Night
2018-02-19T07:15:07 [main.py:525 - <module>()] INFO: Waiting For the Dome to Open at Beginning of Night
2018-02-19T07:16:08 [main.py:525 - <module>()] INFO: Waiting For the Dome to Open at Beginning of Night
2018-02-19T07:17:08 [main.py:525 - <module>()] INFO: Waiting For the Dome to Open at Beginning of Night
2018-02-19T07:18:09 [main.py:525 - <module>()] INFO: Waiting For the Dome to Open at Beginning of Night
2018-02-19T07:19:09 [main.py:525 - <module>()] INFO: Waiting For the Dome to Open at Beginning of Night
2018-02-19T07:20:10 [main.py:525 - <module>()] INFO: Waiting For the Dome to Open at Beginning of Night
2018-02-19T07:21:11 [main.py:525 - <module>()] INFO: Waiting For the Dome to Open at Beginning of Night
2018-02-19T07:22:11 [main.py:525 - <module>()] INFO: Waiting For the Dome to Open at Beginning of Night
2018-02-19T07:23:12 [main.py:525 - <module>()] INFO: Waiting For the Dome to Open at Beginning of Night
2018-02-19T07:24:12 [main.py:525 - <module>()] INFO: Waiting For the Dome to Open at Beginning of Night
2018-02-19T07:25:13 [main.py:525 - <module>()] INFO: Waiting For the Dome to Open at Beginning of Night
2018-02-19T07:26:13 [main.py:525 - <module>()] INFO: Waiting For the Dome to Open at Beginning of Night
2018-02-19T07:27:14 [main.py:525 - <module>()] INFO: Waiting For the Dome to Open at Beginning of Night
2018-02-19T07:28:14 [main.py:525 - <module>()] INFO: Waiting For the Dome to Open at Beginning of Night
2018-02-19T07:29:15 [main.py:525 - <module>()] INFO: Waiting For the Dome to Open at Beginning of Night
2018-02-19T07:30:15 [main.py:525 - <module>()] INFO: Waiting For the Dome to Open at Beginning of Night
2018-02-19T07:31:16 [main.py:525 - <module>()] INFO: Waiting For the Dome to Open at Beginning of Night
2018-02-19T07:32:17 [main.py:525 - <module>()] INFO: Waiting For the Dome to Open at Beginning of Night
2018-02-19T07:33:17 [main.py:525 - <module>()] INFO: Waiting For the Dome to Open at Beginning of Night
2018-02-19T07:34:18 [main.py:525 - <module>()] INFO: Waiting For the Dome to Open at Beginning of Night
2018-02-19T07:35:18 [main.py:525 - <module>()] INFO: Waiting For the Dome to Open at Beginning of Night
2018-02-19T07:36:19 [main.py:525 - <module>()] INFO: Waiting For the Dome to Open at Beginning of Night
2018-02-19T07:37:19 [main.py:525 - <module>()] INFO: Waiting For the Dome to Open at Beginning of Night
2018-02-19T07:38:20 [main.py:525 - <module>()] INFO: Waiting For the Dome to Open at Beginning of Night
2018-02-19T07:39:21 [main.py:525 - <module>()] INFO: Waiting For the Dome to Open at Beginning of Night
2018-02-19T07:40:21 [main.py:525 - <module>()] INFO: Waiting For the Dome to Open at Beginning of Night
2018-02-19T07:41:22 [main.py:525 - <module>()] INFO: Waiting For the Dome to Open at Beginning of Night
2018-02-19T07:42:22 [main.py:525 - <module>()] INFO: Waiting For the Dome to Open at Beginning of Night
2018-02-19T07:43:23 [main.py:525 - <module>()] INFO: Waiting For the Dome to Open at Beginning of Night
2018-02-19T07:44:23 [main.py:525 - <module>()] INFO: Waiting For the Dome to Open at Beginning of Night
2018-02-19T07:45:24 [main.py:525 - <module>()] INFO: Waiting For the Dome to Open at Beginning of Night
2018-02-19T07:46:25 [main.py:525 - <module>()] INFO: Waiting For the Dome to Open at Beginning of Night
2018-02-19T07:47:25 [main.py:525 - <module>()] INFO: Waiting For the Dome to Open at Beginning of Night
2018-02-19T07:48:26 [main.py:525 - <module>()] INFO: Waiting For the Dome to Open at Beginning of Night
2018-02-19T07:49:26 [main.py:525 - <module>()] INFO: Waiting For the Dome to Open at Beginning of Night
2018-02-19T07:50:27 [main.py:525 - <module>()] INFO: Waiting For the Dome to Open at Beginning of Night
2018-02-19T07:51:27 [main.py:525 - <module>()] INFO: Waiting For the Dome to Open at Beginning of Night
2018-02-19T07:52:28 [main.py:525 - <module>()] INFO: Waiting For the Dome to Open at Beginning of Night
2018-02-19T07:53:29 [main.py:525 - <module>()] INFO: Waiting For the Dome to Open at Beginning of Night
2018-02-19T07:54:29 [main.py:525 - <module>()] INFO: Waiting For the Dome to Open at Beginning of Night
2018-02-19T07:55:30 [main.py:525 - <module>()] INFO: Waiting For the Dome to Open at Beginning of Night
2018-02-19T07:56:30 [main.py:525 - <module>()] INFO: Waiting For the Dome to Open at Beginning of Night
2018-02-19T07:57:31 [main.py:525 - <module>()] INFO: Waiting For the Dome to Open at Beginning of Night
2018-02-19T07:58:32 [main.py:525 - <module>()] INFO: Waiting For the Dome to Open at Beginning of Night
2018-02-19T07:59:32 [main.py:525 - <module>()] INFO: Waiting For the Dome to Open at Beginning of Night
2018-02-19T08:00:33 [main.py:525 - <module>()] INFO: Waiting For the Dome to Open at Beginning of Night
2018-02-19T08:01:33 [main.py:525 - <module>()] INFO: Waiting For the Dome to Open at Beginning of Night
2018-02-19T08:02:34 [main.py:525 - <module>()] INFO: Waiting For the Dome to Open at Beginning of Night
2018-02-19T08:03:34 [main.py:525 - <module>()] INFO: Waiting For the Dome to Open at Beginning of Night
2018-02-19T08:04:35 [main.py:525 - <module>()] INFO: Waiting For the Dome to Open at Beginning of Night
2018-02-19T08:05:35 [main.py:525 - <module>()] INFO: Waiting For the Dome to Open at Beginning of Night
2018-02-19T08:06:36 [main.py:525 - <module>()] INFO: Waiting For the Dome to Open at Beginning of Night
2018-02-19T08:07:37 [main.py:525 - <module>()] INFO: Waiting For the Dome to Open at Beginning of Night
2018-02-19T08:08:37 [main.py:525 - <module>()] INFO: Waiting For the Dome to Open at Beginning of Night
2018-02-19T08:09:38 [main.py:525 - <module>()] INFO: Waiting For the Dome to Open at Beginning of Night
2018-02-19T08:10:38 [main.py:525 - <module>()] INFO: Waiting For the Dome to Open at Beginning of Night
2018-02-19T08:11:39 [main.py:525 - <module>()] INFO: Waiting For the Dome to Open at Beginning of Night
2018-02-19T08:12:40 [main.py:525 - <module>()] INFO: Waiting For the Dome to Open at Beginning of Night
2018-02-19T08:13:40 [main.py:525 - <module>()] INFO: Waiting For the Dome to Open at Beginning of Night
2018-02-19T08:14:41 [main.py:525 - <module>()] INFO: Waiting For the Dome to Open at Beginning of Night
2018-02-19T08:15:42 [main.py:525 - <module>()] INFO: Waiting For the Dome to Open at Beginning of Night
2018-02-19T08:16:42 [main.py:525 - <module>()] INFO: Waiting For the Dome to Open at Beginning of Night
2018-02-19T08:17:43 [main.py:525 - <module>()] INFO: Waiting For the Dome to Open at Beginning of Night
2018-02-19T08:18:43 [main.py:525 - <module>()] INFO: Waiting For the Dome to Open at Beginning of Night
2018-02-19T08:19:44 [main.py:525 - <module>()] INFO: Waiting For the Dome to Open at Beginning of Night
2018-02-19T08:20:45 [main.py:525 - <module>()] INFO: Waiting For the Dome to Open at Beginning of Night
2018-02-19T08:21:45 [main.py:525 - <module>()] INFO: Waiting For the Dome to Open at Beginning of Night
2018-02-19T08:22:46 [main.py:525 - <module>()] INFO: Waiting For the Dome to Open at Beginning of Night
2018-02-19T08:23:46 [main.py:525 - <module>()] INFO: Waiting For the Dome to Open at Beginning of Night
2018-02-19T08:24:47 [main.py:525 - <module>()] INFO: Waiting For the Dome to Open at Beginning of Night
2018-02-19T08:25:47 [main.py:525 - <module>()] INFO: Waiting For the Dome to Open at Beginning of Night
2018-02-19T08:26:48 [main.py:525 - <module>()] INFO: Waiting For the Dome to Open at Beginning of Night
2018-02-19T08:27:48 [main.py:525 - <module>()] INFO: Waiting For the Dome to Open at Beginning of Night
2018-02-19T08:28:49 [main.py:525 - <module>()] INFO: Waiting For the Dome to Open at Beginning of Night
2018-02-19T08:29:49 [main.py:525 - <module>()] INFO: Waiting For the Dome to Open at Beginning of Night
2018-02-19T08:30:50 [main.py:525 - <module>()] INFO: Waiting For the Dome to Open at Beginning of Night
2018-02-19T08:31:50 [main.py:525 - <module>()] INFO: Waiting For the Dome to Open at Beginning of Night
2018-02-19T08:32:51 [main.py:525 - <module>()] INFO: Waiting For the Dome to Open at Beginning of Night
2018-02-19T08:33:52 [main.py:525 - <module>()] INFO: Waiting For the Dome to Open at Beginning of Night
2018-02-19T08:34:52 [main.py:525 - <module>()] INFO: Waiting For the Dome to Open at Beginning of Night
2018-02-19T08:35:53 [main.py:525 - <module>()] INFO: Waiting For the Dome to Open at Beginning of Night
2018-02-19T08:36:53 [main.py:525 - <module>()] INFO: Waiting For the Dome to Open at Beginning of Night
2018-02-19T08:37:54 [main.py:525 - <module>()] INFO: Waiting For the Dome to Open at Beginning of Night
2018-02-19T08:38:55 [main.py:525 - <module>()] INFO: Waiting For the Dome to Open at Beginning of Night
2018-02-19T08:39:55 [main.py:525 - <module>()] INFO: Waiting For the Dome to Open at Beginning of Night
2018-02-19T08:40:56 [main.py:525 - <module>()] INFO: Waiting For the Dome to Open at Beginning of Night
2018-02-19T08:41:56 [main.py:525 - <module>()] INFO: Waiting For the Dome to Open at Beginning of Night
2018-02-19T08:42:57 [main.py:525 - <module>()] INFO: Waiting For the Dome to Open at Beginning of Night
2018-02-19T08:43:58 [main.py:525 - <module>()] INFO: Waiting For the Dome to Open at Beginning of Night
2018-02-19T08:44:58 [main.py:525 - <module>()] INFO: Waiting For the Dome to Open at Beginning of Night
2018-02-19T08:45:59 [main.py:525 - <module>()] INFO: Waiting For the Dome to Open at Beginning of Night
2018-02-19T08:46:59 [main.py:525 - <module>()] INFO: Waiting For the Dome to Open at Beginning of Night
2018-02-19T08:48:00 [main.py:525 - <module>()] INFO: Waiting For the Dome to Open at Beginning of Night
2018-02-19T08:49:01 [main.py:525 - <module>()] INFO: Waiting For the Dome to Open at Beginning of Night
2018-02-19T08:50:01 [main.py:525 - <module>()] INFO: Waiting For the Dome to Open at Beginning of Night
2018-02-19T08:51:02 [main.py:525 - <module>()] INFO: Waiting For the Dome to Open at Beginning of Night
2018-02-19T08:52:02 [main.py:525 - <module>()] INFO: Waiting For the Dome to Open at Beginning of Night
2018-02-19T08:53:02 [main.py:525 - <module>()] INFO: Waiting For the Dome to Open at Beginning of Night
2018-02-19T08:54:03 [main.py:525 - <module>()] INFO: Waiting For the Dome to Open at Beginning of Night
2018-02-19T08:55:03 [main.py:525 - <module>()] INFO: Waiting For the Dome to Open at Beginning of Night
2018-02-19T08:56:04 [main.py:525 - <module>()] INFO: Waiting For the Dome to Open at Beginning of Night
2018-02-19T08:57:04 [main.py:525 - <module>()] INFO: Waiting For the Dome to Open at Beginning of Night
2018-02-19T08:58:05 [main.py:525 - <module>()] INFO: Waiting For the Dome to Open at Beginning of Night
2018-02-19T08:59:06 [main.py:525 - <module>()] INFO: Waiting For the Dome to Open at Beginning of Night
2018-02-19T09:00:06 [main.py:525 - <module>()] INFO: Waiting For the Dome to Open at Beginning of Night
2018-02-19T09:01:07 [main.py:525 - <module>()] INFO: Waiting For the Dome to Open at Beginning of Night
2018-02-19T09:02:07 [main.py:525 - <module>()] INFO: Waiting For the Dome to Open at Beginning of Night
2018-02-19T09:03:08 [main.py:525 - <module>()] INFO: Waiting For the Dome to Open at Beginning of Night
2018-02-19T09:04:09 [main.py:525 - <module>()] INFO: Waiting For the Dome to Open at Beginning of Night
2018-02-19T09:05:09 [main.py:525 - <module>()] INFO: Waiting For the Dome to Open at Beginning of Night
2018-02-19T09:06:10 [main.py:525 - <module>()] INFO: Waiting For the Dome to Open at Beginning of Night
2018-02-19T09:07:10 [main.py:525 - <module>()] INFO: Waiting For the Dome to Open at Beginning of Night
2018-02-19T09:08:11 [main.py:525 - <module>()] INFO: Waiting For the Dome to Open at Beginning of Night
2018-02-19T09:09:11 [main.py:525 - <module>()] INFO: Waiting For the Dome to Open at Beginning of Night
2018-02-19T09:10:12 [main.py:525 - <module>()] INFO: Waiting For the Dome to Open at Beginning of Night
2018-02-19T09:11:12 [main.py:525 - <module>()] INFO: Waiting For the Dome to Open at Beginning of Night
2018-02-19T09:12:13 [main.py:525 - <module>()] INFO: Waiting For the Dome to Open at Beginning of Night
2018-02-19T09:13:13 [main.py:525 - <module>()] INFO: Waiting For the Dome to Open at Beginning of Night
2018-02-19T09:14:14 [main.py:525 - <module>()] INFO: Waiting For the Dome to Open at Beginning of Night
2018-02-19T09:15:15 [main.py:525 - <module>()] INFO: Waiting For the Dome to Open at Beginning of Night
2018-02-19T09:16:15 [main.py:525 - <module>()] INFO: Waiting For the Dome to Open at Beginning of Night
2018-02-19T09:17:16 [main.py:525 - <module>()] INFO: Waiting For the Dome to Open at Beginning of Night
2018-02-19T09:18:16 [main.py:525 - <module>()] INFO: Waiting For the Dome to Open at Beginning of Night
2018-02-19T09:19:17 [main.py:525 - <module>()] INFO: Waiting For the Dome to Open at Beginning of Night
2018-02-19T09:20:17 [main.py:525 - <module>()] INFO: Waiting For the Dome to Open at Beginning of Night
2018-02-19T09:21:18 [main.py:525 - <module>()] INFO: Waiting For the Dome to Open at Beginning of Night
2018-02-19T09:22:19 [main.py:525 - <module>()] INFO: Waiting For the Dome to Open at Beginning of Night
2018-02-19T09:23:19 [main.py:525 - <module>()] INFO: Waiting For the Dome to Open at Beginning of Night
2018-02-19T09:24:20 [main.py:525 - <module>()] INFO: Waiting For the Dome to Open at Beginning of Night
2018-02-19T09:25:20 [main.py:525 - <module>()] INFO: Waiting For the Dome to Open at Beginning of Night
2018-02-19T09:26:21 [main.py:525 - <module>()] INFO: Waiting For the Dome to Open at Beginning of Night
2018-02-19T09:27:22 [main.py:525 - <module>()] INFO: Waiting For the Dome to Open at Beginning of Night
2018-02-19T09:28:22 [main.py:525 - <module>()] INFO: Waiting For the Dome to Open at Beginning of Night
2018-02-19T09:29:23 [main.py:525 - <module>()] INFO: Waiting For the Dome to Open at Beginning of Night
2018-02-19T09:30:23 [main.py:525 - <module>()] INFO: Waiting For the Dome to Open at Beginning of Night
2018-02-19T09:31:24 [main.py:525 - <module>()] INFO: Waiting For the Dome to Open at Beginning of Night
2018-02-19T09:32:24 [main.py:525 - <module>()] INFO: Waiting For the Dome to Open at Beginning of Night
2018-02-19T09:33:25 [main.py:525 - <module>()] INFO: Waiting For the Dome to Open at Beginning of Night
2018-02-19T09:34:25 [main.py:525 - <module>()] INFO: Waiting For the Dome to Open at Beginning of Night
2018-02-19T09:35:26 [main.py:525 - <module>()] INFO: Waiting For the Dome to Open at Beginning of Night
2018-02-19T09:36:26 [main.py:525 - <module>()] INFO: Waiting For the Dome to Open at Beginning of Night
2018-02-19T09:37:27 [main.py:525 - <module>()] INFO: Waiting For the Dome to Open at Beginning of Night
2018-02-19T09:38:27 [main.py:525 - <module>()] INFO: Waiting For the Dome to Open at Beginning of Night
2018-02-19T09:39:28 [main.py:525 - <module>()] INFO: Waiting For the Dome to Open at Beginning of Night
2018-02-19T09:40:29 [main.py:525 - <module>()] INFO: Waiting For the Dome to Open at Beginning of Night
2018-02-19T09:41:29 [main.py:525 - <module>()] INFO: Waiting For the Dome to Open at Beginning of Night
2018-02-19T09:42:30 [main.py:525 - <module>()] INFO: Waiting For the Dome to Open at Beginning of Night
2018-02-19T09:43:30 [main.py:525 - <module>()] INFO: Waiting For the Dome to Open at Beginning of Night
2018-02-19T09:44:31 [main.py:525 - <module>()] INFO: Waiting For the Dome to Open at Beginning of Night
2018-02-19T09:45:31 [main.py:525 - <module>()] INFO: Waiting For the Dome to Open at Beginning of Night
2018-02-19T09:46:32 [main.py:525 - <module>()] INFO: Waiting For the Dome to Open at Beginning of Night
2018-02-19T09:47:33 [main.py:525 - <module>()] INFO: Waiting For the Dome to Open at Beginning of Night
2018-02-19T09:48:33 [main.py:525 - <module>()] INFO: Waiting For the Dome to Open at Beginning of Night
2018-02-19T09:49:34 [main.py:525 - <module>()] INFO: Waiting For the Dome to Open at Beginning of Night
2018-02-19T09:50:35 [main.py:525 - <module>()] INFO: Waiting For the Dome to Open at Beginning of Night
2018-02-19T09:51:35 [main.py:525 - <module>()] INFO: Waiting For the Dome to Open at Beginning of Night
2018-02-19T09:52:36 [main.py:525 - <module>()] INFO: Waiting For the Dome to Open at Beginning of Night
2018-02-19T09:53:36 [main.py:525 - <module>()] INFO: Waiting For the Dome to Open at Beginning of Night
2018-02-19T09:54:37 [main.py:525 - <module>()] INFO: Waiting For the Dome to Open at Beginning of Night
2018-02-19T09:55:38 [main.py:525 - <module>()] INFO: Waiting For the Dome to Open at Beginning of Night
2018-02-19T09:56:38 [main.py:525 - <module>()] INFO: Waiting For the Dome to Open at Beginning of Night
2018-02-19T09:57:39 [main.py:525 - <module>()] INFO: Waiting For the Dome to Open at Beginning of Night
2018-02-19T09:58:39 [main.py:525 - <module>()] INFO: Waiting For the Dome to Open at Beginning of Night
2018-02-19T09:59:40 [main.py:525 - <module>()] INFO: Waiting For the Dome to Open at Beginning of Night
2018-02-19T10:00:40 [main.py:525 - <module>()] INFO: Waiting For the Dome to Open at Beginning of Night
2018-02-19T10:01:41 [main.py:525 - <module>()] INFO: Waiting For the Dome to Open at Beginning of Night
2018-02-19T10:02:41 [main.py:525 - <module>()] INFO: Waiting For the Dome to Open at Beginning of Night
2018-02-19T10:03:42 [main.py:525 - <module>()] INFO: Waiting For the Dome to Open at Beginning of Night
2018-02-19T10:04:42 [main.py:525 - <module>()] INFO: Waiting For the Dome to Open at Beginning of Night
2018-02-19T10:05:43 [main.py:525 - <module>()] INFO: Waiting For the Dome to Open at Beginning of Night
2018-02-19T10:06:43 [main.py:525 - <module>()] INFO: Waiting For the Dome to Open at Beginning of Night
2018-02-19T10:07:44 [main.py:525 - <module>()] INFO: Waiting For the Dome to Open at Beginning of Night
2018-02-19T10:08:45 [main.py:525 - <module>()] INFO: Waiting For the Dome to Open at Beginning of Night
2018-02-19T10:09:45 [main.py:525 - <module>()] INFO: Waiting For the Dome to Open at Beginning of Night
2018-02-19T10:10:46 [main.py:525 - <module>()] INFO: Waiting For the Dome to Open at Beginning of Night
2018-02-19T10:11:46 [main.py:525 - <module>()] INFO: Waiting For the Dome to Open at Beginning of Night
2018-02-19T10:12:47 [main.py:525 - <module>()] INFO: Waiting For the Dome to Open at Beginning of Night
2018-02-19T10:13:47 [main.py:525 - <module>()] INFO: Waiting For the Dome to Open at Beginning of Night
2018-02-19T10:14:48 [main.py:525 - <module>()] INFO: Waiting For the Dome to Open at Beginning of Night
2018-02-19T10:15:48 [main.py:525 - <module>()] INFO: Waiting For the Dome to Open at Beginning of Night
2018-02-19T10:16:49 [main.py:525 - <module>()] INFO: Waiting For the Dome to Open at Beginning of Night
2018-02-19T10:17:50 [main.py:525 - <module>()] INFO: Waiting For the Dome to Open at Beginning of Night
2018-02-19T10:18:50 [main.py:525 - <module>()] INFO: Waiting For the Dome to Open at Beginning of Night
2018-02-19T10:19:51 [main.py:525 - <module>()] INFO: Waiting For the Dome to Open at Beginning of Night
2018-02-19T10:20:51 [main.py:525 - <module>()] INFO: Waiting For the Dome to Open at Beginning of Night
2018-02-19T10:21:52 [main.py:525 - <module>()] INFO: Waiting For the Dome to Open at Beginning of Night
2018-02-19T10:22:53 [main.py:525 - <module>()] INFO: Waiting For the Dome to Open at Beginning of Night
2018-02-19T10:23:53 [main.py:525 - <module>()] INFO: Waiting For the Dome to Open at Beginning of Night
2018-02-19T10:24:54 [main.py:525 - <module>()] INFO: Waiting For the Dome to Open at Beginning of Night
2018-02-19T10:25:54 [main.py:525 - <module>()] INFO: Waiting For the Dome to Open at Beginning of Night
2018-02-19T10:26:55 [main.py:525 - <module>()] INFO: Waiting For the Dome to Open at Beginning of Night
2018-02-19T10:27:55 [main.py:525 - <module>()] INFO: Waiting For the Dome to Open at Beginning of Night
2018-02-19T10:28:56 [main.py:525 - <module>()] INFO: Waiting For the Dome to Open at Beginning of Night
2018-02-19T10:29:57 [main.py:525 - <module>()] INFO: Waiting For the Dome to Open at Beginning of Night
2018-02-19T10:30:57 [main.py:525 - <module>()] INFO: Waiting For the Dome to Open at Beginning of Night
2018-02-19T10:31:58 [main.py:525 - <module>()] INFO: Waiting For the Dome to Open at Beginning of Night
2018-02-19T10:32:58 [main.py:525 - <module>()] INFO: Waiting For the Dome to Open at Beginning of Night
2018-02-19T10:33:59 [main.py:525 - <module>()] INFO: Waiting For the Dome to Open at Beginning of Night
2018-02-19T10:34:59 [main.py:525 - <module>()] INFO: Waiting For the Dome to Open at Beginning of Night
2018-02-19T10:36:00 [main.py:525 - <module>()] INFO: Waiting For the Dome to Open at Beginning of Night
2018-02-19T10:37:00 [main.py:525 - <module>()] INFO: Waiting For the Dome to Open at Beginning of Night
2018-02-19T10:38:01 [main.py:525 - <module>()] INFO: Waiting For the Dome to Open at Beginning of Night
2018-02-19T10:39:01 [main.py:525 - <module>()] INFO: Waiting For the Dome to Open at Beginning of Night
2018-02-19T10:40:02 [main.py:525 - <module>()] INFO: Waiting For the Dome to Open at Beginning of Night
2018-02-19T10:41:02 [main.py:525 - <module>()] INFO: Waiting For the Dome to Open at Beginning of Night
2018-02-19T10:42:03 [main.py:525 - <module>()] INFO: Waiting For the Dome to Open at Beginning of Night
2018-02-19T10:43:03 [main.py:525 - <module>()] INFO: Waiting For the Dome to Open at Beginning of Night
2018-02-19T10:44:04 [main.py:525 - <module>()] INFO: Waiting For the Dome to Open at Beginning of Night
2018-02-19T10:45:05 [main.py:525 - <module>()] INFO: Waiting For the Dome to Open at Beginning of Night
2018-02-19T10:46:05 [main.py:525 - <module>()] INFO: Waiting For the Dome to Open at Beginning of Night
2018-02-19T10:47:06 [main.py:525 - <module>()] INFO: Waiting For the Dome to Open at Beginning of Night
2018-02-19T10:48:06 [main.py:525 - <module>()] INFO: Waiting For the Dome to Open at Beginning of Night
2018-02-19T10:49:07 [main.py:525 - <module>()] INFO: Waiting For the Dome to Open at Beginning of Night
2018-02-19T10:50:07 [main.py:525 - <module>()] INFO: Waiting For the Dome to Open at Beginning of Night
2018-02-19T10:51:08 [main.py:525 - <module>()] INFO: Waiting For the Dome to Open at Beginning of Night
2018-02-19T10:52:08 [main.py:525 - <module>()] INFO: Waiting For the Dome to Open at Beginning of Night
2018-02-19T10:53:09 [main.py:525 - <module>()] INFO: Waiting For the Dome to Open at Beginning of Night
2018-02-19T10:54:09 [main.py:525 - <module>()] INFO: Waiting For the Dome to Open at Beginning of Night
2018-02-19T10:55:10 [main.py:525 - <module>()] INFO: Waiting For the Dome to Open at Beginning of Night
2018-02-19T10:56:11 [main.py:525 - <module>()] INFO: Waiting For the Dome to Open at Beginning of Night
2018-02-19T10:57:11 [main.py:525 - <module>()] INFO: Waiting For the Dome to Open at Beginning of Night
2018-02-19T10:58:12 [main.py:525 - <module>()] INFO: Waiting For the Dome to Open at Beginning of Night
2018-02-19T10:59:13 [main.py:525 - <module>()] INFO: Waiting For the Dome to Open at Beginning of Night
2018-02-19T11:00:13 [main.py:525 - <module>()] INFO: Waiting For the Dome to Open at Beginning of Night
2018-02-19T11:01:14 [main.py:525 - <module>()] INFO: Waiting For the Dome to Open at Beginning of Night
2018-02-19T11:02:14 [main.py:525 - <module>()] INFO: Waiting For the Dome to Open at Beginning of Night
2018-02-19T11:03:15 [main.py:525 - <module>()] INFO: Waiting For the Dome to Open at Beginning of Night
2018-02-19T11:04:15 [main.py:525 - <module>()] INFO: Waiting For the Dome to Open at Beginning of Night
2018-02-19T11:05:16 [main.py:525 - <module>()] INFO: Waiting For the Dome to Open at Beginning of Night
2018-02-19T11:06:17 [main.py:525 - <module>()] INFO: Waiting For the Dome to Open at Beginning of Night
2018-02-19T11:07:17 [main.py:525 - <module>()] INFO: Waiting For the Dome to Open at Beginning of Night
2018-02-19T11:08:17 [main.py:525 - <module>()] INFO: Waiting For the Dome to Open at Beginning of Night
2018-02-19T11:09:18 [main.py:525 - <module>()] INFO: Waiting For the Dome to Open at Beginning of Night
2018-02-19T11:10:19 [main.py:525 - <module>()] INFO: Waiting For the Dome to Open at Beginning of Night
2018-02-19T11:11:19 [main.py:525 - <module>()] INFO: Waiting For the Dome to Open at Beginning of Night
2018-02-19T11:12:20 [main.py:525 - <module>()] INFO: Waiting For the Dome to Open at Beginning of Night
2018-02-19T11:13:20 [main.py:525 - <module>()] INFO: Waiting For the Dome to Open at Beginning of Night
2018-02-19T11:14:21 [main.py:525 - <module>()] INFO: Waiting For the Dome to Open at Beginning of Night
2018-02-19T11:15:22 [main.py:525 - <module>()] INFO: Waiting For the Dome to Open at Beginning of Night
2018-02-19T11:16:22 [main.py:525 - <module>()] INFO: Waiting For the Dome to Open at Beginning of Night
2018-02-19T11:17:23 [main.py:525 - <module>()] INFO: Waiting For the Dome to Open at Beginning of Night
2018-02-19T11:18:23 [main.py:525 - <module>()] INFO: Waiting For the Dome to Open at Beginning of Night
2018-02-19T11:19:24 [main.py:525 - <module>()] INFO: Waiting For the Dome to Open at Beginning of Night
2018-02-19T11:20:25 [main.py:525 - <module>()] INFO: Waiting For the Dome to Open at Beginning of Night
2018-02-19T11:21:25 [main.py:525 - <module>()] INFO: Waiting For the Dome to Open at Beginning of Night
2018-02-19T11:22:26 [main.py:525 - <module>()] INFO: Waiting For the Dome to Open at Beginning of Night
2018-02-19T11:23:26 [main.py:525 - <module>()] INFO: Waiting For the Dome to Open at Beginning of Night
2018-02-19T11:24:27 [main.py:525 - <module>()] INFO: Waiting For the Dome to Open at Beginning of Night
2018-02-19T11:25:27 [main.py:525 - <module>()] INFO: Waiting For the Dome to Open at Beginning of Night
2018-02-19T11:26:28 [main.py:525 - <module>()] INFO: Waiting For the Dome to Open at Beginning of Night
2018-02-19T11:27:29 [main.py:525 - <module>()] INFO: Waiting For the Dome to Open at Beginning of Night
2018-02-19T11:28:29 [main.py:525 - <module>()] INFO: Waiting For the Dome to Open at Beginning of Night
2018-02-19T11:29:30 [main.py:525 - <module>()] INFO: Waiting For the Dome to Open at Beginning of Night
2018-02-19T11:30:30 [main.py:525 - <module>()] INFO: Waiting For the Dome to Open at Beginning of Night
2018-02-19T11:31:31 [main.py:525 - <module>()] INFO: Waiting For the Dome to Open at Beginning of Night
2018-02-19T11:32:31 [main.py:525 - <module>()] INFO: Waiting For the Dome to Open at Beginning of Night
2018-02-19T11:33:32 [main.py:525 - <module>()] INFO: Waiting For the Dome to Open at Beginning of Night
2018-02-19T11:34:33 [main.py:525 - <module>()] INFO: Waiting For the Dome to Open at Beginning of Night
2018-02-19T11:35:33 [main.py:525 - <module>()] INFO: Waiting For the Dome to Open at Beginning of Night
2018-02-19T11:36:34 [main.py:525 - <module>()] INFO: Waiting For the Dome to Open at Beginning of Night
2018-02-19T11:37:34 [main.py:525 - <module>()] INFO: Waiting For the Dome to Open at Beginning of Night
2018-02-19T11:38:35 [main.py:525 - <module>()] INFO: Waiting For the Dome to Open at Beginning of Night
2018-02-19T11:39:36 [main.py:525 - <module>()] INFO: Waiting For the Dome to Open at Beginning of Night
2018-02-19T11:40:36 [main.py:525 - <module>()] INFO: Waiting For the Dome to Open at Beginning of Night
2018-02-19T11:41:37 [main.py:525 - <module>()] INFO: Waiting For the Dome to Open at Beginning of Night
2018-02-19T11:42:37 [main.py:525 - <module>()] INFO: Waiting For the Dome to Open at Beginning of Night
2018-02-19T11:43:38 [main.py:525 - <module>()] INFO: Waiting For the Dome to Open at Beginning of Night
2018-02-19T11:44:38 [main.py:525 - <module>()] INFO: Waiting For the Dome to Open at Beginning of Night
2018-02-19T11:45:39 [main.py:525 - <module>()] INFO: Waiting For the Dome to Open at Beginning of Night
2018-02-19T11:46:39 [main.py:525 - <module>()] INFO: Waiting For the Dome to Open at Beginning of Night
2018-02-19T11:47:40 [main.py:525 - <module>()] INFO: Waiting For the Dome to Open at Beginning of Night
2018-02-19T11:48:41 [main.py:525 - <module>()] INFO: Waiting For the Dome to Open at Beginning of Night
2018-02-19T11:49:41 [main.py:525 - <module>()] INFO: Waiting For the Dome to Open at Beginning of Night
2018-02-19T11:50:42 [main.py:525 - <module>()] INFO: Waiting For the Dome to Open at Beginning of Night
2018-02-19T11:51:42 [main.py:525 - <module>()] INFO: Waiting For the Dome to Open at Beginning of Night
2018-02-19T11:52:43 [main.py:525 - <module>()] INFO: Waiting For the Dome to Open at Beginning of Night
2018-02-19T11:53:43 [main.py:525 - <module>()] INFO: Waiting For the Dome to Open at Beginning of Night
2018-02-19T11:54:44 [main.py:525 - <module>()] INFO: Waiting For the Dome to Open at Beginning of Night
2018-02-19T11:55:44 [main.py:525 - <module>()] INFO: Waiting For the Dome to Open at Beginning of Night
2018-02-19T11:56:45 [main.py:525 - <module>()] INFO: Waiting For the Dome to Open at Beginning of Night
2018-02-19T11:57:45 [main.py:525 - <module>()] INFO: Waiting For the Dome to Open at Beginning of Night
2018-02-19T11:58:46 [main.py:525 - <module>()] INFO: Waiting For the Dome to Open at Beginning of Night
2018-02-19T11:59:47 [main.py:525 - <module>()] INFO: Waiting For the Dome to Open at Beginning of Night
2018-02-19T12:00:47 [main.py:525 - <module>()] INFO: Waiting For the Dome to Open at Beginning of Night
2018-02-19T12:01:48 [main.py:525 - <module>()] INFO: Waiting For the Dome to Open at Beginning of Night
2018-02-19T12:02:48 [main.py:525 - <module>()] INFO: Waiting For the Dome to Open at Beginning of Night
2018-02-19T12:03:49 [main.py:525 - <module>()] INFO: Waiting For the Dome to Open at Beginning of Night
2018-02-19T12:04:49 [main.py:525 - <module>()] INFO: Waiting For the Dome to Open at Beginning of Night
2018-02-19T12:05:50 [main.py:525 - <module>()] INFO: Waiting For the Dome to Open at Beginning of Night
2018-02-19T12:06:51 [main.py:525 - <module>()] INFO: Waiting For the Dome to Open at Beginning of Night
2018-02-19T12:07:51 [main.py:525 - <module>()] INFO: Waiting For the Dome to Open at Beginning of Night
2018-02-19T12:08:52 [main.py:525 - <module>()] INFO: Waiting For the Dome to Open at Beginning of Night
2018-02-19T12:09:52 [main.py:525 - <module>()] INFO: Waiting For the Dome to Open at Beginning of Night
2018-02-19T12:10:53 [main.py:525 - <module>()] INFO: Waiting For the Dome to Open at Beginning of Night
2018-02-19T12:11:53 [main.py:525 - <module>()] INFO: Waiting For the Dome to Open at Beginning of Night
2018-02-19T12:12:54 [main.py:525 - <module>()] INFO: Waiting For the Dome to Open at Beginning of Night
2018-02-19T12:13:54 [main.py:525 - <module>()] INFO: Waiting For the Dome to Open at Beginning of Night
2018-02-19T12:14:55 [main.py:525 - <module>()] INFO: Waiting For the Dome to Open at Beginning of Night
2018-02-19T12:15:55 [main.py:525 - <module>()] INFO: Waiting For the Dome to Open at Beginning of Night
2018-02-19T12:16:56 [main.py:525 - <module>()] INFO: Waiting For the Dome to Open at Beginning of Night
2018-02-19T12:17:56 [main.py:525 - <module>()] INFO: Waiting For the Dome to Open at Beginning of Night
2018-02-19T12:18:57 [main.py:525 - <module>()] INFO: Waiting For the Dome to Open at Beginning of Night
2018-02-19T12:19:57 [main.py:525 - <module>()] INFO: Waiting For the Dome to Open at Beginning of Night
2018-02-19T12:20:58 [main.py:525 - <module>()] INFO: Waiting For the Dome to Open at Beginning of Night
2018-02-19T12:21:58 [main.py:525 - <module>()] INFO: Waiting For the Dome to Open at Beginning of Night
2018-02-19T12:22:59 [main.py:525 - <module>()] INFO: Waiting For the Dome to Open at Beginning of Night
2018-02-19T12:24:00 [main.py:525 - <module>()] INFO: Waiting For the Dome to Open at Beginning of Night
2018-02-19T12:25:00 [main.py:525 - <module>()] INFO: Waiting For the Dome to Open at Beginning of Night
2018-02-19T12:26:01 [main.py:525 - <module>()] INFO: Waiting For the Dome to Open at Beginning of Night
2018-02-19T12:27:01 [main.py:525 - <module>()] INFO: Waiting For the Dome to Open at Beginning of Night
2018-02-19T12:28:02 [main.py:525 - <module>()] INFO: Waiting For the Dome to Open at Beginning of Night
2018-02-19T12:29:02 [main.py:525 - <module>()] INFO: Waiting For the Dome to Open at Beginning of Night
2018-02-19T12:30:03 [main.py:525 - <module>()] INFO: Waiting For the Dome to Open at Beginning of Night
2018-02-19T12:31:03 [main.py:525 - <module>()] INFO: Waiting For the Dome to Open at Beginning of Night
2018-02-19T12:32:04 [main.py:525 - <module>()] INFO: Waiting For the Dome to Open at Beginning of Night
2018-02-19T12:33:04 [main.py:525 - <module>()] INFO: Waiting For the Dome to Open at Beginning of Night
2018-02-19T12:34:05 [main.py:525 - <module>()] INFO: Waiting For the Dome to Open at Beginning of Night
2018-02-19T12:35:05 [main.py:525 - <module>()] INFO: Waiting For the Dome to Open at Beginning of Night
2018-02-19T12:36:06 [main.py:525 - <module>()] INFO: Waiting For the Dome to Open at Beginning of Night
2018-02-19T12:37:07 [main.py:525 - <module>()] INFO: Waiting For the Dome to Open at Beginning of Night
2018-02-19T12:38:07 [main.py:525 - <module>()] INFO: Waiting For the Dome to Open at Beginning of Night
2018-02-19T12:39:08 [main.py:525 - <module>()] INFO: Waiting For the Dome to Open at Beginning of Night
2018-02-19T12:40:08 [main.py:525 - <module>()] INFO: Waiting For the Dome to Open at Beginning of Night
2018-02-19T12:41:08 [main.py:525 - <module>()] INFO: Waiting For the Dome to Open at Beginning of Night
2018-02-19T12:42:09 [main.py:525 - <module>()] INFO: Waiting For the Dome to Open at Beginning of Night
2018-02-19T12:43:10 [main.py:525 - <module>()] INFO: Waiting For the Dome to Open at Beginning of Night
2018-02-19T12:44:10 [main.py:525 - <module>()] INFO: Waiting For the Dome to Open at Beginning of Night
2018-02-19T12:45:11 [main.py:525 - <module>()] INFO: Waiting For the Dome to Open at Beginning of Night
2018-02-19T12:46:12 [main.py:525 - <module>()] INFO: Waiting For the Dome to Open at Beginning of Night
2018-02-19T12:47:12 [main.py:525 - <module>()] INFO: Waiting For the Dome to Open at Beginning of Night
2018-02-19T12:48:13 [main.py:525 - <module>()] INFO: Waiting For the Dome to Open at Beginning of Night
2018-02-19T12:49:13 [main.py:525 - <module>()] INFO: Waiting For the Dome to Open at Beginning of Night
2018-02-19T12:50:13 [main.py:525 - <module>()] INFO: Waiting For the Dome to Open at Beginning of Night
2018-02-19T12:51:14 [main.py:525 - <module>()] INFO: Waiting For the Dome to Open at Beginning of Night
2018-02-19T12:52:15 [main.py:525 - <module>()] INFO: Waiting For the Dome to Open at Beginning of Night
2018-02-19T12:53:15 [main.py:525 - <module>()] INFO: Waiting For the Dome to Open at Beginning of Night
2018-02-19T12:54:16 [main.py:525 - <module>()] INFO: Waiting For the Dome to Open at Beginning of Night
2018-02-19T12:55:16 [main.py:525 - <module>()] INFO: Waiting For the Dome to Open at Beginning of Night
2018-02-19T12:56:17 [main.py:525 - <module>()] INFO: Waiting For the Dome to Open at Beginning of Night
2018-02-19T12:57:18 [main.py:525 - <module>()] INFO: Waiting For the Dome to Open at Beginning of Night
2018-02-19T12:58:18 [main.py:525 - <module>()] INFO: Waiting For the Dome to Open at Beginning of Night
2018-02-19T12:58:18 [main.py:532 - <module>()] INFO: Past Nautical Twilight. Should close up
2018-02-19T12:58:18 [main.py:580 - <module>()] INFO: End Night
2018-02-19T12:58:18 [main.py:33 - endNight()] INFO: Parking/Disconnection from Telescope
2018-02-19T12:59:13 [main.py:38 - endNight()] INFO: Compressing data
2018-02-19T12:59:13 [main.py:43 - endNight()] INFO: Disconnecting imager
2018-02-19T12:59:38 [main.py:49 - endNight()] INFO: Backing Up data
2018-02-19T12:59:38 [main.py:55 - endNight()] INFO: Copying schedule file from ./schedule/n20180219 to C:/camal/data/n20180219/
2018-02-19T12:59:38 [main.py:62 - endNight()] INFO: Copying log file ./logs/n20180219\main.log to C:/camal/data/n20180219/
2018-02-19T12:59:43 [main.py:591 - <module>()] INFO: Updating Reduction File list
