2018-02-28T00:45:19 [main.py:488 - <module>()] INFO: Waiting for sunset (2005.659334seconds)
2018-02-28T01:22:55 [main.py:499 - <module>()] INFO: Taking 30 Biases
2018-02-28T01:22:55 [main.py:163 - doDark()] INFO: Taking BIAS 1 of 30 (exptime = 0)
2018-02-28T01:22:55 [main.py:227 - takeImage()] INFO: Taking 0 second image
2018-02-28T01:22:57 [main.py:248 - takeImage()] INFO: Saving image: C:/camal/data/n20180228//0001BIAS.0.fits
2018-02-28T01:22:57 [main.py:163 - doDark()] INFO: Taking BIAS 2 of 30 (exptime = 0)
2018-02-28T01:22:57 [main.py:227 - takeImage()] INFO: Taking 0 second image
2018-02-28T01:22:58 [main.py:248 - takeImage()] INFO: Saving image: C:/camal/data/n20180228//0002BIAS.0.fits
2018-02-28T01:22:58 [main.py:163 - doDark()] INFO: Taking BIAS 3 of 30 (exptime = 0)
2018-02-28T01:22:58 [main.py:227 - takeImage()] INFO: Taking 0 second image
2018-02-28T01:23:00 [main.py:248 - takeImage()] INFO: Saving image: C:/camal/data/n20180228//0003BIAS.0.fits
2018-02-28T01:23:00 [main.py:163 - doDark()] INFO: Taking BIAS 4 of 30 (exptime = 0)
2018-02-28T01:23:00 [main.py:227 - takeImage()] INFO: Taking 0 second image
2018-02-28T01:23:01 [main.py:248 - takeImage()] INFO: Saving image: C:/camal/data/n20180228//0004BIAS.0.fits
2018-02-28T01:23:01 [main.py:163 - doDark()] INFO: Taking BIAS 5 of 30 (exptime = 0)
2018-02-28T01:23:01 [main.py:227 - takeImage()] INFO: Taking 0 second image
2018-02-28T01:23:02 [main.py:248 - takeImage()] INFO: Saving image: C:/camal/data/n20180228//0005BIAS.0.fits
2018-02-28T01:23:02 [main.py:163 - doDark()] INFO: Taking BIAS 6 of 30 (exptime = 0)
2018-02-28T01:23:02 [main.py:227 - takeImage()] INFO: Taking 0 second image
2018-02-28T01:23:03 [main.py:248 - takeImage()] INFO: Saving image: C:/camal/data/n20180228//0006BIAS.0.fits
2018-02-28T01:23:03 [main.py:163 - doDark()] INFO: Taking BIAS 7 of 30 (exptime = 0)
2018-02-28T01:23:03 [main.py:227 - takeImage()] INFO: Taking 0 second image
2018-02-28T01:23:05 [main.py:248 - takeImage()] INFO: Saving image: C:/camal/data/n20180228//0007BIAS.0.fits
2018-02-28T01:23:05 [main.py:163 - doDark()] INFO: Taking BIAS 8 of 30 (exptime = 0)
2018-02-28T01:23:05 [main.py:227 - takeImage()] INFO: Taking 0 second image
2018-02-28T01:23:06 [main.py:248 - takeImage()] INFO: Saving image: C:/camal/data/n20180228//0008BIAS.0.fits
2018-02-28T01:23:06 [main.py:163 - doDark()] INFO: Taking BIAS 9 of 30 (exptime = 0)
2018-02-28T01:23:06 [main.py:227 - takeImage()] INFO: Taking 0 second image
2018-02-28T01:23:07 [main.py:248 - takeImage()] INFO: Saving image: C:/camal/data/n20180228//0009BIAS.0.fits
2018-02-28T01:23:07 [main.py:163 - doDark()] INFO: Taking BIAS 10 of 30 (exptime = 0)
2018-02-28T01:23:07 [main.py:227 - takeImage()] INFO: Taking 0 second image
2018-02-28T01:23:08 [main.py:248 - takeImage()] INFO: Saving image: C:/camal/data/n20180228//0010BIAS.0.fits
2018-02-28T01:23:08 [main.py:163 - doDark()] INFO: Taking BIAS 11 of 30 (exptime = 0)
2018-02-28T01:23:08 [main.py:227 - takeImage()] INFO: Taking 0 second image
2018-02-28T01:23:09 [main.py:248 - takeImage()] INFO: Saving image: C:/camal/data/n20180228//0011BIAS.0.fits
2018-02-28T01:23:09 [main.py:163 - doDark()] INFO: Taking BIAS 12 of 30 (exptime = 0)
2018-02-28T01:23:09 [main.py:227 - takeImage()] INFO: Taking 0 second image
2018-02-28T01:23:11 [main.py:248 - takeImage()] INFO: Saving image: C:/camal/data/n20180228//0012BIAS.0.fits
2018-02-28T01:23:11 [main.py:163 - doDark()] INFO: Taking BIAS 13 of 30 (exptime = 0)
2018-02-28T01:23:11 [main.py:227 - takeImage()] INFO: Taking 0 second image
2018-02-28T01:23:12 [main.py:248 - takeImage()] INFO: Saving image: C:/camal/data/n20180228//0013BIAS.0.fits
2018-02-28T01:23:12 [main.py:163 - doDark()] INFO: Taking BIAS 14 of 30 (exptime = 0)
2018-02-28T01:23:12 [main.py:227 - takeImage()] INFO: Taking 0 second image
2018-02-28T01:23:13 [main.py:248 - takeImage()] INFO: Saving image: C:/camal/data/n20180228//0014BIAS.0.fits
2018-02-28T01:23:13 [main.py:163 - doDark()] INFO: Taking BIAS 15 of 30 (exptime = 0)
2018-02-28T01:23:13 [main.py:227 - takeImage()] INFO: Taking 0 second image
2018-02-28T01:23:14 [main.py:248 - takeImage()] INFO: Saving image: C:/camal/data/n20180228//0015BIAS.0.fits
2018-02-28T01:23:14 [main.py:163 - doDark()] INFO: Taking BIAS 16 of 30 (exptime = 0)
2018-02-28T01:23:14 [main.py:227 - takeImage()] INFO: Taking 0 second image
2018-02-28T01:23:16 [main.py:248 - takeImage()] INFO: Saving image: C:/camal/data/n20180228//0016BIAS.0.fits
2018-02-28T01:23:16 [main.py:163 - doDark()] INFO: Taking BIAS 17 of 30 (exptime = 0)
2018-02-28T01:23:16 [main.py:227 - takeImage()] INFO: Taking 0 second image
2018-02-28T01:23:17 [main.py:248 - takeImage()] INFO: Saving image: C:/camal/data/n20180228//0017BIAS.0.fits
2018-02-28T01:23:17 [main.py:163 - doDark()] INFO: Taking BIAS 18 of 30 (exptime = 0)
2018-02-28T01:23:17 [main.py:227 - takeImage()] INFO: Taking 0 second image
2018-02-28T01:23:18 [main.py:248 - takeImage()] INFO: Saving image: C:/camal/data/n20180228//0018BIAS.0.fits
2018-02-28T01:23:18 [main.py:163 - doDark()] INFO: Taking BIAS 19 of 30 (exptime = 0)
2018-02-28T01:23:18 [main.py:227 - takeImage()] INFO: Taking 0 second image
2018-02-28T01:23:19 [main.py:248 - takeImage()] INFO: Saving image: C:/camal/data/n20180228//0019BIAS.0.fits
2018-02-28T01:23:19 [main.py:163 - doDark()] INFO: Taking BIAS 20 of 30 (exptime = 0)
2018-02-28T01:23:19 [main.py:227 - takeImage()] INFO: Taking 0 second image
2018-02-28T01:23:20 [main.py:248 - takeImage()] INFO: Saving image: C:/camal/data/n20180228//0020BIAS.0.fits
2018-02-28T01:23:21 [main.py:163 - doDark()] INFO: Taking BIAS 21 of 30 (exptime = 0)
2018-02-28T01:23:21 [main.py:227 - takeImage()] INFO: Taking 0 second image
2018-02-28T01:23:22 [main.py:248 - takeImage()] INFO: Saving image: C:/camal/data/n20180228//0021BIAS.0.fits
2018-02-28T01:23:22 [main.py:163 - doDark()] INFO: Taking BIAS 22 of 30 (exptime = 0)
2018-02-28T01:23:22 [main.py:227 - takeImage()] INFO: Taking 0 second image
2018-02-28T01:23:23 [main.py:248 - takeImage()] INFO: Saving image: C:/camal/data/n20180228//0022BIAS.0.fits
2018-02-28T01:23:23 [main.py:163 - doDark()] INFO: Taking BIAS 23 of 30 (exptime = 0)
2018-02-28T01:23:23 [main.py:227 - takeImage()] INFO: Taking 0 second image
2018-02-28T01:23:24 [main.py:248 - takeImage()] INFO: Saving image: C:/camal/data/n20180228//0023BIAS.0.fits
2018-02-28T01:23:24 [main.py:163 - doDark()] INFO: Taking BIAS 24 of 30 (exptime = 0)
2018-02-28T01:23:24 [main.py:227 - takeImage()] INFO: Taking 0 second image
2018-02-28T01:23:25 [main.py:248 - takeImage()] INFO: Saving image: C:/camal/data/n20180228//0024BIAS.0.fits
2018-02-28T01:23:26 [main.py:163 - doDark()] INFO: Taking BIAS 25 of 30 (exptime = 0)
2018-02-28T01:23:26 [main.py:227 - takeImage()] INFO: Taking 0 second image
2018-02-28T01:23:27 [main.py:248 - takeImage()] INFO: Saving image: C:/camal/data/n20180228//0025BIAS.0.fits
2018-02-28T01:23:27 [main.py:163 - doDark()] INFO: Taking BIAS 26 of 30 (exptime = 0)
2018-02-28T01:23:27 [main.py:227 - takeImage()] INFO: Taking 0 second image
2018-02-28T01:23:28 [main.py:248 - takeImage()] INFO: Saving image: C:/camal/data/n20180228//0026BIAS.0.fits
2018-02-28T01:23:28 [main.py:163 - doDark()] INFO: Taking BIAS 27 of 30 (exptime = 0)
2018-02-28T01:23:28 [main.py:227 - takeImage()] INFO: Taking 0 second image
2018-02-28T01:23:29 [main.py:248 - takeImage()] INFO: Saving image: C:/camal/data/n20180228//0027BIAS.0.fits
2018-02-28T01:23:29 [main.py:163 - doDark()] INFO: Taking BIAS 28 of 30 (exptime = 0)
2018-02-28T01:23:29 [main.py:227 - takeImage()] INFO: Taking 0 second image
2018-02-28T01:23:30 [main.py:248 - takeImage()] INFO: Saving image: C:/camal/data/n20180228//0028BIAS.0.fits
2018-02-28T01:23:30 [main.py:163 - doDark()] INFO: Taking BIAS 29 of 30 (exptime = 0)
2018-02-28T01:23:30 [main.py:227 - takeImage()] INFO: Taking 0 second image
2018-02-28T01:23:32 [main.py:248 - takeImage()] INFO: Saving image: C:/camal/data/n20180228//0029BIAS.0.fits
2018-02-28T01:23:32 [main.py:163 - doDark()] INFO: Taking BIAS 30 of 30 (exptime = 0)
2018-02-28T01:23:32 [main.py:227 - takeImage()] INFO: Taking 0 second image
2018-02-28T01:23:33 [main.py:248 - takeImage()] INFO: Saving image: C:/camal/data/n20180228//0030BIAS.0.fits
2018-02-28T01:23:33 [main.py:505 - <module>()] INFO: Waiting for nautical twilight to end (2957.402046seconds)
2018-02-28T02:12:50 [main.py:510 - <module>()] INFO: Making Schedule
2018-02-28T02:12:55 [main.py:525 - <module>()] INFO: Waiting For the Dome to Open at Beginning of Night
2018-02-28T02:13:56 [main.py:525 - <module>()] INFO: Waiting For the Dome to Open at Beginning of Night
2018-02-28T02:14:56 [main.py:525 - <module>()] INFO: Waiting For the Dome to Open at Beginning of Night
2018-02-28T02:15:57 [main.py:525 - <module>()] INFO: Waiting For the Dome to Open at Beginning of Night
2018-02-28T02:16:57 [main.py:525 - <module>()] INFO: Waiting For the Dome to Open at Beginning of Night
2018-02-28T02:17:58 [main.py:525 - <module>()] INFO: Waiting For the Dome to Open at Beginning of Night
2018-02-28T02:18:58 [main.py:525 - <module>()] INFO: Waiting For the Dome to Open at Beginning of Night
2018-02-28T02:19:58 [main.py:525 - <module>()] INFO: Waiting For the Dome to Open at Beginning of Night
2018-02-28T02:20:59 [main.py:525 - <module>()] INFO: Waiting For the Dome to Open at Beginning of Night
2018-02-28T02:21:59 [main.py:525 - <module>()] INFO: Waiting For the Dome to Open at Beginning of Night
2018-02-28T02:23:00 [main.py:525 - <module>()] INFO: Waiting For the Dome to Open at Beginning of Night
2018-02-28T02:24:01 [main.py:525 - <module>()] INFO: Waiting For the Dome to Open at Beginning of Night
2018-02-28T02:25:01 [main.py:525 - <module>()] INFO: Waiting For the Dome to Open at Beginning of Night
2018-02-28T02:26:02 [main.py:525 - <module>()] INFO: Waiting For the Dome to Open at Beginning of Night
2018-02-28T02:27:02 [main.py:525 - <module>()] INFO: Waiting For the Dome to Open at Beginning of Night
2018-02-28T02:28:03 [main.py:525 - <module>()] INFO: Waiting For the Dome to Open at Beginning of Night
2018-02-28T02:29:04 [main.py:525 - <module>()] INFO: Waiting For the Dome to Open at Beginning of Night
2018-02-28T02:30:04 [main.py:525 - <module>()] INFO: Waiting For the Dome to Open at Beginning of Night
2018-02-28T02:31:05 [main.py:525 - <module>()] INFO: Waiting For the Dome to Open at Beginning of Night
2018-02-28T02:32:05 [main.py:525 - <module>()] INFO: Waiting For the Dome to Open at Beginning of Night
2018-02-28T02:33:06 [main.py:525 - <module>()] INFO: Waiting For the Dome to Open at Beginning of Night
2018-02-28T02:34:07 [main.py:525 - <module>()] INFO: Waiting For the Dome to Open at Beginning of Night
2018-02-28T02:35:07 [main.py:525 - <module>()] INFO: Waiting For the Dome to Open at Beginning of Night
2018-02-28T02:36:08 [main.py:525 - <module>()] INFO: Waiting For the Dome to Open at Beginning of Night
2018-02-28T02:37:08 [main.py:525 - <module>()] INFO: Waiting For the Dome to Open at Beginning of Night
2018-02-28T02:38:09 [main.py:525 - <module>()] INFO: Waiting For the Dome to Open at Beginning of Night
2018-02-28T02:39:09 [main.py:525 - <module>()] INFO: Waiting For the Dome to Open at Beginning of Night
2018-02-28T02:40:10 [main.py:525 - <module>()] INFO: Waiting For the Dome to Open at Beginning of Night
2018-02-28T02:41:10 [main.py:525 - <module>()] INFO: Waiting For the Dome to Open at Beginning of Night
2018-02-28T02:42:11 [main.py:525 - <module>()] INFO: Waiting For the Dome to Open at Beginning of Night
2018-02-28T02:43:12 [main.py:525 - <module>()] INFO: Waiting For the Dome to Open at Beginning of Night
2018-02-28T02:44:12 [main.py:525 - <module>()] INFO: Waiting For the Dome to Open at Beginning of Night
2018-02-28T02:45:13 [main.py:525 - <module>()] INFO: Waiting For the Dome to Open at Beginning of Night
2018-02-28T02:46:13 [main.py:525 - <module>()] INFO: Waiting For the Dome to Open at Beginning of Night
2018-02-28T02:47:14 [main.py:525 - <module>()] INFO: Waiting For the Dome to Open at Beginning of Night
2018-02-28T02:48:14 [main.py:525 - <module>()] INFO: Waiting For the Dome to Open at Beginning of Night
2018-02-28T02:49:15 [main.py:525 - <module>()] INFO: Waiting For the Dome to Open at Beginning of Night
2018-02-28T02:50:15 [main.py:525 - <module>()] INFO: Waiting For the Dome to Open at Beginning of Night
2018-02-28T02:51:16 [main.py:525 - <module>()] INFO: Waiting For the Dome to Open at Beginning of Night
2018-02-28T02:52:17 [main.py:525 - <module>()] INFO: Waiting For the Dome to Open at Beginning of Night
2018-02-28T02:53:17 [main.py:525 - <module>()] INFO: Waiting For the Dome to Open at Beginning of Night
2018-02-28T02:54:18 [main.py:525 - <module>()] INFO: Waiting For the Dome to Open at Beginning of Night
2018-02-28T02:55:18 [main.py:525 - <module>()] INFO: Waiting For the Dome to Open at Beginning of Night
2018-02-28T02:56:19 [main.py:525 - <module>()] INFO: Waiting For the Dome to Open at Beginning of Night
2018-02-28T02:57:20 [main.py:525 - <module>()] INFO: Waiting For the Dome to Open at Beginning of Night
2018-02-28T02:58:20 [main.py:525 - <module>()] INFO: Waiting For the Dome to Open at Beginning of Night
2018-02-28T02:59:20 [main.py:525 - <module>()] INFO: Waiting For the Dome to Open at Beginning of Night
2018-02-28T03:00:21 [main.py:525 - <module>()] INFO: Waiting For the Dome to Open at Beginning of Night
2018-02-28T03:01:21 [main.py:525 - <module>()] INFO: Waiting For the Dome to Open at Beginning of Night
2018-02-28T03:02:22 [main.py:525 - <module>()] INFO: Waiting For the Dome to Open at Beginning of Night
2018-02-28T03:03:22 [main.py:525 - <module>()] INFO: Waiting For the Dome to Open at Beginning of Night
2018-02-28T03:04:23 [main.py:525 - <module>()] INFO: Waiting For the Dome to Open at Beginning of Night
2018-02-28T03:05:24 [main.py:525 - <module>()] INFO: Waiting For the Dome to Open at Beginning of Night
2018-02-28T03:06:24 [main.py:525 - <module>()] INFO: Waiting For the Dome to Open at Beginning of Night
2018-02-28T03:07:25 [main.py:525 - <module>()] INFO: Waiting For the Dome to Open at Beginning of Night
2018-02-28T03:08:25 [main.py:525 - <module>()] INFO: Waiting For the Dome to Open at Beginning of Night
2018-02-28T03:09:26 [main.py:525 - <module>()] INFO: Waiting For the Dome to Open at Beginning of Night
2018-02-28T03:10:27 [main.py:525 - <module>()] INFO: Waiting For the Dome to Open at Beginning of Night
2018-02-28T03:11:27 [main.py:525 - <module>()] INFO: Waiting For the Dome to Open at Beginning of Night
2018-02-28T03:12:28 [main.py:525 - <module>()] INFO: Waiting For the Dome to Open at Beginning of Night
2018-02-28T03:13:28 [main.py:525 - <module>()] INFO: Waiting For the Dome to Open at Beginning of Night
2018-02-28T03:14:29 [main.py:525 - <module>()] INFO: Waiting For the Dome to Open at Beginning of Night
2018-02-28T03:15:30 [main.py:525 - <module>()] INFO: Waiting For the Dome to Open at Beginning of Night
2018-02-28T03:16:30 [main.py:525 - <module>()] INFO: Waiting For the Dome to Open at Beginning of Night
2018-02-28T03:17:31 [main.py:525 - <module>()] INFO: Waiting For the Dome to Open at Beginning of Night
2018-02-28T03:18:31 [main.py:525 - <module>()] INFO: Waiting For the Dome to Open at Beginning of Night
2018-02-28T03:19:32 [main.py:525 - <module>()] INFO: Waiting For the Dome to Open at Beginning of Night
2018-02-28T03:20:33 [main.py:525 - <module>()] INFO: Waiting For the Dome to Open at Beginning of Night
2018-02-28T03:21:33 [main.py:525 - <module>()] INFO: Waiting For the Dome to Open at Beginning of Night
2018-02-28T03:22:34 [main.py:525 - <module>()] INFO: Waiting For the Dome to Open at Beginning of Night
2018-02-28T03:23:34 [main.py:525 - <module>()] INFO: Waiting For the Dome to Open at Beginning of Night
2018-02-28T03:24:35 [main.py:525 - <module>()] INFO: Waiting For the Dome to Open at Beginning of Night
2018-02-28T03:25:35 [main.py:525 - <module>()] INFO: Waiting For the Dome to Open at Beginning of Night
2018-02-28T03:26:36 [main.py:525 - <module>()] INFO: Waiting For the Dome to Open at Beginning of Night
2018-02-28T03:27:37 [main.py:525 - <module>()] INFO: Waiting For the Dome to Open at Beginning of Night
2018-02-28T03:28:37 [main.py:525 - <module>()] INFO: Waiting For the Dome to Open at Beginning of Night
2018-02-28T03:29:38 [main.py:525 - <module>()] INFO: Waiting For the Dome to Open at Beginning of Night
2018-02-28T03:30:38 [main.py:525 - <module>()] INFO: Waiting For the Dome to Open at Beginning of Night
2018-02-28T03:31:39 [main.py:525 - <module>()] INFO: Waiting For the Dome to Open at Beginning of Night
2018-02-28T03:32:40 [main.py:525 - <module>()] INFO: Waiting For the Dome to Open at Beginning of Night
2018-02-28T03:33:40 [main.py:525 - <module>()] INFO: Waiting For the Dome to Open at Beginning of Night
2018-02-28T03:34:41 [main.py:525 - <module>()] INFO: Waiting For the Dome to Open at Beginning of Night
2018-02-28T03:35:41 [main.py:525 - <module>()] INFO: Waiting For the Dome to Open at Beginning of Night
2018-02-28T03:36:42 [main.py:525 - <module>()] INFO: Waiting For the Dome to Open at Beginning of Night
2018-02-28T03:37:43 [main.py:525 - <module>()] INFO: Waiting For the Dome to Open at Beginning of Night
2018-02-28T03:38:43 [main.py:525 - <module>()] INFO: Waiting For the Dome to Open at Beginning of Night
2018-02-28T03:39:44 [main.py:525 - <module>()] INFO: Waiting For the Dome to Open at Beginning of Night
2018-02-28T03:40:44 [main.py:525 - <module>()] INFO: Waiting For the Dome to Open at Beginning of Night
2018-02-28T03:41:45 [main.py:525 - <module>()] INFO: Waiting For the Dome to Open at Beginning of Night
2018-02-28T03:42:46 [main.py:525 - <module>()] INFO: Waiting For the Dome to Open at Beginning of Night
2018-02-28T03:43:46 [main.py:525 - <module>()] INFO: Waiting For the Dome to Open at Beginning of Night
2018-02-28T03:44:47 [main.py:525 - <module>()] INFO: Waiting For the Dome to Open at Beginning of Night
2018-02-28T03:45:47 [main.py:525 - <module>()] INFO: Waiting For the Dome to Open at Beginning of Night
2018-02-28T03:46:48 [main.py:525 - <module>()] INFO: Waiting For the Dome to Open at Beginning of Night
2018-02-28T03:47:48 [main.py:525 - <module>()] INFO: Waiting For the Dome to Open at Beginning of Night
2018-02-28T03:48:49 [main.py:525 - <module>()] INFO: Waiting For the Dome to Open at Beginning of Night
2018-02-28T03:49:50 [main.py:525 - <module>()] INFO: Waiting For the Dome to Open at Beginning of Night
2018-02-28T03:50:50 [main.py:525 - <module>()] INFO: Waiting For the Dome to Open at Beginning of Night
2018-02-28T03:51:51 [main.py:525 - <module>()] INFO: Waiting For the Dome to Open at Beginning of Night
2018-02-28T03:52:51 [main.py:525 - <module>()] INFO: Waiting For the Dome to Open at Beginning of Night
2018-02-28T03:53:52 [main.py:525 - <module>()] INFO: Waiting For the Dome to Open at Beginning of Night
2018-02-28T03:54:53 [main.py:525 - <module>()] INFO: Waiting For the Dome to Open at Beginning of Night
2018-02-28T03:55:53 [main.py:525 - <module>()] INFO: Waiting For the Dome to Open at Beginning of Night
2018-02-28T03:56:54 [main.py:525 - <module>()] INFO: Waiting For the Dome to Open at Beginning of Night
2018-02-28T03:57:54 [main.py:525 - <module>()] INFO: Waiting For the Dome to Open at Beginning of Night
2018-02-28T03:58:55 [main.py:525 - <module>()] INFO: Waiting For the Dome to Open at Beginning of Night
2018-02-28T03:59:56 [main.py:525 - <module>()] INFO: Waiting For the Dome to Open at Beginning of Night
2018-02-28T04:00:56 [main.py:525 - <module>()] INFO: Waiting For the Dome to Open at Beginning of Night
2018-02-28T04:01:57 [main.py:525 - <module>()] INFO: Waiting For the Dome to Open at Beginning of Night
2018-02-28T04:02:57 [main.py:525 - <module>()] INFO: Waiting For the Dome to Open at Beginning of Night
2018-02-28T04:03:58 [main.py:525 - <module>()] INFO: Waiting For the Dome to Open at Beginning of Night
2018-02-28T04:04:58 [main.py:525 - <module>()] INFO: Waiting For the Dome to Open at Beginning of Night
2018-02-28T04:05:59 [main.py:525 - <module>()] INFO: Waiting For the Dome to Open at Beginning of Night
2018-02-28T04:06:59 [main.py:525 - <module>()] INFO: Waiting For the Dome to Open at Beginning of Night
2018-02-28T04:08:00 [main.py:525 - <module>()] INFO: Waiting For the Dome to Open at Beginning of Night
2018-02-28T04:09:00 [main.py:525 - <module>()] INFO: Waiting For the Dome to Open at Beginning of Night
2018-02-28T04:10:01 [main.py:525 - <module>()] INFO: Waiting For the Dome to Open at Beginning of Night
2018-02-28T04:11:01 [main.py:525 - <module>()] INFO: Waiting For the Dome to Open at Beginning of Night
2018-02-28T04:12:02 [main.py:525 - <module>()] INFO: Waiting For the Dome to Open at Beginning of Night
2018-02-28T04:13:02 [main.py:525 - <module>()] INFO: Waiting For the Dome to Open at Beginning of Night
2018-02-28T04:14:03 [main.py:525 - <module>()] INFO: Waiting For the Dome to Open at Beginning of Night
2018-02-28T04:15:04 [main.py:525 - <module>()] INFO: Waiting For the Dome to Open at Beginning of Night
2018-02-28T04:16:04 [main.py:525 - <module>()] INFO: Waiting For the Dome to Open at Beginning of Night
2018-02-28T04:17:05 [main.py:525 - <module>()] INFO: Waiting For the Dome to Open at Beginning of Night
2018-02-28T04:18:05 [main.py:525 - <module>()] INFO: Waiting For the Dome to Open at Beginning of Night
2018-02-28T04:19:06 [main.py:525 - <module>()] INFO: Waiting For the Dome to Open at Beginning of Night
2018-02-28T04:20:06 [main.py:525 - <module>()] INFO: Waiting For the Dome to Open at Beginning of Night
2018-02-28T04:21:07 [main.py:525 - <module>()] INFO: Waiting For the Dome to Open at Beginning of Night
2018-02-28T04:22:07 [main.py:525 - <module>()] INFO: Waiting For the Dome to Open at Beginning of Night
2018-02-28T04:23:08 [main.py:525 - <module>()] INFO: Waiting For the Dome to Open at Beginning of Night
2018-02-28T04:24:09 [main.py:525 - <module>()] INFO: Waiting For the Dome to Open at Beginning of Night
2018-02-28T04:25:09 [main.py:525 - <module>()] INFO: Waiting For the Dome to Open at Beginning of Night
2018-02-28T04:26:10 [main.py:525 - <module>()] INFO: Waiting For the Dome to Open at Beginning of Night
2018-02-28T04:27:10 [main.py:525 - <module>()] INFO: Waiting For the Dome to Open at Beginning of Night
2018-02-28T04:28:11 [main.py:525 - <module>()] INFO: Waiting For the Dome to Open at Beginning of Night
2018-02-28T04:29:11 [main.py:525 - <module>()] INFO: Waiting For the Dome to Open at Beginning of Night
2018-02-28T04:30:12 [main.py:525 - <module>()] INFO: Waiting For the Dome to Open at Beginning of Night
2018-02-28T04:31:12 [main.py:525 - <module>()] INFO: Waiting For the Dome to Open at Beginning of Night
2018-02-28T04:32:13 [main.py:525 - <module>()] INFO: Waiting For the Dome to Open at Beginning of Night
2018-02-28T04:33:14 [main.py:525 - <module>()] INFO: Waiting For the Dome to Open at Beginning of Night
2018-02-28T04:34:14 [main.py:525 - <module>()] INFO: Waiting For the Dome to Open at Beginning of Night
2018-02-28T04:35:15 [main.py:525 - <module>()] INFO: Waiting For the Dome to Open at Beginning of Night
2018-02-28T04:36:15 [main.py:525 - <module>()] INFO: Waiting For the Dome to Open at Beginning of Night
2018-02-28T04:37:16 [main.py:525 - <module>()] INFO: Waiting For the Dome to Open at Beginning of Night
2018-02-28T04:38:16 [main.py:525 - <module>()] INFO: Waiting For the Dome to Open at Beginning of Night
2018-02-28T04:39:17 [main.py:525 - <module>()] INFO: Waiting For the Dome to Open at Beginning of Night
2018-02-28T04:40:17 [main.py:525 - <module>()] INFO: Waiting For the Dome to Open at Beginning of Night
2018-02-28T04:41:18 [main.py:525 - <module>()] INFO: Waiting For the Dome to Open at Beginning of Night
2018-02-28T04:42:18 [main.py:525 - <module>()] INFO: Waiting For the Dome to Open at Beginning of Night
2018-02-28T04:43:19 [main.py:525 - <module>()] INFO: Waiting For the Dome to Open at Beginning of Night
2018-02-28T04:44:19 [main.py:525 - <module>()] INFO: Waiting For the Dome to Open at Beginning of Night
2018-02-28T04:45:20 [main.py:525 - <module>()] INFO: Waiting For the Dome to Open at Beginning of Night
2018-02-28T04:46:20 [main.py:525 - <module>()] INFO: Waiting For the Dome to Open at Beginning of Night
2018-02-28T04:47:21 [main.py:525 - <module>()] INFO: Waiting For the Dome to Open at Beginning of Night
2018-02-28T04:48:21 [main.py:525 - <module>()] INFO: Waiting For the Dome to Open at Beginning of Night
2018-02-28T04:49:22 [main.py:525 - <module>()] INFO: Waiting For the Dome to Open at Beginning of Night
2018-02-28T04:50:23 [main.py:525 - <module>()] INFO: Waiting For the Dome to Open at Beginning of Night
2018-02-28T04:51:23 [main.py:525 - <module>()] INFO: Waiting For the Dome to Open at Beginning of Night
2018-02-28T04:52:24 [main.py:525 - <module>()] INFO: Waiting For the Dome to Open at Beginning of Night
2018-02-28T04:53:24 [main.py:525 - <module>()] INFO: Waiting For the Dome to Open at Beginning of Night
2018-02-28T04:54:25 [main.py:525 - <module>()] INFO: Waiting For the Dome to Open at Beginning of Night
2018-02-28T04:55:26 [main.py:525 - <module>()] INFO: Waiting For the Dome to Open at Beginning of Night
2018-02-28T04:56:26 [main.py:525 - <module>()] INFO: Waiting For the Dome to Open at Beginning of Night
2018-02-28T04:57:27 [main.py:525 - <module>()] INFO: Waiting For the Dome to Open at Beginning of Night
2018-02-28T04:58:27 [main.py:525 - <module>()] INFO: Waiting For the Dome to Open at Beginning of Night
2018-02-28T04:59:28 [main.py:525 - <module>()] INFO: Waiting For the Dome to Open at Beginning of Night
2018-02-28T05:00:29 [main.py:525 - <module>()] INFO: Waiting For the Dome to Open at Beginning of Night
2018-02-28T05:01:29 [main.py:525 - <module>()] INFO: Waiting For the Dome to Open at Beginning of Night
2018-02-28T05:02:30 [main.py:525 - <module>()] INFO: Waiting For the Dome to Open at Beginning of Night
2018-02-28T05:03:30 [main.py:525 - <module>()] INFO: Waiting For the Dome to Open at Beginning of Night
2018-02-28T05:04:31 [main.py:525 - <module>()] INFO: Waiting For the Dome to Open at Beginning of Night
2018-02-28T05:05:31 [main.py:525 - <module>()] INFO: Waiting For the Dome to Open at Beginning of Night
2018-02-28T05:06:32 [main.py:525 - <module>()] INFO: Waiting For the Dome to Open at Beginning of Night
2018-02-28T05:07:32 [main.py:525 - <module>()] INFO: Waiting For the Dome to Open at Beginning of Night
2018-02-28T05:08:33 [main.py:525 - <module>()] INFO: Waiting For the Dome to Open at Beginning of Night
2018-02-28T05:09:34 [main.py:525 - <module>()] INFO: Waiting For the Dome to Open at Beginning of Night
2018-02-28T05:10:34 [main.py:525 - <module>()] INFO: Waiting For the Dome to Open at Beginning of Night
2018-02-28T05:11:35 [main.py:525 - <module>()] INFO: Waiting For the Dome to Open at Beginning of Night
2018-02-28T05:12:35 [main.py:525 - <module>()] INFO: Waiting For the Dome to Open at Beginning of Night
2018-02-28T05:13:36 [main.py:525 - <module>()] INFO: Waiting For the Dome to Open at Beginning of Night
2018-02-28T05:14:37 [main.py:525 - <module>()] INFO: Waiting For the Dome to Open at Beginning of Night
2018-02-28T05:15:37 [main.py:525 - <module>()] INFO: Waiting For the Dome to Open at Beginning of Night
2018-02-28T05:16:37 [main.py:525 - <module>()] INFO: Waiting For the Dome to Open at Beginning of Night
2018-02-28T05:17:38 [main.py:525 - <module>()] INFO: Waiting For the Dome to Open at Beginning of Night
2018-02-28T05:18:39 [main.py:525 - <module>()] INFO: Waiting For the Dome to Open at Beginning of Night
2018-02-28T05:19:39 [main.py:525 - <module>()] INFO: Waiting For the Dome to Open at Beginning of Night
2018-02-28T05:20:40 [main.py:525 - <module>()] INFO: Waiting For the Dome to Open at Beginning of Night
2018-02-28T05:21:40 [main.py:525 - <module>()] INFO: Waiting For the Dome to Open at Beginning of Night
2018-02-28T05:22:41 [main.py:525 - <module>()] INFO: Waiting For the Dome to Open at Beginning of Night
2018-02-28T05:23:42 [main.py:525 - <module>()] INFO: Waiting For the Dome to Open at Beginning of Night
2018-02-28T05:24:42 [main.py:525 - <module>()] INFO: Waiting For the Dome to Open at Beginning of Night
2018-02-28T05:25:43 [main.py:525 - <module>()] INFO: Waiting For the Dome to Open at Beginning of Night
2018-02-28T05:26:43 [main.py:525 - <module>()] INFO: Waiting For the Dome to Open at Beginning of Night
2018-02-28T05:27:44 [main.py:525 - <module>()] INFO: Waiting For the Dome to Open at Beginning of Night
2018-02-28T05:28:44 [main.py:525 - <module>()] INFO: Waiting For the Dome to Open at Beginning of Night
2018-02-28T05:29:45 [main.py:525 - <module>()] INFO: Waiting For the Dome to Open at Beginning of Night
2018-02-28T05:30:45 [main.py:525 - <module>()] INFO: Waiting For the Dome to Open at Beginning of Night
2018-02-28T05:31:46 [main.py:525 - <module>()] INFO: Waiting For the Dome to Open at Beginning of Night
2018-02-28T05:32:47 [main.py:525 - <module>()] INFO: Waiting For the Dome to Open at Beginning of Night
2018-02-28T05:33:47 [main.py:525 - <module>()] INFO: Waiting For the Dome to Open at Beginning of Night
2018-02-28T05:34:48 [main.py:525 - <module>()] INFO: Waiting For the Dome to Open at Beginning of Night
2018-02-28T05:35:48 [main.py:525 - <module>()] INFO: Waiting For the Dome to Open at Beginning of Night
2018-02-28T05:36:49 [main.py:525 - <module>()] INFO: Waiting For the Dome to Open at Beginning of Night
2018-02-28T05:37:50 [main.py:525 - <module>()] INFO: Waiting For the Dome to Open at Beginning of Night
2018-02-28T05:38:50 [main.py:525 - <module>()] INFO: Waiting For the Dome to Open at Beginning of Night
2018-02-28T05:39:51 [main.py:525 - <module>()] INFO: Waiting For the Dome to Open at Beginning of Night
2018-02-28T05:40:51 [main.py:525 - <module>()] INFO: Waiting For the Dome to Open at Beginning of Night
2018-02-28T05:41:51 [main.py:525 - <module>()] INFO: Waiting For the Dome to Open at Beginning of Night
2018-02-28T05:42:52 [main.py:525 - <module>()] INFO: Waiting For the Dome to Open at Beginning of Night
2018-02-28T05:43:52 [main.py:525 - <module>()] INFO: Waiting For the Dome to Open at Beginning of Night
2018-02-28T05:44:53 [main.py:525 - <module>()] INFO: Waiting For the Dome to Open at Beginning of Night
2018-02-28T05:45:53 [main.py:525 - <module>()] INFO: Waiting For the Dome to Open at Beginning of Night
2018-02-28T05:46:54 [main.py:525 - <module>()] INFO: Waiting For the Dome to Open at Beginning of Night
2018-02-28T05:47:55 [main.py:525 - <module>()] INFO: Waiting For the Dome to Open at Beginning of Night
2018-02-28T05:48:55 [main.py:525 - <module>()] INFO: Waiting For the Dome to Open at Beginning of Night
2018-02-28T05:49:56 [main.py:525 - <module>()] INFO: Waiting For the Dome to Open at Beginning of Night
2018-02-28T05:50:56 [main.py:525 - <module>()] INFO: Waiting For the Dome to Open at Beginning of Night
2018-02-28T05:51:57 [main.py:525 - <module>()] INFO: Waiting For the Dome to Open at Beginning of Night
2018-02-28T05:52:58 [main.py:525 - <module>()] INFO: Waiting For the Dome to Open at Beginning of Night
2018-02-28T05:53:58 [main.py:525 - <module>()] INFO: Waiting For the Dome to Open at Beginning of Night
2018-02-28T05:54:58 [main.py:525 - <module>()] INFO: Waiting For the Dome to Open at Beginning of Night
2018-02-28T05:55:59 [main.py:525 - <module>()] INFO: Waiting For the Dome to Open at Beginning of Night
2018-02-28T05:57:00 [main.py:525 - <module>()] INFO: Waiting For the Dome to Open at Beginning of Night
2018-02-28T05:58:00 [main.py:525 - <module>()] INFO: Waiting For the Dome to Open at Beginning of Night
2018-02-28T05:59:01 [main.py:525 - <module>()] INFO: Waiting For the Dome to Open at Beginning of Night
2018-02-28T06:00:01 [main.py:525 - <module>()] INFO: Waiting For the Dome to Open at Beginning of Night
2018-02-28T06:01:02 [main.py:525 - <module>()] INFO: Waiting For the Dome to Open at Beginning of Night
2018-02-28T06:02:03 [main.py:525 - <module>()] INFO: Waiting For the Dome to Open at Beginning of Night
2018-02-28T06:03:03 [main.py:525 - <module>()] INFO: Waiting For the Dome to Open at Beginning of Night
2018-02-28T06:04:04 [main.py:525 - <module>()] INFO: Waiting For the Dome to Open at Beginning of Night
2018-02-28T06:05:04 [main.py:525 - <module>()] INFO: Waiting For the Dome to Open at Beginning of Night
2018-02-28T06:06:05 [main.py:525 - <module>()] INFO: Waiting For the Dome to Open at Beginning of Night
2018-02-28T06:07:05 [main.py:525 - <module>()] INFO: Waiting For the Dome to Open at Beginning of Night
2018-02-28T06:08:06 [main.py:525 - <module>()] INFO: Waiting For the Dome to Open at Beginning of Night
2018-02-28T06:09:07 [main.py:525 - <module>()] INFO: Waiting For the Dome to Open at Beginning of Night
2018-02-28T06:10:07 [main.py:525 - <module>()] INFO: Waiting For the Dome to Open at Beginning of Night
2018-02-28T06:11:08 [main.py:525 - <module>()] INFO: Waiting For the Dome to Open at Beginning of Night
2018-02-28T06:12:08 [main.py:525 - <module>()] INFO: Waiting For the Dome to Open at Beginning of Night
2018-02-28T06:13:09 [main.py:525 - <module>()] INFO: Waiting For the Dome to Open at Beginning of Night
2018-02-28T06:14:09 [main.py:525 - <module>()] INFO: Waiting For the Dome to Open at Beginning of Night
2018-02-28T06:15:10 [main.py:525 - <module>()] INFO: Waiting For the Dome to Open at Beginning of Night
2018-02-28T06:16:11 [main.py:525 - <module>()] INFO: Waiting For the Dome to Open at Beginning of Night
2018-02-28T06:17:11 [main.py:525 - <module>()] INFO: Waiting For the Dome to Open at Beginning of Night
2018-02-28T06:18:12 [main.py:525 - <module>()] INFO: Waiting For the Dome to Open at Beginning of Night
2018-02-28T06:19:12 [main.py:525 - <module>()] INFO: Waiting For the Dome to Open at Beginning of Night
2018-02-28T06:20:13 [main.py:525 - <module>()] INFO: Waiting For the Dome to Open at Beginning of Night
2018-02-28T06:21:14 [main.py:525 - <module>()] INFO: Waiting For the Dome to Open at Beginning of Night
2018-02-28T06:22:14 [main.py:525 - <module>()] INFO: Waiting For the Dome to Open at Beginning of Night
2018-02-28T06:23:15 [main.py:525 - <module>()] INFO: Waiting For the Dome to Open at Beginning of Night
2018-02-28T06:24:15 [main.py:525 - <module>()] INFO: Waiting For the Dome to Open at Beginning of Night
2018-02-28T06:25:16 [main.py:525 - <module>()] INFO: Waiting For the Dome to Open at Beginning of Night
2018-02-28T06:26:16 [main.py:525 - <module>()] INFO: Waiting For the Dome to Open at Beginning of Night
2018-02-28T06:27:17 [main.py:525 - <module>()] INFO: Waiting For the Dome to Open at Beginning of Night
2018-02-28T06:28:17 [main.py:525 - <module>()] INFO: Waiting For the Dome to Open at Beginning of Night
2018-02-28T06:29:18 [main.py:525 - <module>()] INFO: Waiting For the Dome to Open at Beginning of Night
2018-02-28T06:30:19 [main.py:525 - <module>()] INFO: Waiting For the Dome to Open at Beginning of Night
2018-02-28T06:31:19 [main.py:525 - <module>()] INFO: Waiting For the Dome to Open at Beginning of Night
2018-02-28T06:32:20 [main.py:525 - <module>()] INFO: Waiting For the Dome to Open at Beginning of Night
2018-02-28T06:33:20 [main.py:525 - <module>()] INFO: Waiting For the Dome to Open at Beginning of Night
2018-02-28T06:34:21 [main.py:525 - <module>()] INFO: Waiting For the Dome to Open at Beginning of Night
2018-02-28T06:35:21 [main.py:525 - <module>()] INFO: Waiting For the Dome to Open at Beginning of Night
2018-02-28T06:36:22 [main.py:525 - <module>()] INFO: Waiting For the Dome to Open at Beginning of Night
2018-02-28T06:37:22 [main.py:525 - <module>()] INFO: Waiting For the Dome to Open at Beginning of Night
2018-02-28T06:38:23 [main.py:525 - <module>()] INFO: Waiting For the Dome to Open at Beginning of Night
2018-02-28T06:39:23 [main.py:525 - <module>()] INFO: Waiting For the Dome to Open at Beginning of Night
2018-02-28T06:40:24 [main.py:525 - <module>()] INFO: Waiting For the Dome to Open at Beginning of Night
2018-02-28T06:41:25 [main.py:525 - <module>()] INFO: Waiting For the Dome to Open at Beginning of Night
2018-02-28T06:42:25 [main.py:525 - <module>()] INFO: Waiting For the Dome to Open at Beginning of Night
2018-02-28T06:43:26 [main.py:525 - <module>()] INFO: Waiting For the Dome to Open at Beginning of Night
2018-02-28T06:44:26 [main.py:525 - <module>()] INFO: Waiting For the Dome to Open at Beginning of Night
2018-02-28T06:45:27 [main.py:525 - <module>()] INFO: Waiting For the Dome to Open at Beginning of Night
2018-02-28T06:46:27 [main.py:525 - <module>()] INFO: Waiting For the Dome to Open at Beginning of Night
2018-02-28T06:47:28 [main.py:525 - <module>()] INFO: Waiting For the Dome to Open at Beginning of Night
2018-02-28T06:48:29 [main.py:525 - <module>()] INFO: Waiting For the Dome to Open at Beginning of Night
2018-02-28T06:49:29 [main.py:525 - <module>()] INFO: Waiting For the Dome to Open at Beginning of Night
2018-02-28T06:50:30 [main.py:525 - <module>()] INFO: Waiting For the Dome to Open at Beginning of Night
2018-02-28T06:51:30 [main.py:525 - <module>()] INFO: Waiting For the Dome to Open at Beginning of Night
2018-02-28T06:52:31 [main.py:525 - <module>()] INFO: Waiting For the Dome to Open at Beginning of Night
2018-02-28T06:53:31 [main.py:525 - <module>()] INFO: Waiting For the Dome to Open at Beginning of Night
2018-02-28T06:54:32 [main.py:525 - <module>()] INFO: Waiting For the Dome to Open at Beginning of Night
2018-02-28T06:55:32 [main.py:525 - <module>()] INFO: Waiting For the Dome to Open at Beginning of Night
2018-02-28T06:56:33 [main.py:525 - <module>()] INFO: Waiting For the Dome to Open at Beginning of Night
2018-02-28T06:57:33 [main.py:525 - <module>()] INFO: Waiting For the Dome to Open at Beginning of Night
2018-02-28T06:58:34 [main.py:525 - <module>()] INFO: Waiting For the Dome to Open at Beginning of Night
2018-02-28T06:59:35 [main.py:525 - <module>()] INFO: Waiting For the Dome to Open at Beginning of Night
2018-02-28T07:00:35 [main.py:525 - <module>()] INFO: Waiting For the Dome to Open at Beginning of Night
2018-02-28T07:01:36 [main.py:525 - <module>()] INFO: Waiting For the Dome to Open at Beginning of Night
2018-02-28T07:02:36 [main.py:525 - <module>()] INFO: Waiting For the Dome to Open at Beginning of Night
2018-02-28T07:03:37 [main.py:525 - <module>()] INFO: Waiting For the Dome to Open at Beginning of Night
2018-02-28T07:04:37 [main.py:525 - <module>()] INFO: Waiting For the Dome to Open at Beginning of Night
2018-02-28T07:05:38 [main.py:525 - <module>()] INFO: Waiting For the Dome to Open at Beginning of Night
2018-02-28T07:06:39 [main.py:525 - <module>()] INFO: Waiting For the Dome to Open at Beginning of Night
2018-02-28T07:07:39 [main.py:525 - <module>()] INFO: Waiting For the Dome to Open at Beginning of Night
2018-02-28T07:08:40 [main.py:525 - <module>()] INFO: Waiting For the Dome to Open at Beginning of Night
2018-02-28T07:09:40 [main.py:525 - <module>()] INFO: Waiting For the Dome to Open at Beginning of Night
2018-02-28T07:10:41 [main.py:525 - <module>()] INFO: Waiting For the Dome to Open at Beginning of Night
2018-02-28T07:11:42 [main.py:525 - <module>()] INFO: Waiting For the Dome to Open at Beginning of Night
2018-02-28T07:12:42 [main.py:525 - <module>()] INFO: Waiting For the Dome to Open at Beginning of Night
2018-02-28T07:13:43 [main.py:525 - <module>()] INFO: Waiting For the Dome to Open at Beginning of Night
2018-02-28T07:14:43 [main.py:525 - <module>()] INFO: Waiting For the Dome to Open at Beginning of Night
2018-02-28T07:15:44 [main.py:525 - <module>()] INFO: Waiting For the Dome to Open at Beginning of Night
2018-02-28T07:16:44 [main.py:525 - <module>()] INFO: Waiting For the Dome to Open at Beginning of Night
2018-02-28T07:17:45 [main.py:525 - <module>()] INFO: Waiting For the Dome to Open at Beginning of Night
2018-02-28T07:18:46 [main.py:525 - <module>()] INFO: Waiting For the Dome to Open at Beginning of Night
2018-02-28T07:19:46 [main.py:525 - <module>()] INFO: Waiting For the Dome to Open at Beginning of Night
2018-02-28T07:20:47 [main.py:525 - <module>()] INFO: Waiting For the Dome to Open at Beginning of Night
2018-02-28T07:21:47 [main.py:525 - <module>()] INFO: Waiting For the Dome to Open at Beginning of Night
2018-02-28T07:22:48 [main.py:525 - <module>()] INFO: Waiting For the Dome to Open at Beginning of Night
2018-02-28T07:23:49 [main.py:525 - <module>()] INFO: Waiting For the Dome to Open at Beginning of Night
2018-02-28T07:24:49 [main.py:525 - <module>()] INFO: Waiting For the Dome to Open at Beginning of Night
2018-02-28T07:25:50 [main.py:525 - <module>()] INFO: Waiting For the Dome to Open at Beginning of Night
2018-02-28T07:26:50 [main.py:525 - <module>()] INFO: Waiting For the Dome to Open at Beginning of Night
2018-02-28T07:27:51 [main.py:525 - <module>()] INFO: Waiting For the Dome to Open at Beginning of Night
2018-02-28T07:28:51 [main.py:525 - <module>()] INFO: Waiting For the Dome to Open at Beginning of Night
2018-02-28T07:29:52 [main.py:525 - <module>()] INFO: Waiting For the Dome to Open at Beginning of Night
2018-02-28T07:30:52 [main.py:525 - <module>()] INFO: Waiting For the Dome to Open at Beginning of Night
2018-02-28T07:31:53 [main.py:525 - <module>()] INFO: Waiting For the Dome to Open at Beginning of Night
2018-02-28T07:32:53 [main.py:525 - <module>()] INFO: Waiting For the Dome to Open at Beginning of Night
2018-02-28T07:33:54 [main.py:525 - <module>()] INFO: Waiting For the Dome to Open at Beginning of Night
2018-02-28T07:34:55 [main.py:525 - <module>()] INFO: Waiting For the Dome to Open at Beginning of Night
2018-02-28T07:35:55 [main.py:525 - <module>()] INFO: Waiting For the Dome to Open at Beginning of Night
2018-02-28T07:36:56 [main.py:525 - <module>()] INFO: Waiting For the Dome to Open at Beginning of Night
2018-02-28T07:37:56 [main.py:525 - <module>()] INFO: Waiting For the Dome to Open at Beginning of Night
2018-02-28T07:38:57 [main.py:525 - <module>()] INFO: Waiting For the Dome to Open at Beginning of Night
2018-02-28T07:39:58 [main.py:525 - <module>()] INFO: Waiting For the Dome to Open at Beginning of Night
2018-02-28T07:40:58 [main.py:525 - <module>()] INFO: Waiting For the Dome to Open at Beginning of Night
2018-02-28T07:41:59 [main.py:525 - <module>()] INFO: Waiting For the Dome to Open at Beginning of Night
2018-02-28T07:42:59 [main.py:525 - <module>()] INFO: Waiting For the Dome to Open at Beginning of Night
2018-02-28T07:44:00 [main.py:525 - <module>()] INFO: Waiting For the Dome to Open at Beginning of Night
2018-02-28T07:45:00 [main.py:525 - <module>()] INFO: Waiting For the Dome to Open at Beginning of Night
2018-02-28T07:46:01 [main.py:525 - <module>()] INFO: Waiting For the Dome to Open at Beginning of Night
2018-02-28T07:47:01 [main.py:525 - <module>()] INFO: Waiting For the Dome to Open at Beginning of Night
2018-02-28T07:48:02 [main.py:525 - <module>()] INFO: Waiting For the Dome to Open at Beginning of Night
2018-02-28T07:49:02 [main.py:525 - <module>()] INFO: Waiting For the Dome to Open at Beginning of Night
2018-02-28T07:50:03 [main.py:525 - <module>()] INFO: Waiting For the Dome to Open at Beginning of Night
2018-02-28T07:51:04 [main.py:525 - <module>()] INFO: Waiting For the Dome to Open at Beginning of Night
2018-02-28T07:52:04 [main.py:525 - <module>()] INFO: Waiting For the Dome to Open at Beginning of Night
2018-02-28T07:53:05 [main.py:525 - <module>()] INFO: Waiting For the Dome to Open at Beginning of Night
2018-02-28T07:54:05 [main.py:525 - <module>()] INFO: Waiting For the Dome to Open at Beginning of Night
2018-02-28T07:55:06 [main.py:525 - <module>()] INFO: Waiting For the Dome to Open at Beginning of Night
2018-02-28T07:56:06 [main.py:525 - <module>()] INFO: Waiting For the Dome to Open at Beginning of Night
2018-02-28T07:57:07 [main.py:525 - <module>()] INFO: Waiting For the Dome to Open at Beginning of Night
2018-02-28T07:58:07 [main.py:525 - <module>()] INFO: Waiting For the Dome to Open at Beginning of Night
2018-02-28T07:59:08 [main.py:525 - <module>()] INFO: Waiting For the Dome to Open at Beginning of Night
2018-02-28T08:00:09 [main.py:525 - <module>()] INFO: Waiting For the Dome to Open at Beginning of Night
2018-02-28T08:01:09 [main.py:525 - <module>()] INFO: Waiting For the Dome to Open at Beginning of Night
2018-02-28T08:02:10 [main.py:525 - <module>()] INFO: Waiting For the Dome to Open at Beginning of Night
2018-02-28T08:03:10 [main.py:525 - <module>()] INFO: Waiting For the Dome to Open at Beginning of Night
2018-02-28T08:04:11 [main.py:525 - <module>()] INFO: Waiting For the Dome to Open at Beginning of Night
2018-02-28T08:05:12 [main.py:525 - <module>()] INFO: Waiting For the Dome to Open at Beginning of Night
2018-02-28T08:06:12 [main.py:525 - <module>()] INFO: Waiting For the Dome to Open at Beginning of Night
2018-02-28T08:07:13 [main.py:525 - <module>()] INFO: Waiting For the Dome to Open at Beginning of Night
2018-02-28T08:08:13 [main.py:525 - <module>()] INFO: Waiting For the Dome to Open at Beginning of Night
2018-02-28T08:09:14 [main.py:525 - <module>()] INFO: Waiting For the Dome to Open at Beginning of Night
2018-02-28T08:10:15 [main.py:525 - <module>()] INFO: Waiting For the Dome to Open at Beginning of Night
2018-02-28T08:11:15 [main.py:525 - <module>()] INFO: Waiting For the Dome to Open at Beginning of Night
2018-02-28T08:12:15 [main.py:525 - <module>()] INFO: Waiting For the Dome to Open at Beginning of Night
2018-02-28T08:13:16 [main.py:525 - <module>()] INFO: Waiting For the Dome to Open at Beginning of Night
2018-02-28T08:14:17 [main.py:525 - <module>()] INFO: Waiting For the Dome to Open at Beginning of Night
2018-02-28T08:15:17 [main.py:525 - <module>()] INFO: Waiting For the Dome to Open at Beginning of Night
2018-02-28T08:16:18 [main.py:525 - <module>()] INFO: Waiting For the Dome to Open at Beginning of Night
2018-02-28T08:17:18 [main.py:525 - <module>()] INFO: Waiting For the Dome to Open at Beginning of Night
2018-02-28T08:18:19 [main.py:525 - <module>()] INFO: Waiting For the Dome to Open at Beginning of Night
2018-02-28T08:19:19 [main.py:525 - <module>()] INFO: Waiting For the Dome to Open at Beginning of Night
2018-02-28T08:20:20 [main.py:525 - <module>()] INFO: Waiting For the Dome to Open at Beginning of Night
2018-02-28T08:21:21 [main.py:525 - <module>()] INFO: Waiting For the Dome to Open at Beginning of Night
2018-02-28T08:22:21 [main.py:525 - <module>()] INFO: Waiting For the Dome to Open at Beginning of Night
2018-02-28T08:23:22 [main.py:525 - <module>()] INFO: Waiting For the Dome to Open at Beginning of Night
2018-02-28T08:24:22 [main.py:525 - <module>()] INFO: Waiting For the Dome to Open at Beginning of Night
2018-02-28T08:25:23 [main.py:525 - <module>()] INFO: Waiting For the Dome to Open at Beginning of Night
2018-02-28T08:26:23 [main.py:525 - <module>()] INFO: Waiting For the Dome to Open at Beginning of Night
2018-02-28T08:27:24 [main.py:525 - <module>()] INFO: Waiting For the Dome to Open at Beginning of Night
2018-02-28T08:28:25 [main.py:525 - <module>()] INFO: Waiting For the Dome to Open at Beginning of Night
2018-02-28T08:29:25 [main.py:525 - <module>()] INFO: Waiting For the Dome to Open at Beginning of Night
2018-02-28T08:30:26 [main.py:525 - <module>()] INFO: Waiting For the Dome to Open at Beginning of Night
2018-02-28T08:31:26 [main.py:525 - <module>()] INFO: Waiting For the Dome to Open at Beginning of Night
2018-02-28T08:32:27 [main.py:525 - <module>()] INFO: Waiting For the Dome to Open at Beginning of Night
2018-02-28T08:33:27 [main.py:525 - <module>()] INFO: Waiting For the Dome to Open at Beginning of Night
2018-02-28T08:34:28 [main.py:525 - <module>()] INFO: Waiting For the Dome to Open at Beginning of Night
2018-02-28T08:35:28 [main.py:525 - <module>()] INFO: Waiting For the Dome to Open at Beginning of Night
2018-02-28T08:36:29 [main.py:525 - <module>()] INFO: Waiting For the Dome to Open at Beginning of Night
2018-02-28T08:37:30 [main.py:525 - <module>()] INFO: Waiting For the Dome to Open at Beginning of Night
2018-02-28T08:38:30 [main.py:525 - <module>()] INFO: Waiting For the Dome to Open at Beginning of Night
2018-02-28T08:39:31 [main.py:525 - <module>()] INFO: Waiting For the Dome to Open at Beginning of Night
2018-02-28T08:40:31 [main.py:525 - <module>()] INFO: Waiting For the Dome to Open at Beginning of Night
2018-02-28T08:41:32 [main.py:525 - <module>()] INFO: Waiting For the Dome to Open at Beginning of Night
2018-02-28T08:42:32 [main.py:525 - <module>()] INFO: Waiting For the Dome to Open at Beginning of Night
2018-02-28T08:43:33 [main.py:525 - <module>()] INFO: Waiting For the Dome to Open at Beginning of Night
2018-02-28T08:44:34 [main.py:525 - <module>()] INFO: Waiting For the Dome to Open at Beginning of Night
2018-02-28T08:45:34 [main.py:525 - <module>()] INFO: Waiting For the Dome to Open at Beginning of Night
2018-02-28T08:46:35 [main.py:525 - <module>()] INFO: Waiting For the Dome to Open at Beginning of Night
2018-02-28T08:47:35 [main.py:525 - <module>()] INFO: Waiting For the Dome to Open at Beginning of Night
2018-02-28T08:48:36 [main.py:525 - <module>()] INFO: Waiting For the Dome to Open at Beginning of Night
2018-02-28T08:49:36 [main.py:525 - <module>()] INFO: Waiting For the Dome to Open at Beginning of Night
2018-02-28T08:50:37 [main.py:525 - <module>()] INFO: Waiting For the Dome to Open at Beginning of Night
2018-02-28T08:51:37 [main.py:525 - <module>()] INFO: Waiting For the Dome to Open at Beginning of Night
2018-02-28T08:52:38 [main.py:525 - <module>()] INFO: Waiting For the Dome to Open at Beginning of Night
2018-02-28T08:53:38 [main.py:525 - <module>()] INFO: Waiting For the Dome to Open at Beginning of Night
2018-02-28T08:54:39 [main.py:525 - <module>()] INFO: Waiting For the Dome to Open at Beginning of Night
2018-02-28T08:55:39 [main.py:525 - <module>()] INFO: Waiting For the Dome to Open at Beginning of Night
2018-02-28T08:56:40 [main.py:525 - <module>()] INFO: Waiting For the Dome to Open at Beginning of Night
2018-02-28T08:57:41 [main.py:525 - <module>()] INFO: Waiting For the Dome to Open at Beginning of Night
2018-02-28T08:58:41 [main.py:525 - <module>()] INFO: Waiting For the Dome to Open at Beginning of Night
2018-02-28T08:59:42 [main.py:525 - <module>()] INFO: Waiting For the Dome to Open at Beginning of Night
2018-02-28T09:00:42 [main.py:525 - <module>()] INFO: Waiting For the Dome to Open at Beginning of Night
2018-02-28T09:01:43 [main.py:525 - <module>()] INFO: Waiting For the Dome to Open at Beginning of Night
2018-02-28T09:02:44 [main.py:525 - <module>()] INFO: Waiting For the Dome to Open at Beginning of Night
2018-02-28T09:03:44 [main.py:525 - <module>()] INFO: Waiting For the Dome to Open at Beginning of Night
2018-02-28T09:04:45 [main.py:525 - <module>()] INFO: Waiting For the Dome to Open at Beginning of Night
2018-02-28T09:05:45 [main.py:525 - <module>()] INFO: Waiting For the Dome to Open at Beginning of Night
2018-02-28T09:06:46 [main.py:525 - <module>()] INFO: Waiting For the Dome to Open at Beginning of Night
2018-02-28T09:07:47 [main.py:525 - <module>()] INFO: Waiting For the Dome to Open at Beginning of Night
2018-02-28T09:08:47 [main.py:525 - <module>()] INFO: Waiting For the Dome to Open at Beginning of Night
2018-02-28T09:09:48 [main.py:525 - <module>()] INFO: Waiting For the Dome to Open at Beginning of Night
2018-02-28T09:10:49 [main.py:525 - <module>()] INFO: Waiting For the Dome to Open at Beginning of Night
2018-02-28T09:11:49 [main.py:525 - <module>()] INFO: Waiting For the Dome to Open at Beginning of Night
2018-02-28T09:12:50 [main.py:525 - <module>()] INFO: Waiting For the Dome to Open at Beginning of Night
2018-02-28T09:13:50 [main.py:525 - <module>()] INFO: Waiting For the Dome to Open at Beginning of Night
2018-02-28T09:14:51 [main.py:525 - <module>()] INFO: Waiting For the Dome to Open at Beginning of Night
2018-02-28T09:15:51 [main.py:525 - <module>()] INFO: Waiting For the Dome to Open at Beginning of Night
2018-02-28T09:16:52 [main.py:525 - <module>()] INFO: Waiting For the Dome to Open at Beginning of Night
2018-02-28T09:17:53 [main.py:525 - <module>()] INFO: Waiting For the Dome to Open at Beginning of Night
2018-02-28T09:18:53 [main.py:525 - <module>()] INFO: Waiting For the Dome to Open at Beginning of Night
2018-02-28T09:19:54 [main.py:525 - <module>()] INFO: Waiting For the Dome to Open at Beginning of Night
2018-02-28T09:20:55 [main.py:525 - <module>()] INFO: Waiting For the Dome to Open at Beginning of Night
2018-02-28T09:21:55 [main.py:525 - <module>()] INFO: Waiting For the Dome to Open at Beginning of Night
2018-02-28T09:22:56 [main.py:525 - <module>()] INFO: Waiting For the Dome to Open at Beginning of Night
2018-02-28T09:23:56 [main.py:525 - <module>()] INFO: Waiting For the Dome to Open at Beginning of Night
2018-02-28T09:24:57 [main.py:525 - <module>()] INFO: Waiting For the Dome to Open at Beginning of Night
2018-02-28T09:25:58 [main.py:525 - <module>()] INFO: Waiting For the Dome to Open at Beginning of Night
2018-02-28T09:26:58 [main.py:525 - <module>()] INFO: Waiting For the Dome to Open at Beginning of Night
2018-02-28T09:27:59 [main.py:525 - <module>()] INFO: Waiting For the Dome to Open at Beginning of Night
2018-02-28T09:28:59 [main.py:525 - <module>()] INFO: Waiting For the Dome to Open at Beginning of Night
2018-02-28T09:29:59 [main.py:525 - <module>()] INFO: Waiting For the Dome to Open at Beginning of Night
2018-02-28T09:31:00 [main.py:525 - <module>()] INFO: Waiting For the Dome to Open at Beginning of Night
2018-02-28T09:32:01 [main.py:525 - <module>()] INFO: Waiting For the Dome to Open at Beginning of Night
2018-02-28T09:33:01 [main.py:525 - <module>()] INFO: Waiting For the Dome to Open at Beginning of Night
2018-02-28T09:34:02 [main.py:525 - <module>()] INFO: Waiting For the Dome to Open at Beginning of Night
2018-02-28T09:35:02 [main.py:525 - <module>()] INFO: Waiting For the Dome to Open at Beginning of Night
2018-02-28T09:36:03 [main.py:525 - <module>()] INFO: Waiting For the Dome to Open at Beginning of Night
2018-02-28T09:37:04 [main.py:525 - <module>()] INFO: Waiting For the Dome to Open at Beginning of Night
2018-02-28T09:38:04 [main.py:525 - <module>()] INFO: Waiting For the Dome to Open at Beginning of Night
2018-02-28T09:39:05 [main.py:525 - <module>()] INFO: Waiting For the Dome to Open at Beginning of Night
2018-02-28T09:40:06 [main.py:525 - <module>()] INFO: Waiting For the Dome to Open at Beginning of Night
2018-02-28T09:41:06 [main.py:525 - <module>()] INFO: Waiting For the Dome to Open at Beginning of Night
2018-02-28T09:42:07 [main.py:525 - <module>()] INFO: Waiting For the Dome to Open at Beginning of Night
2018-02-28T09:43:07 [main.py:525 - <module>()] INFO: Waiting For the Dome to Open at Beginning of Night
2018-02-28T09:44:08 [main.py:525 - <module>()] INFO: Waiting For the Dome to Open at Beginning of Night
2018-02-28T09:45:08 [main.py:525 - <module>()] INFO: Waiting For the Dome to Open at Beginning of Night
2018-02-28T09:46:09 [main.py:525 - <module>()] INFO: Waiting For the Dome to Open at Beginning of Night
2018-02-28T09:47:09 [main.py:525 - <module>()] INFO: Waiting For the Dome to Open at Beginning of Night
2018-02-28T09:48:10 [main.py:525 - <module>()] INFO: Waiting For the Dome to Open at Beginning of Night
2018-02-28T09:49:10 [main.py:525 - <module>()] INFO: Waiting For the Dome to Open at Beginning of Night
2018-02-28T09:50:11 [main.py:525 - <module>()] INFO: Waiting For the Dome to Open at Beginning of Night
2018-02-28T09:51:12 [main.py:525 - <module>()] INFO: Waiting For the Dome to Open at Beginning of Night
2018-02-28T09:52:12 [main.py:525 - <module>()] INFO: Waiting For the Dome to Open at Beginning of Night
2018-02-28T09:53:13 [main.py:525 - <module>()] INFO: Waiting For the Dome to Open at Beginning of Night
2018-02-28T09:54:13 [main.py:525 - <module>()] INFO: Waiting For the Dome to Open at Beginning of Night
2018-02-28T09:55:14 [main.py:525 - <module>()] INFO: Waiting For the Dome to Open at Beginning of Night
2018-02-28T09:56:15 [main.py:525 - <module>()] INFO: Waiting For the Dome to Open at Beginning of Night
2018-02-28T09:57:15 [main.py:525 - <module>()] INFO: Waiting For the Dome to Open at Beginning of Night
2018-02-28T09:58:16 [main.py:525 - <module>()] INFO: Waiting For the Dome to Open at Beginning of Night
2018-02-28T09:59:16 [main.py:525 - <module>()] INFO: Waiting For the Dome to Open at Beginning of Night
2018-02-28T10:00:17 [main.py:525 - <module>()] INFO: Waiting For the Dome to Open at Beginning of Night
2018-02-28T10:01:18 [main.py:525 - <module>()] INFO: Waiting For the Dome to Open at Beginning of Night
2018-02-28T10:02:18 [main.py:525 - <module>()] INFO: Waiting For the Dome to Open at Beginning of Night
2018-02-28T10:03:19 [main.py:525 - <module>()] INFO: Waiting For the Dome to Open at Beginning of Night
2018-02-28T10:04:19 [main.py:525 - <module>()] INFO: Waiting For the Dome to Open at Beginning of Night
2018-02-28T10:05:20 [main.py:525 - <module>()] INFO: Waiting For the Dome to Open at Beginning of Night
2018-02-28T10:06:20 [main.py:525 - <module>()] INFO: Waiting For the Dome to Open at Beginning of Night
2018-02-28T10:07:21 [main.py:525 - <module>()] INFO: Waiting For the Dome to Open at Beginning of Night
2018-02-28T10:08:21 [main.py:525 - <module>()] INFO: Waiting For the Dome to Open at Beginning of Night
2018-02-28T10:09:22 [main.py:525 - <module>()] INFO: Waiting For the Dome to Open at Beginning of Night
2018-02-28T10:10:23 [main.py:525 - <module>()] INFO: Waiting For the Dome to Open at Beginning of Night
2018-02-28T10:11:23 [main.py:525 - <module>()] INFO: Waiting For the Dome to Open at Beginning of Night
2018-02-28T10:12:24 [main.py:525 - <module>()] INFO: Waiting For the Dome to Open at Beginning of Night
2018-02-28T10:13:24 [main.py:525 - <module>()] INFO: Waiting For the Dome to Open at Beginning of Night
2018-02-28T10:14:25 [main.py:525 - <module>()] INFO: Waiting For the Dome to Open at Beginning of Night
2018-02-28T10:15:26 [main.py:525 - <module>()] INFO: Waiting For the Dome to Open at Beginning of Night
2018-02-28T10:16:26 [main.py:525 - <module>()] INFO: Waiting For the Dome to Open at Beginning of Night
2018-02-28T10:17:27 [main.py:525 - <module>()] INFO: Waiting For the Dome to Open at Beginning of Night
2018-02-28T10:18:27 [main.py:525 - <module>()] INFO: Waiting For the Dome to Open at Beginning of Night
2018-02-28T10:19:28 [main.py:525 - <module>()] INFO: Waiting For the Dome to Open at Beginning of Night
2018-02-28T10:20:28 [main.py:525 - <module>()] INFO: Waiting For the Dome to Open at Beginning of Night
2018-02-28T10:21:29 [main.py:525 - <module>()] INFO: Waiting For the Dome to Open at Beginning of Night
2018-02-28T10:22:30 [main.py:525 - <module>()] INFO: Waiting For the Dome to Open at Beginning of Night
2018-02-28T10:23:30 [main.py:525 - <module>()] INFO: Waiting For the Dome to Open at Beginning of Night
2018-02-28T10:24:31 [main.py:525 - <module>()] INFO: Waiting For the Dome to Open at Beginning of Night
2018-02-28T10:25:31 [main.py:525 - <module>()] INFO: Waiting For the Dome to Open at Beginning of Night
2018-02-28T10:26:32 [main.py:525 - <module>()] INFO: Waiting For the Dome to Open at Beginning of Night
2018-02-28T10:27:33 [main.py:525 - <module>()] INFO: Waiting For the Dome to Open at Beginning of Night
2018-02-28T10:28:33 [main.py:525 - <module>()] INFO: Waiting For the Dome to Open at Beginning of Night
2018-02-28T10:29:34 [main.py:525 - <module>()] INFO: Waiting For the Dome to Open at Beginning of Night
2018-02-28T10:30:34 [main.py:525 - <module>()] INFO: Waiting For the Dome to Open at Beginning of Night
2018-02-28T10:31:35 [main.py:525 - <module>()] INFO: Waiting For the Dome to Open at Beginning of Night
2018-02-28T10:32:36 [main.py:525 - <module>()] INFO: Waiting For the Dome to Open at Beginning of Night
2018-02-28T10:33:36 [main.py:525 - <module>()] INFO: Waiting For the Dome to Open at Beginning of Night
2018-02-28T10:34:37 [main.py:525 - <module>()] INFO: Waiting For the Dome to Open at Beginning of Night
2018-02-28T10:35:37 [main.py:525 - <module>()] INFO: Waiting For the Dome to Open at Beginning of Night
2018-02-28T10:36:38 [main.py:525 - <module>()] INFO: Waiting For the Dome to Open at Beginning of Night
2018-02-28T10:37:38 [main.py:525 - <module>()] INFO: Waiting For the Dome to Open at Beginning of Night
2018-02-28T10:38:39 [main.py:525 - <module>()] INFO: Waiting For the Dome to Open at Beginning of Night
2018-02-28T10:39:39 [main.py:525 - <module>()] INFO: Waiting For the Dome to Open at Beginning of Night
2018-02-28T10:40:40 [main.py:525 - <module>()] INFO: Waiting For the Dome to Open at Beginning of Night
2018-02-28T10:41:41 [main.py:525 - <module>()] INFO: Waiting For the Dome to Open at Beginning of Night
2018-02-28T10:42:41 [main.py:525 - <module>()] INFO: Waiting For the Dome to Open at Beginning of Night
2018-02-28T10:43:42 [main.py:525 - <module>()] INFO: Waiting For the Dome to Open at Beginning of Night
2018-02-28T10:44:42 [main.py:525 - <module>()] INFO: Waiting For the Dome to Open at Beginning of Night
2018-02-28T10:45:43 [main.py:525 - <module>()] INFO: Waiting For the Dome to Open at Beginning of Night
2018-02-28T10:46:44 [main.py:525 - <module>()] INFO: Waiting For the Dome to Open at Beginning of Night
2018-02-28T10:47:44 [main.py:525 - <module>()] INFO: Waiting For the Dome to Open at Beginning of Night
2018-02-28T10:48:45 [main.py:525 - <module>()] INFO: Waiting For the Dome to Open at Beginning of Night
2018-02-28T10:49:45 [main.py:525 - <module>()] INFO: Waiting For the Dome to Open at Beginning of Night
2018-02-28T10:50:46 [main.py:525 - <module>()] INFO: Waiting For the Dome to Open at Beginning of Night
2018-02-28T10:51:47 [main.py:525 - <module>()] INFO: Waiting For the Dome to Open at Beginning of Night
2018-02-28T10:52:47 [main.py:525 - <module>()] INFO: Waiting For the Dome to Open at Beginning of Night
2018-02-28T10:53:48 [main.py:525 - <module>()] INFO: Waiting For the Dome to Open at Beginning of Night
2018-02-28T10:54:48 [main.py:525 - <module>()] INFO: Waiting For the Dome to Open at Beginning of Night
2018-02-28T10:55:49 [main.py:525 - <module>()] INFO: Waiting For the Dome to Open at Beginning of Night
2018-02-28T10:56:49 [main.py:525 - <module>()] INFO: Waiting For the Dome to Open at Beginning of Night
2018-02-28T10:57:50 [main.py:525 - <module>()] INFO: Waiting For the Dome to Open at Beginning of Night
2018-02-28T10:58:51 [main.py:525 - <module>()] INFO: Waiting For the Dome to Open at Beginning of Night
2018-02-28T10:59:51 [main.py:525 - <module>()] INFO: Waiting For the Dome to Open at Beginning of Night
2018-02-28T11:00:52 [main.py:525 - <module>()] INFO: Waiting For the Dome to Open at Beginning of Night
2018-02-28T11:01:52 [main.py:525 - <module>()] INFO: Waiting For the Dome to Open at Beginning of Night
2018-02-28T11:02:53 [main.py:525 - <module>()] INFO: Waiting For the Dome to Open at Beginning of Night
2018-02-28T11:03:54 [main.py:525 - <module>()] INFO: Waiting For the Dome to Open at Beginning of Night
2018-02-28T11:04:54 [main.py:525 - <module>()] INFO: Waiting For the Dome to Open at Beginning of Night
2018-02-28T11:05:55 [main.py:525 - <module>()] INFO: Waiting For the Dome to Open at Beginning of Night
2018-02-28T11:06:55 [main.py:525 - <module>()] INFO: Waiting For the Dome to Open at Beginning of Night
2018-02-28T11:07:56 [main.py:525 - <module>()] INFO: Waiting For the Dome to Open at Beginning of Night
2018-02-28T11:08:56 [main.py:525 - <module>()] INFO: Waiting For the Dome to Open at Beginning of Night
2018-02-28T11:09:57 [main.py:525 - <module>()] INFO: Waiting For the Dome to Open at Beginning of Night
2018-02-28T11:10:57 [main.py:525 - <module>()] INFO: Waiting For the Dome to Open at Beginning of Night
2018-02-28T11:11:58 [main.py:525 - <module>()] INFO: Waiting For the Dome to Open at Beginning of Night
2018-02-28T11:12:58 [main.py:525 - <module>()] INFO: Waiting For the Dome to Open at Beginning of Night
2018-02-28T11:13:59 [main.py:525 - <module>()] INFO: Waiting For the Dome to Open at Beginning of Night
2018-02-28T11:14:59 [main.py:525 - <module>()] INFO: Waiting For the Dome to Open at Beginning of Night
2018-02-28T11:16:00 [main.py:525 - <module>()] INFO: Waiting For the Dome to Open at Beginning of Night
2018-02-28T11:17:00 [main.py:525 - <module>()] INFO: Waiting For the Dome to Open at Beginning of Night
2018-02-28T11:18:01 [main.py:525 - <module>()] INFO: Waiting For the Dome to Open at Beginning of Night
2018-02-28T11:19:02 [main.py:525 - <module>()] INFO: Waiting For the Dome to Open at Beginning of Night
2018-02-28T11:20:02 [main.py:525 - <module>()] INFO: Waiting For the Dome to Open at Beginning of Night
2018-02-28T11:21:03 [main.py:525 - <module>()] INFO: Waiting For the Dome to Open at Beginning of Night
2018-02-28T11:22:03 [main.py:525 - <module>()] INFO: Waiting For the Dome to Open at Beginning of Night
2018-02-28T11:23:04 [main.py:525 - <module>()] INFO: Waiting For the Dome to Open at Beginning of Night
2018-02-28T11:24:04 [main.py:525 - <module>()] INFO: Waiting For the Dome to Open at Beginning of Night
2018-02-28T11:25:05 [main.py:525 - <module>()] INFO: Waiting For the Dome to Open at Beginning of Night
2018-02-28T11:26:05 [main.py:525 - <module>()] INFO: Waiting For the Dome to Open at Beginning of Night
2018-02-28T11:27:06 [main.py:525 - <module>()] INFO: Waiting For the Dome to Open at Beginning of Night
2018-02-28T11:28:06 [main.py:525 - <module>()] INFO: Waiting For the Dome to Open at Beginning of Night
2018-02-28T11:29:07 [main.py:525 - <module>()] INFO: Waiting For the Dome to Open at Beginning of Night
2018-02-28T11:30:07 [main.py:525 - <module>()] INFO: Waiting For the Dome to Open at Beginning of Night
2018-02-28T11:31:08 [main.py:525 - <module>()] INFO: Waiting For the Dome to Open at Beginning of Night
2018-02-28T11:32:09 [main.py:525 - <module>()] INFO: Waiting For the Dome to Open at Beginning of Night
2018-02-28T11:33:09 [main.py:525 - <module>()] INFO: Waiting For the Dome to Open at Beginning of Night
2018-02-28T11:34:10 [main.py:525 - <module>()] INFO: Waiting For the Dome to Open at Beginning of Night
2018-02-28T11:35:10 [main.py:525 - <module>()] INFO: Waiting For the Dome to Open at Beginning of Night
2018-02-28T11:36:11 [main.py:525 - <module>()] INFO: Waiting For the Dome to Open at Beginning of Night
2018-02-28T11:37:11 [main.py:525 - <module>()] INFO: Waiting For the Dome to Open at Beginning of Night
2018-02-28T11:38:12 [main.py:525 - <module>()] INFO: Waiting For the Dome to Open at Beginning of Night
2018-02-28T11:39:12 [main.py:525 - <module>()] INFO: Waiting For the Dome to Open at Beginning of Night
2018-02-28T11:40:13 [main.py:525 - <module>()] INFO: Waiting For the Dome to Open at Beginning of Night
2018-02-28T11:41:14 [main.py:525 - <module>()] INFO: Waiting For the Dome to Open at Beginning of Night
2018-02-28T11:42:14 [main.py:525 - <module>()] INFO: Waiting For the Dome to Open at Beginning of Night
2018-02-28T11:43:15 [main.py:525 - <module>()] INFO: Waiting For the Dome to Open at Beginning of Night
2018-02-28T11:44:15 [main.py:525 - <module>()] INFO: Waiting For the Dome to Open at Beginning of Night
2018-02-28T11:45:16 [main.py:525 - <module>()] INFO: Waiting For the Dome to Open at Beginning of Night
2018-02-28T11:46:16 [main.py:525 - <module>()] INFO: Waiting For the Dome to Open at Beginning of Night
2018-02-28T11:47:17 [main.py:525 - <module>()] INFO: Waiting For the Dome to Open at Beginning of Night
2018-02-28T11:48:17 [main.py:525 - <module>()] INFO: Waiting For the Dome to Open at Beginning of Night
2018-02-28T11:49:18 [main.py:525 - <module>()] INFO: Waiting For the Dome to Open at Beginning of Night
2018-02-28T11:50:19 [main.py:525 - <module>()] INFO: Waiting For the Dome to Open at Beginning of Night
2018-02-28T11:51:19 [main.py:525 - <module>()] INFO: Waiting For the Dome to Open at Beginning of Night
2018-02-28T11:52:20 [main.py:525 - <module>()] INFO: Waiting For the Dome to Open at Beginning of Night
2018-02-28T11:53:20 [main.py:525 - <module>()] INFO: Waiting For the Dome to Open at Beginning of Night
2018-02-28T11:54:21 [main.py:525 - <module>()] INFO: Waiting For the Dome to Open at Beginning of Night
2018-02-28T11:55:22 [main.py:525 - <module>()] INFO: Waiting For the Dome to Open at Beginning of Night
2018-02-28T11:56:22 [main.py:525 - <module>()] INFO: Waiting For the Dome to Open at Beginning of Night
2018-02-28T11:57:23 [main.py:525 - <module>()] INFO: Waiting For the Dome to Open at Beginning of Night
2018-02-28T11:58:23 [main.py:525 - <module>()] INFO: Waiting For the Dome to Open at Beginning of Night
2018-02-28T11:59:24 [main.py:525 - <module>()] INFO: Waiting For the Dome to Open at Beginning of Night
2018-02-28T12:00:24 [main.py:525 - <module>()] INFO: Waiting For the Dome to Open at Beginning of Night
2018-02-28T12:01:25 [main.py:525 - <module>()] INFO: Waiting For the Dome to Open at Beginning of Night
2018-02-28T12:02:26 [main.py:525 - <module>()] INFO: Waiting For the Dome to Open at Beginning of Night
2018-02-28T12:03:26 [main.py:525 - <module>()] INFO: Waiting For the Dome to Open at Beginning of Night
2018-02-28T12:04:27 [main.py:525 - <module>()] INFO: Waiting For the Dome to Open at Beginning of Night
2018-02-28T12:05:27 [main.py:525 - <module>()] INFO: Waiting For the Dome to Open at Beginning of Night
2018-02-28T12:06:28 [main.py:525 - <module>()] INFO: Waiting For the Dome to Open at Beginning of Night
2018-02-28T12:07:28 [main.py:525 - <module>()] INFO: Waiting For the Dome to Open at Beginning of Night
2018-02-28T12:08:29 [main.py:525 - <module>()] INFO: Waiting For the Dome to Open at Beginning of Night
2018-02-28T12:09:30 [main.py:525 - <module>()] INFO: Waiting For the Dome to Open at Beginning of Night
2018-02-28T12:10:30 [main.py:525 - <module>()] INFO: Waiting For the Dome to Open at Beginning of Night
2018-02-28T12:11:31 [main.py:525 - <module>()] INFO: Waiting For the Dome to Open at Beginning of Night
2018-02-28T12:12:31 [main.py:525 - <module>()] INFO: Waiting For the Dome to Open at Beginning of Night
2018-02-28T12:13:32 [main.py:525 - <module>()] INFO: Waiting For the Dome to Open at Beginning of Night
2018-02-28T12:14:33 [main.py:525 - <module>()] INFO: Waiting For the Dome to Open at Beginning of Night
2018-02-28T12:15:33 [main.py:525 - <module>()] INFO: Waiting For the Dome to Open at Beginning of Night
2018-02-28T12:16:34 [main.py:525 - <module>()] INFO: Waiting For the Dome to Open at Beginning of Night
2018-02-28T12:17:34 [main.py:525 - <module>()] INFO: Waiting For the Dome to Open at Beginning of Night
2018-02-28T12:18:35 [main.py:525 - <module>()] INFO: Waiting For the Dome to Open at Beginning of Night
2018-02-28T12:19:36 [main.py:525 - <module>()] INFO: Waiting For the Dome to Open at Beginning of Night
2018-02-28T12:20:36 [main.py:525 - <module>()] INFO: Waiting For the Dome to Open at Beginning of Night
2018-02-28T12:21:37 [main.py:525 - <module>()] INFO: Waiting For the Dome to Open at Beginning of Night
2018-02-28T12:22:37 [main.py:525 - <module>()] INFO: Waiting For the Dome to Open at Beginning of Night
2018-02-28T12:23:38 [main.py:525 - <module>()] INFO: Waiting For the Dome to Open at Beginning of Night
2018-02-28T12:24:38 [main.py:525 - <module>()] INFO: Waiting For the Dome to Open at Beginning of Night
2018-02-28T12:25:39 [main.py:525 - <module>()] INFO: Waiting For the Dome to Open at Beginning of Night
2018-02-28T12:26:40 [main.py:525 - <module>()] INFO: Waiting For the Dome to Open at Beginning of Night
2018-02-28T12:27:40 [main.py:525 - <module>()] INFO: Waiting For the Dome to Open at Beginning of Night
2018-02-28T12:28:41 [main.py:525 - <module>()] INFO: Waiting For the Dome to Open at Beginning of Night
2018-02-28T12:29:41 [main.py:525 - <module>()] INFO: Waiting For the Dome to Open at Beginning of Night
2018-02-28T12:30:42 [main.py:525 - <module>()] INFO: Waiting For the Dome to Open at Beginning of Night
2018-02-28T12:31:42 [main.py:525 - <module>()] INFO: Waiting For the Dome to Open at Beginning of Night
2018-02-28T12:32:43 [main.py:525 - <module>()] INFO: Waiting For the Dome to Open at Beginning of Night
2018-02-28T12:33:43 [main.py:525 - <module>()] INFO: Waiting For the Dome to Open at Beginning of Night
2018-02-28T12:34:44 [main.py:525 - <module>()] INFO: Waiting For the Dome to Open at Beginning of Night
2018-02-28T12:35:44 [main.py:525 - <module>()] INFO: Waiting For the Dome to Open at Beginning of Night
2018-02-28T12:36:45 [main.py:525 - <module>()] INFO: Waiting For the Dome to Open at Beginning of Night
2018-02-28T12:37:46 [main.py:525 - <module>()] INFO: Waiting For the Dome to Open at Beginning of Night
2018-02-28T12:38:46 [main.py:525 - <module>()] INFO: Waiting For the Dome to Open at Beginning of Night
2018-02-28T12:39:47 [main.py:525 - <module>()] INFO: Waiting For the Dome to Open at Beginning of Night
2018-02-28T12:40:47 [main.py:525 - <module>()] INFO: Waiting For the Dome to Open at Beginning of Night
2018-02-28T12:41:48 [main.py:525 - <module>()] INFO: Waiting For the Dome to Open at Beginning of Night
2018-02-28T12:42:49 [main.py:525 - <module>()] INFO: Waiting For the Dome to Open at Beginning of Night
2018-02-28T12:43:49 [main.py:525 - <module>()] INFO: Waiting For the Dome to Open at Beginning of Night
2018-02-28T12:44:50 [main.py:525 - <module>()] INFO: Waiting For the Dome to Open at Beginning of Night
2018-02-28T12:45:50 [main.py:525 - <module>()] INFO: Waiting For the Dome to Open at Beginning of Night
2018-02-28T12:46:51 [main.py:525 - <module>()] INFO: Waiting For the Dome to Open at Beginning of Night
2018-02-28T12:47:51 [main.py:525 - <module>()] INFO: Waiting For the Dome to Open at Beginning of Night
2018-02-28T12:48:52 [main.py:525 - <module>()] INFO: Waiting For the Dome to Open at Beginning of Night
2018-02-28T12:49:53 [main.py:525 - <module>()] INFO: Waiting For the Dome to Open at Beginning of Night
2018-02-28T12:49:53 [main.py:532 - <module>()] INFO: Past Nautical Twilight. Should close up
2018-02-28T12:49:53 [main.py:580 - <module>()] INFO: End Night
2018-02-28T12:49:53 [main.py:33 - endNight()] INFO: Parking/Disconnection from Telescope
2018-02-28T12:50:48 [main.py:38 - endNight()] INFO: Compressing data
2018-02-28T12:50:48 [main.py:43 - endNight()] INFO: Disconnecting imager
2018-02-28T12:51:13 [main.py:49 - endNight()] INFO: Backing Up data
2018-02-28T12:51:13 [main.py:55 - endNight()] INFO: Copying schedule file from ./schedule/n20180228 to C:/camal/data/n20180228/
2018-02-28T12:51:13 [main.py:62 - endNight()] INFO: Copying log file ./logs/n20180228\main.log to C:/camal/data/n20180228/
2018-02-28T12:51:17 [main.py:591 - <module>()] INFO: Updating Reduction File list
