2017-11-16T00:47:45 [main.py:499 - <module>()] INFO: Taking 30 Biases
2017-11-16T00:47:45 [main.py:163 - doDark()] INFO: Taking BIAS 1 of 30 (exptime = 0)
2017-11-16T00:47:45 [main.py:227 - takeImage()] INFO: Taking 0 second image
2017-11-16T00:47:47 [main.py:248 - takeImage()] INFO: Saving image: C:/camal/data/n20171116//0001BIAS.0.fits
2017-11-16T00:47:47 [main.py:163 - doDark()] INFO: Taking BIAS 2 of 30 (exptime = 0)
2017-11-16T00:47:47 [main.py:227 - takeImage()] INFO: Taking 0 second image
2017-11-16T00:47:48 [main.py:248 - takeImage()] INFO: Saving image: C:/camal/data/n20171116//0002BIAS.0.fits
2017-11-16T00:47:48 [main.py:163 - doDark()] INFO: Taking BIAS 3 of 30 (exptime = 0)
2017-11-16T00:47:48 [main.py:227 - takeImage()] INFO: Taking 0 second image
2017-11-16T00:47:50 [main.py:248 - takeImage()] INFO: Saving image: C:/camal/data/n20171116//0003BIAS.0.fits
2017-11-16T00:47:50 [main.py:163 - doDark()] INFO: Taking BIAS 4 of 30 (exptime = 0)
2017-11-16T00:47:50 [main.py:227 - takeImage()] INFO: Taking 0 second image
2017-11-16T00:47:51 [main.py:248 - takeImage()] INFO: Saving image: C:/camal/data/n20171116//0004BIAS.0.fits
2017-11-16T00:47:51 [main.py:163 - doDark()] INFO: Taking BIAS 5 of 30 (exptime = 0)
2017-11-16T00:47:51 [main.py:227 - takeImage()] INFO: Taking 0 second image
2017-11-16T00:47:53 [main.py:248 - takeImage()] INFO: Saving image: C:/camal/data/n20171116//0005BIAS.0.fits
2017-11-16T00:47:53 [main.py:163 - doDark()] INFO: Taking BIAS 6 of 30 (exptime = 0)
2017-11-16T00:47:53 [main.py:227 - takeImage()] INFO: Taking 0 second image
2017-11-16T00:47:54 [main.py:248 - takeImage()] INFO: Saving image: C:/camal/data/n20171116//0006BIAS.0.fits
2017-11-16T00:47:54 [main.py:163 - doDark()] INFO: Taking BIAS 7 of 30 (exptime = 0)
2017-11-16T00:47:54 [main.py:227 - takeImage()] INFO: Taking 0 second image
2017-11-16T00:47:56 [main.py:248 - takeImage()] INFO: Saving image: C:/camal/data/n20171116//0007BIAS.0.fits
2017-11-16T00:47:56 [main.py:163 - doDark()] INFO: Taking BIAS 8 of 30 (exptime = 0)
2017-11-16T00:47:56 [main.py:227 - takeImage()] INFO: Taking 0 second image
2017-11-16T00:47:58 [main.py:248 - takeImage()] INFO: Saving image: C:/camal/data/n20171116//0008BIAS.0.fits
2017-11-16T00:47:58 [main.py:163 - doDark()] INFO: Taking BIAS 9 of 30 (exptime = 0)
2017-11-16T00:47:58 [main.py:227 - takeImage()] INFO: Taking 0 second image
2017-11-16T00:47:59 [main.py:248 - takeImage()] INFO: Saving image: C:/camal/data/n20171116//0009BIAS.0.fits
2017-11-16T00:47:59 [main.py:163 - doDark()] INFO: Taking BIAS 10 of 30 (exptime = 0)
2017-11-16T00:47:59 [main.py:227 - takeImage()] INFO: Taking 0 second image
2017-11-16T00:48:00 [main.py:248 - takeImage()] INFO: Saving image: C:/camal/data/n20171116//0010BIAS.0.fits
2017-11-16T00:48:00 [main.py:163 - doDark()] INFO: Taking BIAS 11 of 30 (exptime = 0)
2017-11-16T00:48:00 [main.py:227 - takeImage()] INFO: Taking 0 second image
2017-11-16T00:48:02 [main.py:248 - takeImage()] INFO: Saving image: C:/camal/data/n20171116//0011BIAS.0.fits
2017-11-16T00:48:02 [main.py:163 - doDark()] INFO: Taking BIAS 12 of 30 (exptime = 0)
2017-11-16T00:48:02 [main.py:227 - takeImage()] INFO: Taking 0 second image
2017-11-16T00:48:03 [main.py:248 - takeImage()] INFO: Saving image: C:/camal/data/n20171116//0012BIAS.0.fits
2017-11-16T00:48:03 [main.py:163 - doDark()] INFO: Taking BIAS 13 of 30 (exptime = 0)
2017-11-16T00:48:03 [main.py:227 - takeImage()] INFO: Taking 0 second image
2017-11-16T00:48:04 [main.py:248 - takeImage()] INFO: Saving image: C:/camal/data/n20171116//0013BIAS.0.fits
2017-11-16T00:48:05 [main.py:163 - doDark()] INFO: Taking BIAS 14 of 30 (exptime = 0)
2017-11-16T00:48:05 [main.py:227 - takeImage()] INFO: Taking 0 second image
2017-11-16T00:48:06 [main.py:248 - takeImage()] INFO: Saving image: C:/camal/data/n20171116//0014BIAS.0.fits
2017-11-16T00:48:06 [main.py:163 - doDark()] INFO: Taking BIAS 15 of 30 (exptime = 0)
2017-11-16T00:48:06 [main.py:227 - takeImage()] INFO: Taking 0 second image
2017-11-16T00:48:07 [main.py:248 - takeImage()] INFO: Saving image: C:/camal/data/n20171116//0015BIAS.0.fits
2017-11-16T00:48:07 [main.py:163 - doDark()] INFO: Taking BIAS 16 of 30 (exptime = 0)
2017-11-16T00:48:07 [main.py:227 - takeImage()] INFO: Taking 0 second image
2017-11-16T00:48:09 [main.py:248 - takeImage()] INFO: Saving image: C:/camal/data/n20171116//0016BIAS.0.fits
2017-11-16T00:48:09 [main.py:163 - doDark()] INFO: Taking BIAS 17 of 30 (exptime = 0)
2017-11-16T00:48:09 [main.py:227 - takeImage()] INFO: Taking 0 second image
2017-11-16T00:48:10 [main.py:248 - takeImage()] INFO: Saving image: C:/camal/data/n20171116//0017BIAS.0.fits
2017-11-16T00:48:10 [main.py:163 - doDark()] INFO: Taking BIAS 18 of 30 (exptime = 0)
2017-11-16T00:48:10 [main.py:227 - takeImage()] INFO: Taking 0 second image
2017-11-16T00:48:12 [main.py:248 - takeImage()] INFO: Saving image: C:/camal/data/n20171116//0018BIAS.0.fits
2017-11-16T00:48:12 [main.py:163 - doDark()] INFO: Taking BIAS 19 of 30 (exptime = 0)
2017-11-16T00:48:12 [main.py:227 - takeImage()] INFO: Taking 0 second image
2017-11-16T00:48:13 [main.py:248 - takeImage()] INFO: Saving image: C:/camal/data/n20171116//0019BIAS.0.fits
2017-11-16T00:48:13 [main.py:163 - doDark()] INFO: Taking BIAS 20 of 30 (exptime = 0)
2017-11-16T00:48:13 [main.py:227 - takeImage()] INFO: Taking 0 second image
2017-11-16T00:48:14 [main.py:248 - takeImage()] INFO: Saving image: C:/camal/data/n20171116//0020BIAS.0.fits
2017-11-16T00:48:15 [main.py:163 - doDark()] INFO: Taking BIAS 21 of 30 (exptime = 0)
2017-11-16T00:48:15 [main.py:227 - takeImage()] INFO: Taking 0 second image
2017-11-16T00:48:16 [main.py:248 - takeImage()] INFO: Saving image: C:/camal/data/n20171116//0021BIAS.0.fits
2017-11-16T00:48:16 [main.py:163 - doDark()] INFO: Taking BIAS 22 of 30 (exptime = 0)
2017-11-16T00:48:16 [main.py:227 - takeImage()] INFO: Taking 0 second image
2017-11-16T00:48:17 [main.py:248 - takeImage()] INFO: Saving image: C:/camal/data/n20171116//0022BIAS.0.fits
2017-11-16T00:48:17 [main.py:163 - doDark()] INFO: Taking BIAS 23 of 30 (exptime = 0)
2017-11-16T00:48:17 [main.py:227 - takeImage()] INFO: Taking 0 second image
2017-11-16T00:48:19 [main.py:248 - takeImage()] INFO: Saving image: C:/camal/data/n20171116//0023BIAS.0.fits
2017-11-16T00:48:19 [main.py:163 - doDark()] INFO: Taking BIAS 24 of 30 (exptime = 0)
2017-11-16T00:48:19 [main.py:227 - takeImage()] INFO: Taking 0 second image
2017-11-16T00:48:20 [main.py:248 - takeImage()] INFO: Saving image: C:/camal/data/n20171116//0024BIAS.0.fits
2017-11-16T00:48:20 [main.py:163 - doDark()] INFO: Taking BIAS 25 of 30 (exptime = 0)
2017-11-16T00:48:20 [main.py:227 - takeImage()] INFO: Taking 0 second image
2017-11-16T00:48:21 [main.py:248 - takeImage()] INFO: Saving image: C:/camal/data/n20171116//0025BIAS.0.fits
2017-11-16T00:48:21 [main.py:163 - doDark()] INFO: Taking BIAS 26 of 30 (exptime = 0)
2017-11-16T00:48:21 [main.py:227 - takeImage()] INFO: Taking 0 second image
2017-11-16T00:48:23 [main.py:248 - takeImage()] INFO: Saving image: C:/camal/data/n20171116//0026BIAS.0.fits
2017-11-16T00:48:23 [main.py:163 - doDark()] INFO: Taking BIAS 27 of 30 (exptime = 0)
2017-11-16T00:48:23 [main.py:227 - takeImage()] INFO: Taking 0 second image
2017-11-16T00:48:24 [main.py:248 - takeImage()] INFO: Saving image: C:/camal/data/n20171116//0027BIAS.0.fits
2017-11-16T00:48:24 [main.py:163 - doDark()] INFO: Taking BIAS 28 of 30 (exptime = 0)
2017-11-16T00:48:24 [main.py:227 - takeImage()] INFO: Taking 0 second image
2017-11-16T00:48:26 [main.py:248 - takeImage()] INFO: Saving image: C:/camal/data/n20171116//0028BIAS.0.fits
2017-11-16T00:48:26 [main.py:163 - doDark()] INFO: Taking BIAS 29 of 30 (exptime = 0)
2017-11-16T00:48:26 [main.py:227 - takeImage()] INFO: Taking 0 second image
2017-11-16T00:48:27 [main.py:248 - takeImage()] INFO: Saving image: C:/camal/data/n20171116//0029BIAS.0.fits
2017-11-16T00:48:27 [main.py:163 - doDark()] INFO: Taking BIAS 30 of 30 (exptime = 0)
2017-11-16T00:48:27 [main.py:227 - takeImage()] INFO: Taking 0 second image
2017-11-16T00:48:28 [main.py:248 - takeImage()] INFO: Saving image: C:/camal/data/n20171116//0030BIAS.0.fits
2017-11-16T00:48:28 [main.py:505 - <module>()] INFO: Waiting for nautical twilight to end (1854.627016seconds)
2017-11-16T01:19:23 [main.py:510 - <module>()] INFO: Making Schedule and initializing telescope
2017-11-16T05:27:06 [main.py:499 - <module>()] INFO: Taking 30 Biases
2017-11-16T05:27:06 [main.py:163 - doDark()] INFO: Taking BIAS 1 of 30 (exptime = 0)
2017-11-16T05:27:06 [main.py:227 - takeImage()] INFO: Taking 0 second image
2017-11-16T05:27:07 [main.py:248 - takeImage()] INFO: Saving image: C:/camal/data/n20171116//0031BIAS.0.fits
2017-11-16T05:27:07 [main.py:163 - doDark()] INFO: Taking BIAS 2 of 30 (exptime = 0)
2017-11-16T05:27:07 [main.py:227 - takeImage()] INFO: Taking 0 second image
2017-11-16T05:27:08 [main.py:248 - takeImage()] INFO: Saving image: C:/camal/data/n20171116//0032BIAS.0.fits
2017-11-16T05:27:08 [main.py:163 - doDark()] INFO: Taking BIAS 3 of 30 (exptime = 0)
2017-11-16T05:27:08 [main.py:227 - takeImage()] INFO: Taking 0 second image
2017-11-16T05:27:10 [main.py:248 - takeImage()] INFO: Saving image: C:/camal/data/n20171116//0033BIAS.0.fits
2017-11-16T05:27:10 [main.py:163 - doDark()] INFO: Taking BIAS 4 of 30 (exptime = 0)
2017-11-16T05:27:10 [main.py:227 - takeImage()] INFO: Taking 0 second image
2017-11-16T05:27:11 [main.py:248 - takeImage()] INFO: Saving image: C:/camal/data/n20171116//0034BIAS.0.fits
2017-11-16T05:27:11 [main.py:163 - doDark()] INFO: Taking BIAS 5 of 30 (exptime = 0)
2017-11-16T05:27:11 [main.py:227 - takeImage()] INFO: Taking 0 second image
2017-11-16T05:27:12 [main.py:248 - takeImage()] INFO: Saving image: C:/camal/data/n20171116//0035BIAS.0.fits
2017-11-16T05:27:12 [main.py:163 - doDark()] INFO: Taking BIAS 6 of 30 (exptime = 0)
2017-11-16T05:27:12 [main.py:227 - takeImage()] INFO: Taking 0 second image
2017-11-16T05:27:13 [main.py:248 - takeImage()] INFO: Saving image: C:/camal/data/n20171116//0036BIAS.0.fits
2017-11-16T05:27:13 [main.py:163 - doDark()] INFO: Taking BIAS 7 of 30 (exptime = 0)
2017-11-16T05:27:13 [main.py:227 - takeImage()] INFO: Taking 0 second image
2017-11-16T05:27:15 [main.py:248 - takeImage()] INFO: Saving image: C:/camal/data/n20171116//0037BIAS.0.fits
2017-11-16T05:27:15 [main.py:163 - doDark()] INFO: Taking BIAS 8 of 30 (exptime = 0)
2017-11-16T05:27:15 [main.py:227 - takeImage()] INFO: Taking 0 second image
2017-11-16T05:27:16 [main.py:248 - takeImage()] INFO: Saving image: C:/camal/data/n20171116//0038BIAS.0.fits
2017-11-16T05:27:16 [main.py:163 - doDark()] INFO: Taking BIAS 9 of 30 (exptime = 0)
2017-11-16T05:27:16 [main.py:227 - takeImage()] INFO: Taking 0 second image
2017-11-16T05:27:17 [main.py:248 - takeImage()] INFO: Saving image: C:/camal/data/n20171116//0039BIAS.0.fits
2017-11-16T05:27:17 [main.py:163 - doDark()] INFO: Taking BIAS 10 of 30 (exptime = 0)
2017-11-16T05:27:17 [main.py:227 - takeImage()] INFO: Taking 0 second image
2017-11-16T05:27:18 [main.py:248 - takeImage()] INFO: Saving image: C:/camal/data/n20171116//0040BIAS.0.fits
2017-11-16T05:27:18 [main.py:163 - doDark()] INFO: Taking BIAS 11 of 30 (exptime = 0)
2017-11-16T05:27:18 [main.py:227 - takeImage()] INFO: Taking 0 second image
2017-11-16T05:27:19 [main.py:248 - takeImage()] INFO: Saving image: C:/camal/data/n20171116//0041BIAS.0.fits
2017-11-16T05:27:19 [main.py:163 - doDark()] INFO: Taking BIAS 12 of 30 (exptime = 0)
2017-11-16T05:27:19 [main.py:227 - takeImage()] INFO: Taking 0 second image
2017-11-16T05:27:21 [main.py:248 - takeImage()] INFO: Saving image: C:/camal/data/n20171116//0042BIAS.0.fits
2017-11-16T05:27:21 [main.py:163 - doDark()] INFO: Taking BIAS 13 of 30 (exptime = 0)
2017-11-16T05:27:21 [main.py:227 - takeImage()] INFO: Taking 0 second image
2017-11-16T05:27:22 [main.py:248 - takeImage()] INFO: Saving image: C:/camal/data/n20171116//0043BIAS.0.fits
2017-11-16T05:27:22 [main.py:163 - doDark()] INFO: Taking BIAS 14 of 30 (exptime = 0)
2017-11-16T05:27:22 [main.py:227 - takeImage()] INFO: Taking 0 second image
2017-11-16T05:27:23 [main.py:248 - takeImage()] INFO: Saving image: C:/camal/data/n20171116//0044BIAS.0.fits
2017-11-16T05:27:23 [main.py:163 - doDark()] INFO: Taking BIAS 15 of 30 (exptime = 0)
2017-11-16T05:27:23 [main.py:227 - takeImage()] INFO: Taking 0 second image
2017-11-16T05:27:24 [main.py:248 - takeImage()] INFO: Saving image: C:/camal/data/n20171116//0045BIAS.0.fits
2017-11-16T05:27:24 [main.py:163 - doDark()] INFO: Taking BIAS 16 of 30 (exptime = 0)
2017-11-16T05:27:24 [main.py:227 - takeImage()] INFO: Taking 0 second image
2017-11-16T05:27:25 [main.py:248 - takeImage()] INFO: Saving image: C:/camal/data/n20171116//0046BIAS.0.fits
2017-11-16T05:27:26 [main.py:163 - doDark()] INFO: Taking BIAS 17 of 30 (exptime = 0)
2017-11-16T05:27:26 [main.py:227 - takeImage()] INFO: Taking 0 second image
2017-11-16T05:27:27 [main.py:248 - takeImage()] INFO: Saving image: C:/camal/data/n20171116//0047BIAS.0.fits
2017-11-16T05:27:27 [main.py:163 - doDark()] INFO: Taking BIAS 18 of 30 (exptime = 0)
2017-11-16T05:27:27 [main.py:227 - takeImage()] INFO: Taking 0 second image
2017-11-16T05:27:28 [main.py:248 - takeImage()] INFO: Saving image: C:/camal/data/n20171116//0048BIAS.0.fits
2017-11-16T05:27:28 [main.py:163 - doDark()] INFO: Taking BIAS 19 of 30 (exptime = 0)
2017-11-16T05:27:28 [main.py:227 - takeImage()] INFO: Taking 0 second image
2017-11-16T05:27:29 [main.py:248 - takeImage()] INFO: Saving image: C:/camal/data/n20171116//0049BIAS.0.fits
2017-11-16T05:27:29 [main.py:163 - doDark()] INFO: Taking BIAS 20 of 30 (exptime = 0)
2017-11-16T05:27:29 [main.py:227 - takeImage()] INFO: Taking 0 second image
2017-11-16T05:27:30 [main.py:248 - takeImage()] INFO: Saving image: C:/camal/data/n20171116//0050BIAS.0.fits
2017-11-16T05:27:30 [main.py:163 - doDark()] INFO: Taking BIAS 21 of 30 (exptime = 0)
2017-11-16T05:27:30 [main.py:227 - takeImage()] INFO: Taking 0 second image
2017-11-16T05:27:32 [main.py:248 - takeImage()] INFO: Saving image: C:/camal/data/n20171116//0051BIAS.0.fits
2017-11-16T05:27:32 [main.py:163 - doDark()] INFO: Taking BIAS 22 of 30 (exptime = 0)
2017-11-16T05:27:32 [main.py:227 - takeImage()] INFO: Taking 0 second image
2017-11-16T05:27:33 [main.py:248 - takeImage()] INFO: Saving image: C:/camal/data/n20171116//0052BIAS.0.fits
2017-11-16T05:27:33 [main.py:163 - doDark()] INFO: Taking BIAS 23 of 30 (exptime = 0)
2017-11-16T05:27:33 [main.py:227 - takeImage()] INFO: Taking 0 second image
2017-11-16T05:27:34 [main.py:248 - takeImage()] INFO: Saving image: C:/camal/data/n20171116//0053BIAS.0.fits
2017-11-16T05:27:34 [main.py:163 - doDark()] INFO: Taking BIAS 24 of 30 (exptime = 0)
2017-11-16T05:27:34 [main.py:227 - takeImage()] INFO: Taking 0 second image
2017-11-16T05:27:35 [main.py:248 - takeImage()] INFO: Saving image: C:/camal/data/n20171116//0054BIAS.0.fits
2017-11-16T05:27:35 [main.py:163 - doDark()] INFO: Taking BIAS 25 of 30 (exptime = 0)
2017-11-16T05:27:35 [main.py:227 - takeImage()] INFO: Taking 0 second image
2017-11-16T05:27:37 [main.py:248 - takeImage()] INFO: Saving image: C:/camal/data/n20171116//0055BIAS.0.fits
2017-11-16T05:27:37 [main.py:163 - doDark()] INFO: Taking BIAS 26 of 30 (exptime = 0)
2017-11-16T05:27:37 [main.py:227 - takeImage()] INFO: Taking 0 second image
2017-11-16T05:27:38 [main.py:248 - takeImage()] INFO: Saving image: C:/camal/data/n20171116//0056BIAS.0.fits
2017-11-16T05:27:38 [main.py:163 - doDark()] INFO: Taking BIAS 27 of 30 (exptime = 0)
2017-11-16T05:27:38 [main.py:227 - takeImage()] INFO: Taking 0 second image
2017-11-16T05:27:39 [main.py:248 - takeImage()] INFO: Saving image: C:/camal/data/n20171116//0057BIAS.0.fits
2017-11-16T05:27:39 [main.py:163 - doDark()] INFO: Taking BIAS 28 of 30 (exptime = 0)
2017-11-16T05:27:39 [main.py:227 - takeImage()] INFO: Taking 0 second image
2017-11-16T05:27:40 [main.py:248 - takeImage()] INFO: Saving image: C:/camal/data/n20171116//0058BIAS.0.fits
2017-11-16T05:27:40 [main.py:163 - doDark()] INFO: Taking BIAS 29 of 30 (exptime = 0)
2017-11-16T05:27:40 [main.py:227 - takeImage()] INFO: Taking 0 second image
2017-11-16T05:27:41 [main.py:248 - takeImage()] INFO: Saving image: C:/camal/data/n20171116//0059BIAS.0.fits
2017-11-16T05:27:41 [main.py:163 - doDark()] INFO: Taking BIAS 30 of 30 (exptime = 0)
2017-11-16T05:27:41 [main.py:227 - takeImage()] INFO: Taking 0 second image
2017-11-16T05:27:43 [main.py:248 - takeImage()] INFO: Saving image: C:/camal/data/n20171116//0060BIAS.0.fits
2017-11-16T05:27:43 [main.py:510 - <module>()] INFO: Making Schedule and initializing telescope
2017-11-16T05:38:57 [main.py:499 - <module>()] INFO: Taking 30 Biases
2017-11-16T05:38:57 [main.py:163 - doDark()] INFO: Taking BIAS 1 of 30 (exptime = 0)
2017-11-16T05:38:57 [main.py:227 - takeImage()] INFO: Taking 0 second image
2017-11-16T05:38:58 [main.py:248 - takeImage()] INFO: Saving image: C:/camal/data/n20171116//0061BIAS.0.fits
2017-11-16T05:38:58 [main.py:163 - doDark()] INFO: Taking BIAS 2 of 30 (exptime = 0)
2017-11-16T05:38:58 [main.py:227 - takeImage()] INFO: Taking 0 second image
2017-11-16T05:38:59 [main.py:248 - takeImage()] INFO: Saving image: C:/camal/data/n20171116//0062BIAS.0.fits
2017-11-16T05:38:59 [main.py:163 - doDark()] INFO: Taking BIAS 3 of 30 (exptime = 0)
2017-11-16T05:38:59 [main.py:227 - takeImage()] INFO: Taking 0 second image
2017-11-16T05:39:01 [main.py:248 - takeImage()] INFO: Saving image: C:/camal/data/n20171116//0063BIAS.0.fits
2017-11-16T05:39:01 [main.py:163 - doDark()] INFO: Taking BIAS 4 of 30 (exptime = 0)
2017-11-16T05:39:01 [main.py:227 - takeImage()] INFO: Taking 0 second image
2017-11-16T05:39:02 [main.py:248 - takeImage()] INFO: Saving image: C:/camal/data/n20171116//0064BIAS.0.fits
2017-11-16T05:39:02 [main.py:163 - doDark()] INFO: Taking BIAS 5 of 30 (exptime = 0)
2017-11-16T05:39:02 [main.py:227 - takeImage()] INFO: Taking 0 second image
2017-11-16T05:39:03 [main.py:248 - takeImage()] INFO: Saving image: C:/camal/data/n20171116//0065BIAS.0.fits
2017-11-16T05:39:03 [main.py:163 - doDark()] INFO: Taking BIAS 6 of 30 (exptime = 0)
2017-11-16T05:39:03 [main.py:227 - takeImage()] INFO: Taking 0 second image
2017-11-16T05:39:04 [main.py:248 - takeImage()] INFO: Saving image: C:/camal/data/n20171116//0066BIAS.0.fits
2017-11-16T05:39:04 [main.py:163 - doDark()] INFO: Taking BIAS 7 of 30 (exptime = 0)
2017-11-16T05:39:04 [main.py:227 - takeImage()] INFO: Taking 0 second image
2017-11-16T05:39:05 [main.py:248 - takeImage()] INFO: Saving image: C:/camal/data/n20171116//0067BIAS.0.fits
2017-11-16T05:39:05 [main.py:163 - doDark()] INFO: Taking BIAS 8 of 30 (exptime = 0)
2017-11-16T05:39:05 [main.py:227 - takeImage()] INFO: Taking 0 second image
2017-11-16T05:39:07 [main.py:248 - takeImage()] INFO: Saving image: C:/camal/data/n20171116//0068BIAS.0.fits
2017-11-16T05:39:07 [main.py:163 - doDark()] INFO: Taking BIAS 9 of 30 (exptime = 0)
2017-11-16T05:39:07 [main.py:227 - takeImage()] INFO: Taking 0 second image
2017-11-16T05:39:08 [main.py:248 - takeImage()] INFO: Saving image: C:/camal/data/n20171116//0069BIAS.0.fits
2017-11-16T05:39:08 [main.py:163 - doDark()] INFO: Taking BIAS 10 of 30 (exptime = 0)
2017-11-16T05:39:08 [main.py:227 - takeImage()] INFO: Taking 0 second image
2017-11-16T05:39:09 [main.py:248 - takeImage()] INFO: Saving image: C:/camal/data/n20171116//0070BIAS.0.fits
2017-11-16T05:39:09 [main.py:163 - doDark()] INFO: Taking BIAS 11 of 30 (exptime = 0)
2017-11-16T05:39:09 [main.py:227 - takeImage()] INFO: Taking 0 second image
2017-11-16T05:39:10 [main.py:248 - takeImage()] INFO: Saving image: C:/camal/data/n20171116//0071BIAS.0.fits
2017-11-16T05:39:10 [main.py:163 - doDark()] INFO: Taking BIAS 12 of 30 (exptime = 0)
2017-11-16T05:39:10 [main.py:227 - takeImage()] INFO: Taking 0 second image
2017-11-16T05:39:12 [main.py:248 - takeImage()] INFO: Saving image: C:/camal/data/n20171116//0072BIAS.0.fits
2017-11-16T05:39:12 [main.py:163 - doDark()] INFO: Taking BIAS 13 of 30 (exptime = 0)
2017-11-16T05:39:12 [main.py:227 - takeImage()] INFO: Taking 0 second image
2017-11-16T05:39:13 [main.py:248 - takeImage()] INFO: Saving image: C:/camal/data/n20171116//0073BIAS.0.fits
2017-11-16T05:39:13 [main.py:163 - doDark()] INFO: Taking BIAS 14 of 30 (exptime = 0)
2017-11-16T05:39:13 [main.py:227 - takeImage()] INFO: Taking 0 second image
2017-11-16T05:39:14 [main.py:248 - takeImage()] INFO: Saving image: C:/camal/data/n20171116//0074BIAS.0.fits
2017-11-16T05:39:14 [main.py:163 - doDark()] INFO: Taking BIAS 15 of 30 (exptime = 0)
2017-11-16T05:39:14 [main.py:227 - takeImage()] INFO: Taking 0 second image
2017-11-16T05:39:15 [main.py:248 - takeImage()] INFO: Saving image: C:/camal/data/n20171116//0075BIAS.0.fits
2017-11-16T05:39:15 [main.py:163 - doDark()] INFO: Taking BIAS 16 of 30 (exptime = 0)
2017-11-16T05:39:15 [main.py:227 - takeImage()] INFO: Taking 0 second image
2017-11-16T05:39:16 [main.py:248 - takeImage()] INFO: Saving image: C:/camal/data/n20171116//0076BIAS.0.fits
2017-11-16T05:39:17 [main.py:163 - doDark()] INFO: Taking BIAS 17 of 30 (exptime = 0)
2017-11-16T05:39:17 [main.py:227 - takeImage()] INFO: Taking 0 second image
2017-11-16T05:39:18 [main.py:248 - takeImage()] INFO: Saving image: C:/camal/data/n20171116//0077BIAS.0.fits
2017-11-16T05:39:18 [main.py:163 - doDark()] INFO: Taking BIAS 18 of 30 (exptime = 0)
2017-11-16T05:39:18 [main.py:227 - takeImage()] INFO: Taking 0 second image
2017-11-16T05:39:19 [main.py:248 - takeImage()] INFO: Saving image: C:/camal/data/n20171116//0078BIAS.0.fits
2017-11-16T05:39:19 [main.py:163 - doDark()] INFO: Taking BIAS 19 of 30 (exptime = 0)
2017-11-16T05:39:19 [main.py:227 - takeImage()] INFO: Taking 0 second image
2017-11-16T05:39:20 [main.py:248 - takeImage()] INFO: Saving image: C:/camal/data/n20171116//0079BIAS.0.fits
2017-11-16T05:39:20 [main.py:163 - doDark()] INFO: Taking BIAS 20 of 30 (exptime = 0)
2017-11-16T05:39:20 [main.py:227 - takeImage()] INFO: Taking 0 second image
2017-11-16T05:39:21 [main.py:248 - takeImage()] INFO: Saving image: C:/camal/data/n20171116//0080BIAS.0.fits
2017-11-16T05:39:21 [main.py:163 - doDark()] INFO: Taking BIAS 21 of 30 (exptime = 0)
2017-11-16T05:39:21 [main.py:227 - takeImage()] INFO: Taking 0 second image
2017-11-16T05:39:23 [main.py:248 - takeImage()] INFO: Saving image: C:/camal/data/n20171116//0081BIAS.0.fits
2017-11-16T05:39:23 [main.py:163 - doDark()] INFO: Taking BIAS 22 of 30 (exptime = 0)
2017-11-16T05:39:23 [main.py:227 - takeImage()] INFO: Taking 0 second image
2017-11-16T05:39:24 [main.py:248 - takeImage()] INFO: Saving image: C:/camal/data/n20171116//0082BIAS.0.fits
2017-11-16T05:39:24 [main.py:163 - doDark()] INFO: Taking BIAS 23 of 30 (exptime = 0)
2017-11-16T05:39:24 [main.py:227 - takeImage()] INFO: Taking 0 second image
2017-11-16T05:39:25 [main.py:248 - takeImage()] INFO: Saving image: C:/camal/data/n20171116//0083BIAS.0.fits
2017-11-16T05:39:25 [main.py:163 - doDark()] INFO: Taking BIAS 24 of 30 (exptime = 0)
2017-11-16T05:39:25 [main.py:227 - takeImage()] INFO: Taking 0 second image
2017-11-16T05:39:26 [main.py:248 - takeImage()] INFO: Saving image: C:/camal/data/n20171116//0084BIAS.0.fits
2017-11-16T05:39:26 [main.py:163 - doDark()] INFO: Taking BIAS 25 of 30 (exptime = 0)
2017-11-16T05:39:26 [main.py:227 - takeImage()] INFO: Taking 0 second image
2017-11-16T05:39:27 [main.py:248 - takeImage()] INFO: Saving image: C:/camal/data/n20171116//0085BIAS.0.fits
2017-11-16T05:39:28 [main.py:163 - doDark()] INFO: Taking BIAS 26 of 30 (exptime = 0)
2017-11-16T05:39:28 [main.py:227 - takeImage()] INFO: Taking 0 second image
2017-11-16T05:39:29 [main.py:248 - takeImage()] INFO: Saving image: C:/camal/data/n20171116//0086BIAS.0.fits
2017-11-16T05:39:29 [main.py:163 - doDark()] INFO: Taking BIAS 27 of 30 (exptime = 0)
2017-11-16T05:39:29 [main.py:227 - takeImage()] INFO: Taking 0 second image
2017-11-16T05:39:30 [main.py:248 - takeImage()] INFO: Saving image: C:/camal/data/n20171116//0087BIAS.0.fits
2017-11-16T05:39:30 [main.py:163 - doDark()] INFO: Taking BIAS 28 of 30 (exptime = 0)
2017-11-16T05:39:30 [main.py:227 - takeImage()] INFO: Taking 0 second image
2017-11-16T05:39:31 [main.py:248 - takeImage()] INFO: Saving image: C:/camal/data/n20171116//0088BIAS.0.fits
2017-11-16T05:39:31 [main.py:163 - doDark()] INFO: Taking BIAS 29 of 30 (exptime = 0)
2017-11-16T05:39:31 [main.py:227 - takeImage()] INFO: Taking 0 second image
2017-11-16T05:39:32 [main.py:248 - takeImage()] INFO: Saving image: C:/camal/data/n20171116//0089BIAS.0.fits
2017-11-16T05:39:32 [main.py:163 - doDark()] INFO: Taking BIAS 30 of 30 (exptime = 0)
2017-11-16T05:39:32 [main.py:227 - takeImage()] INFO: Taking 0 second image
2017-11-16T05:39:34 [main.py:248 - takeImage()] INFO: Saving image: C:/camal/data/n20171116//0090BIAS.0.fits
2017-11-16T05:39:34 [main.py:510 - <module>()] INFO: Making Schedule and initializing telescope
2017-11-16T05:39:34 [main.py:517 - <module>()] INFO: Initializing Telescope
2017-11-16T05:39:34 [main.py:527 - <module>()] INFO: Waiting For the Dome to Open at Beginning of Night
2017-11-16T05:40:34 [main.py:527 - <module>()] INFO: Waiting For the Dome to Open at Beginning of Night
2017-11-16T05:41:34 [main.py:527 - <module>()] INFO: Waiting For the Dome to Open at Beginning of Night
2017-11-16T05:42:35 [main.py:527 - <module>()] INFO: Waiting For the Dome to Open at Beginning of Night
2017-11-16T05:43:35 [main.py:527 - <module>()] INFO: Waiting For the Dome to Open at Beginning of Night
2017-11-16T05:44:35 [main.py:527 - <module>()] INFO: Waiting For the Dome to Open at Beginning of Night
2017-11-16T05:45:35 [main.py:527 - <module>()] INFO: Waiting For the Dome to Open at Beginning of Night
2017-11-16T05:46:36 [main.py:527 - <module>()] INFO: Waiting For the Dome to Open at Beginning of Night
2017-11-16T05:47:36 [main.py:527 - <module>()] INFO: Waiting For the Dome to Open at Beginning of Night
2017-11-16T05:48:36 [main.py:527 - <module>()] INFO: Waiting For the Dome to Open at Beginning of Night
2017-11-16T05:49:36 [main.py:527 - <module>()] INFO: Waiting For the Dome to Open at Beginning of Night
2017-11-16T05:50:37 [main.py:527 - <module>()] INFO: Waiting For the Dome to Open at Beginning of Night
2017-11-16T05:51:37 [main.py:527 - <module>()] INFO: Waiting For the Dome to Open at Beginning of Night
2017-11-16T05:52:37 [main.py:527 - <module>()] INFO: Waiting For the Dome to Open at Beginning of Night
2017-11-16T05:53:37 [main.py:527 - <module>()] INFO: Waiting For the Dome to Open at Beginning of Night
2017-11-16T05:54:38 [main.py:527 - <module>()] INFO: Waiting For the Dome to Open at Beginning of Night
2017-11-16T05:55:38 [main.py:527 - <module>()] INFO: Waiting For the Dome to Open at Beginning of Night
2017-11-16T05:56:38 [main.py:527 - <module>()] INFO: Waiting For the Dome to Open at Beginning of Night
2017-11-16T05:57:38 [main.py:527 - <module>()] INFO: Waiting For the Dome to Open at Beginning of Night
2017-11-16T05:58:39 [main.py:527 - <module>()] INFO: Waiting For the Dome to Open at Beginning of Night
2017-11-16T05:59:39 [main.py:527 - <module>()] INFO: Waiting For the Dome to Open at Beginning of Night
2017-11-16T06:00:39 [main.py:527 - <module>()] INFO: Waiting For the Dome to Open at Beginning of Night
2017-11-16T06:01:39 [main.py:527 - <module>()] INFO: Waiting For the Dome to Open at Beginning of Night
2017-11-16T06:02:40 [main.py:527 - <module>()] INFO: Waiting For the Dome to Open at Beginning of Night
2017-11-16T06:03:40 [main.py:527 - <module>()] INFO: Waiting For the Dome to Open at Beginning of Night
2017-11-16T06:04:40 [main.py:527 - <module>()] INFO: Waiting For the Dome to Open at Beginning of Night
2017-11-16T06:05:40 [main.py:527 - <module>()] INFO: Waiting For the Dome to Open at Beginning of Night
2017-11-16T06:06:41 [main.py:527 - <module>()] INFO: Waiting For the Dome to Open at Beginning of Night
2017-11-16T06:07:41 [main.py:527 - <module>()] INFO: Waiting For the Dome to Open at Beginning of Night
2017-11-16T06:08:41 [main.py:527 - <module>()] INFO: Waiting For the Dome to Open at Beginning of Night
2017-11-16T06:09:41 [main.py:527 - <module>()] INFO: Waiting For the Dome to Open at Beginning of Night
2017-11-16T06:10:42 [main.py:527 - <module>()] INFO: Waiting For the Dome to Open at Beginning of Night
2017-11-16T06:11:42 [main.py:527 - <module>()] INFO: Waiting For the Dome to Open at Beginning of Night
2017-11-16T06:12:42 [main.py:527 - <module>()] INFO: Waiting For the Dome to Open at Beginning of Night
2017-11-16T06:13:42 [main.py:527 - <module>()] INFO: Waiting For the Dome to Open at Beginning of Night
2017-11-16T06:14:43 [main.py:527 - <module>()] INFO: Waiting For the Dome to Open at Beginning of Night
2017-11-16T06:15:43 [main.py:527 - <module>()] INFO: Waiting For the Dome to Open at Beginning of Night
2017-11-16T06:16:43 [main.py:527 - <module>()] INFO: Waiting For the Dome to Open at Beginning of Night
2017-11-16T06:17:43 [main.py:527 - <module>()] INFO: Waiting For the Dome to Open at Beginning of Night
2017-11-16T06:18:44 [main.py:527 - <module>()] INFO: Waiting For the Dome to Open at Beginning of Night
2017-11-16T06:19:44 [main.py:527 - <module>()] INFO: Waiting For the Dome to Open at Beginning of Night
2017-11-16T06:20:44 [main.py:527 - <module>()] INFO: Waiting For the Dome to Open at Beginning of Night
2017-11-16T06:21:44 [main.py:527 - <module>()] INFO: Waiting For the Dome to Open at Beginning of Night
2017-11-16T06:22:45 [main.py:527 - <module>()] INFO: Waiting For the Dome to Open at Beginning of Night
2017-11-16T06:23:45 [main.py:527 - <module>()] INFO: Waiting For the Dome to Open at Beginning of Night
2017-11-16T06:24:45 [main.py:527 - <module>()] INFO: Waiting For the Dome to Open at Beginning of Night
2017-11-16T06:25:45 [main.py:527 - <module>()] INFO: Waiting For the Dome to Open at Beginning of Night
2017-11-16T06:26:45 [main.py:527 - <module>()] INFO: Waiting For the Dome to Open at Beginning of Night
2017-11-16T06:27:46 [main.py:527 - <module>()] INFO: Waiting For the Dome to Open at Beginning of Night
2017-11-16T06:28:46 [main.py:527 - <module>()] INFO: Waiting For the Dome to Open at Beginning of Night
2017-11-16T06:29:46 [main.py:527 - <module>()] INFO: Waiting For the Dome to Open at Beginning of Night
2017-11-16T06:30:47 [main.py:527 - <module>()] INFO: Waiting For the Dome to Open at Beginning of Night
2017-11-16T06:31:47 [main.py:527 - <module>()] INFO: Waiting For the Dome to Open at Beginning of Night
2017-11-16T06:32:47 [main.py:527 - <module>()] INFO: Waiting For the Dome to Open at Beginning of Night
2017-11-16T06:33:47 [main.py:527 - <module>()] INFO: Waiting For the Dome to Open at Beginning of Night
2017-11-16T06:34:48 [main.py:527 - <module>()] INFO: Waiting For the Dome to Open at Beginning of Night
2017-11-16T06:35:48 [main.py:527 - <module>()] INFO: Waiting For the Dome to Open at Beginning of Night
2017-11-16T06:36:48 [main.py:527 - <module>()] INFO: Waiting For the Dome to Open at Beginning of Night
2017-11-16T06:37:48 [main.py:527 - <module>()] INFO: Waiting For the Dome to Open at Beginning of Night
2017-11-16T06:38:49 [main.py:527 - <module>()] INFO: Waiting For the Dome to Open at Beginning of Night
2017-11-16T06:39:49 [main.py:527 - <module>()] INFO: Waiting For the Dome to Open at Beginning of Night
2017-11-16T06:40:49 [main.py:527 - <module>()] INFO: Waiting For the Dome to Open at Beginning of Night
2017-11-16T06:41:49 [main.py:527 - <module>()] INFO: Waiting For the Dome to Open at Beginning of Night
2017-11-16T06:42:50 [main.py:527 - <module>()] INFO: Waiting For the Dome to Open at Beginning of Night
2017-11-16T06:43:50 [main.py:527 - <module>()] INFO: Waiting For the Dome to Open at Beginning of Night
2017-11-16T06:44:50 [main.py:527 - <module>()] INFO: Waiting For the Dome to Open at Beginning of Night
2017-11-16T06:45:50 [main.py:527 - <module>()] INFO: Waiting For the Dome to Open at Beginning of Night
2017-11-16T06:46:51 [main.py:527 - <module>()] INFO: Waiting For the Dome to Open at Beginning of Night
2017-11-16T06:47:51 [main.py:527 - <module>()] INFO: Waiting For the Dome to Open at Beginning of Night
2017-11-16T06:48:51 [main.py:527 - <module>()] INFO: Waiting For the Dome to Open at Beginning of Night
2017-11-16T06:49:51 [main.py:527 - <module>()] INFO: Waiting For the Dome to Open at Beginning of Night
2017-11-16T06:50:52 [main.py:527 - <module>()] INFO: Waiting For the Dome to Open at Beginning of Night
2017-11-16T06:51:52 [main.py:527 - <module>()] INFO: Waiting For the Dome to Open at Beginning of Night
2017-11-16T06:52:52 [main.py:527 - <module>()] INFO: Waiting For the Dome to Open at Beginning of Night
2017-11-16T06:53:52 [main.py:527 - <module>()] INFO: Waiting For the Dome to Open at Beginning of Night
2017-11-16T06:54:53 [main.py:527 - <module>()] INFO: Waiting For the Dome to Open at Beginning of Night
2017-11-16T06:55:53 [main.py:527 - <module>()] INFO: Waiting For the Dome to Open at Beginning of Night
2017-11-16T06:56:53 [main.py:527 - <module>()] INFO: Waiting For the Dome to Open at Beginning of Night
2017-11-16T06:57:53 [main.py:527 - <module>()] INFO: Waiting For the Dome to Open at Beginning of Night
2017-11-16T06:58:54 [main.py:527 - <module>()] INFO: Waiting For the Dome to Open at Beginning of Night
2017-11-16T06:59:54 [main.py:527 - <module>()] INFO: Waiting For the Dome to Open at Beginning of Night
2017-11-16T07:00:54 [main.py:527 - <module>()] INFO: Waiting For the Dome to Open at Beginning of Night
2017-11-16T07:01:54 [main.py:527 - <module>()] INFO: Waiting For the Dome to Open at Beginning of Night
2017-11-16T07:02:55 [main.py:527 - <module>()] INFO: Waiting For the Dome to Open at Beginning of Night
2017-11-16T07:03:55 [main.py:527 - <module>()] INFO: Waiting For the Dome to Open at Beginning of Night
2017-11-16T07:04:55 [main.py:527 - <module>()] INFO: Waiting For the Dome to Open at Beginning of Night
2017-11-16T07:05:55 [main.py:527 - <module>()] INFO: Waiting For the Dome to Open at Beginning of Night
2017-11-16T07:06:55 [main.py:527 - <module>()] INFO: Waiting For the Dome to Open at Beginning of Night
2017-11-16T07:07:56 [main.py:527 - <module>()] INFO: Waiting For the Dome to Open at Beginning of Night
2017-11-16T07:08:56 [main.py:527 - <module>()] INFO: Waiting For the Dome to Open at Beginning of Night
2017-11-16T07:09:56 [main.py:527 - <module>()] INFO: Waiting For the Dome to Open at Beginning of Night
2017-11-16T07:10:56 [main.py:527 - <module>()] INFO: Waiting For the Dome to Open at Beginning of Night
2017-11-16T07:11:57 [main.py:527 - <module>()] INFO: Waiting For the Dome to Open at Beginning of Night
2017-11-16T07:12:57 [main.py:527 - <module>()] INFO: Waiting For the Dome to Open at Beginning of Night
2017-11-16T07:13:57 [main.py:527 - <module>()] INFO: Waiting For the Dome to Open at Beginning of Night
2017-11-16T07:14:57 [main.py:527 - <module>()] INFO: Waiting For the Dome to Open at Beginning of Night
2017-11-16T07:15:58 [main.py:527 - <module>()] INFO: Waiting For the Dome to Open at Beginning of Night
2017-11-16T07:16:58 [main.py:527 - <module>()] INFO: Waiting For the Dome to Open at Beginning of Night
2017-11-16T07:17:58 [main.py:527 - <module>()] INFO: Waiting For the Dome to Open at Beginning of Night
2017-11-16T07:18:58 [main.py:527 - <module>()] INFO: Waiting For the Dome to Open at Beginning of Night
2017-11-16T07:19:59 [main.py:527 - <module>()] INFO: Waiting For the Dome to Open at Beginning of Night
2017-11-16T07:20:59 [main.py:527 - <module>()] INFO: Waiting For the Dome to Open at Beginning of Night
2017-11-16T07:21:59 [main.py:527 - <module>()] INFO: Waiting For the Dome to Open at Beginning of Night
2017-11-16T07:22:59 [main.py:527 - <module>()] INFO: Waiting For the Dome to Open at Beginning of Night
2017-11-16T07:24:00 [main.py:527 - <module>()] INFO: Waiting For the Dome to Open at Beginning of Night
2017-11-16T07:25:00 [main.py:527 - <module>()] INFO: Waiting For the Dome to Open at Beginning of Night
2017-11-16T07:26:00 [main.py:527 - <module>()] INFO: Waiting For the Dome to Open at Beginning of Night
2017-11-16T07:27:00 [main.py:527 - <module>()] INFO: Waiting For the Dome to Open at Beginning of Night
2017-11-16T07:28:01 [main.py:527 - <module>()] INFO: Waiting For the Dome to Open at Beginning of Night
2017-11-16T07:29:01 [main.py:527 - <module>()] INFO: Waiting For the Dome to Open at Beginning of Night
2017-11-16T07:30:01 [main.py:527 - <module>()] INFO: Waiting For the Dome to Open at Beginning of Night
2017-11-16T07:31:01 [main.py:527 - <module>()] INFO: Waiting For the Dome to Open at Beginning of Night
2017-11-16T07:32:02 [main.py:527 - <module>()] INFO: Waiting For the Dome to Open at Beginning of Night
2017-11-16T07:33:02 [main.py:527 - <module>()] INFO: Waiting For the Dome to Open at Beginning of Night
2017-11-16T07:34:02 [main.py:527 - <module>()] INFO: Waiting For the Dome to Open at Beginning of Night
2017-11-16T07:35:02 [main.py:527 - <module>()] INFO: Waiting For the Dome to Open at Beginning of Night
2017-11-16T07:36:03 [main.py:527 - <module>()] INFO: Waiting For the Dome to Open at Beginning of Night
2017-11-16T07:37:03 [main.py:527 - <module>()] INFO: Waiting For the Dome to Open at Beginning of Night
2017-11-16T07:38:03 [main.py:527 - <module>()] INFO: Waiting For the Dome to Open at Beginning of Night
2017-11-16T07:39:03 [main.py:527 - <module>()] INFO: Waiting For the Dome to Open at Beginning of Night
2017-11-16T07:40:04 [main.py:527 - <module>()] INFO: Waiting For the Dome to Open at Beginning of Night
2017-11-16T07:41:04 [main.py:527 - <module>()] INFO: Waiting For the Dome to Open at Beginning of Night
2017-11-16T07:42:04 [main.py:527 - <module>()] INFO: Waiting For the Dome to Open at Beginning of Night
2017-11-16T07:43:04 [main.py:527 - <module>()] INFO: Waiting For the Dome to Open at Beginning of Night
2017-11-16T07:44:05 [main.py:527 - <module>()] INFO: Waiting For the Dome to Open at Beginning of Night
2017-11-16T07:45:05 [main.py:527 - <module>()] INFO: Waiting For the Dome to Open at Beginning of Night
2017-11-16T07:46:05 [main.py:527 - <module>()] INFO: Waiting For the Dome to Open at Beginning of Night
2017-11-16T07:47:05 [main.py:527 - <module>()] INFO: Waiting For the Dome to Open at Beginning of Night
2017-11-16T07:48:05 [main.py:527 - <module>()] INFO: Waiting For the Dome to Open at Beginning of Night
2017-11-16T07:49:06 [main.py:527 - <module>()] INFO: Waiting For the Dome to Open at Beginning of Night
2017-11-16T07:50:06 [main.py:527 - <module>()] INFO: Waiting For the Dome to Open at Beginning of Night
2017-11-16T07:51:06 [main.py:527 - <module>()] INFO: Waiting For the Dome to Open at Beginning of Night
2017-11-16T07:52:07 [main.py:527 - <module>()] INFO: Waiting For the Dome to Open at Beginning of Night
2017-11-16T07:53:07 [main.py:527 - <module>()] INFO: Waiting For the Dome to Open at Beginning of Night
2017-11-16T07:54:07 [main.py:527 - <module>()] INFO: Waiting For the Dome to Open at Beginning of Night
2017-11-16T07:55:07 [main.py:527 - <module>()] INFO: Waiting For the Dome to Open at Beginning of Night
2017-11-16T07:56:08 [main.py:527 - <module>()] INFO: Waiting For the Dome to Open at Beginning of Night
2017-11-16T07:57:08 [main.py:527 - <module>()] INFO: Waiting For the Dome to Open at Beginning of Night
2017-11-16T07:58:08 [main.py:527 - <module>()] INFO: Waiting For the Dome to Open at Beginning of Night
2017-11-16T07:59:08 [main.py:527 - <module>()] INFO: Waiting For the Dome to Open at Beginning of Night
2017-11-16T08:00:09 [main.py:527 - <module>()] INFO: Waiting For the Dome to Open at Beginning of Night
2017-11-16T08:01:09 [main.py:527 - <module>()] INFO: Waiting For the Dome to Open at Beginning of Night
2017-11-16T08:02:09 [main.py:527 - <module>()] INFO: Waiting For the Dome to Open at Beginning of Night
2017-11-16T08:03:09 [main.py:527 - <module>()] INFO: Waiting For the Dome to Open at Beginning of Night
2017-11-16T08:04:10 [main.py:527 - <module>()] INFO: Waiting For the Dome to Open at Beginning of Night
2017-11-16T08:05:10 [main.py:527 - <module>()] INFO: Waiting For the Dome to Open at Beginning of Night
2017-11-16T08:06:10 [main.py:527 - <module>()] INFO: Waiting For the Dome to Open at Beginning of Night
2017-11-16T08:07:10 [main.py:527 - <module>()] INFO: Waiting For the Dome to Open at Beginning of Night
2017-11-16T08:08:11 [main.py:527 - <module>()] INFO: Waiting For the Dome to Open at Beginning of Night
2017-11-16T08:09:11 [main.py:527 - <module>()] INFO: Waiting For the Dome to Open at Beginning of Night
2017-11-16T08:10:11 [main.py:527 - <module>()] INFO: Waiting For the Dome to Open at Beginning of Night
2017-11-16T08:11:11 [main.py:527 - <module>()] INFO: Waiting For the Dome to Open at Beginning of Night
2017-11-16T08:12:12 [main.py:527 - <module>()] INFO: Waiting For the Dome to Open at Beginning of Night
2017-11-16T08:13:12 [main.py:527 - <module>()] INFO: Waiting For the Dome to Open at Beginning of Night
2017-11-16T08:14:12 [main.py:527 - <module>()] INFO: Waiting For the Dome to Open at Beginning of Night
2017-11-16T08:15:12 [main.py:527 - <module>()] INFO: Waiting For the Dome to Open at Beginning of Night
2017-11-16T08:16:13 [main.py:527 - <module>()] INFO: Waiting For the Dome to Open at Beginning of Night
2017-11-16T08:17:13 [main.py:527 - <module>()] INFO: Waiting For the Dome to Open at Beginning of Night
2017-11-16T08:18:13 [main.py:527 - <module>()] INFO: Waiting For the Dome to Open at Beginning of Night
2017-11-16T08:19:13 [main.py:527 - <module>()] INFO: Waiting For the Dome to Open at Beginning of Night
2017-11-16T08:20:14 [main.py:527 - <module>()] INFO: Waiting For the Dome to Open at Beginning of Night
2017-11-16T08:21:14 [main.py:527 - <module>()] INFO: Waiting For the Dome to Open at Beginning of Night
2017-11-16T08:22:14 [main.py:527 - <module>()] INFO: Waiting For the Dome to Open at Beginning of Night
2017-11-16T08:23:14 [main.py:527 - <module>()] INFO: Waiting For the Dome to Open at Beginning of Night
2017-11-16T08:24:15 [main.py:527 - <module>()] INFO: Waiting For the Dome to Open at Beginning of Night
2017-11-16T08:25:15 [main.py:527 - <module>()] INFO: Waiting For the Dome to Open at Beginning of Night
2017-11-16T08:26:15 [main.py:527 - <module>()] INFO: Waiting For the Dome to Open at Beginning of Night
2017-11-16T08:27:15 [main.py:527 - <module>()] INFO: Waiting For the Dome to Open at Beginning of Night
2017-11-16T08:28:16 [main.py:527 - <module>()] INFO: Waiting For the Dome to Open at Beginning of Night
2017-11-16T08:29:16 [main.py:527 - <module>()] INFO: Waiting For the Dome to Open at Beginning of Night
2017-11-16T08:30:16 [main.py:527 - <module>()] INFO: Waiting For the Dome to Open at Beginning of Night
2017-11-16T08:31:16 [main.py:527 - <module>()] INFO: Waiting For the Dome to Open at Beginning of Night
2017-11-16T08:32:17 [main.py:527 - <module>()] INFO: Waiting For the Dome to Open at Beginning of Night
2017-11-16T08:33:17 [main.py:527 - <module>()] INFO: Waiting For the Dome to Open at Beginning of Night
2017-11-16T08:34:17 [main.py:527 - <module>()] INFO: Waiting For the Dome to Open at Beginning of Night
2017-11-16T08:35:17 [main.py:527 - <module>()] INFO: Waiting For the Dome to Open at Beginning of Night
2017-11-16T08:36:18 [main.py:527 - <module>()] INFO: Waiting For the Dome to Open at Beginning of Night
2017-11-16T08:37:18 [main.py:527 - <module>()] INFO: Waiting For the Dome to Open at Beginning of Night
2017-11-16T08:38:18 [main.py:527 - <module>()] INFO: Waiting For the Dome to Open at Beginning of Night
2017-11-16T08:39:18 [main.py:527 - <module>()] INFO: Waiting For the Dome to Open at Beginning of Night
2017-11-16T08:40:18 [main.py:527 - <module>()] INFO: Waiting For the Dome to Open at Beginning of Night
2017-11-16T08:41:19 [main.py:527 - <module>()] INFO: Waiting For the Dome to Open at Beginning of Night
2017-11-16T08:42:19 [main.py:527 - <module>()] INFO: Waiting For the Dome to Open at Beginning of Night
2017-11-16T08:43:19 [main.py:527 - <module>()] INFO: Waiting For the Dome to Open at Beginning of Night
2017-11-16T08:44:20 [main.py:527 - <module>()] INFO: Waiting For the Dome to Open at Beginning of Night
2017-11-16T08:45:20 [main.py:527 - <module>()] INFO: Waiting For the Dome to Open at Beginning of Night
2017-11-16T08:46:20 [main.py:527 - <module>()] INFO: Waiting For the Dome to Open at Beginning of Night
2017-11-16T08:47:20 [main.py:527 - <module>()] INFO: Waiting For the Dome to Open at Beginning of Night
2017-11-16T08:48:21 [main.py:527 - <module>()] INFO: Waiting For the Dome to Open at Beginning of Night
2017-11-16T08:49:21 [main.py:527 - <module>()] INFO: Waiting For the Dome to Open at Beginning of Night
2017-11-16T08:50:21 [main.py:527 - <module>()] INFO: Waiting For the Dome to Open at Beginning of Night
2017-11-16T08:51:21 [main.py:527 - <module>()] INFO: Waiting For the Dome to Open at Beginning of Night
2017-11-16T08:52:22 [main.py:527 - <module>()] INFO: Waiting For the Dome to Open at Beginning of Night
2017-11-16T08:53:22 [main.py:527 - <module>()] INFO: Waiting For the Dome to Open at Beginning of Night
2017-11-16T08:54:22 [main.py:527 - <module>()] INFO: Waiting For the Dome to Open at Beginning of Night
2017-11-16T08:55:22 [main.py:527 - <module>()] INFO: Waiting For the Dome to Open at Beginning of Night
2017-11-16T08:56:23 [main.py:527 - <module>()] INFO: Waiting For the Dome to Open at Beginning of Night
2017-11-16T08:57:23 [main.py:527 - <module>()] INFO: Waiting For the Dome to Open at Beginning of Night
2017-11-16T08:58:23 [main.py:527 - <module>()] INFO: Waiting For the Dome to Open at Beginning of Night
2017-11-16T08:59:23 [main.py:527 - <module>()] INFO: Waiting For the Dome to Open at Beginning of Night
2017-11-16T09:00:24 [main.py:527 - <module>()] INFO: Waiting For the Dome to Open at Beginning of Night
2017-11-16T09:01:24 [main.py:527 - <module>()] INFO: Waiting For the Dome to Open at Beginning of Night
2017-11-16T09:02:24 [main.py:527 - <module>()] INFO: Waiting For the Dome to Open at Beginning of Night
2017-11-16T09:03:24 [main.py:527 - <module>()] INFO: Waiting For the Dome to Open at Beginning of Night
2017-11-16T09:04:25 [main.py:527 - <module>()] INFO: Waiting For the Dome to Open at Beginning of Night
2017-11-16T09:05:25 [main.py:527 - <module>()] INFO: Waiting For the Dome to Open at Beginning of Night
2017-11-16T09:06:25 [main.py:527 - <module>()] INFO: Waiting For the Dome to Open at Beginning of Night
2017-11-16T09:07:25 [main.py:527 - <module>()] INFO: Waiting For the Dome to Open at Beginning of Night
2017-11-16T09:08:26 [main.py:527 - <module>()] INFO: Waiting For the Dome to Open at Beginning of Night
2017-11-16T09:09:26 [main.py:527 - <module>()] INFO: Waiting For the Dome to Open at Beginning of Night
2017-11-16T09:10:26 [main.py:527 - <module>()] INFO: Waiting For the Dome to Open at Beginning of Night
2017-11-16T09:11:26 [main.py:527 - <module>()] INFO: Waiting For the Dome to Open at Beginning of Night
2017-11-16T09:12:27 [main.py:527 - <module>()] INFO: Waiting For the Dome to Open at Beginning of Night
2017-11-16T09:13:27 [main.py:527 - <module>()] INFO: Waiting For the Dome to Open at Beginning of Night
2017-11-16T09:14:27 [main.py:527 - <module>()] INFO: Waiting For the Dome to Open at Beginning of Night
2017-11-16T09:15:27 [main.py:527 - <module>()] INFO: Waiting For the Dome to Open at Beginning of Night
2017-11-16T09:16:28 [main.py:527 - <module>()] INFO: Waiting For the Dome to Open at Beginning of Night
2017-11-16T09:17:28 [main.py:527 - <module>()] INFO: Waiting For the Dome to Open at Beginning of Night
2017-11-16T09:18:28 [main.py:527 - <module>()] INFO: Waiting For the Dome to Open at Beginning of Night
2017-11-16T09:19:28 [main.py:527 - <module>()] INFO: Waiting For the Dome to Open at Beginning of Night
2017-11-16T09:20:29 [main.py:527 - <module>()] INFO: Waiting For the Dome to Open at Beginning of Night
2017-11-16T09:21:29 [main.py:527 - <module>()] INFO: Waiting For the Dome to Open at Beginning of Night
2017-11-16T09:22:29 [main.py:527 - <module>()] INFO: Waiting For the Dome to Open at Beginning of Night
2017-11-16T09:23:29 [main.py:527 - <module>()] INFO: Waiting For the Dome to Open at Beginning of Night
2017-11-16T09:24:30 [main.py:527 - <module>()] INFO: Waiting For the Dome to Open at Beginning of Night
2017-11-16T09:25:30 [main.py:527 - <module>()] INFO: Waiting For the Dome to Open at Beginning of Night
2017-11-16T09:26:30 [main.py:527 - <module>()] INFO: Waiting For the Dome to Open at Beginning of Night
2017-11-16T09:27:31 [main.py:527 - <module>()] INFO: Waiting For the Dome to Open at Beginning of Night
2017-11-16T09:28:31 [main.py:527 - <module>()] INFO: Waiting For the Dome to Open at Beginning of Night
2017-11-16T09:29:31 [main.py:527 - <module>()] INFO: Waiting For the Dome to Open at Beginning of Night
2017-11-16T09:30:31 [main.py:527 - <module>()] INFO: Waiting For the Dome to Open at Beginning of Night
2017-11-16T09:31:32 [main.py:527 - <module>()] INFO: Waiting For the Dome to Open at Beginning of Night
2017-11-16T09:32:32 [main.py:527 - <module>()] INFO: Waiting For the Dome to Open at Beginning of Night
2017-11-16T09:33:32 [main.py:527 - <module>()] INFO: Waiting For the Dome to Open at Beginning of Night
2017-11-16T09:34:32 [main.py:527 - <module>()] INFO: Waiting For the Dome to Open at Beginning of Night
2017-11-16T09:35:33 [main.py:527 - <module>()] INFO: Waiting For the Dome to Open at Beginning of Night
2017-11-16T09:36:33 [main.py:527 - <module>()] INFO: Waiting For the Dome to Open at Beginning of Night
2017-11-16T09:37:33 [main.py:527 - <module>()] INFO: Waiting For the Dome to Open at Beginning of Night
2017-11-16T09:38:33 [main.py:527 - <module>()] INFO: Waiting For the Dome to Open at Beginning of Night
2017-11-16T09:39:34 [main.py:527 - <module>()] INFO: Waiting For the Dome to Open at Beginning of Night
2017-11-16T09:40:34 [main.py:527 - <module>()] INFO: Waiting For the Dome to Open at Beginning of Night
2017-11-16T09:41:34 [main.py:527 - <module>()] INFO: Waiting For the Dome to Open at Beginning of Night
2017-11-16T09:42:34 [main.py:527 - <module>()] INFO: Waiting For the Dome to Open at Beginning of Night
2017-11-16T09:43:35 [main.py:527 - <module>()] INFO: Waiting For the Dome to Open at Beginning of Night
2017-11-16T09:44:35 [main.py:527 - <module>()] INFO: Waiting For the Dome to Open at Beginning of Night
2017-11-16T09:45:35 [main.py:527 - <module>()] INFO: Waiting For the Dome to Open at Beginning of Night
2017-11-16T09:46:35 [main.py:527 - <module>()] INFO: Waiting For the Dome to Open at Beginning of Night
2017-11-16T09:47:36 [main.py:527 - <module>()] INFO: Waiting For the Dome to Open at Beginning of Night
2017-11-16T09:48:36 [main.py:527 - <module>()] INFO: Waiting For the Dome to Open at Beginning of Night
2017-11-16T09:49:36 [main.py:527 - <module>()] INFO: Waiting For the Dome to Open at Beginning of Night
2017-11-16T09:50:36 [main.py:527 - <module>()] INFO: Waiting For the Dome to Open at Beginning of Night
2017-11-16T09:51:36 [main.py:527 - <module>()] INFO: Waiting For the Dome to Open at Beginning of Night
2017-11-16T09:52:37 [main.py:527 - <module>()] INFO: Waiting For the Dome to Open at Beginning of Night
2017-11-16T09:53:37 [main.py:527 - <module>()] INFO: Waiting For the Dome to Open at Beginning of Night
2017-11-16T09:54:37 [main.py:527 - <module>()] INFO: Waiting For the Dome to Open at Beginning of Night
2017-11-16T09:55:37 [main.py:527 - <module>()] INFO: Waiting For the Dome to Open at Beginning of Night
2017-11-16T09:56:38 [main.py:527 - <module>()] INFO: Waiting For the Dome to Open at Beginning of Night
2017-11-16T09:57:38 [main.py:527 - <module>()] INFO: Waiting For the Dome to Open at Beginning of Night
2017-11-16T09:58:38 [main.py:527 - <module>()] INFO: Waiting For the Dome to Open at Beginning of Night
2017-11-16T09:59:38 [main.py:527 - <module>()] INFO: Waiting For the Dome to Open at Beginning of Night
2017-11-16T10:00:39 [main.py:527 - <module>()] INFO: Waiting For the Dome to Open at Beginning of Night
2017-11-16T10:01:39 [main.py:527 - <module>()] INFO: Waiting For the Dome to Open at Beginning of Night
2017-11-16T10:02:39 [main.py:527 - <module>()] INFO: Waiting For the Dome to Open at Beginning of Night
2017-11-16T10:03:39 [main.py:527 - <module>()] INFO: Waiting For the Dome to Open at Beginning of Night
2017-11-16T10:04:40 [main.py:527 - <module>()] INFO: Waiting For the Dome to Open at Beginning of Night
2017-11-16T10:05:40 [main.py:527 - <module>()] INFO: Waiting For the Dome to Open at Beginning of Night
2017-11-16T10:06:40 [main.py:527 - <module>()] INFO: Waiting For the Dome to Open at Beginning of Night
2017-11-16T10:07:40 [main.py:527 - <module>()] INFO: Waiting For the Dome to Open at Beginning of Night
2017-11-16T10:08:41 [main.py:527 - <module>()] INFO: Waiting For the Dome to Open at Beginning of Night
2017-11-16T10:09:41 [main.py:527 - <module>()] INFO: Waiting For the Dome to Open at Beginning of Night
2017-11-16T10:10:41 [main.py:527 - <module>()] INFO: Waiting For the Dome to Open at Beginning of Night
2017-11-16T10:11:41 [main.py:527 - <module>()] INFO: Waiting For the Dome to Open at Beginning of Night
2017-11-16T10:12:42 [main.py:527 - <module>()] INFO: Waiting For the Dome to Open at Beginning of Night
2017-11-16T10:13:42 [main.py:527 - <module>()] INFO: Waiting For the Dome to Open at Beginning of Night
2017-11-16T10:14:42 [main.py:527 - <module>()] INFO: Waiting For the Dome to Open at Beginning of Night
2017-11-16T10:15:42 [main.py:527 - <module>()] INFO: Waiting For the Dome to Open at Beginning of Night
2017-11-16T10:16:43 [main.py:527 - <module>()] INFO: Waiting For the Dome to Open at Beginning of Night
2017-11-16T10:17:43 [main.py:527 - <module>()] INFO: Waiting For the Dome to Open at Beginning of Night
2017-11-16T10:18:43 [main.py:527 - <module>()] INFO: Waiting For the Dome to Open at Beginning of Night
2017-11-16T10:19:44 [main.py:527 - <module>()] INFO: Waiting For the Dome to Open at Beginning of Night
2017-11-16T10:20:44 [main.py:527 - <module>()] INFO: Waiting For the Dome to Open at Beginning of Night
2017-11-16T10:21:44 [main.py:527 - <module>()] INFO: Waiting For the Dome to Open at Beginning of Night
2017-11-16T10:22:44 [main.py:527 - <module>()] INFO: Waiting For the Dome to Open at Beginning of Night
2017-11-16T10:23:45 [main.py:527 - <module>()] INFO: Waiting For the Dome to Open at Beginning of Night
2017-11-16T10:24:45 [main.py:527 - <module>()] INFO: Waiting For the Dome to Open at Beginning of Night
2017-11-16T10:25:45 [main.py:527 - <module>()] INFO: Waiting For the Dome to Open at Beginning of Night
2017-11-16T10:26:45 [main.py:527 - <module>()] INFO: Waiting For the Dome to Open at Beginning of Night
2017-11-16T10:27:46 [main.py:527 - <module>()] INFO: Waiting For the Dome to Open at Beginning of Night
2017-11-16T10:28:46 [main.py:527 - <module>()] INFO: Waiting For the Dome to Open at Beginning of Night
2017-11-16T10:29:46 [main.py:527 - <module>()] INFO: Waiting For the Dome to Open at Beginning of Night
2017-11-16T10:30:46 [main.py:527 - <module>()] INFO: Waiting For the Dome to Open at Beginning of Night
2017-11-16T10:31:47 [main.py:527 - <module>()] INFO: Waiting For the Dome to Open at Beginning of Night
2017-11-16T10:32:47 [main.py:527 - <module>()] INFO: Waiting For the Dome to Open at Beginning of Night
2017-11-16T10:33:47 [main.py:527 - <module>()] INFO: Waiting For the Dome to Open at Beginning of Night
2017-11-16T10:34:48 [main.py:527 - <module>()] INFO: Waiting For the Dome to Open at Beginning of Night
2017-11-16T10:35:48 [main.py:527 - <module>()] INFO: Waiting For the Dome to Open at Beginning of Night
2017-11-16T10:36:48 [main.py:527 - <module>()] INFO: Waiting For the Dome to Open at Beginning of Night
2017-11-16T10:37:48 [main.py:527 - <module>()] INFO: Waiting For the Dome to Open at Beginning of Night
2017-11-16T10:38:49 [main.py:527 - <module>()] INFO: Waiting For the Dome to Open at Beginning of Night
2017-11-16T10:39:49 [main.py:527 - <module>()] INFO: Waiting For the Dome to Open at Beginning of Night
2017-11-16T10:40:49 [main.py:527 - <module>()] INFO: Waiting For the Dome to Open at Beginning of Night
2017-11-16T10:41:49 [main.py:527 - <module>()] INFO: Waiting For the Dome to Open at Beginning of Night
2017-11-16T10:42:50 [main.py:527 - <module>()] INFO: Waiting For the Dome to Open at Beginning of Night
2017-11-16T10:43:50 [main.py:527 - <module>()] INFO: Waiting For the Dome to Open at Beginning of Night
2017-11-16T10:44:50 [main.py:527 - <module>()] INFO: Waiting For the Dome to Open at Beginning of Night
2017-11-16T10:45:50 [main.py:527 - <module>()] INFO: Waiting For the Dome to Open at Beginning of Night
2017-11-16T10:46:51 [main.py:527 - <module>()] INFO: Waiting For the Dome to Open at Beginning of Night
2017-11-16T10:47:51 [main.py:527 - <module>()] INFO: Waiting For the Dome to Open at Beginning of Night
2017-11-16T10:48:51 [main.py:527 - <module>()] INFO: Waiting For the Dome to Open at Beginning of Night
2017-11-16T10:49:51 [main.py:527 - <module>()] INFO: Waiting For the Dome to Open at Beginning of Night
2017-11-16T10:50:52 [main.py:527 - <module>()] INFO: Waiting For the Dome to Open at Beginning of Night
2017-11-16T10:51:52 [main.py:527 - <module>()] INFO: Waiting For the Dome to Open at Beginning of Night
2017-11-16T10:52:52 [main.py:527 - <module>()] INFO: Waiting For the Dome to Open at Beginning of Night
2017-11-16T10:53:52 [main.py:527 - <module>()] INFO: Waiting For the Dome to Open at Beginning of Night
2017-11-16T10:54:52 [main.py:527 - <module>()] INFO: Waiting For the Dome to Open at Beginning of Night
2017-11-16T10:55:53 [main.py:527 - <module>()] INFO: Waiting For the Dome to Open at Beginning of Night
2017-11-16T10:56:53 [main.py:527 - <module>()] INFO: Waiting For the Dome to Open at Beginning of Night
2017-11-16T10:57:53 [main.py:527 - <module>()] INFO: Waiting For the Dome to Open at Beginning of Night
2017-11-16T10:58:53 [main.py:527 - <module>()] INFO: Waiting For the Dome to Open at Beginning of Night
2017-11-16T10:59:54 [main.py:527 - <module>()] INFO: Waiting For the Dome to Open at Beginning of Night
2017-11-16T11:00:54 [main.py:527 - <module>()] INFO: Waiting For the Dome to Open at Beginning of Night
2017-11-16T11:01:54 [main.py:527 - <module>()] INFO: Waiting For the Dome to Open at Beginning of Night
2017-11-16T11:02:54 [main.py:527 - <module>()] INFO: Waiting For the Dome to Open at Beginning of Night
2017-11-16T11:03:55 [main.py:527 - <module>()] INFO: Waiting For the Dome to Open at Beginning of Night
2017-11-16T11:04:55 [main.py:527 - <module>()] INFO: Waiting For the Dome to Open at Beginning of Night
2017-11-16T11:05:55 [main.py:527 - <module>()] INFO: Waiting For the Dome to Open at Beginning of Night
2017-11-16T11:06:55 [main.py:527 - <module>()] INFO: Waiting For the Dome to Open at Beginning of Night
2017-11-16T11:07:56 [main.py:527 - <module>()] INFO: Waiting For the Dome to Open at Beginning of Night
2017-11-16T11:08:56 [main.py:527 - <module>()] INFO: Waiting For the Dome to Open at Beginning of Night
2017-11-16T11:09:56 [main.py:527 - <module>()] INFO: Waiting For the Dome to Open at Beginning of Night
2017-11-16T11:10:56 [main.py:527 - <module>()] INFO: Waiting For the Dome to Open at Beginning of Night
2017-11-16T11:11:57 [main.py:527 - <module>()] INFO: Waiting For the Dome to Open at Beginning of Night
2017-11-16T11:12:57 [main.py:527 - <module>()] INFO: Waiting For the Dome to Open at Beginning of Night
2017-11-16T11:13:57 [main.py:527 - <module>()] INFO: Waiting For the Dome to Open at Beginning of Night
2017-11-16T11:14:57 [main.py:527 - <module>()] INFO: Waiting For the Dome to Open at Beginning of Night
2017-11-16T11:15:58 [main.py:527 - <module>()] INFO: Waiting For the Dome to Open at Beginning of Night
2017-11-16T11:16:58 [main.py:527 - <module>()] INFO: Waiting For the Dome to Open at Beginning of Night
2017-11-16T11:17:58 [main.py:527 - <module>()] INFO: Waiting For the Dome to Open at Beginning of Night
2017-11-16T11:18:58 [main.py:527 - <module>()] INFO: Waiting For the Dome to Open at Beginning of Night
2017-11-16T11:19:59 [main.py:527 - <module>()] INFO: Waiting For the Dome to Open at Beginning of Night
2017-11-16T11:20:59 [main.py:527 - <module>()] INFO: Waiting For the Dome to Open at Beginning of Night
2017-11-16T11:21:59 [main.py:527 - <module>()] INFO: Waiting For the Dome to Open at Beginning of Night
2017-11-16T11:22:59 [main.py:527 - <module>()] INFO: Waiting For the Dome to Open at Beginning of Night
2017-11-16T11:24:00 [main.py:527 - <module>()] INFO: Waiting For the Dome to Open at Beginning of Night
2017-11-16T11:25:00 [main.py:527 - <module>()] INFO: Waiting For the Dome to Open at Beginning of Night
2017-11-16T11:26:00 [main.py:527 - <module>()] INFO: Waiting For the Dome to Open at Beginning of Night
2017-11-16T11:27:01 [main.py:527 - <module>()] INFO: Waiting For the Dome to Open at Beginning of Night
2017-11-16T11:28:01 [main.py:527 - <module>()] INFO: Waiting For the Dome to Open at Beginning of Night
2017-11-16T11:29:01 [main.py:527 - <module>()] INFO: Waiting For the Dome to Open at Beginning of Night
2017-11-16T11:30:01 [main.py:527 - <module>()] INFO: Waiting For the Dome to Open at Beginning of Night
2017-11-16T11:31:02 [main.py:527 - <module>()] INFO: Waiting For the Dome to Open at Beginning of Night
2017-11-16T11:32:02 [main.py:527 - <module>()] INFO: Waiting For the Dome to Open at Beginning of Night
2017-11-16T11:33:02 [main.py:527 - <module>()] INFO: Waiting For the Dome to Open at Beginning of Night
2017-11-16T11:34:02 [main.py:527 - <module>()] INFO: Waiting For the Dome to Open at Beginning of Night
2017-11-16T11:35:03 [main.py:527 - <module>()] INFO: Waiting For the Dome to Open at Beginning of Night
2017-11-16T11:36:03 [main.py:527 - <module>()] INFO: Waiting For the Dome to Open at Beginning of Night
2017-11-16T11:37:03 [main.py:527 - <module>()] INFO: Waiting For the Dome to Open at Beginning of Night
2017-11-16T11:38:03 [main.py:527 - <module>()] INFO: Waiting For the Dome to Open at Beginning of Night
2017-11-16T11:39:04 [main.py:527 - <module>()] INFO: Waiting For the Dome to Open at Beginning of Night
2017-11-16T11:40:04 [main.py:527 - <module>()] INFO: Waiting For the Dome to Open at Beginning of Night
2017-11-16T11:41:04 [main.py:527 - <module>()] INFO: Waiting For the Dome to Open at Beginning of Night
2017-11-16T11:42:04 [main.py:527 - <module>()] INFO: Waiting For the Dome to Open at Beginning of Night
2017-11-16T11:43:05 [main.py:527 - <module>()] INFO: Waiting For the Dome to Open at Beginning of Night
2017-11-16T11:44:05 [main.py:527 - <module>()] INFO: Waiting For the Dome to Open at Beginning of Night
2017-11-16T11:45:05 [main.py:527 - <module>()] INFO: Waiting For the Dome to Open at Beginning of Night
2017-11-16T11:46:05 [main.py:527 - <module>()] INFO: Waiting For the Dome to Open at Beginning of Night
2017-11-16T11:47:06 [main.py:527 - <module>()] INFO: Waiting For the Dome to Open at Beginning of Night
2017-11-16T11:48:06 [main.py:527 - <module>()] INFO: Waiting For the Dome to Open at Beginning of Night
2017-11-16T11:49:06 [main.py:527 - <module>()] INFO: Waiting For the Dome to Open at Beginning of Night
2017-11-16T11:50:06 [main.py:527 - <module>()] INFO: Waiting For the Dome to Open at Beginning of Night
2017-11-16T11:51:07 [main.py:527 - <module>()] INFO: Waiting For the Dome to Open at Beginning of Night
2017-11-16T11:52:07 [main.py:527 - <module>()] INFO: Waiting For the Dome to Open at Beginning of Night
2017-11-16T11:53:07 [main.py:527 - <module>()] INFO: Waiting For the Dome to Open at Beginning of Night
2017-11-16T11:54:07 [main.py:527 - <module>()] INFO: Waiting For the Dome to Open at Beginning of Night
2017-11-16T11:55:08 [main.py:527 - <module>()] INFO: Waiting For the Dome to Open at Beginning of Night
2017-11-16T11:56:08 [main.py:527 - <module>()] INFO: Waiting For the Dome to Open at Beginning of Night
2017-11-16T11:57:08 [main.py:527 - <module>()] INFO: Waiting For the Dome to Open at Beginning of Night
2017-11-16T11:58:08 [main.py:527 - <module>()] INFO: Waiting For the Dome to Open at Beginning of Night
2017-11-16T11:59:09 [main.py:527 - <module>()] INFO: Waiting For the Dome to Open at Beginning of Night
2017-11-16T12:00:09 [main.py:527 - <module>()] INFO: Waiting For the Dome to Open at Beginning of Night
2017-11-16T12:01:09 [main.py:527 - <module>()] INFO: Waiting For the Dome to Open at Beginning of Night
2017-11-16T12:02:09 [main.py:527 - <module>()] INFO: Waiting For the Dome to Open at Beginning of Night
2017-11-16T12:03:10 [main.py:527 - <module>()] INFO: Waiting For the Dome to Open at Beginning of Night
2017-11-16T12:04:10 [main.py:527 - <module>()] INFO: Waiting For the Dome to Open at Beginning of Night
2017-11-16T12:05:10 [main.py:527 - <module>()] INFO: Waiting For the Dome to Open at Beginning of Night
2017-11-16T12:06:10 [main.py:527 - <module>()] INFO: Waiting For the Dome to Open at Beginning of Night
2017-11-16T12:07:11 [main.py:527 - <module>()] INFO: Waiting For the Dome to Open at Beginning of Night
2017-11-16T12:08:11 [main.py:527 - <module>()] INFO: Waiting For the Dome to Open at Beginning of Night
2017-11-16T12:09:11 [main.py:527 - <module>()] INFO: Waiting For the Dome to Open at Beginning of Night
2017-11-16T12:10:12 [main.py:527 - <module>()] INFO: Waiting For the Dome to Open at Beginning of Night
2017-11-16T12:11:12 [main.py:527 - <module>()] INFO: Waiting For the Dome to Open at Beginning of Night
2017-11-16T12:12:12 [main.py:527 - <module>()] INFO: Waiting For the Dome to Open at Beginning of Night
2017-11-16T12:13:12 [main.py:527 - <module>()] INFO: Waiting For the Dome to Open at Beginning of Night
2017-11-16T12:14:13 [main.py:527 - <module>()] INFO: Waiting For the Dome to Open at Beginning of Night
2017-11-16T12:15:13 [main.py:527 - <module>()] INFO: Waiting For the Dome to Open at Beginning of Night
2017-11-16T12:16:13 [main.py:527 - <module>()] INFO: Waiting For the Dome to Open at Beginning of Night
2017-11-16T12:17:13 [main.py:527 - <module>()] INFO: Waiting For the Dome to Open at Beginning of Night
2017-11-16T12:18:14 [main.py:527 - <module>()] INFO: Waiting For the Dome to Open at Beginning of Night
2017-11-16T12:19:14 [main.py:527 - <module>()] INFO: Waiting For the Dome to Open at Beginning of Night
2017-11-16T12:20:14 [main.py:527 - <module>()] INFO: Waiting For the Dome to Open at Beginning of Night
2017-11-16T12:21:14 [main.py:527 - <module>()] INFO: Waiting For the Dome to Open at Beginning of Night
2017-11-16T12:22:15 [main.py:527 - <module>()] INFO: Waiting For the Dome to Open at Beginning of Night
2017-11-16T12:23:15 [main.py:527 - <module>()] INFO: Waiting For the Dome to Open at Beginning of Night
2017-11-16T12:24:15 [main.py:527 - <module>()] INFO: Waiting For the Dome to Open at Beginning of Night
2017-11-16T12:25:15 [main.py:527 - <module>()] INFO: Waiting For the Dome to Open at Beginning of Night
2017-11-16T12:26:16 [main.py:527 - <module>()] INFO: Waiting For the Dome to Open at Beginning of Night
2017-11-16T12:27:16 [main.py:527 - <module>()] INFO: Waiting For the Dome to Open at Beginning of Night
2017-11-16T12:28:16 [main.py:527 - <module>()] INFO: Waiting For the Dome to Open at Beginning of Night
2017-11-16T12:29:16 [main.py:527 - <module>()] INFO: Waiting For the Dome to Open at Beginning of Night
2017-11-16T12:30:17 [main.py:527 - <module>()] INFO: Waiting For the Dome to Open at Beginning of Night
2017-11-16T12:31:17 [main.py:527 - <module>()] INFO: Waiting For the Dome to Open at Beginning of Night
2017-11-16T12:32:17 [main.py:527 - <module>()] INFO: Waiting For the Dome to Open at Beginning of Night
2017-11-16T12:33:17 [main.py:527 - <module>()] INFO: Waiting For the Dome to Open at Beginning of Night
2017-11-16T12:34:18 [main.py:527 - <module>()] INFO: Waiting For the Dome to Open at Beginning of Night
2017-11-16T12:35:18 [main.py:527 - <module>()] INFO: Waiting For the Dome to Open at Beginning of Night
2017-11-16T12:36:18 [main.py:527 - <module>()] INFO: Waiting For the Dome to Open at Beginning of Night
2017-11-16T12:37:18 [main.py:527 - <module>()] INFO: Waiting For the Dome to Open at Beginning of Night
2017-11-16T12:38:19 [main.py:527 - <module>()] INFO: Waiting For the Dome to Open at Beginning of Night
2017-11-16T12:39:19 [main.py:527 - <module>()] INFO: Waiting For the Dome to Open at Beginning of Night
2017-11-16T12:40:19 [main.py:527 - <module>()] INFO: Waiting For the Dome to Open at Beginning of Night
2017-11-16T12:41:19 [main.py:527 - <module>()] INFO: Waiting For the Dome to Open at Beginning of Night
2017-11-16T12:42:20 [main.py:527 - <module>()] INFO: Waiting For the Dome to Open at Beginning of Night
2017-11-16T12:43:20 [main.py:527 - <module>()] INFO: Waiting For the Dome to Open at Beginning of Night
2017-11-16T12:44:20 [main.py:527 - <module>()] INFO: Waiting For the Dome to Open at Beginning of Night
2017-11-16T12:45:20 [main.py:527 - <module>()] INFO: Waiting For the Dome to Open at Beginning of Night
2017-11-16T12:46:21 [main.py:527 - <module>()] INFO: Waiting For the Dome to Open at Beginning of Night
2017-11-16T12:47:21 [main.py:527 - <module>()] INFO: Waiting For the Dome to Open at Beginning of Night
2017-11-16T12:48:21 [main.py:527 - <module>()] INFO: Waiting For the Dome to Open at Beginning of Night
