2017-11-17T00:47:43 [main.py:499 - <module>()] INFO: Taking 30 Biases
2017-11-17T00:47:43 [main.py:163 - doDark()] INFO: Taking BIAS 1 of 30 (exptime = 0)
2017-11-17T00:47:43 [main.py:227 - takeImage()] INFO: Taking 0 second image
2017-11-17T00:47:45 [main.py:248 - takeImage()] INFO: Saving image: C:/camal/data/n20171117//0001BIAS.0.fits
2017-11-17T00:47:45 [main.py:163 - doDark()] INFO: Taking BIAS 2 of 30 (exptime = 0)
2017-11-17T00:47:45 [main.py:227 - takeImage()] INFO: Taking 0 second image
2017-11-17T00:47:47 [main.py:248 - takeImage()] INFO: Saving image: C:/camal/data/n20171117//0002BIAS.0.fits
2017-11-17T00:47:47 [main.py:163 - doDark()] INFO: Taking BIAS 3 of 30 (exptime = 0)
2017-11-17T00:47:47 [main.py:227 - takeImage()] INFO: Taking 0 second image
2017-11-17T00:47:48 [main.py:248 - takeImage()] INFO: Saving image: C:/camal/data/n20171117//0003BIAS.0.fits
2017-11-17T00:47:48 [main.py:163 - doDark()] INFO: Taking BIAS 4 of 30 (exptime = 0)
2017-11-17T00:47:48 [main.py:227 - takeImage()] INFO: Taking 0 second image
2017-11-17T00:47:50 [main.py:248 - takeImage()] INFO: Saving image: C:/camal/data/n20171117//0004BIAS.0.fits
2017-11-17T00:47:50 [main.py:163 - doDark()] INFO: Taking BIAS 5 of 30 (exptime = 0)
2017-11-17T00:47:50 [main.py:227 - takeImage()] INFO: Taking 0 second image
2017-11-17T00:47:51 [main.py:248 - takeImage()] INFO: Saving image: C:/camal/data/n20171117//0005BIAS.0.fits
2017-11-17T00:47:51 [main.py:163 - doDark()] INFO: Taking BIAS 6 of 30 (exptime = 0)
2017-11-17T00:47:51 [main.py:227 - takeImage()] INFO: Taking 0 second image
2017-11-17T00:47:52 [main.py:248 - takeImage()] INFO: Saving image: C:/camal/data/n20171117//0006BIAS.0.fits
2017-11-17T00:47:52 [main.py:163 - doDark()] INFO: Taking BIAS 7 of 30 (exptime = 0)
2017-11-17T00:47:52 [main.py:227 - takeImage()] INFO: Taking 0 second image
2017-11-17T00:47:54 [main.py:248 - takeImage()] INFO: Saving image: C:/camal/data/n20171117//0007BIAS.0.fits
2017-11-17T00:47:54 [main.py:163 - doDark()] INFO: Taking BIAS 8 of 30 (exptime = 0)
2017-11-17T00:47:54 [main.py:227 - takeImage()] INFO: Taking 0 second image
2017-11-17T00:47:55 [main.py:248 - takeImage()] INFO: Saving image: C:/camal/data/n20171117//0008BIAS.0.fits
2017-11-17T00:47:55 [main.py:163 - doDark()] INFO: Taking BIAS 9 of 30 (exptime = 0)
2017-11-17T00:47:55 [main.py:227 - takeImage()] INFO: Taking 0 second image
2017-11-17T00:47:56 [main.py:248 - takeImage()] INFO: Saving image: C:/camal/data/n20171117//0009BIAS.0.fits
2017-11-17T00:47:57 [main.py:163 - doDark()] INFO: Taking BIAS 10 of 30 (exptime = 0)
2017-11-17T00:47:57 [main.py:227 - takeImage()] INFO: Taking 0 second image
2017-11-17T00:47:58 [main.py:248 - takeImage()] INFO: Saving image: C:/camal/data/n20171117//0010BIAS.0.fits
2017-11-17T00:47:58 [main.py:163 - doDark()] INFO: Taking BIAS 11 of 30 (exptime = 0)
2017-11-17T00:47:58 [main.py:227 - takeImage()] INFO: Taking 0 second image
2017-11-17T00:47:59 [main.py:248 - takeImage()] INFO: Saving image: C:/camal/data/n20171117//0011BIAS.0.fits
2017-11-17T00:47:59 [main.py:163 - doDark()] INFO: Taking BIAS 12 of 30 (exptime = 0)
2017-11-17T00:47:59 [main.py:227 - takeImage()] INFO: Taking 0 second image
2017-11-17T00:48:02 [main.py:248 - takeImage()] INFO: Saving image: C:/camal/data/n20171117//0012BIAS.0.fits
2017-11-17T00:48:02 [main.py:163 - doDark()] INFO: Taking BIAS 13 of 30 (exptime = 0)
2017-11-17T00:48:02 [main.py:227 - takeImage()] INFO: Taking 0 second image
2017-11-17T00:48:03 [main.py:248 - takeImage()] INFO: Saving image: C:/camal/data/n20171117//0013BIAS.0.fits
2017-11-17T00:48:03 [main.py:163 - doDark()] INFO: Taking BIAS 14 of 30 (exptime = 0)
2017-11-17T00:48:03 [main.py:227 - takeImage()] INFO: Taking 0 second image
2017-11-17T00:48:05 [main.py:248 - takeImage()] INFO: Saving image: C:/camal/data/n20171117//0014BIAS.0.fits
2017-11-17T00:48:05 [main.py:163 - doDark()] INFO: Taking BIAS 15 of 30 (exptime = 0)
2017-11-17T00:48:05 [main.py:227 - takeImage()] INFO: Taking 0 second image
2017-11-17T00:48:06 [main.py:248 - takeImage()] INFO: Saving image: C:/camal/data/n20171117//0015BIAS.0.fits
2017-11-17T00:48:06 [main.py:163 - doDark()] INFO: Taking BIAS 16 of 30 (exptime = 0)
2017-11-17T00:48:06 [main.py:227 - takeImage()] INFO: Taking 0 second image
2017-11-17T00:48:07 [main.py:248 - takeImage()] INFO: Saving image: C:/camal/data/n20171117//0016BIAS.0.fits
2017-11-17T00:48:07 [main.py:163 - doDark()] INFO: Taking BIAS 17 of 30 (exptime = 0)
2017-11-17T00:48:07 [main.py:227 - takeImage()] INFO: Taking 0 second image
2017-11-17T00:48:09 [main.py:248 - takeImage()] INFO: Saving image: C:/camal/data/n20171117//0017BIAS.0.fits
2017-11-17T00:48:09 [main.py:163 - doDark()] INFO: Taking BIAS 18 of 30 (exptime = 0)
2017-11-17T00:48:09 [main.py:227 - takeImage()] INFO: Taking 0 second image
2017-11-17T00:48:10 [main.py:248 - takeImage()] INFO: Saving image: C:/camal/data/n20171117//0018BIAS.0.fits
2017-11-17T00:48:10 [main.py:163 - doDark()] INFO: Taking BIAS 19 of 30 (exptime = 0)
2017-11-17T00:48:10 [main.py:227 - takeImage()] INFO: Taking 0 second image
2017-11-17T00:48:12 [main.py:248 - takeImage()] INFO: Saving image: C:/camal/data/n20171117//0019BIAS.0.fits
2017-11-17T00:48:12 [main.py:163 - doDark()] INFO: Taking BIAS 20 of 30 (exptime = 0)
2017-11-17T00:48:12 [main.py:227 - takeImage()] INFO: Taking 0 second image
2017-11-17T00:48:13 [main.py:248 - takeImage()] INFO: Saving image: C:/camal/data/n20171117//0020BIAS.0.fits
2017-11-17T00:48:13 [main.py:163 - doDark()] INFO: Taking BIAS 21 of 30 (exptime = 0)
2017-11-17T00:48:13 [main.py:227 - takeImage()] INFO: Taking 0 second image
2017-11-17T00:48:15 [main.py:248 - takeImage()] INFO: Saving image: C:/camal/data/n20171117//0021BIAS.0.fits
2017-11-17T00:48:15 [main.py:163 - doDark()] INFO: Taking BIAS 22 of 30 (exptime = 0)
2017-11-17T00:48:15 [main.py:227 - takeImage()] INFO: Taking 0 second image
2017-11-17T00:48:16 [main.py:248 - takeImage()] INFO: Saving image: C:/camal/data/n20171117//0022BIAS.0.fits
2017-11-17T00:48:16 [main.py:163 - doDark()] INFO: Taking BIAS 23 of 30 (exptime = 0)
2017-11-17T00:48:16 [main.py:227 - takeImage()] INFO: Taking 0 second image
2017-11-17T00:48:17 [main.py:248 - takeImage()] INFO: Saving image: C:/camal/data/n20171117//0023BIAS.0.fits
2017-11-17T00:48:17 [main.py:163 - doDark()] INFO: Taking BIAS 24 of 30 (exptime = 0)
2017-11-17T00:48:17 [main.py:227 - takeImage()] INFO: Taking 0 second image
2017-11-17T00:48:19 [main.py:248 - takeImage()] INFO: Saving image: C:/camal/data/n20171117//0024BIAS.0.fits
2017-11-17T00:48:19 [main.py:163 - doDark()] INFO: Taking BIAS 25 of 30 (exptime = 0)
2017-11-17T00:48:19 [main.py:227 - takeImage()] INFO: Taking 0 second image
2017-11-17T00:48:20 [main.py:248 - takeImage()] INFO: Saving image: C:/camal/data/n20171117//0025BIAS.0.fits
2017-11-17T00:48:20 [main.py:163 - doDark()] INFO: Taking BIAS 26 of 30 (exptime = 0)
2017-11-17T00:48:20 [main.py:227 - takeImage()] INFO: Taking 0 second image
2017-11-17T00:48:22 [main.py:248 - takeImage()] INFO: Saving image: C:/camal/data/n20171117//0026BIAS.0.fits
2017-11-17T00:48:22 [main.py:163 - doDark()] INFO: Taking BIAS 27 of 30 (exptime = 0)
2017-11-17T00:48:22 [main.py:227 - takeImage()] INFO: Taking 0 second image
2017-11-17T00:48:23 [main.py:248 - takeImage()] INFO: Saving image: C:/camal/data/n20171117//0027BIAS.0.fits
2017-11-17T00:48:23 [main.py:163 - doDark()] INFO: Taking BIAS 28 of 30 (exptime = 0)
2017-11-17T00:48:23 [main.py:227 - takeImage()] INFO: Taking 0 second image
2017-11-17T00:48:24 [main.py:248 - takeImage()] INFO: Saving image: C:/camal/data/n20171117//0028BIAS.0.fits
2017-11-17T00:48:24 [main.py:163 - doDark()] INFO: Taking BIAS 29 of 30 (exptime = 0)
2017-11-17T00:48:24 [main.py:227 - takeImage()] INFO: Taking 0 second image
2017-11-17T00:48:26 [main.py:248 - takeImage()] INFO: Saving image: C:/camal/data/n20171117//0029BIAS.0.fits
2017-11-17T00:48:26 [main.py:163 - doDark()] INFO: Taking BIAS 30 of 30 (exptime = 0)
2017-11-17T00:48:26 [main.py:227 - takeImage()] INFO: Taking 0 second image
2017-11-17T00:48:27 [main.py:248 - takeImage()] INFO: Saving image: C:/camal/data/n20171117//0030BIAS.0.fits
2017-11-17T00:48:27 [main.py:505 - <module>()] INFO: Waiting for nautical twilight to end (1831.554014seconds)
2017-11-17T01:18:59 [main.py:510 - <module>()] INFO: Making Schedule and initializing telescope
2017-11-17T05:40:21 [main.py:499 - <module>()] INFO: Taking 30 Biases
2017-11-17T05:40:21 [main.py:163 - doDark()] INFO: Taking BIAS 1 of 30 (exptime = 0)
2017-11-17T05:40:21 [main.py:227 - takeImage()] INFO: Taking 0 second image
2017-11-17T05:40:22 [main.py:248 - takeImage()] INFO: Saving image: C:/camal/data/n20171117//0031BIAS.0.fits
2017-11-17T05:40:23 [main.py:163 - doDark()] INFO: Taking BIAS 2 of 30 (exptime = 0)
2017-11-17T05:40:23 [main.py:227 - takeImage()] INFO: Taking 0 second image
2017-11-17T05:40:24 [main.py:248 - takeImage()] INFO: Saving image: C:/camal/data/n20171117//0032BIAS.0.fits
2017-11-17T05:40:24 [main.py:163 - doDark()] INFO: Taking BIAS 3 of 30 (exptime = 0)
2017-11-17T05:40:24 [main.py:227 - takeImage()] INFO: Taking 0 second image
2017-11-17T05:40:25 [main.py:248 - takeImage()] INFO: Saving image: C:/camal/data/n20171117//0033BIAS.0.fits
2017-11-17T05:40:25 [main.py:163 - doDark()] INFO: Taking BIAS 4 of 30 (exptime = 0)
2017-11-17T05:40:25 [main.py:227 - takeImage()] INFO: Taking 0 second image
2017-11-17T05:40:26 [main.py:248 - takeImage()] INFO: Saving image: C:/camal/data/n20171117//0034BIAS.0.fits
2017-11-17T05:40:26 [main.py:163 - doDark()] INFO: Taking BIAS 5 of 30 (exptime = 0)
2017-11-17T05:40:26 [main.py:227 - takeImage()] INFO: Taking 0 second image
2017-11-17T05:40:27 [main.py:248 - takeImage()] INFO: Saving image: C:/camal/data/n20171117//0035BIAS.0.fits
2017-11-17T05:40:27 [main.py:163 - doDark()] INFO: Taking BIAS 6 of 30 (exptime = 0)
2017-11-17T05:40:27 [main.py:227 - takeImage()] INFO: Taking 0 second image
2017-11-17T05:40:28 [main.py:248 - takeImage()] INFO: Saving image: C:/camal/data/n20171117//0036BIAS.0.fits
2017-11-17T05:40:29 [main.py:163 - doDark()] INFO: Taking BIAS 7 of 30 (exptime = 0)
2017-11-17T05:40:29 [main.py:227 - takeImage()] INFO: Taking 0 second image
2017-11-17T05:40:30 [main.py:248 - takeImage()] INFO: Saving image: C:/camal/data/n20171117//0037BIAS.0.fits
2017-11-17T05:40:30 [main.py:163 - doDark()] INFO: Taking BIAS 8 of 30 (exptime = 0)
2017-11-17T05:40:30 [main.py:227 - takeImage()] INFO: Taking 0 second image
2017-11-17T05:40:31 [main.py:248 - takeImage()] INFO: Saving image: C:/camal/data/n20171117//0038BIAS.0.fits
2017-11-17T05:40:31 [main.py:163 - doDark()] INFO: Taking BIAS 9 of 30 (exptime = 0)
2017-11-17T05:40:31 [main.py:227 - takeImage()] INFO: Taking 0 second image
2017-11-17T05:40:32 [main.py:248 - takeImage()] INFO: Saving image: C:/camal/data/n20171117//0039BIAS.0.fits
2017-11-17T05:40:32 [main.py:163 - doDark()] INFO: Taking BIAS 10 of 30 (exptime = 0)
2017-11-17T05:40:32 [main.py:227 - takeImage()] INFO: Taking 0 second image
2017-11-17T05:40:33 [main.py:248 - takeImage()] INFO: Saving image: C:/camal/data/n20171117//0040BIAS.0.fits
2017-11-17T05:40:33 [main.py:163 - doDark()] INFO: Taking BIAS 11 of 30 (exptime = 0)
2017-11-17T05:40:33 [main.py:227 - takeImage()] INFO: Taking 0 second image
2017-11-17T05:40:35 [main.py:248 - takeImage()] INFO: Saving image: C:/camal/data/n20171117//0041BIAS.0.fits
2017-11-17T05:40:35 [main.py:163 - doDark()] INFO: Taking BIAS 12 of 30 (exptime = 0)
2017-11-17T05:40:35 [main.py:227 - takeImage()] INFO: Taking 0 second image
2017-11-17T05:40:36 [main.py:248 - takeImage()] INFO: Saving image: C:/camal/data/n20171117//0042BIAS.0.fits
2017-11-17T05:40:36 [main.py:163 - doDark()] INFO: Taking BIAS 13 of 30 (exptime = 0)
2017-11-17T05:40:36 [main.py:227 - takeImage()] INFO: Taking 0 second image
2017-11-17T05:40:37 [main.py:248 - takeImage()] INFO: Saving image: C:/camal/data/n20171117//0043BIAS.0.fits
2017-11-17T05:40:37 [main.py:163 - doDark()] INFO: Taking BIAS 14 of 30 (exptime = 0)
2017-11-17T05:40:37 [main.py:227 - takeImage()] INFO: Taking 0 second image
2017-11-17T05:40:38 [main.py:248 - takeImage()] INFO: Saving image: C:/camal/data/n20171117//0044BIAS.0.fits
2017-11-17T05:40:38 [main.py:163 - doDark()] INFO: Taking BIAS 15 of 30 (exptime = 0)
2017-11-17T05:40:38 [main.py:227 - takeImage()] INFO: Taking 0 second image
2017-11-17T05:40:39 [main.py:248 - takeImage()] INFO: Saving image: C:/camal/data/n20171117//0045BIAS.0.fits
2017-11-17T05:40:40 [main.py:163 - doDark()] INFO: Taking BIAS 16 of 30 (exptime = 0)
2017-11-17T05:40:40 [main.py:227 - takeImage()] INFO: Taking 0 second image
2017-11-17T05:40:41 [main.py:248 - takeImage()] INFO: Saving image: C:/camal/data/n20171117//0046BIAS.0.fits
2017-11-17T05:40:41 [main.py:163 - doDark()] INFO: Taking BIAS 17 of 30 (exptime = 0)
2017-11-17T05:40:41 [main.py:227 - takeImage()] INFO: Taking 0 second image
2017-11-17T05:40:42 [main.py:248 - takeImage()] INFO: Saving image: C:/camal/data/n20171117//0047BIAS.0.fits
2017-11-17T05:40:42 [main.py:163 - doDark()] INFO: Taking BIAS 18 of 30 (exptime = 0)
2017-11-17T05:40:42 [main.py:227 - takeImage()] INFO: Taking 0 second image
2017-11-17T05:40:43 [main.py:248 - takeImage()] INFO: Saving image: C:/camal/data/n20171117//0048BIAS.0.fits
2017-11-17T05:40:43 [main.py:163 - doDark()] INFO: Taking BIAS 19 of 30 (exptime = 0)
2017-11-17T05:40:43 [main.py:227 - takeImage()] INFO: Taking 0 second image
2017-11-17T05:40:44 [main.py:248 - takeImage()] INFO: Saving image: C:/camal/data/n20171117//0049BIAS.0.fits
2017-11-17T05:40:44 [main.py:163 - doDark()] INFO: Taking BIAS 20 of 30 (exptime = 0)
2017-11-17T05:40:44 [main.py:227 - takeImage()] INFO: Taking 0 second image
2017-11-17T05:40:46 [main.py:248 - takeImage()] INFO: Saving image: C:/camal/data/n20171117//0050BIAS.0.fits
2017-11-17T05:40:46 [main.py:163 - doDark()] INFO: Taking BIAS 21 of 30 (exptime = 0)
2017-11-17T05:40:46 [main.py:227 - takeImage()] INFO: Taking 0 second image
2017-11-17T05:40:47 [main.py:248 - takeImage()] INFO: Saving image: C:/camal/data/n20171117//0051BIAS.0.fits
2017-11-17T05:40:47 [main.py:163 - doDark()] INFO: Taking BIAS 22 of 30 (exptime = 0)
2017-11-17T05:40:47 [main.py:227 - takeImage()] INFO: Taking 0 second image
2017-11-17T05:40:48 [main.py:248 - takeImage()] INFO: Saving image: C:/camal/data/n20171117//0052BIAS.0.fits
2017-11-17T05:40:48 [main.py:163 - doDark()] INFO: Taking BIAS 23 of 30 (exptime = 0)
2017-11-17T05:40:48 [main.py:227 - takeImage()] INFO: Taking 0 second image
2017-11-17T05:40:49 [main.py:248 - takeImage()] INFO: Saving image: C:/camal/data/n20171117//0053BIAS.0.fits
2017-11-17T05:40:49 [main.py:163 - doDark()] INFO: Taking BIAS 24 of 30 (exptime = 0)
2017-11-17T05:40:49 [main.py:227 - takeImage()] INFO: Taking 0 second image
2017-11-17T05:40:50 [main.py:248 - takeImage()] INFO: Saving image: C:/camal/data/n20171117//0054BIAS.0.fits
2017-11-17T05:40:50 [main.py:163 - doDark()] INFO: Taking BIAS 25 of 30 (exptime = 0)
2017-11-17T05:40:50 [main.py:227 - takeImage()] INFO: Taking 0 second image
2017-11-17T05:40:52 [main.py:248 - takeImage()] INFO: Saving image: C:/camal/data/n20171117//0055BIAS.0.fits
2017-11-17T05:40:52 [main.py:163 - doDark()] INFO: Taking BIAS 26 of 30 (exptime = 0)
2017-11-17T05:40:52 [main.py:227 - takeImage()] INFO: Taking 0 second image
2017-11-17T05:40:53 [main.py:248 - takeImage()] INFO: Saving image: C:/camal/data/n20171117//0056BIAS.0.fits
2017-11-17T05:40:53 [main.py:163 - doDark()] INFO: Taking BIAS 27 of 30 (exptime = 0)
2017-11-17T05:40:53 [main.py:227 - takeImage()] INFO: Taking 0 second image
2017-11-17T05:40:54 [main.py:248 - takeImage()] INFO: Saving image: C:/camal/data/n20171117//0057BIAS.0.fits
2017-11-17T05:40:54 [main.py:163 - doDark()] INFO: Taking BIAS 28 of 30 (exptime = 0)
2017-11-17T05:40:54 [main.py:227 - takeImage()] INFO: Taking 0 second image
2017-11-17T05:40:55 [main.py:248 - takeImage()] INFO: Saving image: C:/camal/data/n20171117//0058BIAS.0.fits
2017-11-17T05:40:55 [main.py:163 - doDark()] INFO: Taking BIAS 29 of 30 (exptime = 0)
2017-11-17T05:40:55 [main.py:227 - takeImage()] INFO: Taking 0 second image
2017-11-17T05:40:56 [main.py:248 - takeImage()] INFO: Saving image: C:/camal/data/n20171117//0059BIAS.0.fits
2017-11-17T05:40:57 [main.py:163 - doDark()] INFO: Taking BIAS 30 of 30 (exptime = 0)
2017-11-17T05:40:57 [main.py:227 - takeImage()] INFO: Taking 0 second image
2017-11-17T05:40:58 [main.py:248 - takeImage()] INFO: Saving image: C:/camal/data/n20171117//0060BIAS.0.fits
2017-11-17T05:40:58 [main.py:510 - <module>()] INFO: Making Schedule and initializing telescope
2017-11-17T05:40:58 [main.py:517 - <module>()] INFO: Initializing Telescope
2017-11-17T05:40:58 [main.py:527 - <module>()] INFO: Waiting For the Dome to Open at Beginning of Night
2017-11-17T05:41:58 [main.py:527 - <module>()] INFO: Waiting For the Dome to Open at Beginning of Night
2017-11-17T05:42:59 [main.py:527 - <module>()] INFO: Waiting For the Dome to Open at Beginning of Night
2017-11-17T05:43:59 [main.py:527 - <module>()] INFO: Waiting For the Dome to Open at Beginning of Night
2017-11-17T05:44:59 [main.py:527 - <module>()] INFO: Waiting For the Dome to Open at Beginning of Night
2017-11-17T05:45:59 [main.py:527 - <module>()] INFO: Waiting For the Dome to Open at Beginning of Night
2017-11-17T05:47:00 [main.py:527 - <module>()] INFO: Waiting For the Dome to Open at Beginning of Night
2017-11-17T05:48:00 [main.py:527 - <module>()] INFO: Waiting For the Dome to Open at Beginning of Night
2017-11-17T05:49:00 [main.py:527 - <module>()] INFO: Waiting For the Dome to Open at Beginning of Night
2017-11-17T05:50:01 [main.py:527 - <module>()] INFO: Waiting For the Dome to Open at Beginning of Night
2017-11-17T05:51:01 [main.py:527 - <module>()] INFO: Waiting For the Dome to Open at Beginning of Night
2017-11-17T05:52:01 [main.py:527 - <module>()] INFO: Waiting For the Dome to Open at Beginning of Night
2017-11-17T05:53:01 [main.py:527 - <module>()] INFO: Waiting For the Dome to Open at Beginning of Night
2017-11-17T05:54:02 [main.py:527 - <module>()] INFO: Waiting For the Dome to Open at Beginning of Night
2017-11-17T05:55:02 [main.py:527 - <module>()] INFO: Waiting For the Dome to Open at Beginning of Night
2017-11-17T05:56:02 [main.py:527 - <module>()] INFO: Waiting For the Dome to Open at Beginning of Night
2017-11-17T05:57:02 [main.py:527 - <module>()] INFO: Waiting For the Dome to Open at Beginning of Night
2017-11-17T05:58:03 [main.py:527 - <module>()] INFO: Waiting For the Dome to Open at Beginning of Night
2017-11-17T05:59:03 [main.py:527 - <module>()] INFO: Waiting For the Dome to Open at Beginning of Night
2017-11-17T06:00:03 [main.py:527 - <module>()] INFO: Waiting For the Dome to Open at Beginning of Night
2017-11-17T06:01:03 [main.py:527 - <module>()] INFO: Waiting For the Dome to Open at Beginning of Night
2017-11-17T06:02:04 [main.py:527 - <module>()] INFO: Waiting For the Dome to Open at Beginning of Night
2017-11-17T06:03:04 [main.py:527 - <module>()] INFO: Waiting For the Dome to Open at Beginning of Night
2017-11-17T06:04:04 [main.py:527 - <module>()] INFO: Waiting For the Dome to Open at Beginning of Night
2017-11-17T06:05:04 [main.py:527 - <module>()] INFO: Waiting For the Dome to Open at Beginning of Night
2017-11-17T06:06:05 [main.py:527 - <module>()] INFO: Waiting For the Dome to Open at Beginning of Night
2017-11-17T06:07:05 [main.py:527 - <module>()] INFO: Waiting For the Dome to Open at Beginning of Night
2017-11-17T06:08:05 [main.py:527 - <module>()] INFO: Waiting For the Dome to Open at Beginning of Night
2017-11-17T06:09:05 [main.py:527 - <module>()] INFO: Waiting For the Dome to Open at Beginning of Night
2017-11-17T06:10:06 [main.py:527 - <module>()] INFO: Waiting For the Dome to Open at Beginning of Night
2017-11-17T06:11:06 [main.py:527 - <module>()] INFO: Waiting For the Dome to Open at Beginning of Night
2017-11-17T06:12:06 [main.py:527 - <module>()] INFO: Waiting For the Dome to Open at Beginning of Night
2017-11-17T06:13:06 [main.py:527 - <module>()] INFO: Waiting For the Dome to Open at Beginning of Night
2017-11-17T06:14:07 [main.py:527 - <module>()] INFO: Waiting For the Dome to Open at Beginning of Night
2017-11-17T06:15:07 [main.py:527 - <module>()] INFO: Waiting For the Dome to Open at Beginning of Night
2017-11-17T06:16:07 [main.py:527 - <module>()] INFO: Waiting For the Dome to Open at Beginning of Night
2017-11-17T06:17:07 [main.py:527 - <module>()] INFO: Waiting For the Dome to Open at Beginning of Night
2017-11-17T06:18:08 [main.py:527 - <module>()] INFO: Waiting For the Dome to Open at Beginning of Night
2017-11-17T06:19:08 [main.py:527 - <module>()] INFO: Waiting For the Dome to Open at Beginning of Night
2017-11-17T06:20:08 [main.py:527 - <module>()] INFO: Waiting For the Dome to Open at Beginning of Night
2017-11-17T06:21:08 [main.py:527 - <module>()] INFO: Waiting For the Dome to Open at Beginning of Night
2017-11-17T06:22:09 [main.py:527 - <module>()] INFO: Waiting For the Dome to Open at Beginning of Night
2017-11-17T06:23:09 [main.py:527 - <module>()] INFO: Waiting For the Dome to Open at Beginning of Night
2017-11-17T06:24:09 [main.py:527 - <module>()] INFO: Waiting For the Dome to Open at Beginning of Night
2017-11-17T06:25:09 [main.py:527 - <module>()] INFO: Waiting For the Dome to Open at Beginning of Night
2017-11-17T06:26:10 [main.py:527 - <module>()] INFO: Waiting For the Dome to Open at Beginning of Night
2017-11-17T06:27:10 [main.py:527 - <module>()] INFO: Waiting For the Dome to Open at Beginning of Night
2017-11-17T06:28:10 [main.py:527 - <module>()] INFO: Waiting For the Dome to Open at Beginning of Night
2017-11-17T06:29:10 [main.py:527 - <module>()] INFO: Waiting For the Dome to Open at Beginning of Night
2017-11-17T06:30:11 [main.py:527 - <module>()] INFO: Waiting For the Dome to Open at Beginning of Night
2017-11-17T06:31:11 [main.py:527 - <module>()] INFO: Waiting For the Dome to Open at Beginning of Night
2017-11-17T06:32:11 [main.py:527 - <module>()] INFO: Waiting For the Dome to Open at Beginning of Night
2017-11-17T06:33:11 [main.py:527 - <module>()] INFO: Waiting For the Dome to Open at Beginning of Night
2017-11-17T06:34:12 [main.py:527 - <module>()] INFO: Waiting For the Dome to Open at Beginning of Night
2017-11-17T06:35:12 [main.py:527 - <module>()] INFO: Waiting For the Dome to Open at Beginning of Night
2017-11-17T06:36:12 [main.py:527 - <module>()] INFO: Waiting For the Dome to Open at Beginning of Night
2017-11-17T06:37:12 [main.py:527 - <module>()] INFO: Waiting For the Dome to Open at Beginning of Night
2017-11-17T06:38:13 [main.py:527 - <module>()] INFO: Waiting For the Dome to Open at Beginning of Night
2017-11-17T06:39:13 [main.py:527 - <module>()] INFO: Waiting For the Dome to Open at Beginning of Night
2017-11-17T06:40:13 [main.py:527 - <module>()] INFO: Waiting For the Dome to Open at Beginning of Night
2017-11-17T06:41:13 [main.py:527 - <module>()] INFO: Waiting For the Dome to Open at Beginning of Night
2017-11-17T06:42:14 [main.py:527 - <module>()] INFO: Waiting For the Dome to Open at Beginning of Night
2017-11-17T06:43:14 [main.py:527 - <module>()] INFO: Waiting For the Dome to Open at Beginning of Night
2017-11-17T06:44:14 [main.py:527 - <module>()] INFO: Waiting For the Dome to Open at Beginning of Night
2017-11-17T06:45:14 [main.py:527 - <module>()] INFO: Waiting For the Dome to Open at Beginning of Night
2017-11-17T06:46:14 [main.py:527 - <module>()] INFO: Waiting For the Dome to Open at Beginning of Night
2017-11-17T06:47:15 [main.py:527 - <module>()] INFO: Waiting For the Dome to Open at Beginning of Night
2017-11-17T06:48:15 [main.py:527 - <module>()] INFO: Waiting For the Dome to Open at Beginning of Night
2017-11-17T06:49:15 [main.py:527 - <module>()] INFO: Waiting For the Dome to Open at Beginning of Night
2017-11-17T06:50:16 [main.py:527 - <module>()] INFO: Waiting For the Dome to Open at Beginning of Night
2017-11-17T06:51:16 [main.py:527 - <module>()] INFO: Waiting For the Dome to Open at Beginning of Night
2017-11-17T06:52:16 [main.py:527 - <module>()] INFO: Waiting For the Dome to Open at Beginning of Night
2017-11-17T06:53:16 [main.py:527 - <module>()] INFO: Waiting For the Dome to Open at Beginning of Night
2017-11-17T06:54:17 [main.py:527 - <module>()] INFO: Waiting For the Dome to Open at Beginning of Night
2017-11-17T06:55:17 [main.py:527 - <module>()] INFO: Waiting For the Dome to Open at Beginning of Night
2017-11-17T06:56:17 [main.py:527 - <module>()] INFO: Waiting For the Dome to Open at Beginning of Night
2017-11-17T06:57:17 [main.py:527 - <module>()] INFO: Waiting For the Dome to Open at Beginning of Night
2017-11-17T06:58:17 [main.py:527 - <module>()] INFO: Waiting For the Dome to Open at Beginning of Night
2017-11-17T06:59:18 [main.py:527 - <module>()] INFO: Waiting For the Dome to Open at Beginning of Night
2017-11-17T07:00:18 [main.py:527 - <module>()] INFO: Waiting For the Dome to Open at Beginning of Night
2017-11-17T07:01:18 [main.py:527 - <module>()] INFO: Waiting For the Dome to Open at Beginning of Night
2017-11-17T07:02:18 [main.py:527 - <module>()] INFO: Waiting For the Dome to Open at Beginning of Night
2017-11-17T07:03:19 [main.py:527 - <module>()] INFO: Waiting For the Dome to Open at Beginning of Night
2017-11-17T07:04:19 [main.py:527 - <module>()] INFO: Waiting For the Dome to Open at Beginning of Night
2017-11-17T07:05:19 [main.py:527 - <module>()] INFO: Waiting For the Dome to Open at Beginning of Night
2017-11-17T07:06:20 [main.py:527 - <module>()] INFO: Waiting For the Dome to Open at Beginning of Night
2017-11-17T07:07:20 [main.py:527 - <module>()] INFO: Waiting For the Dome to Open at Beginning of Night
2017-11-17T07:08:20 [main.py:527 - <module>()] INFO: Waiting For the Dome to Open at Beginning of Night
2017-11-17T07:09:20 [main.py:527 - <module>()] INFO: Waiting For the Dome to Open at Beginning of Night
2017-11-17T07:10:21 [main.py:527 - <module>()] INFO: Waiting For the Dome to Open at Beginning of Night
2017-11-17T07:11:21 [main.py:527 - <module>()] INFO: Waiting For the Dome to Open at Beginning of Night
2017-11-17T07:12:21 [main.py:527 - <module>()] INFO: Waiting For the Dome to Open at Beginning of Night
2017-11-17T07:13:21 [main.py:527 - <module>()] INFO: Waiting For the Dome to Open at Beginning of Night
2017-11-17T07:14:22 [main.py:527 - <module>()] INFO: Waiting For the Dome to Open at Beginning of Night
2017-11-17T07:15:22 [main.py:527 - <module>()] INFO: Waiting For the Dome to Open at Beginning of Night
2017-11-17T07:16:22 [main.py:527 - <module>()] INFO: Waiting For the Dome to Open at Beginning of Night
2017-11-17T07:17:22 [main.py:527 - <module>()] INFO: Waiting For the Dome to Open at Beginning of Night
2017-11-17T07:18:23 [main.py:527 - <module>()] INFO: Waiting For the Dome to Open at Beginning of Night
2017-11-17T07:19:23 [main.py:527 - <module>()] INFO: Waiting For the Dome to Open at Beginning of Night
2017-11-17T07:20:23 [main.py:527 - <module>()] INFO: Waiting For the Dome to Open at Beginning of Night
2017-11-17T07:21:23 [main.py:527 - <module>()] INFO: Waiting For the Dome to Open at Beginning of Night
2017-11-17T07:22:24 [main.py:527 - <module>()] INFO: Waiting For the Dome to Open at Beginning of Night
2017-11-17T07:23:24 [main.py:527 - <module>()] INFO: Waiting For the Dome to Open at Beginning of Night
2017-11-17T07:24:24 [main.py:527 - <module>()] INFO: Waiting For the Dome to Open at Beginning of Night
2017-11-17T07:25:24 [main.py:527 - <module>()] INFO: Waiting For the Dome to Open at Beginning of Night
2017-11-17T07:26:25 [main.py:527 - <module>()] INFO: Waiting For the Dome to Open at Beginning of Night
2017-11-17T07:27:25 [main.py:527 - <module>()] INFO: Waiting For the Dome to Open at Beginning of Night
2017-11-17T07:28:25 [main.py:527 - <module>()] INFO: Waiting For the Dome to Open at Beginning of Night
2017-11-17T07:29:25 [main.py:527 - <module>()] INFO: Waiting For the Dome to Open at Beginning of Night
2017-11-17T07:30:26 [main.py:527 - <module>()] INFO: Waiting For the Dome to Open at Beginning of Night
2017-11-17T07:31:26 [main.py:527 - <module>()] INFO: Waiting For the Dome to Open at Beginning of Night
2017-11-17T07:32:26 [main.py:527 - <module>()] INFO: Waiting For the Dome to Open at Beginning of Night
2017-11-17T07:33:26 [main.py:527 - <module>()] INFO: Waiting For the Dome to Open at Beginning of Night
2017-11-17T07:34:27 [main.py:527 - <module>()] INFO: Waiting For the Dome to Open at Beginning of Night
2017-11-17T07:35:27 [main.py:527 - <module>()] INFO: Waiting For the Dome to Open at Beginning of Night
2017-11-17T07:36:27 [main.py:527 - <module>()] INFO: Waiting For the Dome to Open at Beginning of Night
2017-11-17T07:37:27 [main.py:527 - <module>()] INFO: Waiting For the Dome to Open at Beginning of Night
2017-11-17T07:38:28 [main.py:527 - <module>()] INFO: Waiting For the Dome to Open at Beginning of Night
2017-11-17T07:39:28 [main.py:527 - <module>()] INFO: Waiting For the Dome to Open at Beginning of Night
2017-11-17T07:40:28 [main.py:527 - <module>()] INFO: Waiting For the Dome to Open at Beginning of Night
2017-11-17T07:41:28 [main.py:527 - <module>()] INFO: Waiting For the Dome to Open at Beginning of Night
2017-11-17T07:42:28 [main.py:527 - <module>()] INFO: Waiting For the Dome to Open at Beginning of Night
2017-11-17T07:43:29 [main.py:527 - <module>()] INFO: Waiting For the Dome to Open at Beginning of Night
2017-11-17T07:44:29 [main.py:527 - <module>()] INFO: Waiting For the Dome to Open at Beginning of Night
2017-11-17T07:45:29 [main.py:527 - <module>()] INFO: Waiting For the Dome to Open at Beginning of Night
2017-11-17T07:46:30 [main.py:527 - <module>()] INFO: Waiting For the Dome to Open at Beginning of Night
2017-11-17T07:47:30 [main.py:527 - <module>()] INFO: Waiting For the Dome to Open at Beginning of Night
2017-11-17T07:48:30 [main.py:527 - <module>()] INFO: Waiting For the Dome to Open at Beginning of Night
2017-11-17T07:49:30 [main.py:527 - <module>()] INFO: Waiting For the Dome to Open at Beginning of Night
2017-11-17T07:50:31 [main.py:527 - <module>()] INFO: Waiting For the Dome to Open at Beginning of Night
2017-11-17T07:51:31 [main.py:527 - <module>()] INFO: Waiting For the Dome to Open at Beginning of Night
2017-11-17T07:52:31 [main.py:527 - <module>()] INFO: Waiting For the Dome to Open at Beginning of Night
2017-11-17T07:53:31 [main.py:527 - <module>()] INFO: Waiting For the Dome to Open at Beginning of Night
2017-11-17T07:54:32 [main.py:527 - <module>()] INFO: Waiting For the Dome to Open at Beginning of Night
2017-11-17T07:55:32 [main.py:527 - <module>()] INFO: Waiting For the Dome to Open at Beginning of Night
2017-11-17T07:56:32 [main.py:527 - <module>()] INFO: Waiting For the Dome to Open at Beginning of Night
2017-11-17T07:57:32 [main.py:527 - <module>()] INFO: Waiting For the Dome to Open at Beginning of Night
2017-11-17T07:58:33 [main.py:527 - <module>()] INFO: Waiting For the Dome to Open at Beginning of Night
2017-11-17T07:59:33 [main.py:527 - <module>()] INFO: Waiting For the Dome to Open at Beginning of Night
2017-11-17T08:00:33 [main.py:527 - <module>()] INFO: Waiting For the Dome to Open at Beginning of Night
2017-11-17T08:01:33 [main.py:527 - <module>()] INFO: Waiting For the Dome to Open at Beginning of Night
2017-11-17T08:02:34 [main.py:527 - <module>()] INFO: Waiting For the Dome to Open at Beginning of Night
2017-11-17T08:03:34 [main.py:527 - <module>()] INFO: Waiting For the Dome to Open at Beginning of Night
2017-11-17T08:04:34 [main.py:527 - <module>()] INFO: Waiting For the Dome to Open at Beginning of Night
2017-11-17T08:05:34 [main.py:527 - <module>()] INFO: Waiting For the Dome to Open at Beginning of Night
2017-11-17T08:06:35 [main.py:527 - <module>()] INFO: Waiting For the Dome to Open at Beginning of Night
2017-11-17T08:07:35 [main.py:527 - <module>()] INFO: Waiting For the Dome to Open at Beginning of Night
2017-11-17T08:08:35 [main.py:527 - <module>()] INFO: Waiting For the Dome to Open at Beginning of Night
2017-11-17T08:09:35 [main.py:527 - <module>()] INFO: Waiting For the Dome to Open at Beginning of Night
2017-11-17T08:10:36 [main.py:527 - <module>()] INFO: Waiting For the Dome to Open at Beginning of Night
2017-11-17T08:11:36 [main.py:527 - <module>()] INFO: Waiting For the Dome to Open at Beginning of Night
2017-11-17T08:12:36 [main.py:527 - <module>()] INFO: Waiting For the Dome to Open at Beginning of Night
2017-11-17T08:13:36 [main.py:527 - <module>()] INFO: Waiting For the Dome to Open at Beginning of Night
2017-11-17T08:14:37 [main.py:527 - <module>()] INFO: Waiting For the Dome to Open at Beginning of Night
2017-11-17T08:15:37 [main.py:527 - <module>()] INFO: Waiting For the Dome to Open at Beginning of Night
2017-11-17T08:16:37 [main.py:527 - <module>()] INFO: Waiting For the Dome to Open at Beginning of Night
2017-11-17T08:17:37 [main.py:527 - <module>()] INFO: Waiting For the Dome to Open at Beginning of Night
2017-11-17T08:18:38 [main.py:527 - <module>()] INFO: Waiting For the Dome to Open at Beginning of Night
2017-11-17T08:19:38 [main.py:527 - <module>()] INFO: Waiting For the Dome to Open at Beginning of Night
2017-11-17T08:20:38 [main.py:527 - <module>()] INFO: Waiting For the Dome to Open at Beginning of Night
2017-11-17T08:21:38 [main.py:527 - <module>()] INFO: Waiting For the Dome to Open at Beginning of Night
2017-11-17T08:22:39 [main.py:527 - <module>()] INFO: Waiting For the Dome to Open at Beginning of Night
2017-11-17T08:23:39 [main.py:527 - <module>()] INFO: Waiting For the Dome to Open at Beginning of Night
2017-11-17T08:24:39 [main.py:527 - <module>()] INFO: Waiting For the Dome to Open at Beginning of Night
2017-11-17T08:25:40 [main.py:527 - <module>()] INFO: Waiting For the Dome to Open at Beginning of Night
2017-11-17T08:26:40 [main.py:527 - <module>()] INFO: Waiting For the Dome to Open at Beginning of Night
2017-11-17T08:27:40 [main.py:527 - <module>()] INFO: Waiting For the Dome to Open at Beginning of Night
2017-11-17T08:28:40 [main.py:527 - <module>()] INFO: Waiting For the Dome to Open at Beginning of Night
2017-11-17T08:29:41 [main.py:527 - <module>()] INFO: Waiting For the Dome to Open at Beginning of Night
2017-11-17T08:30:41 [main.py:527 - <module>()] INFO: Waiting For the Dome to Open at Beginning of Night
2017-11-17T08:31:41 [main.py:527 - <module>()] INFO: Waiting For the Dome to Open at Beginning of Night
2017-11-17T08:32:41 [main.py:527 - <module>()] INFO: Waiting For the Dome to Open at Beginning of Night
2017-11-17T08:33:42 [main.py:527 - <module>()] INFO: Waiting For the Dome to Open at Beginning of Night
2017-11-17T08:34:42 [main.py:527 - <module>()] INFO: Waiting For the Dome to Open at Beginning of Night
2017-11-17T08:35:42 [main.py:527 - <module>()] INFO: Waiting For the Dome to Open at Beginning of Night
2017-11-17T08:36:42 [main.py:527 - <module>()] INFO: Waiting For the Dome to Open at Beginning of Night
2017-11-17T08:37:43 [main.py:527 - <module>()] INFO: Waiting For the Dome to Open at Beginning of Night
2017-11-17T08:38:43 [main.py:527 - <module>()] INFO: Waiting For the Dome to Open at Beginning of Night
2017-11-17T08:39:43 [main.py:527 - <module>()] INFO: Waiting For the Dome to Open at Beginning of Night
2017-11-17T08:40:43 [main.py:527 - <module>()] INFO: Waiting For the Dome to Open at Beginning of Night
2017-11-17T08:41:44 [main.py:527 - <module>()] INFO: Waiting For the Dome to Open at Beginning of Night
2017-11-17T08:42:44 [main.py:527 - <module>()] INFO: Waiting For the Dome to Open at Beginning of Night
2017-11-17T08:43:44 [main.py:527 - <module>()] INFO: Waiting For the Dome to Open at Beginning of Night
2017-11-17T08:44:44 [main.py:527 - <module>()] INFO: Waiting For the Dome to Open at Beginning of Night
2017-11-17T08:45:45 [main.py:527 - <module>()] INFO: Waiting For the Dome to Open at Beginning of Night
2017-11-17T08:46:45 [main.py:527 - <module>()] INFO: Waiting For the Dome to Open at Beginning of Night
2017-11-17T08:47:45 [main.py:527 - <module>()] INFO: Waiting For the Dome to Open at Beginning of Night
2017-11-17T08:48:45 [main.py:527 - <module>()] INFO: Waiting For the Dome to Open at Beginning of Night
2017-11-17T08:49:46 [main.py:527 - <module>()] INFO: Waiting For the Dome to Open at Beginning of Night
2017-11-17T08:50:46 [main.py:527 - <module>()] INFO: Waiting For the Dome to Open at Beginning of Night
2017-11-17T08:51:46 [main.py:527 - <module>()] INFO: Waiting For the Dome to Open at Beginning of Night
2017-11-17T08:52:46 [main.py:527 - <module>()] INFO: Waiting For the Dome to Open at Beginning of Night
2017-11-17T08:53:47 [main.py:527 - <module>()] INFO: Waiting For the Dome to Open at Beginning of Night
2017-11-17T08:54:47 [main.py:527 - <module>()] INFO: Waiting For the Dome to Open at Beginning of Night
2017-11-17T08:55:47 [main.py:527 - <module>()] INFO: Waiting For the Dome to Open at Beginning of Night
2017-11-17T08:56:47 [main.py:527 - <module>()] INFO: Waiting For the Dome to Open at Beginning of Night
2017-11-17T08:57:48 [main.py:527 - <module>()] INFO: Waiting For the Dome to Open at Beginning of Night
2017-11-17T08:58:48 [main.py:527 - <module>()] INFO: Waiting For the Dome to Open at Beginning of Night
2017-11-17T08:59:48 [main.py:527 - <module>()] INFO: Waiting For the Dome to Open at Beginning of Night
2017-11-17T09:00:48 [main.py:527 - <module>()] INFO: Waiting For the Dome to Open at Beginning of Night
2017-11-17T09:01:49 [main.py:527 - <module>()] INFO: Waiting For the Dome to Open at Beginning of Night
2017-11-17T09:02:49 [main.py:527 - <module>()] INFO: Waiting For the Dome to Open at Beginning of Night
2017-11-17T09:03:49 [main.py:527 - <module>()] INFO: Waiting For the Dome to Open at Beginning of Night
2017-11-17T09:04:49 [main.py:527 - <module>()] INFO: Waiting For the Dome to Open at Beginning of Night
2017-11-17T09:05:50 [main.py:527 - <module>()] INFO: Waiting For the Dome to Open at Beginning of Night
2017-11-17T09:06:50 [main.py:527 - <module>()] INFO: Waiting For the Dome to Open at Beginning of Night
2017-11-17T09:07:50 [main.py:527 - <module>()] INFO: Waiting For the Dome to Open at Beginning of Night
2017-11-17T09:08:50 [main.py:527 - <module>()] INFO: Waiting For the Dome to Open at Beginning of Night
2017-11-17T09:09:51 [main.py:527 - <module>()] INFO: Waiting For the Dome to Open at Beginning of Night
2017-11-17T09:10:51 [main.py:527 - <module>()] INFO: Waiting For the Dome to Open at Beginning of Night
2017-11-17T09:11:51 [main.py:527 - <module>()] INFO: Waiting For the Dome to Open at Beginning of Night
2017-11-17T09:12:51 [main.py:527 - <module>()] INFO: Waiting For the Dome to Open at Beginning of Night
2017-11-17T09:13:52 [main.py:527 - <module>()] INFO: Waiting For the Dome to Open at Beginning of Night
2017-11-17T09:14:52 [main.py:527 - <module>()] INFO: Waiting For the Dome to Open at Beginning of Night
2017-11-17T09:15:52 [main.py:527 - <module>()] INFO: Waiting For the Dome to Open at Beginning of Night
2017-11-17T09:16:52 [main.py:527 - <module>()] INFO: Waiting For the Dome to Open at Beginning of Night
2017-11-17T09:17:53 [main.py:527 - <module>()] INFO: Waiting For the Dome to Open at Beginning of Night
2017-11-17T09:18:53 [main.py:527 - <module>()] INFO: Waiting For the Dome to Open at Beginning of Night
2017-11-17T09:19:53 [main.py:527 - <module>()] INFO: Waiting For the Dome to Open at Beginning of Night
2017-11-17T09:20:53 [main.py:527 - <module>()] INFO: Waiting For the Dome to Open at Beginning of Night
2017-11-17T09:21:54 [main.py:527 - <module>()] INFO: Waiting For the Dome to Open at Beginning of Night
2017-11-17T09:22:54 [main.py:527 - <module>()] INFO: Waiting For the Dome to Open at Beginning of Night
2017-11-17T09:23:54 [main.py:527 - <module>()] INFO: Waiting For the Dome to Open at Beginning of Night
2017-11-17T09:24:54 [main.py:527 - <module>()] INFO: Waiting For the Dome to Open at Beginning of Night
2017-11-17T09:25:55 [main.py:527 - <module>()] INFO: Waiting For the Dome to Open at Beginning of Night
2017-11-17T09:26:55 [main.py:527 - <module>()] INFO: Waiting For the Dome to Open at Beginning of Night
2017-11-17T09:27:55 [main.py:527 - <module>()] INFO: Waiting For the Dome to Open at Beginning of Night
2017-11-17T09:28:55 [main.py:527 - <module>()] INFO: Waiting For the Dome to Open at Beginning of Night
2017-11-17T09:29:56 [main.py:527 - <module>()] INFO: Waiting For the Dome to Open at Beginning of Night
2017-11-17T09:30:56 [main.py:527 - <module>()] INFO: Waiting For the Dome to Open at Beginning of Night
2017-11-17T09:31:56 [main.py:527 - <module>()] INFO: Waiting For the Dome to Open at Beginning of Night
2017-11-17T09:32:57 [main.py:527 - <module>()] INFO: Waiting For the Dome to Open at Beginning of Night
2017-11-17T09:33:57 [main.py:527 - <module>()] INFO: Waiting For the Dome to Open at Beginning of Night
2017-11-17T09:34:57 [main.py:527 - <module>()] INFO: Waiting For the Dome to Open at Beginning of Night
2017-11-17T09:35:57 [main.py:527 - <module>()] INFO: Waiting For the Dome to Open at Beginning of Night
2017-11-17T09:36:58 [main.py:527 - <module>()] INFO: Waiting For the Dome to Open at Beginning of Night
2017-11-17T09:37:58 [main.py:527 - <module>()] INFO: Waiting For the Dome to Open at Beginning of Night
2017-11-17T09:38:58 [main.py:527 - <module>()] INFO: Waiting For the Dome to Open at Beginning of Night
2017-11-17T09:39:58 [main.py:527 - <module>()] INFO: Waiting For the Dome to Open at Beginning of Night
2017-11-17T09:40:59 [main.py:527 - <module>()] INFO: Waiting For the Dome to Open at Beginning of Night
2017-11-17T09:41:59 [main.py:527 - <module>()] INFO: Waiting For the Dome to Open at Beginning of Night
2017-11-17T09:42:59 [main.py:527 - <module>()] INFO: Waiting For the Dome to Open at Beginning of Night
2017-11-17T09:43:59 [main.py:527 - <module>()] INFO: Waiting For the Dome to Open at Beginning of Night
2017-11-17T09:44:59 [main.py:527 - <module>()] INFO: Waiting For the Dome to Open at Beginning of Night
2017-11-17T09:46:00 [main.py:527 - <module>()] INFO: Waiting For the Dome to Open at Beginning of Night
2017-11-17T09:47:00 [main.py:527 - <module>()] INFO: Waiting For the Dome to Open at Beginning of Night
2017-11-17T09:48:00 [main.py:527 - <module>()] INFO: Waiting For the Dome to Open at Beginning of Night
2017-11-17T09:49:01 [main.py:527 - <module>()] INFO: Waiting For the Dome to Open at Beginning of Night
2017-11-17T09:50:01 [main.py:527 - <module>()] INFO: Waiting For the Dome to Open at Beginning of Night
2017-11-17T09:51:01 [main.py:527 - <module>()] INFO: Waiting For the Dome to Open at Beginning of Night
2017-11-17T09:52:01 [main.py:527 - <module>()] INFO: Waiting For the Dome to Open at Beginning of Night
2017-11-17T09:53:02 [main.py:527 - <module>()] INFO: Waiting For the Dome to Open at Beginning of Night
2017-11-17T09:54:02 [main.py:527 - <module>()] INFO: Waiting For the Dome to Open at Beginning of Night
2017-11-17T09:55:02 [main.py:527 - <module>()] INFO: Waiting For the Dome to Open at Beginning of Night
2017-11-17T09:56:02 [main.py:527 - <module>()] INFO: Waiting For the Dome to Open at Beginning of Night
2017-11-17T09:57:03 [main.py:527 - <module>()] INFO: Waiting For the Dome to Open at Beginning of Night
2017-11-17T09:58:03 [main.py:527 - <module>()] INFO: Waiting For the Dome to Open at Beginning of Night
2017-11-17T09:59:03 [main.py:527 - <module>()] INFO: Waiting For the Dome to Open at Beginning of Night
2017-11-17T10:00:03 [main.py:527 - <module>()] INFO: Waiting For the Dome to Open at Beginning of Night
2017-11-17T10:01:04 [main.py:527 - <module>()] INFO: Waiting For the Dome to Open at Beginning of Night
2017-11-17T10:02:04 [main.py:527 - <module>()] INFO: Waiting For the Dome to Open at Beginning of Night
2017-11-17T10:03:04 [main.py:527 - <module>()] INFO: Waiting For the Dome to Open at Beginning of Night
2017-11-17T10:04:05 [main.py:527 - <module>()] INFO: Waiting For the Dome to Open at Beginning of Night
2017-11-17T10:05:05 [main.py:527 - <module>()] INFO: Waiting For the Dome to Open at Beginning of Night
2017-11-17T10:06:05 [main.py:527 - <module>()] INFO: Waiting For the Dome to Open at Beginning of Night
2017-11-17T10:07:05 [main.py:527 - <module>()] INFO: Waiting For the Dome to Open at Beginning of Night
2017-11-17T10:08:06 [main.py:527 - <module>()] INFO: Waiting For the Dome to Open at Beginning of Night
2017-11-17T10:09:06 [main.py:527 - <module>()] INFO: Waiting For the Dome to Open at Beginning of Night
2017-11-17T10:10:06 [main.py:527 - <module>()] INFO: Waiting For the Dome to Open at Beginning of Night
2017-11-17T10:11:06 [main.py:527 - <module>()] INFO: Waiting For the Dome to Open at Beginning of Night
2017-11-17T10:12:07 [main.py:527 - <module>()] INFO: Waiting For the Dome to Open at Beginning of Night
2017-11-17T10:13:07 [main.py:527 - <module>()] INFO: Waiting For the Dome to Open at Beginning of Night
2017-11-17T10:14:07 [main.py:527 - <module>()] INFO: Waiting For the Dome to Open at Beginning of Night
2017-11-17T10:15:07 [main.py:527 - <module>()] INFO: Waiting For the Dome to Open at Beginning of Night
2017-11-17T10:16:08 [main.py:527 - <module>()] INFO: Waiting For the Dome to Open at Beginning of Night
2017-11-17T10:17:08 [main.py:527 - <module>()] INFO: Waiting For the Dome to Open at Beginning of Night
2017-11-17T10:18:08 [main.py:527 - <module>()] INFO: Waiting For the Dome to Open at Beginning of Night
2017-11-17T10:19:08 [main.py:527 - <module>()] INFO: Waiting For the Dome to Open at Beginning of Night
2017-11-17T10:20:09 [main.py:527 - <module>()] INFO: Waiting For the Dome to Open at Beginning of Night
2017-11-17T10:21:09 [main.py:527 - <module>()] INFO: Waiting For the Dome to Open at Beginning of Night
2017-11-17T10:22:09 [main.py:527 - <module>()] INFO: Waiting For the Dome to Open at Beginning of Night
2017-11-17T10:23:09 [main.py:527 - <module>()] INFO: Waiting For the Dome to Open at Beginning of Night
2017-11-17T10:24:10 [main.py:527 - <module>()] INFO: Waiting For the Dome to Open at Beginning of Night
2017-11-17T10:25:10 [main.py:527 - <module>()] INFO: Waiting For the Dome to Open at Beginning of Night
2017-11-17T10:26:10 [main.py:527 - <module>()] INFO: Waiting For the Dome to Open at Beginning of Night
2017-11-17T10:27:10 [main.py:527 - <module>()] INFO: Waiting For the Dome to Open at Beginning of Night
2017-11-17T10:28:11 [main.py:527 - <module>()] INFO: Waiting For the Dome to Open at Beginning of Night
2017-11-17T10:29:11 [main.py:527 - <module>()] INFO: Waiting For the Dome to Open at Beginning of Night
2017-11-17T10:30:11 [main.py:527 - <module>()] INFO: Waiting For the Dome to Open at Beginning of Night
2017-11-17T10:31:11 [main.py:527 - <module>()] INFO: Waiting For the Dome to Open at Beginning of Night
2017-11-17T10:32:12 [main.py:527 - <module>()] INFO: Waiting For the Dome to Open at Beginning of Night
2017-11-17T10:33:12 [main.py:527 - <module>()] INFO: Waiting For the Dome to Open at Beginning of Night
2017-11-17T10:34:12 [main.py:527 - <module>()] INFO: Waiting For the Dome to Open at Beginning of Night
2017-11-17T10:35:12 [main.py:527 - <module>()] INFO: Waiting For the Dome to Open at Beginning of Night
2017-11-17T10:36:13 [main.py:527 - <module>()] INFO: Waiting For the Dome to Open at Beginning of Night
2017-11-17T10:37:13 [main.py:527 - <module>()] INFO: Waiting For the Dome to Open at Beginning of Night
2017-11-17T10:38:13 [main.py:527 - <module>()] INFO: Waiting For the Dome to Open at Beginning of Night
2017-11-17T10:39:13 [main.py:527 - <module>()] INFO: Waiting For the Dome to Open at Beginning of Night
2017-11-17T10:40:14 [main.py:527 - <module>()] INFO: Waiting For the Dome to Open at Beginning of Night
2017-11-17T10:41:14 [main.py:527 - <module>()] INFO: Waiting For the Dome to Open at Beginning of Night
2017-11-17T10:42:14 [main.py:527 - <module>()] INFO: Waiting For the Dome to Open at Beginning of Night
2017-11-17T10:43:14 [main.py:527 - <module>()] INFO: Waiting For the Dome to Open at Beginning of Night
2017-11-17T10:44:15 [main.py:527 - <module>()] INFO: Waiting For the Dome to Open at Beginning of Night
2017-11-17T10:45:15 [main.py:527 - <module>()] INFO: Waiting For the Dome to Open at Beginning of Night
2017-11-17T10:46:15 [main.py:527 - <module>()] INFO: Waiting For the Dome to Open at Beginning of Night
2017-11-17T10:47:15 [main.py:527 - <module>()] INFO: Waiting For the Dome to Open at Beginning of Night
2017-11-17T10:48:16 [main.py:527 - <module>()] INFO: Waiting For the Dome to Open at Beginning of Night
2017-11-17T10:49:16 [main.py:527 - <module>()] INFO: Waiting For the Dome to Open at Beginning of Night
2017-11-17T10:50:16 [main.py:527 - <module>()] INFO: Waiting For the Dome to Open at Beginning of Night
2017-11-17T10:51:16 [main.py:527 - <module>()] INFO: Waiting For the Dome to Open at Beginning of Night
2017-11-17T10:52:17 [main.py:527 - <module>()] INFO: Waiting For the Dome to Open at Beginning of Night
2017-11-17T10:53:17 [main.py:527 - <module>()] INFO: Waiting For the Dome to Open at Beginning of Night
2017-11-17T10:54:17 [main.py:527 - <module>()] INFO: Waiting For the Dome to Open at Beginning of Night
2017-11-17T10:55:17 [main.py:527 - <module>()] INFO: Waiting For the Dome to Open at Beginning of Night
2017-11-17T10:56:18 [main.py:527 - <module>()] INFO: Waiting For the Dome to Open at Beginning of Night
2017-11-17T10:57:18 [main.py:527 - <module>()] INFO: Waiting For the Dome to Open at Beginning of Night
2017-11-17T10:58:18 [main.py:527 - <module>()] INFO: Waiting For the Dome to Open at Beginning of Night
2017-11-17T10:59:18 [main.py:527 - <module>()] INFO: Waiting For the Dome to Open at Beginning of Night
2017-11-17T11:00:19 [main.py:527 - <module>()] INFO: Waiting For the Dome to Open at Beginning of Night
2017-11-17T11:01:19 [main.py:527 - <module>()] INFO: Waiting For the Dome to Open at Beginning of Night
2017-11-17T11:02:19 [main.py:527 - <module>()] INFO: Waiting For the Dome to Open at Beginning of Night
2017-11-17T11:03:19 [main.py:527 - <module>()] INFO: Waiting For the Dome to Open at Beginning of Night
2017-11-17T11:04:20 [main.py:527 - <module>()] INFO: Waiting For the Dome to Open at Beginning of Night
2017-11-17T11:05:20 [main.py:527 - <module>()] INFO: Waiting For the Dome to Open at Beginning of Night
2017-11-17T11:06:20 [main.py:527 - <module>()] INFO: Waiting For the Dome to Open at Beginning of Night
2017-11-17T11:07:20 [main.py:527 - <module>()] INFO: Waiting For the Dome to Open at Beginning of Night
2017-11-17T11:08:21 [main.py:527 - <module>()] INFO: Waiting For the Dome to Open at Beginning of Night
2017-11-17T11:09:21 [main.py:527 - <module>()] INFO: Waiting For the Dome to Open at Beginning of Night
2017-11-17T11:10:21 [main.py:527 - <module>()] INFO: Waiting For the Dome to Open at Beginning of Night
2017-11-17T11:11:21 [main.py:527 - <module>()] INFO: Waiting For the Dome to Open at Beginning of Night
2017-11-17T11:12:22 [main.py:527 - <module>()] INFO: Waiting For the Dome to Open at Beginning of Night
2017-11-17T11:13:22 [main.py:527 - <module>()] INFO: Waiting For the Dome to Open at Beginning of Night
2017-11-17T11:14:22 [main.py:527 - <module>()] INFO: Waiting For the Dome to Open at Beginning of Night
2017-11-17T11:15:23 [main.py:527 - <module>()] INFO: Waiting For the Dome to Open at Beginning of Night
2017-11-17T11:16:23 [main.py:527 - <module>()] INFO: Waiting For the Dome to Open at Beginning of Night
2017-11-17T11:17:23 [main.py:527 - <module>()] INFO: Waiting For the Dome to Open at Beginning of Night
2017-11-17T11:18:23 [main.py:527 - <module>()] INFO: Waiting For the Dome to Open at Beginning of Night
2017-11-17T11:19:23 [main.py:527 - <module>()] INFO: Waiting For the Dome to Open at Beginning of Night
2017-11-17T11:20:24 [main.py:527 - <module>()] INFO: Waiting For the Dome to Open at Beginning of Night
2017-11-17T11:21:24 [main.py:527 - <module>()] INFO: Waiting For the Dome to Open at Beginning of Night
2017-11-17T11:22:24 [main.py:527 - <module>()] INFO: Waiting For the Dome to Open at Beginning of Night
2017-11-17T11:23:25 [main.py:527 - <module>()] INFO: Waiting For the Dome to Open at Beginning of Night
2017-11-17T11:24:25 [main.py:527 - <module>()] INFO: Waiting For the Dome to Open at Beginning of Night
2017-11-17T11:25:25 [main.py:527 - <module>()] INFO: Waiting For the Dome to Open at Beginning of Night
2017-11-17T11:26:25 [main.py:527 - <module>()] INFO: Waiting For the Dome to Open at Beginning of Night
2017-11-17T11:27:25 [main.py:527 - <module>()] INFO: Waiting For the Dome to Open at Beginning of Night
2017-11-17T11:28:26 [main.py:527 - <module>()] INFO: Waiting For the Dome to Open at Beginning of Night
2017-11-17T11:29:26 [main.py:527 - <module>()] INFO: Waiting For the Dome to Open at Beginning of Night
2017-11-17T11:30:26 [main.py:527 - <module>()] INFO: Waiting For the Dome to Open at Beginning of Night
2017-11-17T11:31:26 [main.py:527 - <module>()] INFO: Waiting For the Dome to Open at Beginning of Night
2017-11-17T11:32:27 [main.py:527 - <module>()] INFO: Waiting For the Dome to Open at Beginning of Night
2017-11-17T11:33:27 [main.py:527 - <module>()] INFO: Waiting For the Dome to Open at Beginning of Night
2017-11-17T11:34:27 [main.py:527 - <module>()] INFO: Waiting For the Dome to Open at Beginning of Night
2017-11-17T11:35:27 [main.py:527 - <module>()] INFO: Waiting For the Dome to Open at Beginning of Night
2017-11-17T11:36:28 [main.py:527 - <module>()] INFO: Waiting For the Dome to Open at Beginning of Night
2017-11-17T11:37:28 [main.py:527 - <module>()] INFO: Waiting For the Dome to Open at Beginning of Night
2017-11-17T11:38:28 [main.py:527 - <module>()] INFO: Waiting For the Dome to Open at Beginning of Night
2017-11-17T11:39:28 [main.py:527 - <module>()] INFO: Waiting For the Dome to Open at Beginning of Night
2017-11-17T11:40:29 [main.py:527 - <module>()] INFO: Waiting For the Dome to Open at Beginning of Night
2017-11-17T11:41:29 [main.py:527 - <module>()] INFO: Waiting For the Dome to Open at Beginning of Night
2017-11-17T11:42:29 [main.py:527 - <module>()] INFO: Waiting For the Dome to Open at Beginning of Night
2017-11-17T11:43:30 [main.py:527 - <module>()] INFO: Waiting For the Dome to Open at Beginning of Night
2017-11-17T11:44:30 [main.py:527 - <module>()] INFO: Waiting For the Dome to Open at Beginning of Night
2017-11-17T11:45:30 [main.py:527 - <module>()] INFO: Waiting For the Dome to Open at Beginning of Night
2017-11-17T11:46:30 [main.py:527 - <module>()] INFO: Waiting For the Dome to Open at Beginning of Night
2017-11-17T11:47:30 [main.py:527 - <module>()] INFO: Waiting For the Dome to Open at Beginning of Night
2017-11-17T11:48:31 [main.py:527 - <module>()] INFO: Waiting For the Dome to Open at Beginning of Night
2017-11-17T11:49:31 [main.py:527 - <module>()] INFO: Waiting For the Dome to Open at Beginning of Night
2017-11-17T11:50:31 [main.py:527 - <module>()] INFO: Waiting For the Dome to Open at Beginning of Night
2017-11-17T11:51:32 [main.py:527 - <module>()] INFO: Waiting For the Dome to Open at Beginning of Night
2017-11-17T11:52:32 [main.py:527 - <module>()] INFO: Waiting For the Dome to Open at Beginning of Night
2017-11-17T11:53:32 [main.py:527 - <module>()] INFO: Waiting For the Dome to Open at Beginning of Night
2017-11-17T11:54:32 [main.py:527 - <module>()] INFO: Waiting For the Dome to Open at Beginning of Night
2017-11-17T11:55:33 [main.py:527 - <module>()] INFO: Waiting For the Dome to Open at Beginning of Night
2017-11-17T11:56:33 [main.py:527 - <module>()] INFO: Waiting For the Dome to Open at Beginning of Night
2017-11-17T11:57:33 [main.py:527 - <module>()] INFO: Waiting For the Dome to Open at Beginning of Night
2017-11-17T11:58:33 [main.py:527 - <module>()] INFO: Waiting For the Dome to Open at Beginning of Night
2017-11-17T11:59:34 [main.py:527 - <module>()] INFO: Waiting For the Dome to Open at Beginning of Night
2017-11-17T12:00:34 [main.py:527 - <module>()] INFO: Waiting For the Dome to Open at Beginning of Night
2017-11-17T12:01:34 [main.py:527 - <module>()] INFO: Waiting For the Dome to Open at Beginning of Night
2017-11-17T12:02:34 [main.py:527 - <module>()] INFO: Waiting For the Dome to Open at Beginning of Night
2017-11-17T12:03:35 [main.py:527 - <module>()] INFO: Waiting For the Dome to Open at Beginning of Night
2017-11-17T12:04:35 [main.py:527 - <module>()] INFO: Waiting For the Dome to Open at Beginning of Night
2017-11-17T12:05:35 [main.py:527 - <module>()] INFO: Waiting For the Dome to Open at Beginning of Night
2017-11-17T12:06:35 [main.py:527 - <module>()] INFO: Waiting For the Dome to Open at Beginning of Night
2017-11-17T12:07:35 [main.py:527 - <module>()] INFO: Waiting For the Dome to Open at Beginning of Night
2017-11-17T12:08:36 [main.py:527 - <module>()] INFO: Waiting For the Dome to Open at Beginning of Night
2017-11-17T12:09:36 [main.py:527 - <module>()] INFO: Waiting For the Dome to Open at Beginning of Night
2017-11-17T12:10:36 [main.py:527 - <module>()] INFO: Waiting For the Dome to Open at Beginning of Night
2017-11-17T12:11:36 [main.py:527 - <module>()] INFO: Waiting For the Dome to Open at Beginning of Night
2017-11-17T12:12:37 [main.py:527 - <module>()] INFO: Waiting For the Dome to Open at Beginning of Night
2017-11-17T12:13:37 [main.py:527 - <module>()] INFO: Waiting For the Dome to Open at Beginning of Night
2017-11-17T12:14:37 [main.py:527 - <module>()] INFO: Waiting For the Dome to Open at Beginning of Night
2017-11-17T12:15:37 [main.py:527 - <module>()] INFO: Waiting For the Dome to Open at Beginning of Night
2017-11-17T12:16:38 [main.py:527 - <module>()] INFO: Waiting For the Dome to Open at Beginning of Night
2017-11-17T12:17:38 [main.py:527 - <module>()] INFO: Waiting For the Dome to Open at Beginning of Night
2017-11-17T12:18:38 [main.py:527 - <module>()] INFO: Waiting For the Dome to Open at Beginning of Night
2017-11-17T12:19:39 [main.py:527 - <module>()] INFO: Waiting For the Dome to Open at Beginning of Night
2017-11-17T12:20:39 [main.py:527 - <module>()] INFO: Waiting For the Dome to Open at Beginning of Night
2017-11-17T12:21:39 [main.py:527 - <module>()] INFO: Waiting For the Dome to Open at Beginning of Night
2017-11-17T12:22:39 [main.py:527 - <module>()] INFO: Waiting For the Dome to Open at Beginning of Night
2017-11-17T12:23:40 [main.py:527 - <module>()] INFO: Waiting For the Dome to Open at Beginning of Night
2017-11-17T12:24:40 [main.py:527 - <module>()] INFO: Waiting For the Dome to Open at Beginning of Night
2017-11-17T12:25:40 [main.py:527 - <module>()] INFO: Waiting For the Dome to Open at Beginning of Night
2017-11-17T12:26:40 [main.py:527 - <module>()] INFO: Waiting For the Dome to Open at Beginning of Night
2017-11-17T12:27:40 [main.py:527 - <module>()] INFO: Waiting For the Dome to Open at Beginning of Night
2017-11-17T12:28:41 [main.py:527 - <module>()] INFO: Waiting For the Dome to Open at Beginning of Night
2017-11-17T12:29:41 [main.py:527 - <module>()] INFO: Waiting For the Dome to Open at Beginning of Night
2017-11-17T12:30:41 [main.py:527 - <module>()] INFO: Waiting For the Dome to Open at Beginning of Night
2017-11-17T12:31:41 [main.py:527 - <module>()] INFO: Waiting For the Dome to Open at Beginning of Night
2017-11-17T12:32:42 [main.py:527 - <module>()] INFO: Waiting For the Dome to Open at Beginning of Night
2017-11-17T12:33:42 [main.py:527 - <module>()] INFO: Waiting For the Dome to Open at Beginning of Night
2017-11-17T12:34:42 [main.py:527 - <module>()] INFO: Waiting For the Dome to Open at Beginning of Night
2017-11-17T12:35:42 [main.py:527 - <module>()] INFO: Waiting For the Dome to Open at Beginning of Night
2017-11-17T12:36:43 [main.py:527 - <module>()] INFO: Waiting For the Dome to Open at Beginning of Night
2017-11-17T12:37:43 [main.py:527 - <module>()] INFO: Waiting For the Dome to Open at Beginning of Night
2017-11-17T12:38:43 [main.py:527 - <module>()] INFO: Waiting For the Dome to Open at Beginning of Night
2017-11-17T12:39:44 [main.py:527 - <module>()] INFO: Waiting For the Dome to Open at Beginning of Night
2017-11-17T12:40:44 [main.py:527 - <module>()] INFO: Waiting For the Dome to Open at Beginning of Night
2017-11-17T12:41:44 [main.py:527 - <module>()] INFO: Waiting For the Dome to Open at Beginning of Night
2017-11-17T12:42:44 [main.py:527 - <module>()] INFO: Waiting For the Dome to Open at Beginning of Night
2017-11-17T12:43:45 [main.py:527 - <module>()] INFO: Waiting For the Dome to Open at Beginning of Night
2017-11-17T12:44:45 [main.py:527 - <module>()] INFO: Waiting For the Dome to Open at Beginning of Night
2017-11-17T12:45:45 [main.py:527 - <module>()] INFO: Waiting For the Dome to Open at Beginning of Night
2017-11-17T12:46:45 [main.py:527 - <module>()] INFO: Waiting For the Dome to Open at Beginning of Night
2017-11-17T12:47:46 [main.py:527 - <module>()] INFO: Waiting For the Dome to Open at Beginning of Night
2017-11-17T12:48:46 [main.py:527 - <module>()] INFO: Waiting For the Dome to Open at Beginning of Night
2017-11-17T12:48:46 [main.py:570 - <module>()] INFO: Deneb about to be observed
2017-11-17T12:48:46 [main.py:349 - doScience()] INFO: Target Deneb past its endtime (2017-11-17 04:03:35); skipping
2017-11-17T12:48:46 [main.py:572 - <module>()] INFO: Deneb done; moving on to next target
2017-11-17T12:48:46 [main.py:570 - <module>()] INFO: Sheratan about to be observed
2017-11-17T12:48:46 [main.py:349 - doScience()] INFO: Target Sheratan past its endtime (2017-11-17 08:28:44); skipping
2017-11-17T12:48:46 [main.py:572 - <module>()] INFO: Sheratan done; moving on to next target
2017-11-17T12:48:46 [main.py:570 - <module>()] INFO: Elnath about to be observed
