2018-01-04T00:48:46 [main.py:499 - <module>()] INFO: Taking 30 Biases
2018-01-04T00:48:46 [main.py:163 - doDark()] INFO: Taking BIAS 1 of 30 (exptime = 0)
2018-01-04T00:48:46 [main.py:227 - takeImage()] INFO: Taking 0 second image
2018-01-04T00:48:48 [main.py:248 - takeImage()] INFO: Saving image: C:/camal/data/n20180104//0001BIAS.0.fits
2018-01-04T00:48:48 [main.py:163 - doDark()] INFO: Taking BIAS 2 of 30 (exptime = 0)
2018-01-04T00:48:48 [main.py:227 - takeImage()] INFO: Taking 0 second image
2018-01-04T00:48:50 [main.py:248 - takeImage()] INFO: Saving image: C:/camal/data/n20180104//0002BIAS.0.fits
2018-01-04T00:48:50 [main.py:163 - doDark()] INFO: Taking BIAS 3 of 30 (exptime = 0)
2018-01-04T00:48:50 [main.py:227 - takeImage()] INFO: Taking 0 second image
2018-01-04T00:48:51 [main.py:248 - takeImage()] INFO: Saving image: C:/camal/data/n20180104//0003BIAS.0.fits
2018-01-04T00:48:51 [main.py:163 - doDark()] INFO: Taking BIAS 4 of 30 (exptime = 0)
2018-01-04T00:48:51 [main.py:227 - takeImage()] INFO: Taking 0 second image
2018-01-04T00:48:52 [main.py:248 - takeImage()] INFO: Saving image: C:/camal/data/n20180104//0004BIAS.0.fits
2018-01-04T00:48:52 [main.py:163 - doDark()] INFO: Taking BIAS 5 of 30 (exptime = 0)
2018-01-04T00:48:52 [main.py:227 - takeImage()] INFO: Taking 0 second image
2018-01-04T00:48:54 [main.py:248 - takeImage()] INFO: Saving image: C:/camal/data/n20180104//0005BIAS.0.fits
2018-01-04T00:48:54 [main.py:163 - doDark()] INFO: Taking BIAS 6 of 30 (exptime = 0)
2018-01-04T00:48:54 [main.py:227 - takeImage()] INFO: Taking 0 second image
2018-01-04T00:48:55 [main.py:248 - takeImage()] INFO: Saving image: C:/camal/data/n20180104//0006BIAS.0.fits
2018-01-04T00:48:55 [main.py:163 - doDark()] INFO: Taking BIAS 7 of 30 (exptime = 0)
2018-01-04T00:48:55 [main.py:227 - takeImage()] INFO: Taking 0 second image
2018-01-04T00:48:57 [main.py:248 - takeImage()] INFO: Saving image: C:/camal/data/n20180104//0007BIAS.0.fits
2018-01-04T00:48:57 [main.py:163 - doDark()] INFO: Taking BIAS 8 of 30 (exptime = 0)
2018-01-04T00:48:57 [main.py:227 - takeImage()] INFO: Taking 0 second image
2018-01-04T00:48:58 [main.py:248 - takeImage()] INFO: Saving image: C:/camal/data/n20180104//0008BIAS.0.fits
2018-01-04T00:48:58 [main.py:163 - doDark()] INFO: Taking BIAS 9 of 30 (exptime = 0)
2018-01-04T00:48:58 [main.py:227 - takeImage()] INFO: Taking 0 second image
2018-01-04T00:48:59 [main.py:248 - takeImage()] INFO: Saving image: C:/camal/data/n20180104//0009BIAS.0.fits
2018-01-04T00:48:59 [main.py:163 - doDark()] INFO: Taking BIAS 10 of 30 (exptime = 0)
2018-01-04T00:48:59 [main.py:227 - takeImage()] INFO: Taking 0 second image
2018-01-04T00:49:01 [main.py:248 - takeImage()] INFO: Saving image: C:/camal/data/n20180104//0010BIAS.0.fits
2018-01-04T00:49:01 [main.py:163 - doDark()] INFO: Taking BIAS 11 of 30 (exptime = 0)
2018-01-04T00:49:01 [main.py:227 - takeImage()] INFO: Taking 0 second image
2018-01-04T00:49:02 [main.py:248 - takeImage()] INFO: Saving image: C:/camal/data/n20180104//0011BIAS.0.fits
2018-01-04T00:49:02 [main.py:163 - doDark()] INFO: Taking BIAS 12 of 30 (exptime = 0)
2018-01-04T00:49:02 [main.py:227 - takeImage()] INFO: Taking 0 second image
2018-01-04T00:49:04 [main.py:248 - takeImage()] INFO: Saving image: C:/camal/data/n20180104//0012BIAS.0.fits
2018-01-04T00:49:04 [main.py:163 - doDark()] INFO: Taking BIAS 13 of 30 (exptime = 0)
2018-01-04T00:49:04 [main.py:227 - takeImage()] INFO: Taking 0 second image
2018-01-04T00:49:05 [main.py:248 - takeImage()] INFO: Saving image: C:/camal/data/n20180104//0013BIAS.0.fits
2018-01-04T00:49:05 [main.py:163 - doDark()] INFO: Taking BIAS 14 of 30 (exptime = 0)
2018-01-04T00:49:05 [main.py:227 - takeImage()] INFO: Taking 0 second image
2018-01-04T00:49:06 [main.py:248 - takeImage()] INFO: Saving image: C:/camal/data/n20180104//0014BIAS.0.fits
2018-01-04T00:49:06 [main.py:163 - doDark()] INFO: Taking BIAS 15 of 30 (exptime = 0)
2018-01-04T00:49:06 [main.py:227 - takeImage()] INFO: Taking 0 second image
2018-01-04T00:49:08 [main.py:248 - takeImage()] INFO: Saving image: C:/camal/data/n20180104//0015BIAS.0.fits
2018-01-04T00:49:08 [main.py:163 - doDark()] INFO: Taking BIAS 16 of 30 (exptime = 0)
2018-01-04T00:49:08 [main.py:227 - takeImage()] INFO: Taking 0 second image
2018-01-04T00:49:10 [main.py:248 - takeImage()] INFO: Saving image: C:/camal/data/n20180104//0016BIAS.0.fits
2018-01-04T00:49:10 [main.py:163 - doDark()] INFO: Taking BIAS 17 of 30 (exptime = 0)
2018-01-04T00:49:10 [main.py:227 - takeImage()] INFO: Taking 0 second image
2018-01-04T00:49:12 [main.py:248 - takeImage()] INFO: Saving image: C:/camal/data/n20180104//0017BIAS.0.fits
2018-01-04T00:49:12 [main.py:163 - doDark()] INFO: Taking BIAS 18 of 30 (exptime = 0)
2018-01-04T00:49:12 [main.py:227 - takeImage()] INFO: Taking 0 second image
2018-01-04T00:49:13 [main.py:248 - takeImage()] INFO: Saving image: C:/camal/data/n20180104//0018BIAS.0.fits
2018-01-04T00:49:13 [main.py:163 - doDark()] INFO: Taking BIAS 19 of 30 (exptime = 0)
2018-01-04T00:49:13 [main.py:227 - takeImage()] INFO: Taking 0 second image
2018-01-04T00:49:14 [main.py:248 - takeImage()] INFO: Saving image: C:/camal/data/n20180104//0019BIAS.0.fits
2018-01-04T00:49:14 [main.py:163 - doDark()] INFO: Taking BIAS 20 of 30 (exptime = 0)
2018-01-04T00:49:14 [main.py:227 - takeImage()] INFO: Taking 0 second image
2018-01-04T00:49:16 [main.py:248 - takeImage()] INFO: Saving image: C:/camal/data/n20180104//0020BIAS.0.fits
2018-01-04T00:49:16 [main.py:163 - doDark()] INFO: Taking BIAS 21 of 30 (exptime = 0)
2018-01-04T00:49:16 [main.py:227 - takeImage()] INFO: Taking 0 second image
2018-01-04T00:49:17 [main.py:248 - takeImage()] INFO: Saving image: C:/camal/data/n20180104//0021BIAS.0.fits
2018-01-04T00:49:17 [main.py:163 - doDark()] INFO: Taking BIAS 22 of 30 (exptime = 0)
2018-01-04T00:49:17 [main.py:227 - takeImage()] INFO: Taking 0 second image
2018-01-04T00:49:19 [main.py:248 - takeImage()] INFO: Saving image: C:/camal/data/n20180104//0022BIAS.0.fits
2018-01-04T00:49:19 [main.py:163 - doDark()] INFO: Taking BIAS 23 of 30 (exptime = 0)
2018-01-04T00:49:19 [main.py:227 - takeImage()] INFO: Taking 0 second image
2018-01-04T00:49:20 [main.py:248 - takeImage()] INFO: Saving image: C:/camal/data/n20180104//0023BIAS.0.fits
2018-01-04T00:49:20 [main.py:163 - doDark()] INFO: Taking BIAS 24 of 30 (exptime = 0)
2018-01-04T00:49:20 [main.py:227 - takeImage()] INFO: Taking 0 second image
2018-01-04T00:49:21 [main.py:248 - takeImage()] INFO: Saving image: C:/camal/data/n20180104//0024BIAS.0.fits
2018-01-04T00:49:21 [main.py:163 - doDark()] INFO: Taking BIAS 25 of 30 (exptime = 0)
2018-01-04T00:49:21 [main.py:227 - takeImage()] INFO: Taking 0 second image
2018-01-04T00:49:23 [main.py:248 - takeImage()] INFO: Saving image: C:/camal/data/n20180104//0025BIAS.0.fits
2018-01-04T00:49:23 [main.py:163 - doDark()] INFO: Taking BIAS 26 of 30 (exptime = 0)
2018-01-04T00:49:23 [main.py:227 - takeImage()] INFO: Taking 0 second image
2018-01-04T00:49:24 [main.py:248 - takeImage()] INFO: Saving image: C:/camal/data/n20180104//0026BIAS.0.fits
2018-01-04T00:49:24 [main.py:163 - doDark()] INFO: Taking BIAS 27 of 30 (exptime = 0)
2018-01-04T00:49:24 [main.py:227 - takeImage()] INFO: Taking 0 second image
2018-01-04T00:49:26 [main.py:248 - takeImage()] INFO: Saving image: C:/camal/data/n20180104//0027BIAS.0.fits
2018-01-04T00:49:26 [main.py:163 - doDark()] INFO: Taking BIAS 28 of 30 (exptime = 0)
2018-01-04T00:49:26 [main.py:227 - takeImage()] INFO: Taking 0 second image
2018-01-04T00:49:27 [main.py:248 - takeImage()] INFO: Saving image: C:/camal/data/n20180104//0028BIAS.0.fits
2018-01-04T00:49:27 [main.py:163 - doDark()] INFO: Taking BIAS 29 of 30 (exptime = 0)
2018-01-04T00:49:27 [main.py:227 - takeImage()] INFO: Taking 0 second image
2018-01-04T00:49:28 [main.py:248 - takeImage()] INFO: Saving image: C:/camal/data/n20180104//0029BIAS.0.fits
2018-01-04T00:49:29 [main.py:163 - doDark()] INFO: Taking BIAS 30 of 30 (exptime = 0)
2018-01-04T00:49:29 [main.py:227 - takeImage()] INFO: Taking 0 second image
2018-01-04T00:49:30 [main.py:248 - takeImage()] INFO: Saving image: C:/camal/data/n20180104//0030BIAS.0.fits
2018-01-04T00:49:30 [main.py:505 - <module>()] INFO: Waiting for nautical twilight to end (2410.863868seconds)
2018-01-04T01:29:41 [main.py:510 - <module>()] INFO: Making Schedule
2018-01-04T01:29:49 [main.py:525 - <module>()] INFO: Waiting For the Dome to Open at Beginning of Night
2018-01-04T01:30:49 [main.py:525 - <module>()] INFO: Waiting For the Dome to Open at Beginning of Night
2018-01-04T01:31:49 [main.py:525 - <module>()] INFO: Waiting For the Dome to Open at Beginning of Night
2018-01-04T01:32:50 [main.py:525 - <module>()] INFO: Waiting For the Dome to Open at Beginning of Night
2018-01-04T01:33:50 [main.py:525 - <module>()] INFO: Waiting For the Dome to Open at Beginning of Night
2018-01-04T01:34:50 [main.py:525 - <module>()] INFO: Waiting For the Dome to Open at Beginning of Night
2018-01-04T01:35:51 [main.py:525 - <module>()] INFO: Waiting For the Dome to Open at Beginning of Night
2018-01-04T01:36:51 [main.py:525 - <module>()] INFO: Waiting For the Dome to Open at Beginning of Night
2018-01-04T01:37:51 [main.py:525 - <module>()] INFO: Waiting For the Dome to Open at Beginning of Night
2018-01-04T01:38:52 [main.py:525 - <module>()] INFO: Waiting For the Dome to Open at Beginning of Night
2018-01-04T01:39:52 [main.py:525 - <module>()] INFO: Waiting For the Dome to Open at Beginning of Night
2018-01-04T01:40:52 [main.py:525 - <module>()] INFO: Waiting For the Dome to Open at Beginning of Night
2018-01-04T01:41:52 [main.py:525 - <module>()] INFO: Waiting For the Dome to Open at Beginning of Night
2018-01-04T01:42:53 [main.py:525 - <module>()] INFO: Waiting For the Dome to Open at Beginning of Night
2018-01-04T01:43:53 [main.py:525 - <module>()] INFO: Waiting For the Dome to Open at Beginning of Night
2018-01-04T01:44:53 [main.py:525 - <module>()] INFO: Waiting For the Dome to Open at Beginning of Night
2018-01-04T01:45:54 [main.py:525 - <module>()] INFO: Waiting For the Dome to Open at Beginning of Night
2018-01-04T01:46:54 [main.py:525 - <module>()] INFO: Waiting For the Dome to Open at Beginning of Night
2018-01-04T01:47:54 [main.py:525 - <module>()] INFO: Waiting For the Dome to Open at Beginning of Night
2018-01-04T01:48:54 [main.py:525 - <module>()] INFO: Waiting For the Dome to Open at Beginning of Night
2018-01-04T01:49:55 [main.py:525 - <module>()] INFO: Waiting For the Dome to Open at Beginning of Night
2018-01-04T01:50:55 [main.py:525 - <module>()] INFO: Waiting For the Dome to Open at Beginning of Night
2018-01-04T01:51:55 [main.py:525 - <module>()] INFO: Waiting For the Dome to Open at Beginning of Night
2018-01-04T01:52:56 [main.py:525 - <module>()] INFO: Waiting For the Dome to Open at Beginning of Night
2018-01-04T01:53:56 [main.py:525 - <module>()] INFO: Waiting For the Dome to Open at Beginning of Night
2018-01-04T01:54:56 [main.py:525 - <module>()] INFO: Waiting For the Dome to Open at Beginning of Night
2018-01-04T01:55:56 [main.py:525 - <module>()] INFO: Waiting For the Dome to Open at Beginning of Night
2018-01-04T01:56:57 [main.py:525 - <module>()] INFO: Waiting For the Dome to Open at Beginning of Night
2018-01-04T01:57:57 [main.py:525 - <module>()] INFO: Waiting For the Dome to Open at Beginning of Night
2018-01-04T01:58:57 [main.py:525 - <module>()] INFO: Waiting For the Dome to Open at Beginning of Night
2018-01-04T01:59:58 [main.py:525 - <module>()] INFO: Waiting For the Dome to Open at Beginning of Night
2018-01-04T02:00:58 [main.py:525 - <module>()] INFO: Waiting For the Dome to Open at Beginning of Night
2018-01-04T02:01:58 [main.py:525 - <module>()] INFO: Waiting For the Dome to Open at Beginning of Night
2018-01-04T02:02:58 [main.py:525 - <module>()] INFO: Waiting For the Dome to Open at Beginning of Night
2018-01-04T02:03:59 [main.py:525 - <module>()] INFO: Waiting For the Dome to Open at Beginning of Night
2018-01-04T02:04:59 [main.py:525 - <module>()] INFO: Waiting For the Dome to Open at Beginning of Night
2018-01-04T02:05:59 [main.py:525 - <module>()] INFO: Waiting For the Dome to Open at Beginning of Night
2018-01-04T02:06:59 [main.py:525 - <module>()] INFO: Waiting For the Dome to Open at Beginning of Night
2018-01-04T02:08:00 [main.py:525 - <module>()] INFO: Waiting For the Dome to Open at Beginning of Night
2018-01-04T02:09:00 [main.py:525 - <module>()] INFO: Waiting For the Dome to Open at Beginning of Night
2018-01-04T02:10:00 [main.py:525 - <module>()] INFO: Waiting For the Dome to Open at Beginning of Night
2018-01-04T02:11:01 [main.py:525 - <module>()] INFO: Waiting For the Dome to Open at Beginning of Night
2018-01-04T02:12:01 [main.py:525 - <module>()] INFO: Waiting For the Dome to Open at Beginning of Night
2018-01-04T02:13:01 [main.py:525 - <module>()] INFO: Waiting For the Dome to Open at Beginning of Night
2018-01-04T02:14:01 [main.py:525 - <module>()] INFO: Waiting For the Dome to Open at Beginning of Night
2018-01-04T02:15:02 [main.py:525 - <module>()] INFO: Waiting For the Dome to Open at Beginning of Night
2018-01-04T02:16:02 [main.py:525 - <module>()] INFO: Waiting For the Dome to Open at Beginning of Night
2018-01-04T02:17:02 [main.py:525 - <module>()] INFO: Waiting For the Dome to Open at Beginning of Night
2018-01-04T02:18:02 [main.py:525 - <module>()] INFO: Waiting For the Dome to Open at Beginning of Night
2018-01-04T02:19:03 [main.py:525 - <module>()] INFO: Waiting For the Dome to Open at Beginning of Night
2018-01-04T02:20:03 [main.py:525 - <module>()] INFO: Waiting For the Dome to Open at Beginning of Night
2018-01-04T02:21:03 [main.py:525 - <module>()] INFO: Waiting For the Dome to Open at Beginning of Night
2018-01-04T02:22:04 [main.py:525 - <module>()] INFO: Waiting For the Dome to Open at Beginning of Night
2018-01-04T02:23:04 [main.py:525 - <module>()] INFO: Waiting For the Dome to Open at Beginning of Night
2018-01-04T02:24:04 [main.py:525 - <module>()] INFO: Waiting For the Dome to Open at Beginning of Night
2018-01-04T02:25:04 [main.py:525 - <module>()] INFO: Waiting For the Dome to Open at Beginning of Night
2018-01-04T02:26:05 [main.py:525 - <module>()] INFO: Waiting For the Dome to Open at Beginning of Night
2018-01-04T02:27:05 [main.py:525 - <module>()] INFO: Waiting For the Dome to Open at Beginning of Night
2018-01-04T02:28:05 [main.py:525 - <module>()] INFO: Waiting For the Dome to Open at Beginning of Night
2018-01-04T02:29:05 [main.py:525 - <module>()] INFO: Waiting For the Dome to Open at Beginning of Night
2018-01-04T02:30:06 [main.py:525 - <module>()] INFO: Waiting For the Dome to Open at Beginning of Night
2018-01-04T02:31:06 [main.py:525 - <module>()] INFO: Waiting For the Dome to Open at Beginning of Night
2018-01-04T02:32:06 [main.py:525 - <module>()] INFO: Waiting For the Dome to Open at Beginning of Night
2018-01-04T02:33:07 [main.py:525 - <module>()] INFO: Waiting For the Dome to Open at Beginning of Night
2018-01-04T02:34:07 [main.py:525 - <module>()] INFO: Waiting For the Dome to Open at Beginning of Night
2018-01-04T02:35:07 [main.py:525 - <module>()] INFO: Waiting For the Dome to Open at Beginning of Night
2018-01-04T02:36:07 [main.py:525 - <module>()] INFO: Waiting For the Dome to Open at Beginning of Night
2018-01-04T02:37:08 [main.py:525 - <module>()] INFO: Waiting For the Dome to Open at Beginning of Night
2018-01-04T02:38:08 [main.py:525 - <module>()] INFO: Waiting For the Dome to Open at Beginning of Night
2018-01-04T02:39:08 [main.py:525 - <module>()] INFO: Waiting For the Dome to Open at Beginning of Night
2018-01-04T02:40:08 [main.py:525 - <module>()] INFO: Waiting For the Dome to Open at Beginning of Night
2018-01-04T02:41:09 [main.py:525 - <module>()] INFO: Waiting For the Dome to Open at Beginning of Night
2018-01-04T02:42:09 [main.py:525 - <module>()] INFO: Waiting For the Dome to Open at Beginning of Night
2018-01-04T02:43:09 [main.py:525 - <module>()] INFO: Waiting For the Dome to Open at Beginning of Night
2018-01-04T02:44:10 [main.py:525 - <module>()] INFO: Waiting For the Dome to Open at Beginning of Night
2018-01-04T02:45:10 [main.py:525 - <module>()] INFO: Waiting For the Dome to Open at Beginning of Night
2018-01-04T02:46:10 [main.py:525 - <module>()] INFO: Waiting For the Dome to Open at Beginning of Night
2018-01-04T02:47:10 [main.py:525 - <module>()] INFO: Waiting For the Dome to Open at Beginning of Night
2018-01-04T02:48:11 [main.py:525 - <module>()] INFO: Waiting For the Dome to Open at Beginning of Night
2018-01-04T02:49:11 [main.py:525 - <module>()] INFO: Waiting For the Dome to Open at Beginning of Night
2018-01-04T02:50:11 [main.py:525 - <module>()] INFO: Waiting For the Dome to Open at Beginning of Night
2018-01-04T02:51:12 [main.py:525 - <module>()] INFO: Waiting For the Dome to Open at Beginning of Night
2018-01-04T02:52:12 [main.py:525 - <module>()] INFO: Waiting For the Dome to Open at Beginning of Night
2018-01-04T02:53:12 [main.py:525 - <module>()] INFO: Waiting For the Dome to Open at Beginning of Night
2018-01-04T02:54:12 [main.py:525 - <module>()] INFO: Waiting For the Dome to Open at Beginning of Night
2018-01-04T02:55:13 [main.py:525 - <module>()] INFO: Waiting For the Dome to Open at Beginning of Night
2018-01-04T02:56:13 [main.py:525 - <module>()] INFO: Waiting For the Dome to Open at Beginning of Night
2018-01-04T02:57:13 [main.py:525 - <module>()] INFO: Waiting For the Dome to Open at Beginning of Night
2018-01-04T02:58:13 [main.py:525 - <module>()] INFO: Waiting For the Dome to Open at Beginning of Night
2018-01-04T02:59:14 [main.py:525 - <module>()] INFO: Waiting For the Dome to Open at Beginning of Night
2018-01-04T03:00:14 [main.py:525 - <module>()] INFO: Waiting For the Dome to Open at Beginning of Night
2018-01-04T03:01:14 [main.py:525 - <module>()] INFO: Waiting For the Dome to Open at Beginning of Night
2018-01-04T03:02:15 [main.py:525 - <module>()] INFO: Waiting For the Dome to Open at Beginning of Night
2018-01-04T03:03:15 [main.py:525 - <module>()] INFO: Waiting For the Dome to Open at Beginning of Night
2018-01-04T03:04:15 [main.py:525 - <module>()] INFO: Waiting For the Dome to Open at Beginning of Night
2018-01-04T03:05:15 [main.py:525 - <module>()] INFO: Waiting For the Dome to Open at Beginning of Night
2018-01-04T03:06:16 [main.py:525 - <module>()] INFO: Waiting For the Dome to Open at Beginning of Night
2018-01-04T03:07:16 [main.py:525 - <module>()] INFO: Waiting For the Dome to Open at Beginning of Night
2018-01-04T03:08:16 [main.py:525 - <module>()] INFO: Waiting For the Dome to Open at Beginning of Night
2018-01-04T03:09:16 [main.py:525 - <module>()] INFO: Waiting For the Dome to Open at Beginning of Night
2018-01-04T03:10:17 [main.py:525 - <module>()] INFO: Waiting For the Dome to Open at Beginning of Night
2018-01-04T03:11:17 [main.py:525 - <module>()] INFO: Waiting For the Dome to Open at Beginning of Night
2018-01-04T03:12:17 [main.py:525 - <module>()] INFO: Waiting For the Dome to Open at Beginning of Night
2018-01-04T03:13:18 [main.py:525 - <module>()] INFO: Waiting For the Dome to Open at Beginning of Night
2018-01-04T03:14:18 [main.py:525 - <module>()] INFO: Waiting For the Dome to Open at Beginning of Night
2018-01-04T03:15:18 [main.py:525 - <module>()] INFO: Waiting For the Dome to Open at Beginning of Night
2018-01-04T03:16:18 [main.py:525 - <module>()] INFO: Waiting For the Dome to Open at Beginning of Night
2018-01-04T03:17:19 [main.py:525 - <module>()] INFO: Waiting For the Dome to Open at Beginning of Night
2018-01-04T03:18:19 [main.py:525 - <module>()] INFO: Waiting For the Dome to Open at Beginning of Night
2018-01-04T03:19:19 [main.py:525 - <module>()] INFO: Waiting For the Dome to Open at Beginning of Night
2018-01-04T03:20:20 [main.py:525 - <module>()] INFO: Waiting For the Dome to Open at Beginning of Night
2018-01-04T03:21:20 [main.py:525 - <module>()] INFO: Waiting For the Dome to Open at Beginning of Night
2018-01-04T03:22:20 [main.py:525 - <module>()] INFO: Waiting For the Dome to Open at Beginning of Night
2018-01-04T03:23:20 [main.py:525 - <module>()] INFO: Waiting For the Dome to Open at Beginning of Night
2018-01-04T03:24:21 [main.py:525 - <module>()] INFO: Waiting For the Dome to Open at Beginning of Night
2018-01-04T03:25:21 [main.py:525 - <module>()] INFO: Waiting For the Dome to Open at Beginning of Night
2018-01-04T03:26:21 [main.py:525 - <module>()] INFO: Waiting For the Dome to Open at Beginning of Night
2018-01-04T03:27:21 [main.py:525 - <module>()] INFO: Waiting For the Dome to Open at Beginning of Night
2018-01-04T03:28:22 [main.py:525 - <module>()] INFO: Waiting For the Dome to Open at Beginning of Night
2018-01-04T03:29:22 [main.py:525 - <module>()] INFO: Waiting For the Dome to Open at Beginning of Night
2018-01-04T03:30:22 [main.py:525 - <module>()] INFO: Waiting For the Dome to Open at Beginning of Night
2018-01-04T03:31:23 [main.py:525 - <module>()] INFO: Waiting For the Dome to Open at Beginning of Night
2018-01-04T03:32:23 [main.py:525 - <module>()] INFO: Waiting For the Dome to Open at Beginning of Night
2018-01-04T03:33:23 [main.py:525 - <module>()] INFO: Waiting For the Dome to Open at Beginning of Night
2018-01-04T03:34:23 [main.py:525 - <module>()] INFO: Waiting For the Dome to Open at Beginning of Night
2018-01-04T03:35:24 [main.py:525 - <module>()] INFO: Waiting For the Dome to Open at Beginning of Night
2018-01-04T03:36:24 [main.py:525 - <module>()] INFO: Waiting For the Dome to Open at Beginning of Night
2018-01-04T03:37:24 [main.py:525 - <module>()] INFO: Waiting For the Dome to Open at Beginning of Night
2018-01-04T03:38:25 [main.py:525 - <module>()] INFO: Waiting For the Dome to Open at Beginning of Night
2018-01-04T03:39:25 [main.py:525 - <module>()] INFO: Waiting For the Dome to Open at Beginning of Night
2018-01-04T03:40:25 [main.py:525 - <module>()] INFO: Waiting For the Dome to Open at Beginning of Night
2018-01-04T03:41:25 [main.py:525 - <module>()] INFO: Waiting For the Dome to Open at Beginning of Night
2018-01-04T03:42:26 [main.py:525 - <module>()] INFO: Waiting For the Dome to Open at Beginning of Night
2018-01-04T03:43:26 [main.py:525 - <module>()] INFO: Waiting For the Dome to Open at Beginning of Night
2018-01-04T03:44:26 [main.py:525 - <module>()] INFO: Waiting For the Dome to Open at Beginning of Night
2018-01-04T03:45:26 [main.py:525 - <module>()] INFO: Waiting For the Dome to Open at Beginning of Night
2018-01-04T03:46:27 [main.py:525 - <module>()] INFO: Waiting For the Dome to Open at Beginning of Night
2018-01-04T03:47:27 [main.py:525 - <module>()] INFO: Waiting For the Dome to Open at Beginning of Night
2018-01-04T03:48:27 [main.py:525 - <module>()] INFO: Waiting For the Dome to Open at Beginning of Night
2018-01-04T03:49:28 [main.py:525 - <module>()] INFO: Waiting For the Dome to Open at Beginning of Night
2018-01-04T03:50:28 [main.py:525 - <module>()] INFO: Waiting For the Dome to Open at Beginning of Night
2018-01-04T03:51:28 [main.py:525 - <module>()] INFO: Waiting For the Dome to Open at Beginning of Night
2018-01-04T03:52:28 [main.py:525 - <module>()] INFO: Waiting For the Dome to Open at Beginning of Night
2018-01-04T03:53:29 [main.py:525 - <module>()] INFO: Waiting For the Dome to Open at Beginning of Night
2018-01-04T03:54:29 [main.py:525 - <module>()] INFO: Waiting For the Dome to Open at Beginning of Night
2018-01-04T03:55:29 [main.py:525 - <module>()] INFO: Waiting For the Dome to Open at Beginning of Night
2018-01-04T03:56:30 [main.py:525 - <module>()] INFO: Waiting For the Dome to Open at Beginning of Night
2018-01-04T03:57:30 [main.py:525 - <module>()] INFO: Waiting For the Dome to Open at Beginning of Night
2018-01-04T03:58:30 [main.py:525 - <module>()] INFO: Waiting For the Dome to Open at Beginning of Night
2018-01-04T03:59:30 [main.py:525 - <module>()] INFO: Waiting For the Dome to Open at Beginning of Night
2018-01-04T04:00:31 [main.py:525 - <module>()] INFO: Waiting For the Dome to Open at Beginning of Night
2018-01-04T04:01:31 [main.py:525 - <module>()] INFO: Waiting For the Dome to Open at Beginning of Night
2018-01-04T04:02:31 [main.py:525 - <module>()] INFO: Waiting For the Dome to Open at Beginning of Night
2018-01-04T04:03:32 [main.py:525 - <module>()] INFO: Waiting For the Dome to Open at Beginning of Night
2018-01-04T04:04:32 [main.py:525 - <module>()] INFO: Waiting For the Dome to Open at Beginning of Night
2018-01-04T04:05:32 [main.py:525 - <module>()] INFO: Waiting For the Dome to Open at Beginning of Night
2018-01-04T04:06:32 [main.py:525 - <module>()] INFO: Waiting For the Dome to Open at Beginning of Night
2018-01-04T04:07:33 [main.py:525 - <module>()] INFO: Waiting For the Dome to Open at Beginning of Night
2018-01-04T04:08:33 [main.py:525 - <module>()] INFO: Waiting For the Dome to Open at Beginning of Night
2018-01-04T04:09:33 [main.py:525 - <module>()] INFO: Waiting For the Dome to Open at Beginning of Night
2018-01-04T04:10:33 [main.py:525 - <module>()] INFO: Waiting For the Dome to Open at Beginning of Night
2018-01-04T04:11:34 [main.py:525 - <module>()] INFO: Waiting For the Dome to Open at Beginning of Night
2018-01-04T04:12:34 [main.py:525 - <module>()] INFO: Waiting For the Dome to Open at Beginning of Night
2018-01-04T04:13:34 [main.py:525 - <module>()] INFO: Waiting For the Dome to Open at Beginning of Night
2018-01-04T04:14:35 [main.py:525 - <module>()] INFO: Waiting For the Dome to Open at Beginning of Night
2018-01-04T04:15:35 [main.py:525 - <module>()] INFO: Waiting For the Dome to Open at Beginning of Night
2018-01-04T04:16:35 [main.py:525 - <module>()] INFO: Waiting For the Dome to Open at Beginning of Night
2018-01-04T04:17:35 [main.py:525 - <module>()] INFO: Waiting For the Dome to Open at Beginning of Night
2018-01-04T04:18:36 [main.py:525 - <module>()] INFO: Waiting For the Dome to Open at Beginning of Night
2018-01-04T04:19:36 [main.py:525 - <module>()] INFO: Waiting For the Dome to Open at Beginning of Night
2018-01-04T04:20:36 [main.py:525 - <module>()] INFO: Waiting For the Dome to Open at Beginning of Night
2018-01-04T04:21:36 [main.py:525 - <module>()] INFO: Waiting For the Dome to Open at Beginning of Night
2018-01-04T04:22:37 [main.py:525 - <module>()] INFO: Waiting For the Dome to Open at Beginning of Night
2018-01-04T04:23:37 [main.py:525 - <module>()] INFO: Waiting For the Dome to Open at Beginning of Night
2018-01-04T04:24:37 [main.py:525 - <module>()] INFO: Waiting For the Dome to Open at Beginning of Night
2018-01-04T04:25:38 [main.py:525 - <module>()] INFO: Waiting For the Dome to Open at Beginning of Night
2018-01-04T04:26:38 [main.py:525 - <module>()] INFO: Waiting For the Dome to Open at Beginning of Night
2018-01-04T04:27:38 [main.py:525 - <module>()] INFO: Waiting For the Dome to Open at Beginning of Night
2018-01-04T04:28:38 [main.py:525 - <module>()] INFO: Waiting For the Dome to Open at Beginning of Night
2018-01-04T04:29:39 [main.py:525 - <module>()] INFO: Waiting For the Dome to Open at Beginning of Night
2018-01-04T04:30:39 [main.py:525 - <module>()] INFO: Waiting For the Dome to Open at Beginning of Night
2018-01-04T04:31:39 [main.py:525 - <module>()] INFO: Waiting For the Dome to Open at Beginning of Night
2018-01-04T04:32:40 [main.py:525 - <module>()] INFO: Waiting For the Dome to Open at Beginning of Night
2018-01-04T04:33:40 [main.py:525 - <module>()] INFO: Waiting For the Dome to Open at Beginning of Night
2018-01-04T04:34:40 [main.py:525 - <module>()] INFO: Waiting For the Dome to Open at Beginning of Night
2018-01-04T04:35:40 [main.py:525 - <module>()] INFO: Waiting For the Dome to Open at Beginning of Night
2018-01-04T04:36:41 [main.py:525 - <module>()] INFO: Waiting For the Dome to Open at Beginning of Night
2018-01-04T04:37:41 [main.py:525 - <module>()] INFO: Waiting For the Dome to Open at Beginning of Night
2018-01-04T04:38:41 [main.py:525 - <module>()] INFO: Waiting For the Dome to Open at Beginning of Night
2018-01-04T04:39:41 [main.py:525 - <module>()] INFO: Waiting For the Dome to Open at Beginning of Night
2018-01-04T04:40:42 [main.py:525 - <module>()] INFO: Waiting For the Dome to Open at Beginning of Night
2018-01-04T04:41:42 [main.py:525 - <module>()] INFO: Waiting For the Dome to Open at Beginning of Night
2018-01-04T04:42:42 [main.py:525 - <module>()] INFO: Waiting For the Dome to Open at Beginning of Night
2018-01-04T04:43:43 [main.py:525 - <module>()] INFO: Waiting For the Dome to Open at Beginning of Night
2018-01-04T04:44:43 [main.py:525 - <module>()] INFO: Waiting For the Dome to Open at Beginning of Night
2018-01-04T04:45:43 [main.py:525 - <module>()] INFO: Waiting For the Dome to Open at Beginning of Night
2018-01-04T04:46:43 [main.py:525 - <module>()] INFO: Waiting For the Dome to Open at Beginning of Night
2018-01-04T04:47:44 [main.py:525 - <module>()] INFO: Waiting For the Dome to Open at Beginning of Night
2018-01-04T04:48:44 [main.py:525 - <module>()] INFO: Waiting For the Dome to Open at Beginning of Night
2018-01-04T04:49:44 [main.py:525 - <module>()] INFO: Waiting For the Dome to Open at Beginning of Night
2018-01-04T04:50:44 [main.py:525 - <module>()] INFO: Waiting For the Dome to Open at Beginning of Night
2018-01-04T04:51:45 [main.py:525 - <module>()] INFO: Waiting For the Dome to Open at Beginning of Night
2018-01-04T04:52:45 [main.py:525 - <module>()] INFO: Waiting For the Dome to Open at Beginning of Night
2018-01-04T04:53:45 [main.py:525 - <module>()] INFO: Waiting For the Dome to Open at Beginning of Night
2018-01-04T04:54:46 [main.py:525 - <module>()] INFO: Waiting For the Dome to Open at Beginning of Night
2018-01-04T04:55:46 [main.py:525 - <module>()] INFO: Waiting For the Dome to Open at Beginning of Night
2018-01-04T04:56:46 [main.py:525 - <module>()] INFO: Waiting For the Dome to Open at Beginning of Night
2018-01-04T04:57:46 [main.py:525 - <module>()] INFO: Waiting For the Dome to Open at Beginning of Night
2018-01-04T04:58:47 [main.py:525 - <module>()] INFO: Waiting For the Dome to Open at Beginning of Night
2018-01-04T04:59:47 [main.py:525 - <module>()] INFO: Waiting For the Dome to Open at Beginning of Night
2018-01-04T05:00:47 [main.py:525 - <module>()] INFO: Waiting For the Dome to Open at Beginning of Night
2018-01-04T05:01:47 [main.py:525 - <module>()] INFO: Waiting For the Dome to Open at Beginning of Night
2018-01-04T05:02:48 [main.py:525 - <module>()] INFO: Waiting For the Dome to Open at Beginning of Night
2018-01-04T05:03:48 [main.py:525 - <module>()] INFO: Waiting For the Dome to Open at Beginning of Night
2018-01-04T05:04:48 [main.py:525 - <module>()] INFO: Waiting For the Dome to Open at Beginning of Night
2018-01-04T05:05:49 [main.py:525 - <module>()] INFO: Waiting For the Dome to Open at Beginning of Night
2018-01-04T05:06:49 [main.py:525 - <module>()] INFO: Waiting For the Dome to Open at Beginning of Night
2018-01-04T05:07:49 [main.py:525 - <module>()] INFO: Waiting For the Dome to Open at Beginning of Night
2018-01-04T05:08:49 [main.py:525 - <module>()] INFO: Waiting For the Dome to Open at Beginning of Night
2018-01-04T05:09:50 [main.py:525 - <module>()] INFO: Waiting For the Dome to Open at Beginning of Night
2018-01-04T05:10:50 [main.py:525 - <module>()] INFO: Waiting For the Dome to Open at Beginning of Night
2018-01-04T05:11:50 [main.py:525 - <module>()] INFO: Waiting For the Dome to Open at Beginning of Night
2018-01-04T05:12:51 [main.py:525 - <module>()] INFO: Waiting For the Dome to Open at Beginning of Night
2018-01-04T05:13:51 [main.py:525 - <module>()] INFO: Waiting For the Dome to Open at Beginning of Night
2018-01-04T05:14:51 [main.py:525 - <module>()] INFO: Waiting For the Dome to Open at Beginning of Night
2018-01-04T05:15:51 [main.py:525 - <module>()] INFO: Waiting For the Dome to Open at Beginning of Night
2018-01-04T05:16:52 [main.py:525 - <module>()] INFO: Waiting For the Dome to Open at Beginning of Night
2018-01-04T05:17:52 [main.py:525 - <module>()] INFO: Waiting For the Dome to Open at Beginning of Night
2018-01-04T05:18:52 [main.py:525 - <module>()] INFO: Waiting For the Dome to Open at Beginning of Night
2018-01-04T05:19:52 [main.py:525 - <module>()] INFO: Waiting For the Dome to Open at Beginning of Night
2018-01-04T05:20:53 [main.py:525 - <module>()] INFO: Waiting For the Dome to Open at Beginning of Night
2018-01-04T05:21:53 [main.py:525 - <module>()] INFO: Waiting For the Dome to Open at Beginning of Night
2018-01-04T05:22:53 [main.py:525 - <module>()] INFO: Waiting For the Dome to Open at Beginning of Night
2018-01-04T05:23:54 [main.py:525 - <module>()] INFO: Waiting For the Dome to Open at Beginning of Night
2018-01-04T05:24:54 [main.py:525 - <module>()] INFO: Waiting For the Dome to Open at Beginning of Night
2018-01-04T05:25:54 [main.py:525 - <module>()] INFO: Waiting For the Dome to Open at Beginning of Night
2018-01-04T05:26:54 [main.py:525 - <module>()] INFO: Waiting For the Dome to Open at Beginning of Night
2018-01-04T05:27:55 [main.py:525 - <module>()] INFO: Waiting For the Dome to Open at Beginning of Night
2018-01-04T05:28:55 [main.py:525 - <module>()] INFO: Waiting For the Dome to Open at Beginning of Night
2018-01-04T05:29:55 [main.py:525 - <module>()] INFO: Waiting For the Dome to Open at Beginning of Night
2018-01-04T05:30:56 [main.py:525 - <module>()] INFO: Waiting For the Dome to Open at Beginning of Night
2018-01-04T05:31:56 [main.py:525 - <module>()] INFO: Waiting For the Dome to Open at Beginning of Night
2018-01-04T05:32:56 [main.py:525 - <module>()] INFO: Waiting For the Dome to Open at Beginning of Night
2018-01-04T05:33:56 [main.py:525 - <module>()] INFO: Waiting For the Dome to Open at Beginning of Night
2018-01-04T05:34:57 [main.py:525 - <module>()] INFO: Waiting For the Dome to Open at Beginning of Night
2018-01-04T05:35:57 [main.py:525 - <module>()] INFO: Waiting For the Dome to Open at Beginning of Night
2018-01-04T05:36:57 [main.py:525 - <module>()] INFO: Waiting For the Dome to Open at Beginning of Night
2018-01-04T05:37:58 [main.py:525 - <module>()] INFO: Waiting For the Dome to Open at Beginning of Night
2018-01-04T05:38:58 [main.py:525 - <module>()] INFO: Waiting For the Dome to Open at Beginning of Night
2018-01-04T05:39:58 [main.py:525 - <module>()] INFO: Waiting For the Dome to Open at Beginning of Night
2018-01-04T05:40:58 [main.py:525 - <module>()] INFO: Waiting For the Dome to Open at Beginning of Night
2018-01-04T05:41:59 [main.py:525 - <module>()] INFO: Waiting For the Dome to Open at Beginning of Night
2018-01-04T05:42:59 [main.py:525 - <module>()] INFO: Waiting For the Dome to Open at Beginning of Night
2018-01-04T05:43:59 [main.py:525 - <module>()] INFO: Waiting For the Dome to Open at Beginning of Night
2018-01-04T05:44:59 [main.py:525 - <module>()] INFO: Waiting For the Dome to Open at Beginning of Night
2018-01-04T05:46:00 [main.py:525 - <module>()] INFO: Waiting For the Dome to Open at Beginning of Night
2018-01-04T05:47:00 [main.py:525 - <module>()] INFO: Waiting For the Dome to Open at Beginning of Night
2018-01-04T05:48:00 [main.py:525 - <module>()] INFO: Waiting For the Dome to Open at Beginning of Night
2018-01-04T05:49:00 [main.py:525 - <module>()] INFO: Waiting For the Dome to Open at Beginning of Night
2018-01-04T05:50:01 [main.py:525 - <module>()] INFO: Waiting For the Dome to Open at Beginning of Night
2018-01-04T05:51:01 [main.py:525 - <module>()] INFO: Waiting For the Dome to Open at Beginning of Night
2018-01-04T05:52:01 [main.py:525 - <module>()] INFO: Waiting For the Dome to Open at Beginning of Night
2018-01-04T05:53:02 [main.py:525 - <module>()] INFO: Waiting For the Dome to Open at Beginning of Night
2018-01-04T05:54:02 [main.py:525 - <module>()] INFO: Waiting For the Dome to Open at Beginning of Night
2018-01-04T05:55:02 [main.py:525 - <module>()] INFO: Waiting For the Dome to Open at Beginning of Night
2018-01-04T05:56:02 [main.py:525 - <module>()] INFO: Waiting For the Dome to Open at Beginning of Night
2018-01-04T05:57:03 [main.py:525 - <module>()] INFO: Waiting For the Dome to Open at Beginning of Night
2018-01-04T05:58:03 [main.py:525 - <module>()] INFO: Waiting For the Dome to Open at Beginning of Night
2018-01-04T05:59:03 [main.py:525 - <module>()] INFO: Waiting For the Dome to Open at Beginning of Night
2018-01-04T06:00:03 [main.py:525 - <module>()] INFO: Waiting For the Dome to Open at Beginning of Night
2018-01-04T06:01:04 [main.py:525 - <module>()] INFO: Waiting For the Dome to Open at Beginning of Night
2018-01-04T06:02:04 [main.py:525 - <module>()] INFO: Waiting For the Dome to Open at Beginning of Night
2018-01-04T06:03:04 [main.py:525 - <module>()] INFO: Waiting For the Dome to Open at Beginning of Night
2018-01-04T06:04:05 [main.py:525 - <module>()] INFO: Waiting For the Dome to Open at Beginning of Night
2018-01-04T06:05:05 [main.py:525 - <module>()] INFO: Waiting For the Dome to Open at Beginning of Night
2018-01-04T06:06:05 [main.py:525 - <module>()] INFO: Waiting For the Dome to Open at Beginning of Night
2018-01-04T06:07:05 [main.py:525 - <module>()] INFO: Waiting For the Dome to Open at Beginning of Night
2018-01-04T06:08:06 [main.py:525 - <module>()] INFO: Waiting For the Dome to Open at Beginning of Night
2018-01-04T06:09:06 [main.py:525 - <module>()] INFO: Waiting For the Dome to Open at Beginning of Night
2018-01-04T06:10:06 [main.py:525 - <module>()] INFO: Waiting For the Dome to Open at Beginning of Night
2018-01-04T06:11:06 [main.py:525 - <module>()] INFO: Waiting For the Dome to Open at Beginning of Night
2018-01-04T06:12:07 [main.py:525 - <module>()] INFO: Waiting For the Dome to Open at Beginning of Night
2018-01-04T06:13:07 [main.py:525 - <module>()] INFO: Waiting For the Dome to Open at Beginning of Night
2018-01-04T06:14:07 [main.py:525 - <module>()] INFO: Waiting For the Dome to Open at Beginning of Night
2018-01-04T06:15:08 [main.py:525 - <module>()] INFO: Waiting For the Dome to Open at Beginning of Night
2018-01-04T06:16:08 [main.py:525 - <module>()] INFO: Waiting For the Dome to Open at Beginning of Night
2018-01-04T06:17:08 [main.py:525 - <module>()] INFO: Waiting For the Dome to Open at Beginning of Night
2018-01-04T06:18:08 [main.py:525 - <module>()] INFO: Waiting For the Dome to Open at Beginning of Night
2018-01-04T06:19:09 [main.py:525 - <module>()] INFO: Waiting For the Dome to Open at Beginning of Night
2018-01-04T06:20:09 [main.py:525 - <module>()] INFO: Waiting For the Dome to Open at Beginning of Night
2018-01-04T06:21:09 [main.py:525 - <module>()] INFO: Waiting For the Dome to Open at Beginning of Night
2018-01-04T06:22:09 [main.py:525 - <module>()] INFO: Waiting For the Dome to Open at Beginning of Night
2018-01-04T06:23:10 [main.py:525 - <module>()] INFO: Waiting For the Dome to Open at Beginning of Night
2018-01-04T06:24:10 [main.py:525 - <module>()] INFO: Waiting For the Dome to Open at Beginning of Night
2018-01-04T06:25:10 [main.py:525 - <module>()] INFO: Waiting For the Dome to Open at Beginning of Night
2018-01-04T06:26:11 [main.py:525 - <module>()] INFO: Waiting For the Dome to Open at Beginning of Night
2018-01-04T06:27:11 [main.py:525 - <module>()] INFO: Waiting For the Dome to Open at Beginning of Night
2018-01-04T06:28:11 [main.py:525 - <module>()] INFO: Waiting For the Dome to Open at Beginning of Night
2018-01-04T06:29:11 [main.py:525 - <module>()] INFO: Waiting For the Dome to Open at Beginning of Night
2018-01-04T06:30:12 [main.py:525 - <module>()] INFO: Waiting For the Dome to Open at Beginning of Night
2018-01-04T06:31:12 [main.py:525 - <module>()] INFO: Waiting For the Dome to Open at Beginning of Night
2018-01-04T06:32:12 [main.py:525 - <module>()] INFO: Waiting For the Dome to Open at Beginning of Night
2018-01-04T06:33:12 [main.py:525 - <module>()] INFO: Waiting For the Dome to Open at Beginning of Night
2018-01-04T06:34:13 [main.py:525 - <module>()] INFO: Waiting For the Dome to Open at Beginning of Night
2018-01-04T06:35:13 [main.py:525 - <module>()] INFO: Waiting For the Dome to Open at Beginning of Night
2018-01-04T06:36:13 [main.py:525 - <module>()] INFO: Waiting For the Dome to Open at Beginning of Night
2018-01-04T06:37:14 [main.py:525 - <module>()] INFO: Waiting For the Dome to Open at Beginning of Night
2018-01-04T06:38:14 [main.py:525 - <module>()] INFO: Waiting For the Dome to Open at Beginning of Night
2018-01-04T06:39:14 [main.py:525 - <module>()] INFO: Waiting For the Dome to Open at Beginning of Night
2018-01-04T06:40:14 [main.py:525 - <module>()] INFO: Waiting For the Dome to Open at Beginning of Night
2018-01-04T06:41:15 [main.py:525 - <module>()] INFO: Waiting For the Dome to Open at Beginning of Night
2018-01-04T06:42:15 [main.py:525 - <module>()] INFO: Waiting For the Dome to Open at Beginning of Night
2018-01-04T06:43:15 [main.py:525 - <module>()] INFO: Waiting For the Dome to Open at Beginning of Night
2018-01-04T06:44:16 [main.py:525 - <module>()] INFO: Waiting For the Dome to Open at Beginning of Night
2018-01-04T06:45:16 [main.py:525 - <module>()] INFO: Waiting For the Dome to Open at Beginning of Night
2018-01-04T06:46:16 [main.py:525 - <module>()] INFO: Waiting For the Dome to Open at Beginning of Night
2018-01-04T06:47:16 [main.py:525 - <module>()] INFO: Waiting For the Dome to Open at Beginning of Night
2018-01-04T06:48:17 [main.py:525 - <module>()] INFO: Waiting For the Dome to Open at Beginning of Night
2018-01-04T06:49:17 [main.py:525 - <module>()] INFO: Waiting For the Dome to Open at Beginning of Night
2018-01-04T06:50:17 [main.py:525 - <module>()] INFO: Waiting For the Dome to Open at Beginning of Night
2018-01-04T06:51:17 [main.py:525 - <module>()] INFO: Waiting For the Dome to Open at Beginning of Night
2018-01-04T06:52:18 [main.py:525 - <module>()] INFO: Waiting For the Dome to Open at Beginning of Night
2018-01-04T06:53:18 [main.py:525 - <module>()] INFO: Waiting For the Dome to Open at Beginning of Night
2018-01-04T06:54:18 [main.py:525 - <module>()] INFO: Waiting For the Dome to Open at Beginning of Night
2018-01-04T06:55:19 [main.py:525 - <module>()] INFO: Waiting For the Dome to Open at Beginning of Night
2018-01-04T06:56:19 [main.py:525 - <module>()] INFO: Waiting For the Dome to Open at Beginning of Night
2018-01-04T06:57:19 [main.py:525 - <module>()] INFO: Waiting For the Dome to Open at Beginning of Night
2018-01-04T06:58:19 [main.py:525 - <module>()] INFO: Waiting For the Dome to Open at Beginning of Night
2018-01-04T06:59:20 [main.py:525 - <module>()] INFO: Waiting For the Dome to Open at Beginning of Night
2018-01-04T07:00:20 [main.py:525 - <module>()] INFO: Waiting For the Dome to Open at Beginning of Night
2018-01-04T07:01:20 [main.py:525 - <module>()] INFO: Waiting For the Dome to Open at Beginning of Night
2018-01-04T07:02:20 [main.py:525 - <module>()] INFO: Waiting For the Dome to Open at Beginning of Night
2018-01-04T07:03:21 [main.py:525 - <module>()] INFO: Waiting For the Dome to Open at Beginning of Night
2018-01-04T07:04:21 [main.py:525 - <module>()] INFO: Waiting For the Dome to Open at Beginning of Night
2018-01-04T07:05:21 [main.py:525 - <module>()] INFO: Waiting For the Dome to Open at Beginning of Night
2018-01-04T07:06:22 [main.py:525 - <module>()] INFO: Waiting For the Dome to Open at Beginning of Night
2018-01-04T07:07:22 [main.py:525 - <module>()] INFO: Waiting For the Dome to Open at Beginning of Night
2018-01-04T07:08:22 [main.py:525 - <module>()] INFO: Waiting For the Dome to Open at Beginning of Night
2018-01-04T07:09:22 [main.py:525 - <module>()] INFO: Waiting For the Dome to Open at Beginning of Night
2018-01-04T07:10:23 [main.py:525 - <module>()] INFO: Waiting For the Dome to Open at Beginning of Night
2018-01-04T07:11:23 [main.py:525 - <module>()] INFO: Waiting For the Dome to Open at Beginning of Night
2018-01-04T07:12:23 [main.py:525 - <module>()] INFO: Waiting For the Dome to Open at Beginning of Night
2018-01-04T07:13:24 [main.py:525 - <module>()] INFO: Waiting For the Dome to Open at Beginning of Night
2018-01-04T07:14:24 [main.py:525 - <module>()] INFO: Waiting For the Dome to Open at Beginning of Night
2018-01-04T07:15:24 [main.py:525 - <module>()] INFO: Waiting For the Dome to Open at Beginning of Night
2018-01-04T07:16:24 [main.py:525 - <module>()] INFO: Waiting For the Dome to Open at Beginning of Night
2018-01-04T07:17:25 [main.py:525 - <module>()] INFO: Waiting For the Dome to Open at Beginning of Night
2018-01-04T07:18:25 [main.py:525 - <module>()] INFO: Waiting For the Dome to Open at Beginning of Night
2018-01-04T07:19:25 [main.py:525 - <module>()] INFO: Waiting For the Dome to Open at Beginning of Night
2018-01-04T07:20:26 [main.py:525 - <module>()] INFO: Waiting For the Dome to Open at Beginning of Night
2018-01-04T07:21:26 [main.py:525 - <module>()] INFO: Waiting For the Dome to Open at Beginning of Night
2018-01-04T07:22:26 [main.py:525 - <module>()] INFO: Waiting For the Dome to Open at Beginning of Night
2018-01-04T07:23:26 [main.py:525 - <module>()] INFO: Waiting For the Dome to Open at Beginning of Night
2018-01-04T07:24:27 [main.py:525 - <module>()] INFO: Waiting For the Dome to Open at Beginning of Night
2018-01-04T07:25:27 [main.py:525 - <module>()] INFO: Waiting For the Dome to Open at Beginning of Night
2018-01-04T07:26:27 [main.py:525 - <module>()] INFO: Waiting For the Dome to Open at Beginning of Night
2018-01-04T07:27:27 [main.py:525 - <module>()] INFO: Waiting For the Dome to Open at Beginning of Night
2018-01-04T07:28:28 [main.py:525 - <module>()] INFO: Waiting For the Dome to Open at Beginning of Night
2018-01-04T07:29:28 [main.py:525 - <module>()] INFO: Waiting For the Dome to Open at Beginning of Night
2018-01-04T07:30:28 [main.py:525 - <module>()] INFO: Waiting For the Dome to Open at Beginning of Night
2018-01-04T07:31:29 [main.py:525 - <module>()] INFO: Waiting For the Dome to Open at Beginning of Night
2018-01-04T07:32:29 [main.py:525 - <module>()] INFO: Waiting For the Dome to Open at Beginning of Night
2018-01-04T07:33:29 [main.py:525 - <module>()] INFO: Waiting For the Dome to Open at Beginning of Night
2018-01-04T07:34:29 [main.py:525 - <module>()] INFO: Waiting For the Dome to Open at Beginning of Night
2018-01-04T07:35:30 [main.py:525 - <module>()] INFO: Waiting For the Dome to Open at Beginning of Night
2018-01-04T07:36:30 [main.py:525 - <module>()] INFO: Waiting For the Dome to Open at Beginning of Night
2018-01-04T07:37:30 [main.py:525 - <module>()] INFO: Waiting For the Dome to Open at Beginning of Night
2018-01-04T07:38:31 [main.py:525 - <module>()] INFO: Waiting For the Dome to Open at Beginning of Night
2018-01-04T07:39:31 [main.py:525 - <module>()] INFO: Waiting For the Dome to Open at Beginning of Night
2018-01-04T07:40:31 [main.py:525 - <module>()] INFO: Waiting For the Dome to Open at Beginning of Night
2018-01-04T07:41:31 [main.py:525 - <module>()] INFO: Waiting For the Dome to Open at Beginning of Night
2018-01-04T07:42:32 [main.py:525 - <module>()] INFO: Waiting For the Dome to Open at Beginning of Night
2018-01-04T07:43:32 [main.py:525 - <module>()] INFO: Waiting For the Dome to Open at Beginning of Night
2018-01-04T07:44:32 [main.py:525 - <module>()] INFO: Waiting For the Dome to Open at Beginning of Night
2018-01-04T07:45:32 [main.py:525 - <module>()] INFO: Waiting For the Dome to Open at Beginning of Night
2018-01-04T07:46:33 [main.py:525 - <module>()] INFO: Waiting For the Dome to Open at Beginning of Night
2018-01-04T07:47:33 [main.py:525 - <module>()] INFO: Waiting For the Dome to Open at Beginning of Night
2018-01-04T07:48:33 [main.py:525 - <module>()] INFO: Waiting For the Dome to Open at Beginning of Night
2018-01-04T07:49:34 [main.py:525 - <module>()] INFO: Waiting For the Dome to Open at Beginning of Night
2018-01-04T07:50:34 [main.py:525 - <module>()] INFO: Waiting For the Dome to Open at Beginning of Night
2018-01-04T07:51:34 [main.py:525 - <module>()] INFO: Waiting For the Dome to Open at Beginning of Night
2018-01-04T07:52:34 [main.py:525 - <module>()] INFO: Waiting For the Dome to Open at Beginning of Night
2018-01-04T07:53:35 [main.py:525 - <module>()] INFO: Waiting For the Dome to Open at Beginning of Night
2018-01-04T07:54:35 [main.py:525 - <module>()] INFO: Waiting For the Dome to Open at Beginning of Night
2018-01-04T07:55:35 [main.py:525 - <module>()] INFO: Waiting For the Dome to Open at Beginning of Night
2018-01-04T07:56:36 [main.py:525 - <module>()] INFO: Waiting For the Dome to Open at Beginning of Night
2018-01-04T07:57:36 [main.py:525 - <module>()] INFO: Waiting For the Dome to Open at Beginning of Night
2018-01-04T07:58:36 [main.py:525 - <module>()] INFO: Waiting For the Dome to Open at Beginning of Night
2018-01-04T07:59:36 [main.py:525 - <module>()] INFO: Waiting For the Dome to Open at Beginning of Night
2018-01-04T08:00:37 [main.py:525 - <module>()] INFO: Waiting For the Dome to Open at Beginning of Night
2018-01-04T08:01:37 [main.py:525 - <module>()] INFO: Waiting For the Dome to Open at Beginning of Night
2018-01-04T08:02:37 [main.py:525 - <module>()] INFO: Waiting For the Dome to Open at Beginning of Night
2018-01-04T08:03:37 [main.py:525 - <module>()] INFO: Waiting For the Dome to Open at Beginning of Night
2018-01-04T08:04:38 [main.py:525 - <module>()] INFO: Waiting For the Dome to Open at Beginning of Night
2018-01-04T08:05:38 [main.py:525 - <module>()] INFO: Waiting For the Dome to Open at Beginning of Night
2018-01-04T08:06:38 [main.py:525 - <module>()] INFO: Waiting For the Dome to Open at Beginning of Night
2018-01-04T08:07:39 [main.py:525 - <module>()] INFO: Waiting For the Dome to Open at Beginning of Night
2018-01-04T08:08:39 [main.py:525 - <module>()] INFO: Waiting For the Dome to Open at Beginning of Night
2018-01-04T08:09:39 [main.py:525 - <module>()] INFO: Waiting For the Dome to Open at Beginning of Night
2018-01-04T08:10:39 [main.py:525 - <module>()] INFO: Waiting For the Dome to Open at Beginning of Night
2018-01-04T08:11:40 [main.py:525 - <module>()] INFO: Waiting For the Dome to Open at Beginning of Night
2018-01-04T08:12:40 [main.py:525 - <module>()] INFO: Waiting For the Dome to Open at Beginning of Night
2018-01-04T08:13:40 [main.py:525 - <module>()] INFO: Waiting For the Dome to Open at Beginning of Night
2018-01-04T08:14:41 [main.py:525 - <module>()] INFO: Waiting For the Dome to Open at Beginning of Night
2018-01-04T08:15:41 [main.py:525 - <module>()] INFO: Waiting For the Dome to Open at Beginning of Night
2018-01-04T08:16:41 [main.py:525 - <module>()] INFO: Waiting For the Dome to Open at Beginning of Night
2018-01-04T08:17:41 [main.py:525 - <module>()] INFO: Waiting For the Dome to Open at Beginning of Night
2018-01-04T08:18:42 [main.py:525 - <module>()] INFO: Waiting For the Dome to Open at Beginning of Night
2018-01-04T08:19:42 [main.py:525 - <module>()] INFO: Waiting For the Dome to Open at Beginning of Night
2018-01-04T08:20:42 [main.py:525 - <module>()] INFO: Waiting For the Dome to Open at Beginning of Night
2018-01-04T08:21:43 [main.py:525 - <module>()] INFO: Waiting For the Dome to Open at Beginning of Night
2018-01-04T08:22:43 [main.py:525 - <module>()] INFO: Waiting For the Dome to Open at Beginning of Night
2018-01-04T08:23:43 [main.py:525 - <module>()] INFO: Waiting For the Dome to Open at Beginning of Night
2018-01-04T08:24:43 [main.py:525 - <module>()] INFO: Waiting For the Dome to Open at Beginning of Night
2018-01-04T08:25:44 [main.py:525 - <module>()] INFO: Waiting For the Dome to Open at Beginning of Night
2018-01-04T08:26:44 [main.py:525 - <module>()] INFO: Waiting For the Dome to Open at Beginning of Night
2018-01-04T08:27:44 [main.py:525 - <module>()] INFO: Waiting For the Dome to Open at Beginning of Night
2018-01-04T08:28:44 [main.py:525 - <module>()] INFO: Waiting For the Dome to Open at Beginning of Night
2018-01-04T08:29:45 [main.py:525 - <module>()] INFO: Waiting For the Dome to Open at Beginning of Night
2018-01-04T08:30:45 [main.py:525 - <module>()] INFO: Waiting For the Dome to Open at Beginning of Night
2018-01-04T08:31:45 [main.py:525 - <module>()] INFO: Waiting For the Dome to Open at Beginning of Night
2018-01-04T08:32:46 [main.py:525 - <module>()] INFO: Waiting For the Dome to Open at Beginning of Night
2018-01-04T08:33:46 [main.py:525 - <module>()] INFO: Waiting For the Dome to Open at Beginning of Night
2018-01-04T08:34:46 [main.py:525 - <module>()] INFO: Waiting For the Dome to Open at Beginning of Night
2018-01-04T08:35:46 [main.py:525 - <module>()] INFO: Waiting For the Dome to Open at Beginning of Night
2018-01-04T08:36:47 [main.py:525 - <module>()] INFO: Waiting For the Dome to Open at Beginning of Night
2018-01-04T08:37:47 [main.py:525 - <module>()] INFO: Waiting For the Dome to Open at Beginning of Night
2018-01-04T08:38:47 [main.py:525 - <module>()] INFO: Waiting For the Dome to Open at Beginning of Night
2018-01-04T08:39:48 [main.py:525 - <module>()] INFO: Waiting For the Dome to Open at Beginning of Night
2018-01-04T08:40:48 [main.py:525 - <module>()] INFO: Waiting For the Dome to Open at Beginning of Night
2018-01-04T08:41:48 [main.py:525 - <module>()] INFO: Waiting For the Dome to Open at Beginning of Night
2018-01-04T08:42:48 [main.py:525 - <module>()] INFO: Waiting For the Dome to Open at Beginning of Night
2018-01-04T08:43:49 [main.py:525 - <module>()] INFO: Waiting For the Dome to Open at Beginning of Night
2018-01-04T08:44:49 [main.py:525 - <module>()] INFO: Waiting For the Dome to Open at Beginning of Night
2018-01-04T08:45:49 [main.py:525 - <module>()] INFO: Waiting For the Dome to Open at Beginning of Night
2018-01-04T08:46:49 [main.py:525 - <module>()] INFO: Waiting For the Dome to Open at Beginning of Night
2018-01-04T08:47:50 [main.py:525 - <module>()] INFO: Waiting For the Dome to Open at Beginning of Night
2018-01-04T08:48:50 [main.py:525 - <module>()] INFO: Waiting For the Dome to Open at Beginning of Night
2018-01-04T08:49:50 [main.py:525 - <module>()] INFO: Waiting For the Dome to Open at Beginning of Night
2018-01-04T08:50:51 [main.py:525 - <module>()] INFO: Waiting For the Dome to Open at Beginning of Night
2018-01-04T08:51:51 [main.py:525 - <module>()] INFO: Waiting For the Dome to Open at Beginning of Night
2018-01-04T08:52:51 [main.py:525 - <module>()] INFO: Waiting For the Dome to Open at Beginning of Night
2018-01-04T08:53:51 [main.py:525 - <module>()] INFO: Waiting For the Dome to Open at Beginning of Night
2018-01-04T08:54:52 [main.py:525 - <module>()] INFO: Waiting For the Dome to Open at Beginning of Night
2018-01-04T08:55:52 [main.py:525 - <module>()] INFO: Waiting For the Dome to Open at Beginning of Night
2018-01-04T08:56:52 [main.py:525 - <module>()] INFO: Waiting For the Dome to Open at Beginning of Night
2018-01-04T08:57:53 [main.py:525 - <module>()] INFO: Waiting For the Dome to Open at Beginning of Night
2018-01-04T08:58:53 [main.py:525 - <module>()] INFO: Waiting For the Dome to Open at Beginning of Night
2018-01-04T08:59:53 [main.py:525 - <module>()] INFO: Waiting For the Dome to Open at Beginning of Night
2018-01-04T09:00:53 [main.py:525 - <module>()] INFO: Waiting For the Dome to Open at Beginning of Night
2018-01-04T09:01:54 [main.py:525 - <module>()] INFO: Waiting For the Dome to Open at Beginning of Night
2018-01-04T09:02:54 [main.py:525 - <module>()] INFO: Waiting For the Dome to Open at Beginning of Night
2018-01-04T09:03:54 [main.py:525 - <module>()] INFO: Waiting For the Dome to Open at Beginning of Night
2018-01-04T09:04:54 [main.py:525 - <module>()] INFO: Waiting For the Dome to Open at Beginning of Night
2018-01-04T09:05:55 [main.py:525 - <module>()] INFO: Waiting For the Dome to Open at Beginning of Night
2018-01-04T09:06:55 [main.py:525 - <module>()] INFO: Waiting For the Dome to Open at Beginning of Night
2018-01-04T09:07:55 [main.py:525 - <module>()] INFO: Waiting For the Dome to Open at Beginning of Night
2018-01-04T09:08:56 [main.py:525 - <module>()] INFO: Waiting For the Dome to Open at Beginning of Night
2018-01-04T09:09:56 [main.py:525 - <module>()] INFO: Waiting For the Dome to Open at Beginning of Night
2018-01-04T09:10:56 [main.py:525 - <module>()] INFO: Waiting For the Dome to Open at Beginning of Night
2018-01-04T09:11:56 [main.py:525 - <module>()] INFO: Waiting For the Dome to Open at Beginning of Night
2018-01-04T09:12:57 [main.py:525 - <module>()] INFO: Waiting For the Dome to Open at Beginning of Night
2018-01-04T09:13:57 [main.py:525 - <module>()] INFO: Waiting For the Dome to Open at Beginning of Night
2018-01-04T09:14:57 [main.py:525 - <module>()] INFO: Waiting For the Dome to Open at Beginning of Night
2018-01-04T09:15:57 [main.py:525 - <module>()] INFO: Waiting For the Dome to Open at Beginning of Night
2018-01-04T09:16:58 [main.py:525 - <module>()] INFO: Waiting For the Dome to Open at Beginning of Night
2018-01-04T09:17:58 [main.py:525 - <module>()] INFO: Waiting For the Dome to Open at Beginning of Night
2018-01-04T09:18:58 [main.py:525 - <module>()] INFO: Waiting For the Dome to Open at Beginning of Night
2018-01-04T09:19:59 [main.py:525 - <module>()] INFO: Waiting For the Dome to Open at Beginning of Night
2018-01-04T09:20:59 [main.py:525 - <module>()] INFO: Waiting For the Dome to Open at Beginning of Night
2018-01-04T09:21:59 [main.py:525 - <module>()] INFO: Waiting For the Dome to Open at Beginning of Night
2018-01-04T09:22:59 [main.py:525 - <module>()] INFO: Waiting For the Dome to Open at Beginning of Night
2018-01-04T09:24:00 [main.py:525 - <module>()] INFO: Waiting For the Dome to Open at Beginning of Night
2018-01-04T09:25:00 [main.py:525 - <module>()] INFO: Waiting For the Dome to Open at Beginning of Night
2018-01-04T09:26:00 [main.py:525 - <module>()] INFO: Waiting For the Dome to Open at Beginning of Night
2018-01-04T09:27:01 [main.py:525 - <module>()] INFO: Waiting For the Dome to Open at Beginning of Night
2018-01-04T09:28:01 [main.py:525 - <module>()] INFO: Waiting For the Dome to Open at Beginning of Night
2018-01-04T09:29:01 [main.py:525 - <module>()] INFO: Waiting For the Dome to Open at Beginning of Night
2018-01-04T09:30:01 [main.py:525 - <module>()] INFO: Waiting For the Dome to Open at Beginning of Night
2018-01-04T09:31:02 [main.py:525 - <module>()] INFO: Waiting For the Dome to Open at Beginning of Night
2018-01-04T09:32:02 [main.py:525 - <module>()] INFO: Waiting For the Dome to Open at Beginning of Night
2018-01-04T09:33:02 [main.py:525 - <module>()] INFO: Waiting For the Dome to Open at Beginning of Night
2018-01-04T09:34:02 [main.py:525 - <module>()] INFO: Waiting For the Dome to Open at Beginning of Night
2018-01-04T09:35:03 [main.py:525 - <module>()] INFO: Waiting For the Dome to Open at Beginning of Night
2018-01-04T09:36:03 [main.py:525 - <module>()] INFO: Waiting For the Dome to Open at Beginning of Night
2018-01-04T09:37:03 [main.py:525 - <module>()] INFO: Waiting For the Dome to Open at Beginning of Night
2018-01-04T09:38:04 [main.py:525 - <module>()] INFO: Waiting For the Dome to Open at Beginning of Night
2018-01-04T09:39:04 [main.py:525 - <module>()] INFO: Waiting For the Dome to Open at Beginning of Night
2018-01-04T09:40:04 [main.py:525 - <module>()] INFO: Waiting For the Dome to Open at Beginning of Night
2018-01-04T09:41:04 [main.py:525 - <module>()] INFO: Waiting For the Dome to Open at Beginning of Night
2018-01-04T09:42:05 [main.py:525 - <module>()] INFO: Waiting For the Dome to Open at Beginning of Night
2018-01-04T09:43:05 [main.py:525 - <module>()] INFO: Waiting For the Dome to Open at Beginning of Night
2018-01-04T09:44:05 [main.py:525 - <module>()] INFO: Waiting For the Dome to Open at Beginning of Night
2018-01-04T09:45:05 [main.py:525 - <module>()] INFO: Waiting For the Dome to Open at Beginning of Night
2018-01-04T09:46:06 [main.py:525 - <module>()] INFO: Waiting For the Dome to Open at Beginning of Night
2018-01-04T09:47:06 [main.py:525 - <module>()] INFO: Waiting For the Dome to Open at Beginning of Night
2018-01-04T09:48:06 [main.py:525 - <module>()] INFO: Waiting For the Dome to Open at Beginning of Night
2018-01-04T09:49:07 [main.py:525 - <module>()] INFO: Waiting For the Dome to Open at Beginning of Night
2018-01-04T09:50:07 [main.py:525 - <module>()] INFO: Waiting For the Dome to Open at Beginning of Night
2018-01-04T09:51:07 [main.py:525 - <module>()] INFO: Waiting For the Dome to Open at Beginning of Night
2018-01-04T09:52:07 [main.py:525 - <module>()] INFO: Waiting For the Dome to Open at Beginning of Night
2018-01-04T09:53:08 [main.py:525 - <module>()] INFO: Waiting For the Dome to Open at Beginning of Night
2018-01-04T09:54:08 [main.py:525 - <module>()] INFO: Waiting For the Dome to Open at Beginning of Night
2018-01-04T09:55:08 [main.py:525 - <module>()] INFO: Waiting For the Dome to Open at Beginning of Night
2018-01-04T09:56:09 [main.py:525 - <module>()] INFO: Waiting For the Dome to Open at Beginning of Night
2018-01-04T09:57:09 [main.py:525 - <module>()] INFO: Waiting For the Dome to Open at Beginning of Night
2018-01-04T09:58:09 [main.py:525 - <module>()] INFO: Waiting For the Dome to Open at Beginning of Night
2018-01-04T09:59:09 [main.py:525 - <module>()] INFO: Waiting For the Dome to Open at Beginning of Night
2018-01-04T10:00:10 [main.py:525 - <module>()] INFO: Waiting For the Dome to Open at Beginning of Night
2018-01-04T10:01:10 [main.py:525 - <module>()] INFO: Waiting For the Dome to Open at Beginning of Night
2018-01-04T10:02:10 [main.py:525 - <module>()] INFO: Waiting For the Dome to Open at Beginning of Night
2018-01-04T10:03:10 [main.py:525 - <module>()] INFO: Waiting For the Dome to Open at Beginning of Night
2018-01-04T10:04:11 [main.py:525 - <module>()] INFO: Waiting For the Dome to Open at Beginning of Night
2018-01-04T10:05:11 [main.py:525 - <module>()] INFO: Waiting For the Dome to Open at Beginning of Night
2018-01-04T10:06:11 [main.py:525 - <module>()] INFO: Waiting For the Dome to Open at Beginning of Night
2018-01-04T10:07:12 [main.py:525 - <module>()] INFO: Waiting For the Dome to Open at Beginning of Night
2018-01-04T10:08:12 [main.py:525 - <module>()] INFO: Waiting For the Dome to Open at Beginning of Night
2018-01-04T10:09:12 [main.py:525 - <module>()] INFO: Waiting For the Dome to Open at Beginning of Night
2018-01-04T10:10:12 [main.py:525 - <module>()] INFO: Waiting For the Dome to Open at Beginning of Night
2018-01-04T10:11:13 [main.py:525 - <module>()] INFO: Waiting For the Dome to Open at Beginning of Night
2018-01-04T10:12:13 [main.py:525 - <module>()] INFO: Waiting For the Dome to Open at Beginning of Night
2018-01-04T10:13:13 [main.py:525 - <module>()] INFO: Waiting For the Dome to Open at Beginning of Night
2018-01-04T10:14:13 [main.py:525 - <module>()] INFO: Waiting For the Dome to Open at Beginning of Night
2018-01-04T10:15:14 [main.py:525 - <module>()] INFO: Waiting For the Dome to Open at Beginning of Night
2018-01-04T10:16:14 [main.py:525 - <module>()] INFO: Waiting For the Dome to Open at Beginning of Night
2018-01-04T10:17:14 [main.py:525 - <module>()] INFO: Waiting For the Dome to Open at Beginning of Night
2018-01-04T10:18:15 [main.py:525 - <module>()] INFO: Waiting For the Dome to Open at Beginning of Night
2018-01-04T10:19:15 [main.py:525 - <module>()] INFO: Waiting For the Dome to Open at Beginning of Night
2018-01-04T10:20:15 [main.py:525 - <module>()] INFO: Waiting For the Dome to Open at Beginning of Night
2018-01-04T10:21:15 [main.py:525 - <module>()] INFO: Waiting For the Dome to Open at Beginning of Night
2018-01-04T10:22:16 [main.py:525 - <module>()] INFO: Waiting For the Dome to Open at Beginning of Night
2018-01-04T10:23:16 [main.py:525 - <module>()] INFO: Waiting For the Dome to Open at Beginning of Night
2018-01-04T10:24:16 [main.py:525 - <module>()] INFO: Waiting For the Dome to Open at Beginning of Night
2018-01-04T10:25:17 [main.py:525 - <module>()] INFO: Waiting For the Dome to Open at Beginning of Night
2018-01-04T10:26:17 [main.py:525 - <module>()] INFO: Waiting For the Dome to Open at Beginning of Night
2018-01-04T10:27:17 [main.py:525 - <module>()] INFO: Waiting For the Dome to Open at Beginning of Night
2018-01-04T10:28:17 [main.py:525 - <module>()] INFO: Waiting For the Dome to Open at Beginning of Night
2018-01-04T10:29:18 [main.py:525 - <module>()] INFO: Waiting For the Dome to Open at Beginning of Night
2018-01-04T10:30:18 [main.py:525 - <module>()] INFO: Waiting For the Dome to Open at Beginning of Night
2018-01-04T10:31:18 [main.py:525 - <module>()] INFO: Waiting For the Dome to Open at Beginning of Night
2018-01-04T10:32:19 [main.py:525 - <module>()] INFO: Waiting For the Dome to Open at Beginning of Night
2018-01-04T10:33:19 [main.py:525 - <module>()] INFO: Waiting For the Dome to Open at Beginning of Night
2018-01-04T10:34:19 [main.py:525 - <module>()] INFO: Waiting For the Dome to Open at Beginning of Night
2018-01-04T10:35:19 [main.py:525 - <module>()] INFO: Waiting For the Dome to Open at Beginning of Night
2018-01-04T10:36:20 [main.py:525 - <module>()] INFO: Waiting For the Dome to Open at Beginning of Night
2018-01-04T10:37:20 [main.py:525 - <module>()] INFO: Waiting For the Dome to Open at Beginning of Night
2018-01-04T10:38:20 [main.py:525 - <module>()] INFO: Waiting For the Dome to Open at Beginning of Night
2018-01-04T10:39:20 [main.py:525 - <module>()] INFO: Waiting For the Dome to Open at Beginning of Night
2018-01-04T10:40:21 [main.py:525 - <module>()] INFO: Waiting For the Dome to Open at Beginning of Night
2018-01-04T10:41:21 [main.py:525 - <module>()] INFO: Waiting For the Dome to Open at Beginning of Night
2018-01-04T10:42:21 [main.py:525 - <module>()] INFO: Waiting For the Dome to Open at Beginning of Night
2018-01-04T10:43:22 [main.py:525 - <module>()] INFO: Waiting For the Dome to Open at Beginning of Night
2018-01-04T10:44:22 [main.py:525 - <module>()] INFO: Waiting For the Dome to Open at Beginning of Night
2018-01-04T10:45:22 [main.py:525 - <module>()] INFO: Waiting For the Dome to Open at Beginning of Night
2018-01-04T10:46:57 [main.py:568 - <module>()] INFO: Sheratan about to be observed
2018-01-04T10:46:57 [main.py:349 - doScience()] INFO: Target Sheratan past its endtime (2018-01-04 05:47:36); skipping
2018-01-04T10:46:57 [main.py:570 - <module>()] INFO: Sheratan done; moving on to next target
2018-01-04T10:46:57 [main.py:568 - <module>()] INFO: Elnath about to be observed
2018-01-04T10:46:57 [main.py:349 - doScience()] INFO: Target Elnath past its endtime (2018-01-04 09:37:42); skipping
2018-01-04T10:46:57 [main.py:570 - <module>()] INFO: Elnath done; moving on to next target
2018-01-04T10:46:57 [main.py:568 - <module>()] INFO: Alioth about to be observed
2018-01-04T10:46:57 [main.py:349 - doScience()] INFO: Target Alioth past its endtime (2018-01-03 14:25:21); skipping
2018-01-04T10:46:57 [main.py:570 - <module>()] INFO: Alioth done; moving on to next target
2018-01-04T10:46:57 [main.py:576 - <module>()] INFO: Parking Telescope (even if it never unparked)
2018-01-04T10:47:18 [main.py:580 - <module>()] INFO: End Night
2018-01-04T10:47:18 [main.py:33 - endNight()] INFO: Parking/Disconnection from Telescope
2018-01-04T10:47:18 [main.py:38 - endNight()] INFO: Compressing data
2018-01-04T10:47:18 [main.py:43 - endNight()] INFO: Disconnecting imager
2018-01-04T10:47:43 [main.py:49 - endNight()] INFO: Backing Up data
2018-01-04T10:47:43 [main.py:55 - endNight()] INFO: Copying schedule file from ./schedule/n20180104 to C:/camal/data/n20180104/
2018-01-04T10:47:43 [main.py:62 - endNight()] INFO: Copying log file ./logs/n20180104\main.log to C:/camal/data/n20180104/
2018-01-04T10:47:48 [main.py:591 - <module>()] INFO: Updating Reduction File list
