2017-11-07T02:31:58 [main.py:499 - <module>()] INFO: Taking 30 Biases
2017-11-07T02:31:58 [main.py:163 - doDark()] INFO: Taking BIAS 1 of 30 (exptime = 0)
2017-11-07T02:31:58 [main.py:227 - takeImage()] INFO: Taking 0 second image
2017-11-07T02:32:00 [main.py:248 - takeImage()] INFO: Saving image: C:/camal/data/n20171107//0001BIAS.0.fits
2017-11-07T02:32:00 [main.py:163 - doDark()] INFO: Taking BIAS 2 of 30 (exptime = 0)
2017-11-07T02:32:00 [main.py:227 - takeImage()] INFO: Taking 0 second image
2017-11-07T02:32:02 [main.py:248 - takeImage()] INFO: Saving image: C:/camal/data/n20171107//0002BIAS.0.fits
2017-11-07T02:32:02 [main.py:163 - doDark()] INFO: Taking BIAS 3 of 30 (exptime = 0)
2017-11-07T02:32:02 [main.py:227 - takeImage()] INFO: Taking 0 second image
2017-11-07T02:32:03 [main.py:248 - takeImage()] INFO: Saving image: C:/camal/data/n20171107//0003BIAS.0.fits
2017-11-07T02:32:03 [main.py:163 - doDark()] INFO: Taking BIAS 4 of 30 (exptime = 0)
2017-11-07T02:32:03 [main.py:227 - takeImage()] INFO: Taking 0 second image
2017-11-07T02:32:04 [main.py:248 - takeImage()] INFO: Saving image: C:/camal/data/n20171107//0004BIAS.0.fits
2017-11-07T02:32:04 [main.py:163 - doDark()] INFO: Taking BIAS 5 of 30 (exptime = 0)
2017-11-07T02:32:04 [main.py:227 - takeImage()] INFO: Taking 0 second image
2017-11-07T02:32:05 [main.py:248 - takeImage()] INFO: Saving image: C:/camal/data/n20171107//0005BIAS.0.fits
2017-11-07T02:32:05 [main.py:163 - doDark()] INFO: Taking BIAS 6 of 30 (exptime = 0)
2017-11-07T02:32:05 [main.py:227 - takeImage()] INFO: Taking 0 second image
2017-11-07T02:32:06 [main.py:248 - takeImage()] INFO: Saving image: C:/camal/data/n20171107//0006BIAS.0.fits
2017-11-07T02:32:07 [main.py:163 - doDark()] INFO: Taking BIAS 7 of 30 (exptime = 0)
2017-11-07T02:32:07 [main.py:227 - takeImage()] INFO: Taking 0 second image
2017-11-07T02:32:08 [main.py:248 - takeImage()] INFO: Saving image: C:/camal/data/n20171107//0007BIAS.0.fits
2017-11-07T02:32:08 [main.py:163 - doDark()] INFO: Taking BIAS 8 of 30 (exptime = 0)
2017-11-07T02:32:08 [main.py:227 - takeImage()] INFO: Taking 0 second image
2017-11-07T02:32:09 [main.py:248 - takeImage()] INFO: Saving image: C:/camal/data/n20171107//0008BIAS.0.fits
2017-11-07T02:32:09 [main.py:163 - doDark()] INFO: Taking BIAS 9 of 30 (exptime = 0)
2017-11-07T02:32:09 [main.py:227 - takeImage()] INFO: Taking 0 second image
2017-11-07T02:32:10 [main.py:248 - takeImage()] INFO: Saving image: C:/camal/data/n20171107//0009BIAS.0.fits
2017-11-07T02:32:10 [main.py:163 - doDark()] INFO: Taking BIAS 10 of 30 (exptime = 0)
2017-11-07T02:32:10 [main.py:227 - takeImage()] INFO: Taking 0 second image
2017-11-07T02:32:11 [main.py:248 - takeImage()] INFO: Saving image: C:/camal/data/n20171107//0010BIAS.0.fits
2017-11-07T02:32:11 [main.py:163 - doDark()] INFO: Taking BIAS 11 of 30 (exptime = 0)
2017-11-07T02:32:11 [main.py:227 - takeImage()] INFO: Taking 0 second image
2017-11-07T02:32:13 [main.py:248 - takeImage()] INFO: Saving image: C:/camal/data/n20171107//0011BIAS.0.fits
2017-11-07T02:32:13 [main.py:163 - doDark()] INFO: Taking BIAS 12 of 30 (exptime = 0)
2017-11-07T02:32:13 [main.py:227 - takeImage()] INFO: Taking 0 second image
2017-11-07T02:32:14 [main.py:248 - takeImage()] INFO: Saving image: C:/camal/data/n20171107//0012BIAS.0.fits
2017-11-07T02:32:14 [main.py:163 - doDark()] INFO: Taking BIAS 13 of 30 (exptime = 0)
2017-11-07T02:32:14 [main.py:227 - takeImage()] INFO: Taking 0 second image
2017-11-07T02:32:15 [main.py:248 - takeImage()] INFO: Saving image: C:/camal/data/n20171107//0013BIAS.0.fits
2017-11-07T02:32:15 [main.py:163 - doDark()] INFO: Taking BIAS 14 of 30 (exptime = 0)
2017-11-07T02:32:15 [main.py:227 - takeImage()] INFO: Taking 0 second image
2017-11-07T02:32:16 [main.py:248 - takeImage()] INFO: Saving image: C:/camal/data/n20171107//0014BIAS.0.fits
2017-11-07T02:32:16 [main.py:163 - doDark()] INFO: Taking BIAS 15 of 30 (exptime = 0)
2017-11-07T02:32:16 [main.py:227 - takeImage()] INFO: Taking 0 second image
2017-11-07T02:32:17 [main.py:248 - takeImage()] INFO: Saving image: C:/camal/data/n20171107//0015BIAS.0.fits
2017-11-07T02:32:18 [main.py:163 - doDark()] INFO: Taking BIAS 16 of 30 (exptime = 0)
2017-11-07T02:32:18 [main.py:227 - takeImage()] INFO: Taking 0 second image
2017-11-07T02:32:19 [main.py:248 - takeImage()] INFO: Saving image: C:/camal/data/n20171107//0016BIAS.0.fits
2017-11-07T02:32:19 [main.py:163 - doDark()] INFO: Taking BIAS 17 of 30 (exptime = 0)
2017-11-07T02:32:19 [main.py:227 - takeImage()] INFO: Taking 0 second image
2017-11-07T02:32:20 [main.py:248 - takeImage()] INFO: Saving image: C:/camal/data/n20171107//0017BIAS.0.fits
2017-11-07T02:32:20 [main.py:163 - doDark()] INFO: Taking BIAS 18 of 30 (exptime = 0)
2017-11-07T02:32:20 [main.py:227 - takeImage()] INFO: Taking 0 second image
2017-11-07T02:32:21 [main.py:248 - takeImage()] INFO: Saving image: C:/camal/data/n20171107//0018BIAS.0.fits
2017-11-07T02:32:21 [main.py:163 - doDark()] INFO: Taking BIAS 19 of 30 (exptime = 0)
2017-11-07T02:32:21 [main.py:227 - takeImage()] INFO: Taking 0 second image
2017-11-07T02:32:22 [main.py:248 - takeImage()] INFO: Saving image: C:/camal/data/n20171107//0019BIAS.0.fits
2017-11-07T02:32:22 [main.py:163 - doDark()] INFO: Taking BIAS 20 of 30 (exptime = 0)
2017-11-07T02:32:22 [main.py:227 - takeImage()] INFO: Taking 0 second image
2017-11-07T02:32:24 [main.py:248 - takeImage()] INFO: Saving image: C:/camal/data/n20171107//0020BIAS.0.fits
2017-11-07T02:32:24 [main.py:163 - doDark()] INFO: Taking BIAS 21 of 30 (exptime = 0)
2017-11-07T02:32:24 [main.py:227 - takeImage()] INFO: Taking 0 second image
2017-11-07T02:32:25 [main.py:248 - takeImage()] INFO: Saving image: C:/camal/data/n20171107//0021BIAS.0.fits
2017-11-07T02:32:25 [main.py:163 - doDark()] INFO: Taking BIAS 22 of 30 (exptime = 0)
2017-11-07T02:32:25 [main.py:227 - takeImage()] INFO: Taking 0 second image
2017-11-07T02:32:26 [main.py:248 - takeImage()] INFO: Saving image: C:/camal/data/n20171107//0022BIAS.0.fits
2017-11-07T02:32:26 [main.py:163 - doDark()] INFO: Taking BIAS 23 of 30 (exptime = 0)
2017-11-07T02:32:26 [main.py:227 - takeImage()] INFO: Taking 0 second image
2017-11-07T02:32:27 [main.py:248 - takeImage()] INFO: Saving image: C:/camal/data/n20171107//0023BIAS.0.fits
2017-11-07T02:32:27 [main.py:163 - doDark()] INFO: Taking BIAS 24 of 30 (exptime = 0)
2017-11-07T02:32:27 [main.py:227 - takeImage()] INFO: Taking 0 second image
2017-11-07T02:32:28 [main.py:248 - takeImage()] INFO: Saving image: C:/camal/data/n20171107//0024BIAS.0.fits
2017-11-07T02:32:28 [main.py:163 - doDark()] INFO: Taking BIAS 25 of 30 (exptime = 0)
2017-11-07T02:32:28 [main.py:227 - takeImage()] INFO: Taking 0 second image
2017-11-07T02:32:30 [main.py:248 - takeImage()] INFO: Saving image: C:/camal/data/n20171107//0025BIAS.0.fits
2017-11-07T02:32:30 [main.py:163 - doDark()] INFO: Taking BIAS 26 of 30 (exptime = 0)
2017-11-07T02:32:30 [main.py:227 - takeImage()] INFO: Taking 0 second image
2017-11-07T02:32:31 [main.py:248 - takeImage()] INFO: Saving image: C:/camal/data/n20171107//0026BIAS.0.fits
2017-11-07T02:32:31 [main.py:163 - doDark()] INFO: Taking BIAS 27 of 30 (exptime = 0)
2017-11-07T02:32:31 [main.py:227 - takeImage()] INFO: Taking 0 second image
2017-11-07T02:32:32 [main.py:248 - takeImage()] INFO: Saving image: C:/camal/data/n20171107//0027BIAS.0.fits
2017-11-07T02:32:32 [main.py:163 - doDark()] INFO: Taking BIAS 28 of 30 (exptime = 0)
2017-11-07T02:32:32 [main.py:227 - takeImage()] INFO: Taking 0 second image
2017-11-07T02:32:33 [main.py:248 - takeImage()] INFO: Saving image: C:/camal/data/n20171107//0028BIAS.0.fits
2017-11-07T02:32:33 [main.py:163 - doDark()] INFO: Taking BIAS 29 of 30 (exptime = 0)
2017-11-07T02:32:33 [main.py:227 - takeImage()] INFO: Taking 0 second image
2017-11-07T02:32:34 [main.py:248 - takeImage()] INFO: Saving image: C:/camal/data/n20171107//0029BIAS.0.fits
2017-11-07T02:32:35 [main.py:163 - doDark()] INFO: Taking BIAS 30 of 30 (exptime = 0)
2017-11-07T02:32:35 [main.py:227 - takeImage()] INFO: Taking 0 second image
2017-11-07T02:32:36 [main.py:248 - takeImage()] INFO: Saving image: C:/camal/data/n20171107//0030BIAS.0.fits
2017-11-07T02:32:36 [main.py:518 - <module>()] INFO: Making Schedule and initializing telescope
2017-11-07T02:32:43 [main.py:525 - <module>()] INFO: Initializing Telescope
2017-11-07T02:33:18 [main.py:567 - <module>()] INFO: Deneb about to be observed
2017-11-07T02:33:27 [main.py:380 - doScience()] INFO: Looping through filters now for target
2017-11-07T02:33:27 [main.py:227 - takeImage()] INFO: Taking 0.94 second image
2017-11-07T02:33:31 [main.py:248 - takeImage()] INFO: Saving image: C:/camal/data/n20171107//0031Deneb.780.fits
2017-11-07T02:33:31 [main.py:227 - takeImage()] INFO: Taking 1.18 second image
2017-11-07T02:33:36 [main.py:248 - takeImage()] INFO: Saving image: C:/camal/data/n20171107//0032Deneb.823.fits
2017-11-07T02:33:36 [main.py:227 - takeImage()] INFO: Taking 2.84 second image
2017-11-07T02:33:42 [main.py:248 - takeImage()] INFO: Saving image: C:/camal/data/n20171107//0033Deneb.860.fits
2017-11-07T02:33:43 [main.py:227 - takeImage()] INFO: Taking 0.94 second image
2017-11-07T02:33:46 [main.py:248 - takeImage()] INFO: Saving image: C:/camal/data/n20171107//0034Deneb.780.fits
2017-11-07T02:33:46 [main.py:227 - takeImage()] INFO: Taking 1.18 second image
2017-11-07T02:33:51 [main.py:248 - takeImage()] INFO: Saving image: C:/camal/data/n20171107//0035Deneb.823.fits
2017-11-07T02:33:51 [main.py:227 - takeImage()] INFO: Taking 2.84 second image
2017-11-07T02:33:57 [main.py:248 - takeImage()] INFO: Saving image: C:/camal/data/n20171107//0036Deneb.860.fits
2017-11-07T02:33:58 [main.py:227 - takeImage()] INFO: Taking 0.94 second image
2017-11-07T02:34:01 [main.py:248 - takeImage()] INFO: Saving image: C:/camal/data/n20171107//0037Deneb.780.fits
2017-11-07T02:34:01 [main.py:227 - takeImage()] INFO: Taking 1.18 second image
2017-11-07T02:34:07 [main.py:248 - takeImage()] INFO: Saving image: C:/camal/data/n20171107//0038Deneb.823.fits
2017-11-07T02:34:07 [main.py:227 - takeImage()] INFO: Taking 2.84 second image
2017-11-07T02:34:12 [main.py:248 - takeImage()] INFO: Saving image: C:/camal/data/n20171107//0039Deneb.860.fits
2017-11-07T02:34:13 [main.py:227 - takeImage()] INFO: Taking 0.94 second image
2017-11-07T02:34:17 [main.py:248 - takeImage()] INFO: Saving image: C:/camal/data/n20171107//0040Deneb.780.fits
2017-11-07T02:34:17 [main.py:227 - takeImage()] INFO: Taking 1.18 second image
2017-11-07T02:34:22 [main.py:248 - takeImage()] INFO: Saving image: C:/camal/data/n20171107//0041Deneb.823.fits
2017-11-07T02:34:22 [main.py:227 - takeImage()] INFO: Taking 2.84 second image
2017-11-07T02:34:27 [main.py:248 - takeImage()] INFO: Saving image: C:/camal/data/n20171107//0042Deneb.860.fits
2017-11-07T02:34:28 [main.py:227 - takeImage()] INFO: Taking 0.94 second image
2017-11-07T02:34:32 [main.py:248 - takeImage()] INFO: Saving image: C:/camal/data/n20171107//0043Deneb.780.fits
2017-11-07T02:34:32 [main.py:227 - takeImage()] INFO: Taking 1.18 second image
2017-11-07T02:34:37 [main.py:248 - takeImage()] INFO: Saving image: C:/camal/data/n20171107//0044Deneb.823.fits
2017-11-07T02:34:37 [main.py:227 - takeImage()] INFO: Taking 2.84 second image
2017-11-07T02:34:43 [main.py:248 - takeImage()] INFO: Saving image: C:/camal/data/n20171107//0045Deneb.860.fits
2017-11-07T02:34:44 [main.py:227 - takeImage()] INFO: Taking 0.94 second image
2017-11-07T02:34:47 [main.py:248 - takeImage()] INFO: Saving image: C:/camal/data/n20171107//0046Deneb.780.fits
2017-11-07T02:34:47 [main.py:227 - takeImage()] INFO: Taking 1.18 second image
2017-11-07T02:34:52 [main.py:248 - takeImage()] INFO: Saving image: C:/camal/data/n20171107//0047Deneb.823.fits
2017-11-07T02:34:52 [main.py:227 - takeImage()] INFO: Taking 2.84 second image
2017-11-07T02:34:58 [main.py:248 - takeImage()] INFO: Saving image: C:/camal/data/n20171107//0048Deneb.860.fits
2017-11-07T02:34:59 [main.py:227 - takeImage()] INFO: Taking 0.94 second image
2017-11-07T02:35:02 [main.py:248 - takeImage()] INFO: Saving image: C:/camal/data/n20171107//0049Deneb.780.fits
2017-11-07T02:35:02 [main.py:227 - takeImage()] INFO: Taking 1.18 second image
2017-11-07T02:35:08 [main.py:248 - takeImage()] INFO: Saving image: C:/camal/data/n20171107//0050Deneb.823.fits
2017-11-07T02:35:08 [main.py:227 - takeImage()] INFO: Taking 2.84 second image
2017-11-07T02:35:13 [main.py:248 - takeImage()] INFO: Saving image: C:/camal/data/n20171107//0051Deneb.860.fits
2017-11-07T02:35:14 [main.py:227 - takeImage()] INFO: Taking 0.94 second image
2017-11-07T02:35:18 [main.py:248 - takeImage()] INFO: Saving image: C:/camal/data/n20171107//0052Deneb.780.fits
2017-11-07T02:35:18 [main.py:227 - takeImage()] INFO: Taking 1.18 second image
2017-11-07T02:35:23 [main.py:248 - takeImage()] INFO: Saving image: C:/camal/data/n20171107//0053Deneb.823.fits
2017-11-07T02:35:23 [main.py:227 - takeImage()] INFO: Taking 2.84 second image
2017-11-07T02:35:28 [main.py:248 - takeImage()] INFO: Saving image: C:/camal/data/n20171107//0054Deneb.860.fits
2017-11-07T02:35:29 [main.py:227 - takeImage()] INFO: Taking 0.94 second image
2017-11-07T02:35:33 [main.py:248 - takeImage()] INFO: Saving image: C:/camal/data/n20171107//0055Deneb.780.fits
2017-11-07T02:35:33 [main.py:227 - takeImage()] INFO: Taking 1.18 second image
2017-11-07T02:35:38 [main.py:248 - takeImage()] INFO: Saving image: C:/camal/data/n20171107//0056Deneb.823.fits
2017-11-07T02:35:38 [main.py:227 - takeImage()] INFO: Taking 2.84 second image
2017-11-07T02:35:43 [main.py:248 - takeImage()] INFO: Saving image: C:/camal/data/n20171107//0057Deneb.860.fits
2017-11-07T02:35:44 [main.py:227 - takeImage()] INFO: Taking 0.94 second image
2017-11-07T02:35:48 [main.py:248 - takeImage()] INFO: Saving image: C:/camal/data/n20171107//0058Deneb.780.fits
2017-11-07T02:35:48 [main.py:227 - takeImage()] INFO: Taking 1.18 second image
2017-11-07T02:35:53 [main.py:248 - takeImage()] INFO: Saving image: C:/camal/data/n20171107//0059Deneb.823.fits
2017-11-07T02:35:53 [main.py:227 - takeImage()] INFO: Taking 2.84 second image
2017-11-07T02:35:58 [main.py:248 - takeImage()] INFO: Saving image: C:/camal/data/n20171107//0060Deneb.860.fits
2017-11-07T02:35:59 [main.py:227 - takeImage()] INFO: Taking 0.94 second image
2017-11-07T02:36:03 [main.py:248 - takeImage()] INFO: Saving image: C:/camal/data/n20171107//0061Deneb.780.fits
2017-11-07T02:36:03 [main.py:227 - takeImage()] INFO: Taking 1.18 second image
2017-11-07T02:36:08 [main.py:248 - takeImage()] INFO: Saving image: C:/camal/data/n20171107//0062Deneb.823.fits
2017-11-07T02:36:08 [main.py:227 - takeImage()] INFO: Taking 2.84 second image
2017-11-07T02:36:14 [main.py:248 - takeImage()] INFO: Saving image: C:/camal/data/n20171107//0063Deneb.860.fits
2017-11-07T02:36:15 [main.py:227 - takeImage()] INFO: Taking 0.94 second image
2017-11-07T02:36:18 [main.py:248 - takeImage()] INFO: Saving image: C:/camal/data/n20171107//0064Deneb.780.fits
2017-11-07T02:36:18 [main.py:227 - takeImage()] INFO: Taking 1.18 second image
2017-11-07T02:36:24 [main.py:248 - takeImage()] INFO: Saving image: C:/camal/data/n20171107//0065Deneb.823.fits
2017-11-07T02:36:24 [main.py:227 - takeImage()] INFO: Taking 2.84 second image
2017-11-07T02:36:29 [main.py:248 - takeImage()] INFO: Saving image: C:/camal/data/n20171107//0066Deneb.860.fits
2017-11-07T02:36:30 [main.py:227 - takeImage()] INFO: Taking 0.94 second image
2017-11-07T02:36:34 [main.py:248 - takeImage()] INFO: Saving image: C:/camal/data/n20171107//0067Deneb.780.fits
2017-11-07T02:36:34 [main.py:227 - takeImage()] INFO: Taking 1.18 second image
2017-11-07T02:36:39 [main.py:248 - takeImage()] INFO: Saving image: C:/camal/data/n20171107//0068Deneb.823.fits
2017-11-07T02:36:39 [main.py:227 - takeImage()] INFO: Taking 2.84 second image
2017-11-07T02:36:44 [main.py:248 - takeImage()] INFO: Saving image: C:/camal/data/n20171107//0069Deneb.860.fits
2017-11-07T02:36:45 [main.py:227 - takeImage()] INFO: Taking 0.94 second image
2017-11-07T02:36:49 [main.py:248 - takeImage()] INFO: Saving image: C:/camal/data/n20171107//0070Deneb.780.fits
2017-11-07T02:36:49 [main.py:227 - takeImage()] INFO: Taking 1.18 second image
2017-11-07T02:36:54 [main.py:248 - takeImage()] INFO: Saving image: C:/camal/data/n20171107//0071Deneb.823.fits
2017-11-07T02:36:54 [main.py:227 - takeImage()] INFO: Taking 2.84 second image
2017-11-07T02:36:59 [main.py:248 - takeImage()] INFO: Saving image: C:/camal/data/n20171107//0072Deneb.860.fits
2017-11-07T02:37:00 [main.py:227 - takeImage()] INFO: Taking 0.94 second image
2017-11-07T02:37:04 [main.py:248 - takeImage()] INFO: Saving image: C:/camal/data/n20171107//0073Deneb.780.fits
2017-11-07T02:37:04 [main.py:227 - takeImage()] INFO: Taking 1.18 second image
2017-11-07T02:37:09 [main.py:248 - takeImage()] INFO: Saving image: C:/camal/data/n20171107//0074Deneb.823.fits
2017-11-07T02:37:09 [main.py:227 - takeImage()] INFO: Taking 2.84 second image
2017-11-07T02:37:15 [main.py:248 - takeImage()] INFO: Saving image: C:/camal/data/n20171107//0075Deneb.860.fits
2017-11-07T02:37:16 [main.py:227 - takeImage()] INFO: Taking 0.94 second image
2017-11-07T02:37:19 [main.py:248 - takeImage()] INFO: Saving image: C:/camal/data/n20171107//0076Deneb.780.fits
2017-11-07T02:37:19 [main.py:227 - takeImage()] INFO: Taking 1.18 second image
2017-11-07T02:37:24 [main.py:248 - takeImage()] INFO: Saving image: C:/camal/data/n20171107//0077Deneb.823.fits
2017-11-07T02:37:24 [main.py:227 - takeImage()] INFO: Taking 2.84 second image
2017-11-07T02:37:30 [main.py:248 - takeImage()] INFO: Saving image: C:/camal/data/n20171107//0078Deneb.860.fits
2017-11-07T02:37:31 [main.py:227 - takeImage()] INFO: Taking 0.94 second image
2017-11-07T02:37:34 [main.py:248 - takeImage()] INFO: Saving image: C:/camal/data/n20171107//0079Deneb.780.fits
2017-11-07T02:37:34 [main.py:227 - takeImage()] INFO: Taking 1.18 second image
2017-11-07T02:37:40 [main.py:248 - takeImage()] INFO: Saving image: C:/camal/data/n20171107//0080Deneb.823.fits
2017-11-07T02:37:40 [main.py:227 - takeImage()] INFO: Taking 2.84 second image
2017-11-07T02:37:45 [main.py:248 - takeImage()] INFO: Saving image: C:/camal/data/n20171107//0081Deneb.860.fits
2017-11-07T02:37:46 [main.py:227 - takeImage()] INFO: Taking 0.94 second image
2017-11-07T02:37:50 [main.py:248 - takeImage()] INFO: Saving image: C:/camal/data/n20171107//0082Deneb.780.fits
2017-11-07T02:37:50 [main.py:227 - takeImage()] INFO: Taking 1.18 second image
2017-11-07T02:37:55 [main.py:248 - takeImage()] INFO: Saving image: C:/camal/data/n20171107//0083Deneb.823.fits
2017-11-07T02:37:55 [main.py:227 - takeImage()] INFO: Taking 2.84 second image
2017-11-07T02:38:00 [main.py:248 - takeImage()] INFO: Saving image: C:/camal/data/n20171107//0084Deneb.860.fits
2017-11-07T02:38:01 [main.py:227 - takeImage()] INFO: Taking 0.94 second image
2017-11-07T02:38:05 [main.py:248 - takeImage()] INFO: Saving image: C:/camal/data/n20171107//0085Deneb.780.fits
2017-11-07T02:38:05 [main.py:227 - takeImage()] INFO: Taking 1.18 second image
2017-11-07T02:38:10 [main.py:248 - takeImage()] INFO: Saving image: C:/camal/data/n20171107//0086Deneb.823.fits
2017-11-07T02:38:10 [main.py:227 - takeImage()] INFO: Taking 2.84 second image
2017-11-07T02:38:15 [main.py:248 - takeImage()] INFO: Saving image: C:/camal/data/n20171107//0087Deneb.860.fits
2017-11-07T02:38:16 [main.py:227 - takeImage()] INFO: Taking 0.94 second image
2017-11-07T02:38:20 [main.py:248 - takeImage()] INFO: Saving image: C:/camal/data/n20171107//0088Deneb.780.fits
2017-11-07T02:38:20 [main.py:227 - takeImage()] INFO: Taking 1.18 second image
2017-11-07T02:38:25 [main.py:248 - takeImage()] INFO: Saving image: C:/camal/data/n20171107//0089Deneb.823.fits
2017-11-07T02:38:25 [main.py:227 - takeImage()] INFO: Taking 2.84 second image
2017-11-07T02:38:31 [main.py:248 - takeImage()] INFO: Saving image: C:/camal/data/n20171107//0090Deneb.860.fits
2017-11-07T02:38:32 [main.py:227 - takeImage()] INFO: Taking 0.94 second image
2017-11-07T02:38:35 [main.py:248 - takeImage()] INFO: Saving image: C:/camal/data/n20171107//0091Deneb.780.fits
2017-11-07T02:38:35 [main.py:227 - takeImage()] INFO: Taking 1.18 second image
2017-11-07T02:38:40 [main.py:248 - takeImage()] INFO: Saving image: C:/camal/data/n20171107//0092Deneb.823.fits
2017-11-07T02:38:40 [main.py:227 - takeImage()] INFO: Taking 2.84 second image
2017-11-07T02:38:46 [main.py:248 - takeImage()] INFO: Saving image: C:/camal/data/n20171107//0093Deneb.860.fits
2017-11-07T02:38:47 [main.py:227 - takeImage()] INFO: Taking 0.94 second image
2017-11-07T02:38:50 [main.py:248 - takeImage()] INFO: Saving image: C:/camal/data/n20171107//0094Deneb.780.fits
2017-11-07T02:38:51 [main.py:227 - takeImage()] INFO: Taking 1.18 second image
2017-11-07T02:38:56 [main.py:248 - takeImage()] INFO: Saving image: C:/camal/data/n20171107//0095Deneb.823.fits
2017-11-07T02:38:56 [main.py:227 - takeImage()] INFO: Taking 2.84 second image
2017-11-07T02:39:01 [main.py:248 - takeImage()] INFO: Saving image: C:/camal/data/n20171107//0096Deneb.860.fits
2017-11-07T02:39:02 [main.py:227 - takeImage()] INFO: Taking 0.94 second image
2017-11-07T02:39:06 [main.py:248 - takeImage()] INFO: Saving image: C:/camal/data/n20171107//0097Deneb.780.fits
2017-11-07T02:39:06 [main.py:227 - takeImage()] INFO: Taking 1.18 second image
2017-11-07T02:39:11 [main.py:248 - takeImage()] INFO: Saving image: C:/camal/data/n20171107//0098Deneb.823.fits
2017-11-07T02:39:11 [main.py:227 - takeImage()] INFO: Taking 2.84 second image
2017-11-07T02:39:16 [main.py:248 - takeImage()] INFO: Saving image: C:/camal/data/n20171107//0099Deneb.860.fits
2017-11-07T02:39:17 [main.py:227 - takeImage()] INFO: Taking 0.94 second image
2017-11-07T02:39:21 [main.py:248 - takeImage()] INFO: Saving image: C:/camal/data/n20171107//0100Deneb.780.fits
2017-11-07T02:39:21 [main.py:227 - takeImage()] INFO: Taking 1.18 second image
2017-11-07T02:39:26 [main.py:248 - takeImage()] INFO: Saving image: C:/camal/data/n20171107//0101Deneb.823.fits
2017-11-07T02:39:26 [main.py:227 - takeImage()] INFO: Taking 2.84 second image
2017-11-07T02:39:32 [main.py:248 - takeImage()] INFO: Saving image: C:/camal/data/n20171107//0102Deneb.860.fits
2017-11-07T02:39:33 [main.py:227 - takeImage()] INFO: Taking 0.94 second image
2017-11-07T02:39:36 [main.py:248 - takeImage()] INFO: Saving image: C:/camal/data/n20171107//0103Deneb.780.fits
2017-11-07T02:39:36 [main.py:227 - takeImage()] INFO: Taking 1.18 second image
2017-11-07T02:39:41 [main.py:248 - takeImage()] INFO: Saving image: C:/camal/data/n20171107//0104Deneb.823.fits
2017-11-07T02:39:41 [main.py:227 - takeImage()] INFO: Taking 2.84 second image
2017-11-07T02:39:47 [main.py:248 - takeImage()] INFO: Saving image: C:/camal/data/n20171107//0105Deneb.860.fits
2017-11-07T02:39:48 [main.py:227 - takeImage()] INFO: Taking 0.94 second image
2017-11-07T02:39:51 [main.py:248 - takeImage()] INFO: Saving image: C:/camal/data/n20171107//0106Deneb.780.fits
2017-11-07T02:39:51 [main.py:227 - takeImage()] INFO: Taking 1.18 second image
2017-11-07T02:39:57 [main.py:248 - takeImage()] INFO: Saving image: C:/camal/data/n20171107//0107Deneb.823.fits
2017-11-07T02:39:57 [main.py:227 - takeImage()] INFO: Taking 2.84 second image
2017-11-07T02:40:02 [main.py:248 - takeImage()] INFO: Saving image: C:/camal/data/n20171107//0108Deneb.860.fits
2017-11-07T02:40:03 [main.py:227 - takeImage()] INFO: Taking 0.94 second image
2017-11-07T02:40:07 [main.py:248 - takeImage()] INFO: Saving image: C:/camal/data/n20171107//0109Deneb.780.fits
2017-11-07T02:40:07 [main.py:227 - takeImage()] INFO: Taking 1.18 second image
2017-11-07T02:40:12 [main.py:248 - takeImage()] INFO: Saving image: C:/camal/data/n20171107//0110Deneb.823.fits
2017-11-07T02:40:12 [main.py:227 - takeImage()] INFO: Taking 2.84 second image
2017-11-07T02:40:17 [main.py:248 - takeImage()] INFO: Saving image: C:/camal/data/n20171107//0111Deneb.860.fits
2017-11-07T02:40:18 [main.py:227 - takeImage()] INFO: Taking 0.94 second image
2017-11-07T02:40:22 [main.py:248 - takeImage()] INFO: Saving image: C:/camal/data/n20171107//0112Deneb.780.fits
2017-11-07T02:40:22 [main.py:227 - takeImage()] INFO: Taking 1.18 second image
2017-11-07T02:40:27 [main.py:248 - takeImage()] INFO: Saving image: C:/camal/data/n20171107//0113Deneb.823.fits
2017-11-07T02:40:27 [main.py:227 - takeImage()] INFO: Taking 2.84 second image
2017-11-07T02:40:32 [main.py:248 - takeImage()] INFO: Saving image: C:/camal/data/n20171107//0114Deneb.860.fits
2017-11-07T02:40:33 [main.py:227 - takeImage()] INFO: Taking 0.94 second image
2017-11-07T02:40:37 [main.py:248 - takeImage()] INFO: Saving image: C:/camal/data/n20171107//0115Deneb.780.fits
2017-11-07T02:40:37 [main.py:227 - takeImage()] INFO: Taking 1.18 second image
2017-11-07T02:40:42 [main.py:248 - takeImage()] INFO: Saving image: C:/camal/data/n20171107//0116Deneb.823.fits
2017-11-07T02:40:42 [main.py:227 - takeImage()] INFO: Taking 2.84 second image
2017-11-07T02:40:48 [main.py:248 - takeImage()] INFO: Saving image: C:/camal/data/n20171107//0117Deneb.860.fits
2017-11-07T02:40:49 [main.py:227 - takeImage()] INFO: Taking 0.94 second image
2017-11-07T02:40:52 [main.py:248 - takeImage()] INFO: Saving image: C:/camal/data/n20171107//0118Deneb.780.fits
2017-11-07T02:40:52 [main.py:227 - takeImage()] INFO: Taking 1.18 second image
2017-11-07T02:40:57 [main.py:248 - takeImage()] INFO: Saving image: C:/camal/data/n20171107//0119Deneb.823.fits
2017-11-07T02:40:57 [main.py:227 - takeImage()] INFO: Taking 2.84 second image
2017-11-07T02:41:03 [main.py:248 - takeImage()] INFO: Saving image: C:/camal/data/n20171107//0120Deneb.860.fits
2017-11-07T02:41:04 [main.py:227 - takeImage()] INFO: Taking 0.94 second image
2017-11-07T02:41:07 [main.py:248 - takeImage()] INFO: Saving image: C:/camal/data/n20171107//0121Deneb.780.fits
2017-11-07T02:41:07 [main.py:227 - takeImage()] INFO: Taking 1.18 second image
2017-11-07T02:41:13 [main.py:248 - takeImage()] INFO: Saving image: C:/camal/data/n20171107//0122Deneb.823.fits
2017-11-07T02:41:13 [main.py:227 - takeImage()] INFO: Taking 2.84 second image
2017-11-07T02:41:18 [main.py:248 - takeImage()] INFO: Saving image: C:/camal/data/n20171107//0123Deneb.860.fits
2017-11-07T02:41:19 [main.py:227 - takeImage()] INFO: Taking 0.94 second image
2017-11-07T02:41:23 [main.py:248 - takeImage()] INFO: Saving image: C:/camal/data/n20171107//0124Deneb.780.fits
2017-11-07T02:41:23 [main.py:227 - takeImage()] INFO: Taking 1.18 second image
2017-11-07T02:41:28 [main.py:248 - takeImage()] INFO: Saving image: C:/camal/data/n20171107//0125Deneb.823.fits
2017-11-07T02:41:28 [main.py:227 - takeImage()] INFO: Taking 2.84 second image
2017-11-07T02:41:33 [main.py:248 - takeImage()] INFO: Saving image: C:/camal/data/n20171107//0126Deneb.860.fits
2017-11-07T02:41:34 [main.py:227 - takeImage()] INFO: Taking 0.94 second image
2017-11-07T02:41:38 [main.py:248 - takeImage()] INFO: Saving image: C:/camal/data/n20171107//0127Deneb.780.fits
2017-11-07T02:41:38 [main.py:227 - takeImage()] INFO: Taking 1.18 second image
2017-11-07T02:41:43 [main.py:248 - takeImage()] INFO: Saving image: C:/camal/data/n20171107//0128Deneb.823.fits
2017-11-07T02:41:43 [main.py:227 - takeImage()] INFO: Taking 2.84 second image
2017-11-07T02:41:48 [main.py:248 - takeImage()] INFO: Saving image: C:/camal/data/n20171107//0129Deneb.860.fits
2017-11-07T02:41:49 [main.py:227 - takeImage()] INFO: Taking 0.94 second image
2017-11-07T02:41:53 [main.py:248 - takeImage()] INFO: Saving image: C:/camal/data/n20171107//0130Deneb.780.fits
2017-11-07T02:41:53 [main.py:227 - takeImage()] INFO: Taking 1.18 second image
2017-11-07T02:41:58 [main.py:248 - takeImage()] INFO: Saving image: C:/camal/data/n20171107//0131Deneb.823.fits
2017-11-07T02:41:58 [main.py:227 - takeImage()] INFO: Taking 2.84 second image
2017-11-07T02:42:04 [main.py:248 - takeImage()] INFO: Saving image: C:/camal/data/n20171107//0132Deneb.860.fits
2017-11-07T02:42:05 [main.py:227 - takeImage()] INFO: Taking 0.94 second image
2017-11-07T02:42:08 [main.py:248 - takeImage()] INFO: Saving image: C:/camal/data/n20171107//0133Deneb.780.fits
2017-11-07T02:42:08 [main.py:227 - takeImage()] INFO: Taking 1.18 second image
2017-11-07T02:42:13 [main.py:248 - takeImage()] INFO: Saving image: C:/camal/data/n20171107//0134Deneb.823.fits
2017-11-07T02:42:13 [main.py:227 - takeImage()] INFO: Taking 2.84 second image
2017-11-07T02:42:19 [main.py:248 - takeImage()] INFO: Saving image: C:/camal/data/n20171107//0135Deneb.860.fits
2017-11-07T02:42:20 [main.py:227 - takeImage()] INFO: Taking 0.94 second image
2017-11-07T02:42:24 [main.py:248 - takeImage()] INFO: Saving image: C:/camal/data/n20171107//0136Deneb.780.fits
2017-11-07T02:42:24 [main.py:227 - takeImage()] INFO: Taking 1.18 second image
2017-11-07T02:42:29 [main.py:248 - takeImage()] INFO: Saving image: C:/camal/data/n20171107//0137Deneb.823.fits
2017-11-07T02:42:29 [main.py:227 - takeImage()] INFO: Taking 2.84 second image
2017-11-07T02:42:34 [main.py:248 - takeImage()] INFO: Saving image: C:/camal/data/n20171107//0138Deneb.860.fits
2017-11-07T02:42:35 [main.py:227 - takeImage()] INFO: Taking 0.94 second image
2017-11-07T02:42:39 [main.py:248 - takeImage()] INFO: Saving image: C:/camal/data/n20171107//0139Deneb.780.fits
2017-11-07T02:42:39 [main.py:227 - takeImage()] INFO: Taking 1.18 second image
2017-11-07T02:42:44 [main.py:248 - takeImage()] INFO: Saving image: C:/camal/data/n20171107//0140Deneb.823.fits
2017-11-07T02:42:44 [main.py:227 - takeImage()] INFO: Taking 2.84 second image
2017-11-07T02:42:49 [main.py:248 - takeImage()] INFO: Saving image: C:/camal/data/n20171107//0141Deneb.860.fits
2017-11-07T02:42:50 [main.py:227 - takeImage()] INFO: Taking 0.94 second image
2017-11-07T02:42:54 [main.py:248 - takeImage()] INFO: Saving image: C:/camal/data/n20171107//0142Deneb.780.fits
2017-11-07T02:42:54 [main.py:227 - takeImage()] INFO: Taking 1.18 second image
2017-11-07T02:42:59 [main.py:248 - takeImage()] INFO: Saving image: C:/camal/data/n20171107//0143Deneb.823.fits
2017-11-07T02:42:59 [main.py:227 - takeImage()] INFO: Taking 2.84 second image
2017-11-07T02:43:05 [main.py:248 - takeImage()] INFO: Saving image: C:/camal/data/n20171107//0144Deneb.860.fits
2017-11-07T02:43:06 [main.py:227 - takeImage()] INFO: Taking 0.94 second image
2017-11-07T02:43:09 [main.py:248 - takeImage()] INFO: Saving image: C:/camal/data/n20171107//0145Deneb.780.fits
2017-11-07T02:43:09 [main.py:227 - takeImage()] INFO: Taking 1.18 second image
2017-11-07T02:43:14 [main.py:248 - takeImage()] INFO: Saving image: C:/camal/data/n20171107//0146Deneb.823.fits
2017-11-07T02:43:14 [main.py:227 - takeImage()] INFO: Taking 2.84 second image
2017-11-07T02:43:20 [main.py:248 - takeImage()] INFO: Saving image: C:/camal/data/n20171107//0147Deneb.860.fits
2017-11-07T02:43:21 [main.py:227 - takeImage()] INFO: Taking 0.94 second image
2017-11-07T02:43:24 [main.py:248 - takeImage()] INFO: Saving image: C:/camal/data/n20171107//0148Deneb.780.fits
2017-11-07T02:43:24 [main.py:227 - takeImage()] INFO: Taking 1.18 second image
2017-11-07T02:43:30 [main.py:248 - takeImage()] INFO: Saving image: C:/camal/data/n20171107//0149Deneb.823.fits
2017-11-07T02:43:30 [main.py:227 - takeImage()] INFO: Taking 2.84 second image
2017-11-07T02:43:35 [main.py:248 - takeImage()] INFO: Saving image: C:/camal/data/n20171107//0150Deneb.860.fits
2017-11-07T02:43:38 [main.py:227 - takeImage()] INFO: Taking 0.94 second image
2017-11-07T02:43:41 [main.py:248 - takeImage()] INFO: Saving image: C:/camal/data/n20171107//0151Deneb.780.fits
2017-11-07T02:43:41 [main.py:227 - takeImage()] INFO: Taking 1.18 second image
2017-11-07T02:43:46 [main.py:248 - takeImage()] INFO: Saving image: C:/camal/data/n20171107//0152Deneb.823.fits
2017-11-07T02:43:46 [main.py:227 - takeImage()] INFO: Taking 2.84 second image
2017-11-07T02:43:52 [main.py:248 - takeImage()] INFO: Saving image: C:/camal/data/n20171107//0153Deneb.860.fits
2017-11-07T02:43:53 [main.py:227 - takeImage()] INFO: Taking 0.94 second image
2017-11-07T02:43:56 [main.py:248 - takeImage()] INFO: Saving image: C:/camal/data/n20171107//0154Deneb.780.fits
2017-11-07T02:43:56 [main.py:227 - takeImage()] INFO: Taking 1.18 second image
2017-11-07T02:44:01 [main.py:248 - takeImage()] INFO: Saving image: C:/camal/data/n20171107//0155Deneb.823.fits
2017-11-07T02:44:01 [main.py:227 - takeImage()] INFO: Taking 2.84 second image
2017-11-07T02:44:07 [main.py:248 - takeImage()] INFO: Saving image: C:/camal/data/n20171107//0156Deneb.860.fits
2017-11-07T02:44:08 [main.py:227 - takeImage()] INFO: Taking 0.94 second image
2017-11-07T02:44:12 [main.py:248 - takeImage()] INFO: Saving image: C:/camal/data/n20171107//0157Deneb.780.fits
2017-11-07T02:44:12 [main.py:227 - takeImage()] INFO: Taking 1.18 second image
2017-11-07T02:44:17 [main.py:248 - takeImage()] INFO: Saving image: C:/camal/data/n20171107//0158Deneb.823.fits
2017-11-07T02:44:17 [main.py:227 - takeImage()] INFO: Taking 2.84 second image
2017-11-07T02:44:22 [main.py:248 - takeImage()] INFO: Saving image: C:/camal/data/n20171107//0159Deneb.860.fits
2017-11-07T02:44:23 [main.py:227 - takeImage()] INFO: Taking 0.94 second image
2017-11-07T02:44:27 [main.py:248 - takeImage()] INFO: Saving image: C:/camal/data/n20171107//0160Deneb.780.fits
2017-11-07T02:44:27 [main.py:227 - takeImage()] INFO: Taking 1.18 second image
2017-11-07T02:44:32 [main.py:248 - takeImage()] INFO: Saving image: C:/camal/data/n20171107//0161Deneb.823.fits
2017-11-07T02:44:32 [main.py:227 - takeImage()] INFO: Taking 2.84 second image
2017-11-07T02:44:37 [main.py:248 - takeImage()] INFO: Saving image: C:/camal/data/n20171107//0162Deneb.860.fits
2017-11-07T02:44:39 [main.py:227 - takeImage()] INFO: Taking 0.94 second image
2017-11-07T02:44:42 [main.py:248 - takeImage()] INFO: Saving image: C:/camal/data/n20171107//0163Deneb.780.fits
2017-11-07T02:44:42 [main.py:227 - takeImage()] INFO: Taking 1.18 second image
2017-11-07T02:44:47 [main.py:248 - takeImage()] INFO: Saving image: C:/camal/data/n20171107//0164Deneb.823.fits
2017-11-07T02:44:47 [main.py:227 - takeImage()] INFO: Taking 2.84 second image
2017-11-07T02:44:53 [main.py:248 - takeImage()] INFO: Saving image: C:/camal/data/n20171107//0165Deneb.860.fits
2017-11-07T02:44:54 [main.py:227 - takeImage()] INFO: Taking 0.94 second image
2017-11-07T02:44:57 [main.py:248 - takeImage()] INFO: Saving image: C:/camal/data/n20171107//0166Deneb.780.fits
2017-11-07T02:44:57 [main.py:227 - takeImage()] INFO: Taking 1.18 second image
2017-11-07T02:45:02 [main.py:248 - takeImage()] INFO: Saving image: C:/camal/data/n20171107//0167Deneb.823.fits
2017-11-07T02:45:02 [main.py:227 - takeImage()] INFO: Taking 2.84 second image
2017-11-07T02:45:08 [main.py:248 - takeImage()] INFO: Saving image: C:/camal/data/n20171107//0168Deneb.860.fits
2017-11-07T02:45:09 [main.py:227 - takeImage()] INFO: Taking 0.94 second image
2017-11-07T02:45:13 [main.py:248 - takeImage()] INFO: Saving image: C:/camal/data/n20171107//0169Deneb.780.fits
2017-11-07T02:45:13 [main.py:227 - takeImage()] INFO: Taking 1.18 second image
2017-11-07T02:45:18 [main.py:248 - takeImage()] INFO: Saving image: C:/camal/data/n20171107//0170Deneb.823.fits
2017-11-07T02:45:18 [main.py:227 - takeImage()] INFO: Taking 2.84 second image
2017-11-07T02:45:23 [main.py:248 - takeImage()] INFO: Saving image: C:/camal/data/n20171107//0171Deneb.860.fits
2017-11-07T02:45:24 [main.py:227 - takeImage()] INFO: Taking 0.94 second image
2017-11-07T02:45:28 [main.py:248 - takeImage()] INFO: Saving image: C:/camal/data/n20171107//0172Deneb.780.fits
2017-11-07T02:45:28 [main.py:227 - takeImage()] INFO: Taking 1.18 second image
2017-11-07T02:45:33 [main.py:248 - takeImage()] INFO: Saving image: C:/camal/data/n20171107//0173Deneb.823.fits
2017-11-07T02:45:33 [main.py:227 - takeImage()] INFO: Taking 2.84 second image
2017-11-07T02:45:38 [main.py:248 - takeImage()] INFO: Saving image: C:/camal/data/n20171107//0174Deneb.860.fits
2017-11-07T02:45:39 [main.py:227 - takeImage()] INFO: Taking 0.94 second image
2017-11-07T02:45:43 [main.py:248 - takeImage()] INFO: Saving image: C:/camal/data/n20171107//0175Deneb.780.fits
2017-11-07T02:45:43 [main.py:227 - takeImage()] INFO: Taking 1.18 second image
2017-11-07T02:45:48 [main.py:248 - takeImage()] INFO: Saving image: C:/camal/data/n20171107//0176Deneb.823.fits
2017-11-07T02:45:48 [main.py:227 - takeImage()] INFO: Taking 2.84 second image
2017-11-07T02:45:54 [main.py:248 - takeImage()] INFO: Saving image: C:/camal/data/n20171107//0177Deneb.860.fits
2017-11-07T02:45:55 [main.py:227 - takeImage()] INFO: Taking 0.94 second image
2017-11-07T02:45:58 [main.py:248 - takeImage()] INFO: Saving image: C:/camal/data/n20171107//0178Deneb.780.fits
2017-11-07T02:45:58 [main.py:227 - takeImage()] INFO: Taking 1.18 second image
2017-11-07T02:46:04 [main.py:248 - takeImage()] INFO: Saving image: C:/camal/data/n20171107//0179Deneb.823.fits
2017-11-07T02:46:04 [main.py:227 - takeImage()] INFO: Taking 2.84 second image
2017-11-07T02:46:09 [main.py:248 - takeImage()] INFO: Saving image: C:/camal/data/n20171107//0180Deneb.860.fits
2017-11-07T02:46:10 [main.py:227 - takeImage()] INFO: Taking 0.94 second image
2017-11-07T02:46:14 [main.py:248 - takeImage()] INFO: Saving image: C:/camal/data/n20171107//0181Deneb.780.fits
2017-11-07T02:46:14 [main.py:227 - takeImage()] INFO: Taking 1.18 second image
2017-11-07T02:46:19 [main.py:248 - takeImage()] INFO: Saving image: C:/camal/data/n20171107//0182Deneb.823.fits
2017-11-07T02:46:19 [main.py:227 - takeImage()] INFO: Taking 2.84 second image
2017-11-07T02:46:24 [main.py:248 - takeImage()] INFO: Saving image: C:/camal/data/n20171107//0183Deneb.860.fits
2017-11-07T02:46:25 [main.py:227 - takeImage()] INFO: Taking 0.94 second image
2017-11-07T02:46:29 [main.py:248 - takeImage()] INFO: Saving image: C:/camal/data/n20171107//0184Deneb.780.fits
2017-11-07T02:46:29 [main.py:227 - takeImage()] INFO: Taking 1.18 second image
2017-11-07T02:46:34 [main.py:248 - takeImage()] INFO: Saving image: C:/camal/data/n20171107//0185Deneb.823.fits
2017-11-07T02:46:34 [main.py:227 - takeImage()] INFO: Taking 2.84 second image
2017-11-07T02:46:40 [main.py:248 - takeImage()] INFO: Saving image: C:/camal/data/n20171107//0186Deneb.860.fits
2017-11-07T02:46:41 [main.py:227 - takeImage()] INFO: Taking 0.94 second image
2017-11-07T02:46:44 [main.py:248 - takeImage()] INFO: Saving image: C:/camal/data/n20171107//0187Deneb.780.fits
2017-11-07T02:46:44 [main.py:227 - takeImage()] INFO: Taking 1.18 second image
2017-11-07T02:46:49 [main.py:248 - takeImage()] INFO: Saving image: C:/camal/data/n20171107//0188Deneb.823.fits
2017-11-07T02:46:49 [main.py:227 - takeImage()] INFO: Taking 2.84 second image
2017-11-07T02:46:55 [main.py:248 - takeImage()] INFO: Saving image: C:/camal/data/n20171107//0189Deneb.860.fits
2017-11-07T02:46:56 [main.py:227 - takeImage()] INFO: Taking 0.94 second image
2017-11-07T02:46:59 [main.py:248 - takeImage()] INFO: Saving image: C:/camal/data/n20171107//0190Deneb.780.fits
2017-11-07T02:46:59 [main.py:227 - takeImage()] INFO: Taking 1.18 second image
2017-11-07T02:47:04 [main.py:248 - takeImage()] INFO: Saving image: C:/camal/data/n20171107//0191Deneb.823.fits
2017-11-07T02:47:04 [main.py:227 - takeImage()] INFO: Taking 2.84 second image
2017-11-07T02:47:10 [main.py:248 - takeImage()] INFO: Saving image: C:/camal/data/n20171107//0192Deneb.860.fits
2017-11-07T02:47:11 [main.py:227 - takeImage()] INFO: Taking 0.94 second image
2017-11-07T02:47:14 [main.py:248 - takeImage()] INFO: Saving image: C:/camal/data/n20171107//0193Deneb.780.fits
2017-11-07T02:47:14 [main.py:227 - takeImage()] INFO: Taking 1.18 second image
2017-11-07T02:47:20 [main.py:248 - takeImage()] INFO: Saving image: C:/camal/data/n20171107//0194Deneb.823.fits
2017-11-07T02:47:20 [main.py:227 - takeImage()] INFO: Taking 2.84 second image
2017-11-07T02:47:25 [main.py:248 - takeImage()] INFO: Saving image: C:/camal/data/n20171107//0195Deneb.860.fits
2017-11-07T02:47:26 [main.py:227 - takeImage()] INFO: Taking 0.94 second image
2017-11-07T02:47:30 [main.py:248 - takeImage()] INFO: Saving image: C:/camal/data/n20171107//0196Deneb.780.fits
2017-11-07T02:47:30 [main.py:227 - takeImage()] INFO: Taking 1.18 second image
2017-11-07T02:47:35 [main.py:248 - takeImage()] INFO: Saving image: C:/camal/data/n20171107//0197Deneb.823.fits
2017-11-07T02:47:35 [main.py:227 - takeImage()] INFO: Taking 2.84 second image
2017-11-07T02:47:40 [main.py:248 - takeImage()] INFO: Saving image: C:/camal/data/n20171107//0198Deneb.860.fits
2017-11-07T02:47:41 [main.py:227 - takeImage()] INFO: Taking 0.94 second image
2017-11-07T02:47:45 [main.py:248 - takeImage()] INFO: Saving image: C:/camal/data/n20171107//0199Deneb.780.fits
2017-11-07T02:47:45 [main.py:227 - takeImage()] INFO: Taking 1.18 second image
2017-11-07T02:47:50 [main.py:248 - takeImage()] INFO: Saving image: C:/camal/data/n20171107//0200Deneb.823.fits
2017-11-07T02:47:50 [main.py:227 - takeImage()] INFO: Taking 2.84 second image
2017-11-07T02:47:56 [main.py:248 - takeImage()] INFO: Saving image: C:/camal/data/n20171107//0201Deneb.860.fits
2017-11-07T02:47:57 [main.py:227 - takeImage()] INFO: Taking 0.94 second image
2017-11-07T02:48:00 [main.py:248 - takeImage()] INFO: Saving image: C:/camal/data/n20171107//0202Deneb.780.fits
2017-11-07T02:48:00 [main.py:227 - takeImage()] INFO: Taking 1.18 second image
2017-11-07T02:48:05 [main.py:248 - takeImage()] INFO: Saving image: C:/camal/data/n20171107//0203Deneb.823.fits
2017-11-07T02:48:05 [main.py:227 - takeImage()] INFO: Taking 2.84 second image
2017-11-07T02:48:11 [main.py:248 - takeImage()] INFO: Saving image: C:/camal/data/n20171107//0204Deneb.860.fits
2017-11-07T02:48:12 [main.py:227 - takeImage()] INFO: Taking 0.94 second image
2017-11-07T02:48:16 [main.py:248 - takeImage()] INFO: Saving image: C:/camal/data/n20171107//0205Deneb.780.fits
2017-11-07T02:48:16 [main.py:227 - takeImage()] INFO: Taking 1.18 second image
2017-11-07T02:48:21 [main.py:248 - takeImage()] INFO: Saving image: C:/camal/data/n20171107//0206Deneb.823.fits
2017-11-07T02:48:21 [main.py:227 - takeImage()] INFO: Taking 2.84 second image
2017-11-07T02:48:26 [main.py:248 - takeImage()] INFO: Saving image: C:/camal/data/n20171107//0207Deneb.860.fits
2017-11-07T02:48:27 [main.py:227 - takeImage()] INFO: Taking 0.94 second image
2017-11-07T02:48:31 [main.py:248 - takeImage()] INFO: Saving image: C:/camal/data/n20171107//0208Deneb.780.fits
2017-11-07T02:48:31 [main.py:227 - takeImage()] INFO: Taking 1.18 second image
2017-11-07T02:48:36 [main.py:248 - takeImage()] INFO: Saving image: C:/camal/data/n20171107//0209Deneb.823.fits
2017-11-07T02:48:36 [main.py:227 - takeImage()] INFO: Taking 2.84 second image
2017-11-07T02:48:42 [main.py:248 - takeImage()] INFO: Saving image: C:/camal/data/n20171107//0210Deneb.860.fits
2017-11-07T02:48:43 [main.py:227 - takeImage()] INFO: Taking 0.94 second image
2017-11-07T02:48:46 [main.py:248 - takeImage()] INFO: Saving image: C:/camal/data/n20171107//0211Deneb.780.fits
2017-11-07T02:48:46 [main.py:227 - takeImage()] INFO: Taking 1.18 second image
2017-11-07T02:48:51 [main.py:248 - takeImage()] INFO: Saving image: C:/camal/data/n20171107//0212Deneb.823.fits
2017-11-07T02:48:51 [main.py:227 - takeImage()] INFO: Taking 2.84 second image
2017-11-07T02:48:57 [main.py:248 - takeImage()] INFO: Saving image: C:/camal/data/n20171107//0213Deneb.860.fits
2017-11-07T02:48:58 [main.py:227 - takeImage()] INFO: Taking 0.94 second image
2017-11-07T02:49:01 [main.py:248 - takeImage()] INFO: Saving image: C:/camal/data/n20171107//0214Deneb.780.fits
2017-11-07T02:49:01 [main.py:227 - takeImage()] INFO: Taking 1.18 second image
2017-11-07T02:49:06 [main.py:248 - takeImage()] INFO: Saving image: C:/camal/data/n20171107//0215Deneb.823.fits
2017-11-07T02:49:06 [main.py:227 - takeImage()] INFO: Taking 2.84 second image
2017-11-07T02:49:12 [main.py:248 - takeImage()] INFO: Saving image: C:/camal/data/n20171107//0216Deneb.860.fits
2017-11-07T02:49:13 [main.py:227 - takeImage()] INFO: Taking 0.94 second image
2017-11-07T02:49:16 [main.py:248 - takeImage()] INFO: Saving image: C:/camal/data/n20171107//0217Deneb.780.fits
2017-11-07T02:49:16 [main.py:227 - takeImage()] INFO: Taking 1.18 second image
2017-11-07T02:49:22 [main.py:248 - takeImage()] INFO: Saving image: C:/camal/data/n20171107//0218Deneb.823.fits
2017-11-07T02:49:22 [main.py:227 - takeImage()] INFO: Taking 2.84 second image
2017-11-07T02:49:27 [main.py:248 - takeImage()] INFO: Saving image: C:/camal/data/n20171107//0219Deneb.860.fits
2017-11-07T02:49:28 [main.py:227 - takeImage()] INFO: Taking 0.94 second image
2017-11-07T02:49:32 [main.py:248 - takeImage()] INFO: Saving image: C:/camal/data/n20171107//0220Deneb.780.fits
2017-11-07T02:49:32 [main.py:227 - takeImage()] INFO: Taking 1.18 second image
2017-11-07T02:49:37 [main.py:248 - takeImage()] INFO: Saving image: C:/camal/data/n20171107//0221Deneb.823.fits
2017-11-07T02:49:37 [main.py:227 - takeImage()] INFO: Taking 2.84 second image
2017-11-07T02:49:42 [main.py:248 - takeImage()] INFO: Saving image: C:/camal/data/n20171107//0222Deneb.860.fits
2017-11-07T02:49:43 [main.py:227 - takeImage()] INFO: Taking 0.94 second image
2017-11-07T02:49:47 [main.py:248 - takeImage()] INFO: Saving image: C:/camal/data/n20171107//0223Deneb.780.fits
2017-11-07T02:49:47 [main.py:227 - takeImage()] INFO: Taking 1.18 second image
2017-11-07T02:49:52 [main.py:248 - takeImage()] INFO: Saving image: C:/camal/data/n20171107//0224Deneb.823.fits
2017-11-07T02:49:52 [main.py:227 - takeImage()] INFO: Taking 2.84 second image
2017-11-07T02:49:58 [main.py:248 - takeImage()] INFO: Saving image: C:/camal/data/n20171107//0225Deneb.860.fits
2017-11-07T02:49:59 [main.py:227 - takeImage()] INFO: Taking 0.94 second image
2017-11-07T02:50:02 [main.py:248 - takeImage()] INFO: Saving image: C:/camal/data/n20171107//0226Deneb.780.fits
2017-11-07T02:50:02 [main.py:227 - takeImage()] INFO: Taking 1.18 second image
2017-11-07T02:50:07 [main.py:248 - takeImage()] INFO: Saving image: C:/camal/data/n20171107//0227Deneb.823.fits
2017-11-07T02:50:07 [main.py:227 - takeImage()] INFO: Taking 2.84 second image
2017-11-07T02:50:13 [main.py:248 - takeImage()] INFO: Saving image: C:/camal/data/n20171107//0228Deneb.860.fits
2017-11-07T02:50:14 [main.py:227 - takeImage()] INFO: Taking 0.94 second image
2017-11-07T02:50:18 [main.py:248 - takeImage()] INFO: Saving image: C:/camal/data/n20171107//0229Deneb.780.fits
2017-11-07T02:50:18 [main.py:227 - takeImage()] INFO: Taking 1.18 second image
2017-11-07T02:50:23 [main.py:248 - takeImage()] INFO: Saving image: C:/camal/data/n20171107//0230Deneb.823.fits
2017-11-07T02:50:23 [main.py:227 - takeImage()] INFO: Taking 2.84 second image
2017-11-07T02:50:28 [main.py:248 - takeImage()] INFO: Saving image: C:/camal/data/n20171107//0231Deneb.860.fits
2017-11-07T02:50:29 [main.py:227 - takeImage()] INFO: Taking 0.94 second image
2017-11-07T02:50:33 [main.py:248 - takeImage()] INFO: Saving image: C:/camal/data/n20171107//0232Deneb.780.fits
2017-11-07T02:50:33 [main.py:227 - takeImage()] INFO: Taking 1.18 second image
2017-11-07T02:50:38 [main.py:248 - takeImage()] INFO: Saving image: C:/camal/data/n20171107//0233Deneb.823.fits
2017-11-07T02:50:38 [main.py:227 - takeImage()] INFO: Taking 2.84 second image
2017-11-07T02:50:44 [main.py:248 - takeImage()] INFO: Saving image: C:/camal/data/n20171107//0234Deneb.860.fits
2017-11-07T02:50:45 [main.py:227 - takeImage()] INFO: Taking 0.94 second image
2017-11-07T02:50:48 [main.py:248 - takeImage()] INFO: Saving image: C:/camal/data/n20171107//0235Deneb.780.fits
2017-11-07T02:50:48 [main.py:227 - takeImage()] INFO: Taking 1.18 second image
2017-11-07T02:50:53 [main.py:248 - takeImage()] INFO: Saving image: C:/camal/data/n20171107//0236Deneb.823.fits
2017-11-07T02:50:53 [main.py:227 - takeImage()] INFO: Taking 2.84 second image
2017-11-07T02:50:59 [main.py:248 - takeImage()] INFO: Saving image: C:/camal/data/n20171107//0237Deneb.860.fits
2017-11-07T02:51:00 [main.py:227 - takeImage()] INFO: Taking 0.94 second image
2017-11-07T02:51:03 [main.py:248 - takeImage()] INFO: Saving image: C:/camal/data/n20171107//0238Deneb.780.fits
2017-11-07T02:51:03 [main.py:227 - takeImage()] INFO: Taking 1.18 second image
2017-11-07T02:51:08 [main.py:248 - takeImage()] INFO: Saving image: C:/camal/data/n20171107//0239Deneb.823.fits
2017-11-07T02:51:08 [main.py:227 - takeImage()] INFO: Taking 2.84 second image
2017-11-07T02:51:14 [main.py:248 - takeImage()] INFO: Saving image: C:/camal/data/n20171107//0240Deneb.860.fits
2017-11-07T02:51:15 [main.py:227 - takeImage()] INFO: Taking 0.94 second image
2017-11-07T14:33:47 [main.py:248 - takeImage()] INFO: Saving image: C:/camal/data/n20171107//0241Deneb.780.fits
2017-11-07T14:33:47 [main.py:227 - takeImage()] INFO: Taking 1.18 second image
2017-11-07T14:33:52 [main.py:248 - takeImage()] INFO: Saving image: C:/camal/data/n20171107//0242Deneb.823.fits
2017-11-07T14:33:52 [main.py:227 - takeImage()] INFO: Taking 2.84 second image
2017-11-07T14:33:58 [main.py:248 - takeImage()] INFO: Saving image: C:/camal/data/n20171107//0243Deneb.860.fits
2017-11-07T14:33:59 [main.py:569 - <module>()] INFO: Deneb done; moving on to next target
2017-11-07T14:33:59 [main.py:567 - <module>()] INFO: Sheratan about to be observed
2017-11-07T14:33:59 [main.py:349 - doScience()] INFO: Target Sheratan past its endtime (2017-11-07 09:38:44); skipping
2017-11-07T14:33:59 [main.py:569 - <module>()] INFO: Sheratan done; moving on to next target
2017-11-07T14:33:59 [main.py:567 - <module>()] INFO: Elnath about to be observed
2017-11-07T14:33:59 [main.py:349 - doScience()] INFO: Target Elnath past its endtime (2017-11-07 13:46:23); skipping
2017-11-07T14:33:59 [main.py:569 - <module>()] INFO: Elnath done; moving on to next target
