2018-03-14T00:45:32 [main.py:488 - <module>()] INFO: Waiting for sunset (2606.939463seconds)
2018-03-14T01:29:10 [main.py:499 - <module>()] INFO: Taking 30 Biases
2018-03-14T01:29:10 [main.py:163 - doDark()] INFO: Taking BIAS 1 of 30 (exptime = 0)
2018-03-14T01:29:10 [main.py:227 - takeImage()] INFO: Taking 0 second image
2018-03-14T01:29:12 [main.py:248 - takeImage()] INFO: Saving image: C:/camal/data/n20180314//0001BIAS.0.fits
2018-03-14T01:29:12 [main.py:163 - doDark()] INFO: Taking BIAS 2 of 30 (exptime = 0)
2018-03-14T01:29:12 [main.py:227 - takeImage()] INFO: Taking 0 second image
2018-03-14T01:29:13 [main.py:248 - takeImage()] INFO: Saving image: C:/camal/data/n20180314//0002BIAS.0.fits
2018-03-14T01:29:14 [main.py:163 - doDark()] INFO: Taking BIAS 3 of 30 (exptime = 0)
2018-03-14T01:29:14 [main.py:227 - takeImage()] INFO: Taking 0 second image
2018-03-14T01:29:15 [main.py:248 - takeImage()] INFO: Saving image: C:/camal/data/n20180314//0003BIAS.0.fits
2018-03-14T01:29:15 [main.py:163 - doDark()] INFO: Taking BIAS 4 of 30 (exptime = 0)
2018-03-14T01:29:15 [main.py:227 - takeImage()] INFO: Taking 0 second image
2018-03-14T01:29:16 [main.py:248 - takeImage()] INFO: Saving image: C:/camal/data/n20180314//0004BIAS.0.fits
2018-03-14T01:29:16 [main.py:163 - doDark()] INFO: Taking BIAS 5 of 30 (exptime = 0)
2018-03-14T01:29:16 [main.py:227 - takeImage()] INFO: Taking 0 second image
2018-03-14T01:29:18 [main.py:248 - takeImage()] INFO: Saving image: C:/camal/data/n20180314//0005BIAS.0.fits
2018-03-14T01:29:18 [main.py:163 - doDark()] INFO: Taking BIAS 6 of 30 (exptime = 0)
2018-03-14T01:29:18 [main.py:227 - takeImage()] INFO: Taking 0 second image
2018-03-14T01:29:19 [main.py:248 - takeImage()] INFO: Saving image: C:/camal/data/n20180314//0006BIAS.0.fits
2018-03-14T01:29:19 [main.py:163 - doDark()] INFO: Taking BIAS 7 of 30 (exptime = 0)
2018-03-14T01:29:19 [main.py:227 - takeImage()] INFO: Taking 0 second image
2018-03-14T01:29:21 [main.py:248 - takeImage()] INFO: Saving image: C:/camal/data/n20180314//0007BIAS.0.fits
2018-03-14T01:29:21 [main.py:163 - doDark()] INFO: Taking BIAS 8 of 30 (exptime = 0)
2018-03-14T01:29:21 [main.py:227 - takeImage()] INFO: Taking 0 second image
2018-03-14T01:29:22 [main.py:248 - takeImage()] INFO: Saving image: C:/camal/data/n20180314//0008BIAS.0.fits
2018-03-14T01:29:22 [main.py:163 - doDark()] INFO: Taking BIAS 9 of 30 (exptime = 0)
2018-03-14T01:29:22 [main.py:227 - takeImage()] INFO: Taking 0 second image
2018-03-14T01:29:24 [main.py:248 - takeImage()] INFO: Saving image: C:/camal/data/n20180314//0009BIAS.0.fits
2018-03-14T01:29:24 [main.py:163 - doDark()] INFO: Taking BIAS 10 of 30 (exptime = 0)
2018-03-14T01:29:24 [main.py:227 - takeImage()] INFO: Taking 0 second image
2018-03-14T01:29:25 [main.py:248 - takeImage()] INFO: Saving image: C:/camal/data/n20180314//0010BIAS.0.fits
2018-03-14T01:29:25 [main.py:163 - doDark()] INFO: Taking BIAS 11 of 30 (exptime = 0)
2018-03-14T01:29:25 [main.py:227 - takeImage()] INFO: Taking 0 second image
2018-03-14T01:29:27 [main.py:248 - takeImage()] INFO: Saving image: C:/camal/data/n20180314//0011BIAS.0.fits
2018-03-14T01:29:27 [main.py:163 - doDark()] INFO: Taking BIAS 12 of 30 (exptime = 0)
2018-03-14T01:29:27 [main.py:227 - takeImage()] INFO: Taking 0 second image
2018-03-14T01:29:28 [main.py:248 - takeImage()] INFO: Saving image: C:/camal/data/n20180314//0012BIAS.0.fits
2018-03-14T01:29:28 [main.py:163 - doDark()] INFO: Taking BIAS 13 of 30 (exptime = 0)
2018-03-14T01:29:28 [main.py:227 - takeImage()] INFO: Taking 0 second image
2018-03-14T01:29:30 [main.py:248 - takeImage()] INFO: Saving image: C:/camal/data/n20180314//0013BIAS.0.fits
2018-03-14T01:29:30 [main.py:163 - doDark()] INFO: Taking BIAS 14 of 30 (exptime = 0)
2018-03-14T01:29:30 [main.py:227 - takeImage()] INFO: Taking 0 second image
2018-03-14T01:29:31 [main.py:248 - takeImage()] INFO: Saving image: C:/camal/data/n20180314//0014BIAS.0.fits
2018-03-14T01:29:31 [main.py:163 - doDark()] INFO: Taking BIAS 15 of 30 (exptime = 0)
2018-03-14T01:29:31 [main.py:227 - takeImage()] INFO: Taking 0 second image
2018-03-14T01:29:32 [main.py:248 - takeImage()] INFO: Saving image: C:/camal/data/n20180314//0015BIAS.0.fits
2018-03-14T01:29:33 [main.py:163 - doDark()] INFO: Taking BIAS 16 of 30 (exptime = 0)
2018-03-14T01:29:33 [main.py:227 - takeImage()] INFO: Taking 0 second image
2018-03-14T01:29:34 [main.py:248 - takeImage()] INFO: Saving image: C:/camal/data/n20180314//0016BIAS.0.fits
2018-03-14T01:29:34 [main.py:163 - doDark()] INFO: Taking BIAS 17 of 30 (exptime = 0)
2018-03-14T01:29:34 [main.py:227 - takeImage()] INFO: Taking 0 second image
2018-03-14T01:29:35 [main.py:248 - takeImage()] INFO: Saving image: C:/camal/data/n20180314//0017BIAS.0.fits
2018-03-14T01:29:35 [main.py:163 - doDark()] INFO: Taking BIAS 18 of 30 (exptime = 0)
2018-03-14T01:29:35 [main.py:227 - takeImage()] INFO: Taking 0 second image
2018-03-14T01:29:37 [main.py:248 - takeImage()] INFO: Saving image: C:/camal/data/n20180314//0018BIAS.0.fits
2018-03-14T01:29:37 [main.py:163 - doDark()] INFO: Taking BIAS 19 of 30 (exptime = 0)
2018-03-14T01:29:37 [main.py:227 - takeImage()] INFO: Taking 0 second image
2018-03-14T01:29:38 [main.py:248 - takeImage()] INFO: Saving image: C:/camal/data/n20180314//0019BIAS.0.fits
2018-03-14T01:29:38 [main.py:163 - doDark()] INFO: Taking BIAS 20 of 30 (exptime = 0)
2018-03-14T01:29:38 [main.py:227 - takeImage()] INFO: Taking 0 second image
2018-03-14T01:29:40 [main.py:248 - takeImage()] INFO: Saving image: C:/camal/data/n20180314//0020BIAS.0.fits
2018-03-14T01:29:40 [main.py:163 - doDark()] INFO: Taking BIAS 21 of 30 (exptime = 0)
2018-03-14T01:29:40 [main.py:227 - takeImage()] INFO: Taking 0 second image
2018-03-14T01:29:41 [main.py:248 - takeImage()] INFO: Saving image: C:/camal/data/n20180314//0021BIAS.0.fits
2018-03-14T01:29:41 [main.py:163 - doDark()] INFO: Taking BIAS 22 of 30 (exptime = 0)
2018-03-14T01:29:41 [main.py:227 - takeImage()] INFO: Taking 0 second image
2018-03-14T01:29:43 [main.py:248 - takeImage()] INFO: Saving image: C:/camal/data/n20180314//0022BIAS.0.fits
2018-03-14T01:29:43 [main.py:163 - doDark()] INFO: Taking BIAS 23 of 30 (exptime = 0)
2018-03-14T01:29:43 [main.py:227 - takeImage()] INFO: Taking 0 second image
2018-03-14T01:29:44 [main.py:248 - takeImage()] INFO: Saving image: C:/camal/data/n20180314//0023BIAS.0.fits
2018-03-14T01:29:44 [main.py:163 - doDark()] INFO: Taking BIAS 24 of 30 (exptime = 0)
2018-03-14T01:29:44 [main.py:227 - takeImage()] INFO: Taking 0 second image
2018-03-14T01:29:45 [main.py:248 - takeImage()] INFO: Saving image: C:/camal/data/n20180314//0024BIAS.0.fits
2018-03-14T01:29:46 [main.py:163 - doDark()] INFO: Taking BIAS 25 of 30 (exptime = 0)
2018-03-14T01:29:46 [main.py:227 - takeImage()] INFO: Taking 0 second image
2018-03-14T01:29:47 [main.py:248 - takeImage()] INFO: Saving image: C:/camal/data/n20180314//0025BIAS.0.fits
2018-03-14T01:29:47 [main.py:163 - doDark()] INFO: Taking BIAS 26 of 30 (exptime = 0)
2018-03-14T01:29:47 [main.py:227 - takeImage()] INFO: Taking 0 second image
2018-03-14T01:29:48 [main.py:248 - takeImage()] INFO: Saving image: C:/camal/data/n20180314//0026BIAS.0.fits
2018-03-14T01:29:48 [main.py:163 - doDark()] INFO: Taking BIAS 27 of 30 (exptime = 0)
2018-03-14T01:29:48 [main.py:227 - takeImage()] INFO: Taking 0 second image
2018-03-14T01:29:50 [main.py:248 - takeImage()] INFO: Saving image: C:/camal/data/n20180314//0027BIAS.0.fits
2018-03-14T01:29:50 [main.py:163 - doDark()] INFO: Taking BIAS 28 of 30 (exptime = 0)
2018-03-14T01:29:50 [main.py:227 - takeImage()] INFO: Taking 0 second image
2018-03-14T01:29:51 [main.py:248 - takeImage()] INFO: Saving image: C:/camal/data/n20180314//0028BIAS.0.fits
2018-03-14T01:29:51 [main.py:163 - doDark()] INFO: Taking BIAS 29 of 30 (exptime = 0)
2018-03-14T01:29:51 [main.py:227 - takeImage()] INFO: Taking 0 second image
2018-03-14T01:29:53 [main.py:248 - takeImage()] INFO: Saving image: C:/camal/data/n20180314//0029BIAS.0.fits
2018-03-14T01:29:53 [main.py:163 - doDark()] INFO: Taking BIAS 30 of 30 (exptime = 0)
2018-03-14T01:29:53 [main.py:227 - takeImage()] INFO: Taking 0 second image
2018-03-14T01:29:54 [main.py:248 - takeImage()] INFO: Saving image: C:/camal/data/n20180314//0030BIAS.0.fits
2018-03-14T01:29:54 [main.py:505 - <module>()] INFO: Waiting for nautical twilight to end (3175.235426seconds)
2018-03-14T02:22:49 [main.py:510 - <module>()] INFO: Making Schedule
