2017-03-23T03:24:59 [main.py:168 - doDark()] INFO: Taking BIAS 1 of 30 (exptime = 0)
2017-03-23T03:24:59 [main.py:240 - takeImage()] INFO: Taking 0 second image
2017-03-23T03:25:01 [main.py:259 - takeImage()] INFO: Saving image: C:/camal/data/n20170323//0001BIAS.0.fits
2017-03-23T03:25:01 [main.py:168 - doDark()] INFO: Taking BIAS 2 of 30 (exptime = 0)
2017-03-23T03:25:01 [main.py:240 - takeImage()] INFO: Taking 0 second image
2017-03-23T03:25:04 [main.py:259 - takeImage()] INFO: Saving image: C:/camal/data/n20170323//0002BIAS.0.fits
2017-03-23T03:25:04 [main.py:168 - doDark()] INFO: Taking BIAS 3 of 30 (exptime = 0)
2017-03-23T03:25:04 [main.py:240 - takeImage()] INFO: Taking 0 second image
2017-03-23T03:25:06 [main.py:259 - takeImage()] INFO: Saving image: C:/camal/data/n20170323//0003BIAS.0.fits
2017-03-23T03:25:06 [main.py:168 - doDark()] INFO: Taking BIAS 4 of 30 (exptime = 0)
2017-03-23T03:25:06 [main.py:240 - takeImage()] INFO: Taking 0 second image
2017-03-23T03:25:07 [main.py:259 - takeImage()] INFO: Saving image: C:/camal/data/n20170323//0004BIAS.0.fits
2017-03-23T03:25:07 [main.py:168 - doDark()] INFO: Taking BIAS 5 of 30 (exptime = 0)
2017-03-23T03:25:07 [main.py:240 - takeImage()] INFO: Taking 0 second image
2017-03-23T03:25:10 [main.py:259 - takeImage()] INFO: Saving image: C:/camal/data/n20170323//0005BIAS.0.fits
2017-03-23T03:25:10 [main.py:168 - doDark()] INFO: Taking BIAS 6 of 30 (exptime = 0)
2017-03-23T03:25:10 [main.py:240 - takeImage()] INFO: Taking 0 second image
2017-03-23T03:25:12 [main.py:259 - takeImage()] INFO: Saving image: C:/camal/data/n20170323//0006BIAS.0.fits
2017-03-23T03:25:12 [main.py:168 - doDark()] INFO: Taking BIAS 7 of 30 (exptime = 0)
2017-03-23T03:25:12 [main.py:240 - takeImage()] INFO: Taking 0 second image
2017-03-23T03:25:13 [main.py:259 - takeImage()] INFO: Saving image: C:/camal/data/n20170323//0007BIAS.0.fits
2017-03-23T03:25:13 [main.py:168 - doDark()] INFO: Taking BIAS 8 of 30 (exptime = 0)
2017-03-23T03:25:13 [main.py:240 - takeImage()] INFO: Taking 0 second image
2017-03-23T03:25:16 [main.py:259 - takeImage()] INFO: Saving image: C:/camal/data/n20170323//0008BIAS.0.fits
2017-03-23T03:25:16 [main.py:168 - doDark()] INFO: Taking BIAS 9 of 30 (exptime = 0)
2017-03-23T03:25:16 [main.py:240 - takeImage()] INFO: Taking 0 second image
2017-03-23T03:25:17 [main.py:259 - takeImage()] INFO: Saving image: C:/camal/data/n20170323//0009BIAS.0.fits
2017-03-23T03:25:17 [main.py:168 - doDark()] INFO: Taking BIAS 10 of 30 (exptime = 0)
2017-03-23T03:25:17 [main.py:240 - takeImage()] INFO: Taking 0 second image
2017-03-23T03:25:19 [main.py:259 - takeImage()] INFO: Saving image: C:/camal/data/n20170323//0010BIAS.0.fits
2017-03-23T03:25:19 [main.py:168 - doDark()] INFO: Taking BIAS 11 of 30 (exptime = 0)
2017-03-23T03:25:19 [main.py:240 - takeImage()] INFO: Taking 0 second image
2017-03-23T03:25:22 [main.py:259 - takeImage()] INFO: Saving image: C:/camal/data/n20170323//0011BIAS.0.fits
2017-03-23T03:25:22 [main.py:168 - doDark()] INFO: Taking BIAS 12 of 30 (exptime = 0)
2017-03-23T03:25:22 [main.py:240 - takeImage()] INFO: Taking 0 second image
2017-03-23T03:25:24 [main.py:259 - takeImage()] INFO: Saving image: C:/camal/data/n20170323//0012BIAS.0.fits
2017-03-23T03:25:24 [main.py:168 - doDark()] INFO: Taking BIAS 13 of 30 (exptime = 0)
2017-03-23T03:25:24 [main.py:240 - takeImage()] INFO: Taking 0 second image
2017-03-23T03:25:26 [main.py:259 - takeImage()] INFO: Saving image: C:/camal/data/n20170323//0013BIAS.0.fits
2017-03-23T03:25:26 [main.py:168 - doDark()] INFO: Taking BIAS 14 of 30 (exptime = 0)
2017-03-23T03:25:26 [main.py:240 - takeImage()] INFO: Taking 0 second image
2017-03-23T03:25:28 [main.py:259 - takeImage()] INFO: Saving image: C:/camal/data/n20170323//0014BIAS.0.fits
2017-03-23T03:25:28 [main.py:168 - doDark()] INFO: Taking BIAS 15 of 30 (exptime = 0)
2017-03-23T03:25:28 [main.py:240 - takeImage()] INFO: Taking 0 second image
2017-03-23T03:25:30 [main.py:259 - takeImage()] INFO: Saving image: C:/camal/data/n20170323//0015BIAS.0.fits
2017-03-23T03:25:30 [main.py:168 - doDark()] INFO: Taking BIAS 16 of 30 (exptime = 0)
2017-03-23T03:25:30 [main.py:240 - takeImage()] INFO: Taking 0 second image
2017-03-23T03:25:32 [main.py:259 - takeImage()] INFO: Saving image: C:/camal/data/n20170323//0016BIAS.0.fits
2017-03-23T03:25:32 [main.py:168 - doDark()] INFO: Taking BIAS 17 of 30 (exptime = 0)
2017-03-23T03:25:32 [main.py:240 - takeImage()] INFO: Taking 0 second image
2017-03-23T03:25:33 [main.py:259 - takeImage()] INFO: Saving image: C:/camal/data/n20170323//0017BIAS.0.fits
2017-03-23T03:25:33 [main.py:168 - doDark()] INFO: Taking BIAS 18 of 30 (exptime = 0)
2017-03-23T03:25:33 [main.py:240 - takeImage()] INFO: Taking 0 second image
2017-03-23T03:25:36 [main.py:259 - takeImage()] INFO: Saving image: C:/camal/data/n20170323//0018BIAS.0.fits
2017-03-23T03:25:36 [main.py:168 - doDark()] INFO: Taking BIAS 19 of 30 (exptime = 0)
2017-03-23T03:25:36 [main.py:240 - takeImage()] INFO: Taking 0 second image
2017-03-23T03:25:37 [main.py:259 - takeImage()] INFO: Saving image: C:/camal/data/n20170323//0019BIAS.0.fits
2017-03-23T03:25:37 [main.py:168 - doDark()] INFO: Taking BIAS 20 of 30 (exptime = 0)
2017-03-23T03:25:37 [main.py:240 - takeImage()] INFO: Taking 0 second image
2017-03-23T03:25:39 [main.py:259 - takeImage()] INFO: Saving image: C:/camal/data/n20170323//0020BIAS.0.fits
2017-03-23T03:25:39 [main.py:168 - doDark()] INFO: Taking BIAS 21 of 30 (exptime = 0)
2017-03-23T03:25:39 [main.py:240 - takeImage()] INFO: Taking 0 second image
2017-03-23T03:25:41 [main.py:259 - takeImage()] INFO: Saving image: C:/camal/data/n20170323//0021BIAS.0.fits
2017-03-23T03:25:41 [main.py:168 - doDark()] INFO: Taking BIAS 22 of 30 (exptime = 0)
2017-03-23T03:25:41 [main.py:240 - takeImage()] INFO: Taking 0 second image
2017-03-23T03:25:43 [main.py:259 - takeImage()] INFO: Saving image: C:/camal/data/n20170323//0022BIAS.0.fits
2017-03-23T03:25:43 [main.py:168 - doDark()] INFO: Taking BIAS 23 of 30 (exptime = 0)
2017-03-23T03:25:43 [main.py:240 - takeImage()] INFO: Taking 0 second image
2017-03-23T03:25:45 [main.py:259 - takeImage()] INFO: Saving image: C:/camal/data/n20170323//0023BIAS.0.fits
2017-03-23T03:25:45 [main.py:168 - doDark()] INFO: Taking BIAS 24 of 30 (exptime = 0)
2017-03-23T03:25:45 [main.py:240 - takeImage()] INFO: Taking 0 second image
2017-03-23T03:25:48 [main.py:259 - takeImage()] INFO: Saving image: C:/camal/data/n20170323//0024BIAS.0.fits
2017-03-23T03:25:48 [main.py:168 - doDark()] INFO: Taking BIAS 25 of 30 (exptime = 0)
2017-03-23T03:25:48 [main.py:240 - takeImage()] INFO: Taking 0 second image
2017-03-23T03:25:50 [main.py:259 - takeImage()] INFO: Saving image: C:/camal/data/n20170323//0025BIAS.0.fits
2017-03-23T03:25:50 [main.py:168 - doDark()] INFO: Taking BIAS 26 of 30 (exptime = 0)
2017-03-23T03:25:50 [main.py:240 - takeImage()] INFO: Taking 0 second image
2017-03-23T03:25:52 [main.py:259 - takeImage()] INFO: Saving image: C:/camal/data/n20170323//0026BIAS.0.fits
2017-03-23T03:25:52 [main.py:168 - doDark()] INFO: Taking BIAS 27 of 30 (exptime = 0)
2017-03-23T03:25:52 [main.py:240 - takeImage()] INFO: Taking 0 second image
2017-03-23T03:25:54 [main.py:259 - takeImage()] INFO: Saving image: C:/camal/data/n20170323//0027BIAS.0.fits
2017-03-23T03:25:54 [main.py:168 - doDark()] INFO: Taking BIAS 28 of 30 (exptime = 0)
2017-03-23T03:25:54 [main.py:240 - takeImage()] INFO: Taking 0 second image
2017-03-23T03:25:56 [main.py:259 - takeImage()] INFO: Saving image: C:/camal/data/n20170323//0028BIAS.0.fits
2017-03-23T03:25:56 [main.py:168 - doDark()] INFO: Taking BIAS 29 of 30 (exptime = 0)
2017-03-23T03:25:56 [main.py:240 - takeImage()] INFO: Taking 0 second image
2017-03-23T03:25:58 [main.py:259 - takeImage()] INFO: Saving image: C:/camal/data/n20170323//0029BIAS.0.fits
2017-03-23T03:25:58 [main.py:168 - doDark()] INFO: Taking BIAS 30 of 30 (exptime = 0)
2017-03-23T03:25:58 [main.py:240 - takeImage()] INFO: Taking 0 second image
2017-03-23T03:26:00 [main.py:259 - takeImage()] INFO: Saving image: C:/camal/data/n20170323//0030BIAS.0.fits
2017-03-23T03:26:00 [main.py:582 - <module>()] INFO: Waiting For the Dome to Open at Beginning of Night
2017-03-23T03:27:00 [main.py:582 - <module>()] INFO: Waiting For the Dome to Open at Beginning of Night
2017-03-23T03:28:01 [main.py:582 - <module>()] INFO: Waiting For the Dome to Open at Beginning of Night
2017-03-23T04:09:24 [main.py:168 - doDark()] INFO: Taking BIAS 1 of 1 (exptime = 0)
2017-03-23T04:09:24 [main.py:240 - takeImage()] INFO: Taking 0 second image
2017-03-23T04:09:26 [main.py:259 - takeImage()] INFO: Saving image: C:/camal/data/n20170323//0031BIAS.0.fits
2017-03-23T04:09:26 [main.py:587 - <module>()] INFO: Initializing Telescope
2017-03-23T04:16:50 [main.py:168 - doDark()] INFO: Taking BIAS 1 of 1 (exptime = 0)
2017-03-23T04:16:50 [main.py:240 - takeImage()] INFO: Taking 0 second image
2017-03-23T04:16:52 [main.py:259 - takeImage()] INFO: Saving image: C:/camal/data/n20170323//0001BIAS.0.fits
2017-03-23T04:16:52 [main.py:587 - <module>()] INFO: Initializing Telescope
2017-03-23T04:18:38 [main.py:630 - <module>()] INFO: Elnath about to be observed
2017-03-23T04:18:44 [main.py:240 - takeImage()] INFO: Taking 2.29 second image
2017-03-23T04:18:51 [main.py:259 - takeImage()] INFO: Saving image: C:/camal/data/n20170323//0002Elnath.823.fits
2017-03-23T04:18:51 [main.py:240 - takeImage()] INFO: Taking 5.52 second image
2017-03-23T04:19:01 [main.py:259 - takeImage()] INFO: Saving image: C:/camal/data/n20170323//0003Elnath.860.fits
2017-03-23T04:19:01 [main.py:240 - takeImage()] INFO: Taking 1.82 second image
2017-03-23T04:19:07 [main.py:259 - takeImage()] INFO: Saving image: C:/camal/data/n20170323//0004Elnath.780.fits
2017-03-23T04:30:20 [main.py:168 - doDark()] INFO: Taking BIAS 1 of 1 (exptime = 0)
2017-03-23T04:30:20 [main.py:240 - takeImage()] INFO: Taking 0 second image
2017-03-23T04:30:21 [main.py:259 - takeImage()] INFO: Saving image: C:/camal/data/n20170323//0005BIAS.0.fits
2017-03-23T04:30:22 [main.py:587 - <module>()] INFO: Initializing Telescope
2017-03-23T04:30:58 [main.py:168 - doDark()] INFO: Taking BIAS 1 of 1 (exptime = 0)
2017-03-23T04:30:58 [main.py:240 - takeImage()] INFO: Taking 0 second image
2017-03-23T04:31:00 [main.py:259 - takeImage()] INFO: Saving image: C:/camal/data/n20170323//0006BIAS.0.fits
2017-03-23T04:31:01 [main.py:587 - <module>()] INFO: Initializing Telescope
2017-03-23T04:31:27 [main.py:630 - <module>()] INFO: Elnath about to be observed
2017-03-23T04:31:33 [main.py:240 - takeImage()] INFO: Taking 2.29 second image
2017-03-23T04:31:41 [main.py:259 - takeImage()] INFO: Saving image: C:/camal/data/n20170323//0007Elnath.823.fits
2017-03-23T04:31:41 [main.py:240 - takeImage()] INFO: Taking 5.52 second image
2017-03-23T04:31:51 [main.py:259 - takeImage()] INFO: Saving image: C:/camal/data/n20170323//0008Elnath.860.fits
2017-03-23T04:31:51 [main.py:240 - takeImage()] INFO: Taking 1.82 second image
2017-03-23T04:31:57 [main.py:259 - takeImage()] INFO: Saving image: C:/camal/data/n20170323//0009Elnath.780.fits
