2017-12-10T00:49:46 [main.py:499 - <module>()] INFO: Taking 30 Biases
2017-12-10T00:49:46 [main.py:163 - doDark()] INFO: Taking BIAS 1 of 30 (exptime = 0)
2017-12-10T00:49:46 [main.py:227 - takeImage()] INFO: Taking 0 second image
2017-12-10T00:49:49 [main.py:248 - takeImage()] INFO: Saving image: C:/camal/data/n20171210//0001BIAS.0.fits
2017-12-10T00:49:49 [main.py:163 - doDark()] INFO: Taking BIAS 2 of 30 (exptime = 0)
2017-12-10T00:49:49 [main.py:227 - takeImage()] INFO: Taking 0 second image
2017-12-10T00:49:50 [main.py:248 - takeImage()] INFO: Saving image: C:/camal/data/n20171210//0002BIAS.0.fits
2017-12-10T00:49:50 [main.py:163 - doDark()] INFO: Taking BIAS 3 of 30 (exptime = 0)
2017-12-10T00:49:50 [main.py:227 - takeImage()] INFO: Taking 0 second image
2017-12-10T00:49:52 [main.py:248 - takeImage()] INFO: Saving image: C:/camal/data/n20171210//0003BIAS.0.fits
2017-12-10T00:49:52 [main.py:163 - doDark()] INFO: Taking BIAS 4 of 30 (exptime = 0)
2017-12-10T00:49:52 [main.py:227 - takeImage()] INFO: Taking 0 second image
2017-12-10T00:49:53 [main.py:248 - takeImage()] INFO: Saving image: C:/camal/data/n20171210//0004BIAS.0.fits
2017-12-10T00:49:53 [main.py:163 - doDark()] INFO: Taking BIAS 5 of 30 (exptime = 0)
2017-12-10T00:49:53 [main.py:227 - takeImage()] INFO: Taking 0 second image
2017-12-10T00:49:55 [main.py:248 - takeImage()] INFO: Saving image: C:/camal/data/n20171210//0005BIAS.0.fits
2017-12-10T00:49:55 [main.py:163 - doDark()] INFO: Taking BIAS 6 of 30 (exptime = 0)
2017-12-10T00:49:55 [main.py:227 - takeImage()] INFO: Taking 0 second image
2017-12-10T00:49:56 [main.py:248 - takeImage()] INFO: Saving image: C:/camal/data/n20171210//0006BIAS.0.fits
2017-12-10T00:49:56 [main.py:163 - doDark()] INFO: Taking BIAS 7 of 30 (exptime = 0)
2017-12-10T00:49:56 [main.py:227 - takeImage()] INFO: Taking 0 second image
2017-12-10T00:49:57 [main.py:248 - takeImage()] INFO: Saving image: C:/camal/data/n20171210//0007BIAS.0.fits
2017-12-10T00:49:57 [main.py:163 - doDark()] INFO: Taking BIAS 8 of 30 (exptime = 0)
2017-12-10T00:49:57 [main.py:227 - takeImage()] INFO: Taking 0 second image
2017-12-10T00:49:59 [main.py:248 - takeImage()] INFO: Saving image: C:/camal/data/n20171210//0008BIAS.0.fits
2017-12-10T00:49:59 [main.py:163 - doDark()] INFO: Taking BIAS 9 of 30 (exptime = 0)
2017-12-10T00:49:59 [main.py:227 - takeImage()] INFO: Taking 0 second image
2017-12-10T00:50:00 [main.py:248 - takeImage()] INFO: Saving image: C:/camal/data/n20171210//0009BIAS.0.fits
2017-12-10T00:50:00 [main.py:163 - doDark()] INFO: Taking BIAS 10 of 30 (exptime = 0)
2017-12-10T00:50:00 [main.py:227 - takeImage()] INFO: Taking 0 second image
2017-12-10T00:50:02 [main.py:248 - takeImage()] INFO: Saving image: C:/camal/data/n20171210//0010BIAS.0.fits
2017-12-10T00:50:02 [main.py:163 - doDark()] INFO: Taking BIAS 11 of 30 (exptime = 0)
2017-12-10T00:50:02 [main.py:227 - takeImage()] INFO: Taking 0 second image
2017-12-10T00:50:03 [main.py:248 - takeImage()] INFO: Saving image: C:/camal/data/n20171210//0011BIAS.0.fits
2017-12-10T00:50:03 [main.py:163 - doDark()] INFO: Taking BIAS 12 of 30 (exptime = 0)
2017-12-10T00:50:03 [main.py:227 - takeImage()] INFO: Taking 0 second image
2017-12-10T00:50:04 [main.py:248 - takeImage()] INFO: Saving image: C:/camal/data/n20171210//0012BIAS.0.fits
2017-12-10T00:50:04 [main.py:163 - doDark()] INFO: Taking BIAS 13 of 30 (exptime = 0)
2017-12-10T00:50:04 [main.py:227 - takeImage()] INFO: Taking 0 second image
2017-12-10T00:50:06 [main.py:248 - takeImage()] INFO: Saving image: C:/camal/data/n20171210//0013BIAS.0.fits
2017-12-10T00:50:06 [main.py:163 - doDark()] INFO: Taking BIAS 14 of 30 (exptime = 0)
2017-12-10T00:50:06 [main.py:227 - takeImage()] INFO: Taking 0 second image
2017-12-10T00:50:07 [main.py:248 - takeImage()] INFO: Saving image: C:/camal/data/n20171210//0014BIAS.0.fits
2017-12-10T00:50:07 [main.py:163 - doDark()] INFO: Taking BIAS 15 of 30 (exptime = 0)
2017-12-10T00:50:07 [main.py:227 - takeImage()] INFO: Taking 0 second image
2017-12-10T00:50:08 [main.py:248 - takeImage()] INFO: Saving image: C:/camal/data/n20171210//0015BIAS.0.fits
2017-12-10T00:50:09 [main.py:163 - doDark()] INFO: Taking BIAS 16 of 30 (exptime = 0)
2017-12-10T00:50:09 [main.py:227 - takeImage()] INFO: Taking 0 second image
2017-12-10T00:50:10 [main.py:248 - takeImage()] INFO: Saving image: C:/camal/data/n20171210//0016BIAS.0.fits
2017-12-10T00:50:10 [main.py:163 - doDark()] INFO: Taking BIAS 17 of 30 (exptime = 0)
2017-12-10T00:50:10 [main.py:227 - takeImage()] INFO: Taking 0 second image
2017-12-10T00:50:11 [main.py:248 - takeImage()] INFO: Saving image: C:/camal/data/n20171210//0017BIAS.0.fits
2017-12-10T00:50:11 [main.py:163 - doDark()] INFO: Taking BIAS 18 of 30 (exptime = 0)
2017-12-10T00:50:11 [main.py:227 - takeImage()] INFO: Taking 0 second image
2017-12-10T00:50:13 [main.py:248 - takeImage()] INFO: Saving image: C:/camal/data/n20171210//0018BIAS.0.fits
2017-12-10T00:50:13 [main.py:163 - doDark()] INFO: Taking BIAS 19 of 30 (exptime = 0)
2017-12-10T00:50:13 [main.py:227 - takeImage()] INFO: Taking 0 second image
2017-12-10T00:50:14 [main.py:248 - takeImage()] INFO: Saving image: C:/camal/data/n20171210//0019BIAS.0.fits
2017-12-10T00:50:14 [main.py:163 - doDark()] INFO: Taking BIAS 20 of 30 (exptime = 0)
2017-12-10T00:50:14 [main.py:227 - takeImage()] INFO: Taking 0 second image
2017-12-10T00:50:16 [main.py:248 - takeImage()] INFO: Saving image: C:/camal/data/n20171210//0020BIAS.0.fits
2017-12-10T00:50:16 [main.py:163 - doDark()] INFO: Taking BIAS 21 of 30 (exptime = 0)
2017-12-10T00:50:16 [main.py:227 - takeImage()] INFO: Taking 0 second image
2017-12-10T00:50:17 [main.py:248 - takeImage()] INFO: Saving image: C:/camal/data/n20171210//0021BIAS.0.fits
2017-12-10T00:50:17 [main.py:163 - doDark()] INFO: Taking BIAS 22 of 30 (exptime = 0)
2017-12-10T00:50:17 [main.py:227 - takeImage()] INFO: Taking 0 second image
2017-12-10T00:50:18 [main.py:248 - takeImage()] INFO: Saving image: C:/camal/data/n20171210//0022BIAS.0.fits
2017-12-10T00:50:18 [main.py:163 - doDark()] INFO: Taking BIAS 23 of 30 (exptime = 0)
2017-12-10T00:50:18 [main.py:227 - takeImage()] INFO: Taking 0 second image
2017-12-10T00:50:20 [main.py:248 - takeImage()] INFO: Saving image: C:/camal/data/n20171210//0023BIAS.0.fits
2017-12-10T00:50:20 [main.py:163 - doDark()] INFO: Taking BIAS 24 of 30 (exptime = 0)
2017-12-10T00:50:20 [main.py:227 - takeImage()] INFO: Taking 0 second image
2017-12-10T00:50:21 [main.py:248 - takeImage()] INFO: Saving image: C:/camal/data/n20171210//0024BIAS.0.fits
2017-12-10T00:50:21 [main.py:163 - doDark()] INFO: Taking BIAS 25 of 30 (exptime = 0)
2017-12-10T00:50:21 [main.py:227 - takeImage()] INFO: Taking 0 second image
2017-12-10T00:50:23 [main.py:248 - takeImage()] INFO: Saving image: C:/camal/data/n20171210//0025BIAS.0.fits
2017-12-10T00:50:23 [main.py:163 - doDark()] INFO: Taking BIAS 26 of 30 (exptime = 0)
2017-12-10T00:50:23 [main.py:227 - takeImage()] INFO: Taking 0 second image
2017-12-10T00:50:24 [main.py:248 - takeImage()] INFO: Saving image: C:/camal/data/n20171210//0026BIAS.0.fits
2017-12-10T00:50:24 [main.py:163 - doDark()] INFO: Taking BIAS 27 of 30 (exptime = 0)
2017-12-10T00:50:24 [main.py:227 - takeImage()] INFO: Taking 0 second image
2017-12-10T00:50:25 [main.py:248 - takeImage()] INFO: Saving image: C:/camal/data/n20171210//0027BIAS.0.fits
2017-12-10T00:50:26 [main.py:163 - doDark()] INFO: Taking BIAS 28 of 30 (exptime = 0)
2017-12-10T00:50:26 [main.py:227 - takeImage()] INFO: Taking 0 second image
2017-12-10T00:50:27 [main.py:248 - takeImage()] INFO: Saving image: C:/camal/data/n20171210//0028BIAS.0.fits
2017-12-10T00:50:27 [main.py:163 - doDark()] INFO: Taking BIAS 29 of 30 (exptime = 0)
2017-12-10T00:50:27 [main.py:227 - takeImage()] INFO: Taking 0 second image
2017-12-10T00:50:28 [main.py:248 - takeImage()] INFO: Saving image: C:/camal/data/n20171210//0029BIAS.0.fits
2017-12-10T00:50:28 [main.py:163 - doDark()] INFO: Taking BIAS 30 of 30 (exptime = 0)
2017-12-10T00:50:28 [main.py:227 - takeImage()] INFO: Taking 0 second image
2017-12-10T00:50:30 [main.py:248 - takeImage()] INFO: Saving image: C:/camal/data/n20171210//0030BIAS.0.fits
2017-12-10T00:50:30 [main.py:505 - <module>()] INFO: Waiting for nautical twilight to end (1601.356341seconds)
2017-12-10T01:17:11 [main.py:510 - <module>()] INFO: Making Schedule
2017-12-10T01:17:23 [main.py:525 - <module>()] INFO: Waiting For the Dome to Open at Beginning of Night
2017-12-10T01:18:23 [main.py:525 - <module>()] INFO: Waiting For the Dome to Open at Beginning of Night
2017-12-10T01:19:23 [main.py:525 - <module>()] INFO: Waiting For the Dome to Open at Beginning of Night
2017-12-10T01:20:23 [main.py:525 - <module>()] INFO: Waiting For the Dome to Open at Beginning of Night
2017-12-10T01:21:24 [main.py:525 - <module>()] INFO: Waiting For the Dome to Open at Beginning of Night
2017-12-10T01:22:24 [main.py:525 - <module>()] INFO: Waiting For the Dome to Open at Beginning of Night
2017-12-10T01:23:24 [main.py:525 - <module>()] INFO: Waiting For the Dome to Open at Beginning of Night
2017-12-10T01:24:25 [main.py:525 - <module>()] INFO: Waiting For the Dome to Open at Beginning of Night
2017-12-10T01:25:25 [main.py:525 - <module>()] INFO: Waiting For the Dome to Open at Beginning of Night
2017-12-10T01:26:25 [main.py:525 - <module>()] INFO: Waiting For the Dome to Open at Beginning of Night
2017-12-10T01:27:25 [main.py:525 - <module>()] INFO: Waiting For the Dome to Open at Beginning of Night
2017-12-10T01:28:26 [main.py:525 - <module>()] INFO: Waiting For the Dome to Open at Beginning of Night
2017-12-10T01:29:26 [main.py:525 - <module>()] INFO: Waiting For the Dome to Open at Beginning of Night
2017-12-10T01:30:26 [main.py:525 - <module>()] INFO: Waiting For the Dome to Open at Beginning of Night
2017-12-10T01:31:27 [main.py:525 - <module>()] INFO: Waiting For the Dome to Open at Beginning of Night
2017-12-10T01:32:27 [main.py:525 - <module>()] INFO: Waiting For the Dome to Open at Beginning of Night
2017-12-10T01:33:27 [main.py:525 - <module>()] INFO: Waiting For the Dome to Open at Beginning of Night
2017-12-10T01:34:27 [main.py:525 - <module>()] INFO: Waiting For the Dome to Open at Beginning of Night
2017-12-10T01:35:28 [main.py:525 - <module>()] INFO: Waiting For the Dome to Open at Beginning of Night
2017-12-10T01:36:28 [main.py:525 - <module>()] INFO: Waiting For the Dome to Open at Beginning of Night
2017-12-10T01:37:28 [main.py:525 - <module>()] INFO: Waiting For the Dome to Open at Beginning of Night
2017-12-10T01:38:29 [main.py:525 - <module>()] INFO: Waiting For the Dome to Open at Beginning of Night
2017-12-10T01:39:29 [main.py:525 - <module>()] INFO: Waiting For the Dome to Open at Beginning of Night
2017-12-10T01:40:29 [main.py:525 - <module>()] INFO: Waiting For the Dome to Open at Beginning of Night
2017-12-10T01:41:30 [main.py:525 - <module>()] INFO: Waiting For the Dome to Open at Beginning of Night
2017-12-10T01:42:30 [main.py:525 - <module>()] INFO: Waiting For the Dome to Open at Beginning of Night
2017-12-10T01:43:30 [main.py:525 - <module>()] INFO: Waiting For the Dome to Open at Beginning of Night
2017-12-10T01:44:30 [main.py:525 - <module>()] INFO: Waiting For the Dome to Open at Beginning of Night
2017-12-10T01:45:31 [main.py:525 - <module>()] INFO: Waiting For the Dome to Open at Beginning of Night
2017-12-10T01:46:31 [main.py:525 - <module>()] INFO: Waiting For the Dome to Open at Beginning of Night
2017-12-10T01:47:31 [main.py:525 - <module>()] INFO: Waiting For the Dome to Open at Beginning of Night
2017-12-10T01:48:32 [main.py:525 - <module>()] INFO: Waiting For the Dome to Open at Beginning of Night
2017-12-10T01:49:32 [main.py:525 - <module>()] INFO: Waiting For the Dome to Open at Beginning of Night
2017-12-10T01:50:32 [main.py:525 - <module>()] INFO: Waiting For the Dome to Open at Beginning of Night
2017-12-10T01:51:32 [main.py:525 - <module>()] INFO: Waiting For the Dome to Open at Beginning of Night
2017-12-10T01:52:33 [main.py:525 - <module>()] INFO: Waiting For the Dome to Open at Beginning of Night
2017-12-10T01:53:33 [main.py:525 - <module>()] INFO: Waiting For the Dome to Open at Beginning of Night
2017-12-10T01:54:33 [main.py:525 - <module>()] INFO: Waiting For the Dome to Open at Beginning of Night
2017-12-10T01:55:34 [main.py:525 - <module>()] INFO: Waiting For the Dome to Open at Beginning of Night
2017-12-10T01:56:34 [main.py:525 - <module>()] INFO: Waiting For the Dome to Open at Beginning of Night
2017-12-10T01:57:34 [main.py:525 - <module>()] INFO: Waiting For the Dome to Open at Beginning of Night
2017-12-10T01:58:34 [main.py:525 - <module>()] INFO: Waiting For the Dome to Open at Beginning of Night
2017-12-10T01:59:35 [main.py:525 - <module>()] INFO: Waiting For the Dome to Open at Beginning of Night
2017-12-10T02:00:35 [main.py:525 - <module>()] INFO: Waiting For the Dome to Open at Beginning of Night
2017-12-10T02:01:35 [main.py:525 - <module>()] INFO: Waiting For the Dome to Open at Beginning of Night
2017-12-10T02:02:36 [main.py:525 - <module>()] INFO: Waiting For the Dome to Open at Beginning of Night
2017-12-10T02:03:36 [main.py:525 - <module>()] INFO: Waiting For the Dome to Open at Beginning of Night
2017-12-10T02:04:36 [main.py:525 - <module>()] INFO: Waiting For the Dome to Open at Beginning of Night
2017-12-10T02:05:36 [main.py:525 - <module>()] INFO: Waiting For the Dome to Open at Beginning of Night
2017-12-10T02:06:37 [main.py:525 - <module>()] INFO: Waiting For the Dome to Open at Beginning of Night
2017-12-10T02:07:37 [main.py:525 - <module>()] INFO: Waiting For the Dome to Open at Beginning of Night
2017-12-10T02:08:37 [main.py:525 - <module>()] INFO: Waiting For the Dome to Open at Beginning of Night
2017-12-10T02:09:38 [main.py:525 - <module>()] INFO: Waiting For the Dome to Open at Beginning of Night
2017-12-10T02:10:38 [main.py:525 - <module>()] INFO: Waiting For the Dome to Open at Beginning of Night
2017-12-10T02:11:38 [main.py:525 - <module>()] INFO: Waiting For the Dome to Open at Beginning of Night
2017-12-10T02:12:38 [main.py:525 - <module>()] INFO: Waiting For the Dome to Open at Beginning of Night
2017-12-10T02:13:39 [main.py:525 - <module>()] INFO: Waiting For the Dome to Open at Beginning of Night
2017-12-10T02:14:39 [main.py:525 - <module>()] INFO: Waiting For the Dome to Open at Beginning of Night
2017-12-10T02:15:39 [main.py:525 - <module>()] INFO: Waiting For the Dome to Open at Beginning of Night
2017-12-10T02:16:40 [main.py:525 - <module>()] INFO: Waiting For the Dome to Open at Beginning of Night
2017-12-10T02:17:40 [main.py:525 - <module>()] INFO: Waiting For the Dome to Open at Beginning of Night
2017-12-10T02:18:40 [main.py:525 - <module>()] INFO: Waiting For the Dome to Open at Beginning of Night
2017-12-10T02:19:41 [main.py:525 - <module>()] INFO: Waiting For the Dome to Open at Beginning of Night
2017-12-10T02:20:41 [main.py:525 - <module>()] INFO: Waiting For the Dome to Open at Beginning of Night
2017-12-10T02:21:41 [main.py:525 - <module>()] INFO: Waiting For the Dome to Open at Beginning of Night
2017-12-10T02:22:41 [main.py:525 - <module>()] INFO: Waiting For the Dome to Open at Beginning of Night
2017-12-10T02:23:42 [main.py:525 - <module>()] INFO: Waiting For the Dome to Open at Beginning of Night
2017-12-10T02:24:42 [main.py:525 - <module>()] INFO: Waiting For the Dome to Open at Beginning of Night
2017-12-10T02:25:42 [main.py:525 - <module>()] INFO: Waiting For the Dome to Open at Beginning of Night
2017-12-10T02:26:43 [main.py:525 - <module>()] INFO: Waiting For the Dome to Open at Beginning of Night
2017-12-10T02:27:43 [main.py:525 - <module>()] INFO: Waiting For the Dome to Open at Beginning of Night
2017-12-10T02:28:43 [main.py:525 - <module>()] INFO: Waiting For the Dome to Open at Beginning of Night
2017-12-10T02:29:43 [main.py:525 - <module>()] INFO: Waiting For the Dome to Open at Beginning of Night
2017-12-10T02:30:44 [main.py:525 - <module>()] INFO: Waiting For the Dome to Open at Beginning of Night
2017-12-10T02:31:44 [main.py:525 - <module>()] INFO: Waiting For the Dome to Open at Beginning of Night
2017-12-10T02:32:44 [main.py:525 - <module>()] INFO: Waiting For the Dome to Open at Beginning of Night
2017-12-10T02:33:45 [main.py:525 - <module>()] INFO: Waiting For the Dome to Open at Beginning of Night
2017-12-10T02:34:45 [main.py:525 - <module>()] INFO: Waiting For the Dome to Open at Beginning of Night
2017-12-10T02:35:45 [main.py:525 - <module>()] INFO: Waiting For the Dome to Open at Beginning of Night
2017-12-10T02:36:46 [main.py:525 - <module>()] INFO: Waiting For the Dome to Open at Beginning of Night
2017-12-10T02:37:46 [main.py:525 - <module>()] INFO: Waiting For the Dome to Open at Beginning of Night
2017-12-10T02:38:46 [main.py:525 - <module>()] INFO: Waiting For the Dome to Open at Beginning of Night
2017-12-10T02:39:46 [main.py:525 - <module>()] INFO: Waiting For the Dome to Open at Beginning of Night
2017-12-10T02:40:47 [main.py:525 - <module>()] INFO: Waiting For the Dome to Open at Beginning of Night
2017-12-10T02:41:47 [main.py:525 - <module>()] INFO: Waiting For the Dome to Open at Beginning of Night
2017-12-10T02:42:47 [main.py:525 - <module>()] INFO: Waiting For the Dome to Open at Beginning of Night
2017-12-10T02:43:48 [main.py:525 - <module>()] INFO: Waiting For the Dome to Open at Beginning of Night
2017-12-10T02:44:48 [main.py:525 - <module>()] INFO: Waiting For the Dome to Open at Beginning of Night
2017-12-10T02:45:48 [main.py:525 - <module>()] INFO: Waiting For the Dome to Open at Beginning of Night
2017-12-10T02:46:48 [main.py:525 - <module>()] INFO: Waiting For the Dome to Open at Beginning of Night
2017-12-10T02:47:49 [main.py:525 - <module>()] INFO: Waiting For the Dome to Open at Beginning of Night
2017-12-10T02:48:49 [main.py:525 - <module>()] INFO: Waiting For the Dome to Open at Beginning of Night
2017-12-10T02:49:49 [main.py:525 - <module>()] INFO: Waiting For the Dome to Open at Beginning of Night
2017-12-10T02:50:50 [main.py:525 - <module>()] INFO: Waiting For the Dome to Open at Beginning of Night
2017-12-10T02:51:50 [main.py:525 - <module>()] INFO: Waiting For the Dome to Open at Beginning of Night
2017-12-10T02:52:50 [main.py:525 - <module>()] INFO: Waiting For the Dome to Open at Beginning of Night
2017-12-10T02:53:50 [main.py:525 - <module>()] INFO: Waiting For the Dome to Open at Beginning of Night
2017-12-10T02:54:51 [main.py:525 - <module>()] INFO: Waiting For the Dome to Open at Beginning of Night
2017-12-10T02:55:51 [main.py:525 - <module>()] INFO: Waiting For the Dome to Open at Beginning of Night
2017-12-10T02:56:51 [main.py:525 - <module>()] INFO: Waiting For the Dome to Open at Beginning of Night
2017-12-10T02:57:52 [main.py:525 - <module>()] INFO: Waiting For the Dome to Open at Beginning of Night
2017-12-10T02:58:52 [main.py:525 - <module>()] INFO: Waiting For the Dome to Open at Beginning of Night
2017-12-10T02:59:52 [main.py:525 - <module>()] INFO: Waiting For the Dome to Open at Beginning of Night
2017-12-10T03:00:52 [main.py:525 - <module>()] INFO: Waiting For the Dome to Open at Beginning of Night
2017-12-10T03:01:53 [main.py:525 - <module>()] INFO: Waiting For the Dome to Open at Beginning of Night
2017-12-10T03:02:53 [main.py:525 - <module>()] INFO: Waiting For the Dome to Open at Beginning of Night
2017-12-10T03:03:53 [main.py:525 - <module>()] INFO: Waiting For the Dome to Open at Beginning of Night
2017-12-10T03:04:54 [main.py:525 - <module>()] INFO: Waiting For the Dome to Open at Beginning of Night
2017-12-10T03:05:54 [main.py:525 - <module>()] INFO: Waiting For the Dome to Open at Beginning of Night
2017-12-10T03:06:54 [main.py:525 - <module>()] INFO: Waiting For the Dome to Open at Beginning of Night
2017-12-10T03:07:54 [main.py:525 - <module>()] INFO: Waiting For the Dome to Open at Beginning of Night
2017-12-10T03:08:55 [main.py:525 - <module>()] INFO: Waiting For the Dome to Open at Beginning of Night
2017-12-10T03:09:55 [main.py:525 - <module>()] INFO: Waiting For the Dome to Open at Beginning of Night
2017-12-10T03:10:55 [main.py:525 - <module>()] INFO: Waiting For the Dome to Open at Beginning of Night
2017-12-10T03:11:56 [main.py:525 - <module>()] INFO: Waiting For the Dome to Open at Beginning of Night
2017-12-10T03:12:56 [main.py:525 - <module>()] INFO: Waiting For the Dome to Open at Beginning of Night
2017-12-10T03:13:56 [main.py:525 - <module>()] INFO: Waiting For the Dome to Open at Beginning of Night
2017-12-10T03:14:56 [main.py:525 - <module>()] INFO: Waiting For the Dome to Open at Beginning of Night
2017-12-10T03:15:57 [main.py:525 - <module>()] INFO: Waiting For the Dome to Open at Beginning of Night
2017-12-10T03:16:57 [main.py:525 - <module>()] INFO: Waiting For the Dome to Open at Beginning of Night
2017-12-10T03:17:57 [main.py:525 - <module>()] INFO: Waiting For the Dome to Open at Beginning of Night
2017-12-10T03:18:58 [main.py:525 - <module>()] INFO: Waiting For the Dome to Open at Beginning of Night
2017-12-10T03:19:58 [main.py:525 - <module>()] INFO: Waiting For the Dome to Open at Beginning of Night
2017-12-10T03:20:58 [main.py:525 - <module>()] INFO: Waiting For the Dome to Open at Beginning of Night
2017-12-10T03:21:58 [main.py:525 - <module>()] INFO: Waiting For the Dome to Open at Beginning of Night
2017-12-10T03:22:59 [main.py:525 - <module>()] INFO: Waiting For the Dome to Open at Beginning of Night
2017-12-10T03:23:59 [main.py:525 - <module>()] INFO: Waiting For the Dome to Open at Beginning of Night
2017-12-10T03:24:59 [main.py:525 - <module>()] INFO: Waiting For the Dome to Open at Beginning of Night
2017-12-10T03:26:00 [main.py:525 - <module>()] INFO: Waiting For the Dome to Open at Beginning of Night
2017-12-10T03:27:00 [main.py:525 - <module>()] INFO: Waiting For the Dome to Open at Beginning of Night
2017-12-10T03:28:00 [main.py:525 - <module>()] INFO: Waiting For the Dome to Open at Beginning of Night
2017-12-10T03:29:00 [main.py:525 - <module>()] INFO: Waiting For the Dome to Open at Beginning of Night
2017-12-10T03:30:01 [main.py:525 - <module>()] INFO: Waiting For the Dome to Open at Beginning of Night
2017-12-10T03:31:01 [main.py:525 - <module>()] INFO: Waiting For the Dome to Open at Beginning of Night
2017-12-10T03:32:01 [main.py:525 - <module>()] INFO: Waiting For the Dome to Open at Beginning of Night
2017-12-10T03:33:02 [main.py:525 - <module>()] INFO: Waiting For the Dome to Open at Beginning of Night
2017-12-10T03:34:02 [main.py:525 - <module>()] INFO: Waiting For the Dome to Open at Beginning of Night
2017-12-10T03:35:02 [main.py:525 - <module>()] INFO: Waiting For the Dome to Open at Beginning of Night
2017-12-10T03:36:02 [main.py:525 - <module>()] INFO: Waiting For the Dome to Open at Beginning of Night
2017-12-10T03:37:03 [main.py:525 - <module>()] INFO: Waiting For the Dome to Open at Beginning of Night
2017-12-10T03:38:03 [main.py:525 - <module>()] INFO: Waiting For the Dome to Open at Beginning of Night
2017-12-10T03:39:03 [main.py:525 - <module>()] INFO: Waiting For the Dome to Open at Beginning of Night
2017-12-10T03:40:04 [main.py:525 - <module>()] INFO: Waiting For the Dome to Open at Beginning of Night
2017-12-10T03:41:04 [main.py:525 - <module>()] INFO: Waiting For the Dome to Open at Beginning of Night
2017-12-10T03:42:04 [main.py:525 - <module>()] INFO: Waiting For the Dome to Open at Beginning of Night
2017-12-10T03:43:05 [main.py:525 - <module>()] INFO: Waiting For the Dome to Open at Beginning of Night
2017-12-10T03:44:05 [main.py:525 - <module>()] INFO: Waiting For the Dome to Open at Beginning of Night
2017-12-10T03:45:05 [main.py:525 - <module>()] INFO: Waiting For the Dome to Open at Beginning of Night
2017-12-10T03:46:05 [main.py:525 - <module>()] INFO: Waiting For the Dome to Open at Beginning of Night
2017-12-10T03:47:06 [main.py:525 - <module>()] INFO: Waiting For the Dome to Open at Beginning of Night
2017-12-10T03:48:06 [main.py:525 - <module>()] INFO: Waiting For the Dome to Open at Beginning of Night
2017-12-10T03:49:06 [main.py:525 - <module>()] INFO: Waiting For the Dome to Open at Beginning of Night
2017-12-10T03:50:07 [main.py:525 - <module>()] INFO: Waiting For the Dome to Open at Beginning of Night
2017-12-10T03:51:07 [main.py:525 - <module>()] INFO: Waiting For the Dome to Open at Beginning of Night
2017-12-10T03:52:07 [main.py:525 - <module>()] INFO: Waiting For the Dome to Open at Beginning of Night
2017-12-10T03:53:07 [main.py:525 - <module>()] INFO: Waiting For the Dome to Open at Beginning of Night
2017-12-10T03:54:08 [main.py:525 - <module>()] INFO: Waiting For the Dome to Open at Beginning of Night
2017-12-10T03:55:08 [main.py:525 - <module>()] INFO: Waiting For the Dome to Open at Beginning of Night
2017-12-10T03:56:08 [main.py:525 - <module>()] INFO: Waiting For the Dome to Open at Beginning of Night
2017-12-10T03:57:09 [main.py:525 - <module>()] INFO: Waiting For the Dome to Open at Beginning of Night
2017-12-10T03:58:09 [main.py:525 - <module>()] INFO: Waiting For the Dome to Open at Beginning of Night
2017-12-10T03:59:09 [main.py:525 - <module>()] INFO: Waiting For the Dome to Open at Beginning of Night
2017-12-10T04:00:09 [main.py:525 - <module>()] INFO: Waiting For the Dome to Open at Beginning of Night
2017-12-10T04:01:10 [main.py:525 - <module>()] INFO: Waiting For the Dome to Open at Beginning of Night
2017-12-10T04:02:10 [main.py:525 - <module>()] INFO: Waiting For the Dome to Open at Beginning of Night
2017-12-10T04:03:10 [main.py:525 - <module>()] INFO: Waiting For the Dome to Open at Beginning of Night
2017-12-10T04:04:11 [main.py:525 - <module>()] INFO: Waiting For the Dome to Open at Beginning of Night
2017-12-10T04:05:11 [main.py:525 - <module>()] INFO: Waiting For the Dome to Open at Beginning of Night
2017-12-10T04:06:11 [main.py:525 - <module>()] INFO: Waiting For the Dome to Open at Beginning of Night
2017-12-10T04:07:11 [main.py:525 - <module>()] INFO: Waiting For the Dome to Open at Beginning of Night
2017-12-10T04:08:12 [main.py:525 - <module>()] INFO: Waiting For the Dome to Open at Beginning of Night
2017-12-10T04:09:12 [main.py:525 - <module>()] INFO: Waiting For the Dome to Open at Beginning of Night
2017-12-10T04:10:12 [main.py:525 - <module>()] INFO: Waiting For the Dome to Open at Beginning of Night
2017-12-10T04:11:12 [main.py:525 - <module>()] INFO: Waiting For the Dome to Open at Beginning of Night
2017-12-10T04:12:13 [main.py:525 - <module>()] INFO: Waiting For the Dome to Open at Beginning of Night
2017-12-10T04:13:13 [main.py:525 - <module>()] INFO: Waiting For the Dome to Open at Beginning of Night
2017-12-10T04:14:13 [main.py:525 - <module>()] INFO: Waiting For the Dome to Open at Beginning of Night
2017-12-10T04:15:14 [main.py:525 - <module>()] INFO: Waiting For the Dome to Open at Beginning of Night
2017-12-10T04:16:14 [main.py:525 - <module>()] INFO: Waiting For the Dome to Open at Beginning of Night
2017-12-10T04:17:14 [main.py:525 - <module>()] INFO: Waiting For the Dome to Open at Beginning of Night
2017-12-10T04:18:14 [main.py:525 - <module>()] INFO: Waiting For the Dome to Open at Beginning of Night
2017-12-10T04:19:15 [main.py:525 - <module>()] INFO: Waiting For the Dome to Open at Beginning of Night
2017-12-10T04:20:15 [main.py:525 - <module>()] INFO: Waiting For the Dome to Open at Beginning of Night
2017-12-10T04:21:15 [main.py:525 - <module>()] INFO: Waiting For the Dome to Open at Beginning of Night
2017-12-10T04:22:16 [main.py:525 - <module>()] INFO: Waiting For the Dome to Open at Beginning of Night
2017-12-10T04:23:16 [main.py:525 - <module>()] INFO: Waiting For the Dome to Open at Beginning of Night
2017-12-10T04:24:16 [main.py:525 - <module>()] INFO: Waiting For the Dome to Open at Beginning of Night
2017-12-10T04:25:16 [main.py:525 - <module>()] INFO: Waiting For the Dome to Open at Beginning of Night
2017-12-10T04:26:17 [main.py:525 - <module>()] INFO: Waiting For the Dome to Open at Beginning of Night
2017-12-10T04:27:17 [main.py:525 - <module>()] INFO: Waiting For the Dome to Open at Beginning of Night
2017-12-10T04:28:17 [main.py:525 - <module>()] INFO: Waiting For the Dome to Open at Beginning of Night
2017-12-10T04:29:18 [main.py:525 - <module>()] INFO: Waiting For the Dome to Open at Beginning of Night
2017-12-10T04:30:18 [main.py:525 - <module>()] INFO: Waiting For the Dome to Open at Beginning of Night
2017-12-10T04:31:18 [main.py:525 - <module>()] INFO: Waiting For the Dome to Open at Beginning of Night
2017-12-10T04:32:19 [main.py:525 - <module>()] INFO: Waiting For the Dome to Open at Beginning of Night
2017-12-10T04:33:19 [main.py:525 - <module>()] INFO: Waiting For the Dome to Open at Beginning of Night
2017-12-10T04:34:19 [main.py:525 - <module>()] INFO: Waiting For the Dome to Open at Beginning of Night
2017-12-10T04:35:19 [main.py:525 - <module>()] INFO: Waiting For the Dome to Open at Beginning of Night
2017-12-10T04:36:20 [main.py:525 - <module>()] INFO: Waiting For the Dome to Open at Beginning of Night
2017-12-10T04:37:20 [main.py:525 - <module>()] INFO: Waiting For the Dome to Open at Beginning of Night
2017-12-10T04:38:20 [main.py:525 - <module>()] INFO: Waiting For the Dome to Open at Beginning of Night
2017-12-10T04:39:21 [main.py:525 - <module>()] INFO: Waiting For the Dome to Open at Beginning of Night
2017-12-10T04:40:21 [main.py:525 - <module>()] INFO: Waiting For the Dome to Open at Beginning of Night
2017-12-10T04:41:21 [main.py:525 - <module>()] INFO: Waiting For the Dome to Open at Beginning of Night
2017-12-10T04:42:21 [main.py:525 - <module>()] INFO: Waiting For the Dome to Open at Beginning of Night
2017-12-10T04:43:22 [main.py:525 - <module>()] INFO: Waiting For the Dome to Open at Beginning of Night
2017-12-10T04:44:22 [main.py:525 - <module>()] INFO: Waiting For the Dome to Open at Beginning of Night
2017-12-10T04:45:22 [main.py:525 - <module>()] INFO: Waiting For the Dome to Open at Beginning of Night
2017-12-10T04:46:23 [main.py:525 - <module>()] INFO: Waiting For the Dome to Open at Beginning of Night
2017-12-10T04:47:23 [main.py:525 - <module>()] INFO: Waiting For the Dome to Open at Beginning of Night
2017-12-10T04:48:23 [main.py:525 - <module>()] INFO: Waiting For the Dome to Open at Beginning of Night
2017-12-10T04:49:23 [main.py:525 - <module>()] INFO: Waiting For the Dome to Open at Beginning of Night
2017-12-10T04:50:24 [main.py:525 - <module>()] INFO: Waiting For the Dome to Open at Beginning of Night
2017-12-10T04:51:24 [main.py:525 - <module>()] INFO: Waiting For the Dome to Open at Beginning of Night
2017-12-10T04:52:24 [main.py:525 - <module>()] INFO: Waiting For the Dome to Open at Beginning of Night
2017-12-10T04:53:25 [main.py:525 - <module>()] INFO: Waiting For the Dome to Open at Beginning of Night
2017-12-10T04:54:25 [main.py:525 - <module>()] INFO: Waiting For the Dome to Open at Beginning of Night
2017-12-10T04:55:25 [main.py:525 - <module>()] INFO: Waiting For the Dome to Open at Beginning of Night
2017-12-10T04:56:25 [main.py:525 - <module>()] INFO: Waiting For the Dome to Open at Beginning of Night
2017-12-10T04:57:26 [main.py:525 - <module>()] INFO: Waiting For the Dome to Open at Beginning of Night
2017-12-10T04:58:26 [main.py:525 - <module>()] INFO: Waiting For the Dome to Open at Beginning of Night
2017-12-10T04:59:26 [main.py:525 - <module>()] INFO: Waiting For the Dome to Open at Beginning of Night
2017-12-10T05:00:26 [main.py:525 - <module>()] INFO: Waiting For the Dome to Open at Beginning of Night
2017-12-10T05:01:27 [main.py:525 - <module>()] INFO: Waiting For the Dome to Open at Beginning of Night
2017-12-10T05:02:27 [main.py:525 - <module>()] INFO: Waiting For the Dome to Open at Beginning of Night
2017-12-10T05:03:27 [main.py:525 - <module>()] INFO: Waiting For the Dome to Open at Beginning of Night
2017-12-10T05:04:28 [main.py:525 - <module>()] INFO: Waiting For the Dome to Open at Beginning of Night
2017-12-10T05:05:28 [main.py:525 - <module>()] INFO: Waiting For the Dome to Open at Beginning of Night
2017-12-10T05:06:28 [main.py:525 - <module>()] INFO: Waiting For the Dome to Open at Beginning of Night
2017-12-10T05:07:29 [main.py:525 - <module>()] INFO: Waiting For the Dome to Open at Beginning of Night
2017-12-10T05:08:29 [main.py:525 - <module>()] INFO: Waiting For the Dome to Open at Beginning of Night
2017-12-10T05:09:29 [main.py:525 - <module>()] INFO: Waiting For the Dome to Open at Beginning of Night
2017-12-10T05:10:29 [main.py:525 - <module>()] INFO: Waiting For the Dome to Open at Beginning of Night
2017-12-10T05:11:30 [main.py:525 - <module>()] INFO: Waiting For the Dome to Open at Beginning of Night
2017-12-10T05:12:30 [main.py:525 - <module>()] INFO: Waiting For the Dome to Open at Beginning of Night
2017-12-10T05:13:30 [main.py:525 - <module>()] INFO: Waiting For the Dome to Open at Beginning of Night
2017-12-10T05:14:31 [main.py:525 - <module>()] INFO: Waiting For the Dome to Open at Beginning of Night
2017-12-10T05:15:31 [main.py:525 - <module>()] INFO: Waiting For the Dome to Open at Beginning of Night
2017-12-10T05:16:31 [main.py:525 - <module>()] INFO: Waiting For the Dome to Open at Beginning of Night
2017-12-10T05:17:31 [main.py:525 - <module>()] INFO: Waiting For the Dome to Open at Beginning of Night
2017-12-10T05:18:32 [main.py:525 - <module>()] INFO: Waiting For the Dome to Open at Beginning of Night
2017-12-10T05:19:32 [main.py:525 - <module>()] INFO: Waiting For the Dome to Open at Beginning of Night
2017-12-10T05:20:32 [main.py:525 - <module>()] INFO: Waiting For the Dome to Open at Beginning of Night
2017-12-10T05:21:33 [main.py:525 - <module>()] INFO: Waiting For the Dome to Open at Beginning of Night
2017-12-10T05:22:33 [main.py:525 - <module>()] INFO: Waiting For the Dome to Open at Beginning of Night
2017-12-10T05:23:33 [main.py:525 - <module>()] INFO: Waiting For the Dome to Open at Beginning of Night
2017-12-10T05:24:33 [main.py:525 - <module>()] INFO: Waiting For the Dome to Open at Beginning of Night
2017-12-10T05:25:34 [main.py:525 - <module>()] INFO: Waiting For the Dome to Open at Beginning of Night
2017-12-10T05:26:34 [main.py:525 - <module>()] INFO: Waiting For the Dome to Open at Beginning of Night
2017-12-10T05:27:34 [main.py:525 - <module>()] INFO: Waiting For the Dome to Open at Beginning of Night
2017-12-10T05:28:35 [main.py:525 - <module>()] INFO: Waiting For the Dome to Open at Beginning of Night
2017-12-10T05:29:35 [main.py:525 - <module>()] INFO: Waiting For the Dome to Open at Beginning of Night
2017-12-10T05:30:35 [main.py:525 - <module>()] INFO: Waiting For the Dome to Open at Beginning of Night
2017-12-10T05:31:36 [main.py:525 - <module>()] INFO: Waiting For the Dome to Open at Beginning of Night
2017-12-10T05:32:36 [main.py:525 - <module>()] INFO: Waiting For the Dome to Open at Beginning of Night
2017-12-10T05:33:36 [main.py:525 - <module>()] INFO: Waiting For the Dome to Open at Beginning of Night
2017-12-10T05:34:36 [main.py:525 - <module>()] INFO: Waiting For the Dome to Open at Beginning of Night
2017-12-10T05:35:37 [main.py:525 - <module>()] INFO: Waiting For the Dome to Open at Beginning of Night
2017-12-10T05:36:37 [main.py:525 - <module>()] INFO: Waiting For the Dome to Open at Beginning of Night
2017-12-10T05:37:37 [main.py:525 - <module>()] INFO: Waiting For the Dome to Open at Beginning of Night
2017-12-10T05:38:37 [main.py:525 - <module>()] INFO: Waiting For the Dome to Open at Beginning of Night
2017-12-10T05:39:38 [main.py:525 - <module>()] INFO: Waiting For the Dome to Open at Beginning of Night
2017-12-10T05:40:38 [main.py:525 - <module>()] INFO: Waiting For the Dome to Open at Beginning of Night
2017-12-10T05:41:38 [main.py:525 - <module>()] INFO: Waiting For the Dome to Open at Beginning of Night
2017-12-10T05:42:39 [main.py:525 - <module>()] INFO: Waiting For the Dome to Open at Beginning of Night
2017-12-10T05:43:39 [main.py:525 - <module>()] INFO: Waiting For the Dome to Open at Beginning of Night
2017-12-10T05:44:39 [main.py:525 - <module>()] INFO: Waiting For the Dome to Open at Beginning of Night
2017-12-10T05:45:40 [main.py:525 - <module>()] INFO: Waiting For the Dome to Open at Beginning of Night
2017-12-10T05:46:40 [main.py:525 - <module>()] INFO: Waiting For the Dome to Open at Beginning of Night
2017-12-10T05:47:40 [main.py:525 - <module>()] INFO: Waiting For the Dome to Open at Beginning of Night
2017-12-10T05:48:40 [main.py:525 - <module>()] INFO: Waiting For the Dome to Open at Beginning of Night
2017-12-10T05:49:41 [main.py:525 - <module>()] INFO: Waiting For the Dome to Open at Beginning of Night
2017-12-10T05:50:41 [main.py:525 - <module>()] INFO: Waiting For the Dome to Open at Beginning of Night
2017-12-10T05:51:41 [main.py:525 - <module>()] INFO: Waiting For the Dome to Open at Beginning of Night
2017-12-10T05:52:42 [main.py:525 - <module>()] INFO: Waiting For the Dome to Open at Beginning of Night
2017-12-10T05:53:42 [main.py:525 - <module>()] INFO: Waiting For the Dome to Open at Beginning of Night
2017-12-10T05:54:42 [main.py:525 - <module>()] INFO: Waiting For the Dome to Open at Beginning of Night
2017-12-10T05:55:43 [main.py:525 - <module>()] INFO: Waiting For the Dome to Open at Beginning of Night
2017-12-10T05:56:43 [main.py:525 - <module>()] INFO: Waiting For the Dome to Open at Beginning of Night
2017-12-10T05:57:43 [main.py:525 - <module>()] INFO: Waiting For the Dome to Open at Beginning of Night
2017-12-10T05:58:43 [main.py:525 - <module>()] INFO: Waiting For the Dome to Open at Beginning of Night
2017-12-10T05:59:44 [main.py:525 - <module>()] INFO: Waiting For the Dome to Open at Beginning of Night
2017-12-10T06:00:44 [main.py:525 - <module>()] INFO: Waiting For the Dome to Open at Beginning of Night
2017-12-10T06:01:44 [main.py:525 - <module>()] INFO: Waiting For the Dome to Open at Beginning of Night
2017-12-10T06:02:45 [main.py:525 - <module>()] INFO: Waiting For the Dome to Open at Beginning of Night
2017-12-10T06:03:45 [main.py:525 - <module>()] INFO: Waiting For the Dome to Open at Beginning of Night
2017-12-10T06:04:45 [main.py:525 - <module>()] INFO: Waiting For the Dome to Open at Beginning of Night
2017-12-10T06:05:45 [main.py:525 - <module>()] INFO: Waiting For the Dome to Open at Beginning of Night
2017-12-10T06:06:46 [main.py:525 - <module>()] INFO: Waiting For the Dome to Open at Beginning of Night
2017-12-10T06:07:46 [main.py:525 - <module>()] INFO: Waiting For the Dome to Open at Beginning of Night
2017-12-10T06:08:46 [main.py:525 - <module>()] INFO: Waiting For the Dome to Open at Beginning of Night
2017-12-10T06:09:47 [main.py:525 - <module>()] INFO: Waiting For the Dome to Open at Beginning of Night
2017-12-10T06:10:47 [main.py:525 - <module>()] INFO: Waiting For the Dome to Open at Beginning of Night
2017-12-10T06:11:47 [main.py:525 - <module>()] INFO: Waiting For the Dome to Open at Beginning of Night
2017-12-10T06:12:47 [main.py:525 - <module>()] INFO: Waiting For the Dome to Open at Beginning of Night
2017-12-10T06:13:48 [main.py:525 - <module>()] INFO: Waiting For the Dome to Open at Beginning of Night
2017-12-10T06:14:48 [main.py:525 - <module>()] INFO: Waiting For the Dome to Open at Beginning of Night
2017-12-10T06:15:48 [main.py:525 - <module>()] INFO: Waiting For the Dome to Open at Beginning of Night
2017-12-10T06:16:49 [main.py:525 - <module>()] INFO: Waiting For the Dome to Open at Beginning of Night
2017-12-10T06:17:49 [main.py:525 - <module>()] INFO: Waiting For the Dome to Open at Beginning of Night
2017-12-10T06:18:49 [main.py:525 - <module>()] INFO: Waiting For the Dome to Open at Beginning of Night
2017-12-10T06:19:49 [main.py:525 - <module>()] INFO: Waiting For the Dome to Open at Beginning of Night
2017-12-10T06:20:50 [main.py:525 - <module>()] INFO: Waiting For the Dome to Open at Beginning of Night
2017-12-10T06:21:50 [main.py:525 - <module>()] INFO: Waiting For the Dome to Open at Beginning of Night
2017-12-10T06:22:50 [main.py:525 - <module>()] INFO: Waiting For the Dome to Open at Beginning of Night
2017-12-10T06:23:51 [main.py:525 - <module>()] INFO: Waiting For the Dome to Open at Beginning of Night
2017-12-10T06:24:51 [main.py:525 - <module>()] INFO: Waiting For the Dome to Open at Beginning of Night
2017-12-10T06:25:51 [main.py:525 - <module>()] INFO: Waiting For the Dome to Open at Beginning of Night
2017-12-10T06:26:51 [main.py:525 - <module>()] INFO: Waiting For the Dome to Open at Beginning of Night
2017-12-10T06:27:52 [main.py:525 - <module>()] INFO: Waiting For the Dome to Open at Beginning of Night
2017-12-10T06:28:52 [main.py:525 - <module>()] INFO: Waiting For the Dome to Open at Beginning of Night
2017-12-10T06:29:52 [main.py:525 - <module>()] INFO: Waiting For the Dome to Open at Beginning of Night
2017-12-10T06:30:53 [main.py:525 - <module>()] INFO: Waiting For the Dome to Open at Beginning of Night
2017-12-10T06:31:53 [main.py:525 - <module>()] INFO: Waiting For the Dome to Open at Beginning of Night
2017-12-10T06:32:53 [main.py:525 - <module>()] INFO: Waiting For the Dome to Open at Beginning of Night
2017-12-10T06:33:53 [main.py:525 - <module>()] INFO: Waiting For the Dome to Open at Beginning of Night
2017-12-10T06:34:54 [main.py:525 - <module>()] INFO: Waiting For the Dome to Open at Beginning of Night
2017-12-10T06:35:54 [main.py:525 - <module>()] INFO: Waiting For the Dome to Open at Beginning of Night
2017-12-10T06:36:54 [main.py:525 - <module>()] INFO: Waiting For the Dome to Open at Beginning of Night
2017-12-10T06:37:55 [main.py:525 - <module>()] INFO: Waiting For the Dome to Open at Beginning of Night
2017-12-10T06:38:55 [main.py:525 - <module>()] INFO: Waiting For the Dome to Open at Beginning of Night
2017-12-10T06:39:55 [main.py:525 - <module>()] INFO: Waiting For the Dome to Open at Beginning of Night
2017-12-10T06:40:55 [main.py:525 - <module>()] INFO: Waiting For the Dome to Open at Beginning of Night
2017-12-10T06:41:56 [main.py:525 - <module>()] INFO: Waiting For the Dome to Open at Beginning of Night
2017-12-10T06:42:56 [main.py:525 - <module>()] INFO: Waiting For the Dome to Open at Beginning of Night
2017-12-10T06:43:56 [main.py:525 - <module>()] INFO: Waiting For the Dome to Open at Beginning of Night
2017-12-10T06:44:57 [main.py:525 - <module>()] INFO: Waiting For the Dome to Open at Beginning of Night
2017-12-10T06:45:57 [main.py:525 - <module>()] INFO: Waiting For the Dome to Open at Beginning of Night
2017-12-10T06:46:57 [main.py:525 - <module>()] INFO: Waiting For the Dome to Open at Beginning of Night
2017-12-10T06:47:57 [main.py:525 - <module>()] INFO: Waiting For the Dome to Open at Beginning of Night
2017-12-10T06:48:58 [main.py:525 - <module>()] INFO: Waiting For the Dome to Open at Beginning of Night
2017-12-10T06:49:58 [main.py:525 - <module>()] INFO: Waiting For the Dome to Open at Beginning of Night
2017-12-10T06:50:58 [main.py:525 - <module>()] INFO: Waiting For the Dome to Open at Beginning of Night
2017-12-10T06:51:59 [main.py:525 - <module>()] INFO: Waiting For the Dome to Open at Beginning of Night
2017-12-10T06:52:59 [main.py:525 - <module>()] INFO: Waiting For the Dome to Open at Beginning of Night
2017-12-10T06:53:59 [main.py:525 - <module>()] INFO: Waiting For the Dome to Open at Beginning of Night
2017-12-10T06:55:00 [main.py:525 - <module>()] INFO: Waiting For the Dome to Open at Beginning of Night
2017-12-10T06:56:00 [main.py:525 - <module>()] INFO: Waiting For the Dome to Open at Beginning of Night
2017-12-10T06:57:00 [main.py:525 - <module>()] INFO: Waiting For the Dome to Open at Beginning of Night
2017-12-10T06:58:00 [main.py:525 - <module>()] INFO: Waiting For the Dome to Open at Beginning of Night
2017-12-10T06:59:01 [main.py:525 - <module>()] INFO: Waiting For the Dome to Open at Beginning of Night
2017-12-10T07:00:01 [main.py:525 - <module>()] INFO: Waiting For the Dome to Open at Beginning of Night
2017-12-10T07:01:01 [main.py:525 - <module>()] INFO: Waiting For the Dome to Open at Beginning of Night
2017-12-10T07:02:02 [main.py:525 - <module>()] INFO: Waiting For the Dome to Open at Beginning of Night
2017-12-10T07:03:02 [main.py:525 - <module>()] INFO: Waiting For the Dome to Open at Beginning of Night
2017-12-10T07:04:02 [main.py:525 - <module>()] INFO: Waiting For the Dome to Open at Beginning of Night
2017-12-10T07:05:02 [main.py:525 - <module>()] INFO: Waiting For the Dome to Open at Beginning of Night
2017-12-10T07:06:03 [main.py:525 - <module>()] INFO: Waiting For the Dome to Open at Beginning of Night
2017-12-10T07:07:03 [main.py:525 - <module>()] INFO: Waiting For the Dome to Open at Beginning of Night
2017-12-10T07:08:03 [main.py:525 - <module>()] INFO: Waiting For the Dome to Open at Beginning of Night
2017-12-10T07:09:04 [main.py:525 - <module>()] INFO: Waiting For the Dome to Open at Beginning of Night
2017-12-10T07:10:04 [main.py:525 - <module>()] INFO: Waiting For the Dome to Open at Beginning of Night
2017-12-10T07:11:04 [main.py:525 - <module>()] INFO: Waiting For the Dome to Open at Beginning of Night
2017-12-10T07:12:05 [main.py:525 - <module>()] INFO: Waiting For the Dome to Open at Beginning of Night
2017-12-10T07:13:05 [main.py:525 - <module>()] INFO: Waiting For the Dome to Open at Beginning of Night
2017-12-10T07:14:05 [main.py:525 - <module>()] INFO: Waiting For the Dome to Open at Beginning of Night
2017-12-10T07:15:05 [main.py:525 - <module>()] INFO: Waiting For the Dome to Open at Beginning of Night
2017-12-10T07:16:06 [main.py:525 - <module>()] INFO: Waiting For the Dome to Open at Beginning of Night
2017-12-10T07:17:06 [main.py:525 - <module>()] INFO: Waiting For the Dome to Open at Beginning of Night
2017-12-10T07:18:06 [main.py:525 - <module>()] INFO: Waiting For the Dome to Open at Beginning of Night
2017-12-10T07:19:06 [main.py:525 - <module>()] INFO: Waiting For the Dome to Open at Beginning of Night
2017-12-10T07:20:07 [main.py:525 - <module>()] INFO: Waiting For the Dome to Open at Beginning of Night
2017-12-10T07:21:07 [main.py:525 - <module>()] INFO: Waiting For the Dome to Open at Beginning of Night
2017-12-10T07:22:07 [main.py:525 - <module>()] INFO: Waiting For the Dome to Open at Beginning of Night
2017-12-10T07:23:08 [main.py:525 - <module>()] INFO: Waiting For the Dome to Open at Beginning of Night
2017-12-10T07:24:08 [main.py:525 - <module>()] INFO: Waiting For the Dome to Open at Beginning of Night
2017-12-10T07:25:08 [main.py:525 - <module>()] INFO: Waiting For the Dome to Open at Beginning of Night
2017-12-10T07:26:09 [main.py:525 - <module>()] INFO: Waiting For the Dome to Open at Beginning of Night
2017-12-10T07:27:09 [main.py:525 - <module>()] INFO: Waiting For the Dome to Open at Beginning of Night
2017-12-10T07:28:09 [main.py:525 - <module>()] INFO: Waiting For the Dome to Open at Beginning of Night
2017-12-10T07:29:09 [main.py:525 - <module>()] INFO: Waiting For the Dome to Open at Beginning of Night
2017-12-10T07:30:10 [main.py:525 - <module>()] INFO: Waiting For the Dome to Open at Beginning of Night
2017-12-10T07:31:10 [main.py:525 - <module>()] INFO: Waiting For the Dome to Open at Beginning of Night
2017-12-10T07:32:10 [main.py:525 - <module>()] INFO: Waiting For the Dome to Open at Beginning of Night
2017-12-10T07:33:11 [main.py:525 - <module>()] INFO: Waiting For the Dome to Open at Beginning of Night
2017-12-10T07:34:11 [main.py:525 - <module>()] INFO: Waiting For the Dome to Open at Beginning of Night
2017-12-10T07:35:11 [main.py:525 - <module>()] INFO: Waiting For the Dome to Open at Beginning of Night
2017-12-10T07:36:11 [main.py:525 - <module>()] INFO: Waiting For the Dome to Open at Beginning of Night
2017-12-10T07:37:12 [main.py:525 - <module>()] INFO: Waiting For the Dome to Open at Beginning of Night
2017-12-10T07:38:12 [main.py:525 - <module>()] INFO: Waiting For the Dome to Open at Beginning of Night
2017-12-10T07:39:12 [main.py:525 - <module>()] INFO: Waiting For the Dome to Open at Beginning of Night
2017-12-10T07:40:13 [main.py:525 - <module>()] INFO: Waiting For the Dome to Open at Beginning of Night
2017-12-10T07:41:13 [main.py:525 - <module>()] INFO: Waiting For the Dome to Open at Beginning of Night
2017-12-10T07:42:13 [main.py:525 - <module>()] INFO: Waiting For the Dome to Open at Beginning of Night
2017-12-10T07:43:13 [main.py:525 - <module>()] INFO: Waiting For the Dome to Open at Beginning of Night
2017-12-10T07:44:14 [main.py:525 - <module>()] INFO: Waiting For the Dome to Open at Beginning of Night
2017-12-10T07:45:14 [main.py:525 - <module>()] INFO: Waiting For the Dome to Open at Beginning of Night
2017-12-10T07:46:14 [main.py:525 - <module>()] INFO: Waiting For the Dome to Open at Beginning of Night
2017-12-10T07:47:15 [main.py:525 - <module>()] INFO: Waiting For the Dome to Open at Beginning of Night
2017-12-10T07:48:15 [main.py:525 - <module>()] INFO: Waiting For the Dome to Open at Beginning of Night
2017-12-10T07:49:15 [main.py:525 - <module>()] INFO: Waiting For the Dome to Open at Beginning of Night
2017-12-10T07:50:15 [main.py:525 - <module>()] INFO: Waiting For the Dome to Open at Beginning of Night
2017-12-10T07:51:16 [main.py:525 - <module>()] INFO: Waiting For the Dome to Open at Beginning of Night
2017-12-10T07:52:16 [main.py:525 - <module>()] INFO: Waiting For the Dome to Open at Beginning of Night
2017-12-10T07:53:16 [main.py:525 - <module>()] INFO: Waiting For the Dome to Open at Beginning of Night
2017-12-10T07:54:17 [main.py:525 - <module>()] INFO: Waiting For the Dome to Open at Beginning of Night
2017-12-10T07:55:17 [main.py:525 - <module>()] INFO: Waiting For the Dome to Open at Beginning of Night
2017-12-10T07:56:17 [main.py:525 - <module>()] INFO: Waiting For the Dome to Open at Beginning of Night
2017-12-10T07:57:17 [main.py:525 - <module>()] INFO: Waiting For the Dome to Open at Beginning of Night
2017-12-10T07:58:18 [main.py:525 - <module>()] INFO: Waiting For the Dome to Open at Beginning of Night
2017-12-10T07:59:18 [main.py:525 - <module>()] INFO: Waiting For the Dome to Open at Beginning of Night
2017-12-10T08:00:18 [main.py:525 - <module>()] INFO: Waiting For the Dome to Open at Beginning of Night
2017-12-10T08:01:19 [main.py:525 - <module>()] INFO: Waiting For the Dome to Open at Beginning of Night
2017-12-10T08:02:19 [main.py:525 - <module>()] INFO: Waiting For the Dome to Open at Beginning of Night
2017-12-10T08:03:19 [main.py:525 - <module>()] INFO: Waiting For the Dome to Open at Beginning of Night
2017-12-10T08:04:19 [main.py:525 - <module>()] INFO: Waiting For the Dome to Open at Beginning of Night
2017-12-10T08:05:20 [main.py:525 - <module>()] INFO: Waiting For the Dome to Open at Beginning of Night
2017-12-10T08:06:20 [main.py:525 - <module>()] INFO: Waiting For the Dome to Open at Beginning of Night
2017-12-10T08:07:20 [main.py:525 - <module>()] INFO: Waiting For the Dome to Open at Beginning of Night
2017-12-10T08:08:21 [main.py:525 - <module>()] INFO: Waiting For the Dome to Open at Beginning of Night
2017-12-10T08:09:21 [main.py:525 - <module>()] INFO: Waiting For the Dome to Open at Beginning of Night
2017-12-10T08:10:21 [main.py:525 - <module>()] INFO: Waiting For the Dome to Open at Beginning of Night
2017-12-10T08:11:21 [main.py:525 - <module>()] INFO: Waiting For the Dome to Open at Beginning of Night
2017-12-10T08:12:22 [main.py:525 - <module>()] INFO: Waiting For the Dome to Open at Beginning of Night
2017-12-10T08:13:22 [main.py:525 - <module>()] INFO: Waiting For the Dome to Open at Beginning of Night
2017-12-10T08:14:22 [main.py:525 - <module>()] INFO: Waiting For the Dome to Open at Beginning of Night
2017-12-10T08:15:22 [main.py:525 - <module>()] INFO: Waiting For the Dome to Open at Beginning of Night
2017-12-10T08:16:23 [main.py:525 - <module>()] INFO: Waiting For the Dome to Open at Beginning of Night
2017-12-10T08:17:23 [main.py:525 - <module>()] INFO: Waiting For the Dome to Open at Beginning of Night
2017-12-10T08:18:23 [main.py:525 - <module>()] INFO: Waiting For the Dome to Open at Beginning of Night
2017-12-10T08:19:24 [main.py:525 - <module>()] INFO: Waiting For the Dome to Open at Beginning of Night
2017-12-10T08:20:24 [main.py:525 - <module>()] INFO: Waiting For the Dome to Open at Beginning of Night
2017-12-10T08:21:24 [main.py:525 - <module>()] INFO: Waiting For the Dome to Open at Beginning of Night
2017-12-10T08:22:24 [main.py:525 - <module>()] INFO: Waiting For the Dome to Open at Beginning of Night
2017-12-10T08:23:25 [main.py:525 - <module>()] INFO: Waiting For the Dome to Open at Beginning of Night
2017-12-10T08:24:25 [main.py:525 - <module>()] INFO: Waiting For the Dome to Open at Beginning of Night
2017-12-10T08:25:25 [main.py:525 - <module>()] INFO: Waiting For the Dome to Open at Beginning of Night
2017-12-10T08:26:26 [main.py:525 - <module>()] INFO: Waiting For the Dome to Open at Beginning of Night
2017-12-10T08:27:26 [main.py:525 - <module>()] INFO: Waiting For the Dome to Open at Beginning of Night
2017-12-10T08:28:26 [main.py:525 - <module>()] INFO: Waiting For the Dome to Open at Beginning of Night
2017-12-10T08:29:27 [main.py:525 - <module>()] INFO: Waiting For the Dome to Open at Beginning of Night
2017-12-10T08:30:27 [main.py:525 - <module>()] INFO: Waiting For the Dome to Open at Beginning of Night
2017-12-10T08:31:27 [main.py:525 - <module>()] INFO: Waiting For the Dome to Open at Beginning of Night
2017-12-10T08:32:27 [main.py:525 - <module>()] INFO: Waiting For the Dome to Open at Beginning of Night
2017-12-10T08:33:28 [main.py:525 - <module>()] INFO: Waiting For the Dome to Open at Beginning of Night
2017-12-10T08:34:28 [main.py:525 - <module>()] INFO: Waiting For the Dome to Open at Beginning of Night
2017-12-10T08:35:28 [main.py:525 - <module>()] INFO: Waiting For the Dome to Open at Beginning of Night
2017-12-10T08:36:29 [main.py:525 - <module>()] INFO: Waiting For the Dome to Open at Beginning of Night
2017-12-10T08:37:29 [main.py:525 - <module>()] INFO: Waiting For the Dome to Open at Beginning of Night
2017-12-10T08:38:29 [main.py:525 - <module>()] INFO: Waiting For the Dome to Open at Beginning of Night
2017-12-10T08:39:29 [main.py:525 - <module>()] INFO: Waiting For the Dome to Open at Beginning of Night
2017-12-10T08:40:30 [main.py:525 - <module>()] INFO: Waiting For the Dome to Open at Beginning of Night
2017-12-10T08:41:30 [main.py:525 - <module>()] INFO: Waiting For the Dome to Open at Beginning of Night
2017-12-10T08:42:30 [main.py:525 - <module>()] INFO: Waiting For the Dome to Open at Beginning of Night
2017-12-10T08:43:31 [main.py:525 - <module>()] INFO: Waiting For the Dome to Open at Beginning of Night
2017-12-10T08:44:31 [main.py:525 - <module>()] INFO: Waiting For the Dome to Open at Beginning of Night
2017-12-10T08:45:31 [main.py:525 - <module>()] INFO: Waiting For the Dome to Open at Beginning of Night
2017-12-10T08:46:31 [main.py:525 - <module>()] INFO: Waiting For the Dome to Open at Beginning of Night
2017-12-10T08:47:32 [main.py:525 - <module>()] INFO: Waiting For the Dome to Open at Beginning of Night
2017-12-10T08:48:32 [main.py:525 - <module>()] INFO: Waiting For the Dome to Open at Beginning of Night
2017-12-10T08:49:32 [main.py:525 - <module>()] INFO: Waiting For the Dome to Open at Beginning of Night
2017-12-10T08:50:33 [main.py:525 - <module>()] INFO: Waiting For the Dome to Open at Beginning of Night
2017-12-10T08:51:33 [main.py:525 - <module>()] INFO: Waiting For the Dome to Open at Beginning of Night
2017-12-10T08:52:33 [main.py:525 - <module>()] INFO: Waiting For the Dome to Open at Beginning of Night
2017-12-10T08:53:33 [main.py:525 - <module>()] INFO: Waiting For the Dome to Open at Beginning of Night
2017-12-10T08:54:34 [main.py:525 - <module>()] INFO: Waiting For the Dome to Open at Beginning of Night
2017-12-10T08:55:34 [main.py:525 - <module>()] INFO: Waiting For the Dome to Open at Beginning of Night
2017-12-10T08:56:34 [main.py:525 - <module>()] INFO: Waiting For the Dome to Open at Beginning of Night
2017-12-10T08:57:35 [main.py:525 - <module>()] INFO: Waiting For the Dome to Open at Beginning of Night
2017-12-10T08:58:35 [main.py:525 - <module>()] INFO: Waiting For the Dome to Open at Beginning of Night
2017-12-10T08:59:35 [main.py:525 - <module>()] INFO: Waiting For the Dome to Open at Beginning of Night
2017-12-10T09:00:36 [main.py:525 - <module>()] INFO: Waiting For the Dome to Open at Beginning of Night
2017-12-10T09:01:36 [main.py:525 - <module>()] INFO: Waiting For the Dome to Open at Beginning of Night
2017-12-10T09:02:36 [main.py:525 - <module>()] INFO: Waiting For the Dome to Open at Beginning of Night
2017-12-10T09:03:36 [main.py:525 - <module>()] INFO: Waiting For the Dome to Open at Beginning of Night
2017-12-10T09:04:37 [main.py:525 - <module>()] INFO: Waiting For the Dome to Open at Beginning of Night
2017-12-10T09:05:37 [main.py:525 - <module>()] INFO: Waiting For the Dome to Open at Beginning of Night
2017-12-10T09:06:37 [main.py:525 - <module>()] INFO: Waiting For the Dome to Open at Beginning of Night
2017-12-10T09:07:38 [main.py:525 - <module>()] INFO: Waiting For the Dome to Open at Beginning of Night
2017-12-10T09:08:38 [main.py:525 - <module>()] INFO: Waiting For the Dome to Open at Beginning of Night
2017-12-10T09:09:38 [main.py:525 - <module>()] INFO: Waiting For the Dome to Open at Beginning of Night
2017-12-10T09:10:38 [main.py:525 - <module>()] INFO: Waiting For the Dome to Open at Beginning of Night
2017-12-10T09:11:39 [main.py:525 - <module>()] INFO: Waiting For the Dome to Open at Beginning of Night
2017-12-10T09:12:39 [main.py:525 - <module>()] INFO: Waiting For the Dome to Open at Beginning of Night
2017-12-10T09:13:39 [main.py:525 - <module>()] INFO: Waiting For the Dome to Open at Beginning of Night
2017-12-10T09:14:40 [main.py:525 - <module>()] INFO: Waiting For the Dome to Open at Beginning of Night
2017-12-10T09:15:40 [main.py:525 - <module>()] INFO: Waiting For the Dome to Open at Beginning of Night
2017-12-10T09:16:40 [main.py:525 - <module>()] INFO: Waiting For the Dome to Open at Beginning of Night
2017-12-10T09:17:40 [main.py:525 - <module>()] INFO: Waiting For the Dome to Open at Beginning of Night
2017-12-10T09:18:41 [main.py:525 - <module>()] INFO: Waiting For the Dome to Open at Beginning of Night
2017-12-10T09:19:41 [main.py:525 - <module>()] INFO: Waiting For the Dome to Open at Beginning of Night
2017-12-10T09:20:41 [main.py:525 - <module>()] INFO: Waiting For the Dome to Open at Beginning of Night
2017-12-10T09:21:42 [main.py:525 - <module>()] INFO: Waiting For the Dome to Open at Beginning of Night
2017-12-10T09:22:42 [main.py:525 - <module>()] INFO: Waiting For the Dome to Open at Beginning of Night
2017-12-10T09:23:42 [main.py:525 - <module>()] INFO: Waiting For the Dome to Open at Beginning of Night
2017-12-10T09:24:42 [main.py:525 - <module>()] INFO: Waiting For the Dome to Open at Beginning of Night
2017-12-10T09:25:43 [main.py:525 - <module>()] INFO: Waiting For the Dome to Open at Beginning of Night
2017-12-10T09:26:43 [main.py:525 - <module>()] INFO: Waiting For the Dome to Open at Beginning of Night
2017-12-10T09:27:43 [main.py:525 - <module>()] INFO: Waiting For the Dome to Open at Beginning of Night
2017-12-10T09:28:44 [main.py:525 - <module>()] INFO: Waiting For the Dome to Open at Beginning of Night
2017-12-10T09:29:44 [main.py:525 - <module>()] INFO: Waiting For the Dome to Open at Beginning of Night
2017-12-10T09:30:44 [main.py:525 - <module>()] INFO: Waiting For the Dome to Open at Beginning of Night
2017-12-10T09:31:44 [main.py:525 - <module>()] INFO: Waiting For the Dome to Open at Beginning of Night
2017-12-10T09:32:45 [main.py:525 - <module>()] INFO: Waiting For the Dome to Open at Beginning of Night
2017-12-10T09:33:45 [main.py:525 - <module>()] INFO: Waiting For the Dome to Open at Beginning of Night
2017-12-10T09:34:45 [main.py:525 - <module>()] INFO: Waiting For the Dome to Open at Beginning of Night
2017-12-10T09:35:46 [main.py:525 - <module>()] INFO: Waiting For the Dome to Open at Beginning of Night
2017-12-10T09:36:46 [main.py:525 - <module>()] INFO: Waiting For the Dome to Open at Beginning of Night
2017-12-10T09:37:46 [main.py:525 - <module>()] INFO: Waiting For the Dome to Open at Beginning of Night
2017-12-10T09:38:46 [main.py:525 - <module>()] INFO: Waiting For the Dome to Open at Beginning of Night
2017-12-10T09:39:47 [main.py:525 - <module>()] INFO: Waiting For the Dome to Open at Beginning of Night
2017-12-10T09:40:47 [main.py:525 - <module>()] INFO: Waiting For the Dome to Open at Beginning of Night
2017-12-10T09:41:47 [main.py:525 - <module>()] INFO: Waiting For the Dome to Open at Beginning of Night
2017-12-10T09:42:48 [main.py:525 - <module>()] INFO: Waiting For the Dome to Open at Beginning of Night
2017-12-10T09:43:48 [main.py:525 - <module>()] INFO: Waiting For the Dome to Open at Beginning of Night
2017-12-10T09:44:48 [main.py:525 - <module>()] INFO: Waiting For the Dome to Open at Beginning of Night
2017-12-10T09:45:48 [main.py:525 - <module>()] INFO: Waiting For the Dome to Open at Beginning of Night
2017-12-10T09:46:49 [main.py:525 - <module>()] INFO: Waiting For the Dome to Open at Beginning of Night
2017-12-10T09:47:49 [main.py:525 - <module>()] INFO: Waiting For the Dome to Open at Beginning of Night
2017-12-10T09:48:49 [main.py:525 - <module>()] INFO: Waiting For the Dome to Open at Beginning of Night
2017-12-10T09:49:50 [main.py:525 - <module>()] INFO: Waiting For the Dome to Open at Beginning of Night
2017-12-10T09:50:50 [main.py:525 - <module>()] INFO: Waiting For the Dome to Open at Beginning of Night
2017-12-10T09:51:50 [main.py:525 - <module>()] INFO: Waiting For the Dome to Open at Beginning of Night
2017-12-10T09:52:51 [main.py:525 - <module>()] INFO: Waiting For the Dome to Open at Beginning of Night
2017-12-10T09:53:51 [main.py:525 - <module>()] INFO: Waiting For the Dome to Open at Beginning of Night
2017-12-10T09:54:51 [main.py:525 - <module>()] INFO: Waiting For the Dome to Open at Beginning of Night
2017-12-10T09:55:51 [main.py:525 - <module>()] INFO: Waiting For the Dome to Open at Beginning of Night
2017-12-10T09:56:52 [main.py:525 - <module>()] INFO: Waiting For the Dome to Open at Beginning of Night
2017-12-10T09:57:52 [main.py:525 - <module>()] INFO: Waiting For the Dome to Open at Beginning of Night
2017-12-10T09:58:52 [main.py:525 - <module>()] INFO: Waiting For the Dome to Open at Beginning of Night
2017-12-10T09:59:53 [main.py:525 - <module>()] INFO: Waiting For the Dome to Open at Beginning of Night
2017-12-10T10:00:53 [main.py:525 - <module>()] INFO: Waiting For the Dome to Open at Beginning of Night
2017-12-10T10:01:53 [main.py:525 - <module>()] INFO: Waiting For the Dome to Open at Beginning of Night
2017-12-10T10:02:53 [main.py:525 - <module>()] INFO: Waiting For the Dome to Open at Beginning of Night
2017-12-10T10:03:54 [main.py:525 - <module>()] INFO: Waiting For the Dome to Open at Beginning of Night
2017-12-10T10:04:54 [main.py:525 - <module>()] INFO: Waiting For the Dome to Open at Beginning of Night
2017-12-10T10:05:54 [main.py:525 - <module>()] INFO: Waiting For the Dome to Open at Beginning of Night
2017-12-10T10:06:55 [main.py:525 - <module>()] INFO: Waiting For the Dome to Open at Beginning of Night
2017-12-10T10:07:55 [main.py:525 - <module>()] INFO: Waiting For the Dome to Open at Beginning of Night
2017-12-10T10:08:55 [main.py:525 - <module>()] INFO: Waiting For the Dome to Open at Beginning of Night
2017-12-10T10:09:55 [main.py:525 - <module>()] INFO: Waiting For the Dome to Open at Beginning of Night
2017-12-10T10:10:56 [main.py:525 - <module>()] INFO: Waiting For the Dome to Open at Beginning of Night
2017-12-10T10:11:56 [main.py:525 - <module>()] INFO: Waiting For the Dome to Open at Beginning of Night
2017-12-10T10:12:56 [main.py:525 - <module>()] INFO: Waiting For the Dome to Open at Beginning of Night
2017-12-10T10:13:57 [main.py:525 - <module>()] INFO: Waiting For the Dome to Open at Beginning of Night
2017-12-10T10:14:57 [main.py:525 - <module>()] INFO: Waiting For the Dome to Open at Beginning of Night
2017-12-10T10:15:57 [main.py:525 - <module>()] INFO: Waiting For the Dome to Open at Beginning of Night
2017-12-10T10:16:57 [main.py:525 - <module>()] INFO: Waiting For the Dome to Open at Beginning of Night
2017-12-10T10:17:58 [main.py:525 - <module>()] INFO: Waiting For the Dome to Open at Beginning of Night
2017-12-10T10:18:58 [main.py:525 - <module>()] INFO: Waiting For the Dome to Open at Beginning of Night
2017-12-10T10:19:58 [main.py:525 - <module>()] INFO: Waiting For the Dome to Open at Beginning of Night
2017-12-10T10:20:59 [main.py:525 - <module>()] INFO: Waiting For the Dome to Open at Beginning of Night
2017-12-10T10:21:59 [main.py:525 - <module>()] INFO: Waiting For the Dome to Open at Beginning of Night
2017-12-10T10:22:59 [main.py:525 - <module>()] INFO: Waiting For the Dome to Open at Beginning of Night
2017-12-10T10:24:00 [main.py:525 - <module>()] INFO: Waiting For the Dome to Open at Beginning of Night
2017-12-10T10:25:00 [main.py:525 - <module>()] INFO: Waiting For the Dome to Open at Beginning of Night
2017-12-10T10:26:00 [main.py:525 - <module>()] INFO: Waiting For the Dome to Open at Beginning of Night
2017-12-10T10:27:00 [main.py:525 - <module>()] INFO: Waiting For the Dome to Open at Beginning of Night
2017-12-10T10:28:01 [main.py:525 - <module>()] INFO: Waiting For the Dome to Open at Beginning of Night
2017-12-10T10:29:01 [main.py:525 - <module>()] INFO: Waiting For the Dome to Open at Beginning of Night
2017-12-10T10:30:01 [main.py:525 - <module>()] INFO: Waiting For the Dome to Open at Beginning of Night
2017-12-10T10:31:01 [main.py:525 - <module>()] INFO: Waiting For the Dome to Open at Beginning of Night
2017-12-10T10:32:02 [main.py:525 - <module>()] INFO: Waiting For the Dome to Open at Beginning of Night
2017-12-10T10:33:02 [main.py:525 - <module>()] INFO: Waiting For the Dome to Open at Beginning of Night
2017-12-10T10:34:02 [main.py:525 - <module>()] INFO: Waiting For the Dome to Open at Beginning of Night
2017-12-10T10:35:03 [main.py:525 - <module>()] INFO: Waiting For the Dome to Open at Beginning of Night
2017-12-10T10:36:03 [main.py:525 - <module>()] INFO: Waiting For the Dome to Open at Beginning of Night
2017-12-10T10:37:03 [main.py:525 - <module>()] INFO: Waiting For the Dome to Open at Beginning of Night
2017-12-10T10:38:04 [main.py:525 - <module>()] INFO: Waiting For the Dome to Open at Beginning of Night
2017-12-10T10:39:04 [main.py:525 - <module>()] INFO: Waiting For the Dome to Open at Beginning of Night
2017-12-10T10:40:04 [main.py:525 - <module>()] INFO: Waiting For the Dome to Open at Beginning of Night
2017-12-10T10:41:04 [main.py:525 - <module>()] INFO: Waiting For the Dome to Open at Beginning of Night
2017-12-10T10:42:05 [main.py:525 - <module>()] INFO: Waiting For the Dome to Open at Beginning of Night
2017-12-10T10:43:05 [main.py:525 - <module>()] INFO: Waiting For the Dome to Open at Beginning of Night
2017-12-10T10:44:05 [main.py:525 - <module>()] INFO: Waiting For the Dome to Open at Beginning of Night
2017-12-10T10:45:06 [main.py:525 - <module>()] INFO: Waiting For the Dome to Open at Beginning of Night
2017-12-10T10:46:06 [main.py:525 - <module>()] INFO: Waiting For the Dome to Open at Beginning of Night
2017-12-10T10:47:06 [main.py:525 - <module>()] INFO: Waiting For the Dome to Open at Beginning of Night
2017-12-10T10:48:06 [main.py:525 - <module>()] INFO: Waiting For the Dome to Open at Beginning of Night
2017-12-10T10:49:07 [main.py:525 - <module>()] INFO: Waiting For the Dome to Open at Beginning of Night
2017-12-10T10:50:07 [main.py:525 - <module>()] INFO: Waiting For the Dome to Open at Beginning of Night
2017-12-10T10:51:07 [main.py:525 - <module>()] INFO: Waiting For the Dome to Open at Beginning of Night
2017-12-10T10:52:08 [main.py:525 - <module>()] INFO: Waiting For the Dome to Open at Beginning of Night
2017-12-10T10:53:08 [main.py:525 - <module>()] INFO: Waiting For the Dome to Open at Beginning of Night
2017-12-10T10:54:08 [main.py:525 - <module>()] INFO: Waiting For the Dome to Open at Beginning of Night
2017-12-10T10:55:08 [main.py:525 - <module>()] INFO: Waiting For the Dome to Open at Beginning of Night
2017-12-10T10:56:09 [main.py:525 - <module>()] INFO: Waiting For the Dome to Open at Beginning of Night
2017-12-10T10:57:09 [main.py:525 - <module>()] INFO: Waiting For the Dome to Open at Beginning of Night
2017-12-10T10:58:09 [main.py:525 - <module>()] INFO: Waiting For the Dome to Open at Beginning of Night
2017-12-10T10:59:10 [main.py:525 - <module>()] INFO: Waiting For the Dome to Open at Beginning of Night
2017-12-10T11:00:10 [main.py:525 - <module>()] INFO: Waiting For the Dome to Open at Beginning of Night
2017-12-10T11:01:10 [main.py:525 - <module>()] INFO: Waiting For the Dome to Open at Beginning of Night
2017-12-10T11:02:10 [main.py:525 - <module>()] INFO: Waiting For the Dome to Open at Beginning of Night
2017-12-10T11:03:11 [main.py:525 - <module>()] INFO: Waiting For the Dome to Open at Beginning of Night
2017-12-10T11:04:11 [main.py:525 - <module>()] INFO: Waiting For the Dome to Open at Beginning of Night
2017-12-10T11:05:11 [main.py:525 - <module>()] INFO: Waiting For the Dome to Open at Beginning of Night
2017-12-10T11:06:12 [main.py:525 - <module>()] INFO: Waiting For the Dome to Open at Beginning of Night
2017-12-10T11:07:12 [main.py:525 - <module>()] INFO: Waiting For the Dome to Open at Beginning of Night
2017-12-10T11:08:12 [main.py:525 - <module>()] INFO: Waiting For the Dome to Open at Beginning of Night
2017-12-10T11:09:12 [main.py:525 - <module>()] INFO: Waiting For the Dome to Open at Beginning of Night
2017-12-10T11:10:13 [main.py:525 - <module>()] INFO: Waiting For the Dome to Open at Beginning of Night
2017-12-10T11:11:13 [main.py:525 - <module>()] INFO: Waiting For the Dome to Open at Beginning of Night
2017-12-10T11:12:13 [main.py:525 - <module>()] INFO: Waiting For the Dome to Open at Beginning of Night
2017-12-10T11:13:14 [main.py:525 - <module>()] INFO: Waiting For the Dome to Open at Beginning of Night
2017-12-10T11:14:14 [main.py:525 - <module>()] INFO: Waiting For the Dome to Open at Beginning of Night
2017-12-10T11:15:14 [main.py:525 - <module>()] INFO: Waiting For the Dome to Open at Beginning of Night
2017-12-10T11:16:15 [main.py:525 - <module>()] INFO: Waiting For the Dome to Open at Beginning of Night
2017-12-10T11:17:15 [main.py:525 - <module>()] INFO: Waiting For the Dome to Open at Beginning of Night
2017-12-10T11:18:15 [main.py:525 - <module>()] INFO: Waiting For the Dome to Open at Beginning of Night
2017-12-10T11:19:15 [main.py:525 - <module>()] INFO: Waiting For the Dome to Open at Beginning of Night
2017-12-10T11:20:16 [main.py:525 - <module>()] INFO: Waiting For the Dome to Open at Beginning of Night
2017-12-10T11:21:16 [main.py:525 - <module>()] INFO: Waiting For the Dome to Open at Beginning of Night
2017-12-10T11:22:16 [main.py:525 - <module>()] INFO: Waiting For the Dome to Open at Beginning of Night
2017-12-10T11:23:17 [main.py:525 - <module>()] INFO: Waiting For the Dome to Open at Beginning of Night
2017-12-10T11:24:17 [main.py:525 - <module>()] INFO: Waiting For the Dome to Open at Beginning of Night
2017-12-10T11:25:17 [main.py:525 - <module>()] INFO: Waiting For the Dome to Open at Beginning of Night
2017-12-10T11:26:17 [main.py:525 - <module>()] INFO: Waiting For the Dome to Open at Beginning of Night
2017-12-10T11:27:18 [main.py:525 - <module>()] INFO: Waiting For the Dome to Open at Beginning of Night
2017-12-10T11:28:18 [main.py:525 - <module>()] INFO: Waiting For the Dome to Open at Beginning of Night
2017-12-10T11:29:18 [main.py:525 - <module>()] INFO: Waiting For the Dome to Open at Beginning of Night
2017-12-10T11:30:19 [main.py:525 - <module>()] INFO: Waiting For the Dome to Open at Beginning of Night
2017-12-10T11:31:19 [main.py:525 - <module>()] INFO: Waiting For the Dome to Open at Beginning of Night
2017-12-10T11:32:19 [main.py:525 - <module>()] INFO: Waiting For the Dome to Open at Beginning of Night
2017-12-10T11:33:19 [main.py:525 - <module>()] INFO: Waiting For the Dome to Open at Beginning of Night
2017-12-10T11:34:20 [main.py:525 - <module>()] INFO: Waiting For the Dome to Open at Beginning of Night
2017-12-10T11:35:20 [main.py:525 - <module>()] INFO: Waiting For the Dome to Open at Beginning of Night
2017-12-10T11:36:20 [main.py:525 - <module>()] INFO: Waiting For the Dome to Open at Beginning of Night
2017-12-10T11:37:21 [main.py:525 - <module>()] INFO: Waiting For the Dome to Open at Beginning of Night
2017-12-10T11:38:21 [main.py:525 - <module>()] INFO: Waiting For the Dome to Open at Beginning of Night
2017-12-10T11:39:21 [main.py:525 - <module>()] INFO: Waiting For the Dome to Open at Beginning of Night
2017-12-10T11:40:21 [main.py:525 - <module>()] INFO: Waiting For the Dome to Open at Beginning of Night
2017-12-10T11:41:22 [main.py:525 - <module>()] INFO: Waiting For the Dome to Open at Beginning of Night
2017-12-10T11:42:22 [main.py:525 - <module>()] INFO: Waiting For the Dome to Open at Beginning of Night
2017-12-10T11:43:22 [main.py:525 - <module>()] INFO: Waiting For the Dome to Open at Beginning of Night
2017-12-10T11:44:23 [main.py:525 - <module>()] INFO: Waiting For the Dome to Open at Beginning of Night
2017-12-10T11:45:23 [main.py:525 - <module>()] INFO: Waiting For the Dome to Open at Beginning of Night
2017-12-10T11:46:23 [main.py:525 - <module>()] INFO: Waiting For the Dome to Open at Beginning of Night
2017-12-10T11:47:23 [main.py:525 - <module>()] INFO: Waiting For the Dome to Open at Beginning of Night
2017-12-10T11:48:24 [main.py:525 - <module>()] INFO: Waiting For the Dome to Open at Beginning of Night
2017-12-10T11:49:24 [main.py:525 - <module>()] INFO: Waiting For the Dome to Open at Beginning of Night
2017-12-10T11:50:24 [main.py:525 - <module>()] INFO: Waiting For the Dome to Open at Beginning of Night
2017-12-10T11:51:25 [main.py:525 - <module>()] INFO: Waiting For the Dome to Open at Beginning of Night
2017-12-10T11:52:25 [main.py:525 - <module>()] INFO: Waiting For the Dome to Open at Beginning of Night
2017-12-10T11:53:25 [main.py:525 - <module>()] INFO: Waiting For the Dome to Open at Beginning of Night
2017-12-10T11:54:25 [main.py:525 - <module>()] INFO: Waiting For the Dome to Open at Beginning of Night
2017-12-10T11:55:26 [main.py:525 - <module>()] INFO: Waiting For the Dome to Open at Beginning of Night
2017-12-10T11:56:26 [main.py:525 - <module>()] INFO: Waiting For the Dome to Open at Beginning of Night
2017-12-10T11:57:26 [main.py:525 - <module>()] INFO: Waiting For the Dome to Open at Beginning of Night
2017-12-10T11:58:27 [main.py:525 - <module>()] INFO: Waiting For the Dome to Open at Beginning of Night
2017-12-10T11:59:27 [main.py:525 - <module>()] INFO: Waiting For the Dome to Open at Beginning of Night
2017-12-10T12:00:27 [main.py:525 - <module>()] INFO: Waiting For the Dome to Open at Beginning of Night
2017-12-10T12:01:27 [main.py:525 - <module>()] INFO: Waiting For the Dome to Open at Beginning of Night
2017-12-10T12:02:28 [main.py:525 - <module>()] INFO: Waiting For the Dome to Open at Beginning of Night
2017-12-10T12:03:28 [main.py:525 - <module>()] INFO: Waiting For the Dome to Open at Beginning of Night
2017-12-10T12:04:28 [main.py:525 - <module>()] INFO: Waiting For the Dome to Open at Beginning of Night
2017-12-10T12:05:29 [main.py:525 - <module>()] INFO: Waiting For the Dome to Open at Beginning of Night
2017-12-10T12:06:29 [main.py:525 - <module>()] INFO: Waiting For the Dome to Open at Beginning of Night
2017-12-10T12:07:29 [main.py:525 - <module>()] INFO: Waiting For the Dome to Open at Beginning of Night
2017-12-10T12:08:29 [main.py:525 - <module>()] INFO: Waiting For the Dome to Open at Beginning of Night
2017-12-10T12:09:30 [main.py:525 - <module>()] INFO: Waiting For the Dome to Open at Beginning of Night
2017-12-10T12:10:30 [main.py:525 - <module>()] INFO: Waiting For the Dome to Open at Beginning of Night
2017-12-10T12:11:30 [main.py:525 - <module>()] INFO: Waiting For the Dome to Open at Beginning of Night
2017-12-10T12:12:31 [main.py:525 - <module>()] INFO: Waiting For the Dome to Open at Beginning of Night
2017-12-10T12:13:31 [main.py:525 - <module>()] INFO: Waiting For the Dome to Open at Beginning of Night
2017-12-10T12:14:31 [main.py:525 - <module>()] INFO: Waiting For the Dome to Open at Beginning of Night
2017-12-10T12:15:31 [main.py:525 - <module>()] INFO: Waiting For the Dome to Open at Beginning of Night
2017-12-10T12:16:32 [main.py:525 - <module>()] INFO: Waiting For the Dome to Open at Beginning of Night
2017-12-10T12:17:32 [main.py:525 - <module>()] INFO: Waiting For the Dome to Open at Beginning of Night
2017-12-10T12:18:32 [main.py:525 - <module>()] INFO: Waiting For the Dome to Open at Beginning of Night
2017-12-10T12:19:33 [main.py:525 - <module>()] INFO: Waiting For the Dome to Open at Beginning of Night
2017-12-10T12:20:33 [main.py:525 - <module>()] INFO: Waiting For the Dome to Open at Beginning of Night
2017-12-10T12:21:33 [main.py:525 - <module>()] INFO: Waiting For the Dome to Open at Beginning of Night
2017-12-10T12:22:33 [main.py:525 - <module>()] INFO: Waiting For the Dome to Open at Beginning of Night
2017-12-10T12:23:34 [main.py:525 - <module>()] INFO: Waiting For the Dome to Open at Beginning of Night
2017-12-10T12:24:34 [main.py:525 - <module>()] INFO: Waiting For the Dome to Open at Beginning of Night
2017-12-10T12:25:34 [main.py:525 - <module>()] INFO: Waiting For the Dome to Open at Beginning of Night
2017-12-10T12:26:35 [main.py:525 - <module>()] INFO: Waiting For the Dome to Open at Beginning of Night
2017-12-10T12:27:35 [main.py:525 - <module>()] INFO: Waiting For the Dome to Open at Beginning of Night
2017-12-10T12:28:35 [main.py:525 - <module>()] INFO: Waiting For the Dome to Open at Beginning of Night
2017-12-10T12:29:35 [main.py:525 - <module>()] INFO: Waiting For the Dome to Open at Beginning of Night
2017-12-10T12:30:36 [main.py:525 - <module>()] INFO: Waiting For the Dome to Open at Beginning of Night
2017-12-10T12:31:36 [main.py:525 - <module>()] INFO: Waiting For the Dome to Open at Beginning of Night
2017-12-10T12:32:36 [main.py:525 - <module>()] INFO: Waiting For the Dome to Open at Beginning of Night
2017-12-10T12:33:37 [main.py:525 - <module>()] INFO: Waiting For the Dome to Open at Beginning of Night
2017-12-10T12:34:37 [main.py:525 - <module>()] INFO: Waiting For the Dome to Open at Beginning of Night
2017-12-10T12:35:37 [main.py:525 - <module>()] INFO: Waiting For the Dome to Open at Beginning of Night
2017-12-10T12:36:37 [main.py:525 - <module>()] INFO: Waiting For the Dome to Open at Beginning of Night
2017-12-10T12:37:38 [main.py:525 - <module>()] INFO: Waiting For the Dome to Open at Beginning of Night
2017-12-10T12:38:38 [main.py:525 - <module>()] INFO: Waiting For the Dome to Open at Beginning of Night
2017-12-10T12:39:38 [main.py:525 - <module>()] INFO: Waiting For the Dome to Open at Beginning of Night
2017-12-10T12:40:39 [main.py:525 - <module>()] INFO: Waiting For the Dome to Open at Beginning of Night
2017-12-10T12:41:39 [main.py:525 - <module>()] INFO: Waiting For the Dome to Open at Beginning of Night
2017-12-10T12:42:39 [main.py:525 - <module>()] INFO: Waiting For the Dome to Open at Beginning of Night
2017-12-10T12:43:39 [main.py:525 - <module>()] INFO: Waiting For the Dome to Open at Beginning of Night
2017-12-10T12:44:40 [main.py:525 - <module>()] INFO: Waiting For the Dome to Open at Beginning of Night
2017-12-10T12:45:40 [main.py:525 - <module>()] INFO: Waiting For the Dome to Open at Beginning of Night
2017-12-10T12:46:40 [main.py:525 - <module>()] INFO: Waiting For the Dome to Open at Beginning of Night
2017-12-10T12:47:41 [main.py:525 - <module>()] INFO: Waiting For the Dome to Open at Beginning of Night
2017-12-10T12:48:41 [main.py:525 - <module>()] INFO: Waiting For the Dome to Open at Beginning of Night
2017-12-10T12:49:41 [main.py:525 - <module>()] INFO: Waiting For the Dome to Open at Beginning of Night
2017-12-10T12:50:41 [main.py:525 - <module>()] INFO: Waiting For the Dome to Open at Beginning of Night
2017-12-10T12:51:42 [main.py:525 - <module>()] INFO: Waiting For the Dome to Open at Beginning of Night
2017-12-10T12:52:42 [main.py:525 - <module>()] INFO: Waiting For the Dome to Open at Beginning of Night
2017-12-10T12:53:42 [main.py:525 - <module>()] INFO: Waiting For the Dome to Open at Beginning of Night
2017-12-10T12:54:43 [main.py:525 - <module>()] INFO: Waiting For the Dome to Open at Beginning of Night
2017-12-10T12:55:43 [main.py:525 - <module>()] INFO: Waiting For the Dome to Open at Beginning of Night
2017-12-10T12:56:43 [main.py:525 - <module>()] INFO: Waiting For the Dome to Open at Beginning of Night
2017-12-10T12:57:44 [main.py:525 - <module>()] INFO: Waiting For the Dome to Open at Beginning of Night
2017-12-10T12:58:44 [main.py:525 - <module>()] INFO: Waiting For the Dome to Open at Beginning of Night
2017-12-10T12:59:44 [main.py:525 - <module>()] INFO: Waiting For the Dome to Open at Beginning of Night
2017-12-10T13:00:44 [main.py:525 - <module>()] INFO: Waiting For the Dome to Open at Beginning of Night
2017-12-10T13:01:45 [main.py:525 - <module>()] INFO: Waiting For the Dome to Open at Beginning of Night
2017-12-10T13:02:45 [main.py:525 - <module>()] INFO: Waiting For the Dome to Open at Beginning of Night
2017-12-10T13:03:45 [main.py:525 - <module>()] INFO: Waiting For the Dome to Open at Beginning of Night
2017-12-10T13:04:46 [main.py:525 - <module>()] INFO: Waiting For the Dome to Open at Beginning of Night
2017-12-10T13:05:46 [main.py:525 - <module>()] INFO: Waiting For the Dome to Open at Beginning of Night
2017-12-10T13:05:46 [main.py:532 - <module>()] INFO: Past Nautical Twilight. Should close up
2017-12-10T13:05:46 [main.py:580 - <module>()] INFO: End Night
2017-12-10T13:05:46 [main.py:33 - endNight()] INFO: Parking/Disconnection from Telescope
2017-12-10T13:06:41 [main.py:38 - endNight()] INFO: Compressing data
2017-12-10T13:06:41 [main.py:43 - endNight()] INFO: Disconnecting imager
2017-12-10T13:07:06 [main.py:49 - endNight()] INFO: Backing Up data
2017-12-10T13:07:06 [main.py:55 - endNight()] INFO: Copying schedule file from ./schedule/n20171210 to C:/camal/data/n20171210/
2017-12-10T13:07:06 [main.py:62 - endNight()] INFO: Copying log file ./logs/n20171210\main.log to C:/camal/data/n20171210/
2017-12-10T13:07:11 [main.py:591 - <module>()] INFO: Updating Reduction File list
