2018-03-11T00:45:32 [main.py:488 - <module>()] INFO: Waiting for sunset (2479.732219seconds)
2018-03-11T01:31:02 [main.py:499 - <module>()] INFO: Taking 30 Biases
2018-03-11T01:31:02 [main.py:163 - doDark()] INFO: Taking BIAS 1 of 30 (exptime = 0)
2018-03-11T01:31:02 [main.py:227 - takeImage()] INFO: Taking 0 second image
2018-03-11T01:31:05 [main.py:248 - takeImage()] INFO: Saving image: C:/camal/data/n20180311//0001BIAS.0.fits
2018-03-11T01:31:05 [main.py:163 - doDark()] INFO: Taking BIAS 2 of 30 (exptime = 0)
2018-03-11T01:31:05 [main.py:227 - takeImage()] INFO: Taking 0 second image
2018-03-11T01:31:06 [main.py:248 - takeImage()] INFO: Saving image: C:/camal/data/n20180311//0002BIAS.0.fits
2018-03-11T01:31:06 [main.py:163 - doDark()] INFO: Taking BIAS 3 of 30 (exptime = 0)
2018-03-11T01:31:06 [main.py:227 - takeImage()] INFO: Taking 0 second image
2018-03-11T01:31:08 [main.py:248 - takeImage()] INFO: Saving image: C:/camal/data/n20180311//0003BIAS.0.fits
2018-03-11T01:31:08 [main.py:163 - doDark()] INFO: Taking BIAS 4 of 30 (exptime = 0)
2018-03-11T01:31:08 [main.py:227 - takeImage()] INFO: Taking 0 second image
2018-03-11T01:31:09 [main.py:248 - takeImage()] INFO: Saving image: C:/camal/data/n20180311//0004BIAS.0.fits
2018-03-11T01:31:09 [main.py:163 - doDark()] INFO: Taking BIAS 5 of 30 (exptime = 0)
2018-03-11T01:31:09 [main.py:227 - takeImage()] INFO: Taking 0 second image
2018-03-11T01:31:11 [main.py:248 - takeImage()] INFO: Saving image: C:/camal/data/n20180311//0005BIAS.0.fits
2018-03-11T01:31:11 [main.py:163 - doDark()] INFO: Taking BIAS 6 of 30 (exptime = 0)
2018-03-11T01:31:11 [main.py:227 - takeImage()] INFO: Taking 0 second image
2018-03-11T01:31:12 [main.py:248 - takeImage()] INFO: Saving image: C:/camal/data/n20180311//0006BIAS.0.fits
2018-03-11T01:31:12 [main.py:163 - doDark()] INFO: Taking BIAS 7 of 30 (exptime = 0)
2018-03-11T01:31:12 [main.py:227 - takeImage()] INFO: Taking 0 second image
2018-03-11T01:31:14 [main.py:248 - takeImage()] INFO: Saving image: C:/camal/data/n20180311//0007BIAS.0.fits
2018-03-11T01:31:14 [main.py:163 - doDark()] INFO: Taking BIAS 8 of 30 (exptime = 0)
2018-03-11T01:31:14 [main.py:227 - takeImage()] INFO: Taking 0 second image
2018-03-11T01:31:15 [main.py:248 - takeImage()] INFO: Saving image: C:/camal/data/n20180311//0008BIAS.0.fits
2018-03-11T01:31:15 [main.py:163 - doDark()] INFO: Taking BIAS 9 of 30 (exptime = 0)
2018-03-11T01:31:15 [main.py:227 - takeImage()] INFO: Taking 0 second image
2018-03-11T01:31:17 [main.py:248 - takeImage()] INFO: Saving image: C:/camal/data/n20180311//0009BIAS.0.fits
2018-03-11T01:31:17 [main.py:163 - doDark()] INFO: Taking BIAS 10 of 30 (exptime = 0)
2018-03-11T01:31:17 [main.py:227 - takeImage()] INFO: Taking 0 second image
2018-03-11T01:31:18 [main.py:248 - takeImage()] INFO: Saving image: C:/camal/data/n20180311//0010BIAS.0.fits
2018-03-11T01:31:18 [main.py:163 - doDark()] INFO: Taking BIAS 11 of 30 (exptime = 0)
2018-03-11T01:31:18 [main.py:227 - takeImage()] INFO: Taking 0 second image
2018-03-11T01:31:19 [main.py:248 - takeImage()] INFO: Saving image: C:/camal/data/n20180311//0011BIAS.0.fits
2018-03-11T01:31:19 [main.py:163 - doDark()] INFO: Taking BIAS 12 of 30 (exptime = 0)
2018-03-11T01:31:19 [main.py:227 - takeImage()] INFO: Taking 0 second image
2018-03-11T01:31:21 [main.py:248 - takeImage()] INFO: Saving image: C:/camal/data/n20180311//0012BIAS.0.fits
2018-03-11T01:31:21 [main.py:163 - doDark()] INFO: Taking BIAS 13 of 30 (exptime = 0)
2018-03-11T01:31:21 [main.py:227 - takeImage()] INFO: Taking 0 second image
2018-03-11T01:31:22 [main.py:248 - takeImage()] INFO: Saving image: C:/camal/data/n20180311//0013BIAS.0.fits
2018-03-11T01:31:22 [main.py:163 - doDark()] INFO: Taking BIAS 14 of 30 (exptime = 0)
2018-03-11T01:31:22 [main.py:227 - takeImage()] INFO: Taking 0 second image
2018-03-11T01:31:24 [main.py:248 - takeImage()] INFO: Saving image: C:/camal/data/n20180311//0014BIAS.0.fits
2018-03-11T01:31:24 [main.py:163 - doDark()] INFO: Taking BIAS 15 of 30 (exptime = 0)
2018-03-11T01:31:24 [main.py:227 - takeImage()] INFO: Taking 0 second image
2018-03-11T01:31:25 [main.py:248 - takeImage()] INFO: Saving image: C:/camal/data/n20180311//0015BIAS.0.fits
2018-03-11T01:31:25 [main.py:163 - doDark()] INFO: Taking BIAS 16 of 30 (exptime = 0)
2018-03-11T01:31:25 [main.py:227 - takeImage()] INFO: Taking 0 second image
2018-03-11T01:31:27 [main.py:248 - takeImage()] INFO: Saving image: C:/camal/data/n20180311//0016BIAS.0.fits
2018-03-11T01:31:27 [main.py:163 - doDark()] INFO: Taking BIAS 17 of 30 (exptime = 0)
2018-03-11T01:31:27 [main.py:227 - takeImage()] INFO: Taking 0 second image
2018-03-11T01:31:28 [main.py:248 - takeImage()] INFO: Saving image: C:/camal/data/n20180311//0017BIAS.0.fits
2018-03-11T01:31:28 [main.py:163 - doDark()] INFO: Taking BIAS 18 of 30 (exptime = 0)
2018-03-11T01:31:28 [main.py:227 - takeImage()] INFO: Taking 0 second image
2018-03-11T01:31:29 [main.py:248 - takeImage()] INFO: Saving image: C:/camal/data/n20180311//0018BIAS.0.fits
2018-03-11T01:31:30 [main.py:163 - doDark()] INFO: Taking BIAS 19 of 30 (exptime = 0)
2018-03-11T01:31:30 [main.py:227 - takeImage()] INFO: Taking 0 second image
2018-03-11T01:31:31 [main.py:248 - takeImage()] INFO: Saving image: C:/camal/data/n20180311//0019BIAS.0.fits
2018-03-11T01:31:31 [main.py:163 - doDark()] INFO: Taking BIAS 20 of 30 (exptime = 0)
2018-03-11T01:31:31 [main.py:227 - takeImage()] INFO: Taking 0 second image
2018-03-11T01:31:32 [main.py:248 - takeImage()] INFO: Saving image: C:/camal/data/n20180311//0020BIAS.0.fits
2018-03-11T01:31:32 [main.py:163 - doDark()] INFO: Taking BIAS 21 of 30 (exptime = 0)
2018-03-11T01:31:32 [main.py:227 - takeImage()] INFO: Taking 0 second image
2018-03-11T01:31:34 [main.py:248 - takeImage()] INFO: Saving image: C:/camal/data/n20180311//0021BIAS.0.fits
2018-03-11T01:31:34 [main.py:163 - doDark()] INFO: Taking BIAS 22 of 30 (exptime = 0)
2018-03-11T01:31:34 [main.py:227 - takeImage()] INFO: Taking 0 second image
2018-03-11T01:31:35 [main.py:248 - takeImage()] INFO: Saving image: C:/camal/data/n20180311//0022BIAS.0.fits
2018-03-11T01:31:35 [main.py:163 - doDark()] INFO: Taking BIAS 23 of 30 (exptime = 0)
2018-03-11T01:31:35 [main.py:227 - takeImage()] INFO: Taking 0 second image
2018-03-11T01:31:37 [main.py:248 - takeImage()] INFO: Saving image: C:/camal/data/n20180311//0023BIAS.0.fits
2018-03-11T01:31:37 [main.py:163 - doDark()] INFO: Taking BIAS 24 of 30 (exptime = 0)
2018-03-11T01:31:37 [main.py:227 - takeImage()] INFO: Taking 0 second image
2018-03-11T01:31:38 [main.py:248 - takeImage()] INFO: Saving image: C:/camal/data/n20180311//0024BIAS.0.fits
2018-03-11T01:31:38 [main.py:163 - doDark()] INFO: Taking BIAS 25 of 30 (exptime = 0)
2018-03-11T01:31:38 [main.py:227 - takeImage()] INFO: Taking 0 second image
2018-03-11T01:31:40 [main.py:248 - takeImage()] INFO: Saving image: C:/camal/data/n20180311//0025BIAS.0.fits
2018-03-11T01:31:40 [main.py:163 - doDark()] INFO: Taking BIAS 26 of 30 (exptime = 0)
2018-03-11T01:31:40 [main.py:227 - takeImage()] INFO: Taking 0 second image
2018-03-11T01:31:41 [main.py:248 - takeImage()] INFO: Saving image: C:/camal/data/n20180311//0026BIAS.0.fits
2018-03-11T01:31:41 [main.py:163 - doDark()] INFO: Taking BIAS 27 of 30 (exptime = 0)
2018-03-11T01:31:41 [main.py:227 - takeImage()] INFO: Taking 0 second image
2018-03-11T01:31:42 [main.py:248 - takeImage()] INFO: Saving image: C:/camal/data/n20180311//0027BIAS.0.fits
2018-03-11T01:31:43 [main.py:163 - doDark()] INFO: Taking BIAS 28 of 30 (exptime = 0)
2018-03-11T01:31:43 [main.py:227 - takeImage()] INFO: Taking 0 second image
2018-03-11T01:31:44 [main.py:248 - takeImage()] INFO: Saving image: C:/camal/data/n20180311//0028BIAS.0.fits
2018-03-11T01:31:44 [main.py:163 - doDark()] INFO: Taking BIAS 29 of 30 (exptime = 0)
2018-03-11T01:31:44 [main.py:227 - takeImage()] INFO: Taking 0 second image
2018-03-11T01:31:45 [main.py:248 - takeImage()] INFO: Saving image: C:/camal/data/n20180311//0029BIAS.0.fits
2018-03-11T01:31:45 [main.py:163 - doDark()] INFO: Taking BIAS 30 of 30 (exptime = 0)
2018-03-11T01:31:45 [main.py:227 - takeImage()] INFO: Taking 0 second image
2018-03-11T01:31:47 [main.py:248 - takeImage()] INFO: Saving image: C:/camal/data/n20180311//0030BIAS.0.fits
2018-03-11T01:31:47 [main.py:505 - <module>()] INFO: Waiting for nautical twilight to end (2935.239171seconds)
2018-03-11T02:20:42 [main.py:510 - <module>()] INFO: Making Schedule
2018-03-11T02:20:53 [main.py:525 - <module>()] INFO: Waiting For the Dome to Open at Beginning of Night
2018-03-11T02:21:54 [main.py:525 - <module>()] INFO: Waiting For the Dome to Open at Beginning of Night
2018-03-11T02:22:54 [main.py:525 - <module>()] INFO: Waiting For the Dome to Open at Beginning of Night
2018-03-11T02:23:54 [main.py:525 - <module>()] INFO: Waiting For the Dome to Open at Beginning of Night
2018-03-11T02:24:55 [main.py:525 - <module>()] INFO: Waiting For the Dome to Open at Beginning of Night
2018-03-11T02:25:56 [main.py:525 - <module>()] INFO: Waiting For the Dome to Open at Beginning of Night
2018-03-11T02:26:56 [main.py:525 - <module>()] INFO: Waiting For the Dome to Open at Beginning of Night
2018-03-11T02:27:57 [main.py:525 - <module>()] INFO: Waiting For the Dome to Open at Beginning of Night
2018-03-11T02:28:57 [main.py:525 - <module>()] INFO: Waiting For the Dome to Open at Beginning of Night
2018-03-11T02:29:58 [main.py:525 - <module>()] INFO: Waiting For the Dome to Open at Beginning of Night
2018-03-11T02:30:59 [main.py:525 - <module>()] INFO: Waiting For the Dome to Open at Beginning of Night
2018-03-11T02:31:59 [main.py:525 - <module>()] INFO: Waiting For the Dome to Open at Beginning of Night
2018-03-11T02:33:00 [main.py:525 - <module>()] INFO: Waiting For the Dome to Open at Beginning of Night
2018-03-11T02:34:00 [main.py:525 - <module>()] INFO: Waiting For the Dome to Open at Beginning of Night
2018-03-11T02:35:00 [main.py:525 - <module>()] INFO: Waiting For the Dome to Open at Beginning of Night
2018-03-11T02:36:01 [main.py:525 - <module>()] INFO: Waiting For the Dome to Open at Beginning of Night
2018-03-11T02:37:02 [main.py:525 - <module>()] INFO: Waiting For the Dome to Open at Beginning of Night
2018-03-11T02:38:02 [main.py:525 - <module>()] INFO: Waiting For the Dome to Open at Beginning of Night
2018-03-11T02:39:03 [main.py:525 - <module>()] INFO: Waiting For the Dome to Open at Beginning of Night
2018-03-11T02:40:03 [main.py:525 - <module>()] INFO: Waiting For the Dome to Open at Beginning of Night
2018-03-11T02:41:04 [main.py:525 - <module>()] INFO: Waiting For the Dome to Open at Beginning of Night
2018-03-11T02:42:05 [main.py:525 - <module>()] INFO: Waiting For the Dome to Open at Beginning of Night
2018-03-11T02:43:05 [main.py:525 - <module>()] INFO: Waiting For the Dome to Open at Beginning of Night
2018-03-11T02:44:06 [main.py:525 - <module>()] INFO: Waiting For the Dome to Open at Beginning of Night
2018-03-11T02:45:06 [main.py:525 - <module>()] INFO: Waiting For the Dome to Open at Beginning of Night
2018-03-11T02:46:07 [main.py:525 - <module>()] INFO: Waiting For the Dome to Open at Beginning of Night
2018-03-11T02:47:08 [main.py:525 - <module>()] INFO: Waiting For the Dome to Open at Beginning of Night
2018-03-11T02:48:08 [main.py:525 - <module>()] INFO: Waiting For the Dome to Open at Beginning of Night
2018-03-11T02:49:09 [main.py:525 - <module>()] INFO: Waiting For the Dome to Open at Beginning of Night
2018-03-11T02:50:09 [main.py:525 - <module>()] INFO: Waiting For the Dome to Open at Beginning of Night
2018-03-11T02:51:10 [main.py:525 - <module>()] INFO: Waiting For the Dome to Open at Beginning of Night
2018-03-11T02:52:11 [main.py:525 - <module>()] INFO: Waiting For the Dome to Open at Beginning of Night
2018-03-11T02:53:11 [main.py:525 - <module>()] INFO: Waiting For the Dome to Open at Beginning of Night
2018-03-11T02:54:12 [main.py:525 - <module>()] INFO: Waiting For the Dome to Open at Beginning of Night
2018-03-11T02:55:12 [main.py:525 - <module>()] INFO: Waiting For the Dome to Open at Beginning of Night
2018-03-11T02:56:13 [main.py:525 - <module>()] INFO: Waiting For the Dome to Open at Beginning of Night
2018-03-11T02:57:13 [main.py:525 - <module>()] INFO: Waiting For the Dome to Open at Beginning of Night
2018-03-11T02:58:14 [main.py:525 - <module>()] INFO: Waiting For the Dome to Open at Beginning of Night
2018-03-11T02:59:15 [main.py:525 - <module>()] INFO: Waiting For the Dome to Open at Beginning of Night
2018-03-11T03:00:15 [main.py:525 - <module>()] INFO: Waiting For the Dome to Open at Beginning of Night
2018-03-11T03:01:16 [main.py:525 - <module>()] INFO: Waiting For the Dome to Open at Beginning of Night
2018-03-11T03:02:16 [main.py:525 - <module>()] INFO: Waiting For the Dome to Open at Beginning of Night
2018-03-11T03:03:17 [main.py:525 - <module>()] INFO: Waiting For the Dome to Open at Beginning of Night
2018-03-11T03:04:17 [main.py:525 - <module>()] INFO: Waiting For the Dome to Open at Beginning of Night
2018-03-11T03:05:18 [main.py:525 - <module>()] INFO: Waiting For the Dome to Open at Beginning of Night
2018-03-11T03:06:19 [main.py:525 - <module>()] INFO: Waiting For the Dome to Open at Beginning of Night
2018-03-11T03:07:19 [main.py:525 - <module>()] INFO: Waiting For the Dome to Open at Beginning of Night
2018-03-11T03:08:20 [main.py:525 - <module>()] INFO: Waiting For the Dome to Open at Beginning of Night
2018-03-11T03:09:20 [main.py:525 - <module>()] INFO: Waiting For the Dome to Open at Beginning of Night
2018-03-11T03:10:21 [main.py:525 - <module>()] INFO: Waiting For the Dome to Open at Beginning of Night
2018-03-11T03:11:21 [main.py:525 - <module>()] INFO: Waiting For the Dome to Open at Beginning of Night
2018-03-11T03:12:22 [main.py:525 - <module>()] INFO: Waiting For the Dome to Open at Beginning of Night
2018-03-11T03:13:23 [main.py:525 - <module>()] INFO: Waiting For the Dome to Open at Beginning of Night
2018-03-11T03:14:23 [main.py:525 - <module>()] INFO: Waiting For the Dome to Open at Beginning of Night
2018-03-11T03:15:24 [main.py:525 - <module>()] INFO: Waiting For the Dome to Open at Beginning of Night
2018-03-11T03:16:24 [main.py:525 - <module>()] INFO: Waiting For the Dome to Open at Beginning of Night
2018-03-11T03:17:25 [main.py:525 - <module>()] INFO: Waiting For the Dome to Open at Beginning of Night
2018-03-11T03:18:25 [main.py:525 - <module>()] INFO: Waiting For the Dome to Open at Beginning of Night
2018-03-11T03:19:26 [main.py:525 - <module>()] INFO: Waiting For the Dome to Open at Beginning of Night
2018-03-11T03:20:26 [main.py:525 - <module>()] INFO: Waiting For the Dome to Open at Beginning of Night
2018-03-11T03:21:27 [main.py:525 - <module>()] INFO: Waiting For the Dome to Open at Beginning of Night
2018-03-11T03:22:27 [main.py:525 - <module>()] INFO: Waiting For the Dome to Open at Beginning of Night
2018-03-11T03:23:28 [main.py:525 - <module>()] INFO: Waiting For the Dome to Open at Beginning of Night
2018-03-11T03:24:28 [main.py:525 - <module>()] INFO: Waiting For the Dome to Open at Beginning of Night
2018-03-11T03:25:29 [main.py:525 - <module>()] INFO: Waiting For the Dome to Open at Beginning of Night
2018-03-11T03:26:30 [main.py:525 - <module>()] INFO: Waiting For the Dome to Open at Beginning of Night
2018-03-11T03:27:30 [main.py:525 - <module>()] INFO: Waiting For the Dome to Open at Beginning of Night
2018-03-11T03:28:31 [main.py:525 - <module>()] INFO: Waiting For the Dome to Open at Beginning of Night
2018-03-11T03:29:32 [main.py:525 - <module>()] INFO: Waiting For the Dome to Open at Beginning of Night
2018-03-11T03:30:32 [main.py:525 - <module>()] INFO: Waiting For the Dome to Open at Beginning of Night
2018-03-11T03:31:33 [main.py:525 - <module>()] INFO: Waiting For the Dome to Open at Beginning of Night
2018-03-11T03:32:33 [main.py:525 - <module>()] INFO: Waiting For the Dome to Open at Beginning of Night
2018-03-11T03:33:34 [main.py:525 - <module>()] INFO: Waiting For the Dome to Open at Beginning of Night
2018-03-11T03:34:35 [main.py:525 - <module>()] INFO: Waiting For the Dome to Open at Beginning of Night
2018-03-11T03:35:35 [main.py:525 - <module>()] INFO: Waiting For the Dome to Open at Beginning of Night
2018-03-11T03:36:36 [main.py:525 - <module>()] INFO: Waiting For the Dome to Open at Beginning of Night
2018-03-11T03:37:36 [main.py:525 - <module>()] INFO: Waiting For the Dome to Open at Beginning of Night
2018-03-11T03:38:37 [main.py:525 - <module>()] INFO: Waiting For the Dome to Open at Beginning of Night
2018-03-11T03:39:37 [main.py:525 - <module>()] INFO: Waiting For the Dome to Open at Beginning of Night
2018-03-11T03:40:38 [main.py:525 - <module>()] INFO: Waiting For the Dome to Open at Beginning of Night
2018-03-11T03:41:39 [main.py:525 - <module>()] INFO: Waiting For the Dome to Open at Beginning of Night
2018-03-11T03:42:39 [main.py:525 - <module>()] INFO: Waiting For the Dome to Open at Beginning of Night
2018-03-11T03:43:39 [main.py:525 - <module>()] INFO: Waiting For the Dome to Open at Beginning of Night
2018-03-11T03:44:40 [main.py:525 - <module>()] INFO: Waiting For the Dome to Open at Beginning of Night
2018-03-11T03:45:41 [main.py:525 - <module>()] INFO: Waiting For the Dome to Open at Beginning of Night
2018-03-11T03:46:41 [main.py:525 - <module>()] INFO: Waiting For the Dome to Open at Beginning of Night
2018-03-11T03:47:42 [main.py:525 - <module>()] INFO: Waiting For the Dome to Open at Beginning of Night
2018-03-11T03:48:42 [main.py:525 - <module>()] INFO: Waiting For the Dome to Open at Beginning of Night
2018-03-11T03:49:43 [main.py:525 - <module>()] INFO: Waiting For the Dome to Open at Beginning of Night
2018-03-11T03:50:43 [main.py:525 - <module>()] INFO: Waiting For the Dome to Open at Beginning of Night
2018-03-11T03:51:44 [main.py:525 - <module>()] INFO: Waiting For the Dome to Open at Beginning of Night
2018-03-11T03:52:45 [main.py:525 - <module>()] INFO: Waiting For the Dome to Open at Beginning of Night
2018-03-11T03:53:45 [main.py:525 - <module>()] INFO: Waiting For the Dome to Open at Beginning of Night
2018-03-11T03:54:46 [main.py:525 - <module>()] INFO: Waiting For the Dome to Open at Beginning of Night
2018-03-11T03:55:46 [main.py:525 - <module>()] INFO: Waiting For the Dome to Open at Beginning of Night
2018-03-11T03:56:47 [main.py:525 - <module>()] INFO: Waiting For the Dome to Open at Beginning of Night
2018-03-11T03:57:47 [main.py:525 - <module>()] INFO: Waiting For the Dome to Open at Beginning of Night
2018-03-11T03:58:48 [main.py:525 - <module>()] INFO: Waiting For the Dome to Open at Beginning of Night
2018-03-11T03:59:49 [main.py:525 - <module>()] INFO: Waiting For the Dome to Open at Beginning of Night
2018-03-11T04:00:49 [main.py:525 - <module>()] INFO: Waiting For the Dome to Open at Beginning of Night
2018-03-11T04:01:50 [main.py:525 - <module>()] INFO: Waiting For the Dome to Open at Beginning of Night
2018-03-11T04:02:50 [main.py:525 - <module>()] INFO: Waiting For the Dome to Open at Beginning of Night
2018-03-11T04:03:51 [main.py:525 - <module>()] INFO: Waiting For the Dome to Open at Beginning of Night
2018-03-11T04:04:52 [main.py:525 - <module>()] INFO: Waiting For the Dome to Open at Beginning of Night
2018-03-11T04:05:52 [main.py:525 - <module>()] INFO: Waiting For the Dome to Open at Beginning of Night
2018-03-11T04:06:53 [main.py:525 - <module>()] INFO: Waiting For the Dome to Open at Beginning of Night
2018-03-11T04:07:53 [main.py:525 - <module>()] INFO: Waiting For the Dome to Open at Beginning of Night
2018-03-11T04:08:54 [main.py:525 - <module>()] INFO: Waiting For the Dome to Open at Beginning of Night
2018-03-11T04:09:54 [main.py:525 - <module>()] INFO: Waiting For the Dome to Open at Beginning of Night
2018-03-11T04:10:55 [main.py:525 - <module>()] INFO: Waiting For the Dome to Open at Beginning of Night
2018-03-11T04:11:55 [main.py:525 - <module>()] INFO: Waiting For the Dome to Open at Beginning of Night
2018-03-11T04:12:56 [main.py:525 - <module>()] INFO: Waiting For the Dome to Open at Beginning of Night
2018-03-11T04:13:57 [main.py:525 - <module>()] INFO: Waiting For the Dome to Open at Beginning of Night
2018-03-11T04:14:57 [main.py:525 - <module>()] INFO: Waiting For the Dome to Open at Beginning of Night
2018-03-11T04:15:58 [main.py:525 - <module>()] INFO: Waiting For the Dome to Open at Beginning of Night
2018-03-11T04:16:58 [main.py:525 - <module>()] INFO: Waiting For the Dome to Open at Beginning of Night
2018-03-11T04:17:59 [main.py:525 - <module>()] INFO: Waiting For the Dome to Open at Beginning of Night
2018-03-11T04:18:59 [main.py:525 - <module>()] INFO: Waiting For the Dome to Open at Beginning of Night
2018-03-11T04:19:59 [main.py:525 - <module>()] INFO: Waiting For the Dome to Open at Beginning of Night
2018-03-11T04:21:00 [main.py:525 - <module>()] INFO: Waiting For the Dome to Open at Beginning of Night
2018-03-11T04:22:00 [main.py:525 - <module>()] INFO: Waiting For the Dome to Open at Beginning of Night
2018-03-11T04:23:01 [main.py:525 - <module>()] INFO: Waiting For the Dome to Open at Beginning of Night
2018-03-11T04:24:02 [main.py:525 - <module>()] INFO: Waiting For the Dome to Open at Beginning of Night
2018-03-11T04:25:02 [main.py:525 - <module>()] INFO: Waiting For the Dome to Open at Beginning of Night
2018-03-11T04:26:03 [main.py:525 - <module>()] INFO: Waiting For the Dome to Open at Beginning of Night
2018-03-11T04:27:03 [main.py:525 - <module>()] INFO: Waiting For the Dome to Open at Beginning of Night
2018-03-11T04:28:04 [main.py:525 - <module>()] INFO: Waiting For the Dome to Open at Beginning of Night
2018-03-11T04:29:05 [main.py:525 - <module>()] INFO: Waiting For the Dome to Open at Beginning of Night
2018-03-11T04:30:05 [main.py:525 - <module>()] INFO: Waiting For the Dome to Open at Beginning of Night
2018-03-11T04:31:05 [main.py:525 - <module>()] INFO: Waiting For the Dome to Open at Beginning of Night
2018-03-11T04:32:06 [main.py:525 - <module>()] INFO: Waiting For the Dome to Open at Beginning of Night
2018-03-11T04:33:06 [main.py:525 - <module>()] INFO: Waiting For the Dome to Open at Beginning of Night
2018-03-11T04:34:07 [main.py:525 - <module>()] INFO: Waiting For the Dome to Open at Beginning of Night
2018-03-11T04:35:07 [main.py:525 - <module>()] INFO: Waiting For the Dome to Open at Beginning of Night
2018-03-11T04:36:08 [main.py:525 - <module>()] INFO: Waiting For the Dome to Open at Beginning of Night
2018-03-11T04:37:09 [main.py:525 - <module>()] INFO: Waiting For the Dome to Open at Beginning of Night
2018-03-11T04:38:09 [main.py:525 - <module>()] INFO: Waiting For the Dome to Open at Beginning of Night
2018-03-11T04:39:10 [main.py:525 - <module>()] INFO: Waiting For the Dome to Open at Beginning of Night
2018-03-11T04:40:10 [main.py:525 - <module>()] INFO: Waiting For the Dome to Open at Beginning of Night
2018-03-11T04:41:11 [main.py:525 - <module>()] INFO: Waiting For the Dome to Open at Beginning of Night
2018-03-11T04:42:12 [main.py:525 - <module>()] INFO: Waiting For the Dome to Open at Beginning of Night
2018-03-11T04:43:12 [main.py:525 - <module>()] INFO: Waiting For the Dome to Open at Beginning of Night
2018-03-11T04:44:13 [main.py:525 - <module>()] INFO: Waiting For the Dome to Open at Beginning of Night
2018-03-11T04:45:13 [main.py:525 - <module>()] INFO: Waiting For the Dome to Open at Beginning of Night
2018-03-11T04:46:14 [main.py:525 - <module>()] INFO: Waiting For the Dome to Open at Beginning of Night
2018-03-11T04:47:15 [main.py:525 - <module>()] INFO: Waiting For the Dome to Open at Beginning of Night
2018-03-11T04:48:15 [main.py:525 - <module>()] INFO: Waiting For the Dome to Open at Beginning of Night
2018-03-11T04:49:16 [main.py:525 - <module>()] INFO: Waiting For the Dome to Open at Beginning of Night
2018-03-11T04:50:16 [main.py:525 - <module>()] INFO: Waiting For the Dome to Open at Beginning of Night
2018-03-11T04:51:17 [main.py:525 - <module>()] INFO: Waiting For the Dome to Open at Beginning of Night
2018-03-11T04:52:17 [main.py:525 - <module>()] INFO: Waiting For the Dome to Open at Beginning of Night
2018-03-11T04:53:18 [main.py:525 - <module>()] INFO: Waiting For the Dome to Open at Beginning of Night
2018-03-11T04:54:19 [main.py:525 - <module>()] INFO: Waiting For the Dome to Open at Beginning of Night
2018-03-11T04:55:19 [main.py:525 - <module>()] INFO: Waiting For the Dome to Open at Beginning of Night
2018-03-11T04:56:20 [main.py:525 - <module>()] INFO: Waiting For the Dome to Open at Beginning of Night
2018-03-11T04:57:20 [main.py:525 - <module>()] INFO: Waiting For the Dome to Open at Beginning of Night
2018-03-11T04:58:21 [main.py:525 - <module>()] INFO: Waiting For the Dome to Open at Beginning of Night
2018-03-11T04:59:21 [main.py:525 - <module>()] INFO: Waiting For the Dome to Open at Beginning of Night
2018-03-11T05:00:22 [main.py:525 - <module>()] INFO: Waiting For the Dome to Open at Beginning of Night
2018-03-11T05:01:23 [main.py:525 - <module>()] INFO: Waiting For the Dome to Open at Beginning of Night
2018-03-11T05:02:23 [main.py:525 - <module>()] INFO: Waiting For the Dome to Open at Beginning of Night
2018-03-11T05:03:24 [main.py:525 - <module>()] INFO: Waiting For the Dome to Open at Beginning of Night
2018-03-11T05:04:24 [main.py:525 - <module>()] INFO: Waiting For the Dome to Open at Beginning of Night
2018-03-11T05:05:25 [main.py:525 - <module>()] INFO: Waiting For the Dome to Open at Beginning of Night
2018-03-11T05:06:25 [main.py:525 - <module>()] INFO: Waiting For the Dome to Open at Beginning of Night
2018-03-11T05:07:26 [main.py:525 - <module>()] INFO: Waiting For the Dome to Open at Beginning of Night
2018-03-11T05:08:27 [main.py:525 - <module>()] INFO: Waiting For the Dome to Open at Beginning of Night
2018-03-11T05:09:27 [main.py:525 - <module>()] INFO: Waiting For the Dome to Open at Beginning of Night
2018-03-11T05:10:28 [main.py:525 - <module>()] INFO: Waiting For the Dome to Open at Beginning of Night
2018-03-11T05:11:28 [main.py:525 - <module>()] INFO: Waiting For the Dome to Open at Beginning of Night
2018-03-11T05:12:29 [main.py:525 - <module>()] INFO: Waiting For the Dome to Open at Beginning of Night
2018-03-11T05:13:29 [main.py:525 - <module>()] INFO: Waiting For the Dome to Open at Beginning of Night
2018-03-11T05:14:30 [main.py:525 - <module>()] INFO: Waiting For the Dome to Open at Beginning of Night
2018-03-11T05:15:31 [main.py:525 - <module>()] INFO: Waiting For the Dome to Open at Beginning of Night
2018-03-11T05:16:31 [main.py:525 - <module>()] INFO: Waiting For the Dome to Open at Beginning of Night
2018-03-11T05:17:32 [main.py:525 - <module>()] INFO: Waiting For the Dome to Open at Beginning of Night
2018-03-11T05:18:32 [main.py:525 - <module>()] INFO: Waiting For the Dome to Open at Beginning of Night
2018-03-11T05:19:33 [main.py:525 - <module>()] INFO: Waiting For the Dome to Open at Beginning of Night
2018-03-11T05:20:33 [main.py:525 - <module>()] INFO: Waiting For the Dome to Open at Beginning of Night
2018-03-11T05:21:34 [main.py:525 - <module>()] INFO: Waiting For the Dome to Open at Beginning of Night
2018-03-11T05:22:34 [main.py:525 - <module>()] INFO: Waiting For the Dome to Open at Beginning of Night
2018-03-11T05:23:35 [main.py:525 - <module>()] INFO: Waiting For the Dome to Open at Beginning of Night
2018-03-11T05:24:36 [main.py:525 - <module>()] INFO: Waiting For the Dome to Open at Beginning of Night
2018-03-11T05:25:36 [main.py:525 - <module>()] INFO: Waiting For the Dome to Open at Beginning of Night
2018-03-11T05:26:37 [main.py:525 - <module>()] INFO: Waiting For the Dome to Open at Beginning of Night
2018-03-11T05:27:37 [main.py:525 - <module>()] INFO: Waiting For the Dome to Open at Beginning of Night
2018-03-11T05:28:38 [main.py:525 - <module>()] INFO: Waiting For the Dome to Open at Beginning of Night
2018-03-11T05:29:38 [main.py:525 - <module>()] INFO: Waiting For the Dome to Open at Beginning of Night
2018-03-11T05:30:39 [main.py:525 - <module>()] INFO: Waiting For the Dome to Open at Beginning of Night
2018-03-11T05:31:40 [main.py:525 - <module>()] INFO: Waiting For the Dome to Open at Beginning of Night
2018-03-11T05:32:40 [main.py:525 - <module>()] INFO: Waiting For the Dome to Open at Beginning of Night
2018-03-11T05:33:41 [main.py:525 - <module>()] INFO: Waiting For the Dome to Open at Beginning of Night
2018-03-11T05:34:41 [main.py:525 - <module>()] INFO: Waiting For the Dome to Open at Beginning of Night
2018-03-11T05:35:42 [main.py:525 - <module>()] INFO: Waiting For the Dome to Open at Beginning of Night
2018-03-11T05:36:42 [main.py:525 - <module>()] INFO: Waiting For the Dome to Open at Beginning of Night
2018-03-11T05:37:43 [main.py:525 - <module>()] INFO: Waiting For the Dome to Open at Beginning of Night
2018-03-11T05:38:44 [main.py:525 - <module>()] INFO: Waiting For the Dome to Open at Beginning of Night
2018-03-11T05:39:44 [main.py:525 - <module>()] INFO: Waiting For the Dome to Open at Beginning of Night
2018-03-11T05:40:45 [main.py:525 - <module>()] INFO: Waiting For the Dome to Open at Beginning of Night
2018-03-11T05:41:45 [main.py:525 - <module>()] INFO: Waiting For the Dome to Open at Beginning of Night
2018-03-11T05:42:46 [main.py:525 - <module>()] INFO: Waiting For the Dome to Open at Beginning of Night
2018-03-11T05:43:47 [main.py:525 - <module>()] INFO: Waiting For the Dome to Open at Beginning of Night
2018-03-11T05:44:47 [main.py:525 - <module>()] INFO: Waiting For the Dome to Open at Beginning of Night
2018-03-11T05:45:47 [main.py:525 - <module>()] INFO: Waiting For the Dome to Open at Beginning of Night
2018-03-11T05:46:48 [main.py:525 - <module>()] INFO: Waiting For the Dome to Open at Beginning of Night
2018-03-11T05:47:49 [main.py:525 - <module>()] INFO: Waiting For the Dome to Open at Beginning of Night
2018-03-11T05:48:49 [main.py:525 - <module>()] INFO: Waiting For the Dome to Open at Beginning of Night
2018-03-11T05:49:50 [main.py:525 - <module>()] INFO: Waiting For the Dome to Open at Beginning of Night
2018-03-11T05:50:50 [main.py:525 - <module>()] INFO: Waiting For the Dome to Open at Beginning of Night
2018-03-11T05:51:51 [main.py:525 - <module>()] INFO: Waiting For the Dome to Open at Beginning of Night
2018-03-11T05:52:51 [main.py:525 - <module>()] INFO: Waiting For the Dome to Open at Beginning of Night
2018-03-11T05:53:52 [main.py:525 - <module>()] INFO: Waiting For the Dome to Open at Beginning of Night
2018-03-11T05:54:53 [main.py:525 - <module>()] INFO: Waiting For the Dome to Open at Beginning of Night
2018-03-11T05:55:53 [main.py:525 - <module>()] INFO: Waiting For the Dome to Open at Beginning of Night
2018-03-11T05:56:54 [main.py:525 - <module>()] INFO: Waiting For the Dome to Open at Beginning of Night
2018-03-11T05:57:55 [main.py:525 - <module>()] INFO: Waiting For the Dome to Open at Beginning of Night
2018-03-11T05:58:55 [main.py:525 - <module>()] INFO: Waiting For the Dome to Open at Beginning of Night
2018-03-11T05:59:56 [main.py:525 - <module>()] INFO: Waiting For the Dome to Open at Beginning of Night
2018-03-11T06:00:56 [main.py:525 - <module>()] INFO: Waiting For the Dome to Open at Beginning of Night
2018-03-11T06:01:57 [main.py:525 - <module>()] INFO: Waiting For the Dome to Open at Beginning of Night
2018-03-11T06:02:58 [main.py:525 - <module>()] INFO: Waiting For the Dome to Open at Beginning of Night
2018-03-11T06:03:58 [main.py:525 - <module>()] INFO: Waiting For the Dome to Open at Beginning of Night
2018-03-11T06:04:59 [main.py:525 - <module>()] INFO: Waiting For the Dome to Open at Beginning of Night
2018-03-11T06:05:59 [main.py:525 - <module>()] INFO: Waiting For the Dome to Open at Beginning of Night
2018-03-11T06:07:00 [main.py:525 - <module>()] INFO: Waiting For the Dome to Open at Beginning of Night
2018-03-11T06:08:00 [main.py:525 - <module>()] INFO: Waiting For the Dome to Open at Beginning of Night
2018-03-11T06:09:00 [main.py:525 - <module>()] INFO: Waiting For the Dome to Open at Beginning of Night
2018-03-11T06:10:01 [main.py:525 - <module>()] INFO: Waiting For the Dome to Open at Beginning of Night
2018-03-11T06:11:02 [main.py:525 - <module>()] INFO: Waiting For the Dome to Open at Beginning of Night
2018-03-11T06:12:02 [main.py:525 - <module>()] INFO: Waiting For the Dome to Open at Beginning of Night
2018-03-11T06:13:03 [main.py:525 - <module>()] INFO: Waiting For the Dome to Open at Beginning of Night
2018-03-11T06:14:03 [main.py:525 - <module>()] INFO: Waiting For the Dome to Open at Beginning of Night
2018-03-11T06:15:04 [main.py:525 - <module>()] INFO: Waiting For the Dome to Open at Beginning of Night
2018-03-11T06:16:04 [main.py:525 - <module>()] INFO: Waiting For the Dome to Open at Beginning of Night
2018-03-11T06:17:05 [main.py:525 - <module>()] INFO: Waiting For the Dome to Open at Beginning of Night
2018-03-11T06:18:06 [main.py:525 - <module>()] INFO: Waiting For the Dome to Open at Beginning of Night
2018-03-11T06:19:06 [main.py:525 - <module>()] INFO: Waiting For the Dome to Open at Beginning of Night
2018-03-11T06:20:07 [main.py:525 - <module>()] INFO: Waiting For the Dome to Open at Beginning of Night
2018-03-11T06:21:07 [main.py:525 - <module>()] INFO: Waiting For the Dome to Open at Beginning of Night
2018-03-11T06:22:08 [main.py:525 - <module>()] INFO: Waiting For the Dome to Open at Beginning of Night
2018-03-11T06:23:08 [main.py:525 - <module>()] INFO: Waiting For the Dome to Open at Beginning of Night
2018-03-11T06:24:09 [main.py:525 - <module>()] INFO: Waiting For the Dome to Open at Beginning of Night
2018-03-11T06:25:09 [main.py:525 - <module>()] INFO: Waiting For the Dome to Open at Beginning of Night
2018-03-11T06:26:10 [main.py:525 - <module>()] INFO: Waiting For the Dome to Open at Beginning of Night
2018-03-11T06:27:10 [main.py:525 - <module>()] INFO: Waiting For the Dome to Open at Beginning of Night
2018-03-11T06:28:11 [main.py:525 - <module>()] INFO: Waiting For the Dome to Open at Beginning of Night
2018-03-11T06:29:12 [main.py:525 - <module>()] INFO: Waiting For the Dome to Open at Beginning of Night
2018-03-11T06:30:12 [main.py:525 - <module>()] INFO: Waiting For the Dome to Open at Beginning of Night
2018-03-11T06:31:13 [main.py:525 - <module>()] INFO: Waiting For the Dome to Open at Beginning of Night
2018-03-11T06:32:13 [main.py:525 - <module>()] INFO: Waiting For the Dome to Open at Beginning of Night
2018-03-11T06:33:14 [main.py:525 - <module>()] INFO: Waiting For the Dome to Open at Beginning of Night
2018-03-11T06:34:15 [main.py:525 - <module>()] INFO: Waiting For the Dome to Open at Beginning of Night
2018-03-11T06:35:15 [main.py:525 - <module>()] INFO: Waiting For the Dome to Open at Beginning of Night
2018-03-11T06:36:16 [main.py:525 - <module>()] INFO: Waiting For the Dome to Open at Beginning of Night
2018-03-11T06:37:16 [main.py:525 - <module>()] INFO: Waiting For the Dome to Open at Beginning of Night
2018-03-11T06:38:17 [main.py:525 - <module>()] INFO: Waiting For the Dome to Open at Beginning of Night
2018-03-11T06:39:17 [main.py:525 - <module>()] INFO: Waiting For the Dome to Open at Beginning of Night
2018-03-11T06:40:18 [main.py:525 - <module>()] INFO: Waiting For the Dome to Open at Beginning of Night
2018-03-11T06:41:18 [main.py:525 - <module>()] INFO: Waiting For the Dome to Open at Beginning of Night
2018-03-11T06:42:19 [main.py:525 - <module>()] INFO: Waiting For the Dome to Open at Beginning of Night
2018-03-11T06:43:20 [main.py:525 - <module>()] INFO: Waiting For the Dome to Open at Beginning of Night
2018-03-11T06:44:20 [main.py:525 - <module>()] INFO: Waiting For the Dome to Open at Beginning of Night
2018-03-11T06:45:21 [main.py:525 - <module>()] INFO: Waiting For the Dome to Open at Beginning of Night
2018-03-11T06:46:21 [main.py:525 - <module>()] INFO: Waiting For the Dome to Open at Beginning of Night
2018-03-11T06:47:22 [main.py:525 - <module>()] INFO: Waiting For the Dome to Open at Beginning of Night
2018-03-11T06:48:22 [main.py:525 - <module>()] INFO: Waiting For the Dome to Open at Beginning of Night
2018-03-11T06:49:23 [main.py:525 - <module>()] INFO: Waiting For the Dome to Open at Beginning of Night
2018-03-11T06:50:23 [main.py:525 - <module>()] INFO: Waiting For the Dome to Open at Beginning of Night
2018-03-11T06:51:24 [main.py:525 - <module>()] INFO: Waiting For the Dome to Open at Beginning of Night
2018-03-11T06:52:24 [main.py:525 - <module>()] INFO: Waiting For the Dome to Open at Beginning of Night
2018-03-11T06:53:25 [main.py:525 - <module>()] INFO: Waiting For the Dome to Open at Beginning of Night
2018-03-11T06:54:25 [main.py:525 - <module>()] INFO: Waiting For the Dome to Open at Beginning of Night
2018-03-11T06:55:26 [main.py:525 - <module>()] INFO: Waiting For the Dome to Open at Beginning of Night
2018-03-11T06:56:26 [main.py:525 - <module>()] INFO: Waiting For the Dome to Open at Beginning of Night
2018-03-11T06:57:27 [main.py:525 - <module>()] INFO: Waiting For the Dome to Open at Beginning of Night
2018-03-11T06:58:28 [main.py:525 - <module>()] INFO: Waiting For the Dome to Open at Beginning of Night
2018-03-11T06:59:28 [main.py:525 - <module>()] INFO: Waiting For the Dome to Open at Beginning of Night
2018-03-11T07:00:29 [main.py:525 - <module>()] INFO: Waiting For the Dome to Open at Beginning of Night
2018-03-11T07:01:29 [main.py:525 - <module>()] INFO: Waiting For the Dome to Open at Beginning of Night
2018-03-11T07:02:30 [main.py:525 - <module>()] INFO: Waiting For the Dome to Open at Beginning of Night
2018-03-11T07:03:30 [main.py:525 - <module>()] INFO: Waiting For the Dome to Open at Beginning of Night
2018-03-11T07:04:31 [main.py:525 - <module>()] INFO: Waiting For the Dome to Open at Beginning of Night
2018-03-11T07:05:32 [main.py:525 - <module>()] INFO: Waiting For the Dome to Open at Beginning of Night
2018-03-11T07:06:32 [main.py:525 - <module>()] INFO: Waiting For the Dome to Open at Beginning of Night
2018-03-11T07:07:33 [main.py:525 - <module>()] INFO: Waiting For the Dome to Open at Beginning of Night
2018-03-11T07:08:33 [main.py:525 - <module>()] INFO: Waiting For the Dome to Open at Beginning of Night
2018-03-11T07:09:34 [main.py:525 - <module>()] INFO: Waiting For the Dome to Open at Beginning of Night
2018-03-11T07:10:34 [main.py:525 - <module>()] INFO: Waiting For the Dome to Open at Beginning of Night
2018-03-11T07:11:35 [main.py:525 - <module>()] INFO: Waiting For the Dome to Open at Beginning of Night
2018-03-11T07:12:36 [main.py:525 - <module>()] INFO: Waiting For the Dome to Open at Beginning of Night
2018-03-11T07:13:36 [main.py:525 - <module>()] INFO: Waiting For the Dome to Open at Beginning of Night
2018-03-11T07:14:37 [main.py:525 - <module>()] INFO: Waiting For the Dome to Open at Beginning of Night
2018-03-11T07:15:37 [main.py:525 - <module>()] INFO: Waiting For the Dome to Open at Beginning of Night
2018-03-11T07:16:38 [main.py:525 - <module>()] INFO: Waiting For the Dome to Open at Beginning of Night
2018-03-11T07:17:38 [main.py:525 - <module>()] INFO: Waiting For the Dome to Open at Beginning of Night
2018-03-11T07:18:39 [main.py:525 - <module>()] INFO: Waiting For the Dome to Open at Beginning of Night
2018-03-11T07:19:39 [main.py:525 - <module>()] INFO: Waiting For the Dome to Open at Beginning of Night
2018-03-11T07:20:40 [main.py:525 - <module>()] INFO: Waiting For the Dome to Open at Beginning of Night
2018-03-11T07:21:41 [main.py:525 - <module>()] INFO: Waiting For the Dome to Open at Beginning of Night
2018-03-11T07:22:41 [main.py:525 - <module>()] INFO: Waiting For the Dome to Open at Beginning of Night
2018-03-11T07:23:42 [main.py:525 - <module>()] INFO: Waiting For the Dome to Open at Beginning of Night
2018-03-11T07:24:42 [main.py:525 - <module>()] INFO: Waiting For the Dome to Open at Beginning of Night
2018-03-11T07:25:43 [main.py:525 - <module>()] INFO: Waiting For the Dome to Open at Beginning of Night
2018-03-11T07:26:44 [main.py:525 - <module>()] INFO: Waiting For the Dome to Open at Beginning of Night
2018-03-11T07:27:44 [main.py:525 - <module>()] INFO: Waiting For the Dome to Open at Beginning of Night
2018-03-11T07:28:45 [main.py:525 - <module>()] INFO: Waiting For the Dome to Open at Beginning of Night
2018-03-11T07:29:45 [main.py:525 - <module>()] INFO: Waiting For the Dome to Open at Beginning of Night
2018-03-11T07:30:46 [main.py:525 - <module>()] INFO: Waiting For the Dome to Open at Beginning of Night
2018-03-11T07:31:46 [main.py:525 - <module>()] INFO: Waiting For the Dome to Open at Beginning of Night
2018-03-11T07:32:47 [main.py:525 - <module>()] INFO: Waiting For the Dome to Open at Beginning of Night
2018-03-11T07:33:47 [main.py:525 - <module>()] INFO: Waiting For the Dome to Open at Beginning of Night
2018-03-11T07:34:48 [main.py:525 - <module>()] INFO: Waiting For the Dome to Open at Beginning of Night
2018-03-11T07:35:49 [main.py:525 - <module>()] INFO: Waiting For the Dome to Open at Beginning of Night
2018-03-11T07:36:49 [main.py:525 - <module>()] INFO: Waiting For the Dome to Open at Beginning of Night
2018-03-11T07:37:50 [main.py:525 - <module>()] INFO: Waiting For the Dome to Open at Beginning of Night
2018-03-11T07:38:50 [main.py:525 - <module>()] INFO: Waiting For the Dome to Open at Beginning of Night
2018-03-11T07:39:51 [main.py:525 - <module>()] INFO: Waiting For the Dome to Open at Beginning of Night
2018-03-11T07:40:51 [main.py:525 - <module>()] INFO: Waiting For the Dome to Open at Beginning of Night
2018-03-11T07:41:52 [main.py:525 - <module>()] INFO: Waiting For the Dome to Open at Beginning of Night
2018-03-11T07:42:53 [main.py:525 - <module>()] INFO: Waiting For the Dome to Open at Beginning of Night
2018-03-11T07:43:53 [main.py:525 - <module>()] INFO: Waiting For the Dome to Open at Beginning of Night
2018-03-11T07:44:54 [main.py:525 - <module>()] INFO: Waiting For the Dome to Open at Beginning of Night
2018-03-11T07:45:54 [main.py:525 - <module>()] INFO: Waiting For the Dome to Open at Beginning of Night
2018-03-11T07:46:55 [main.py:525 - <module>()] INFO: Waiting For the Dome to Open at Beginning of Night
2018-03-11T07:47:56 [main.py:525 - <module>()] INFO: Waiting For the Dome to Open at Beginning of Night
2018-03-11T07:48:56 [main.py:525 - <module>()] INFO: Waiting For the Dome to Open at Beginning of Night
2018-03-11T07:49:57 [main.py:525 - <module>()] INFO: Waiting For the Dome to Open at Beginning of Night
2018-03-11T07:50:57 [main.py:525 - <module>()] INFO: Waiting For the Dome to Open at Beginning of Night
2018-03-11T07:51:58 [main.py:525 - <module>()] INFO: Waiting For the Dome to Open at Beginning of Night
2018-03-11T07:52:58 [main.py:525 - <module>()] INFO: Waiting For the Dome to Open at Beginning of Night
2018-03-11T07:53:59 [main.py:525 - <module>()] INFO: Waiting For the Dome to Open at Beginning of Night
2018-03-11T07:54:59 [main.py:525 - <module>()] INFO: Waiting For the Dome to Open at Beginning of Night
2018-03-11T07:55:59 [main.py:525 - <module>()] INFO: Waiting For the Dome to Open at Beginning of Night
2018-03-11T07:57:00 [main.py:525 - <module>()] INFO: Waiting For the Dome to Open at Beginning of Night
2018-03-11T07:58:00 [main.py:525 - <module>()] INFO: Waiting For the Dome to Open at Beginning of Night
2018-03-11T07:59:01 [main.py:525 - <module>()] INFO: Waiting For the Dome to Open at Beginning of Night
2018-03-11T08:00:01 [main.py:525 - <module>()] INFO: Waiting For the Dome to Open at Beginning of Night
2018-03-11T08:01:02 [main.py:525 - <module>()] INFO: Waiting For the Dome to Open at Beginning of Night
2018-03-11T08:02:02 [main.py:525 - <module>()] INFO: Waiting For the Dome to Open at Beginning of Night
2018-03-11T08:03:03 [main.py:525 - <module>()] INFO: Waiting For the Dome to Open at Beginning of Night
2018-03-11T08:04:04 [main.py:525 - <module>()] INFO: Waiting For the Dome to Open at Beginning of Night
2018-03-11T08:05:04 [main.py:525 - <module>()] INFO: Waiting For the Dome to Open at Beginning of Night
2018-03-11T08:06:05 [main.py:525 - <module>()] INFO: Waiting For the Dome to Open at Beginning of Night
2018-03-11T08:07:05 [main.py:525 - <module>()] INFO: Waiting For the Dome to Open at Beginning of Night
2018-03-11T08:08:06 [main.py:525 - <module>()] INFO: Waiting For the Dome to Open at Beginning of Night
2018-03-11T08:09:06 [main.py:525 - <module>()] INFO: Waiting For the Dome to Open at Beginning of Night
2018-03-11T08:10:07 [main.py:525 - <module>()] INFO: Waiting For the Dome to Open at Beginning of Night
2018-03-11T08:11:08 [main.py:525 - <module>()] INFO: Waiting For the Dome to Open at Beginning of Night
2018-03-11T08:12:08 [main.py:525 - <module>()] INFO: Waiting For the Dome to Open at Beginning of Night
2018-03-11T08:13:09 [main.py:525 - <module>()] INFO: Waiting For the Dome to Open at Beginning of Night
2018-03-11T08:14:09 [main.py:525 - <module>()] INFO: Waiting For the Dome to Open at Beginning of Night
2018-03-11T08:15:10 [main.py:525 - <module>()] INFO: Waiting For the Dome to Open at Beginning of Night
2018-03-11T08:16:10 [main.py:525 - <module>()] INFO: Waiting For the Dome to Open at Beginning of Night
2018-03-11T08:17:11 [main.py:525 - <module>()] INFO: Waiting For the Dome to Open at Beginning of Night
2018-03-11T08:18:11 [main.py:525 - <module>()] INFO: Waiting For the Dome to Open at Beginning of Night
2018-03-11T08:19:12 [main.py:525 - <module>()] INFO: Waiting For the Dome to Open at Beginning of Night
2018-03-11T08:20:12 [main.py:525 - <module>()] INFO: Waiting For the Dome to Open at Beginning of Night
2018-03-11T08:21:13 [main.py:525 - <module>()] INFO: Waiting For the Dome to Open at Beginning of Night
2018-03-11T08:22:13 [main.py:525 - <module>()] INFO: Waiting For the Dome to Open at Beginning of Night
2018-03-11T08:23:14 [main.py:525 - <module>()] INFO: Waiting For the Dome to Open at Beginning of Night
2018-03-11T08:24:15 [main.py:525 - <module>()] INFO: Waiting For the Dome to Open at Beginning of Night
2018-03-11T08:25:15 [main.py:525 - <module>()] INFO: Waiting For the Dome to Open at Beginning of Night
2018-03-11T08:26:16 [main.py:525 - <module>()] INFO: Waiting For the Dome to Open at Beginning of Night
2018-03-11T08:27:16 [main.py:525 - <module>()] INFO: Waiting For the Dome to Open at Beginning of Night
2018-03-11T08:28:17 [main.py:525 - <module>()] INFO: Waiting For the Dome to Open at Beginning of Night
2018-03-11T08:29:18 [main.py:525 - <module>()] INFO: Waiting For the Dome to Open at Beginning of Night
2018-03-11T08:30:18 [main.py:525 - <module>()] INFO: Waiting For the Dome to Open at Beginning of Night
2018-03-11T08:31:19 [main.py:525 - <module>()] INFO: Waiting For the Dome to Open at Beginning of Night
2018-03-11T08:32:19 [main.py:525 - <module>()] INFO: Waiting For the Dome to Open at Beginning of Night
2018-03-11T08:33:20 [main.py:525 - <module>()] INFO: Waiting For the Dome to Open at Beginning of Night
2018-03-11T08:34:20 [main.py:525 - <module>()] INFO: Waiting For the Dome to Open at Beginning of Night
2018-03-11T08:35:21 [main.py:525 - <module>()] INFO: Waiting For the Dome to Open at Beginning of Night
2018-03-11T08:36:22 [main.py:525 - <module>()] INFO: Waiting For the Dome to Open at Beginning of Night
2018-03-11T08:37:22 [main.py:525 - <module>()] INFO: Waiting For the Dome to Open at Beginning of Night
2018-03-11T08:38:22 [main.py:525 - <module>()] INFO: Waiting For the Dome to Open at Beginning of Night
2018-03-11T08:39:23 [main.py:525 - <module>()] INFO: Waiting For the Dome to Open at Beginning of Night
2018-03-11T08:40:24 [main.py:525 - <module>()] INFO: Waiting For the Dome to Open at Beginning of Night
2018-03-11T08:41:24 [main.py:525 - <module>()] INFO: Waiting For the Dome to Open at Beginning of Night
2018-03-11T08:42:25 [main.py:525 - <module>()] INFO: Waiting For the Dome to Open at Beginning of Night
2018-03-11T08:43:26 [main.py:525 - <module>()] INFO: Waiting For the Dome to Open at Beginning of Night
2018-03-11T08:44:26 [main.py:525 - <module>()] INFO: Waiting For the Dome to Open at Beginning of Night
2018-03-11T08:45:27 [main.py:525 - <module>()] INFO: Waiting For the Dome to Open at Beginning of Night
2018-03-11T08:46:27 [main.py:525 - <module>()] INFO: Waiting For the Dome to Open at Beginning of Night
2018-03-11T08:47:28 [main.py:525 - <module>()] INFO: Waiting For the Dome to Open at Beginning of Night
2018-03-11T08:48:29 [main.py:525 - <module>()] INFO: Waiting For the Dome to Open at Beginning of Night
2018-03-11T08:49:29 [main.py:525 - <module>()] INFO: Waiting For the Dome to Open at Beginning of Night
2018-03-11T08:50:30 [main.py:525 - <module>()] INFO: Waiting For the Dome to Open at Beginning of Night
2018-03-11T08:51:30 [main.py:525 - <module>()] INFO: Waiting For the Dome to Open at Beginning of Night
2018-03-11T08:52:31 [main.py:525 - <module>()] INFO: Waiting For the Dome to Open at Beginning of Night
2018-03-11T08:53:31 [main.py:525 - <module>()] INFO: Waiting For the Dome to Open at Beginning of Night
2018-03-11T08:54:32 [main.py:525 - <module>()] INFO: Waiting For the Dome to Open at Beginning of Night
2018-03-11T08:55:32 [main.py:525 - <module>()] INFO: Waiting For the Dome to Open at Beginning of Night
2018-03-11T08:56:33 [main.py:525 - <module>()] INFO: Waiting For the Dome to Open at Beginning of Night
2018-03-11T08:57:33 [main.py:525 - <module>()] INFO: Waiting For the Dome to Open at Beginning of Night
2018-03-11T08:58:34 [main.py:525 - <module>()] INFO: Waiting For the Dome to Open at Beginning of Night
2018-03-11T08:59:34 [main.py:525 - <module>()] INFO: Waiting For the Dome to Open at Beginning of Night
2018-03-11T09:00:35 [main.py:525 - <module>()] INFO: Waiting For the Dome to Open at Beginning of Night
2018-03-11T09:01:35 [main.py:525 - <module>()] INFO: Waiting For the Dome to Open at Beginning of Night
2018-03-11T09:02:36 [main.py:525 - <module>()] INFO: Waiting For the Dome to Open at Beginning of Night
2018-03-11T09:03:37 [main.py:525 - <module>()] INFO: Waiting For the Dome to Open at Beginning of Night
2018-03-11T09:04:37 [main.py:525 - <module>()] INFO: Waiting For the Dome to Open at Beginning of Night
2018-03-11T09:05:38 [main.py:525 - <module>()] INFO: Waiting For the Dome to Open at Beginning of Night
2018-03-11T09:06:38 [main.py:525 - <module>()] INFO: Waiting For the Dome to Open at Beginning of Night
2018-03-11T09:07:39 [main.py:525 - <module>()] INFO: Waiting For the Dome to Open at Beginning of Night
2018-03-11T09:08:40 [main.py:525 - <module>()] INFO: Waiting For the Dome to Open at Beginning of Night
2018-03-11T09:09:40 [main.py:525 - <module>()] INFO: Waiting For the Dome to Open at Beginning of Night
2018-03-11T09:10:41 [main.py:525 - <module>()] INFO: Waiting For the Dome to Open at Beginning of Night
2018-03-11T09:11:41 [main.py:525 - <module>()] INFO: Waiting For the Dome to Open at Beginning of Night
2018-03-11T09:12:42 [main.py:525 - <module>()] INFO: Waiting For the Dome to Open at Beginning of Night
2018-03-11T09:13:43 [main.py:525 - <module>()] INFO: Waiting For the Dome to Open at Beginning of Night
2018-03-11T09:14:43 [main.py:525 - <module>()] INFO: Waiting For the Dome to Open at Beginning of Night
2018-03-11T09:15:44 [main.py:525 - <module>()] INFO: Waiting For the Dome to Open at Beginning of Night
2018-03-11T09:16:44 [main.py:525 - <module>()] INFO: Waiting For the Dome to Open at Beginning of Night
2018-03-11T09:17:45 [main.py:525 - <module>()] INFO: Waiting For the Dome to Open at Beginning of Night
2018-03-11T09:18:46 [main.py:525 - <module>()] INFO: Waiting For the Dome to Open at Beginning of Night
2018-03-11T09:19:46 [main.py:525 - <module>()] INFO: Waiting For the Dome to Open at Beginning of Night
2018-03-11T09:20:47 [main.py:525 - <module>()] INFO: Waiting For the Dome to Open at Beginning of Night
2018-03-11T09:21:47 [main.py:525 - <module>()] INFO: Waiting For the Dome to Open at Beginning of Night
2018-03-11T09:22:48 [main.py:525 - <module>()] INFO: Waiting For the Dome to Open at Beginning of Night
2018-03-11T09:23:49 [main.py:525 - <module>()] INFO: Waiting For the Dome to Open at Beginning of Night
2018-03-11T09:24:49 [main.py:525 - <module>()] INFO: Waiting For the Dome to Open at Beginning of Night
2018-03-11T09:25:50 [main.py:525 - <module>()] INFO: Waiting For the Dome to Open at Beginning of Night
2018-03-11T09:26:51 [main.py:525 - <module>()] INFO: Waiting For the Dome to Open at Beginning of Night
2018-03-11T09:27:51 [main.py:525 - <module>()] INFO: Waiting For the Dome to Open at Beginning of Night
2018-03-11T09:28:52 [main.py:525 - <module>()] INFO: Waiting For the Dome to Open at Beginning of Night
2018-03-11T09:29:52 [main.py:525 - <module>()] INFO: Waiting For the Dome to Open at Beginning of Night
2018-03-11T09:30:53 [main.py:525 - <module>()] INFO: Waiting For the Dome to Open at Beginning of Night
2018-03-11T09:31:53 [main.py:525 - <module>()] INFO: Waiting For the Dome to Open at Beginning of Night
2018-03-11T09:32:54 [main.py:525 - <module>()] INFO: Waiting For the Dome to Open at Beginning of Night
2018-03-11T09:33:54 [main.py:525 - <module>()] INFO: Waiting For the Dome to Open at Beginning of Night
2018-03-11T09:34:55 [main.py:525 - <module>()] INFO: Waiting For the Dome to Open at Beginning of Night
2018-03-11T09:35:56 [main.py:525 - <module>()] INFO: Waiting For the Dome to Open at Beginning of Night
2018-03-11T09:36:56 [main.py:525 - <module>()] INFO: Waiting For the Dome to Open at Beginning of Night
2018-03-11T09:37:57 [main.py:525 - <module>()] INFO: Waiting For the Dome to Open at Beginning of Night
2018-03-11T09:38:57 [main.py:525 - <module>()] INFO: Waiting For the Dome to Open at Beginning of Night
2018-03-11T09:39:58 [main.py:525 - <module>()] INFO: Waiting For the Dome to Open at Beginning of Night
2018-03-11T09:40:58 [main.py:525 - <module>()] INFO: Waiting For the Dome to Open at Beginning of Night
2018-03-11T09:41:59 [main.py:525 - <module>()] INFO: Waiting For the Dome to Open at Beginning of Night
2018-03-11T09:43:00 [main.py:525 - <module>()] INFO: Waiting For the Dome to Open at Beginning of Night
2018-03-11T09:44:00 [main.py:525 - <module>()] INFO: Waiting For the Dome to Open at Beginning of Night
2018-03-11T09:45:01 [main.py:525 - <module>()] INFO: Waiting For the Dome to Open at Beginning of Night
2018-03-11T09:46:01 [main.py:525 - <module>()] INFO: Waiting For the Dome to Open at Beginning of Night
2018-03-11T09:47:02 [main.py:525 - <module>()] INFO: Waiting For the Dome to Open at Beginning of Night
2018-03-11T09:48:02 [main.py:525 - <module>()] INFO: Waiting For the Dome to Open at Beginning of Night
2018-03-11T09:49:03 [main.py:525 - <module>()] INFO: Waiting For the Dome to Open at Beginning of Night
2018-03-11T09:50:04 [main.py:525 - <module>()] INFO: Waiting For the Dome to Open at Beginning of Night
2018-03-11T09:51:04 [main.py:525 - <module>()] INFO: Waiting For the Dome to Open at Beginning of Night
2018-03-11T09:52:05 [main.py:525 - <module>()] INFO: Waiting For the Dome to Open at Beginning of Night
2018-03-11T09:53:05 [main.py:525 - <module>()] INFO: Waiting For the Dome to Open at Beginning of Night
2018-03-11T09:54:06 [main.py:525 - <module>()] INFO: Waiting For the Dome to Open at Beginning of Night
2018-03-11T09:55:06 [main.py:525 - <module>()] INFO: Waiting For the Dome to Open at Beginning of Night
2018-03-11T09:56:07 [main.py:525 - <module>()] INFO: Waiting For the Dome to Open at Beginning of Night
2018-03-11T09:57:08 [main.py:525 - <module>()] INFO: Waiting For the Dome to Open at Beginning of Night
2018-03-11T09:58:08 [main.py:525 - <module>()] INFO: Waiting For the Dome to Open at Beginning of Night
2018-03-11T09:59:09 [main.py:525 - <module>()] INFO: Waiting For the Dome to Open at Beginning of Night
2018-03-11T10:00:09 [main.py:525 - <module>()] INFO: Waiting For the Dome to Open at Beginning of Night
2018-03-11T10:01:10 [main.py:525 - <module>()] INFO: Waiting For the Dome to Open at Beginning of Night
2018-03-11T10:02:10 [main.py:525 - <module>()] INFO: Waiting For the Dome to Open at Beginning of Night
2018-03-11T10:03:11 [main.py:525 - <module>()] INFO: Waiting For the Dome to Open at Beginning of Night
2018-03-11T10:04:11 [main.py:525 - <module>()] INFO: Waiting For the Dome to Open at Beginning of Night
2018-03-11T10:05:12 [main.py:525 - <module>()] INFO: Waiting For the Dome to Open at Beginning of Night
2018-03-11T10:06:13 [main.py:525 - <module>()] INFO: Waiting For the Dome to Open at Beginning of Night
2018-03-11T10:07:13 [main.py:525 - <module>()] INFO: Waiting For the Dome to Open at Beginning of Night
2018-03-11T10:08:14 [main.py:525 - <module>()] INFO: Waiting For the Dome to Open at Beginning of Night
2018-03-11T10:09:14 [main.py:525 - <module>()] INFO: Waiting For the Dome to Open at Beginning of Night
2018-03-11T10:10:15 [main.py:525 - <module>()] INFO: Waiting For the Dome to Open at Beginning of Night
2018-03-11T10:11:16 [main.py:525 - <module>()] INFO: Waiting For the Dome to Open at Beginning of Night
2018-03-11T10:12:16 [main.py:525 - <module>()] INFO: Waiting For the Dome to Open at Beginning of Night
2018-03-11T10:13:17 [main.py:525 - <module>()] INFO: Waiting For the Dome to Open at Beginning of Night
2018-03-11T10:14:17 [main.py:525 - <module>()] INFO: Waiting For the Dome to Open at Beginning of Night
2018-03-11T10:15:18 [main.py:525 - <module>()] INFO: Waiting For the Dome to Open at Beginning of Night
2018-03-11T10:16:18 [main.py:525 - <module>()] INFO: Waiting For the Dome to Open at Beginning of Night
2018-03-11T10:17:19 [main.py:525 - <module>()] INFO: Waiting For the Dome to Open at Beginning of Night
2018-03-11T10:18:20 [main.py:525 - <module>()] INFO: Waiting For the Dome to Open at Beginning of Night
2018-03-11T10:19:20 [main.py:525 - <module>()] INFO: Waiting For the Dome to Open at Beginning of Night
2018-03-11T10:20:21 [main.py:525 - <module>()] INFO: Waiting For the Dome to Open at Beginning of Night
2018-03-11T10:21:21 [main.py:525 - <module>()] INFO: Waiting For the Dome to Open at Beginning of Night
2018-03-11T10:22:22 [main.py:525 - <module>()] INFO: Waiting For the Dome to Open at Beginning of Night
2018-03-11T10:23:23 [main.py:525 - <module>()] INFO: Waiting For the Dome to Open at Beginning of Night
2018-03-11T10:24:23 [main.py:525 - <module>()] INFO: Waiting For the Dome to Open at Beginning of Night
2018-03-11T10:25:24 [main.py:525 - <module>()] INFO: Waiting For the Dome to Open at Beginning of Night
2018-03-11T10:26:24 [main.py:525 - <module>()] INFO: Waiting For the Dome to Open at Beginning of Night
2018-03-11T10:27:25 [main.py:525 - <module>()] INFO: Waiting For the Dome to Open at Beginning of Night
2018-03-11T10:28:25 [main.py:525 - <module>()] INFO: Waiting For the Dome to Open at Beginning of Night
2018-03-11T10:29:26 [main.py:525 - <module>()] INFO: Waiting For the Dome to Open at Beginning of Night
2018-03-11T10:30:27 [main.py:525 - <module>()] INFO: Waiting For the Dome to Open at Beginning of Night
2018-03-11T10:31:27 [main.py:525 - <module>()] INFO: Waiting For the Dome to Open at Beginning of Night
2018-03-11T10:32:28 [main.py:525 - <module>()] INFO: Waiting For the Dome to Open at Beginning of Night
2018-03-11T10:33:28 [main.py:525 - <module>()] INFO: Waiting For the Dome to Open at Beginning of Night
2018-03-11T10:34:29 [main.py:525 - <module>()] INFO: Waiting For the Dome to Open at Beginning of Night
2018-03-11T10:35:29 [main.py:525 - <module>()] INFO: Waiting For the Dome to Open at Beginning of Night
2018-03-11T10:36:30 [main.py:525 - <module>()] INFO: Waiting For the Dome to Open at Beginning of Night
2018-03-11T10:37:30 [main.py:525 - <module>()] INFO: Waiting For the Dome to Open at Beginning of Night
2018-03-11T10:38:31 [main.py:525 - <module>()] INFO: Waiting For the Dome to Open at Beginning of Night
2018-03-11T10:39:31 [main.py:525 - <module>()] INFO: Waiting For the Dome to Open at Beginning of Night
2018-03-11T10:40:32 [main.py:525 - <module>()] INFO: Waiting For the Dome to Open at Beginning of Night
2018-03-11T10:41:32 [main.py:525 - <module>()] INFO: Waiting For the Dome to Open at Beginning of Night
2018-03-11T10:42:33 [main.py:525 - <module>()] INFO: Waiting For the Dome to Open at Beginning of Night
2018-03-11T10:43:34 [main.py:525 - <module>()] INFO: Waiting For the Dome to Open at Beginning of Night
2018-03-11T10:44:34 [main.py:525 - <module>()] INFO: Waiting For the Dome to Open at Beginning of Night
2018-03-11T10:45:35 [main.py:525 - <module>()] INFO: Waiting For the Dome to Open at Beginning of Night
2018-03-11T10:46:35 [main.py:525 - <module>()] INFO: Waiting For the Dome to Open at Beginning of Night
2018-03-11T10:47:36 [main.py:525 - <module>()] INFO: Waiting For the Dome to Open at Beginning of Night
2018-03-11T10:48:36 [main.py:525 - <module>()] INFO: Waiting For the Dome to Open at Beginning of Night
2018-03-11T10:49:37 [main.py:525 - <module>()] INFO: Waiting For the Dome to Open at Beginning of Night
2018-03-11T10:50:38 [main.py:525 - <module>()] INFO: Waiting For the Dome to Open at Beginning of Night
2018-03-11T10:51:38 [main.py:525 - <module>()] INFO: Waiting For the Dome to Open at Beginning of Night
2018-03-11T10:52:39 [main.py:525 - <module>()] INFO: Waiting For the Dome to Open at Beginning of Night
2018-03-11T10:53:39 [main.py:525 - <module>()] INFO: Waiting For the Dome to Open at Beginning of Night
2018-03-11T10:54:40 [main.py:525 - <module>()] INFO: Waiting For the Dome to Open at Beginning of Night
2018-03-11T10:55:41 [main.py:525 - <module>()] INFO: Waiting For the Dome to Open at Beginning of Night
2018-03-11T10:56:41 [main.py:525 - <module>()] INFO: Waiting For the Dome to Open at Beginning of Night
2018-03-11T10:57:42 [main.py:525 - <module>()] INFO: Waiting For the Dome to Open at Beginning of Night
2018-03-11T10:58:43 [main.py:525 - <module>()] INFO: Waiting For the Dome to Open at Beginning of Night
2018-03-11T10:59:43 [main.py:525 - <module>()] INFO: Waiting For the Dome to Open at Beginning of Night
2018-03-11T11:00:44 [main.py:525 - <module>()] INFO: Waiting For the Dome to Open at Beginning of Night
2018-03-11T11:01:44 [main.py:525 - <module>()] INFO: Waiting For the Dome to Open at Beginning of Night
2018-03-11T11:02:45 [main.py:525 - <module>()] INFO: Waiting For the Dome to Open at Beginning of Night
2018-03-11T11:03:45 [main.py:525 - <module>()] INFO: Waiting For the Dome to Open at Beginning of Night
2018-03-11T11:04:46 [main.py:525 - <module>()] INFO: Waiting For the Dome to Open at Beginning of Night
2018-03-11T11:05:46 [main.py:525 - <module>()] INFO: Waiting For the Dome to Open at Beginning of Night
2018-03-11T11:06:47 [main.py:525 - <module>()] INFO: Waiting For the Dome to Open at Beginning of Night
2018-03-11T11:07:48 [main.py:525 - <module>()] INFO: Waiting For the Dome to Open at Beginning of Night
2018-03-11T11:08:48 [main.py:525 - <module>()] INFO: Waiting For the Dome to Open at Beginning of Night
2018-03-11T11:09:48 [main.py:525 - <module>()] INFO: Waiting For the Dome to Open at Beginning of Night
2018-03-11T11:10:49 [main.py:525 - <module>()] INFO: Waiting For the Dome to Open at Beginning of Night
2018-03-11T11:11:50 [main.py:525 - <module>()] INFO: Waiting For the Dome to Open at Beginning of Night
2018-03-11T11:12:50 [main.py:525 - <module>()] INFO: Waiting For the Dome to Open at Beginning of Night
2018-03-11T11:13:51 [main.py:525 - <module>()] INFO: Waiting For the Dome to Open at Beginning of Night
2018-03-11T11:14:51 [main.py:525 - <module>()] INFO: Waiting For the Dome to Open at Beginning of Night
2018-03-11T11:15:51 [main.py:525 - <module>()] INFO: Waiting For the Dome to Open at Beginning of Night
2018-03-11T11:16:52 [main.py:525 - <module>()] INFO: Waiting For the Dome to Open at Beginning of Night
2018-03-11T11:17:53 [main.py:525 - <module>()] INFO: Waiting For the Dome to Open at Beginning of Night
2018-03-11T11:18:53 [main.py:525 - <module>()] INFO: Waiting For the Dome to Open at Beginning of Night
2018-03-11T11:19:54 [main.py:525 - <module>()] INFO: Waiting For the Dome to Open at Beginning of Night
2018-03-11T11:20:54 [main.py:525 - <module>()] INFO: Waiting For the Dome to Open at Beginning of Night
2018-03-11T11:21:55 [main.py:525 - <module>()] INFO: Waiting For the Dome to Open at Beginning of Night
2018-03-11T11:22:55 [main.py:525 - <module>()] INFO: Waiting For the Dome to Open at Beginning of Night
2018-03-11T11:23:56 [main.py:525 - <module>()] INFO: Waiting For the Dome to Open at Beginning of Night
2018-03-11T11:24:56 [main.py:525 - <module>()] INFO: Waiting For the Dome to Open at Beginning of Night
2018-03-11T11:25:57 [main.py:525 - <module>()] INFO: Waiting For the Dome to Open at Beginning of Night
2018-03-11T11:26:57 [main.py:525 - <module>()] INFO: Waiting For the Dome to Open at Beginning of Night
2018-03-11T11:27:58 [main.py:525 - <module>()] INFO: Waiting For the Dome to Open at Beginning of Night
2018-03-11T11:28:58 [main.py:525 - <module>()] INFO: Waiting For the Dome to Open at Beginning of Night
2018-03-11T11:29:59 [main.py:525 - <module>()] INFO: Waiting For the Dome to Open at Beginning of Night
2018-03-11T11:30:59 [main.py:525 - <module>()] INFO: Waiting For the Dome to Open at Beginning of Night
2018-03-11T11:32:00 [main.py:525 - <module>()] INFO: Waiting For the Dome to Open at Beginning of Night
2018-03-11T11:33:00 [main.py:525 - <module>()] INFO: Waiting For the Dome to Open at Beginning of Night
2018-03-11T11:34:01 [main.py:525 - <module>()] INFO: Waiting For the Dome to Open at Beginning of Night
2018-03-11T11:35:02 [main.py:525 - <module>()] INFO: Waiting For the Dome to Open at Beginning of Night
2018-03-11T11:36:02 [main.py:525 - <module>()] INFO: Waiting For the Dome to Open at Beginning of Night
2018-03-11T11:37:03 [main.py:525 - <module>()] INFO: Waiting For the Dome to Open at Beginning of Night
2018-03-11T11:38:03 [main.py:525 - <module>()] INFO: Waiting For the Dome to Open at Beginning of Night
2018-03-11T11:39:04 [main.py:525 - <module>()] INFO: Waiting For the Dome to Open at Beginning of Night
2018-03-11T11:40:04 [main.py:525 - <module>()] INFO: Waiting For the Dome to Open at Beginning of Night
2018-03-11T11:41:05 [main.py:525 - <module>()] INFO: Waiting For the Dome to Open at Beginning of Night
2018-03-11T11:42:06 [main.py:525 - <module>()] INFO: Waiting For the Dome to Open at Beginning of Night
2018-03-11T11:43:06 [main.py:525 - <module>()] INFO: Waiting For the Dome to Open at Beginning of Night
2018-03-11T11:44:07 [main.py:525 - <module>()] INFO: Waiting For the Dome to Open at Beginning of Night
2018-03-11T11:45:07 [main.py:525 - <module>()] INFO: Waiting For the Dome to Open at Beginning of Night
2018-03-11T11:46:08 [main.py:525 - <module>()] INFO: Waiting For the Dome to Open at Beginning of Night
2018-03-11T11:47:08 [main.py:525 - <module>()] INFO: Waiting For the Dome to Open at Beginning of Night
2018-03-11T11:48:09 [main.py:525 - <module>()] INFO: Waiting For the Dome to Open at Beginning of Night
2018-03-11T11:49:10 [main.py:525 - <module>()] INFO: Waiting For the Dome to Open at Beginning of Night
2018-03-11T11:50:10 [main.py:525 - <module>()] INFO: Waiting For the Dome to Open at Beginning of Night
2018-03-11T11:51:11 [main.py:525 - <module>()] INFO: Waiting For the Dome to Open at Beginning of Night
2018-03-11T11:52:11 [main.py:525 - <module>()] INFO: Waiting For the Dome to Open at Beginning of Night
2018-03-11T11:53:12 [main.py:525 - <module>()] INFO: Waiting For the Dome to Open at Beginning of Night
2018-03-11T11:54:13 [main.py:525 - <module>()] INFO: Waiting For the Dome to Open at Beginning of Night
2018-03-11T11:55:13 [main.py:525 - <module>()] INFO: Waiting For the Dome to Open at Beginning of Night
2018-03-11T11:56:14 [main.py:525 - <module>()] INFO: Waiting For the Dome to Open at Beginning of Night
2018-03-11T11:57:14 [main.py:525 - <module>()] INFO: Waiting For the Dome to Open at Beginning of Night
2018-03-11T11:58:15 [main.py:525 - <module>()] INFO: Waiting For the Dome to Open at Beginning of Night
2018-03-11T11:59:15 [main.py:525 - <module>()] INFO: Waiting For the Dome to Open at Beginning of Night
2018-03-11T12:00:16 [main.py:525 - <module>()] INFO: Waiting For the Dome to Open at Beginning of Night
2018-03-11T12:01:16 [main.py:525 - <module>()] INFO: Waiting For the Dome to Open at Beginning of Night
2018-03-11T12:02:17 [main.py:525 - <module>()] INFO: Waiting For the Dome to Open at Beginning of Night
2018-03-11T12:03:17 [main.py:525 - <module>()] INFO: Waiting For the Dome to Open at Beginning of Night
2018-03-11T12:04:18 [main.py:525 - <module>()] INFO: Waiting For the Dome to Open at Beginning of Night
2018-03-11T12:05:18 [main.py:525 - <module>()] INFO: Waiting For the Dome to Open at Beginning of Night
2018-03-11T12:06:19 [main.py:525 - <module>()] INFO: Waiting For the Dome to Open at Beginning of Night
2018-03-11T12:07:20 [main.py:525 - <module>()] INFO: Waiting For the Dome to Open at Beginning of Night
2018-03-11T12:08:20 [main.py:525 - <module>()] INFO: Waiting For the Dome to Open at Beginning of Night
2018-03-11T12:09:21 [main.py:525 - <module>()] INFO: Waiting For the Dome to Open at Beginning of Night
2018-03-11T12:10:21 [main.py:525 - <module>()] INFO: Waiting For the Dome to Open at Beginning of Night
2018-03-11T12:11:22 [main.py:525 - <module>()] INFO: Waiting For the Dome to Open at Beginning of Night
2018-03-11T12:12:23 [main.py:525 - <module>()] INFO: Waiting For the Dome to Open at Beginning of Night
2018-03-11T12:13:23 [main.py:525 - <module>()] INFO: Waiting For the Dome to Open at Beginning of Night
2018-03-11T12:14:24 [main.py:525 - <module>()] INFO: Waiting For the Dome to Open at Beginning of Night
2018-03-11T12:15:24 [main.py:525 - <module>()] INFO: Waiting For the Dome to Open at Beginning of Night
2018-03-11T12:16:25 [main.py:525 - <module>()] INFO: Waiting For the Dome to Open at Beginning of Night
2018-03-11T12:17:26 [main.py:525 - <module>()] INFO: Waiting For the Dome to Open at Beginning of Night
2018-03-11T12:18:26 [main.py:525 - <module>()] INFO: Waiting For the Dome to Open at Beginning of Night
2018-03-11T12:19:27 [main.py:525 - <module>()] INFO: Waiting For the Dome to Open at Beginning of Night
2018-03-11T12:20:27 [main.py:525 - <module>()] INFO: Waiting For the Dome to Open at Beginning of Night
2018-03-11T12:21:28 [main.py:525 - <module>()] INFO: Waiting For the Dome to Open at Beginning of Night
2018-03-11T12:22:28 [main.py:525 - <module>()] INFO: Waiting For the Dome to Open at Beginning of Night
2018-03-11T12:23:29 [main.py:525 - <module>()] INFO: Waiting For the Dome to Open at Beginning of Night
2018-03-11T12:24:29 [main.py:525 - <module>()] INFO: Waiting For the Dome to Open at Beginning of Night
2018-03-11T12:25:30 [main.py:525 - <module>()] INFO: Waiting For the Dome to Open at Beginning of Night
2018-03-11T12:26:30 [main.py:525 - <module>()] INFO: Waiting For the Dome to Open at Beginning of Night
2018-03-11T12:27:31 [main.py:525 - <module>()] INFO: Waiting For the Dome to Open at Beginning of Night
2018-03-11T12:28:32 [main.py:525 - <module>()] INFO: Waiting For the Dome to Open at Beginning of Night
2018-03-11T12:29:32 [main.py:525 - <module>()] INFO: Waiting For the Dome to Open at Beginning of Night
2018-03-11T12:30:33 [main.py:525 - <module>()] INFO: Waiting For the Dome to Open at Beginning of Night
2018-03-11T12:31:33 [main.py:525 - <module>()] INFO: Waiting For the Dome to Open at Beginning of Night
2018-03-11T12:32:33 [main.py:525 - <module>()] INFO: Waiting For the Dome to Open at Beginning of Night
2018-03-11T12:33:34 [main.py:525 - <module>()] INFO: Waiting For the Dome to Open at Beginning of Night
2018-03-11T12:34:35 [main.py:525 - <module>()] INFO: Waiting For the Dome to Open at Beginning of Night
2018-03-11T12:35:35 [main.py:525 - <module>()] INFO: Waiting For the Dome to Open at Beginning of Night
2018-03-11T12:36:36 [main.py:525 - <module>()] INFO: Waiting For the Dome to Open at Beginning of Night
2018-03-11T12:36:36 [main.py:532 - <module>()] INFO: Past Nautical Twilight. Should close up
2018-03-11T12:36:36 [main.py:580 - <module>()] INFO: End Night
2018-03-11T12:36:36 [main.py:33 - endNight()] INFO: Parking/Disconnection from Telescope
2018-03-11T12:37:31 [main.py:38 - endNight()] INFO: Compressing data
2018-03-11T12:37:31 [main.py:43 - endNight()] INFO: Disconnecting imager
2018-03-11T12:37:56 [main.py:49 - endNight()] INFO: Backing Up data
2018-03-11T12:37:56 [main.py:55 - endNight()] INFO: Copying schedule file from ./schedule/n20180311 to C:/camal/data/n20180311/
2018-03-11T12:37:56 [main.py:62 - endNight()] INFO: Copying log file ./logs/n20180311\main.log to C:/camal/data/n20180311/
2018-03-11T12:38:00 [main.py:591 - <module>()] INFO: Updating Reduction File list
