2017-11-20T00:48:46 [main.py:499 - <module>()] INFO: Taking 30 Biases
2017-11-20T00:48:46 [main.py:163 - doDark()] INFO: Taking BIAS 1 of 30 (exptime = 0)
2017-11-20T00:48:46 [main.py:227 - takeImage()] INFO: Taking 0 second image
2017-11-20T00:48:48 [main.py:248 - takeImage()] INFO: Saving image: C:/camal/data/n20171120//0001BIAS.0.fits
2017-11-20T00:48:48 [main.py:163 - doDark()] INFO: Taking BIAS 2 of 30 (exptime = 0)
2017-11-20T00:48:48 [main.py:227 - takeImage()] INFO: Taking 0 second image
2017-11-20T00:48:49 [main.py:248 - takeImage()] INFO: Saving image: C:/camal/data/n20171120//0002BIAS.0.fits
2017-11-20T00:48:49 [main.py:163 - doDark()] INFO: Taking BIAS 3 of 30 (exptime = 0)
2017-11-20T00:48:49 [main.py:227 - takeImage()] INFO: Taking 0 second image
2017-11-20T00:48:50 [main.py:248 - takeImage()] INFO: Saving image: C:/camal/data/n20171120//0003BIAS.0.fits
2017-11-20T00:48:50 [main.py:163 - doDark()] INFO: Taking BIAS 4 of 30 (exptime = 0)
2017-11-20T00:48:50 [main.py:227 - takeImage()] INFO: Taking 0 second image
2017-11-20T00:48:51 [main.py:248 - takeImage()] INFO: Saving image: C:/camal/data/n20171120//0004BIAS.0.fits
2017-11-20T00:48:51 [main.py:163 - doDark()] INFO: Taking BIAS 5 of 30 (exptime = 0)
2017-11-20T00:48:51 [main.py:227 - takeImage()] INFO: Taking 0 second image
2017-11-20T00:48:53 [main.py:248 - takeImage()] INFO: Saving image: C:/camal/data/n20171120//0005BIAS.0.fits
2017-11-20T00:48:53 [main.py:163 - doDark()] INFO: Taking BIAS 6 of 30 (exptime = 0)
2017-11-20T00:48:53 [main.py:227 - takeImage()] INFO: Taking 0 second image
2017-11-20T00:48:54 [main.py:248 - takeImage()] INFO: Saving image: C:/camal/data/n20171120//0006BIAS.0.fits
2017-11-20T00:48:54 [main.py:163 - doDark()] INFO: Taking BIAS 7 of 30 (exptime = 0)
2017-11-20T00:48:54 [main.py:227 - takeImage()] INFO: Taking 0 second image
2017-11-20T00:48:55 [main.py:248 - takeImage()] INFO: Saving image: C:/camal/data/n20171120//0007BIAS.0.fits
2017-11-20T00:48:55 [main.py:163 - doDark()] INFO: Taking BIAS 8 of 30 (exptime = 0)
2017-11-20T00:48:55 [main.py:227 - takeImage()] INFO: Taking 0 second image
2017-11-20T00:48:56 [main.py:248 - takeImage()] INFO: Saving image: C:/camal/data/n20171120//0008BIAS.0.fits
2017-11-20T00:48:56 [main.py:163 - doDark()] INFO: Taking BIAS 9 of 30 (exptime = 0)
2017-11-20T00:48:56 [main.py:227 - takeImage()] INFO: Taking 0 second image
2017-11-20T00:48:57 [main.py:248 - takeImage()] INFO: Saving image: C:/camal/data/n20171120//0009BIAS.0.fits
2017-11-20T00:48:57 [main.py:163 - doDark()] INFO: Taking BIAS 10 of 30 (exptime = 0)
2017-11-20T00:48:57 [main.py:227 - takeImage()] INFO: Taking 0 second image
2017-11-20T00:48:59 [main.py:248 - takeImage()] INFO: Saving image: C:/camal/data/n20171120//0010BIAS.0.fits
2017-11-20T00:48:59 [main.py:163 - doDark()] INFO: Taking BIAS 11 of 30 (exptime = 0)
2017-11-20T00:48:59 [main.py:227 - takeImage()] INFO: Taking 0 second image
2017-11-20T00:49:00 [main.py:248 - takeImage()] INFO: Saving image: C:/camal/data/n20171120//0011BIAS.0.fits
2017-11-20T00:49:00 [main.py:163 - doDark()] INFO: Taking BIAS 12 of 30 (exptime = 0)
2017-11-20T00:49:00 [main.py:227 - takeImage()] INFO: Taking 0 second image
2017-11-20T00:49:01 [main.py:248 - takeImage()] INFO: Saving image: C:/camal/data/n20171120//0012BIAS.0.fits
2017-11-20T00:49:01 [main.py:163 - doDark()] INFO: Taking BIAS 13 of 30 (exptime = 0)
2017-11-20T00:49:01 [main.py:227 - takeImage()] INFO: Taking 0 second image
2017-11-20T00:49:02 [main.py:248 - takeImage()] INFO: Saving image: C:/camal/data/n20171120//0013BIAS.0.fits
2017-11-20T00:49:02 [main.py:163 - doDark()] INFO: Taking BIAS 14 of 30 (exptime = 0)
2017-11-20T00:49:02 [main.py:227 - takeImage()] INFO: Taking 0 second image
2017-11-20T00:49:04 [main.py:248 - takeImage()] INFO: Saving image: C:/camal/data/n20171120//0014BIAS.0.fits
2017-11-20T00:49:04 [main.py:163 - doDark()] INFO: Taking BIAS 15 of 30 (exptime = 0)
2017-11-20T00:49:04 [main.py:227 - takeImage()] INFO: Taking 0 second image
2017-11-20T00:49:05 [main.py:248 - takeImage()] INFO: Saving image: C:/camal/data/n20171120//0015BIAS.0.fits
2017-11-20T00:49:05 [main.py:163 - doDark()] INFO: Taking BIAS 16 of 30 (exptime = 0)
2017-11-20T00:49:05 [main.py:227 - takeImage()] INFO: Taking 0 second image
2017-11-20T00:49:06 [main.py:248 - takeImage()] INFO: Saving image: C:/camal/data/n20171120//0016BIAS.0.fits
2017-11-20T00:49:06 [main.py:163 - doDark()] INFO: Taking BIAS 17 of 30 (exptime = 0)
2017-11-20T00:49:06 [main.py:227 - takeImage()] INFO: Taking 0 second image
2017-11-20T00:49:07 [main.py:248 - takeImage()] INFO: Saving image: C:/camal/data/n20171120//0017BIAS.0.fits
2017-11-20T00:49:07 [main.py:163 - doDark()] INFO: Taking BIAS 18 of 30 (exptime = 0)
2017-11-20T00:49:07 [main.py:227 - takeImage()] INFO: Taking 0 second image
2017-11-20T00:49:08 [main.py:248 - takeImage()] INFO: Saving image: C:/camal/data/n20171120//0018BIAS.0.fits
2017-11-20T00:49:08 [main.py:163 - doDark()] INFO: Taking BIAS 19 of 30 (exptime = 0)
2017-11-20T00:49:08 [main.py:227 - takeImage()] INFO: Taking 0 second image
2017-11-20T00:49:10 [main.py:248 - takeImage()] INFO: Saving image: C:/camal/data/n20171120//0019BIAS.0.fits
2017-11-20T00:49:10 [main.py:163 - doDark()] INFO: Taking BIAS 20 of 30 (exptime = 0)
2017-11-20T00:49:10 [main.py:227 - takeImage()] INFO: Taking 0 second image
2017-11-20T00:49:11 [main.py:248 - takeImage()] INFO: Saving image: C:/camal/data/n20171120//0020BIAS.0.fits
2017-11-20T00:49:11 [main.py:163 - doDark()] INFO: Taking BIAS 21 of 30 (exptime = 0)
2017-11-20T00:49:11 [main.py:227 - takeImage()] INFO: Taking 0 second image
2017-11-20T00:49:12 [main.py:248 - takeImage()] INFO: Saving image: C:/camal/data/n20171120//0021BIAS.0.fits
2017-11-20T00:49:12 [main.py:163 - doDark()] INFO: Taking BIAS 22 of 30 (exptime = 0)
2017-11-20T00:49:12 [main.py:227 - takeImage()] INFO: Taking 0 second image
2017-11-20T00:49:13 [main.py:248 - takeImage()] INFO: Saving image: C:/camal/data/n20171120//0022BIAS.0.fits
2017-11-20T00:49:13 [main.py:163 - doDark()] INFO: Taking BIAS 23 of 30 (exptime = 0)
2017-11-20T00:49:13 [main.py:227 - takeImage()] INFO: Taking 0 second image
2017-11-20T00:49:14 [main.py:248 - takeImage()] INFO: Saving image: C:/camal/data/n20171120//0023BIAS.0.fits
2017-11-20T00:49:14 [main.py:163 - doDark()] INFO: Taking BIAS 24 of 30 (exptime = 0)
2017-11-20T00:49:14 [main.py:227 - takeImage()] INFO: Taking 0 second image
2017-11-20T00:49:16 [main.py:248 - takeImage()] INFO: Saving image: C:/camal/data/n20171120//0024BIAS.0.fits
2017-11-20T00:49:16 [main.py:163 - doDark()] INFO: Taking BIAS 25 of 30 (exptime = 0)
2017-11-20T00:49:16 [main.py:227 - takeImage()] INFO: Taking 0 second image
2017-11-20T00:49:17 [main.py:248 - takeImage()] INFO: Saving image: C:/camal/data/n20171120//0025BIAS.0.fits
2017-11-20T00:49:17 [main.py:163 - doDark()] INFO: Taking BIAS 26 of 30 (exptime = 0)
2017-11-20T00:49:17 [main.py:227 - takeImage()] INFO: Taking 0 second image
2017-11-20T00:49:18 [main.py:248 - takeImage()] INFO: Saving image: C:/camal/data/n20171120//0026BIAS.0.fits
2017-11-20T00:49:18 [main.py:163 - doDark()] INFO: Taking BIAS 27 of 30 (exptime = 0)
2017-11-20T00:49:18 [main.py:227 - takeImage()] INFO: Taking 0 second image
2017-11-20T00:49:19 [main.py:248 - takeImage()] INFO: Saving image: C:/camal/data/n20171120//0027BIAS.0.fits
2017-11-20T00:49:19 [main.py:163 - doDark()] INFO: Taking BIAS 28 of 30 (exptime = 0)
2017-11-20T00:49:19 [main.py:227 - takeImage()] INFO: Taking 0 second image
2017-11-20T00:49:20 [main.py:248 - takeImage()] INFO: Saving image: C:/camal/data/n20171120//0028BIAS.0.fits
2017-11-20T00:49:20 [main.py:163 - doDark()] INFO: Taking BIAS 29 of 30 (exptime = 0)
2017-11-20T00:49:20 [main.py:227 - takeImage()] INFO: Taking 0 second image
2017-11-20T00:49:22 [main.py:248 - takeImage()] INFO: Saving image: C:/camal/data/n20171120//0029BIAS.0.fits
2017-11-20T00:49:22 [main.py:163 - doDark()] INFO: Taking BIAS 30 of 30 (exptime = 0)
2017-11-20T00:49:22 [main.py:227 - takeImage()] INFO: Taking 0 second image
2017-11-20T00:49:23 [main.py:248 - takeImage()] INFO: Saving image: C:/camal/data/n20171120//0030BIAS.0.fits
2017-11-20T00:49:23 [main.py:505 - <module>()] INFO: Waiting for nautical twilight to end (1712.731192seconds)
2017-11-20T01:17:56 [main.py:510 - <module>()] INFO: Making Schedule
2017-11-20T01:17:56 [main.py:525 - <module>()] INFO: Waiting For the Dome to Open at Beginning of Night
2017-11-20T01:18:56 [main.py:525 - <module>()] INFO: Waiting For the Dome to Open at Beginning of Night
2017-11-20T01:19:57 [main.py:525 - <module>()] INFO: Waiting For the Dome to Open at Beginning of Night
2017-11-20T01:20:57 [main.py:525 - <module>()] INFO: Waiting For the Dome to Open at Beginning of Night
2017-11-20T01:21:57 [main.py:525 - <module>()] INFO: Waiting For the Dome to Open at Beginning of Night
2017-11-20T01:22:57 [main.py:525 - <module>()] INFO: Waiting For the Dome to Open at Beginning of Night
2017-11-20T01:23:58 [main.py:525 - <module>()] INFO: Waiting For the Dome to Open at Beginning of Night
2017-11-20T01:24:58 [main.py:525 - <module>()] INFO: Waiting For the Dome to Open at Beginning of Night
2017-11-20T01:25:58 [main.py:525 - <module>()] INFO: Waiting For the Dome to Open at Beginning of Night
2017-11-20T01:26:58 [main.py:525 - <module>()] INFO: Waiting For the Dome to Open at Beginning of Night
2017-11-20T01:27:59 [main.py:525 - <module>()] INFO: Waiting For the Dome to Open at Beginning of Night
2017-11-20T01:28:59 [main.py:525 - <module>()] INFO: Waiting For the Dome to Open at Beginning of Night
2017-11-20T01:29:59 [main.py:525 - <module>()] INFO: Waiting For the Dome to Open at Beginning of Night
2017-11-20T01:30:59 [main.py:525 - <module>()] INFO: Waiting For the Dome to Open at Beginning of Night
2017-11-20T01:32:00 [main.py:525 - <module>()] INFO: Waiting For the Dome to Open at Beginning of Night
2017-11-20T01:33:00 [main.py:525 - <module>()] INFO: Waiting For the Dome to Open at Beginning of Night
2017-11-20T01:34:00 [main.py:525 - <module>()] INFO: Waiting For the Dome to Open at Beginning of Night
2017-11-20T01:35:00 [main.py:525 - <module>()] INFO: Waiting For the Dome to Open at Beginning of Night
2017-11-20T01:36:01 [main.py:525 - <module>()] INFO: Waiting For the Dome to Open at Beginning of Night
2017-11-20T01:37:01 [main.py:525 - <module>()] INFO: Waiting For the Dome to Open at Beginning of Night
2017-11-20T01:38:01 [main.py:525 - <module>()] INFO: Waiting For the Dome to Open at Beginning of Night
2017-11-20T01:39:01 [main.py:525 - <module>()] INFO: Waiting For the Dome to Open at Beginning of Night
2017-11-20T01:40:02 [main.py:525 - <module>()] INFO: Waiting For the Dome to Open at Beginning of Night
2017-11-20T01:41:02 [main.py:525 - <module>()] INFO: Waiting For the Dome to Open at Beginning of Night
2017-11-20T01:42:02 [main.py:525 - <module>()] INFO: Waiting For the Dome to Open at Beginning of Night
2017-11-20T01:43:02 [main.py:525 - <module>()] INFO: Waiting For the Dome to Open at Beginning of Night
2017-11-20T01:44:03 [main.py:525 - <module>()] INFO: Waiting For the Dome to Open at Beginning of Night
2017-11-20T01:45:03 [main.py:525 - <module>()] INFO: Waiting For the Dome to Open at Beginning of Night
2017-11-20T01:46:03 [main.py:525 - <module>()] INFO: Waiting For the Dome to Open at Beginning of Night
2017-11-20T01:47:03 [main.py:525 - <module>()] INFO: Waiting For the Dome to Open at Beginning of Night
2017-11-20T01:48:04 [main.py:525 - <module>()] INFO: Waiting For the Dome to Open at Beginning of Night
2017-11-20T01:49:04 [main.py:525 - <module>()] INFO: Waiting For the Dome to Open at Beginning of Night
2017-11-20T01:50:04 [main.py:525 - <module>()] INFO: Waiting For the Dome to Open at Beginning of Night
2017-11-20T01:51:04 [main.py:525 - <module>()] INFO: Waiting For the Dome to Open at Beginning of Night
2017-11-20T01:52:05 [main.py:525 - <module>()] INFO: Waiting For the Dome to Open at Beginning of Night
2017-11-20T01:53:05 [main.py:525 - <module>()] INFO: Waiting For the Dome to Open at Beginning of Night
2017-11-20T01:54:05 [main.py:525 - <module>()] INFO: Waiting For the Dome to Open at Beginning of Night
2017-11-20T01:55:05 [main.py:525 - <module>()] INFO: Waiting For the Dome to Open at Beginning of Night
2017-11-20T01:56:06 [main.py:525 - <module>()] INFO: Waiting For the Dome to Open at Beginning of Night
2017-11-20T01:57:06 [main.py:525 - <module>()] INFO: Waiting For the Dome to Open at Beginning of Night
2017-11-20T01:58:06 [main.py:525 - <module>()] INFO: Waiting For the Dome to Open at Beginning of Night
2017-11-20T01:59:06 [main.py:525 - <module>()] INFO: Waiting For the Dome to Open at Beginning of Night
2017-11-20T02:00:07 [main.py:525 - <module>()] INFO: Waiting For the Dome to Open at Beginning of Night
2017-11-20T02:01:07 [main.py:525 - <module>()] INFO: Waiting For the Dome to Open at Beginning of Night
2017-11-20T02:02:07 [main.py:525 - <module>()] INFO: Waiting For the Dome to Open at Beginning of Night
2017-11-20T02:03:08 [main.py:525 - <module>()] INFO: Waiting For the Dome to Open at Beginning of Night
2017-11-20T02:04:08 [main.py:525 - <module>()] INFO: Waiting For the Dome to Open at Beginning of Night
2017-11-20T02:05:08 [main.py:525 - <module>()] INFO: Waiting For the Dome to Open at Beginning of Night
2017-11-20T02:06:08 [main.py:525 - <module>()] INFO: Waiting For the Dome to Open at Beginning of Night
2017-11-20T02:07:09 [main.py:525 - <module>()] INFO: Waiting For the Dome to Open at Beginning of Night
2017-11-20T02:08:09 [main.py:525 - <module>()] INFO: Waiting For the Dome to Open at Beginning of Night
2017-11-20T02:09:09 [main.py:525 - <module>()] INFO: Waiting For the Dome to Open at Beginning of Night
2017-11-20T02:10:09 [main.py:525 - <module>()] INFO: Waiting For the Dome to Open at Beginning of Night
2017-11-20T02:11:10 [main.py:525 - <module>()] INFO: Waiting For the Dome to Open at Beginning of Night
2017-11-20T02:12:10 [main.py:525 - <module>()] INFO: Waiting For the Dome to Open at Beginning of Night
2017-11-20T02:13:10 [main.py:525 - <module>()] INFO: Waiting For the Dome to Open at Beginning of Night
2017-11-20T02:14:10 [main.py:525 - <module>()] INFO: Waiting For the Dome to Open at Beginning of Night
2017-11-20T02:15:11 [main.py:525 - <module>()] INFO: Waiting For the Dome to Open at Beginning of Night
2017-11-20T02:16:11 [main.py:525 - <module>()] INFO: Waiting For the Dome to Open at Beginning of Night
2017-11-20T02:17:11 [main.py:525 - <module>()] INFO: Waiting For the Dome to Open at Beginning of Night
2017-11-20T02:18:11 [main.py:525 - <module>()] INFO: Waiting For the Dome to Open at Beginning of Night
2017-11-20T02:19:12 [main.py:525 - <module>()] INFO: Waiting For the Dome to Open at Beginning of Night
2017-11-20T02:20:12 [main.py:525 - <module>()] INFO: Waiting For the Dome to Open at Beginning of Night
2017-11-20T02:21:12 [main.py:525 - <module>()] INFO: Waiting For the Dome to Open at Beginning of Night
2017-11-20T02:22:12 [main.py:525 - <module>()] INFO: Waiting For the Dome to Open at Beginning of Night
2017-11-20T02:23:13 [main.py:525 - <module>()] INFO: Waiting For the Dome to Open at Beginning of Night
2017-11-20T02:24:13 [main.py:525 - <module>()] INFO: Waiting For the Dome to Open at Beginning of Night
2017-11-20T02:25:13 [main.py:525 - <module>()] INFO: Waiting For the Dome to Open at Beginning of Night
2017-11-20T02:26:13 [main.py:525 - <module>()] INFO: Waiting For the Dome to Open at Beginning of Night
2017-11-20T02:27:14 [main.py:525 - <module>()] INFO: Waiting For the Dome to Open at Beginning of Night
2017-11-20T02:28:14 [main.py:525 - <module>()] INFO: Waiting For the Dome to Open at Beginning of Night
2017-11-20T02:29:14 [main.py:525 - <module>()] INFO: Waiting For the Dome to Open at Beginning of Night
2017-11-20T02:30:14 [main.py:525 - <module>()] INFO: Waiting For the Dome to Open at Beginning of Night
2017-11-20T02:31:15 [main.py:525 - <module>()] INFO: Waiting For the Dome to Open at Beginning of Night
2017-11-20T02:32:15 [main.py:525 - <module>()] INFO: Waiting For the Dome to Open at Beginning of Night
2017-11-20T02:33:15 [main.py:525 - <module>()] INFO: Waiting For the Dome to Open at Beginning of Night
2017-11-20T02:34:15 [main.py:525 - <module>()] INFO: Waiting For the Dome to Open at Beginning of Night
2017-11-20T02:35:16 [main.py:525 - <module>()] INFO: Waiting For the Dome to Open at Beginning of Night
2017-11-20T02:36:16 [main.py:525 - <module>()] INFO: Waiting For the Dome to Open at Beginning of Night
2017-11-20T02:37:16 [main.py:525 - <module>()] INFO: Waiting For the Dome to Open at Beginning of Night
2017-11-20T02:38:17 [main.py:525 - <module>()] INFO: Waiting For the Dome to Open at Beginning of Night
2017-11-20T02:39:17 [main.py:525 - <module>()] INFO: Waiting For the Dome to Open at Beginning of Night
2017-11-20T02:40:17 [main.py:525 - <module>()] INFO: Waiting For the Dome to Open at Beginning of Night
2017-11-20T02:41:17 [main.py:525 - <module>()] INFO: Waiting For the Dome to Open at Beginning of Night
2017-11-20T02:42:18 [main.py:525 - <module>()] INFO: Waiting For the Dome to Open at Beginning of Night
2017-11-20T02:43:18 [main.py:525 - <module>()] INFO: Waiting For the Dome to Open at Beginning of Night
2017-11-20T02:44:18 [main.py:525 - <module>()] INFO: Waiting For the Dome to Open at Beginning of Night
2017-11-20T02:45:18 [main.py:525 - <module>()] INFO: Waiting For the Dome to Open at Beginning of Night
2017-11-20T02:46:19 [main.py:525 - <module>()] INFO: Waiting For the Dome to Open at Beginning of Night
2017-11-20T02:47:19 [main.py:525 - <module>()] INFO: Waiting For the Dome to Open at Beginning of Night
2017-11-20T02:48:19 [main.py:525 - <module>()] INFO: Waiting For the Dome to Open at Beginning of Night
2017-11-20T02:49:19 [main.py:525 - <module>()] INFO: Waiting For the Dome to Open at Beginning of Night
2017-11-20T02:50:20 [main.py:525 - <module>()] INFO: Waiting For the Dome to Open at Beginning of Night
2017-11-20T02:51:20 [main.py:525 - <module>()] INFO: Waiting For the Dome to Open at Beginning of Night
2017-11-20T02:52:20 [main.py:525 - <module>()] INFO: Waiting For the Dome to Open at Beginning of Night
2017-11-20T02:53:20 [main.py:525 - <module>()] INFO: Waiting For the Dome to Open at Beginning of Night
2017-11-20T02:54:21 [main.py:525 - <module>()] INFO: Waiting For the Dome to Open at Beginning of Night
2017-11-20T02:55:21 [main.py:525 - <module>()] INFO: Waiting For the Dome to Open at Beginning of Night
2017-11-20T02:56:21 [main.py:525 - <module>()] INFO: Waiting For the Dome to Open at Beginning of Night
2017-11-20T02:57:21 [main.py:525 - <module>()] INFO: Waiting For the Dome to Open at Beginning of Night
2017-11-20T02:58:22 [main.py:525 - <module>()] INFO: Waiting For the Dome to Open at Beginning of Night
2017-11-20T02:59:22 [main.py:525 - <module>()] INFO: Waiting For the Dome to Open at Beginning of Night
2017-11-20T03:00:22 [main.py:525 - <module>()] INFO: Waiting For the Dome to Open at Beginning of Night
2017-11-20T03:01:23 [main.py:525 - <module>()] INFO: Waiting For the Dome to Open at Beginning of Night
2017-11-20T03:02:23 [main.py:525 - <module>()] INFO: Waiting For the Dome to Open at Beginning of Night
2017-11-20T03:03:23 [main.py:525 - <module>()] INFO: Waiting For the Dome to Open at Beginning of Night
2017-11-20T03:04:23 [main.py:525 - <module>()] INFO: Waiting For the Dome to Open at Beginning of Night
2017-11-20T03:05:24 [main.py:525 - <module>()] INFO: Waiting For the Dome to Open at Beginning of Night
2017-11-20T03:06:24 [main.py:525 - <module>()] INFO: Waiting For the Dome to Open at Beginning of Night
2017-11-20T03:07:24 [main.py:525 - <module>()] INFO: Waiting For the Dome to Open at Beginning of Night
2017-11-20T03:08:24 [main.py:525 - <module>()] INFO: Waiting For the Dome to Open at Beginning of Night
2017-11-20T03:09:24 [main.py:525 - <module>()] INFO: Waiting For the Dome to Open at Beginning of Night
2017-11-20T03:10:25 [main.py:525 - <module>()] INFO: Waiting For the Dome to Open at Beginning of Night
2017-11-20T03:11:25 [main.py:525 - <module>()] INFO: Waiting For the Dome to Open at Beginning of Night
2017-11-20T03:12:25 [main.py:525 - <module>()] INFO: Waiting For the Dome to Open at Beginning of Night
2017-11-20T03:13:25 [main.py:525 - <module>()] INFO: Waiting For the Dome to Open at Beginning of Night
2017-11-20T03:14:26 [main.py:525 - <module>()] INFO: Waiting For the Dome to Open at Beginning of Night
2017-11-20T03:15:26 [main.py:525 - <module>()] INFO: Waiting For the Dome to Open at Beginning of Night
2017-11-20T03:16:26 [main.py:525 - <module>()] INFO: Waiting For the Dome to Open at Beginning of Night
2017-11-20T03:17:26 [main.py:525 - <module>()] INFO: Waiting For the Dome to Open at Beginning of Night
2017-11-20T03:18:27 [main.py:525 - <module>()] INFO: Waiting For the Dome to Open at Beginning of Night
2017-11-20T03:19:27 [main.py:525 - <module>()] INFO: Waiting For the Dome to Open at Beginning of Night
2017-11-20T03:20:27 [main.py:525 - <module>()] INFO: Waiting For the Dome to Open at Beginning of Night
2017-11-20T03:21:27 [main.py:525 - <module>()] INFO: Waiting For the Dome to Open at Beginning of Night
2017-11-20T03:22:28 [main.py:525 - <module>()] INFO: Waiting For the Dome to Open at Beginning of Night
2017-11-20T03:23:28 [main.py:525 - <module>()] INFO: Waiting For the Dome to Open at Beginning of Night
2017-11-20T03:24:28 [main.py:525 - <module>()] INFO: Waiting For the Dome to Open at Beginning of Night
2017-11-20T03:25:28 [main.py:525 - <module>()] INFO: Waiting For the Dome to Open at Beginning of Night
2017-11-20T03:26:29 [main.py:525 - <module>()] INFO: Waiting For the Dome to Open at Beginning of Night
2017-11-20T03:27:29 [main.py:525 - <module>()] INFO: Waiting For the Dome to Open at Beginning of Night
2017-11-20T03:28:29 [main.py:525 - <module>()] INFO: Waiting For the Dome to Open at Beginning of Night
2017-11-20T03:29:30 [main.py:525 - <module>()] INFO: Waiting For the Dome to Open at Beginning of Night
2017-11-20T03:30:30 [main.py:525 - <module>()] INFO: Waiting For the Dome to Open at Beginning of Night
2017-11-20T03:31:30 [main.py:525 - <module>()] INFO: Waiting For the Dome to Open at Beginning of Night
2017-11-20T03:32:30 [main.py:525 - <module>()] INFO: Waiting For the Dome to Open at Beginning of Night
2017-11-20T03:33:31 [main.py:525 - <module>()] INFO: Waiting For the Dome to Open at Beginning of Night
2017-11-20T03:34:31 [main.py:525 - <module>()] INFO: Waiting For the Dome to Open at Beginning of Night
2017-11-20T03:35:31 [main.py:525 - <module>()] INFO: Waiting For the Dome to Open at Beginning of Night
2017-11-20T03:36:31 [main.py:525 - <module>()] INFO: Waiting For the Dome to Open at Beginning of Night
2017-11-20T03:37:32 [main.py:525 - <module>()] INFO: Waiting For the Dome to Open at Beginning of Night
2017-11-20T03:38:32 [main.py:525 - <module>()] INFO: Waiting For the Dome to Open at Beginning of Night
2017-11-20T03:39:32 [main.py:525 - <module>()] INFO: Waiting For the Dome to Open at Beginning of Night
2017-11-20T03:40:32 [main.py:525 - <module>()] INFO: Waiting For the Dome to Open at Beginning of Night
2017-11-20T03:41:33 [main.py:525 - <module>()] INFO: Waiting For the Dome to Open at Beginning of Night
2017-11-20T03:42:33 [main.py:525 - <module>()] INFO: Waiting For the Dome to Open at Beginning of Night
2017-11-20T03:43:33 [main.py:525 - <module>()] INFO: Waiting For the Dome to Open at Beginning of Night
2017-11-20T03:44:33 [main.py:525 - <module>()] INFO: Waiting For the Dome to Open at Beginning of Night
2017-11-20T03:45:34 [main.py:525 - <module>()] INFO: Waiting For the Dome to Open at Beginning of Night
2017-11-20T03:46:34 [main.py:525 - <module>()] INFO: Waiting For the Dome to Open at Beginning of Night
2017-11-20T03:47:34 [main.py:525 - <module>()] INFO: Waiting For the Dome to Open at Beginning of Night
2017-11-20T03:48:34 [main.py:525 - <module>()] INFO: Waiting For the Dome to Open at Beginning of Night
2017-11-20T03:49:35 [main.py:525 - <module>()] INFO: Waiting For the Dome to Open at Beginning of Night
2017-11-20T03:50:35 [main.py:525 - <module>()] INFO: Waiting For the Dome to Open at Beginning of Night
2017-11-20T03:51:35 [main.py:525 - <module>()] INFO: Waiting For the Dome to Open at Beginning of Night
2017-11-20T03:52:35 [main.py:525 - <module>()] INFO: Waiting For the Dome to Open at Beginning of Night
2017-11-20T03:53:36 [main.py:525 - <module>()] INFO: Waiting For the Dome to Open at Beginning of Night
2017-11-20T03:54:36 [main.py:525 - <module>()] INFO: Waiting For the Dome to Open at Beginning of Night
2017-11-20T03:55:36 [main.py:525 - <module>()] INFO: Waiting For the Dome to Open at Beginning of Night
2017-11-20T03:56:36 [main.py:525 - <module>()] INFO: Waiting For the Dome to Open at Beginning of Night
2017-11-20T03:57:37 [main.py:525 - <module>()] INFO: Waiting For the Dome to Open at Beginning of Night
2017-11-20T03:58:37 [main.py:525 - <module>()] INFO: Waiting For the Dome to Open at Beginning of Night
2017-11-20T03:59:37 [main.py:525 - <module>()] INFO: Waiting For the Dome to Open at Beginning of Night
2017-11-20T04:00:37 [main.py:525 - <module>()] INFO: Waiting For the Dome to Open at Beginning of Night
2017-11-20T04:01:38 [main.py:525 - <module>()] INFO: Waiting For the Dome to Open at Beginning of Night
2017-11-20T04:02:38 [main.py:525 - <module>()] INFO: Waiting For the Dome to Open at Beginning of Night
2017-11-20T04:03:38 [main.py:525 - <module>()] INFO: Waiting For the Dome to Open at Beginning of Night
2017-11-20T04:04:38 [main.py:525 - <module>()] INFO: Waiting For the Dome to Open at Beginning of Night
2017-11-20T04:05:39 [main.py:525 - <module>()] INFO: Waiting For the Dome to Open at Beginning of Night
2017-11-20T04:06:39 [main.py:525 - <module>()] INFO: Waiting For the Dome to Open at Beginning of Night
2017-11-20T04:07:39 [main.py:525 - <module>()] INFO: Waiting For the Dome to Open at Beginning of Night
2017-11-20T04:08:39 [main.py:525 - <module>()] INFO: Waiting For the Dome to Open at Beginning of Night
2017-11-20T04:09:40 [main.py:525 - <module>()] INFO: Waiting For the Dome to Open at Beginning of Night
2017-11-20T04:10:40 [main.py:525 - <module>()] INFO: Waiting For the Dome to Open at Beginning of Night
2017-11-20T04:11:40 [main.py:525 - <module>()] INFO: Waiting For the Dome to Open at Beginning of Night
2017-11-20T04:12:40 [main.py:525 - <module>()] INFO: Waiting For the Dome to Open at Beginning of Night
2017-11-20T04:13:41 [main.py:525 - <module>()] INFO: Waiting For the Dome to Open at Beginning of Night
2017-11-20T04:14:41 [main.py:525 - <module>()] INFO: Waiting For the Dome to Open at Beginning of Night
2017-11-20T04:15:41 [main.py:525 - <module>()] INFO: Waiting For the Dome to Open at Beginning of Night
2017-11-20T04:16:41 [main.py:525 - <module>()] INFO: Waiting For the Dome to Open at Beginning of Night
2017-11-20T04:17:42 [main.py:525 - <module>()] INFO: Waiting For the Dome to Open at Beginning of Night
2017-11-20T04:18:42 [main.py:525 - <module>()] INFO: Waiting For the Dome to Open at Beginning of Night
2017-11-20T04:19:42 [main.py:525 - <module>()] INFO: Waiting For the Dome to Open at Beginning of Night
2017-11-20T04:20:42 [main.py:525 - <module>()] INFO: Waiting For the Dome to Open at Beginning of Night
2017-11-20T04:21:43 [main.py:525 - <module>()] INFO: Waiting For the Dome to Open at Beginning of Night
2017-11-20T04:22:43 [main.py:525 - <module>()] INFO: Waiting For the Dome to Open at Beginning of Night
2017-11-20T04:23:43 [main.py:525 - <module>()] INFO: Waiting For the Dome to Open at Beginning of Night
2017-11-20T04:24:43 [main.py:525 - <module>()] INFO: Waiting For the Dome to Open at Beginning of Night
2017-11-20T04:25:44 [main.py:525 - <module>()] INFO: Waiting For the Dome to Open at Beginning of Night
2017-11-20T04:26:44 [main.py:525 - <module>()] INFO: Waiting For the Dome to Open at Beginning of Night
2017-11-20T04:27:44 [main.py:525 - <module>()] INFO: Waiting For the Dome to Open at Beginning of Night
2017-11-20T04:28:44 [main.py:525 - <module>()] INFO: Waiting For the Dome to Open at Beginning of Night
2017-11-20T04:29:45 [main.py:525 - <module>()] INFO: Waiting For the Dome to Open at Beginning of Night
2017-11-20T04:30:45 [main.py:525 - <module>()] INFO: Waiting For the Dome to Open at Beginning of Night
2017-11-20T04:31:45 [main.py:525 - <module>()] INFO: Waiting For the Dome to Open at Beginning of Night
2017-11-20T04:32:45 [main.py:525 - <module>()] INFO: Waiting For the Dome to Open at Beginning of Night
2017-11-20T04:33:46 [main.py:525 - <module>()] INFO: Waiting For the Dome to Open at Beginning of Night
2017-11-20T04:34:46 [main.py:525 - <module>()] INFO: Waiting For the Dome to Open at Beginning of Night
2017-11-20T04:35:46 [main.py:525 - <module>()] INFO: Waiting For the Dome to Open at Beginning of Night
2017-11-20T04:36:46 [main.py:525 - <module>()] INFO: Waiting For the Dome to Open at Beginning of Night
2017-11-20T04:37:47 [main.py:525 - <module>()] INFO: Waiting For the Dome to Open at Beginning of Night
2017-11-20T04:38:47 [main.py:525 - <module>()] INFO: Waiting For the Dome to Open at Beginning of Night
2017-11-20T04:39:47 [main.py:525 - <module>()] INFO: Waiting For the Dome to Open at Beginning of Night
2017-11-20T04:40:48 [main.py:525 - <module>()] INFO: Waiting For the Dome to Open at Beginning of Night
2017-11-20T04:41:48 [main.py:525 - <module>()] INFO: Waiting For the Dome to Open at Beginning of Night
2017-11-20T04:42:48 [main.py:525 - <module>()] INFO: Waiting For the Dome to Open at Beginning of Night
2017-11-20T04:43:48 [main.py:525 - <module>()] INFO: Waiting For the Dome to Open at Beginning of Night
2017-11-20T04:44:49 [main.py:525 - <module>()] INFO: Waiting For the Dome to Open at Beginning of Night
2017-11-20T04:45:49 [main.py:525 - <module>()] INFO: Waiting For the Dome to Open at Beginning of Night
2017-11-20T04:46:49 [main.py:525 - <module>()] INFO: Waiting For the Dome to Open at Beginning of Night
2017-11-20T04:47:49 [main.py:525 - <module>()] INFO: Waiting For the Dome to Open at Beginning of Night
2017-11-20T04:48:50 [main.py:525 - <module>()] INFO: Waiting For the Dome to Open at Beginning of Night
2017-11-20T04:49:50 [main.py:525 - <module>()] INFO: Waiting For the Dome to Open at Beginning of Night
2017-11-20T04:50:50 [main.py:525 - <module>()] INFO: Waiting For the Dome to Open at Beginning of Night
2017-11-20T04:51:50 [main.py:525 - <module>()] INFO: Waiting For the Dome to Open at Beginning of Night
2017-11-20T04:52:51 [main.py:525 - <module>()] INFO: Waiting For the Dome to Open at Beginning of Night
2017-11-20T04:53:51 [main.py:525 - <module>()] INFO: Waiting For the Dome to Open at Beginning of Night
2017-11-20T04:54:51 [main.py:525 - <module>()] INFO: Waiting For the Dome to Open at Beginning of Night
2017-11-20T04:55:51 [main.py:525 - <module>()] INFO: Waiting For the Dome to Open at Beginning of Night
2017-11-20T04:56:52 [main.py:525 - <module>()] INFO: Waiting For the Dome to Open at Beginning of Night
2017-11-20T04:57:52 [main.py:525 - <module>()] INFO: Waiting For the Dome to Open at Beginning of Night
2017-11-20T04:58:52 [main.py:525 - <module>()] INFO: Waiting For the Dome to Open at Beginning of Night
2017-11-20T04:59:52 [main.py:525 - <module>()] INFO: Waiting For the Dome to Open at Beginning of Night
2017-11-20T05:00:53 [main.py:525 - <module>()] INFO: Waiting For the Dome to Open at Beginning of Night
2017-11-20T05:01:53 [main.py:525 - <module>()] INFO: Waiting For the Dome to Open at Beginning of Night
2017-11-20T05:02:53 [main.py:525 - <module>()] INFO: Waiting For the Dome to Open at Beginning of Night
2017-11-20T05:03:53 [main.py:525 - <module>()] INFO: Waiting For the Dome to Open at Beginning of Night
2017-11-20T05:04:54 [main.py:525 - <module>()] INFO: Waiting For the Dome to Open at Beginning of Night
2017-11-20T05:05:54 [main.py:525 - <module>()] INFO: Waiting For the Dome to Open at Beginning of Night
2017-11-20T05:06:54 [main.py:525 - <module>()] INFO: Waiting For the Dome to Open at Beginning of Night
2017-11-20T05:07:54 [main.py:525 - <module>()] INFO: Waiting For the Dome to Open at Beginning of Night
2017-11-20T05:08:55 [main.py:525 - <module>()] INFO: Waiting For the Dome to Open at Beginning of Night
2017-11-20T05:09:55 [main.py:525 - <module>()] INFO: Waiting For the Dome to Open at Beginning of Night
2017-11-20T05:10:55 [main.py:525 - <module>()] INFO: Waiting For the Dome to Open at Beginning of Night
2017-11-20T05:11:55 [main.py:525 - <module>()] INFO: Waiting For the Dome to Open at Beginning of Night
2017-11-20T05:12:56 [main.py:525 - <module>()] INFO: Waiting For the Dome to Open at Beginning of Night
2017-11-20T05:13:56 [main.py:525 - <module>()] INFO: Waiting For the Dome to Open at Beginning of Night
2017-11-20T05:14:56 [main.py:525 - <module>()] INFO: Waiting For the Dome to Open at Beginning of Night
2017-11-20T05:15:56 [main.py:525 - <module>()] INFO: Waiting For the Dome to Open at Beginning of Night
2017-11-20T05:16:57 [main.py:525 - <module>()] INFO: Waiting For the Dome to Open at Beginning of Night
2017-11-20T05:17:57 [main.py:525 - <module>()] INFO: Waiting For the Dome to Open at Beginning of Night
2017-11-20T05:18:57 [main.py:525 - <module>()] INFO: Waiting For the Dome to Open at Beginning of Night
2017-11-20T05:19:58 [main.py:525 - <module>()] INFO: Waiting For the Dome to Open at Beginning of Night
2017-11-20T05:20:58 [main.py:525 - <module>()] INFO: Waiting For the Dome to Open at Beginning of Night
2017-11-20T05:21:58 [main.py:525 - <module>()] INFO: Waiting For the Dome to Open at Beginning of Night
2017-11-20T05:22:58 [main.py:525 - <module>()] INFO: Waiting For the Dome to Open at Beginning of Night
2017-11-20T05:23:59 [main.py:525 - <module>()] INFO: Waiting For the Dome to Open at Beginning of Night
2017-11-20T05:24:59 [main.py:525 - <module>()] INFO: Waiting For the Dome to Open at Beginning of Night
2017-11-20T05:25:59 [main.py:525 - <module>()] INFO: Waiting For the Dome to Open at Beginning of Night
2017-11-20T05:26:59 [main.py:525 - <module>()] INFO: Waiting For the Dome to Open at Beginning of Night
2017-11-20T05:28:00 [main.py:525 - <module>()] INFO: Waiting For the Dome to Open at Beginning of Night
2017-11-20T05:29:00 [main.py:525 - <module>()] INFO: Waiting For the Dome to Open at Beginning of Night
2017-11-20T05:30:00 [main.py:525 - <module>()] INFO: Waiting For the Dome to Open at Beginning of Night
2017-11-20T05:31:00 [main.py:525 - <module>()] INFO: Waiting For the Dome to Open at Beginning of Night
2017-11-20T05:32:01 [main.py:525 - <module>()] INFO: Waiting For the Dome to Open at Beginning of Night
2017-11-20T05:33:01 [main.py:525 - <module>()] INFO: Waiting For the Dome to Open at Beginning of Night
2017-11-20T05:34:01 [main.py:525 - <module>()] INFO: Waiting For the Dome to Open at Beginning of Night
2017-11-20T05:35:01 [main.py:525 - <module>()] INFO: Waiting For the Dome to Open at Beginning of Night
2017-11-20T05:36:02 [main.py:525 - <module>()] INFO: Waiting For the Dome to Open at Beginning of Night
2017-11-20T05:37:02 [main.py:525 - <module>()] INFO: Waiting For the Dome to Open at Beginning of Night
2017-11-20T05:38:02 [main.py:525 - <module>()] INFO: Waiting For the Dome to Open at Beginning of Night
2017-11-20T05:39:02 [main.py:525 - <module>()] INFO: Waiting For the Dome to Open at Beginning of Night
2017-11-20T05:40:03 [main.py:525 - <module>()] INFO: Waiting For the Dome to Open at Beginning of Night
2017-11-20T05:41:03 [main.py:525 - <module>()] INFO: Waiting For the Dome to Open at Beginning of Night
2017-11-20T05:42:03 [main.py:525 - <module>()] INFO: Waiting For the Dome to Open at Beginning of Night
2017-11-20T05:43:03 [main.py:525 - <module>()] INFO: Waiting For the Dome to Open at Beginning of Night
2017-11-20T05:44:04 [main.py:525 - <module>()] INFO: Waiting For the Dome to Open at Beginning of Night
2017-11-20T05:45:04 [main.py:525 - <module>()] INFO: Waiting For the Dome to Open at Beginning of Night
2017-11-20T05:46:04 [main.py:525 - <module>()] INFO: Waiting For the Dome to Open at Beginning of Night
2017-11-20T05:47:04 [main.py:525 - <module>()] INFO: Waiting For the Dome to Open at Beginning of Night
2017-11-20T05:48:05 [main.py:525 - <module>()] INFO: Waiting For the Dome to Open at Beginning of Night
2017-11-20T05:49:05 [main.py:525 - <module>()] INFO: Waiting For the Dome to Open at Beginning of Night
2017-11-20T05:50:05 [main.py:525 - <module>()] INFO: Waiting For the Dome to Open at Beginning of Night
2017-11-20T05:51:05 [main.py:525 - <module>()] INFO: Waiting For the Dome to Open at Beginning of Night
2017-11-20T05:52:06 [main.py:525 - <module>()] INFO: Waiting For the Dome to Open at Beginning of Night
2017-11-20T05:53:06 [main.py:525 - <module>()] INFO: Waiting For the Dome to Open at Beginning of Night
2017-11-20T05:54:06 [main.py:525 - <module>()] INFO: Waiting For the Dome to Open at Beginning of Night
2017-11-20T05:55:06 [main.py:525 - <module>()] INFO: Waiting For the Dome to Open at Beginning of Night
2017-11-20T05:56:07 [main.py:525 - <module>()] INFO: Waiting For the Dome to Open at Beginning of Night
2017-11-20T05:57:07 [main.py:525 - <module>()] INFO: Waiting For the Dome to Open at Beginning of Night
2017-11-20T05:58:07 [main.py:525 - <module>()] INFO: Waiting For the Dome to Open at Beginning of Night
2017-11-20T05:59:07 [main.py:525 - <module>()] INFO: Waiting For the Dome to Open at Beginning of Night
2017-11-20T06:00:08 [main.py:525 - <module>()] INFO: Waiting For the Dome to Open at Beginning of Night
2017-11-20T06:01:08 [main.py:525 - <module>()] INFO: Waiting For the Dome to Open at Beginning of Night
2017-11-20T06:02:08 [main.py:525 - <module>()] INFO: Waiting For the Dome to Open at Beginning of Night
2017-11-20T06:03:08 [main.py:525 - <module>()] INFO: Waiting For the Dome to Open at Beginning of Night
2017-11-20T06:04:09 [main.py:525 - <module>()] INFO: Waiting For the Dome to Open at Beginning of Night
2017-11-20T06:05:09 [main.py:525 - <module>()] INFO: Waiting For the Dome to Open at Beginning of Night
2017-11-20T06:06:09 [main.py:525 - <module>()] INFO: Waiting For the Dome to Open at Beginning of Night
2017-11-20T06:07:09 [main.py:525 - <module>()] INFO: Waiting For the Dome to Open at Beginning of Night
2017-11-20T06:08:10 [main.py:525 - <module>()] INFO: Waiting For the Dome to Open at Beginning of Night
2017-11-20T06:09:10 [main.py:525 - <module>()] INFO: Waiting For the Dome to Open at Beginning of Night
2017-11-20T06:10:10 [main.py:525 - <module>()] INFO: Waiting For the Dome to Open at Beginning of Night
2017-11-20T06:11:10 [main.py:525 - <module>()] INFO: Waiting For the Dome to Open at Beginning of Night
2017-11-20T06:12:11 [main.py:525 - <module>()] INFO: Waiting For the Dome to Open at Beginning of Night
2017-11-20T06:13:11 [main.py:525 - <module>()] INFO: Waiting For the Dome to Open at Beginning of Night
2017-11-20T06:14:11 [main.py:525 - <module>()] INFO: Waiting For the Dome to Open at Beginning of Night
2017-11-20T06:15:11 [main.py:525 - <module>()] INFO: Waiting For the Dome to Open at Beginning of Night
2017-11-20T06:16:12 [main.py:525 - <module>()] INFO: Waiting For the Dome to Open at Beginning of Night
2017-11-20T06:17:12 [main.py:525 - <module>()] INFO: Waiting For the Dome to Open at Beginning of Night
2017-11-20T06:18:12 [main.py:525 - <module>()] INFO: Waiting For the Dome to Open at Beginning of Night
2017-11-20T06:19:12 [main.py:525 - <module>()] INFO: Waiting For the Dome to Open at Beginning of Night
2017-11-20T06:20:13 [main.py:525 - <module>()] INFO: Waiting For the Dome to Open at Beginning of Night
2017-11-20T06:21:13 [main.py:525 - <module>()] INFO: Waiting For the Dome to Open at Beginning of Night
2017-11-20T06:22:13 [main.py:525 - <module>()] INFO: Waiting For the Dome to Open at Beginning of Night
2017-11-20T06:23:13 [main.py:525 - <module>()] INFO: Waiting For the Dome to Open at Beginning of Night
2017-11-20T06:24:14 [main.py:525 - <module>()] INFO: Waiting For the Dome to Open at Beginning of Night
2017-11-20T06:25:14 [main.py:525 - <module>()] INFO: Waiting For the Dome to Open at Beginning of Night
2017-11-20T06:26:14 [main.py:525 - <module>()] INFO: Waiting For the Dome to Open at Beginning of Night
2017-11-20T06:27:14 [main.py:525 - <module>()] INFO: Waiting For the Dome to Open at Beginning of Night
2017-11-20T06:28:15 [main.py:525 - <module>()] INFO: Waiting For the Dome to Open at Beginning of Night
2017-11-20T06:29:15 [main.py:525 - <module>()] INFO: Waiting For the Dome to Open at Beginning of Night
2017-11-20T06:30:15 [main.py:525 - <module>()] INFO: Waiting For the Dome to Open at Beginning of Night
2017-11-20T06:31:15 [main.py:525 - <module>()] INFO: Waiting For the Dome to Open at Beginning of Night
2017-11-20T06:32:16 [main.py:525 - <module>()] INFO: Waiting For the Dome to Open at Beginning of Night
2017-11-20T06:33:16 [main.py:525 - <module>()] INFO: Waiting For the Dome to Open at Beginning of Night
2017-11-20T06:34:16 [main.py:525 - <module>()] INFO: Waiting For the Dome to Open at Beginning of Night
2017-11-20T06:35:16 [main.py:525 - <module>()] INFO: Waiting For the Dome to Open at Beginning of Night
2017-11-20T06:36:17 [main.py:525 - <module>()] INFO: Waiting For the Dome to Open at Beginning of Night
2017-11-20T06:37:17 [main.py:525 - <module>()] INFO: Waiting For the Dome to Open at Beginning of Night
2017-11-20T06:38:17 [main.py:525 - <module>()] INFO: Waiting For the Dome to Open at Beginning of Night
2017-11-20T06:39:18 [main.py:525 - <module>()] INFO: Waiting For the Dome to Open at Beginning of Night
2017-11-20T06:40:18 [main.py:525 - <module>()] INFO: Waiting For the Dome to Open at Beginning of Night
2017-11-20T06:41:18 [main.py:525 - <module>()] INFO: Waiting For the Dome to Open at Beginning of Night
2017-11-20T06:42:18 [main.py:525 - <module>()] INFO: Waiting For the Dome to Open at Beginning of Night
2017-11-20T06:43:19 [main.py:525 - <module>()] INFO: Waiting For the Dome to Open at Beginning of Night
2017-11-20T06:44:19 [main.py:525 - <module>()] INFO: Waiting For the Dome to Open at Beginning of Night
2017-11-20T06:45:19 [main.py:525 - <module>()] INFO: Waiting For the Dome to Open at Beginning of Night
2017-11-20T06:46:19 [main.py:525 - <module>()] INFO: Waiting For the Dome to Open at Beginning of Night
2017-11-20T06:47:20 [main.py:525 - <module>()] INFO: Waiting For the Dome to Open at Beginning of Night
2017-11-20T06:48:20 [main.py:525 - <module>()] INFO: Waiting For the Dome to Open at Beginning of Night
2017-11-20T06:49:20 [main.py:525 - <module>()] INFO: Waiting For the Dome to Open at Beginning of Night
2017-11-20T06:50:20 [main.py:525 - <module>()] INFO: Waiting For the Dome to Open at Beginning of Night
2017-11-20T06:51:21 [main.py:525 - <module>()] INFO: Waiting For the Dome to Open at Beginning of Night
2017-11-20T06:52:21 [main.py:525 - <module>()] INFO: Waiting For the Dome to Open at Beginning of Night
2017-11-20T06:53:21 [main.py:525 - <module>()] INFO: Waiting For the Dome to Open at Beginning of Night
2017-11-20T06:54:21 [main.py:525 - <module>()] INFO: Waiting For the Dome to Open at Beginning of Night
2017-11-20T06:55:22 [main.py:525 - <module>()] INFO: Waiting For the Dome to Open at Beginning of Night
2017-11-20T06:56:22 [main.py:525 - <module>()] INFO: Waiting For the Dome to Open at Beginning of Night
2017-11-20T06:57:22 [main.py:525 - <module>()] INFO: Waiting For the Dome to Open at Beginning of Night
2017-11-20T06:58:22 [main.py:525 - <module>()] INFO: Waiting For the Dome to Open at Beginning of Night
2017-11-20T06:59:23 [main.py:525 - <module>()] INFO: Waiting For the Dome to Open at Beginning of Night
2017-11-20T07:00:23 [main.py:525 - <module>()] INFO: Waiting For the Dome to Open at Beginning of Night
2017-11-20T07:01:23 [main.py:525 - <module>()] INFO: Waiting For the Dome to Open at Beginning of Night
2017-11-20T07:02:23 [main.py:525 - <module>()] INFO: Waiting For the Dome to Open at Beginning of Night
2017-11-20T07:03:24 [main.py:525 - <module>()] INFO: Waiting For the Dome to Open at Beginning of Night
2017-11-20T07:04:24 [main.py:525 - <module>()] INFO: Waiting For the Dome to Open at Beginning of Night
2017-11-20T07:05:24 [main.py:525 - <module>()] INFO: Waiting For the Dome to Open at Beginning of Night
2017-11-20T07:06:24 [main.py:525 - <module>()] INFO: Waiting For the Dome to Open at Beginning of Night
2017-11-20T07:07:25 [main.py:525 - <module>()] INFO: Waiting For the Dome to Open at Beginning of Night
2017-11-20T07:08:25 [main.py:525 - <module>()] INFO: Waiting For the Dome to Open at Beginning of Night
2017-11-20T07:09:25 [main.py:525 - <module>()] INFO: Waiting For the Dome to Open at Beginning of Night
2017-11-20T07:10:25 [main.py:525 - <module>()] INFO: Waiting For the Dome to Open at Beginning of Night
2017-11-20T07:11:26 [main.py:525 - <module>()] INFO: Waiting For the Dome to Open at Beginning of Night
2017-11-20T07:12:26 [main.py:525 - <module>()] INFO: Waiting For the Dome to Open at Beginning of Night
2017-11-20T07:13:26 [main.py:525 - <module>()] INFO: Waiting For the Dome to Open at Beginning of Night
2017-11-20T07:14:26 [main.py:525 - <module>()] INFO: Waiting For the Dome to Open at Beginning of Night
2017-11-20T07:15:27 [main.py:525 - <module>()] INFO: Waiting For the Dome to Open at Beginning of Night
2017-11-20T07:16:27 [main.py:525 - <module>()] INFO: Waiting For the Dome to Open at Beginning of Night
2017-11-20T07:17:27 [main.py:525 - <module>()] INFO: Waiting For the Dome to Open at Beginning of Night
2017-11-20T07:18:27 [main.py:525 - <module>()] INFO: Waiting For the Dome to Open at Beginning of Night
2017-11-20T07:19:28 [main.py:525 - <module>()] INFO: Waiting For the Dome to Open at Beginning of Night
2017-11-20T07:20:28 [main.py:525 - <module>()] INFO: Waiting For the Dome to Open at Beginning of Night
2017-11-20T07:21:28 [main.py:525 - <module>()] INFO: Waiting For the Dome to Open at Beginning of Night
2017-11-20T07:22:28 [main.py:525 - <module>()] INFO: Waiting For the Dome to Open at Beginning of Night
2017-11-20T07:23:29 [main.py:525 - <module>()] INFO: Waiting For the Dome to Open at Beginning of Night
2017-11-20T07:24:29 [main.py:525 - <module>()] INFO: Waiting For the Dome to Open at Beginning of Night
2017-11-20T07:25:29 [main.py:525 - <module>()] INFO: Waiting For the Dome to Open at Beginning of Night
2017-11-20T07:26:29 [main.py:525 - <module>()] INFO: Waiting For the Dome to Open at Beginning of Night
2017-11-20T07:27:30 [main.py:525 - <module>()] INFO: Waiting For the Dome to Open at Beginning of Night
2017-11-20T07:28:30 [main.py:525 - <module>()] INFO: Waiting For the Dome to Open at Beginning of Night
2017-11-20T07:29:30 [main.py:525 - <module>()] INFO: Waiting For the Dome to Open at Beginning of Night
2017-11-20T07:30:30 [main.py:525 - <module>()] INFO: Waiting For the Dome to Open at Beginning of Night
2017-11-20T07:31:31 [main.py:525 - <module>()] INFO: Waiting For the Dome to Open at Beginning of Night
2017-11-20T07:32:31 [main.py:525 - <module>()] INFO: Waiting For the Dome to Open at Beginning of Night
2017-11-20T07:33:31 [main.py:525 - <module>()] INFO: Waiting For the Dome to Open at Beginning of Night
2017-11-20T07:34:31 [main.py:525 - <module>()] INFO: Waiting For the Dome to Open at Beginning of Night
2017-11-20T07:35:32 [main.py:525 - <module>()] INFO: Waiting For the Dome to Open at Beginning of Night
2017-11-20T07:36:32 [main.py:525 - <module>()] INFO: Waiting For the Dome to Open at Beginning of Night
2017-11-20T07:37:32 [main.py:525 - <module>()] INFO: Waiting For the Dome to Open at Beginning of Night
2017-11-20T07:38:32 [main.py:525 - <module>()] INFO: Waiting For the Dome to Open at Beginning of Night
2017-11-20T07:39:33 [main.py:525 - <module>()] INFO: Waiting For the Dome to Open at Beginning of Night
2017-11-20T07:40:33 [main.py:525 - <module>()] INFO: Waiting For the Dome to Open at Beginning of Night
2017-11-20T07:41:33 [main.py:525 - <module>()] INFO: Waiting For the Dome to Open at Beginning of Night
2017-11-20T07:42:33 [main.py:525 - <module>()] INFO: Waiting For the Dome to Open at Beginning of Night
2017-11-20T07:43:34 [main.py:525 - <module>()] INFO: Waiting For the Dome to Open at Beginning of Night
2017-11-20T07:44:34 [main.py:525 - <module>()] INFO: Waiting For the Dome to Open at Beginning of Night
2017-11-20T07:45:34 [main.py:525 - <module>()] INFO: Waiting For the Dome to Open at Beginning of Night
2017-11-20T07:46:34 [main.py:525 - <module>()] INFO: Waiting For the Dome to Open at Beginning of Night
2017-11-20T07:47:35 [main.py:525 - <module>()] INFO: Waiting For the Dome to Open at Beginning of Night
2017-11-20T07:48:35 [main.py:525 - <module>()] INFO: Waiting For the Dome to Open at Beginning of Night
2017-11-20T07:49:35 [main.py:525 - <module>()] INFO: Waiting For the Dome to Open at Beginning of Night
2017-11-20T07:50:35 [main.py:525 - <module>()] INFO: Waiting For the Dome to Open at Beginning of Night
2017-11-20T07:51:36 [main.py:525 - <module>()] INFO: Waiting For the Dome to Open at Beginning of Night
2017-11-20T07:52:36 [main.py:525 - <module>()] INFO: Waiting For the Dome to Open at Beginning of Night
2017-11-20T07:53:36 [main.py:525 - <module>()] INFO: Waiting For the Dome to Open at Beginning of Night
2017-11-20T07:54:36 [main.py:525 - <module>()] INFO: Waiting For the Dome to Open at Beginning of Night
2017-11-20T07:55:37 [main.py:525 - <module>()] INFO: Waiting For the Dome to Open at Beginning of Night
2017-11-20T07:56:37 [main.py:525 - <module>()] INFO: Waiting For the Dome to Open at Beginning of Night
2017-11-20T07:57:37 [main.py:525 - <module>()] INFO: Waiting For the Dome to Open at Beginning of Night
2017-11-20T07:58:37 [main.py:525 - <module>()] INFO: Waiting For the Dome to Open at Beginning of Night
2017-11-20T07:59:38 [main.py:525 - <module>()] INFO: Waiting For the Dome to Open at Beginning of Night
2017-11-20T08:00:38 [main.py:525 - <module>()] INFO: Waiting For the Dome to Open at Beginning of Night
2017-11-20T08:01:38 [main.py:525 - <module>()] INFO: Waiting For the Dome to Open at Beginning of Night
2017-11-20T08:02:39 [main.py:525 - <module>()] INFO: Waiting For the Dome to Open at Beginning of Night
2017-11-20T08:03:39 [main.py:525 - <module>()] INFO: Waiting For the Dome to Open at Beginning of Night
2017-11-20T08:04:39 [main.py:525 - <module>()] INFO: Waiting For the Dome to Open at Beginning of Night
2017-11-20T08:05:39 [main.py:525 - <module>()] INFO: Waiting For the Dome to Open at Beginning of Night
2017-11-20T08:06:40 [main.py:525 - <module>()] INFO: Waiting For the Dome to Open at Beginning of Night
2017-11-20T08:07:40 [main.py:525 - <module>()] INFO: Waiting For the Dome to Open at Beginning of Night
2017-11-20T08:08:40 [main.py:525 - <module>()] INFO: Waiting For the Dome to Open at Beginning of Night
2017-11-20T08:09:40 [main.py:525 - <module>()] INFO: Waiting For the Dome to Open at Beginning of Night
2017-11-20T08:10:41 [main.py:525 - <module>()] INFO: Waiting For the Dome to Open at Beginning of Night
2017-11-20T08:11:41 [main.py:525 - <module>()] INFO: Waiting For the Dome to Open at Beginning of Night
2017-11-20T08:12:41 [main.py:525 - <module>()] INFO: Waiting For the Dome to Open at Beginning of Night
2017-11-20T08:13:41 [main.py:525 - <module>()] INFO: Waiting For the Dome to Open at Beginning of Night
2017-11-20T08:14:42 [main.py:525 - <module>()] INFO: Waiting For the Dome to Open at Beginning of Night
2017-11-20T08:15:42 [main.py:525 - <module>()] INFO: Waiting For the Dome to Open at Beginning of Night
2017-11-20T08:16:42 [main.py:525 - <module>()] INFO: Waiting For the Dome to Open at Beginning of Night
2017-11-20T08:17:42 [main.py:525 - <module>()] INFO: Waiting For the Dome to Open at Beginning of Night
2017-11-20T08:18:43 [main.py:525 - <module>()] INFO: Waiting For the Dome to Open at Beginning of Night
2017-11-20T08:19:43 [main.py:525 - <module>()] INFO: Waiting For the Dome to Open at Beginning of Night
2017-11-20T08:20:43 [main.py:525 - <module>()] INFO: Waiting For the Dome to Open at Beginning of Night
2017-11-20T08:21:43 [main.py:525 - <module>()] INFO: Waiting For the Dome to Open at Beginning of Night
2017-11-20T08:22:44 [main.py:525 - <module>()] INFO: Waiting For the Dome to Open at Beginning of Night
2017-11-20T08:23:44 [main.py:525 - <module>()] INFO: Waiting For the Dome to Open at Beginning of Night
2017-11-20T08:24:44 [main.py:525 - <module>()] INFO: Waiting For the Dome to Open at Beginning of Night
2017-11-20T08:25:44 [main.py:525 - <module>()] INFO: Waiting For the Dome to Open at Beginning of Night
2017-11-20T08:26:45 [main.py:525 - <module>()] INFO: Waiting For the Dome to Open at Beginning of Night
2017-11-20T08:27:45 [main.py:525 - <module>()] INFO: Waiting For the Dome to Open at Beginning of Night
2017-11-20T08:28:45 [main.py:525 - <module>()] INFO: Waiting For the Dome to Open at Beginning of Night
2017-11-20T08:29:45 [main.py:525 - <module>()] INFO: Waiting For the Dome to Open at Beginning of Night
2017-11-20T08:30:46 [main.py:525 - <module>()] INFO: Waiting For the Dome to Open at Beginning of Night
2017-11-20T08:31:46 [main.py:525 - <module>()] INFO: Waiting For the Dome to Open at Beginning of Night
2017-11-20T08:32:46 [main.py:525 - <module>()] INFO: Waiting For the Dome to Open at Beginning of Night
2017-11-20T08:33:46 [main.py:525 - <module>()] INFO: Waiting For the Dome to Open at Beginning of Night
2017-11-20T08:34:47 [main.py:525 - <module>()] INFO: Waiting For the Dome to Open at Beginning of Night
2017-11-20T08:35:47 [main.py:525 - <module>()] INFO: Waiting For the Dome to Open at Beginning of Night
2017-11-20T08:36:47 [main.py:525 - <module>()] INFO: Waiting For the Dome to Open at Beginning of Night
2017-11-20T08:37:47 [main.py:525 - <module>()] INFO: Waiting For the Dome to Open at Beginning of Night
2017-11-20T08:38:48 [main.py:525 - <module>()] INFO: Waiting For the Dome to Open at Beginning of Night
2017-11-20T08:39:48 [main.py:525 - <module>()] INFO: Waiting For the Dome to Open at Beginning of Night
2017-11-20T08:40:48 [main.py:525 - <module>()] INFO: Waiting For the Dome to Open at Beginning of Night
2017-11-20T08:41:48 [main.py:525 - <module>()] INFO: Waiting For the Dome to Open at Beginning of Night
2017-11-20T08:42:49 [main.py:525 - <module>()] INFO: Waiting For the Dome to Open at Beginning of Night
2017-11-20T08:43:49 [main.py:525 - <module>()] INFO: Waiting For the Dome to Open at Beginning of Night
2017-11-20T08:44:49 [main.py:525 - <module>()] INFO: Waiting For the Dome to Open at Beginning of Night
2017-11-20T08:45:49 [main.py:525 - <module>()] INFO: Waiting For the Dome to Open at Beginning of Night
2017-11-20T08:46:50 [main.py:525 - <module>()] INFO: Waiting For the Dome to Open at Beginning of Night
2017-11-20T08:47:50 [main.py:525 - <module>()] INFO: Waiting For the Dome to Open at Beginning of Night
2017-11-20T08:48:50 [main.py:525 - <module>()] INFO: Waiting For the Dome to Open at Beginning of Night
2017-11-20T08:49:51 [main.py:525 - <module>()] INFO: Waiting For the Dome to Open at Beginning of Night
2017-11-20T08:50:51 [main.py:525 - <module>()] INFO: Waiting For the Dome to Open at Beginning of Night
2017-11-20T08:51:51 [main.py:525 - <module>()] INFO: Waiting For the Dome to Open at Beginning of Night
2017-11-20T08:52:51 [main.py:525 - <module>()] INFO: Waiting For the Dome to Open at Beginning of Night
2017-11-20T08:53:52 [main.py:525 - <module>()] INFO: Waiting For the Dome to Open at Beginning of Night
2017-11-20T08:54:52 [main.py:525 - <module>()] INFO: Waiting For the Dome to Open at Beginning of Night
2017-11-20T08:55:52 [main.py:525 - <module>()] INFO: Waiting For the Dome to Open at Beginning of Night
2017-11-20T08:56:53 [main.py:525 - <module>()] INFO: Waiting For the Dome to Open at Beginning of Night
2017-11-20T08:57:53 [main.py:525 - <module>()] INFO: Waiting For the Dome to Open at Beginning of Night
2017-11-20T08:58:53 [main.py:525 - <module>()] INFO: Waiting For the Dome to Open at Beginning of Night
2017-11-20T08:59:53 [main.py:525 - <module>()] INFO: Waiting For the Dome to Open at Beginning of Night
2017-11-20T09:00:54 [main.py:525 - <module>()] INFO: Waiting For the Dome to Open at Beginning of Night
2017-11-20T09:01:54 [main.py:525 - <module>()] INFO: Waiting For the Dome to Open at Beginning of Night
2017-11-20T09:02:54 [main.py:525 - <module>()] INFO: Waiting For the Dome to Open at Beginning of Night
2017-11-20T09:03:55 [main.py:525 - <module>()] INFO: Waiting For the Dome to Open at Beginning of Night
2017-11-20T09:04:55 [main.py:525 - <module>()] INFO: Waiting For the Dome to Open at Beginning of Night
2017-11-20T09:05:55 [main.py:525 - <module>()] INFO: Waiting For the Dome to Open at Beginning of Night
2017-11-20T09:06:55 [main.py:525 - <module>()] INFO: Waiting For the Dome to Open at Beginning of Night
2017-11-20T09:07:55 [main.py:525 - <module>()] INFO: Waiting For the Dome to Open at Beginning of Night
2017-11-20T09:08:56 [main.py:525 - <module>()] INFO: Waiting For the Dome to Open at Beginning of Night
2017-11-20T09:09:56 [main.py:525 - <module>()] INFO: Waiting For the Dome to Open at Beginning of Night
2017-11-20T09:10:56 [main.py:525 - <module>()] INFO: Waiting For the Dome to Open at Beginning of Night
2017-11-20T09:11:56 [main.py:525 - <module>()] INFO: Waiting For the Dome to Open at Beginning of Night
2017-11-20T09:12:57 [main.py:525 - <module>()] INFO: Waiting For the Dome to Open at Beginning of Night
2017-11-20T09:13:57 [main.py:525 - <module>()] INFO: Waiting For the Dome to Open at Beginning of Night
2017-11-20T09:14:57 [main.py:525 - <module>()] INFO: Waiting For the Dome to Open at Beginning of Night
2017-11-20T09:15:57 [main.py:525 - <module>()] INFO: Waiting For the Dome to Open at Beginning of Night
2017-11-20T09:16:58 [main.py:525 - <module>()] INFO: Waiting For the Dome to Open at Beginning of Night
2017-11-20T09:17:58 [main.py:525 - <module>()] INFO: Waiting For the Dome to Open at Beginning of Night
2017-11-20T09:18:58 [main.py:525 - <module>()] INFO: Waiting For the Dome to Open at Beginning of Night
2017-11-20T09:19:59 [main.py:525 - <module>()] INFO: Waiting For the Dome to Open at Beginning of Night
2017-11-20T09:20:59 [main.py:525 - <module>()] INFO: Waiting For the Dome to Open at Beginning of Night
2017-11-20T09:21:59 [main.py:525 - <module>()] INFO: Waiting For the Dome to Open at Beginning of Night
2017-11-20T09:22:59 [main.py:525 - <module>()] INFO: Waiting For the Dome to Open at Beginning of Night
2017-11-20T09:23:59 [main.py:525 - <module>()] INFO: Waiting For the Dome to Open at Beginning of Night
2017-11-20T09:25:00 [main.py:525 - <module>()] INFO: Waiting For the Dome to Open at Beginning of Night
2017-11-20T09:26:00 [main.py:525 - <module>()] INFO: Waiting For the Dome to Open at Beginning of Night
2017-11-20T09:27:00 [main.py:525 - <module>()] INFO: Waiting For the Dome to Open at Beginning of Night
2017-11-20T09:28:01 [main.py:525 - <module>()] INFO: Waiting For the Dome to Open at Beginning of Night
2017-11-20T09:29:01 [main.py:525 - <module>()] INFO: Waiting For the Dome to Open at Beginning of Night
2017-11-20T09:30:01 [main.py:525 - <module>()] INFO: Waiting For the Dome to Open at Beginning of Night
2017-11-20T09:31:01 [main.py:525 - <module>()] INFO: Waiting For the Dome to Open at Beginning of Night
2017-11-20T09:32:02 [main.py:525 - <module>()] INFO: Waiting For the Dome to Open at Beginning of Night
2017-11-20T09:33:02 [main.py:525 - <module>()] INFO: Waiting For the Dome to Open at Beginning of Night
2017-11-20T09:34:02 [main.py:525 - <module>()] INFO: Waiting For the Dome to Open at Beginning of Night
2017-11-20T09:35:02 [main.py:525 - <module>()] INFO: Waiting For the Dome to Open at Beginning of Night
2017-11-20T09:36:03 [main.py:525 - <module>()] INFO: Waiting For the Dome to Open at Beginning of Night
2017-11-20T09:37:03 [main.py:525 - <module>()] INFO: Waiting For the Dome to Open at Beginning of Night
2017-11-20T09:38:03 [main.py:525 - <module>()] INFO: Waiting For the Dome to Open at Beginning of Night
2017-11-20T09:39:03 [main.py:525 - <module>()] INFO: Waiting For the Dome to Open at Beginning of Night
2017-11-20T09:40:04 [main.py:525 - <module>()] INFO: Waiting For the Dome to Open at Beginning of Night
2017-11-20T09:41:04 [main.py:525 - <module>()] INFO: Waiting For the Dome to Open at Beginning of Night
2017-11-20T09:42:04 [main.py:525 - <module>()] INFO: Waiting For the Dome to Open at Beginning of Night
2017-11-20T09:43:04 [main.py:525 - <module>()] INFO: Waiting For the Dome to Open at Beginning of Night
2017-11-20T09:44:05 [main.py:525 - <module>()] INFO: Waiting For the Dome to Open at Beginning of Night
2017-11-20T09:45:05 [main.py:525 - <module>()] INFO: Waiting For the Dome to Open at Beginning of Night
2017-11-20T09:46:05 [main.py:525 - <module>()] INFO: Waiting For the Dome to Open at Beginning of Night
2017-11-20T09:47:05 [main.py:525 - <module>()] INFO: Waiting For the Dome to Open at Beginning of Night
2017-11-20T09:48:06 [main.py:525 - <module>()] INFO: Waiting For the Dome to Open at Beginning of Night
2017-11-20T09:49:06 [main.py:525 - <module>()] INFO: Waiting For the Dome to Open at Beginning of Night
2017-11-20T09:50:06 [main.py:525 - <module>()] INFO: Waiting For the Dome to Open at Beginning of Night
2017-11-20T09:51:06 [main.py:525 - <module>()] INFO: Waiting For the Dome to Open at Beginning of Night
2017-11-20T09:52:07 [main.py:525 - <module>()] INFO: Waiting For the Dome to Open at Beginning of Night
2017-11-20T09:53:07 [main.py:525 - <module>()] INFO: Waiting For the Dome to Open at Beginning of Night
2017-11-20T09:54:07 [main.py:525 - <module>()] INFO: Waiting For the Dome to Open at Beginning of Night
2017-11-20T09:55:07 [main.py:525 - <module>()] INFO: Waiting For the Dome to Open at Beginning of Night
2017-11-20T09:56:08 [main.py:525 - <module>()] INFO: Waiting For the Dome to Open at Beginning of Night
2017-11-20T09:57:08 [main.py:525 - <module>()] INFO: Waiting For the Dome to Open at Beginning of Night
2017-11-20T09:58:08 [main.py:525 - <module>()] INFO: Waiting For the Dome to Open at Beginning of Night
2017-11-20T09:59:08 [main.py:525 - <module>()] INFO: Waiting For the Dome to Open at Beginning of Night
2017-11-20T10:00:09 [main.py:525 - <module>()] INFO: Waiting For the Dome to Open at Beginning of Night
2017-11-20T10:01:09 [main.py:525 - <module>()] INFO: Waiting For the Dome to Open at Beginning of Night
2017-11-20T10:02:09 [main.py:525 - <module>()] INFO: Waiting For the Dome to Open at Beginning of Night
2017-11-20T10:03:09 [main.py:525 - <module>()] INFO: Waiting For the Dome to Open at Beginning of Night
2017-11-20T10:04:10 [main.py:525 - <module>()] INFO: Waiting For the Dome to Open at Beginning of Night
2017-11-20T10:05:10 [main.py:525 - <module>()] INFO: Waiting For the Dome to Open at Beginning of Night
2017-11-20T10:06:10 [main.py:525 - <module>()] INFO: Waiting For the Dome to Open at Beginning of Night
2017-11-20T10:07:11 [main.py:525 - <module>()] INFO: Waiting For the Dome to Open at Beginning of Night
2017-11-20T10:08:11 [main.py:525 - <module>()] INFO: Waiting For the Dome to Open at Beginning of Night
2017-11-20T10:09:11 [main.py:525 - <module>()] INFO: Waiting For the Dome to Open at Beginning of Night
2017-11-20T10:10:11 [main.py:525 - <module>()] INFO: Waiting For the Dome to Open at Beginning of Night
2017-11-20T10:11:12 [main.py:525 - <module>()] INFO: Waiting For the Dome to Open at Beginning of Night
2017-11-20T10:12:12 [main.py:525 - <module>()] INFO: Waiting For the Dome to Open at Beginning of Night
2017-11-20T10:13:12 [main.py:525 - <module>()] INFO: Waiting For the Dome to Open at Beginning of Night
2017-11-20T10:14:12 [main.py:525 - <module>()] INFO: Waiting For the Dome to Open at Beginning of Night
2017-11-20T10:15:13 [main.py:525 - <module>()] INFO: Waiting For the Dome to Open at Beginning of Night
2017-11-20T10:16:13 [main.py:525 - <module>()] INFO: Waiting For the Dome to Open at Beginning of Night
2017-11-20T10:17:13 [main.py:525 - <module>()] INFO: Waiting For the Dome to Open at Beginning of Night
2017-11-20T10:18:13 [main.py:525 - <module>()] INFO: Waiting For the Dome to Open at Beginning of Night
2017-11-20T10:19:14 [main.py:525 - <module>()] INFO: Waiting For the Dome to Open at Beginning of Night
2017-11-20T10:20:14 [main.py:525 - <module>()] INFO: Waiting For the Dome to Open at Beginning of Night
2017-11-20T10:21:14 [main.py:525 - <module>()] INFO: Waiting For the Dome to Open at Beginning of Night
2017-11-20T10:22:14 [main.py:525 - <module>()] INFO: Waiting For the Dome to Open at Beginning of Night
2017-11-20T10:23:15 [main.py:525 - <module>()] INFO: Waiting For the Dome to Open at Beginning of Night
2017-11-20T10:24:15 [main.py:525 - <module>()] INFO: Waiting For the Dome to Open at Beginning of Night
2017-11-20T10:25:15 [main.py:525 - <module>()] INFO: Waiting For the Dome to Open at Beginning of Night
2017-11-20T10:26:15 [main.py:525 - <module>()] INFO: Waiting For the Dome to Open at Beginning of Night
2017-11-20T10:27:16 [main.py:525 - <module>()] INFO: Waiting For the Dome to Open at Beginning of Night
2017-11-20T10:28:16 [main.py:525 - <module>()] INFO: Waiting For the Dome to Open at Beginning of Night
2017-11-20T10:29:16 [main.py:525 - <module>()] INFO: Waiting For the Dome to Open at Beginning of Night
2017-11-20T10:30:16 [main.py:525 - <module>()] INFO: Waiting For the Dome to Open at Beginning of Night
2017-11-20T10:31:17 [main.py:525 - <module>()] INFO: Waiting For the Dome to Open at Beginning of Night
2017-11-20T10:32:17 [main.py:525 - <module>()] INFO: Waiting For the Dome to Open at Beginning of Night
2017-11-20T10:33:17 [main.py:525 - <module>()] INFO: Waiting For the Dome to Open at Beginning of Night
2017-11-20T10:34:17 [main.py:525 - <module>()] INFO: Waiting For the Dome to Open at Beginning of Night
2017-11-20T10:35:18 [main.py:525 - <module>()] INFO: Waiting For the Dome to Open at Beginning of Night
2017-11-20T10:36:18 [main.py:525 - <module>()] INFO: Waiting For the Dome to Open at Beginning of Night
2017-11-20T10:37:18 [main.py:525 - <module>()] INFO: Waiting For the Dome to Open at Beginning of Night
2017-11-20T10:38:19 [main.py:525 - <module>()] INFO: Waiting For the Dome to Open at Beginning of Night
2017-11-20T10:39:19 [main.py:525 - <module>()] INFO: Waiting For the Dome to Open at Beginning of Night
2017-11-20T10:40:19 [main.py:525 - <module>()] INFO: Waiting For the Dome to Open at Beginning of Night
2017-11-20T10:41:19 [main.py:525 - <module>()] INFO: Waiting For the Dome to Open at Beginning of Night
2017-11-20T10:42:20 [main.py:525 - <module>()] INFO: Waiting For the Dome to Open at Beginning of Night
2017-11-20T10:43:20 [main.py:525 - <module>()] INFO: Waiting For the Dome to Open at Beginning of Night
2017-11-20T10:44:20 [main.py:525 - <module>()] INFO: Waiting For the Dome to Open at Beginning of Night
2017-11-20T10:45:20 [main.py:525 - <module>()] INFO: Waiting For the Dome to Open at Beginning of Night
2017-11-20T10:46:21 [main.py:525 - <module>()] INFO: Waiting For the Dome to Open at Beginning of Night
2017-11-20T10:47:21 [main.py:525 - <module>()] INFO: Waiting For the Dome to Open at Beginning of Night
2017-11-20T10:48:21 [main.py:525 - <module>()] INFO: Waiting For the Dome to Open at Beginning of Night
2017-11-20T10:49:21 [main.py:525 - <module>()] INFO: Waiting For the Dome to Open at Beginning of Night
2017-11-20T10:50:22 [main.py:525 - <module>()] INFO: Waiting For the Dome to Open at Beginning of Night
2017-11-20T10:51:22 [main.py:525 - <module>()] INFO: Waiting For the Dome to Open at Beginning of Night
2017-11-20T10:52:22 [main.py:525 - <module>()] INFO: Waiting For the Dome to Open at Beginning of Night
2017-11-20T10:53:22 [main.py:525 - <module>()] INFO: Waiting For the Dome to Open at Beginning of Night
2017-11-20T10:54:23 [main.py:525 - <module>()] INFO: Waiting For the Dome to Open at Beginning of Night
2017-11-20T10:55:23 [main.py:525 - <module>()] INFO: Waiting For the Dome to Open at Beginning of Night
2017-11-20T10:56:23 [main.py:525 - <module>()] INFO: Waiting For the Dome to Open at Beginning of Night
2017-11-20T10:57:23 [main.py:525 - <module>()] INFO: Waiting For the Dome to Open at Beginning of Night
2017-11-20T10:58:24 [main.py:525 - <module>()] INFO: Waiting For the Dome to Open at Beginning of Night
2017-11-20T10:59:24 [main.py:525 - <module>()] INFO: Waiting For the Dome to Open at Beginning of Night
2017-11-20T11:00:24 [main.py:525 - <module>()] INFO: Waiting For the Dome to Open at Beginning of Night
2017-11-20T11:01:25 [main.py:525 - <module>()] INFO: Waiting For the Dome to Open at Beginning of Night
2017-11-20T11:02:25 [main.py:525 - <module>()] INFO: Waiting For the Dome to Open at Beginning of Night
2017-11-20T11:03:25 [main.py:525 - <module>()] INFO: Waiting For the Dome to Open at Beginning of Night
2017-11-20T11:04:25 [main.py:525 - <module>()] INFO: Waiting For the Dome to Open at Beginning of Night
2017-11-20T11:05:26 [main.py:525 - <module>()] INFO: Waiting For the Dome to Open at Beginning of Night
2017-11-20T11:06:26 [main.py:525 - <module>()] INFO: Waiting For the Dome to Open at Beginning of Night
2017-11-20T11:07:26 [main.py:525 - <module>()] INFO: Waiting For the Dome to Open at Beginning of Night
2017-11-20T11:08:26 [main.py:525 - <module>()] INFO: Waiting For the Dome to Open at Beginning of Night
2017-11-20T11:09:27 [main.py:525 - <module>()] INFO: Waiting For the Dome to Open at Beginning of Night
2017-11-20T11:10:27 [main.py:525 - <module>()] INFO: Waiting For the Dome to Open at Beginning of Night
2017-11-20T11:11:27 [main.py:525 - <module>()] INFO: Waiting For the Dome to Open at Beginning of Night
2017-11-20T11:12:27 [main.py:525 - <module>()] INFO: Waiting For the Dome to Open at Beginning of Night
2017-11-20T11:13:28 [main.py:525 - <module>()] INFO: Waiting For the Dome to Open at Beginning of Night
2017-11-20T11:14:28 [main.py:525 - <module>()] INFO: Waiting For the Dome to Open at Beginning of Night
2017-11-20T11:15:28 [main.py:525 - <module>()] INFO: Waiting For the Dome to Open at Beginning of Night
2017-11-20T11:16:28 [main.py:525 - <module>()] INFO: Waiting For the Dome to Open at Beginning of Night
2017-11-20T11:17:29 [main.py:525 - <module>()] INFO: Waiting For the Dome to Open at Beginning of Night
2017-11-20T11:18:29 [main.py:525 - <module>()] INFO: Waiting For the Dome to Open at Beginning of Night
2017-11-20T11:19:29 [main.py:525 - <module>()] INFO: Waiting For the Dome to Open at Beginning of Night
2017-11-20T11:20:29 [main.py:525 - <module>()] INFO: Waiting For the Dome to Open at Beginning of Night
2017-11-20T11:21:30 [main.py:525 - <module>()] INFO: Waiting For the Dome to Open at Beginning of Night
2017-11-20T11:22:30 [main.py:525 - <module>()] INFO: Waiting For the Dome to Open at Beginning of Night
2017-11-20T11:23:30 [main.py:525 - <module>()] INFO: Waiting For the Dome to Open at Beginning of Night
2017-11-20T11:24:31 [main.py:525 - <module>()] INFO: Waiting For the Dome to Open at Beginning of Night
2017-11-20T11:25:31 [main.py:525 - <module>()] INFO: Waiting For the Dome to Open at Beginning of Night
2017-11-20T11:26:31 [main.py:525 - <module>()] INFO: Waiting For the Dome to Open at Beginning of Night
2017-11-20T11:27:31 [main.py:525 - <module>()] INFO: Waiting For the Dome to Open at Beginning of Night
2017-11-20T11:28:31 [main.py:525 - <module>()] INFO: Waiting For the Dome to Open at Beginning of Night
2017-11-20T11:29:32 [main.py:525 - <module>()] INFO: Waiting For the Dome to Open at Beginning of Night
2017-11-20T11:30:32 [main.py:525 - <module>()] INFO: Waiting For the Dome to Open at Beginning of Night
2017-11-20T11:31:32 [main.py:525 - <module>()] INFO: Waiting For the Dome to Open at Beginning of Night
2017-11-20T11:32:32 [main.py:525 - <module>()] INFO: Waiting For the Dome to Open at Beginning of Night
2017-11-20T11:33:33 [main.py:525 - <module>()] INFO: Waiting For the Dome to Open at Beginning of Night
2017-11-20T11:34:33 [main.py:525 - <module>()] INFO: Waiting For the Dome to Open at Beginning of Night
2017-11-20T11:35:33 [main.py:525 - <module>()] INFO: Waiting For the Dome to Open at Beginning of Night
2017-11-20T11:36:33 [main.py:525 - <module>()] INFO: Waiting For the Dome to Open at Beginning of Night
2017-11-20T11:37:34 [main.py:525 - <module>()] INFO: Waiting For the Dome to Open at Beginning of Night
2017-11-20T11:38:34 [main.py:525 - <module>()] INFO: Waiting For the Dome to Open at Beginning of Night
2017-11-20T11:39:34 [main.py:525 - <module>()] INFO: Waiting For the Dome to Open at Beginning of Night
2017-11-20T11:40:34 [main.py:525 - <module>()] INFO: Waiting For the Dome to Open at Beginning of Night
2017-11-20T11:41:35 [main.py:525 - <module>()] INFO: Waiting For the Dome to Open at Beginning of Night
2017-11-20T11:42:35 [main.py:525 - <module>()] INFO: Waiting For the Dome to Open at Beginning of Night
2017-11-20T11:43:35 [main.py:525 - <module>()] INFO: Waiting For the Dome to Open at Beginning of Night
2017-11-20T11:44:36 [main.py:525 - <module>()] INFO: Waiting For the Dome to Open at Beginning of Night
2017-11-20T11:45:36 [main.py:525 - <module>()] INFO: Waiting For the Dome to Open at Beginning of Night
2017-11-20T11:46:36 [main.py:525 - <module>()] INFO: Waiting For the Dome to Open at Beginning of Night
2017-11-20T11:47:36 [main.py:525 - <module>()] INFO: Waiting For the Dome to Open at Beginning of Night
2017-11-20T11:48:37 [main.py:525 - <module>()] INFO: Waiting For the Dome to Open at Beginning of Night
2017-11-20T11:49:37 [main.py:525 - <module>()] INFO: Waiting For the Dome to Open at Beginning of Night
2017-11-20T11:50:37 [main.py:525 - <module>()] INFO: Waiting For the Dome to Open at Beginning of Night
2017-11-20T11:51:37 [main.py:525 - <module>()] INFO: Waiting For the Dome to Open at Beginning of Night
2017-11-20T11:52:38 [main.py:525 - <module>()] INFO: Waiting For the Dome to Open at Beginning of Night
2017-11-20T11:53:38 [main.py:525 - <module>()] INFO: Waiting For the Dome to Open at Beginning of Night
2017-11-20T11:54:38 [main.py:525 - <module>()] INFO: Waiting For the Dome to Open at Beginning of Night
2017-11-20T11:55:38 [main.py:525 - <module>()] INFO: Waiting For the Dome to Open at Beginning of Night
2017-11-20T11:56:39 [main.py:525 - <module>()] INFO: Waiting For the Dome to Open at Beginning of Night
2017-11-20T11:57:39 [main.py:525 - <module>()] INFO: Waiting For the Dome to Open at Beginning of Night
2017-11-20T11:58:39 [main.py:525 - <module>()] INFO: Waiting For the Dome to Open at Beginning of Night
2017-11-20T11:59:39 [main.py:525 - <module>()] INFO: Waiting For the Dome to Open at Beginning of Night
2017-11-20T12:00:40 [main.py:525 - <module>()] INFO: Waiting For the Dome to Open at Beginning of Night
2017-11-20T12:01:40 [main.py:525 - <module>()] INFO: Waiting For the Dome to Open at Beginning of Night
2017-11-20T12:02:40 [main.py:525 - <module>()] INFO: Waiting For the Dome to Open at Beginning of Night
2017-11-20T12:03:40 [main.py:525 - <module>()] INFO: Waiting For the Dome to Open at Beginning of Night
2017-11-20T12:04:41 [main.py:525 - <module>()] INFO: Waiting For the Dome to Open at Beginning of Night
2017-11-20T12:05:41 [main.py:525 - <module>()] INFO: Waiting For the Dome to Open at Beginning of Night
2017-11-20T12:06:41 [main.py:525 - <module>()] INFO: Waiting For the Dome to Open at Beginning of Night
2017-11-20T12:07:41 [main.py:525 - <module>()] INFO: Waiting For the Dome to Open at Beginning of Night
2017-11-20T12:08:42 [main.py:525 - <module>()] INFO: Waiting For the Dome to Open at Beginning of Night
2017-11-20T12:09:42 [main.py:525 - <module>()] INFO: Waiting For the Dome to Open at Beginning of Night
2017-11-20T12:10:42 [main.py:525 - <module>()] INFO: Waiting For the Dome to Open at Beginning of Night
2017-11-20T12:11:43 [main.py:525 - <module>()] INFO: Waiting For the Dome to Open at Beginning of Night
2017-11-20T12:12:43 [main.py:525 - <module>()] INFO: Waiting For the Dome to Open at Beginning of Night
2017-11-20T12:13:43 [main.py:525 - <module>()] INFO: Waiting For the Dome to Open at Beginning of Night
2017-11-20T12:14:43 [main.py:525 - <module>()] INFO: Waiting For the Dome to Open at Beginning of Night
2017-11-20T12:15:44 [main.py:525 - <module>()] INFO: Waiting For the Dome to Open at Beginning of Night
2017-11-20T12:16:44 [main.py:525 - <module>()] INFO: Waiting For the Dome to Open at Beginning of Night
2017-11-20T12:17:44 [main.py:525 - <module>()] INFO: Waiting For the Dome to Open at Beginning of Night
2017-11-20T12:18:44 [main.py:525 - <module>()] INFO: Waiting For the Dome to Open at Beginning of Night
2017-11-20T12:19:45 [main.py:525 - <module>()] INFO: Waiting For the Dome to Open at Beginning of Night
2017-11-20T12:20:45 [main.py:525 - <module>()] INFO: Waiting For the Dome to Open at Beginning of Night
2017-11-20T12:21:45 [main.py:525 - <module>()] INFO: Waiting For the Dome to Open at Beginning of Night
2017-11-20T12:22:45 [main.py:525 - <module>()] INFO: Waiting For the Dome to Open at Beginning of Night
2017-11-20T12:23:46 [main.py:525 - <module>()] INFO: Waiting For the Dome to Open at Beginning of Night
2017-11-20T12:24:46 [main.py:525 - <module>()] INFO: Waiting For the Dome to Open at Beginning of Night
2017-11-20T12:25:46 [main.py:525 - <module>()] INFO: Waiting For the Dome to Open at Beginning of Night
2017-11-20T12:26:46 [main.py:525 - <module>()] INFO: Waiting For the Dome to Open at Beginning of Night
2017-11-20T12:27:47 [main.py:525 - <module>()] INFO: Waiting For the Dome to Open at Beginning of Night
2017-11-20T12:28:47 [main.py:525 - <module>()] INFO: Waiting For the Dome to Open at Beginning of Night
2017-11-20T12:29:47 [main.py:525 - <module>()] INFO: Waiting For the Dome to Open at Beginning of Night
2017-11-20T12:30:47 [main.py:525 - <module>()] INFO: Waiting For the Dome to Open at Beginning of Night
2017-11-20T12:31:48 [main.py:525 - <module>()] INFO: Waiting For the Dome to Open at Beginning of Night
2017-11-20T12:32:48 [main.py:525 - <module>()] INFO: Waiting For the Dome to Open at Beginning of Night
2017-11-20T12:33:48 [main.py:525 - <module>()] INFO: Waiting For the Dome to Open at Beginning of Night
2017-11-20T12:34:48 [main.py:525 - <module>()] INFO: Waiting For the Dome to Open at Beginning of Night
2017-11-20T12:35:49 [main.py:525 - <module>()] INFO: Waiting For the Dome to Open at Beginning of Night
2017-11-20T12:36:49 [main.py:525 - <module>()] INFO: Waiting For the Dome to Open at Beginning of Night
2017-11-20T12:37:49 [main.py:525 - <module>()] INFO: Waiting For the Dome to Open at Beginning of Night
2017-11-20T12:38:49 [main.py:525 - <module>()] INFO: Waiting For the Dome to Open at Beginning of Night
2017-11-20T12:39:50 [main.py:525 - <module>()] INFO: Waiting For the Dome to Open at Beginning of Night
2017-11-20T12:40:50 [main.py:525 - <module>()] INFO: Waiting For the Dome to Open at Beginning of Night
2017-11-20T12:41:50 [main.py:525 - <module>()] INFO: Waiting For the Dome to Open at Beginning of Night
2017-11-20T12:42:51 [main.py:525 - <module>()] INFO: Waiting For the Dome to Open at Beginning of Night
2017-11-20T12:43:51 [main.py:525 - <module>()] INFO: Waiting For the Dome to Open at Beginning of Night
2017-11-20T12:44:51 [main.py:525 - <module>()] INFO: Waiting For the Dome to Open at Beginning of Night
2017-11-20T12:45:51 [main.py:525 - <module>()] INFO: Waiting For the Dome to Open at Beginning of Night
2017-11-20T12:46:52 [main.py:525 - <module>()] INFO: Waiting For the Dome to Open at Beginning of Night
2017-11-20T12:47:52 [main.py:525 - <module>()] INFO: Waiting For the Dome to Open at Beginning of Night
2017-11-20T12:48:52 [main.py:525 - <module>()] INFO: Waiting For the Dome to Open at Beginning of Night
2017-11-20T12:49:52 [main.py:525 - <module>()] INFO: Waiting For the Dome to Open at Beginning of Night
2017-11-20T12:50:52 [main.py:525 - <module>()] INFO: Waiting For the Dome to Open at Beginning of Night
2017-11-20T12:50:52 [main.py:532 - <module>()] INFO: Past Nautical Twilight. Should close up
2017-11-20T12:50:52 [main.py:575 - <module>()] INFO: Parking Telescope (even if it never unparked)
