2017-11-28T00:48:45 [main.py:499 - <module>()] INFO: Taking 30 Biases
2017-11-28T00:48:45 [main.py:163 - doDark()] INFO: Taking BIAS 1 of 30 (exptime = 0)
2017-11-28T00:48:45 [main.py:227 - takeImage()] INFO: Taking 0 second image
2017-11-28T00:48:51 [main.py:248 - takeImage()] INFO: Saving image: C:/camal/data/n20171128//0001BIAS.0.fits
2017-11-28T00:48:51 [main.py:163 - doDark()] INFO: Taking BIAS 2 of 30 (exptime = 0)
2017-11-28T00:48:51 [main.py:227 - takeImage()] INFO: Taking 0 second image
2017-11-28T00:48:52 [main.py:248 - takeImage()] INFO: Saving image: C:/camal/data/n20171128//0002BIAS.0.fits
2017-11-28T00:48:52 [main.py:163 - doDark()] INFO: Taking BIAS 3 of 30 (exptime = 0)
2017-11-28T00:48:52 [main.py:227 - takeImage()] INFO: Taking 0 second image
2017-11-28T00:48:53 [main.py:248 - takeImage()] INFO: Saving image: C:/camal/data/n20171128//0003BIAS.0.fits
2017-11-28T00:48:53 [main.py:163 - doDark()] INFO: Taking BIAS 4 of 30 (exptime = 0)
2017-11-28T00:48:53 [main.py:227 - takeImage()] INFO: Taking 0 second image
2017-11-28T00:48:55 [main.py:248 - takeImage()] INFO: Saving image: C:/camal/data/n20171128//0004BIAS.0.fits
2017-11-28T00:48:55 [main.py:163 - doDark()] INFO: Taking BIAS 5 of 30 (exptime = 0)
2017-11-28T00:48:55 [main.py:227 - takeImage()] INFO: Taking 0 second image
2017-11-28T00:48:56 [main.py:248 - takeImage()] INFO: Saving image: C:/camal/data/n20171128//0005BIAS.0.fits
2017-11-28T00:48:56 [main.py:163 - doDark()] INFO: Taking BIAS 6 of 30 (exptime = 0)
2017-11-28T00:48:56 [main.py:227 - takeImage()] INFO: Taking 0 second image
2017-11-28T00:48:57 [main.py:248 - takeImage()] INFO: Saving image: C:/camal/data/n20171128//0006BIAS.0.fits
2017-11-28T00:48:58 [main.py:163 - doDark()] INFO: Taking BIAS 7 of 30 (exptime = 0)
2017-11-28T00:48:58 [main.py:227 - takeImage()] INFO: Taking 0 second image
2017-11-28T00:48:59 [main.py:248 - takeImage()] INFO: Saving image: C:/camal/data/n20171128//0007BIAS.0.fits
2017-11-28T00:48:59 [main.py:163 - doDark()] INFO: Taking BIAS 8 of 30 (exptime = 0)
2017-11-28T00:48:59 [main.py:227 - takeImage()] INFO: Taking 0 second image
2017-11-28T00:49:00 [main.py:248 - takeImage()] INFO: Saving image: C:/camal/data/n20171128//0008BIAS.0.fits
2017-11-28T00:49:00 [main.py:163 - doDark()] INFO: Taking BIAS 9 of 30 (exptime = 0)
2017-11-28T00:49:00 [main.py:227 - takeImage()] INFO: Taking 0 second image
2017-11-28T00:49:02 [main.py:248 - takeImage()] INFO: Saving image: C:/camal/data/n20171128//0009BIAS.0.fits
2017-11-28T00:49:02 [main.py:163 - doDark()] INFO: Taking BIAS 10 of 30 (exptime = 0)
2017-11-28T00:49:02 [main.py:227 - takeImage()] INFO: Taking 0 second image
2017-11-28T00:49:03 [main.py:248 - takeImage()] INFO: Saving image: C:/camal/data/n20171128//0010BIAS.0.fits
2017-11-28T00:49:03 [main.py:163 - doDark()] INFO: Taking BIAS 11 of 30 (exptime = 0)
2017-11-28T00:49:03 [main.py:227 - takeImage()] INFO: Taking 0 second image
2017-11-28T00:49:04 [main.py:248 - takeImage()] INFO: Saving image: C:/camal/data/n20171128//0011BIAS.0.fits
2017-11-28T00:49:05 [main.py:163 - doDark()] INFO: Taking BIAS 12 of 30 (exptime = 0)
2017-11-28T00:49:05 [main.py:227 - takeImage()] INFO: Taking 0 second image
2017-11-28T00:49:06 [main.py:248 - takeImage()] INFO: Saving image: C:/camal/data/n20171128//0012BIAS.0.fits
2017-11-28T00:49:06 [main.py:163 - doDark()] INFO: Taking BIAS 13 of 30 (exptime = 0)
2017-11-28T00:49:06 [main.py:227 - takeImage()] INFO: Taking 0 second image
2017-11-28T00:49:07 [main.py:248 - takeImage()] INFO: Saving image: C:/camal/data/n20171128//0013BIAS.0.fits
2017-11-28T00:49:08 [main.py:163 - doDark()] INFO: Taking BIAS 14 of 30 (exptime = 0)
2017-11-28T00:49:08 [main.py:227 - takeImage()] INFO: Taking 0 second image
2017-11-28T00:49:09 [main.py:248 - takeImage()] INFO: Saving image: C:/camal/data/n20171128//0014BIAS.0.fits
2017-11-28T00:49:09 [main.py:163 - doDark()] INFO: Taking BIAS 15 of 30 (exptime = 0)
2017-11-28T00:49:09 [main.py:227 - takeImage()] INFO: Taking 0 second image
2017-11-28T00:49:10 [main.py:248 - takeImage()] INFO: Saving image: C:/camal/data/n20171128//0015BIAS.0.fits
2017-11-28T00:49:10 [main.py:163 - doDark()] INFO: Taking BIAS 16 of 30 (exptime = 0)
2017-11-28T00:49:10 [main.py:227 - takeImage()] INFO: Taking 0 second image
2017-11-28T00:49:12 [main.py:248 - takeImage()] INFO: Saving image: C:/camal/data/n20171128//0016BIAS.0.fits
2017-11-28T00:49:12 [main.py:163 - doDark()] INFO: Taking BIAS 17 of 30 (exptime = 0)
2017-11-28T00:49:12 [main.py:227 - takeImage()] INFO: Taking 0 second image
2017-11-28T00:49:13 [main.py:248 - takeImage()] INFO: Saving image: C:/camal/data/n20171128//0017BIAS.0.fits
2017-11-28T00:49:13 [main.py:163 - doDark()] INFO: Taking BIAS 18 of 30 (exptime = 0)
2017-11-28T00:49:13 [main.py:227 - takeImage()] INFO: Taking 0 second image
2017-11-28T00:49:14 [main.py:248 - takeImage()] INFO: Saving image: C:/camal/data/n20171128//0018BIAS.0.fits
2017-11-28T00:49:15 [main.py:163 - doDark()] INFO: Taking BIAS 19 of 30 (exptime = 0)
2017-11-28T00:49:15 [main.py:227 - takeImage()] INFO: Taking 0 second image
2017-11-28T00:49:16 [main.py:248 - takeImage()] INFO: Saving image: C:/camal/data/n20171128//0019BIAS.0.fits
2017-11-28T00:49:16 [main.py:163 - doDark()] INFO: Taking BIAS 20 of 30 (exptime = 0)
2017-11-28T00:49:16 [main.py:227 - takeImage()] INFO: Taking 0 second image
2017-11-28T00:49:17 [main.py:248 - takeImage()] INFO: Saving image: C:/camal/data/n20171128//0020BIAS.0.fits
2017-11-28T00:49:17 [main.py:163 - doDark()] INFO: Taking BIAS 21 of 30 (exptime = 0)
2017-11-28T00:49:17 [main.py:227 - takeImage()] INFO: Taking 0 second image
2017-11-28T00:49:19 [main.py:248 - takeImage()] INFO: Saving image: C:/camal/data/n20171128//0021BIAS.0.fits
2017-11-28T00:49:19 [main.py:163 - doDark()] INFO: Taking BIAS 22 of 30 (exptime = 0)
2017-11-28T00:49:19 [main.py:227 - takeImage()] INFO: Taking 0 second image
2017-11-28T00:49:20 [main.py:248 - takeImage()] INFO: Saving image: C:/camal/data/n20171128//0022BIAS.0.fits
2017-11-28T00:49:20 [main.py:163 - doDark()] INFO: Taking BIAS 23 of 30 (exptime = 0)
2017-11-28T00:49:20 [main.py:227 - takeImage()] INFO: Taking 0 second image
2017-11-28T00:49:22 [main.py:248 - takeImage()] INFO: Saving image: C:/camal/data/n20171128//0023BIAS.0.fits
2017-11-28T00:49:22 [main.py:163 - doDark()] INFO: Taking BIAS 24 of 30 (exptime = 0)
2017-11-28T00:49:22 [main.py:227 - takeImage()] INFO: Taking 0 second image
2017-11-28T00:49:23 [main.py:248 - takeImage()] INFO: Saving image: C:/camal/data/n20171128//0024BIAS.0.fits
2017-11-28T00:49:23 [main.py:163 - doDark()] INFO: Taking BIAS 25 of 30 (exptime = 0)
2017-11-28T00:49:23 [main.py:227 - takeImage()] INFO: Taking 0 second image
2017-11-28T00:49:24 [main.py:248 - takeImage()] INFO: Saving image: C:/camal/data/n20171128//0025BIAS.0.fits
2017-11-28T00:49:25 [main.py:163 - doDark()] INFO: Taking BIAS 26 of 30 (exptime = 0)
2017-11-28T00:49:25 [main.py:227 - takeImage()] INFO: Taking 0 second image
2017-11-28T00:49:26 [main.py:248 - takeImage()] INFO: Saving image: C:/camal/data/n20171128//0026BIAS.0.fits
2017-11-28T00:49:26 [main.py:163 - doDark()] INFO: Taking BIAS 27 of 30 (exptime = 0)
2017-11-28T00:49:26 [main.py:227 - takeImage()] INFO: Taking 0 second image
2017-11-28T00:49:27 [main.py:248 - takeImage()] INFO: Saving image: C:/camal/data/n20171128//0027BIAS.0.fits
2017-11-28T00:49:27 [main.py:163 - doDark()] INFO: Taking BIAS 28 of 30 (exptime = 0)
2017-11-28T00:49:27 [main.py:227 - takeImage()] INFO: Taking 0 second image
2017-11-28T00:49:29 [main.py:248 - takeImage()] INFO: Saving image: C:/camal/data/n20171128//0028BIAS.0.fits
2017-11-28T00:49:29 [main.py:163 - doDark()] INFO: Taking BIAS 29 of 30 (exptime = 0)
2017-11-28T00:49:29 [main.py:227 - takeImage()] INFO: Taking 0 second image
2017-11-28T00:49:30 [main.py:248 - takeImage()] INFO: Saving image: C:/camal/data/n20171128//0029BIAS.0.fits
2017-11-28T00:49:30 [main.py:163 - doDark()] INFO: Taking BIAS 30 of 30 (exptime = 0)
2017-11-28T00:49:30 [main.py:227 - takeImage()] INFO: Taking 0 second image
2017-11-28T00:49:32 [main.py:248 - takeImage()] INFO: Saving image: C:/camal/data/n20171128//0030BIAS.0.fits
2017-11-28T00:49:32 [main.py:505 - <module>()] INFO: Waiting for nautical twilight to end (1607.943714seconds)
2017-11-28T01:16:20 [main.py:510 - <module>()] INFO: Making Schedule
2017-11-28T01:16:25 [main.py:525 - <module>()] INFO: Waiting For the Dome to Open at Beginning of Night
2017-11-28T01:17:25 [main.py:525 - <module>()] INFO: Waiting For the Dome to Open at Beginning of Night
2017-11-28T01:18:25 [main.py:525 - <module>()] INFO: Waiting For the Dome to Open at Beginning of Night
2017-11-28T01:19:26 [main.py:525 - <module>()] INFO: Waiting For the Dome to Open at Beginning of Night
2017-11-28T01:20:26 [main.py:525 - <module>()] INFO: Waiting For the Dome to Open at Beginning of Night
2017-11-28T01:21:27 [main.py:525 - <module>()] INFO: Waiting For the Dome to Open at Beginning of Night
2017-11-28T01:22:27 [main.py:525 - <module>()] INFO: Waiting For the Dome to Open at Beginning of Night
2017-11-28T01:23:28 [main.py:525 - <module>()] INFO: Waiting For the Dome to Open at Beginning of Night
2017-11-28T01:24:28 [main.py:525 - <module>()] INFO: Waiting For the Dome to Open at Beginning of Night
2017-11-28T01:25:29 [main.py:525 - <module>()] INFO: Waiting For the Dome to Open at Beginning of Night
2017-11-28T01:26:29 [main.py:525 - <module>()] INFO: Waiting For the Dome to Open at Beginning of Night
2017-11-28T01:27:30 [main.py:525 - <module>()] INFO: Waiting For the Dome to Open at Beginning of Night
2017-11-28T01:28:30 [main.py:525 - <module>()] INFO: Waiting For the Dome to Open at Beginning of Night
2017-11-28T01:29:30 [main.py:525 - <module>()] INFO: Waiting For the Dome to Open at Beginning of Night
2017-11-28T01:30:31 [main.py:525 - <module>()] INFO: Waiting For the Dome to Open at Beginning of Night
2017-11-28T01:31:31 [main.py:525 - <module>()] INFO: Waiting For the Dome to Open at Beginning of Night
2017-11-28T01:32:32 [main.py:525 - <module>()] INFO: Waiting For the Dome to Open at Beginning of Night
2017-11-28T01:33:33 [main.py:525 - <module>()] INFO: Waiting For the Dome to Open at Beginning of Night
2017-11-28T01:34:33 [main.py:525 - <module>()] INFO: Waiting For the Dome to Open at Beginning of Night
2017-11-28T01:35:34 [main.py:525 - <module>()] INFO: Waiting For the Dome to Open at Beginning of Night
2017-11-28T01:36:34 [main.py:525 - <module>()] INFO: Waiting For the Dome to Open at Beginning of Night
2017-11-28T01:37:35 [main.py:525 - <module>()] INFO: Waiting For the Dome to Open at Beginning of Night
2017-11-28T01:38:35 [main.py:525 - <module>()] INFO: Waiting For the Dome to Open at Beginning of Night
2017-11-28T01:39:36 [main.py:525 - <module>()] INFO: Waiting For the Dome to Open at Beginning of Night
2017-11-28T01:40:36 [main.py:525 - <module>()] INFO: Waiting For the Dome to Open at Beginning of Night
2017-11-28T01:41:37 [main.py:525 - <module>()] INFO: Waiting For the Dome to Open at Beginning of Night
2017-11-28T01:42:37 [main.py:525 - <module>()] INFO: Waiting For the Dome to Open at Beginning of Night
2017-11-28T01:43:38 [main.py:525 - <module>()] INFO: Waiting For the Dome to Open at Beginning of Night
2017-11-28T01:44:38 [main.py:525 - <module>()] INFO: Waiting For the Dome to Open at Beginning of Night
2017-11-28T01:45:39 [main.py:525 - <module>()] INFO: Waiting For the Dome to Open at Beginning of Night
2017-11-28T01:46:39 [main.py:525 - <module>()] INFO: Waiting For the Dome to Open at Beginning of Night
2017-11-28T01:47:40 [main.py:525 - <module>()] INFO: Waiting For the Dome to Open at Beginning of Night
2017-11-28T01:48:40 [main.py:525 - <module>()] INFO: Waiting For the Dome to Open at Beginning of Night
2017-11-28T01:49:41 [main.py:525 - <module>()] INFO: Waiting For the Dome to Open at Beginning of Night
2017-11-28T01:50:41 [main.py:525 - <module>()] INFO: Waiting For the Dome to Open at Beginning of Night
2017-11-28T01:51:42 [main.py:525 - <module>()] INFO: Waiting For the Dome to Open at Beginning of Night
2017-11-28T01:52:42 [main.py:525 - <module>()] INFO: Waiting For the Dome to Open at Beginning of Night
2017-11-28T01:53:43 [main.py:525 - <module>()] INFO: Waiting For the Dome to Open at Beginning of Night
2017-11-28T01:54:43 [main.py:525 - <module>()] INFO: Waiting For the Dome to Open at Beginning of Night
2017-11-28T01:55:44 [main.py:525 - <module>()] INFO: Waiting For the Dome to Open at Beginning of Night
2017-11-28T01:56:44 [main.py:525 - <module>()] INFO: Waiting For the Dome to Open at Beginning of Night
2017-11-28T01:57:45 [main.py:525 - <module>()] INFO: Waiting For the Dome to Open at Beginning of Night
2017-11-28T01:58:45 [main.py:525 - <module>()] INFO: Waiting For the Dome to Open at Beginning of Night
2017-11-28T01:59:46 [main.py:525 - <module>()] INFO: Waiting For the Dome to Open at Beginning of Night
2017-11-28T02:00:46 [main.py:525 - <module>()] INFO: Waiting For the Dome to Open at Beginning of Night
2017-11-28T02:01:47 [main.py:525 - <module>()] INFO: Waiting For the Dome to Open at Beginning of Night
2017-11-28T02:02:47 [main.py:525 - <module>()] INFO: Waiting For the Dome to Open at Beginning of Night
2017-11-28T02:03:48 [main.py:525 - <module>()] INFO: Waiting For the Dome to Open at Beginning of Night
2017-11-28T02:04:48 [main.py:525 - <module>()] INFO: Waiting For the Dome to Open at Beginning of Night
2017-11-28T02:05:49 [main.py:525 - <module>()] INFO: Waiting For the Dome to Open at Beginning of Night
2017-11-28T02:06:49 [main.py:525 - <module>()] INFO: Waiting For the Dome to Open at Beginning of Night
2017-11-28T02:07:50 [main.py:525 - <module>()] INFO: Waiting For the Dome to Open at Beginning of Night
2017-11-28T02:08:51 [main.py:525 - <module>()] INFO: Waiting For the Dome to Open at Beginning of Night
2017-11-28T02:09:51 [main.py:525 - <module>()] INFO: Waiting For the Dome to Open at Beginning of Night
2017-11-28T02:10:52 [main.py:525 - <module>()] INFO: Waiting For the Dome to Open at Beginning of Night
2017-11-28T02:11:52 [main.py:525 - <module>()] INFO: Waiting For the Dome to Open at Beginning of Night
2017-11-28T02:12:53 [main.py:525 - <module>()] INFO: Waiting For the Dome to Open at Beginning of Night
2017-11-28T02:13:53 [main.py:525 - <module>()] INFO: Waiting For the Dome to Open at Beginning of Night
2017-11-28T02:14:54 [main.py:525 - <module>()] INFO: Waiting For the Dome to Open at Beginning of Night
2017-11-28T02:15:54 [main.py:525 - <module>()] INFO: Waiting For the Dome to Open at Beginning of Night
2017-11-28T02:16:55 [main.py:525 - <module>()] INFO: Waiting For the Dome to Open at Beginning of Night
2017-11-28T02:17:55 [main.py:525 - <module>()] INFO: Waiting For the Dome to Open at Beginning of Night
2017-11-28T02:18:56 [main.py:525 - <module>()] INFO: Waiting For the Dome to Open at Beginning of Night
2017-11-28T02:19:56 [main.py:525 - <module>()] INFO: Waiting For the Dome to Open at Beginning of Night
2017-11-28T02:20:57 [main.py:525 - <module>()] INFO: Waiting For the Dome to Open at Beginning of Night
2017-11-28T02:21:57 [main.py:525 - <module>()] INFO: Waiting For the Dome to Open at Beginning of Night
2017-11-28T02:22:58 [main.py:525 - <module>()] INFO: Waiting For the Dome to Open at Beginning of Night
2017-11-28T02:23:58 [main.py:525 - <module>()] INFO: Waiting For the Dome to Open at Beginning of Night
2017-11-28T02:24:59 [main.py:525 - <module>()] INFO: Waiting For the Dome to Open at Beginning of Night
2017-11-28T02:25:59 [main.py:525 - <module>()] INFO: Waiting For the Dome to Open at Beginning of Night
2017-11-28T02:27:00 [main.py:525 - <module>()] INFO: Waiting For the Dome to Open at Beginning of Night
2017-11-28T02:28:00 [main.py:525 - <module>()] INFO: Waiting For the Dome to Open at Beginning of Night
2017-11-28T02:29:01 [main.py:525 - <module>()] INFO: Waiting For the Dome to Open at Beginning of Night
2017-11-28T02:30:01 [main.py:525 - <module>()] INFO: Waiting For the Dome to Open at Beginning of Night
2017-11-28T02:31:01 [main.py:525 - <module>()] INFO: Waiting For the Dome to Open at Beginning of Night
2017-11-28T02:32:01 [main.py:525 - <module>()] INFO: Waiting For the Dome to Open at Beginning of Night
2017-11-28T02:33:02 [main.py:525 - <module>()] INFO: Waiting For the Dome to Open at Beginning of Night
2017-11-28T02:34:02 [main.py:525 - <module>()] INFO: Waiting For the Dome to Open at Beginning of Night
2017-11-28T02:35:03 [main.py:525 - <module>()] INFO: Waiting For the Dome to Open at Beginning of Night
2017-11-28T02:36:03 [main.py:525 - <module>()] INFO: Waiting For the Dome to Open at Beginning of Night
2017-11-28T02:37:04 [main.py:525 - <module>()] INFO: Waiting For the Dome to Open at Beginning of Night
2017-11-28T02:38:04 [main.py:525 - <module>()] INFO: Waiting For the Dome to Open at Beginning of Night
2017-11-28T02:39:05 [main.py:525 - <module>()] INFO: Waiting For the Dome to Open at Beginning of Night
2017-11-28T02:40:05 [main.py:525 - <module>()] INFO: Waiting For the Dome to Open at Beginning of Night
2017-11-28T02:41:05 [main.py:525 - <module>()] INFO: Waiting For the Dome to Open at Beginning of Night
2017-11-28T02:42:06 [main.py:525 - <module>()] INFO: Waiting For the Dome to Open at Beginning of Night
2017-11-28T02:43:06 [main.py:525 - <module>()] INFO: Waiting For the Dome to Open at Beginning of Night
2017-11-28T02:44:07 [main.py:525 - <module>()] INFO: Waiting For the Dome to Open at Beginning of Night
2017-11-28T02:45:07 [main.py:525 - <module>()] INFO: Waiting For the Dome to Open at Beginning of Night
2017-11-28T02:46:08 [main.py:525 - <module>()] INFO: Waiting For the Dome to Open at Beginning of Night
2017-11-28T02:47:08 [main.py:525 - <module>()] INFO: Waiting For the Dome to Open at Beginning of Night
2017-11-28T02:48:09 [main.py:525 - <module>()] INFO: Waiting For the Dome to Open at Beginning of Night
2017-11-28T02:49:09 [main.py:525 - <module>()] INFO: Waiting For the Dome to Open at Beginning of Night
2017-11-28T02:50:10 [main.py:525 - <module>()] INFO: Waiting For the Dome to Open at Beginning of Night
2017-11-28T02:51:10 [main.py:525 - <module>()] INFO: Waiting For the Dome to Open at Beginning of Night
2017-11-28T02:52:11 [main.py:525 - <module>()] INFO: Waiting For the Dome to Open at Beginning of Night
2017-11-28T02:53:11 [main.py:525 - <module>()] INFO: Waiting For the Dome to Open at Beginning of Night
2017-11-28T02:54:12 [main.py:525 - <module>()] INFO: Waiting For the Dome to Open at Beginning of Night
2017-11-28T02:55:12 [main.py:525 - <module>()] INFO: Waiting For the Dome to Open at Beginning of Night
2017-11-28T02:56:12 [main.py:525 - <module>()] INFO: Waiting For the Dome to Open at Beginning of Night
2017-11-28T02:57:13 [main.py:525 - <module>()] INFO: Waiting For the Dome to Open at Beginning of Night
2017-11-28T02:58:13 [main.py:525 - <module>()] INFO: Waiting For the Dome to Open at Beginning of Night
2017-11-28T02:59:14 [main.py:525 - <module>()] INFO: Waiting For the Dome to Open at Beginning of Night
2017-11-28T03:00:14 [main.py:525 - <module>()] INFO: Waiting For the Dome to Open at Beginning of Night
2017-11-28T03:01:15 [main.py:525 - <module>()] INFO: Waiting For the Dome to Open at Beginning of Night
2017-11-28T03:02:15 [main.py:525 - <module>()] INFO: Waiting For the Dome to Open at Beginning of Night
2017-11-28T03:03:16 [main.py:525 - <module>()] INFO: Waiting For the Dome to Open at Beginning of Night
2017-11-28T03:04:17 [main.py:525 - <module>()] INFO: Waiting For the Dome to Open at Beginning of Night
2017-11-28T03:05:17 [main.py:525 - <module>()] INFO: Waiting For the Dome to Open at Beginning of Night
2017-11-28T03:06:18 [main.py:525 - <module>()] INFO: Waiting For the Dome to Open at Beginning of Night
2017-11-28T03:07:18 [main.py:525 - <module>()] INFO: Waiting For the Dome to Open at Beginning of Night
2017-11-28T03:08:19 [main.py:525 - <module>()] INFO: Waiting For the Dome to Open at Beginning of Night
2017-11-28T03:09:19 [main.py:525 - <module>()] INFO: Waiting For the Dome to Open at Beginning of Night
2017-11-28T03:10:20 [main.py:525 - <module>()] INFO: Waiting For the Dome to Open at Beginning of Night
2017-11-28T03:11:20 [main.py:525 - <module>()] INFO: Waiting For the Dome to Open at Beginning of Night
2017-11-28T03:12:21 [main.py:525 - <module>()] INFO: Waiting For the Dome to Open at Beginning of Night
2017-11-28T03:13:21 [main.py:525 - <module>()] INFO: Waiting For the Dome to Open at Beginning of Night
2017-11-28T03:14:22 [main.py:525 - <module>()] INFO: Waiting For the Dome to Open at Beginning of Night
2017-11-28T03:15:22 [main.py:525 - <module>()] INFO: Waiting For the Dome to Open at Beginning of Night
2017-11-28T03:16:23 [main.py:525 - <module>()] INFO: Waiting For the Dome to Open at Beginning of Night
2017-11-28T03:17:23 [main.py:525 - <module>()] INFO: Waiting For the Dome to Open at Beginning of Night
2017-11-28T03:18:24 [main.py:525 - <module>()] INFO: Waiting For the Dome to Open at Beginning of Night
2017-11-28T03:19:24 [main.py:525 - <module>()] INFO: Waiting For the Dome to Open at Beginning of Night
2017-11-28T03:20:25 [main.py:525 - <module>()] INFO: Waiting For the Dome to Open at Beginning of Night
2017-11-28T03:21:25 [main.py:525 - <module>()] INFO: Waiting For the Dome to Open at Beginning of Night
2017-11-28T03:22:26 [main.py:525 - <module>()] INFO: Waiting For the Dome to Open at Beginning of Night
2017-11-28T03:23:26 [main.py:525 - <module>()] INFO: Waiting For the Dome to Open at Beginning of Night
2017-11-28T03:24:27 [main.py:525 - <module>()] INFO: Waiting For the Dome to Open at Beginning of Night
2017-11-28T03:25:27 [main.py:525 - <module>()] INFO: Waiting For the Dome to Open at Beginning of Night
2017-11-28T03:26:28 [main.py:525 - <module>()] INFO: Waiting For the Dome to Open at Beginning of Night
2017-11-28T03:27:28 [main.py:525 - <module>()] INFO: Waiting For the Dome to Open at Beginning of Night
2017-11-28T03:28:29 [main.py:525 - <module>()] INFO: Waiting For the Dome to Open at Beginning of Night
2017-11-28T03:29:29 [main.py:525 - <module>()] INFO: Waiting For the Dome to Open at Beginning of Night
2017-11-28T03:30:29 [main.py:525 - <module>()] INFO: Waiting For the Dome to Open at Beginning of Night
2017-11-28T03:31:30 [main.py:525 - <module>()] INFO: Waiting For the Dome to Open at Beginning of Night
2017-11-28T03:32:30 [main.py:525 - <module>()] INFO: Waiting For the Dome to Open at Beginning of Night
2017-11-28T03:33:31 [main.py:525 - <module>()] INFO: Waiting For the Dome to Open at Beginning of Night
2017-11-28T03:34:32 [main.py:525 - <module>()] INFO: Waiting For the Dome to Open at Beginning of Night
2017-11-28T03:35:32 [main.py:525 - <module>()] INFO: Waiting For the Dome to Open at Beginning of Night
2017-11-28T03:36:32 [main.py:525 - <module>()] INFO: Waiting For the Dome to Open at Beginning of Night
2017-11-28T03:37:33 [main.py:525 - <module>()] INFO: Waiting For the Dome to Open at Beginning of Night
2017-11-28T03:38:33 [main.py:525 - <module>()] INFO: Waiting For the Dome to Open at Beginning of Night
2017-11-28T03:39:34 [main.py:525 - <module>()] INFO: Waiting For the Dome to Open at Beginning of Night
2017-11-28T03:40:34 [main.py:525 - <module>()] INFO: Waiting For the Dome to Open at Beginning of Night
2017-11-28T03:41:35 [main.py:525 - <module>()] INFO: Waiting For the Dome to Open at Beginning of Night
2017-11-28T03:42:35 [main.py:525 - <module>()] INFO: Waiting For the Dome to Open at Beginning of Night
2017-11-28T03:43:36 [main.py:525 - <module>()] INFO: Waiting For the Dome to Open at Beginning of Night
2017-11-28T03:44:36 [main.py:525 - <module>()] INFO: Waiting For the Dome to Open at Beginning of Night
2017-11-28T03:45:37 [main.py:525 - <module>()] INFO: Waiting For the Dome to Open at Beginning of Night
2017-11-28T03:46:37 [main.py:525 - <module>()] INFO: Waiting For the Dome to Open at Beginning of Night
2017-11-28T03:47:38 [main.py:525 - <module>()] INFO: Waiting For the Dome to Open at Beginning of Night
2017-11-28T03:48:38 [main.py:525 - <module>()] INFO: Waiting For the Dome to Open at Beginning of Night
2017-11-28T03:49:39 [main.py:525 - <module>()] INFO: Waiting For the Dome to Open at Beginning of Night
2017-11-28T03:50:39 [main.py:525 - <module>()] INFO: Waiting For the Dome to Open at Beginning of Night
2017-11-28T03:51:40 [main.py:525 - <module>()] INFO: Waiting For the Dome to Open at Beginning of Night
2017-11-28T03:52:40 [main.py:525 - <module>()] INFO: Waiting For the Dome to Open at Beginning of Night
2017-11-28T03:53:41 [main.py:525 - <module>()] INFO: Waiting For the Dome to Open at Beginning of Night
2017-11-28T03:54:41 [main.py:525 - <module>()] INFO: Waiting For the Dome to Open at Beginning of Night
2017-11-28T03:55:42 [main.py:525 - <module>()] INFO: Waiting For the Dome to Open at Beginning of Night
2017-11-28T03:56:42 [main.py:525 - <module>()] INFO: Waiting For the Dome to Open at Beginning of Night
2017-11-28T03:57:43 [main.py:525 - <module>()] INFO: Waiting For the Dome to Open at Beginning of Night
2017-11-28T03:58:43 [main.py:525 - <module>()] INFO: Waiting For the Dome to Open at Beginning of Night
2017-11-28T03:59:44 [main.py:525 - <module>()] INFO: Waiting For the Dome to Open at Beginning of Night
2017-11-28T04:00:44 [main.py:525 - <module>()] INFO: Waiting For the Dome to Open at Beginning of Night
2017-11-28T04:01:45 [main.py:525 - <module>()] INFO: Waiting For the Dome to Open at Beginning of Night
2017-11-28T04:02:45 [main.py:525 - <module>()] INFO: Waiting For the Dome to Open at Beginning of Night
2017-11-28T04:03:46 [main.py:525 - <module>()] INFO: Waiting For the Dome to Open at Beginning of Night
2017-11-28T04:04:46 [main.py:525 - <module>()] INFO: Waiting For the Dome to Open at Beginning of Night
2017-11-28T04:05:47 [main.py:525 - <module>()] INFO: Waiting For the Dome to Open at Beginning of Night
2017-11-28T04:06:47 [main.py:525 - <module>()] INFO: Waiting For the Dome to Open at Beginning of Night
2017-11-28T04:07:48 [main.py:525 - <module>()] INFO: Waiting For the Dome to Open at Beginning of Night
2017-11-28T04:08:48 [main.py:525 - <module>()] INFO: Waiting For the Dome to Open at Beginning of Night
2017-11-28T04:09:49 [main.py:525 - <module>()] INFO: Waiting For the Dome to Open at Beginning of Night
2017-11-28T04:10:49 [main.py:525 - <module>()] INFO: Waiting For the Dome to Open at Beginning of Night
2017-11-28T04:11:50 [main.py:525 - <module>()] INFO: Waiting For the Dome to Open at Beginning of Night
2017-11-28T04:12:50 [main.py:525 - <module>()] INFO: Waiting For the Dome to Open at Beginning of Night
2017-11-28T04:13:51 [main.py:525 - <module>()] INFO: Waiting For the Dome to Open at Beginning of Night
2017-11-28T04:14:51 [main.py:525 - <module>()] INFO: Waiting For the Dome to Open at Beginning of Night
2017-11-28T04:15:52 [main.py:525 - <module>()] INFO: Waiting For the Dome to Open at Beginning of Night
2017-11-28T04:16:52 [main.py:525 - <module>()] INFO: Waiting For the Dome to Open at Beginning of Night
2017-11-28T04:17:53 [main.py:525 - <module>()] INFO: Waiting For the Dome to Open at Beginning of Night
2017-11-28T04:18:53 [main.py:525 - <module>()] INFO: Waiting For the Dome to Open at Beginning of Night
2017-11-28T04:19:54 [main.py:525 - <module>()] INFO: Waiting For the Dome to Open at Beginning of Night
2017-11-28T04:20:54 [main.py:525 - <module>()] INFO: Waiting For the Dome to Open at Beginning of Night
2017-11-28T04:21:55 [main.py:525 - <module>()] INFO: Waiting For the Dome to Open at Beginning of Night
2017-11-28T04:22:55 [main.py:525 - <module>()] INFO: Waiting For the Dome to Open at Beginning of Night
2017-11-28T04:23:56 [main.py:525 - <module>()] INFO: Waiting For the Dome to Open at Beginning of Night
2017-11-28T04:24:56 [main.py:525 - <module>()] INFO: Waiting For the Dome to Open at Beginning of Night
2017-11-28T04:25:57 [main.py:525 - <module>()] INFO: Waiting For the Dome to Open at Beginning of Night
2017-11-28T04:26:57 [main.py:525 - <module>()] INFO: Waiting For the Dome to Open at Beginning of Night
2017-11-28T04:27:58 [main.py:525 - <module>()] INFO: Waiting For the Dome to Open at Beginning of Night
2017-11-28T04:28:59 [main.py:525 - <module>()] INFO: Waiting For the Dome to Open at Beginning of Night
2017-11-28T04:29:59 [main.py:525 - <module>()] INFO: Waiting For the Dome to Open at Beginning of Night
2017-11-28T04:30:59 [main.py:525 - <module>()] INFO: Waiting For the Dome to Open at Beginning of Night
2017-11-28T04:32:00 [main.py:525 - <module>()] INFO: Waiting For the Dome to Open at Beginning of Night
2017-11-28T04:33:00 [main.py:525 - <module>()] INFO: Waiting For the Dome to Open at Beginning of Night
2017-11-28T04:34:01 [main.py:525 - <module>()] INFO: Waiting For the Dome to Open at Beginning of Night
2017-11-28T04:35:01 [main.py:525 - <module>()] INFO: Waiting For the Dome to Open at Beginning of Night
2017-11-28T04:36:02 [main.py:525 - <module>()] INFO: Waiting For the Dome to Open at Beginning of Night
2017-11-28T04:37:02 [main.py:525 - <module>()] INFO: Waiting For the Dome to Open at Beginning of Night
2017-11-28T04:38:03 [main.py:525 - <module>()] INFO: Waiting For the Dome to Open at Beginning of Night
2017-11-28T04:39:03 [main.py:525 - <module>()] INFO: Waiting For the Dome to Open at Beginning of Night
2017-11-28T04:40:04 [main.py:525 - <module>()] INFO: Waiting For the Dome to Open at Beginning of Night
2017-11-28T04:41:04 [main.py:525 - <module>()] INFO: Waiting For the Dome to Open at Beginning of Night
2017-11-28T04:42:05 [main.py:525 - <module>()] INFO: Waiting For the Dome to Open at Beginning of Night
2017-11-28T04:43:05 [main.py:525 - <module>()] INFO: Waiting For the Dome to Open at Beginning of Night
2017-11-28T04:44:06 [main.py:525 - <module>()] INFO: Waiting For the Dome to Open at Beginning of Night
2017-11-28T04:45:06 [main.py:525 - <module>()] INFO: Waiting For the Dome to Open at Beginning of Night
2017-11-28T04:46:07 [main.py:525 - <module>()] INFO: Waiting For the Dome to Open at Beginning of Night
2017-11-28T04:47:07 [main.py:525 - <module>()] INFO: Waiting For the Dome to Open at Beginning of Night
2017-11-28T04:48:08 [main.py:525 - <module>()] INFO: Waiting For the Dome to Open at Beginning of Night
2017-11-28T04:49:09 [main.py:525 - <module>()] INFO: Waiting For the Dome to Open at Beginning of Night
2017-11-28T04:50:09 [main.py:525 - <module>()] INFO: Waiting For the Dome to Open at Beginning of Night
2017-11-28T04:51:10 [main.py:525 - <module>()] INFO: Waiting For the Dome to Open at Beginning of Night
2017-11-28T04:52:10 [main.py:525 - <module>()] INFO: Waiting For the Dome to Open at Beginning of Night
2017-11-28T04:53:11 [main.py:525 - <module>()] INFO: Waiting For the Dome to Open at Beginning of Night
2017-11-28T04:54:11 [main.py:525 - <module>()] INFO: Waiting For the Dome to Open at Beginning of Night
2017-11-28T04:55:12 [main.py:525 - <module>()] INFO: Waiting For the Dome to Open at Beginning of Night
2017-11-28T04:56:12 [main.py:525 - <module>()] INFO: Waiting For the Dome to Open at Beginning of Night
2017-11-28T04:57:13 [main.py:525 - <module>()] INFO: Waiting For the Dome to Open at Beginning of Night
2017-11-28T04:58:13 [main.py:525 - <module>()] INFO: Waiting For the Dome to Open at Beginning of Night
2017-11-28T04:59:14 [main.py:525 - <module>()] INFO: Waiting For the Dome to Open at Beginning of Night
2017-11-28T05:00:14 [main.py:525 - <module>()] INFO: Waiting For the Dome to Open at Beginning of Night
2017-11-28T05:01:14 [main.py:525 - <module>()] INFO: Waiting For the Dome to Open at Beginning of Night
2017-11-28T05:02:15 [main.py:525 - <module>()] INFO: Waiting For the Dome to Open at Beginning of Night
2017-11-28T05:03:16 [main.py:525 - <module>()] INFO: Waiting For the Dome to Open at Beginning of Night
2017-11-28T05:04:16 [main.py:525 - <module>()] INFO: Waiting For the Dome to Open at Beginning of Night
2017-11-28T05:05:17 [main.py:525 - <module>()] INFO: Waiting For the Dome to Open at Beginning of Night
2017-11-28T05:06:17 [main.py:525 - <module>()] INFO: Waiting For the Dome to Open at Beginning of Night
2017-11-28T05:07:18 [main.py:525 - <module>()] INFO: Waiting For the Dome to Open at Beginning of Night
2017-11-28T05:08:18 [main.py:525 - <module>()] INFO: Waiting For the Dome to Open at Beginning of Night
2017-11-28T05:09:19 [main.py:525 - <module>()] INFO: Waiting For the Dome to Open at Beginning of Night
2017-11-28T05:10:19 [main.py:525 - <module>()] INFO: Waiting For the Dome to Open at Beginning of Night
2017-11-28T05:11:20 [main.py:525 - <module>()] INFO: Waiting For the Dome to Open at Beginning of Night
2017-11-28T05:12:20 [main.py:525 - <module>()] INFO: Waiting For the Dome to Open at Beginning of Night
2017-11-28T05:13:21 [main.py:525 - <module>()] INFO: Waiting For the Dome to Open at Beginning of Night
2017-11-28T05:14:22 [main.py:525 - <module>()] INFO: Waiting For the Dome to Open at Beginning of Night
2017-11-28T05:15:22 [main.py:525 - <module>()] INFO: Waiting For the Dome to Open at Beginning of Night
2017-11-28T05:16:22 [main.py:525 - <module>()] INFO: Waiting For the Dome to Open at Beginning of Night
2017-11-28T05:17:23 [main.py:525 - <module>()] INFO: Waiting For the Dome to Open at Beginning of Night
2017-11-28T05:18:24 [main.py:525 - <module>()] INFO: Waiting For the Dome to Open at Beginning of Night
2017-11-28T05:19:24 [main.py:525 - <module>()] INFO: Waiting For the Dome to Open at Beginning of Night
2017-11-28T05:20:25 [main.py:525 - <module>()] INFO: Waiting For the Dome to Open at Beginning of Night
2017-11-28T05:21:25 [main.py:525 - <module>()] INFO: Waiting For the Dome to Open at Beginning of Night
2017-11-28T05:22:26 [main.py:525 - <module>()] INFO: Waiting For the Dome to Open at Beginning of Night
2017-11-28T05:23:26 [main.py:525 - <module>()] INFO: Waiting For the Dome to Open at Beginning of Night
2017-11-28T05:24:27 [main.py:525 - <module>()] INFO: Waiting For the Dome to Open at Beginning of Night
2017-11-28T05:25:27 [main.py:525 - <module>()] INFO: Waiting For the Dome to Open at Beginning of Night
2017-11-28T05:26:28 [main.py:525 - <module>()] INFO: Waiting For the Dome to Open at Beginning of Night
2017-11-28T05:27:28 [main.py:525 - <module>()] INFO: Waiting For the Dome to Open at Beginning of Night
2017-11-28T05:28:28 [main.py:525 - <module>()] INFO: Waiting For the Dome to Open at Beginning of Night
2017-11-28T05:29:29 [main.py:525 - <module>()] INFO: Waiting For the Dome to Open at Beginning of Night
2017-11-28T05:30:30 [main.py:525 - <module>()] INFO: Waiting For the Dome to Open at Beginning of Night
2017-11-28T05:31:30 [main.py:525 - <module>()] INFO: Waiting For the Dome to Open at Beginning of Night
2017-11-28T05:32:30 [main.py:525 - <module>()] INFO: Waiting For the Dome to Open at Beginning of Night
2017-11-28T05:33:31 [main.py:525 - <module>()] INFO: Waiting For the Dome to Open at Beginning of Night
2017-11-28T05:34:32 [main.py:525 - <module>()] INFO: Waiting For the Dome to Open at Beginning of Night
2017-11-28T05:35:32 [main.py:525 - <module>()] INFO: Waiting For the Dome to Open at Beginning of Night
2017-11-28T05:36:32 [main.py:525 - <module>()] INFO: Waiting For the Dome to Open at Beginning of Night
2017-11-28T05:37:33 [main.py:525 - <module>()] INFO: Waiting For the Dome to Open at Beginning of Night
2017-11-28T05:38:34 [main.py:525 - <module>()] INFO: Waiting For the Dome to Open at Beginning of Night
2017-11-28T05:39:34 [main.py:525 - <module>()] INFO: Waiting For the Dome to Open at Beginning of Night
2017-11-28T05:40:35 [main.py:525 - <module>()] INFO: Waiting For the Dome to Open at Beginning of Night
2017-11-28T05:41:35 [main.py:525 - <module>()] INFO: Waiting For the Dome to Open at Beginning of Night
2017-11-28T05:42:36 [main.py:525 - <module>()] INFO: Waiting For the Dome to Open at Beginning of Night
2017-11-28T05:43:36 [main.py:525 - <module>()] INFO: Waiting For the Dome to Open at Beginning of Night
2017-11-28T05:44:37 [main.py:525 - <module>()] INFO: Waiting For the Dome to Open at Beginning of Night
2017-11-28T05:45:37 [main.py:525 - <module>()] INFO: Waiting For the Dome to Open at Beginning of Night
2017-11-28T05:46:38 [main.py:525 - <module>()] INFO: Waiting For the Dome to Open at Beginning of Night
2017-11-28T05:47:38 [main.py:525 - <module>()] INFO: Waiting For the Dome to Open at Beginning of Night
2017-11-28T05:48:39 [main.py:525 - <module>()] INFO: Waiting For the Dome to Open at Beginning of Night
2017-11-28T05:49:40 [main.py:525 - <module>()] INFO: Waiting For the Dome to Open at Beginning of Night
2017-11-28T05:50:40 [main.py:525 - <module>()] INFO: Waiting For the Dome to Open at Beginning of Night
2017-11-28T05:51:41 [main.py:525 - <module>()] INFO: Waiting For the Dome to Open at Beginning of Night
2017-11-28T05:52:41 [main.py:525 - <module>()] INFO: Waiting For the Dome to Open at Beginning of Night
2017-11-28T05:53:42 [main.py:525 - <module>()] INFO: Waiting For the Dome to Open at Beginning of Night
2017-11-28T05:54:42 [main.py:525 - <module>()] INFO: Waiting For the Dome to Open at Beginning of Night
2017-11-28T05:55:43 [main.py:525 - <module>()] INFO: Waiting For the Dome to Open at Beginning of Night
2017-11-28T05:56:43 [main.py:525 - <module>()] INFO: Waiting For the Dome to Open at Beginning of Night
2017-11-28T05:57:44 [main.py:525 - <module>()] INFO: Waiting For the Dome to Open at Beginning of Night
2017-11-28T05:58:44 [main.py:525 - <module>()] INFO: Waiting For the Dome to Open at Beginning of Night
2017-11-28T05:59:45 [main.py:525 - <module>()] INFO: Waiting For the Dome to Open at Beginning of Night
2017-11-28T06:00:45 [main.py:525 - <module>()] INFO: Waiting For the Dome to Open at Beginning of Night
2017-11-28T06:01:46 [main.py:525 - <module>()] INFO: Waiting For the Dome to Open at Beginning of Night
2017-11-28T06:02:46 [main.py:525 - <module>()] INFO: Waiting For the Dome to Open at Beginning of Night
2017-11-28T06:03:47 [main.py:525 - <module>()] INFO: Waiting For the Dome to Open at Beginning of Night
2017-11-28T06:04:47 [main.py:525 - <module>()] INFO: Waiting For the Dome to Open at Beginning of Night
2017-11-28T06:05:48 [main.py:525 - <module>()] INFO: Waiting For the Dome to Open at Beginning of Night
2017-11-28T06:06:48 [main.py:525 - <module>()] INFO: Waiting For the Dome to Open at Beginning of Night
2017-11-28T06:07:49 [main.py:525 - <module>()] INFO: Waiting For the Dome to Open at Beginning of Night
2017-11-28T06:08:49 [main.py:525 - <module>()] INFO: Waiting For the Dome to Open at Beginning of Night
2017-11-28T06:09:50 [main.py:525 - <module>()] INFO: Waiting For the Dome to Open at Beginning of Night
2017-11-28T06:10:51 [main.py:525 - <module>()] INFO: Waiting For the Dome to Open at Beginning of Night
2017-11-28T06:11:51 [main.py:525 - <module>()] INFO: Waiting For the Dome to Open at Beginning of Night
2017-11-28T06:12:51 [main.py:525 - <module>()] INFO: Waiting For the Dome to Open at Beginning of Night
2017-11-28T06:13:52 [main.py:525 - <module>()] INFO: Waiting For the Dome to Open at Beginning of Night
2017-11-28T06:14:52 [main.py:525 - <module>()] INFO: Waiting For the Dome to Open at Beginning of Night
2017-11-28T06:15:53 [main.py:525 - <module>()] INFO: Waiting For the Dome to Open at Beginning of Night
2017-11-28T06:16:53 [main.py:525 - <module>()] INFO: Waiting For the Dome to Open at Beginning of Night
2017-11-28T06:17:54 [main.py:525 - <module>()] INFO: Waiting For the Dome to Open at Beginning of Night
2017-11-28T06:18:54 [main.py:525 - <module>()] INFO: Waiting For the Dome to Open at Beginning of Night
2017-11-28T06:19:55 [main.py:525 - <module>()] INFO: Waiting For the Dome to Open at Beginning of Night
2017-11-28T06:20:55 [main.py:525 - <module>()] INFO: Waiting For the Dome to Open at Beginning of Night
2017-11-28T06:21:56 [main.py:525 - <module>()] INFO: Waiting For the Dome to Open at Beginning of Night
2017-11-28T06:22:56 [main.py:525 - <module>()] INFO: Waiting For the Dome to Open at Beginning of Night
2017-11-28T06:23:57 [main.py:525 - <module>()] INFO: Waiting For the Dome to Open at Beginning of Night
2017-11-28T06:24:57 [main.py:525 - <module>()] INFO: Waiting For the Dome to Open at Beginning of Night
2017-11-28T06:25:58 [main.py:525 - <module>()] INFO: Waiting For the Dome to Open at Beginning of Night
2017-11-28T06:26:59 [main.py:525 - <module>()] INFO: Waiting For the Dome to Open at Beginning of Night
2017-11-28T06:27:59 [main.py:525 - <module>()] INFO: Waiting For the Dome to Open at Beginning of Night
2017-11-28T06:28:59 [main.py:525 - <module>()] INFO: Waiting For the Dome to Open at Beginning of Night
2017-11-28T06:30:00 [main.py:525 - <module>()] INFO: Waiting For the Dome to Open at Beginning of Night
2017-11-28T06:31:00 [main.py:525 - <module>()] INFO: Waiting For the Dome to Open at Beginning of Night
2017-11-28T06:32:01 [main.py:525 - <module>()] INFO: Waiting For the Dome to Open at Beginning of Night
2017-11-28T06:33:01 [main.py:525 - <module>()] INFO: Waiting For the Dome to Open at Beginning of Night
2017-11-28T06:34:01 [main.py:525 - <module>()] INFO: Waiting For the Dome to Open at Beginning of Night
2017-11-28T06:35:02 [main.py:525 - <module>()] INFO: Waiting For the Dome to Open at Beginning of Night
2017-11-28T06:36:02 [main.py:525 - <module>()] INFO: Waiting For the Dome to Open at Beginning of Night
2017-11-28T06:37:03 [main.py:525 - <module>()] INFO: Waiting For the Dome to Open at Beginning of Night
2017-11-28T06:38:03 [main.py:525 - <module>()] INFO: Waiting For the Dome to Open at Beginning of Night
2017-11-28T06:39:04 [main.py:525 - <module>()] INFO: Waiting For the Dome to Open at Beginning of Night
2017-11-28T06:40:04 [main.py:525 - <module>()] INFO: Waiting For the Dome to Open at Beginning of Night
2017-11-28T06:41:05 [main.py:525 - <module>()] INFO: Waiting For the Dome to Open at Beginning of Night
2017-11-28T06:42:05 [main.py:525 - <module>()] INFO: Waiting For the Dome to Open at Beginning of Night
2017-11-28T06:43:06 [main.py:525 - <module>()] INFO: Waiting For the Dome to Open at Beginning of Night
2017-11-28T06:44:06 [main.py:525 - <module>()] INFO: Waiting For the Dome to Open at Beginning of Night
2017-11-28T06:45:07 [main.py:525 - <module>()] INFO: Waiting For the Dome to Open at Beginning of Night
2017-11-28T06:46:07 [main.py:525 - <module>()] INFO: Waiting For the Dome to Open at Beginning of Night
2017-11-28T06:47:08 [main.py:525 - <module>()] INFO: Waiting For the Dome to Open at Beginning of Night
2017-11-28T06:48:08 [main.py:525 - <module>()] INFO: Waiting For the Dome to Open at Beginning of Night
2017-11-28T06:49:09 [main.py:525 - <module>()] INFO: Waiting For the Dome to Open at Beginning of Night
2017-11-28T06:50:09 [main.py:525 - <module>()] INFO: Waiting For the Dome to Open at Beginning of Night
2017-11-28T06:51:10 [main.py:525 - <module>()] INFO: Waiting For the Dome to Open at Beginning of Night
2017-11-28T06:52:10 [main.py:525 - <module>()] INFO: Waiting For the Dome to Open at Beginning of Night
2017-11-28T06:53:11 [main.py:525 - <module>()] INFO: Waiting For the Dome to Open at Beginning of Night
2017-11-28T06:54:11 [main.py:525 - <module>()] INFO: Waiting For the Dome to Open at Beginning of Night
2017-11-28T06:55:11 [main.py:525 - <module>()] INFO: Waiting For the Dome to Open at Beginning of Night
2017-11-28T06:56:12 [main.py:525 - <module>()] INFO: Waiting For the Dome to Open at Beginning of Night
2017-11-28T06:57:12 [main.py:525 - <module>()] INFO: Waiting For the Dome to Open at Beginning of Night
2017-11-28T06:58:12 [main.py:525 - <module>()] INFO: Waiting For the Dome to Open at Beginning of Night
2017-11-28T06:59:13 [main.py:525 - <module>()] INFO: Waiting For the Dome to Open at Beginning of Night
2017-11-28T07:00:13 [main.py:525 - <module>()] INFO: Waiting For the Dome to Open at Beginning of Night
2017-11-28T07:01:14 [main.py:525 - <module>()] INFO: Waiting For the Dome to Open at Beginning of Night
2017-11-28T07:02:14 [main.py:525 - <module>()] INFO: Waiting For the Dome to Open at Beginning of Night
2017-11-28T07:03:15 [main.py:525 - <module>()] INFO: Waiting For the Dome to Open at Beginning of Night
2017-11-28T07:04:15 [main.py:525 - <module>()] INFO: Waiting For the Dome to Open at Beginning of Night
2017-11-28T07:05:16 [main.py:525 - <module>()] INFO: Waiting For the Dome to Open at Beginning of Night
2017-11-28T07:06:16 [main.py:525 - <module>()] INFO: Waiting For the Dome to Open at Beginning of Night
2017-11-28T07:07:17 [main.py:525 - <module>()] INFO: Waiting For the Dome to Open at Beginning of Night
2017-11-28T07:08:18 [main.py:525 - <module>()] INFO: Waiting For the Dome to Open at Beginning of Night
2017-11-28T07:09:18 [main.py:525 - <module>()] INFO: Waiting For the Dome to Open at Beginning of Night
2017-11-28T07:10:18 [main.py:525 - <module>()] INFO: Waiting For the Dome to Open at Beginning of Night
2017-11-28T07:11:19 [main.py:525 - <module>()] INFO: Waiting For the Dome to Open at Beginning of Night
2017-11-28T07:12:19 [main.py:525 - <module>()] INFO: Waiting For the Dome to Open at Beginning of Night
2017-11-28T07:13:20 [main.py:525 - <module>()] INFO: Waiting For the Dome to Open at Beginning of Night
2017-11-28T07:14:20 [main.py:525 - <module>()] INFO: Waiting For the Dome to Open at Beginning of Night
2017-11-28T07:15:21 [main.py:525 - <module>()] INFO: Waiting For the Dome to Open at Beginning of Night
2017-11-28T07:16:21 [main.py:525 - <module>()] INFO: Waiting For the Dome to Open at Beginning of Night
2017-11-28T07:17:22 [main.py:525 - <module>()] INFO: Waiting For the Dome to Open at Beginning of Night
2017-11-28T07:18:22 [main.py:525 - <module>()] INFO: Waiting For the Dome to Open at Beginning of Night
2017-11-28T07:19:23 [main.py:525 - <module>()] INFO: Waiting For the Dome to Open at Beginning of Night
2017-11-28T07:20:23 [main.py:525 - <module>()] INFO: Waiting For the Dome to Open at Beginning of Night
2017-11-28T07:21:24 [main.py:525 - <module>()] INFO: Waiting For the Dome to Open at Beginning of Night
2017-11-28T07:22:24 [main.py:525 - <module>()] INFO: Waiting For the Dome to Open at Beginning of Night
2017-11-28T07:23:25 [main.py:525 - <module>()] INFO: Waiting For the Dome to Open at Beginning of Night
2017-11-28T07:24:25 [main.py:525 - <module>()] INFO: Waiting For the Dome to Open at Beginning of Night
2017-11-28T07:25:25 [main.py:525 - <module>()] INFO: Waiting For the Dome to Open at Beginning of Night
2017-11-28T07:26:26 [main.py:525 - <module>()] INFO: Waiting For the Dome to Open at Beginning of Night
2017-11-28T07:27:26 [main.py:525 - <module>()] INFO: Waiting For the Dome to Open at Beginning of Night
2017-11-28T07:28:27 [main.py:525 - <module>()] INFO: Waiting For the Dome to Open at Beginning of Night
2017-11-28T07:29:28 [main.py:525 - <module>()] INFO: Waiting For the Dome to Open at Beginning of Night
2017-11-28T07:30:28 [main.py:525 - <module>()] INFO: Waiting For the Dome to Open at Beginning of Night
2017-11-28T07:31:29 [main.py:525 - <module>()] INFO: Waiting For the Dome to Open at Beginning of Night
2017-11-28T07:32:29 [main.py:525 - <module>()] INFO: Waiting For the Dome to Open at Beginning of Night
2017-11-28T07:33:30 [main.py:525 - <module>()] INFO: Waiting For the Dome to Open at Beginning of Night
2017-11-28T07:34:30 [main.py:525 - <module>()] INFO: Waiting For the Dome to Open at Beginning of Night
2017-11-28T07:35:31 [main.py:525 - <module>()] INFO: Waiting For the Dome to Open at Beginning of Night
2017-11-28T07:36:31 [main.py:525 - <module>()] INFO: Waiting For the Dome to Open at Beginning of Night
2017-11-28T07:37:32 [main.py:525 - <module>()] INFO: Waiting For the Dome to Open at Beginning of Night
2017-11-28T07:38:32 [main.py:525 - <module>()] INFO: Waiting For the Dome to Open at Beginning of Night
2017-11-28T07:39:33 [main.py:525 - <module>()] INFO: Waiting For the Dome to Open at Beginning of Night
2017-11-28T07:40:33 [main.py:525 - <module>()] INFO: Waiting For the Dome to Open at Beginning of Night
2017-11-28T07:41:34 [main.py:525 - <module>()] INFO: Waiting For the Dome to Open at Beginning of Night
2017-11-28T07:42:34 [main.py:525 - <module>()] INFO: Waiting For the Dome to Open at Beginning of Night
2017-11-28T07:43:35 [main.py:525 - <module>()] INFO: Waiting For the Dome to Open at Beginning of Night
2017-11-28T07:44:35 [main.py:525 - <module>()] INFO: Waiting For the Dome to Open at Beginning of Night
2017-11-28T07:45:36 [main.py:525 - <module>()] INFO: Waiting For the Dome to Open at Beginning of Night
2017-11-28T07:46:36 [main.py:525 - <module>()] INFO: Waiting For the Dome to Open at Beginning of Night
2017-11-28T07:47:37 [main.py:525 - <module>()] INFO: Waiting For the Dome to Open at Beginning of Night
2017-11-28T07:48:37 [main.py:525 - <module>()] INFO: Waiting For the Dome to Open at Beginning of Night
2017-11-28T07:49:38 [main.py:525 - <module>()] INFO: Waiting For the Dome to Open at Beginning of Night
2017-11-28T07:50:38 [main.py:525 - <module>()] INFO: Waiting For the Dome to Open at Beginning of Night
2017-11-28T07:51:39 [main.py:525 - <module>()] INFO: Waiting For the Dome to Open at Beginning of Night
2017-11-28T07:52:39 [main.py:525 - <module>()] INFO: Waiting For the Dome to Open at Beginning of Night
2017-11-28T07:53:40 [main.py:525 - <module>()] INFO: Waiting For the Dome to Open at Beginning of Night
2017-11-28T07:54:40 [main.py:525 - <module>()] INFO: Waiting For the Dome to Open at Beginning of Night
2017-11-28T07:55:41 [main.py:525 - <module>()] INFO: Waiting For the Dome to Open at Beginning of Night
2017-11-28T07:56:41 [main.py:525 - <module>()] INFO: Waiting For the Dome to Open at Beginning of Night
2017-11-28T07:57:42 [main.py:525 - <module>()] INFO: Waiting For the Dome to Open at Beginning of Night
2017-11-28T07:58:42 [main.py:525 - <module>()] INFO: Waiting For the Dome to Open at Beginning of Night
2017-11-28T07:59:43 [main.py:525 - <module>()] INFO: Waiting For the Dome to Open at Beginning of Night
2017-11-28T08:00:43 [main.py:525 - <module>()] INFO: Waiting For the Dome to Open at Beginning of Night
2017-11-28T08:01:44 [main.py:525 - <module>()] INFO: Waiting For the Dome to Open at Beginning of Night
2017-11-28T08:02:44 [main.py:525 - <module>()] INFO: Waiting For the Dome to Open at Beginning of Night
2017-11-28T08:03:45 [main.py:525 - <module>()] INFO: Waiting For the Dome to Open at Beginning of Night
2017-11-28T08:04:45 [main.py:525 - <module>()] INFO: Waiting For the Dome to Open at Beginning of Night
2017-11-28T08:05:46 [main.py:525 - <module>()] INFO: Waiting For the Dome to Open at Beginning of Night
2017-11-28T08:06:46 [main.py:525 - <module>()] INFO: Waiting For the Dome to Open at Beginning of Night
2017-11-28T08:07:47 [main.py:525 - <module>()] INFO: Waiting For the Dome to Open at Beginning of Night
2017-11-28T08:08:47 [main.py:525 - <module>()] INFO: Waiting For the Dome to Open at Beginning of Night
2017-11-28T08:09:48 [main.py:525 - <module>()] INFO: Waiting For the Dome to Open at Beginning of Night
2017-11-28T08:10:48 [main.py:525 - <module>()] INFO: Waiting For the Dome to Open at Beginning of Night
2017-11-28T08:11:49 [main.py:525 - <module>()] INFO: Waiting For the Dome to Open at Beginning of Night
2017-11-28T08:12:49 [main.py:525 - <module>()] INFO: Waiting For the Dome to Open at Beginning of Night
2017-11-28T08:13:50 [main.py:525 - <module>()] INFO: Waiting For the Dome to Open at Beginning of Night
2017-11-28T08:14:50 [main.py:525 - <module>()] INFO: Waiting For the Dome to Open at Beginning of Night
2017-11-28T08:15:51 [main.py:525 - <module>()] INFO: Waiting For the Dome to Open at Beginning of Night
2017-11-28T08:16:51 [main.py:525 - <module>()] INFO: Waiting For the Dome to Open at Beginning of Night
2017-11-28T08:17:52 [main.py:525 - <module>()] INFO: Waiting For the Dome to Open at Beginning of Night
2017-11-28T08:18:52 [main.py:525 - <module>()] INFO: Waiting For the Dome to Open at Beginning of Night
2017-11-28T08:19:53 [main.py:525 - <module>()] INFO: Waiting For the Dome to Open at Beginning of Night
2017-11-28T08:20:53 [main.py:525 - <module>()] INFO: Waiting For the Dome to Open at Beginning of Night
2017-11-28T08:21:54 [main.py:525 - <module>()] INFO: Waiting For the Dome to Open at Beginning of Night
2017-11-28T08:22:54 [main.py:525 - <module>()] INFO: Waiting For the Dome to Open at Beginning of Night
2017-11-28T08:23:55 [main.py:525 - <module>()] INFO: Waiting For the Dome to Open at Beginning of Night
2017-11-28T08:24:55 [main.py:525 - <module>()] INFO: Waiting For the Dome to Open at Beginning of Night
2017-11-28T08:25:56 [main.py:525 - <module>()] INFO: Waiting For the Dome to Open at Beginning of Night
2017-11-28T08:26:56 [main.py:525 - <module>()] INFO: Waiting For the Dome to Open at Beginning of Night
2017-11-28T08:27:57 [main.py:525 - <module>()] INFO: Waiting For the Dome to Open at Beginning of Night
2017-11-28T08:28:57 [main.py:525 - <module>()] INFO: Waiting For the Dome to Open at Beginning of Night
2017-11-28T08:29:58 [main.py:525 - <module>()] INFO: Waiting For the Dome to Open at Beginning of Night
2017-11-28T08:30:58 [main.py:525 - <module>()] INFO: Waiting For the Dome to Open at Beginning of Night
2017-11-28T08:31:59 [main.py:525 - <module>()] INFO: Waiting For the Dome to Open at Beginning of Night
2017-11-28T08:32:59 [main.py:525 - <module>()] INFO: Waiting For the Dome to Open at Beginning of Night
2017-11-28T08:34:00 [main.py:525 - <module>()] INFO: Waiting For the Dome to Open at Beginning of Night
2017-11-28T08:35:00 [main.py:525 - <module>()] INFO: Waiting For the Dome to Open at Beginning of Night
2017-11-28T08:36:01 [main.py:525 - <module>()] INFO: Waiting For the Dome to Open at Beginning of Night
2017-11-28T08:37:01 [main.py:525 - <module>()] INFO: Waiting For the Dome to Open at Beginning of Night
2017-11-28T08:38:02 [main.py:525 - <module>()] INFO: Waiting For the Dome to Open at Beginning of Night
2017-11-28T08:39:02 [main.py:525 - <module>()] INFO: Waiting For the Dome to Open at Beginning of Night
2017-11-28T08:40:02 [main.py:525 - <module>()] INFO: Waiting For the Dome to Open at Beginning of Night
2017-11-28T08:41:03 [main.py:525 - <module>()] INFO: Waiting For the Dome to Open at Beginning of Night
2017-11-28T08:42:04 [main.py:525 - <module>()] INFO: Waiting For the Dome to Open at Beginning of Night
2017-11-28T08:43:04 [main.py:525 - <module>()] INFO: Waiting For the Dome to Open at Beginning of Night
2017-11-28T08:44:04 [main.py:525 - <module>()] INFO: Waiting For the Dome to Open at Beginning of Night
2017-11-28T08:45:05 [main.py:525 - <module>()] INFO: Waiting For the Dome to Open at Beginning of Night
2017-11-28T08:46:05 [main.py:525 - <module>()] INFO: Waiting For the Dome to Open at Beginning of Night
2017-11-28T08:47:06 [main.py:525 - <module>()] INFO: Waiting For the Dome to Open at Beginning of Night
2017-11-28T08:48:06 [main.py:525 - <module>()] INFO: Waiting For the Dome to Open at Beginning of Night
2017-11-28T08:49:07 [main.py:525 - <module>()] INFO: Waiting For the Dome to Open at Beginning of Night
2017-11-28T08:50:07 [main.py:525 - <module>()] INFO: Waiting For the Dome to Open at Beginning of Night
2017-11-28T08:51:08 [main.py:525 - <module>()] INFO: Waiting For the Dome to Open at Beginning of Night
2017-11-28T08:52:08 [main.py:525 - <module>()] INFO: Waiting For the Dome to Open at Beginning of Night
2017-11-28T08:53:09 [main.py:525 - <module>()] INFO: Waiting For the Dome to Open at Beginning of Night
2017-11-28T08:54:09 [main.py:525 - <module>()] INFO: Waiting For the Dome to Open at Beginning of Night
2017-11-28T08:55:10 [main.py:525 - <module>()] INFO: Waiting For the Dome to Open at Beginning of Night
2017-11-28T08:56:10 [main.py:525 - <module>()] INFO: Waiting For the Dome to Open at Beginning of Night
2017-11-28T08:57:11 [main.py:525 - <module>()] INFO: Waiting For the Dome to Open at Beginning of Night
2017-11-28T08:58:11 [main.py:525 - <module>()] INFO: Waiting For the Dome to Open at Beginning of Night
2017-11-28T08:59:12 [main.py:525 - <module>()] INFO: Waiting For the Dome to Open at Beginning of Night
2017-11-28T09:00:12 [main.py:525 - <module>()] INFO: Waiting For the Dome to Open at Beginning of Night
2017-11-28T09:01:13 [main.py:525 - <module>()] INFO: Waiting For the Dome to Open at Beginning of Night
2017-11-28T09:02:13 [main.py:525 - <module>()] INFO: Waiting For the Dome to Open at Beginning of Night
2017-11-28T09:03:14 [main.py:525 - <module>()] INFO: Waiting For the Dome to Open at Beginning of Night
2017-11-28T09:04:14 [main.py:525 - <module>()] INFO: Waiting For the Dome to Open at Beginning of Night
2017-11-28T09:05:15 [main.py:525 - <module>()] INFO: Waiting For the Dome to Open at Beginning of Night
2017-11-28T09:06:15 [main.py:525 - <module>()] INFO: Waiting For the Dome to Open at Beginning of Night
2017-11-28T09:07:16 [main.py:525 - <module>()] INFO: Waiting For the Dome to Open at Beginning of Night
2017-11-28T09:08:16 [main.py:525 - <module>()] INFO: Waiting For the Dome to Open at Beginning of Night
2017-11-28T09:09:17 [main.py:525 - <module>()] INFO: Waiting For the Dome to Open at Beginning of Night
2017-11-28T09:10:17 [main.py:525 - <module>()] INFO: Waiting For the Dome to Open at Beginning of Night
2017-11-28T09:11:18 [main.py:525 - <module>()] INFO: Waiting For the Dome to Open at Beginning of Night
2017-11-28T09:12:18 [main.py:525 - <module>()] INFO: Waiting For the Dome to Open at Beginning of Night
2017-11-28T09:13:19 [main.py:525 - <module>()] INFO: Waiting For the Dome to Open at Beginning of Night
2017-11-28T09:14:19 [main.py:525 - <module>()] INFO: Waiting For the Dome to Open at Beginning of Night
2017-11-28T09:15:20 [main.py:525 - <module>()] INFO: Waiting For the Dome to Open at Beginning of Night
2017-11-28T09:16:20 [main.py:525 - <module>()] INFO: Waiting For the Dome to Open at Beginning of Night
2017-11-28T09:17:21 [main.py:525 - <module>()] INFO: Waiting For the Dome to Open at Beginning of Night
2017-11-28T09:18:21 [main.py:525 - <module>()] INFO: Waiting For the Dome to Open at Beginning of Night
2017-11-28T09:19:22 [main.py:525 - <module>()] INFO: Waiting For the Dome to Open at Beginning of Night
2017-11-28T09:20:22 [main.py:525 - <module>()] INFO: Waiting For the Dome to Open at Beginning of Night
2017-11-28T09:21:23 [main.py:525 - <module>()] INFO: Waiting For the Dome to Open at Beginning of Night
2017-11-28T09:22:23 [main.py:525 - <module>()] INFO: Waiting For the Dome to Open at Beginning of Night
2017-11-28T09:23:24 [main.py:525 - <module>()] INFO: Waiting For the Dome to Open at Beginning of Night
2017-11-28T09:24:24 [main.py:525 - <module>()] INFO: Waiting For the Dome to Open at Beginning of Night
2017-11-28T09:25:25 [main.py:525 - <module>()] INFO: Waiting For the Dome to Open at Beginning of Night
2017-11-28T09:26:26 [main.py:525 - <module>()] INFO: Waiting For the Dome to Open at Beginning of Night
2017-11-28T09:27:26 [main.py:525 - <module>()] INFO: Waiting For the Dome to Open at Beginning of Night
2017-11-28T09:28:26 [main.py:525 - <module>()] INFO: Waiting For the Dome to Open at Beginning of Night
2017-11-28T09:29:27 [main.py:525 - <module>()] INFO: Waiting For the Dome to Open at Beginning of Night
2017-11-28T09:30:28 [main.py:525 - <module>()] INFO: Waiting For the Dome to Open at Beginning of Night
2017-11-28T09:31:28 [main.py:525 - <module>()] INFO: Waiting For the Dome to Open at Beginning of Night
2017-11-28T09:32:28 [main.py:525 - <module>()] INFO: Waiting For the Dome to Open at Beginning of Night
2017-11-28T09:33:29 [main.py:525 - <module>()] INFO: Waiting For the Dome to Open at Beginning of Night
2017-11-28T09:34:30 [main.py:525 - <module>()] INFO: Waiting For the Dome to Open at Beginning of Night
2017-11-28T09:35:30 [main.py:525 - <module>()] INFO: Waiting For the Dome to Open at Beginning of Night
2017-11-28T09:36:30 [main.py:525 - <module>()] INFO: Waiting For the Dome to Open at Beginning of Night
2017-11-28T09:37:31 [main.py:525 - <module>()] INFO: Waiting For the Dome to Open at Beginning of Night
2017-11-28T09:38:31 [main.py:525 - <module>()] INFO: Waiting For the Dome to Open at Beginning of Night
2017-11-28T09:39:32 [main.py:525 - <module>()] INFO: Waiting For the Dome to Open at Beginning of Night
2017-11-28T09:40:32 [main.py:525 - <module>()] INFO: Waiting For the Dome to Open at Beginning of Night
2017-11-28T09:41:33 [main.py:525 - <module>()] INFO: Waiting For the Dome to Open at Beginning of Night
2017-11-28T09:42:33 [main.py:525 - <module>()] INFO: Waiting For the Dome to Open at Beginning of Night
2017-11-28T09:43:34 [main.py:525 - <module>()] INFO: Waiting For the Dome to Open at Beginning of Night
2017-11-28T09:44:34 [main.py:525 - <module>()] INFO: Waiting For the Dome to Open at Beginning of Night
2017-11-28T09:45:34 [main.py:525 - <module>()] INFO: Waiting For the Dome to Open at Beginning of Night
2017-11-28T09:46:35 [main.py:525 - <module>()] INFO: Waiting For the Dome to Open at Beginning of Night
2017-11-28T09:47:35 [main.py:525 - <module>()] INFO: Waiting For the Dome to Open at Beginning of Night
2017-11-28T09:48:36 [main.py:525 - <module>()] INFO: Waiting For the Dome to Open at Beginning of Night
2017-11-28T09:49:36 [main.py:525 - <module>()] INFO: Waiting For the Dome to Open at Beginning of Night
2017-11-28T09:50:36 [main.py:525 - <module>()] INFO: Waiting For the Dome to Open at Beginning of Night
2017-11-28T09:51:37 [main.py:525 - <module>()] INFO: Waiting For the Dome to Open at Beginning of Night
2017-11-28T09:52:37 [main.py:525 - <module>()] INFO: Waiting For the Dome to Open at Beginning of Night
2017-11-28T09:53:38 [main.py:525 - <module>()] INFO: Waiting For the Dome to Open at Beginning of Night
2017-11-28T09:54:38 [main.py:525 - <module>()] INFO: Waiting For the Dome to Open at Beginning of Night
2017-11-28T09:55:39 [main.py:525 - <module>()] INFO: Waiting For the Dome to Open at Beginning of Night
2017-11-28T09:56:39 [main.py:525 - <module>()] INFO: Waiting For the Dome to Open at Beginning of Night
2017-11-28T09:57:40 [main.py:525 - <module>()] INFO: Waiting For the Dome to Open at Beginning of Night
2017-11-28T09:58:40 [main.py:525 - <module>()] INFO: Waiting For the Dome to Open at Beginning of Night
2017-11-28T09:59:41 [main.py:525 - <module>()] INFO: Waiting For the Dome to Open at Beginning of Night
2017-11-28T10:00:41 [main.py:525 - <module>()] INFO: Waiting For the Dome to Open at Beginning of Night
2017-11-28T10:01:42 [main.py:525 - <module>()] INFO: Waiting For the Dome to Open at Beginning of Night
2017-11-28T10:02:42 [main.py:525 - <module>()] INFO: Waiting For the Dome to Open at Beginning of Night
2017-11-28T10:03:43 [main.py:525 - <module>()] INFO: Waiting For the Dome to Open at Beginning of Night
2017-11-28T10:04:44 [main.py:525 - <module>()] INFO: Waiting For the Dome to Open at Beginning of Night
2017-11-28T10:05:44 [main.py:525 - <module>()] INFO: Waiting For the Dome to Open at Beginning of Night
2017-11-28T10:06:45 [main.py:525 - <module>()] INFO: Waiting For the Dome to Open at Beginning of Night
2017-11-28T10:07:45 [main.py:525 - <module>()] INFO: Waiting For the Dome to Open at Beginning of Night
2017-11-28T10:08:46 [main.py:525 - <module>()] INFO: Waiting For the Dome to Open at Beginning of Night
2017-11-28T10:09:46 [main.py:525 - <module>()] INFO: Waiting For the Dome to Open at Beginning of Night
2017-11-28T10:10:47 [main.py:525 - <module>()] INFO: Waiting For the Dome to Open at Beginning of Night
2017-11-28T10:11:47 [main.py:525 - <module>()] INFO: Waiting For the Dome to Open at Beginning of Night
2017-11-28T10:12:48 [main.py:525 - <module>()] INFO: Waiting For the Dome to Open at Beginning of Night
2017-11-28T10:13:48 [main.py:525 - <module>()] INFO: Waiting For the Dome to Open at Beginning of Night
2017-11-28T10:14:49 [main.py:525 - <module>()] INFO: Waiting For the Dome to Open at Beginning of Night
2017-11-28T10:15:49 [main.py:525 - <module>()] INFO: Waiting For the Dome to Open at Beginning of Night
2017-11-28T10:16:50 [main.py:525 - <module>()] INFO: Waiting For the Dome to Open at Beginning of Night
2017-11-28T10:17:50 [main.py:525 - <module>()] INFO: Waiting For the Dome to Open at Beginning of Night
2017-11-28T10:18:51 [main.py:525 - <module>()] INFO: Waiting For the Dome to Open at Beginning of Night
2017-11-28T10:19:51 [main.py:525 - <module>()] INFO: Waiting For the Dome to Open at Beginning of Night
2017-11-28T10:20:52 [main.py:525 - <module>()] INFO: Waiting For the Dome to Open at Beginning of Night
2017-11-28T10:21:52 [main.py:525 - <module>()] INFO: Waiting For the Dome to Open at Beginning of Night
2017-11-28T10:22:53 [main.py:525 - <module>()] INFO: Waiting For the Dome to Open at Beginning of Night
2017-11-28T10:23:53 [main.py:525 - <module>()] INFO: Waiting For the Dome to Open at Beginning of Night
2017-11-28T10:24:54 [main.py:525 - <module>()] INFO: Waiting For the Dome to Open at Beginning of Night
2017-11-28T10:25:54 [main.py:525 - <module>()] INFO: Waiting For the Dome to Open at Beginning of Night
2017-11-28T10:26:55 [main.py:525 - <module>()] INFO: Waiting For the Dome to Open at Beginning of Night
2017-11-28T10:27:55 [main.py:525 - <module>()] INFO: Waiting For the Dome to Open at Beginning of Night
2017-11-28T10:28:56 [main.py:525 - <module>()] INFO: Waiting For the Dome to Open at Beginning of Night
2017-11-28T10:29:56 [main.py:525 - <module>()] INFO: Waiting For the Dome to Open at Beginning of Night
2017-11-28T10:30:57 [main.py:525 - <module>()] INFO: Waiting For the Dome to Open at Beginning of Night
2017-11-28T10:31:57 [main.py:525 - <module>()] INFO: Waiting For the Dome to Open at Beginning of Night
2017-11-28T10:32:58 [main.py:525 - <module>()] INFO: Waiting For the Dome to Open at Beginning of Night
2017-11-28T10:33:58 [main.py:525 - <module>()] INFO: Waiting For the Dome to Open at Beginning of Night
2017-11-28T10:34:59 [main.py:525 - <module>()] INFO: Waiting For the Dome to Open at Beginning of Night
2017-11-28T10:35:59 [main.py:525 - <module>()] INFO: Waiting For the Dome to Open at Beginning of Night
2017-11-28T10:37:00 [main.py:525 - <module>()] INFO: Waiting For the Dome to Open at Beginning of Night
2017-11-28T10:38:00 [main.py:525 - <module>()] INFO: Waiting For the Dome to Open at Beginning of Night
2017-11-28T10:39:01 [main.py:525 - <module>()] INFO: Waiting For the Dome to Open at Beginning of Night
2017-11-28T10:40:01 [main.py:525 - <module>()] INFO: Waiting For the Dome to Open at Beginning of Night
2017-11-28T10:41:01 [main.py:525 - <module>()] INFO: Waiting For the Dome to Open at Beginning of Night
2017-11-28T10:42:02 [main.py:525 - <module>()] INFO: Waiting For the Dome to Open at Beginning of Night
2017-11-28T10:43:03 [main.py:525 - <module>()] INFO: Waiting For the Dome to Open at Beginning of Night
2017-11-28T10:44:03 [main.py:525 - <module>()] INFO: Waiting For the Dome to Open at Beginning of Night
2017-11-28T10:45:03 [main.py:525 - <module>()] INFO: Waiting For the Dome to Open at Beginning of Night
2017-11-28T10:46:04 [main.py:525 - <module>()] INFO: Waiting For the Dome to Open at Beginning of Night
2017-11-28T10:47:05 [main.py:525 - <module>()] INFO: Waiting For the Dome to Open at Beginning of Night
2017-11-28T10:48:05 [main.py:525 - <module>()] INFO: Waiting For the Dome to Open at Beginning of Night
2017-11-28T10:49:06 [main.py:525 - <module>()] INFO: Waiting For the Dome to Open at Beginning of Night
2017-11-28T10:50:06 [main.py:525 - <module>()] INFO: Waiting For the Dome to Open at Beginning of Night
2017-11-28T10:51:07 [main.py:525 - <module>()] INFO: Waiting For the Dome to Open at Beginning of Night
2017-11-28T10:52:07 [main.py:525 - <module>()] INFO: Waiting For the Dome to Open at Beginning of Night
2017-11-28T10:53:08 [main.py:525 - <module>()] INFO: Waiting For the Dome to Open at Beginning of Night
2017-11-28T10:54:08 [main.py:525 - <module>()] INFO: Waiting For the Dome to Open at Beginning of Night
2017-11-28T10:55:09 [main.py:525 - <module>()] INFO: Waiting For the Dome to Open at Beginning of Night
2017-11-28T10:56:09 [main.py:525 - <module>()] INFO: Waiting For the Dome to Open at Beginning of Night
2017-11-28T10:57:10 [main.py:525 - <module>()] INFO: Waiting For the Dome to Open at Beginning of Night
2017-11-28T10:58:10 [main.py:525 - <module>()] INFO: Waiting For the Dome to Open at Beginning of Night
2017-11-28T10:59:11 [main.py:525 - <module>()] INFO: Waiting For the Dome to Open at Beginning of Night
2017-11-28T11:00:11 [main.py:525 - <module>()] INFO: Waiting For the Dome to Open at Beginning of Night
2017-11-28T11:01:12 [main.py:525 - <module>()] INFO: Waiting For the Dome to Open at Beginning of Night
2017-11-28T11:02:12 [main.py:525 - <module>()] INFO: Waiting For the Dome to Open at Beginning of Night
2017-11-28T11:03:13 [main.py:525 - <module>()] INFO: Waiting For the Dome to Open at Beginning of Night
2017-11-28T11:04:13 [main.py:525 - <module>()] INFO: Waiting For the Dome to Open at Beginning of Night
2017-11-28T11:05:14 [main.py:525 - <module>()] INFO: Waiting For the Dome to Open at Beginning of Night
2017-11-28T11:06:15 [main.py:525 - <module>()] INFO: Waiting For the Dome to Open at Beginning of Night
2017-11-28T11:07:15 [main.py:525 - <module>()] INFO: Waiting For the Dome to Open at Beginning of Night
2017-11-28T11:08:16 [main.py:525 - <module>()] INFO: Waiting For the Dome to Open at Beginning of Night
2017-11-28T11:09:16 [main.py:525 - <module>()] INFO: Waiting For the Dome to Open at Beginning of Night
2017-11-28T11:10:17 [main.py:525 - <module>()] INFO: Waiting For the Dome to Open at Beginning of Night
2017-11-28T11:11:17 [main.py:525 - <module>()] INFO: Waiting For the Dome to Open at Beginning of Night
2017-11-28T11:12:18 [main.py:525 - <module>()] INFO: Waiting For the Dome to Open at Beginning of Night
2017-11-28T11:13:18 [main.py:525 - <module>()] INFO: Waiting For the Dome to Open at Beginning of Night
2017-11-28T11:14:18 [main.py:525 - <module>()] INFO: Waiting For the Dome to Open at Beginning of Night
2017-11-28T11:15:19 [main.py:525 - <module>()] INFO: Waiting For the Dome to Open at Beginning of Night
2017-11-28T11:16:19 [main.py:525 - <module>()] INFO: Waiting For the Dome to Open at Beginning of Night
2017-11-28T11:17:20 [main.py:525 - <module>()] INFO: Waiting For the Dome to Open at Beginning of Night
2017-11-28T11:18:20 [main.py:525 - <module>()] INFO: Waiting For the Dome to Open at Beginning of Night
2017-11-28T11:19:21 [main.py:525 - <module>()] INFO: Waiting For the Dome to Open at Beginning of Night
2017-11-28T11:20:22 [main.py:525 - <module>()] INFO: Waiting For the Dome to Open at Beginning of Night
2017-11-28T11:21:22 [main.py:525 - <module>()] INFO: Waiting For the Dome to Open at Beginning of Night
2017-11-28T11:22:23 [main.py:525 - <module>()] INFO: Waiting For the Dome to Open at Beginning of Night
2017-11-28T11:23:23 [main.py:525 - <module>()] INFO: Waiting For the Dome to Open at Beginning of Night
2017-11-28T11:24:24 [main.py:525 - <module>()] INFO: Waiting For the Dome to Open at Beginning of Night
2017-11-28T11:25:24 [main.py:525 - <module>()] INFO: Waiting For the Dome to Open at Beginning of Night
2017-11-28T11:26:25 [main.py:525 - <module>()] INFO: Waiting For the Dome to Open at Beginning of Night
2017-11-28T11:27:25 [main.py:525 - <module>()] INFO: Waiting For the Dome to Open at Beginning of Night
2017-11-28T11:28:26 [main.py:525 - <module>()] INFO: Waiting For the Dome to Open at Beginning of Night
2017-11-28T11:29:26 [main.py:525 - <module>()] INFO: Waiting For the Dome to Open at Beginning of Night
2017-11-28T11:30:27 [main.py:525 - <module>()] INFO: Waiting For the Dome to Open at Beginning of Night
2017-11-28T11:31:27 [main.py:525 - <module>()] INFO: Waiting For the Dome to Open at Beginning of Night
2017-11-28T11:32:27 [main.py:525 - <module>()] INFO: Waiting For the Dome to Open at Beginning of Night
2017-11-28T11:33:28 [main.py:525 - <module>()] INFO: Waiting For the Dome to Open at Beginning of Night
2017-11-28T11:34:28 [main.py:525 - <module>()] INFO: Waiting For the Dome to Open at Beginning of Night
2017-11-28T11:35:28 [main.py:525 - <module>()] INFO: Waiting For the Dome to Open at Beginning of Night
2017-11-28T11:36:29 [main.py:525 - <module>()] INFO: Waiting For the Dome to Open at Beginning of Night
2017-11-28T11:37:30 [main.py:525 - <module>()] INFO: Waiting For the Dome to Open at Beginning of Night
2017-11-28T11:38:30 [main.py:525 - <module>()] INFO: Waiting For the Dome to Open at Beginning of Night
2017-11-28T11:39:31 [main.py:525 - <module>()] INFO: Waiting For the Dome to Open at Beginning of Night
2017-11-28T11:40:31 [main.py:525 - <module>()] INFO: Waiting For the Dome to Open at Beginning of Night
2017-11-28T11:41:31 [main.py:525 - <module>()] INFO: Waiting For the Dome to Open at Beginning of Night
2017-11-28T11:42:32 [main.py:525 - <module>()] INFO: Waiting For the Dome to Open at Beginning of Night
2017-11-28T11:43:32 [main.py:525 - <module>()] INFO: Waiting For the Dome to Open at Beginning of Night
2017-11-28T11:44:33 [main.py:525 - <module>()] INFO: Waiting For the Dome to Open at Beginning of Night
2017-11-28T11:45:33 [main.py:525 - <module>()] INFO: Waiting For the Dome to Open at Beginning of Night
2017-11-28T11:46:34 [main.py:525 - <module>()] INFO: Waiting For the Dome to Open at Beginning of Night
2017-11-28T11:47:34 [main.py:525 - <module>()] INFO: Waiting For the Dome to Open at Beginning of Night
2017-11-28T11:48:35 [main.py:525 - <module>()] INFO: Waiting For the Dome to Open at Beginning of Night
2017-11-28T11:49:35 [main.py:525 - <module>()] INFO: Waiting For the Dome to Open at Beginning of Night
2017-11-28T11:50:36 [main.py:525 - <module>()] INFO: Waiting For the Dome to Open at Beginning of Night
2017-11-28T11:51:36 [main.py:525 - <module>()] INFO: Waiting For the Dome to Open at Beginning of Night
2017-11-28T11:52:37 [main.py:525 - <module>()] INFO: Waiting For the Dome to Open at Beginning of Night
2017-11-28T11:53:38 [main.py:525 - <module>()] INFO: Waiting For the Dome to Open at Beginning of Night
2017-11-28T11:54:38 [main.py:525 - <module>()] INFO: Waiting For the Dome to Open at Beginning of Night
2017-11-28T11:55:38 [main.py:525 - <module>()] INFO: Waiting For the Dome to Open at Beginning of Night
2017-11-28T11:56:39 [main.py:525 - <module>()] INFO: Waiting For the Dome to Open at Beginning of Night
2017-11-28T11:57:39 [main.py:525 - <module>()] INFO: Waiting For the Dome to Open at Beginning of Night
2017-11-28T11:58:40 [main.py:525 - <module>()] INFO: Waiting For the Dome to Open at Beginning of Night
2017-11-28T11:59:40 [main.py:525 - <module>()] INFO: Waiting For the Dome to Open at Beginning of Night
2017-11-28T12:00:41 [main.py:525 - <module>()] INFO: Waiting For the Dome to Open at Beginning of Night
2017-11-28T12:01:41 [main.py:525 - <module>()] INFO: Waiting For the Dome to Open at Beginning of Night
2017-11-28T12:02:42 [main.py:525 - <module>()] INFO: Waiting For the Dome to Open at Beginning of Night
2017-11-28T12:03:42 [main.py:525 - <module>()] INFO: Waiting For the Dome to Open at Beginning of Night
2017-11-28T12:04:43 [main.py:525 - <module>()] INFO: Waiting For the Dome to Open at Beginning of Night
2017-11-28T12:05:43 [main.py:525 - <module>()] INFO: Waiting For the Dome to Open at Beginning of Night
2017-11-28T12:06:44 [main.py:525 - <module>()] INFO: Waiting For the Dome to Open at Beginning of Night
2017-11-28T12:07:44 [main.py:525 - <module>()] INFO: Waiting For the Dome to Open at Beginning of Night
2017-11-28T12:08:45 [main.py:525 - <module>()] INFO: Waiting For the Dome to Open at Beginning of Night
2017-11-28T12:09:45 [main.py:525 - <module>()] INFO: Waiting For the Dome to Open at Beginning of Night
2017-11-28T12:10:46 [main.py:525 - <module>()] INFO: Waiting For the Dome to Open at Beginning of Night
2017-11-28T12:11:46 [main.py:525 - <module>()] INFO: Waiting For the Dome to Open at Beginning of Night
2017-11-28T12:12:47 [main.py:525 - <module>()] INFO: Waiting For the Dome to Open at Beginning of Night
2017-11-28T12:13:47 [main.py:525 - <module>()] INFO: Waiting For the Dome to Open at Beginning of Night
2017-11-28T12:14:48 [main.py:525 - <module>()] INFO: Waiting For the Dome to Open at Beginning of Night
2017-11-28T12:15:48 [main.py:525 - <module>()] INFO: Waiting For the Dome to Open at Beginning of Night
2017-11-28T12:16:49 [main.py:525 - <module>()] INFO: Waiting For the Dome to Open at Beginning of Night
2017-11-28T12:17:49 [main.py:525 - <module>()] INFO: Waiting For the Dome to Open at Beginning of Night
2017-11-28T12:18:50 [main.py:525 - <module>()] INFO: Waiting For the Dome to Open at Beginning of Night
2017-11-28T12:19:50 [main.py:525 - <module>()] INFO: Waiting For the Dome to Open at Beginning of Night
2017-11-28T12:20:50 [main.py:525 - <module>()] INFO: Waiting For the Dome to Open at Beginning of Night
2017-11-28T12:21:51 [main.py:525 - <module>()] INFO: Waiting For the Dome to Open at Beginning of Night
2017-11-28T12:22:51 [main.py:525 - <module>()] INFO: Waiting For the Dome to Open at Beginning of Night
2017-11-28T12:23:52 [main.py:525 - <module>()] INFO: Waiting For the Dome to Open at Beginning of Night
2017-11-28T12:24:52 [main.py:525 - <module>()] INFO: Waiting For the Dome to Open at Beginning of Night
2017-11-28T12:25:53 [main.py:525 - <module>()] INFO: Waiting For the Dome to Open at Beginning of Night
2017-11-28T12:26:53 [main.py:525 - <module>()] INFO: Waiting For the Dome to Open at Beginning of Night
2017-11-28T12:27:54 [main.py:525 - <module>()] INFO: Waiting For the Dome to Open at Beginning of Night
2017-11-28T12:28:54 [main.py:525 - <module>()] INFO: Waiting For the Dome to Open at Beginning of Night
2017-11-28T12:29:55 [main.py:525 - <module>()] INFO: Waiting For the Dome to Open at Beginning of Night
2017-11-28T12:30:55 [main.py:525 - <module>()] INFO: Waiting For the Dome to Open at Beginning of Night
2017-11-28T12:31:56 [main.py:525 - <module>()] INFO: Waiting For the Dome to Open at Beginning of Night
2017-11-28T12:32:56 [main.py:525 - <module>()] INFO: Waiting For the Dome to Open at Beginning of Night
2017-11-28T12:33:57 [main.py:525 - <module>()] INFO: Waiting For the Dome to Open at Beginning of Night
2017-11-28T12:34:57 [main.py:525 - <module>()] INFO: Waiting For the Dome to Open at Beginning of Night
2017-11-28T12:35:58 [main.py:525 - <module>()] INFO: Waiting For the Dome to Open at Beginning of Night
2017-11-28T12:36:58 [main.py:525 - <module>()] INFO: Waiting For the Dome to Open at Beginning of Night
2017-11-28T12:37:59 [main.py:525 - <module>()] INFO: Waiting For the Dome to Open at Beginning of Night
2017-11-28T12:38:59 [main.py:525 - <module>()] INFO: Waiting For the Dome to Open at Beginning of Night
2017-11-28T12:40:00 [main.py:525 - <module>()] INFO: Waiting For the Dome to Open at Beginning of Night
2017-11-28T12:41:00 [main.py:525 - <module>()] INFO: Waiting For the Dome to Open at Beginning of Night
2017-11-28T12:42:01 [main.py:525 - <module>()] INFO: Waiting For the Dome to Open at Beginning of Night
2017-11-28T12:43:01 [main.py:525 - <module>()] INFO: Waiting For the Dome to Open at Beginning of Night
2017-11-28T12:44:01 [main.py:525 - <module>()] INFO: Waiting For the Dome to Open at Beginning of Night
2017-11-28T12:45:02 [main.py:525 - <module>()] INFO: Waiting For the Dome to Open at Beginning of Night
2017-11-28T12:46:02 [main.py:525 - <module>()] INFO: Waiting For the Dome to Open at Beginning of Night
2017-11-28T12:47:03 [main.py:525 - <module>()] INFO: Waiting For the Dome to Open at Beginning of Night
2017-11-28T12:48:03 [main.py:525 - <module>()] INFO: Waiting For the Dome to Open at Beginning of Night
2017-11-28T12:49:04 [main.py:525 - <module>()] INFO: Waiting For the Dome to Open at Beginning of Night
2017-11-28T12:50:04 [main.py:525 - <module>()] INFO: Waiting For the Dome to Open at Beginning of Night
2017-11-28T12:51:05 [main.py:525 - <module>()] INFO: Waiting For the Dome to Open at Beginning of Night
2017-11-28T12:52:05 [main.py:525 - <module>()] INFO: Waiting For the Dome to Open at Beginning of Night
2017-11-28T12:53:06 [main.py:525 - <module>()] INFO: Waiting For the Dome to Open at Beginning of Night
2017-11-28T12:54:07 [main.py:525 - <module>()] INFO: Waiting For the Dome to Open at Beginning of Night
2017-11-28T12:55:07 [main.py:525 - <module>()] INFO: Waiting For the Dome to Open at Beginning of Night
2017-11-28T12:56:07 [main.py:525 - <module>()] INFO: Waiting For the Dome to Open at Beginning of Night
2017-11-28T12:57:08 [main.py:525 - <module>()] INFO: Waiting For the Dome to Open at Beginning of Night
2017-11-28T12:57:08 [main.py:532 - <module>()] INFO: Past Nautical Twilight. Should close up
2017-11-28T12:57:08 [main.py:575 - <module>()] INFO: Parking Telescope (even if it never unparked)
