2017-12-13T00:49:48 [main.py:499 - <module>()] INFO: Taking 30 Biases
2017-12-13T00:49:48 [main.py:163 - doDark()] INFO: Taking BIAS 1 of 30 (exptime = 0)
2017-12-13T00:49:48 [main.py:227 - takeImage()] INFO: Taking 0 second image
2017-12-13T00:49:50 [main.py:248 - takeImage()] INFO: Saving image: C:/camal/data/n20171213//0001BIAS.0.fits
2017-12-13T00:49:51 [main.py:163 - doDark()] INFO: Taking BIAS 2 of 30 (exptime = 0)
2017-12-13T00:49:51 [main.py:227 - takeImage()] INFO: Taking 0 second image
2017-12-13T00:49:52 [main.py:248 - takeImage()] INFO: Saving image: C:/camal/data/n20171213//0002BIAS.0.fits
2017-12-13T00:49:52 [main.py:163 - doDark()] INFO: Taking BIAS 3 of 30 (exptime = 0)
2017-12-13T00:49:52 [main.py:227 - takeImage()] INFO: Taking 0 second image
2017-12-13T00:49:53 [main.py:248 - takeImage()] INFO: Saving image: C:/camal/data/n20171213//0003BIAS.0.fits
2017-12-13T00:49:53 [main.py:163 - doDark()] INFO: Taking BIAS 4 of 30 (exptime = 0)
2017-12-13T00:49:53 [main.py:227 - takeImage()] INFO: Taking 0 second image
2017-12-13T00:49:55 [main.py:248 - takeImage()] INFO: Saving image: C:/camal/data/n20171213//0004BIAS.0.fits
2017-12-13T00:49:55 [main.py:163 - doDark()] INFO: Taking BIAS 5 of 30 (exptime = 0)
2017-12-13T00:49:55 [main.py:227 - takeImage()] INFO: Taking 0 second image
2017-12-13T00:49:56 [main.py:248 - takeImage()] INFO: Saving image: C:/camal/data/n20171213//0005BIAS.0.fits
2017-12-13T00:49:56 [main.py:163 - doDark()] INFO: Taking BIAS 6 of 30 (exptime = 0)
2017-12-13T00:49:56 [main.py:227 - takeImage()] INFO: Taking 0 second image
2017-12-13T00:49:57 [main.py:248 - takeImage()] INFO: Saving image: C:/camal/data/n20171213//0006BIAS.0.fits
2017-12-13T00:49:57 [main.py:163 - doDark()] INFO: Taking BIAS 7 of 30 (exptime = 0)
2017-12-13T00:49:57 [main.py:227 - takeImage()] INFO: Taking 0 second image
2017-12-13T00:49:59 [main.py:248 - takeImage()] INFO: Saving image: C:/camal/data/n20171213//0007BIAS.0.fits
2017-12-13T00:49:59 [main.py:163 - doDark()] INFO: Taking BIAS 8 of 30 (exptime = 0)
2017-12-13T00:49:59 [main.py:227 - takeImage()] INFO: Taking 0 second image
2017-12-13T00:50:00 [main.py:248 - takeImage()] INFO: Saving image: C:/camal/data/n20171213//0008BIAS.0.fits
2017-12-13T00:50:00 [main.py:163 - doDark()] INFO: Taking BIAS 9 of 30 (exptime = 0)
2017-12-13T00:50:00 [main.py:227 - takeImage()] INFO: Taking 0 second image
2017-12-13T00:50:02 [main.py:248 - takeImage()] INFO: Saving image: C:/camal/data/n20171213//0009BIAS.0.fits
2017-12-13T00:50:02 [main.py:163 - doDark()] INFO: Taking BIAS 10 of 30 (exptime = 0)
2017-12-13T00:50:02 [main.py:227 - takeImage()] INFO: Taking 0 second image
2017-12-13T00:50:03 [main.py:248 - takeImage()] INFO: Saving image: C:/camal/data/n20171213//0010BIAS.0.fits
2017-12-13T00:50:03 [main.py:163 - doDark()] INFO: Taking BIAS 11 of 30 (exptime = 0)
2017-12-13T00:50:03 [main.py:227 - takeImage()] INFO: Taking 0 second image
2017-12-13T00:50:05 [main.py:248 - takeImage()] INFO: Saving image: C:/camal/data/n20171213//0011BIAS.0.fits
2017-12-13T00:50:05 [main.py:163 - doDark()] INFO: Taking BIAS 12 of 30 (exptime = 0)
2017-12-13T00:50:05 [main.py:227 - takeImage()] INFO: Taking 0 second image
2017-12-13T00:50:06 [main.py:248 - takeImage()] INFO: Saving image: C:/camal/data/n20171213//0012BIAS.0.fits
2017-12-13T00:50:06 [main.py:163 - doDark()] INFO: Taking BIAS 13 of 30 (exptime = 0)
2017-12-13T00:50:06 [main.py:227 - takeImage()] INFO: Taking 0 second image
2017-12-13T00:50:07 [main.py:248 - takeImage()] INFO: Saving image: C:/camal/data/n20171213//0013BIAS.0.fits
2017-12-13T00:50:08 [main.py:163 - doDark()] INFO: Taking BIAS 14 of 30 (exptime = 0)
2017-12-13T00:50:08 [main.py:227 - takeImage()] INFO: Taking 0 second image
2017-12-13T00:50:09 [main.py:248 - takeImage()] INFO: Saving image: C:/camal/data/n20171213//0014BIAS.0.fits
2017-12-13T00:50:09 [main.py:163 - doDark()] INFO: Taking BIAS 15 of 30 (exptime = 0)
2017-12-13T00:50:09 [main.py:227 - takeImage()] INFO: Taking 0 second image
2017-12-13T00:50:10 [main.py:248 - takeImage()] INFO: Saving image: C:/camal/data/n20171213//0015BIAS.0.fits
2017-12-13T00:50:10 [main.py:163 - doDark()] INFO: Taking BIAS 16 of 30 (exptime = 0)
2017-12-13T00:50:10 [main.py:227 - takeImage()] INFO: Taking 0 second image
2017-12-13T00:50:12 [main.py:248 - takeImage()] INFO: Saving image: C:/camal/data/n20171213//0016BIAS.0.fits
2017-12-13T00:50:12 [main.py:163 - doDark()] INFO: Taking BIAS 17 of 30 (exptime = 0)
2017-12-13T00:50:12 [main.py:227 - takeImage()] INFO: Taking 0 second image
2017-12-13T00:50:13 [main.py:248 - takeImage()] INFO: Saving image: C:/camal/data/n20171213//0017BIAS.0.fits
2017-12-13T00:50:13 [main.py:163 - doDark()] INFO: Taking BIAS 18 of 30 (exptime = 0)
2017-12-13T00:50:13 [main.py:227 - takeImage()] INFO: Taking 0 second image
2017-12-13T00:50:15 [main.py:248 - takeImage()] INFO: Saving image: C:/camal/data/n20171213//0018BIAS.0.fits
2017-12-13T00:50:15 [main.py:163 - doDark()] INFO: Taking BIAS 19 of 30 (exptime = 0)
2017-12-13T00:50:15 [main.py:227 - takeImage()] INFO: Taking 0 second image
2017-12-13T00:50:16 [main.py:248 - takeImage()] INFO: Saving image: C:/camal/data/n20171213//0019BIAS.0.fits
2017-12-13T00:50:16 [main.py:163 - doDark()] INFO: Taking BIAS 20 of 30 (exptime = 0)
2017-12-13T00:50:16 [main.py:227 - takeImage()] INFO: Taking 0 second image
2017-12-13T00:50:17 [main.py:248 - takeImage()] INFO: Saving image: C:/camal/data/n20171213//0020BIAS.0.fits
2017-12-13T00:50:17 [main.py:163 - doDark()] INFO: Taking BIAS 21 of 30 (exptime = 0)
2017-12-13T00:50:17 [main.py:227 - takeImage()] INFO: Taking 0 second image
2017-12-13T00:50:19 [main.py:248 - takeImage()] INFO: Saving image: C:/camal/data/n20171213//0021BIAS.0.fits
2017-12-13T00:50:19 [main.py:163 - doDark()] INFO: Taking BIAS 22 of 30 (exptime = 0)
2017-12-13T00:50:19 [main.py:227 - takeImage()] INFO: Taking 0 second image
2017-12-13T00:50:20 [main.py:248 - takeImage()] INFO: Saving image: C:/camal/data/n20171213//0022BIAS.0.fits
2017-12-13T00:50:20 [main.py:163 - doDark()] INFO: Taking BIAS 23 of 30 (exptime = 0)
2017-12-13T00:50:20 [main.py:227 - takeImage()] INFO: Taking 0 second image
2017-12-13T00:50:22 [main.py:248 - takeImage()] INFO: Saving image: C:/camal/data/n20171213//0023BIAS.0.fits
2017-12-13T00:50:22 [main.py:163 - doDark()] INFO: Taking BIAS 24 of 30 (exptime = 0)
2017-12-13T00:50:22 [main.py:227 - takeImage()] INFO: Taking 0 second image
2017-12-13T00:50:23 [main.py:248 - takeImage()] INFO: Saving image: C:/camal/data/n20171213//0024BIAS.0.fits
2017-12-13T00:50:23 [main.py:163 - doDark()] INFO: Taking BIAS 25 of 30 (exptime = 0)
2017-12-13T00:50:23 [main.py:227 - takeImage()] INFO: Taking 0 second image
2017-12-13T00:50:24 [main.py:248 - takeImage()] INFO: Saving image: C:/camal/data/n20171213//0025BIAS.0.fits
2017-12-13T00:50:25 [main.py:163 - doDark()] INFO: Taking BIAS 26 of 30 (exptime = 0)
2017-12-13T00:50:25 [main.py:227 - takeImage()] INFO: Taking 0 second image
2017-12-13T00:50:26 [main.py:248 - takeImage()] INFO: Saving image: C:/camal/data/n20171213//0026BIAS.0.fits
2017-12-13T00:50:26 [main.py:163 - doDark()] INFO: Taking BIAS 27 of 30 (exptime = 0)
2017-12-13T00:50:26 [main.py:227 - takeImage()] INFO: Taking 0 second image
2017-12-13T00:50:27 [main.py:248 - takeImage()] INFO: Saving image: C:/camal/data/n20171213//0027BIAS.0.fits
2017-12-13T00:50:27 [main.py:163 - doDark()] INFO: Taking BIAS 28 of 30 (exptime = 0)
2017-12-13T00:50:27 [main.py:227 - takeImage()] INFO: Taking 0 second image
2017-12-13T00:50:30 [main.py:248 - takeImage()] INFO: Saving image: C:/camal/data/n20171213//0028BIAS.0.fits
2017-12-13T00:50:30 [main.py:163 - doDark()] INFO: Taking BIAS 29 of 30 (exptime = 0)
2017-12-13T00:50:30 [main.py:227 - takeImage()] INFO: Taking 0 second image
2017-12-13T00:50:31 [main.py:248 - takeImage()] INFO: Saving image: C:/camal/data/n20171213//0029BIAS.0.fits
2017-12-13T00:50:31 [main.py:163 - doDark()] INFO: Taking BIAS 30 of 30 (exptime = 0)
2017-12-13T00:50:31 [main.py:227 - takeImage()] INFO: Taking 0 second image
2017-12-13T00:50:33 [main.py:248 - takeImage()] INFO: Saving image: C:/camal/data/n20171213//0030BIAS.0.fits
2017-12-13T00:50:33 [main.py:505 - <module>()] INFO: Waiting for nautical twilight to end (1646.821945seconds)
2017-12-13T01:18:00 [main.py:510 - <module>()] INFO: Making Schedule
2017-12-13T01:18:08 [main.py:525 - <module>()] INFO: Waiting For the Dome to Open at Beginning of Night
2017-12-13T01:19:08 [main.py:525 - <module>()] INFO: Waiting For the Dome to Open at Beginning of Night
2017-12-13T01:20:08 [main.py:525 - <module>()] INFO: Waiting For the Dome to Open at Beginning of Night
2017-12-13T01:21:08 [main.py:525 - <module>()] INFO: Waiting For the Dome to Open at Beginning of Night
2017-12-13T01:22:09 [main.py:525 - <module>()] INFO: Waiting For the Dome to Open at Beginning of Night
2017-12-13T01:23:09 [main.py:525 - <module>()] INFO: Waiting For the Dome to Open at Beginning of Night
2017-12-13T01:24:09 [main.py:525 - <module>()] INFO: Waiting For the Dome to Open at Beginning of Night
2017-12-13T01:25:10 [main.py:525 - <module>()] INFO: Waiting For the Dome to Open at Beginning of Night
2017-12-13T01:26:10 [main.py:525 - <module>()] INFO: Waiting For the Dome to Open at Beginning of Night
2017-12-13T01:27:10 [main.py:525 - <module>()] INFO: Waiting For the Dome to Open at Beginning of Night
2017-12-13T01:28:10 [main.py:525 - <module>()] INFO: Waiting For the Dome to Open at Beginning of Night
2017-12-13T01:29:11 [main.py:525 - <module>()] INFO: Waiting For the Dome to Open at Beginning of Night
2017-12-13T01:30:11 [main.py:525 - <module>()] INFO: Waiting For the Dome to Open at Beginning of Night
2017-12-13T01:31:11 [main.py:525 - <module>()] INFO: Waiting For the Dome to Open at Beginning of Night
2017-12-13T01:32:12 [main.py:525 - <module>()] INFO: Waiting For the Dome to Open at Beginning of Night
2017-12-13T01:33:12 [main.py:525 - <module>()] INFO: Waiting For the Dome to Open at Beginning of Night
2017-12-13T01:34:12 [main.py:525 - <module>()] INFO: Waiting For the Dome to Open at Beginning of Night
2017-12-13T01:35:12 [main.py:525 - <module>()] INFO: Waiting For the Dome to Open at Beginning of Night
2017-12-13T01:36:13 [main.py:525 - <module>()] INFO: Waiting For the Dome to Open at Beginning of Night
2017-12-13T01:37:13 [main.py:525 - <module>()] INFO: Waiting For the Dome to Open at Beginning of Night
2017-12-13T01:38:13 [main.py:525 - <module>()] INFO: Waiting For the Dome to Open at Beginning of Night
2017-12-13T01:39:14 [main.py:525 - <module>()] INFO: Waiting For the Dome to Open at Beginning of Night
2017-12-13T01:40:14 [main.py:525 - <module>()] INFO: Waiting For the Dome to Open at Beginning of Night
2017-12-13T01:41:14 [main.py:525 - <module>()] INFO: Waiting For the Dome to Open at Beginning of Night
2017-12-13T01:42:14 [main.py:525 - <module>()] INFO: Waiting For the Dome to Open at Beginning of Night
2017-12-13T01:43:15 [main.py:525 - <module>()] INFO: Waiting For the Dome to Open at Beginning of Night
2017-12-13T01:44:15 [main.py:525 - <module>()] INFO: Waiting For the Dome to Open at Beginning of Night
2017-12-13T01:45:15 [main.py:525 - <module>()] INFO: Waiting For the Dome to Open at Beginning of Night
2017-12-13T01:46:15 [main.py:525 - <module>()] INFO: Waiting For the Dome to Open at Beginning of Night
2017-12-13T01:47:16 [main.py:525 - <module>()] INFO: Waiting For the Dome to Open at Beginning of Night
2017-12-13T01:48:16 [main.py:525 - <module>()] INFO: Waiting For the Dome to Open at Beginning of Night
2017-12-13T01:49:16 [main.py:525 - <module>()] INFO: Waiting For the Dome to Open at Beginning of Night
2017-12-13T01:50:17 [main.py:525 - <module>()] INFO: Waiting For the Dome to Open at Beginning of Night
2017-12-13T01:51:17 [main.py:525 - <module>()] INFO: Waiting For the Dome to Open at Beginning of Night
2017-12-13T01:52:17 [main.py:525 - <module>()] INFO: Waiting For the Dome to Open at Beginning of Night
2017-12-13T01:53:17 [main.py:525 - <module>()] INFO: Waiting For the Dome to Open at Beginning of Night
2017-12-13T01:54:18 [main.py:525 - <module>()] INFO: Waiting For the Dome to Open at Beginning of Night
2017-12-13T01:55:18 [main.py:525 - <module>()] INFO: Waiting For the Dome to Open at Beginning of Night
2017-12-13T01:56:18 [main.py:525 - <module>()] INFO: Waiting For the Dome to Open at Beginning of Night
2017-12-13T01:57:19 [main.py:525 - <module>()] INFO: Waiting For the Dome to Open at Beginning of Night
2017-12-13T01:58:19 [main.py:525 - <module>()] INFO: Waiting For the Dome to Open at Beginning of Night
2017-12-13T01:59:19 [main.py:525 - <module>()] INFO: Waiting For the Dome to Open at Beginning of Night
2017-12-13T02:00:19 [main.py:525 - <module>()] INFO: Waiting For the Dome to Open at Beginning of Night
2017-12-13T02:01:20 [main.py:525 - <module>()] INFO: Waiting For the Dome to Open at Beginning of Night
2017-12-13T02:02:20 [main.py:525 - <module>()] INFO: Waiting For the Dome to Open at Beginning of Night
2017-12-13T02:03:20 [main.py:525 - <module>()] INFO: Waiting For the Dome to Open at Beginning of Night
2017-12-13T02:04:21 [main.py:525 - <module>()] INFO: Waiting For the Dome to Open at Beginning of Night
2017-12-13T02:05:21 [main.py:525 - <module>()] INFO: Waiting For the Dome to Open at Beginning of Night
2017-12-13T02:06:21 [main.py:525 - <module>()] INFO: Waiting For the Dome to Open at Beginning of Night
2017-12-13T02:07:21 [main.py:525 - <module>()] INFO: Waiting For the Dome to Open at Beginning of Night
2017-12-13T02:08:22 [main.py:525 - <module>()] INFO: Waiting For the Dome to Open at Beginning of Night
2017-12-13T02:09:22 [main.py:525 - <module>()] INFO: Waiting For the Dome to Open at Beginning of Night
2017-12-13T02:10:22 [main.py:525 - <module>()] INFO: Waiting For the Dome to Open at Beginning of Night
2017-12-13T02:11:23 [main.py:525 - <module>()] INFO: Waiting For the Dome to Open at Beginning of Night
2017-12-13T02:12:23 [main.py:525 - <module>()] INFO: Waiting For the Dome to Open at Beginning of Night
2017-12-13T02:13:23 [main.py:525 - <module>()] INFO: Waiting For the Dome to Open at Beginning of Night
2017-12-13T02:14:23 [main.py:525 - <module>()] INFO: Waiting For the Dome to Open at Beginning of Night
2017-12-13T02:15:24 [main.py:525 - <module>()] INFO: Waiting For the Dome to Open at Beginning of Night
2017-12-13T02:16:24 [main.py:525 - <module>()] INFO: Waiting For the Dome to Open at Beginning of Night
2017-12-13T02:17:24 [main.py:525 - <module>()] INFO: Waiting For the Dome to Open at Beginning of Night
2017-12-13T02:18:25 [main.py:525 - <module>()] INFO: Waiting For the Dome to Open at Beginning of Night
2017-12-13T02:19:25 [main.py:525 - <module>()] INFO: Waiting For the Dome to Open at Beginning of Night
2017-12-13T02:20:25 [main.py:525 - <module>()] INFO: Waiting For the Dome to Open at Beginning of Night
2017-12-13T02:21:25 [main.py:525 - <module>()] INFO: Waiting For the Dome to Open at Beginning of Night
2017-12-13T02:22:26 [main.py:525 - <module>()] INFO: Waiting For the Dome to Open at Beginning of Night
2017-12-13T02:23:26 [main.py:525 - <module>()] INFO: Waiting For the Dome to Open at Beginning of Night
2017-12-13T02:24:26 [main.py:525 - <module>()] INFO: Waiting For the Dome to Open at Beginning of Night
2017-12-13T02:25:27 [main.py:525 - <module>()] INFO: Waiting For the Dome to Open at Beginning of Night
2017-12-13T02:26:27 [main.py:525 - <module>()] INFO: Waiting For the Dome to Open at Beginning of Night
2017-12-13T02:27:27 [main.py:525 - <module>()] INFO: Waiting For the Dome to Open at Beginning of Night
2017-12-13T02:28:27 [main.py:525 - <module>()] INFO: Waiting For the Dome to Open at Beginning of Night
2017-12-13T02:29:28 [main.py:525 - <module>()] INFO: Waiting For the Dome to Open at Beginning of Night
2017-12-13T02:30:28 [main.py:525 - <module>()] INFO: Waiting For the Dome to Open at Beginning of Night
2017-12-13T02:31:28 [main.py:525 - <module>()] INFO: Waiting For the Dome to Open at Beginning of Night
2017-12-13T02:32:29 [main.py:525 - <module>()] INFO: Waiting For the Dome to Open at Beginning of Night
2017-12-13T02:33:29 [main.py:525 - <module>()] INFO: Waiting For the Dome to Open at Beginning of Night
2017-12-13T02:34:29 [main.py:525 - <module>()] INFO: Waiting For the Dome to Open at Beginning of Night
2017-12-13T02:35:29 [main.py:525 - <module>()] INFO: Waiting For the Dome to Open at Beginning of Night
2017-12-13T02:36:30 [main.py:525 - <module>()] INFO: Waiting For the Dome to Open at Beginning of Night
2017-12-13T02:37:30 [main.py:525 - <module>()] INFO: Waiting For the Dome to Open at Beginning of Night
2017-12-13T02:38:30 [main.py:525 - <module>()] INFO: Waiting For the Dome to Open at Beginning of Night
2017-12-13T02:39:31 [main.py:525 - <module>()] INFO: Waiting For the Dome to Open at Beginning of Night
2017-12-13T02:40:31 [main.py:525 - <module>()] INFO: Waiting For the Dome to Open at Beginning of Night
2017-12-13T02:41:31 [main.py:525 - <module>()] INFO: Waiting For the Dome to Open at Beginning of Night
2017-12-13T02:42:31 [main.py:525 - <module>()] INFO: Waiting For the Dome to Open at Beginning of Night
2017-12-13T02:43:32 [main.py:525 - <module>()] INFO: Waiting For the Dome to Open at Beginning of Night
2017-12-13T02:44:32 [main.py:525 - <module>()] INFO: Waiting For the Dome to Open at Beginning of Night
2017-12-13T02:45:32 [main.py:525 - <module>()] INFO: Waiting For the Dome to Open at Beginning of Night
2017-12-13T02:46:33 [main.py:525 - <module>()] INFO: Waiting For the Dome to Open at Beginning of Night
2017-12-13T02:47:33 [main.py:525 - <module>()] INFO: Waiting For the Dome to Open at Beginning of Night
2017-12-13T02:48:33 [main.py:525 - <module>()] INFO: Waiting For the Dome to Open at Beginning of Night
2017-12-13T02:49:33 [main.py:525 - <module>()] INFO: Waiting For the Dome to Open at Beginning of Night
2017-12-13T02:50:34 [main.py:525 - <module>()] INFO: Waiting For the Dome to Open at Beginning of Night
2017-12-13T02:51:34 [main.py:525 - <module>()] INFO: Waiting For the Dome to Open at Beginning of Night
2017-12-13T02:52:34 [main.py:525 - <module>()] INFO: Waiting For the Dome to Open at Beginning of Night
2017-12-13T02:53:35 [main.py:525 - <module>()] INFO: Waiting For the Dome to Open at Beginning of Night
2017-12-13T02:54:35 [main.py:525 - <module>()] INFO: Waiting For the Dome to Open at Beginning of Night
2017-12-13T02:55:35 [main.py:525 - <module>()] INFO: Waiting For the Dome to Open at Beginning of Night
2017-12-13T02:56:35 [main.py:525 - <module>()] INFO: Waiting For the Dome to Open at Beginning of Night
2017-12-13T02:57:36 [main.py:525 - <module>()] INFO: Waiting For the Dome to Open at Beginning of Night
2017-12-13T02:58:36 [main.py:525 - <module>()] INFO: Waiting For the Dome to Open at Beginning of Night
2017-12-13T02:59:36 [main.py:525 - <module>()] INFO: Waiting For the Dome to Open at Beginning of Night
2017-12-13T03:00:37 [main.py:525 - <module>()] INFO: Waiting For the Dome to Open at Beginning of Night
2017-12-13T03:01:37 [main.py:525 - <module>()] INFO: Waiting For the Dome to Open at Beginning of Night
2017-12-13T03:02:37 [main.py:525 - <module>()] INFO: Waiting For the Dome to Open at Beginning of Night
2017-12-13T03:03:37 [main.py:525 - <module>()] INFO: Waiting For the Dome to Open at Beginning of Night
2017-12-13T03:04:38 [main.py:525 - <module>()] INFO: Waiting For the Dome to Open at Beginning of Night
2017-12-13T03:05:38 [main.py:525 - <module>()] INFO: Waiting For the Dome to Open at Beginning of Night
2017-12-13T03:06:38 [main.py:525 - <module>()] INFO: Waiting For the Dome to Open at Beginning of Night
2017-12-13T03:07:39 [main.py:525 - <module>()] INFO: Waiting For the Dome to Open at Beginning of Night
2017-12-13T03:08:39 [main.py:525 - <module>()] INFO: Waiting For the Dome to Open at Beginning of Night
2017-12-13T03:09:39 [main.py:525 - <module>()] INFO: Waiting For the Dome to Open at Beginning of Night
2017-12-13T03:10:39 [main.py:525 - <module>()] INFO: Waiting For the Dome to Open at Beginning of Night
2017-12-13T03:11:40 [main.py:525 - <module>()] INFO: Waiting For the Dome to Open at Beginning of Night
2017-12-13T03:12:40 [main.py:525 - <module>()] INFO: Waiting For the Dome to Open at Beginning of Night
2017-12-13T03:13:40 [main.py:525 - <module>()] INFO: Waiting For the Dome to Open at Beginning of Night
2017-12-13T03:14:41 [main.py:525 - <module>()] INFO: Waiting For the Dome to Open at Beginning of Night
2017-12-13T03:15:41 [main.py:525 - <module>()] INFO: Waiting For the Dome to Open at Beginning of Night
2017-12-13T03:16:41 [main.py:525 - <module>()] INFO: Waiting For the Dome to Open at Beginning of Night
2017-12-13T03:17:41 [main.py:525 - <module>()] INFO: Waiting For the Dome to Open at Beginning of Night
2017-12-13T03:18:42 [main.py:525 - <module>()] INFO: Waiting For the Dome to Open at Beginning of Night
2017-12-13T03:19:42 [main.py:525 - <module>()] INFO: Waiting For the Dome to Open at Beginning of Night
2017-12-13T03:20:42 [main.py:525 - <module>()] INFO: Waiting For the Dome to Open at Beginning of Night
2017-12-13T03:21:43 [main.py:525 - <module>()] INFO: Waiting For the Dome to Open at Beginning of Night
2017-12-13T03:22:43 [main.py:525 - <module>()] INFO: Waiting For the Dome to Open at Beginning of Night
2017-12-13T03:23:43 [main.py:525 - <module>()] INFO: Waiting For the Dome to Open at Beginning of Night
2017-12-13T03:24:43 [main.py:525 - <module>()] INFO: Waiting For the Dome to Open at Beginning of Night
2017-12-13T03:25:44 [main.py:525 - <module>()] INFO: Waiting For the Dome to Open at Beginning of Night
2017-12-13T03:26:44 [main.py:525 - <module>()] INFO: Waiting For the Dome to Open at Beginning of Night
2017-12-13T03:27:44 [main.py:525 - <module>()] INFO: Waiting For the Dome to Open at Beginning of Night
2017-12-13T03:28:45 [main.py:525 - <module>()] INFO: Waiting For the Dome to Open at Beginning of Night
2017-12-13T03:29:45 [main.py:525 - <module>()] INFO: Waiting For the Dome to Open at Beginning of Night
2017-12-13T03:30:45 [main.py:525 - <module>()] INFO: Waiting For the Dome to Open at Beginning of Night
2017-12-13T03:31:45 [main.py:525 - <module>()] INFO: Waiting For the Dome to Open at Beginning of Night
2017-12-13T03:32:46 [main.py:525 - <module>()] INFO: Waiting For the Dome to Open at Beginning of Night
2017-12-13T03:33:46 [main.py:525 - <module>()] INFO: Waiting For the Dome to Open at Beginning of Night
2017-12-13T03:34:46 [main.py:525 - <module>()] INFO: Waiting For the Dome to Open at Beginning of Night
2017-12-13T03:35:47 [main.py:525 - <module>()] INFO: Waiting For the Dome to Open at Beginning of Night
2017-12-13T03:36:47 [main.py:525 - <module>()] INFO: Waiting For the Dome to Open at Beginning of Night
2017-12-13T03:37:47 [main.py:525 - <module>()] INFO: Waiting For the Dome to Open at Beginning of Night
2017-12-13T03:38:47 [main.py:525 - <module>()] INFO: Waiting For the Dome to Open at Beginning of Night
2017-12-13T03:39:48 [main.py:525 - <module>()] INFO: Waiting For the Dome to Open at Beginning of Night
2017-12-13T03:40:48 [main.py:525 - <module>()] INFO: Waiting For the Dome to Open at Beginning of Night
2017-12-13T03:41:48 [main.py:525 - <module>()] INFO: Waiting For the Dome to Open at Beginning of Night
2017-12-13T03:42:49 [main.py:525 - <module>()] INFO: Waiting For the Dome to Open at Beginning of Night
2017-12-13T03:43:49 [main.py:525 - <module>()] INFO: Waiting For the Dome to Open at Beginning of Night
2017-12-13T03:44:49 [main.py:525 - <module>()] INFO: Waiting For the Dome to Open at Beginning of Night
2017-12-13T03:45:49 [main.py:525 - <module>()] INFO: Waiting For the Dome to Open at Beginning of Night
2017-12-13T03:46:50 [main.py:525 - <module>()] INFO: Waiting For the Dome to Open at Beginning of Night
2017-12-13T03:47:50 [main.py:525 - <module>()] INFO: Waiting For the Dome to Open at Beginning of Night
2017-12-13T03:48:50 [main.py:525 - <module>()] INFO: Waiting For the Dome to Open at Beginning of Night
2017-12-13T03:49:51 [main.py:525 - <module>()] INFO: Waiting For the Dome to Open at Beginning of Night
2017-12-13T03:50:51 [main.py:525 - <module>()] INFO: Waiting For the Dome to Open at Beginning of Night
2017-12-13T03:51:51 [main.py:525 - <module>()] INFO: Waiting For the Dome to Open at Beginning of Night
2017-12-13T03:52:51 [main.py:525 - <module>()] INFO: Waiting For the Dome to Open at Beginning of Night
2017-12-13T03:53:52 [main.py:525 - <module>()] INFO: Waiting For the Dome to Open at Beginning of Night
2017-12-13T03:54:52 [main.py:525 - <module>()] INFO: Waiting For the Dome to Open at Beginning of Night
2017-12-13T03:55:52 [main.py:525 - <module>()] INFO: Waiting For the Dome to Open at Beginning of Night
2017-12-13T03:56:53 [main.py:525 - <module>()] INFO: Waiting For the Dome to Open at Beginning of Night
2017-12-13T03:57:53 [main.py:525 - <module>()] INFO: Waiting For the Dome to Open at Beginning of Night
2017-12-13T03:58:53 [main.py:525 - <module>()] INFO: Waiting For the Dome to Open at Beginning of Night
2017-12-13T03:59:53 [main.py:525 - <module>()] INFO: Waiting For the Dome to Open at Beginning of Night
2017-12-13T04:00:54 [main.py:525 - <module>()] INFO: Waiting For the Dome to Open at Beginning of Night
2017-12-13T04:01:54 [main.py:525 - <module>()] INFO: Waiting For the Dome to Open at Beginning of Night
2017-12-13T04:02:54 [main.py:525 - <module>()] INFO: Waiting For the Dome to Open at Beginning of Night
2017-12-13T04:03:55 [main.py:525 - <module>()] INFO: Waiting For the Dome to Open at Beginning of Night
2017-12-13T04:04:55 [main.py:525 - <module>()] INFO: Waiting For the Dome to Open at Beginning of Night
2017-12-13T04:05:55 [main.py:525 - <module>()] INFO: Waiting For the Dome to Open at Beginning of Night
2017-12-13T04:06:55 [main.py:525 - <module>()] INFO: Waiting For the Dome to Open at Beginning of Night
2017-12-13T04:07:56 [main.py:525 - <module>()] INFO: Waiting For the Dome to Open at Beginning of Night
2017-12-13T04:08:56 [main.py:525 - <module>()] INFO: Waiting For the Dome to Open at Beginning of Night
2017-12-13T04:09:56 [main.py:525 - <module>()] INFO: Waiting For the Dome to Open at Beginning of Night
2017-12-13T04:10:57 [main.py:525 - <module>()] INFO: Waiting For the Dome to Open at Beginning of Night
2017-12-13T04:11:57 [main.py:525 - <module>()] INFO: Waiting For the Dome to Open at Beginning of Night
2017-12-13T04:12:57 [main.py:525 - <module>()] INFO: Waiting For the Dome to Open at Beginning of Night
2017-12-13T04:13:57 [main.py:525 - <module>()] INFO: Waiting For the Dome to Open at Beginning of Night
2017-12-13T04:14:58 [main.py:525 - <module>()] INFO: Waiting For the Dome to Open at Beginning of Night
2017-12-13T04:15:58 [main.py:525 - <module>()] INFO: Waiting For the Dome to Open at Beginning of Night
2017-12-13T04:16:58 [main.py:525 - <module>()] INFO: Waiting For the Dome to Open at Beginning of Night
2017-12-13T04:17:59 [main.py:525 - <module>()] INFO: Waiting For the Dome to Open at Beginning of Night
2017-12-13T04:18:59 [main.py:525 - <module>()] INFO: Waiting For the Dome to Open at Beginning of Night
2017-12-13T04:19:59 [main.py:525 - <module>()] INFO: Waiting For the Dome to Open at Beginning of Night
2017-12-13T04:20:59 [main.py:525 - <module>()] INFO: Waiting For the Dome to Open at Beginning of Night
2017-12-13T04:22:00 [main.py:525 - <module>()] INFO: Waiting For the Dome to Open at Beginning of Night
2017-12-13T04:23:00 [main.py:525 - <module>()] INFO: Waiting For the Dome to Open at Beginning of Night
2017-12-13T04:24:00 [main.py:525 - <module>()] INFO: Waiting For the Dome to Open at Beginning of Night
2017-12-13T04:25:01 [main.py:525 - <module>()] INFO: Waiting For the Dome to Open at Beginning of Night
2017-12-13T04:26:01 [main.py:525 - <module>()] INFO: Waiting For the Dome to Open at Beginning of Night
2017-12-13T04:27:01 [main.py:525 - <module>()] INFO: Waiting For the Dome to Open at Beginning of Night
2017-12-13T04:28:01 [main.py:525 - <module>()] INFO: Waiting For the Dome to Open at Beginning of Night
2017-12-13T04:29:02 [main.py:525 - <module>()] INFO: Waiting For the Dome to Open at Beginning of Night
2017-12-13T04:30:02 [main.py:525 - <module>()] INFO: Waiting For the Dome to Open at Beginning of Night
2017-12-13T04:31:02 [main.py:525 - <module>()] INFO: Waiting For the Dome to Open at Beginning of Night
2017-12-13T04:32:03 [main.py:525 - <module>()] INFO: Waiting For the Dome to Open at Beginning of Night
2017-12-13T04:33:03 [main.py:525 - <module>()] INFO: Waiting For the Dome to Open at Beginning of Night
2017-12-13T04:34:03 [main.py:525 - <module>()] INFO: Waiting For the Dome to Open at Beginning of Night
2017-12-13T04:35:03 [main.py:525 - <module>()] INFO: Waiting For the Dome to Open at Beginning of Night
2017-12-13T04:36:04 [main.py:525 - <module>()] INFO: Waiting For the Dome to Open at Beginning of Night
2017-12-13T04:37:04 [main.py:525 - <module>()] INFO: Waiting For the Dome to Open at Beginning of Night
2017-12-13T04:38:04 [main.py:525 - <module>()] INFO: Waiting For the Dome to Open at Beginning of Night
2017-12-13T04:39:05 [main.py:525 - <module>()] INFO: Waiting For the Dome to Open at Beginning of Night
2017-12-13T04:40:05 [main.py:525 - <module>()] INFO: Waiting For the Dome to Open at Beginning of Night
2017-12-13T04:41:05 [main.py:525 - <module>()] INFO: Waiting For the Dome to Open at Beginning of Night
2017-12-13T04:42:05 [main.py:525 - <module>()] INFO: Waiting For the Dome to Open at Beginning of Night
2017-12-13T04:43:06 [main.py:525 - <module>()] INFO: Waiting For the Dome to Open at Beginning of Night
2017-12-13T04:44:06 [main.py:525 - <module>()] INFO: Waiting For the Dome to Open at Beginning of Night
2017-12-13T04:45:06 [main.py:525 - <module>()] INFO: Waiting For the Dome to Open at Beginning of Night
2017-12-13T04:46:07 [main.py:525 - <module>()] INFO: Waiting For the Dome to Open at Beginning of Night
2017-12-13T04:47:07 [main.py:525 - <module>()] INFO: Waiting For the Dome to Open at Beginning of Night
2017-12-13T04:48:07 [main.py:525 - <module>()] INFO: Waiting For the Dome to Open at Beginning of Night
2017-12-13T04:49:07 [main.py:525 - <module>()] INFO: Waiting For the Dome to Open at Beginning of Night
2017-12-13T04:50:08 [main.py:525 - <module>()] INFO: Waiting For the Dome to Open at Beginning of Night
2017-12-13T04:51:08 [main.py:525 - <module>()] INFO: Waiting For the Dome to Open at Beginning of Night
2017-12-13T04:52:08 [main.py:525 - <module>()] INFO: Waiting For the Dome to Open at Beginning of Night
2017-12-13T04:53:09 [main.py:525 - <module>()] INFO: Waiting For the Dome to Open at Beginning of Night
2017-12-13T04:54:09 [main.py:525 - <module>()] INFO: Waiting For the Dome to Open at Beginning of Night
2017-12-13T04:55:09 [main.py:525 - <module>()] INFO: Waiting For the Dome to Open at Beginning of Night
2017-12-13T04:56:09 [main.py:525 - <module>()] INFO: Waiting For the Dome to Open at Beginning of Night
2017-12-13T04:57:10 [main.py:525 - <module>()] INFO: Waiting For the Dome to Open at Beginning of Night
2017-12-13T04:58:10 [main.py:525 - <module>()] INFO: Waiting For the Dome to Open at Beginning of Night
2017-12-13T04:59:10 [main.py:525 - <module>()] INFO: Waiting For the Dome to Open at Beginning of Night
2017-12-13T05:00:11 [main.py:525 - <module>()] INFO: Waiting For the Dome to Open at Beginning of Night
2017-12-13T05:01:11 [main.py:525 - <module>()] INFO: Waiting For the Dome to Open at Beginning of Night
2017-12-13T05:02:11 [main.py:525 - <module>()] INFO: Waiting For the Dome to Open at Beginning of Night
2017-12-13T05:03:11 [main.py:525 - <module>()] INFO: Waiting For the Dome to Open at Beginning of Night
2017-12-13T05:04:12 [main.py:525 - <module>()] INFO: Waiting For the Dome to Open at Beginning of Night
2017-12-13T05:05:12 [main.py:525 - <module>()] INFO: Waiting For the Dome to Open at Beginning of Night
2017-12-13T05:06:12 [main.py:525 - <module>()] INFO: Waiting For the Dome to Open at Beginning of Night
2017-12-13T05:07:13 [main.py:525 - <module>()] INFO: Waiting For the Dome to Open at Beginning of Night
2017-12-13T05:08:13 [main.py:525 - <module>()] INFO: Waiting For the Dome to Open at Beginning of Night
2017-12-13T05:09:13 [main.py:525 - <module>()] INFO: Waiting For the Dome to Open at Beginning of Night
2017-12-13T05:10:14 [main.py:525 - <module>()] INFO: Waiting For the Dome to Open at Beginning of Night
2017-12-13T05:11:14 [main.py:525 - <module>()] INFO: Waiting For the Dome to Open at Beginning of Night
2017-12-13T05:12:14 [main.py:525 - <module>()] INFO: Waiting For the Dome to Open at Beginning of Night
2017-12-13T05:13:14 [main.py:525 - <module>()] INFO: Waiting For the Dome to Open at Beginning of Night
2017-12-13T05:14:15 [main.py:525 - <module>()] INFO: Waiting For the Dome to Open at Beginning of Night
2017-12-13T05:15:15 [main.py:525 - <module>()] INFO: Waiting For the Dome to Open at Beginning of Night
2017-12-13T05:16:15 [main.py:525 - <module>()] INFO: Waiting For the Dome to Open at Beginning of Night
2017-12-13T05:17:16 [main.py:525 - <module>()] INFO: Waiting For the Dome to Open at Beginning of Night
2017-12-13T05:18:16 [main.py:525 - <module>()] INFO: Waiting For the Dome to Open at Beginning of Night
2017-12-13T05:19:16 [main.py:525 - <module>()] INFO: Waiting For the Dome to Open at Beginning of Night
2017-12-13T05:20:16 [main.py:525 - <module>()] INFO: Waiting For the Dome to Open at Beginning of Night
2017-12-13T05:21:17 [main.py:525 - <module>()] INFO: Waiting For the Dome to Open at Beginning of Night
2017-12-13T05:22:17 [main.py:525 - <module>()] INFO: Waiting For the Dome to Open at Beginning of Night
2017-12-13T05:23:17 [main.py:525 - <module>()] INFO: Waiting For the Dome to Open at Beginning of Night
2017-12-13T05:24:18 [main.py:525 - <module>()] INFO: Waiting For the Dome to Open at Beginning of Night
2017-12-13T05:25:18 [main.py:525 - <module>()] INFO: Waiting For the Dome to Open at Beginning of Night
2017-12-13T05:26:18 [main.py:525 - <module>()] INFO: Waiting For the Dome to Open at Beginning of Night
2017-12-13T05:27:18 [main.py:525 - <module>()] INFO: Waiting For the Dome to Open at Beginning of Night
2017-12-13T05:28:19 [main.py:525 - <module>()] INFO: Waiting For the Dome to Open at Beginning of Night
2017-12-13T05:29:19 [main.py:525 - <module>()] INFO: Waiting For the Dome to Open at Beginning of Night
2017-12-13T05:30:19 [main.py:525 - <module>()] INFO: Waiting For the Dome to Open at Beginning of Night
2017-12-13T05:31:20 [main.py:525 - <module>()] INFO: Waiting For the Dome to Open at Beginning of Night
2017-12-13T05:32:20 [main.py:525 - <module>()] INFO: Waiting For the Dome to Open at Beginning of Night
2017-12-13T05:33:20 [main.py:525 - <module>()] INFO: Waiting For the Dome to Open at Beginning of Night
2017-12-13T05:34:20 [main.py:525 - <module>()] INFO: Waiting For the Dome to Open at Beginning of Night
2017-12-13T05:35:21 [main.py:525 - <module>()] INFO: Waiting For the Dome to Open at Beginning of Night
2017-12-13T05:36:21 [main.py:525 - <module>()] INFO: Waiting For the Dome to Open at Beginning of Night
2017-12-13T05:37:21 [main.py:525 - <module>()] INFO: Waiting For the Dome to Open at Beginning of Night
2017-12-13T05:38:22 [main.py:525 - <module>()] INFO: Waiting For the Dome to Open at Beginning of Night
2017-12-13T05:39:22 [main.py:525 - <module>()] INFO: Waiting For the Dome to Open at Beginning of Night
2017-12-13T05:40:22 [main.py:525 - <module>()] INFO: Waiting For the Dome to Open at Beginning of Night
2017-12-13T05:41:23 [main.py:525 - <module>()] INFO: Waiting For the Dome to Open at Beginning of Night
2017-12-13T05:42:23 [main.py:525 - <module>()] INFO: Waiting For the Dome to Open at Beginning of Night
2017-12-13T05:43:23 [main.py:525 - <module>()] INFO: Waiting For the Dome to Open at Beginning of Night
2017-12-13T05:44:23 [main.py:525 - <module>()] INFO: Waiting For the Dome to Open at Beginning of Night
2017-12-13T05:45:24 [main.py:525 - <module>()] INFO: Waiting For the Dome to Open at Beginning of Night
2017-12-13T05:46:24 [main.py:525 - <module>()] INFO: Waiting For the Dome to Open at Beginning of Night
2017-12-13T05:47:24 [main.py:525 - <module>()] INFO: Waiting For the Dome to Open at Beginning of Night
2017-12-13T05:48:25 [main.py:525 - <module>()] INFO: Waiting For the Dome to Open at Beginning of Night
2017-12-13T05:49:25 [main.py:525 - <module>()] INFO: Waiting For the Dome to Open at Beginning of Night
2017-12-13T05:50:25 [main.py:525 - <module>()] INFO: Waiting For the Dome to Open at Beginning of Night
2017-12-13T05:51:25 [main.py:525 - <module>()] INFO: Waiting For the Dome to Open at Beginning of Night
2017-12-13T05:52:26 [main.py:525 - <module>()] INFO: Waiting For the Dome to Open at Beginning of Night
2017-12-13T05:53:26 [main.py:525 - <module>()] INFO: Waiting For the Dome to Open at Beginning of Night
2017-12-13T05:54:26 [main.py:525 - <module>()] INFO: Waiting For the Dome to Open at Beginning of Night
2017-12-13T05:55:27 [main.py:525 - <module>()] INFO: Waiting For the Dome to Open at Beginning of Night
2017-12-13T05:56:27 [main.py:525 - <module>()] INFO: Waiting For the Dome to Open at Beginning of Night
2017-12-13T05:57:27 [main.py:525 - <module>()] INFO: Waiting For the Dome to Open at Beginning of Night
2017-12-13T05:58:27 [main.py:525 - <module>()] INFO: Waiting For the Dome to Open at Beginning of Night
2017-12-13T05:59:28 [main.py:525 - <module>()] INFO: Waiting For the Dome to Open at Beginning of Night
2017-12-13T06:00:28 [main.py:525 - <module>()] INFO: Waiting For the Dome to Open at Beginning of Night
2017-12-13T06:01:28 [main.py:525 - <module>()] INFO: Waiting For the Dome to Open at Beginning of Night
2017-12-13T06:02:29 [main.py:525 - <module>()] INFO: Waiting For the Dome to Open at Beginning of Night
2017-12-13T06:03:29 [main.py:525 - <module>()] INFO: Waiting For the Dome to Open at Beginning of Night
2017-12-13T06:04:29 [main.py:525 - <module>()] INFO: Waiting For the Dome to Open at Beginning of Night
2017-12-13T06:05:29 [main.py:525 - <module>()] INFO: Waiting For the Dome to Open at Beginning of Night
2017-12-13T06:06:30 [main.py:525 - <module>()] INFO: Waiting For the Dome to Open at Beginning of Night
2017-12-13T06:07:30 [main.py:525 - <module>()] INFO: Waiting For the Dome to Open at Beginning of Night
2017-12-13T06:08:30 [main.py:525 - <module>()] INFO: Waiting For the Dome to Open at Beginning of Night
2017-12-13T06:09:31 [main.py:525 - <module>()] INFO: Waiting For the Dome to Open at Beginning of Night
2017-12-13T06:10:31 [main.py:525 - <module>()] INFO: Waiting For the Dome to Open at Beginning of Night
2017-12-13T06:11:31 [main.py:525 - <module>()] INFO: Waiting For the Dome to Open at Beginning of Night
2017-12-13T06:12:32 [main.py:525 - <module>()] INFO: Waiting For the Dome to Open at Beginning of Night
2017-12-13T06:13:32 [main.py:525 - <module>()] INFO: Waiting For the Dome to Open at Beginning of Night
2017-12-13T06:14:32 [main.py:525 - <module>()] INFO: Waiting For the Dome to Open at Beginning of Night
2017-12-13T06:15:32 [main.py:525 - <module>()] INFO: Waiting For the Dome to Open at Beginning of Night
2017-12-13T06:16:33 [main.py:525 - <module>()] INFO: Waiting For the Dome to Open at Beginning of Night
2017-12-13T06:17:33 [main.py:525 - <module>()] INFO: Waiting For the Dome to Open at Beginning of Night
2017-12-13T06:18:33 [main.py:525 - <module>()] INFO: Waiting For the Dome to Open at Beginning of Night
2017-12-13T06:19:34 [main.py:525 - <module>()] INFO: Waiting For the Dome to Open at Beginning of Night
2017-12-13T06:20:34 [main.py:525 - <module>()] INFO: Waiting For the Dome to Open at Beginning of Night
2017-12-13T06:21:34 [main.py:525 - <module>()] INFO: Waiting For the Dome to Open at Beginning of Night
2017-12-13T06:22:34 [main.py:525 - <module>()] INFO: Waiting For the Dome to Open at Beginning of Night
2017-12-13T06:23:35 [main.py:525 - <module>()] INFO: Waiting For the Dome to Open at Beginning of Night
2017-12-13T06:24:35 [main.py:525 - <module>()] INFO: Waiting For the Dome to Open at Beginning of Night
2017-12-13T06:25:35 [main.py:525 - <module>()] INFO: Waiting For the Dome to Open at Beginning of Night
2017-12-13T06:26:36 [main.py:525 - <module>()] INFO: Waiting For the Dome to Open at Beginning of Night
2017-12-13T06:27:36 [main.py:525 - <module>()] INFO: Waiting For the Dome to Open at Beginning of Night
2017-12-13T06:28:36 [main.py:525 - <module>()] INFO: Waiting For the Dome to Open at Beginning of Night
2017-12-13T06:29:36 [main.py:525 - <module>()] INFO: Waiting For the Dome to Open at Beginning of Night
2017-12-13T06:30:37 [main.py:525 - <module>()] INFO: Waiting For the Dome to Open at Beginning of Night
2017-12-13T06:31:37 [main.py:525 - <module>()] INFO: Waiting For the Dome to Open at Beginning of Night
2017-12-13T06:32:37 [main.py:525 - <module>()] INFO: Waiting For the Dome to Open at Beginning of Night
2017-12-13T06:33:38 [main.py:525 - <module>()] INFO: Waiting For the Dome to Open at Beginning of Night
2017-12-13T06:34:38 [main.py:525 - <module>()] INFO: Waiting For the Dome to Open at Beginning of Night
2017-12-13T06:35:38 [main.py:525 - <module>()] INFO: Waiting For the Dome to Open at Beginning of Night
2017-12-13T06:36:39 [main.py:525 - <module>()] INFO: Waiting For the Dome to Open at Beginning of Night
2017-12-13T06:37:39 [main.py:525 - <module>()] INFO: Waiting For the Dome to Open at Beginning of Night
2017-12-13T06:38:39 [main.py:525 - <module>()] INFO: Waiting For the Dome to Open at Beginning of Night
2017-12-13T06:39:39 [main.py:525 - <module>()] INFO: Waiting For the Dome to Open at Beginning of Night
2017-12-13T06:40:40 [main.py:525 - <module>()] INFO: Waiting For the Dome to Open at Beginning of Night
2017-12-13T06:41:40 [main.py:525 - <module>()] INFO: Waiting For the Dome to Open at Beginning of Night
2017-12-13T06:42:40 [main.py:525 - <module>()] INFO: Waiting For the Dome to Open at Beginning of Night
2017-12-13T06:43:41 [main.py:525 - <module>()] INFO: Waiting For the Dome to Open at Beginning of Night
2017-12-13T06:44:41 [main.py:525 - <module>()] INFO: Waiting For the Dome to Open at Beginning of Night
2017-12-13T06:45:41 [main.py:525 - <module>()] INFO: Waiting For the Dome to Open at Beginning of Night
2017-12-13T06:46:41 [main.py:525 - <module>()] INFO: Waiting For the Dome to Open at Beginning of Night
2017-12-13T06:47:42 [main.py:525 - <module>()] INFO: Waiting For the Dome to Open at Beginning of Night
2017-12-13T06:48:42 [main.py:525 - <module>()] INFO: Waiting For the Dome to Open at Beginning of Night
2017-12-13T06:49:42 [main.py:525 - <module>()] INFO: Waiting For the Dome to Open at Beginning of Night
2017-12-13T06:50:43 [main.py:525 - <module>()] INFO: Waiting For the Dome to Open at Beginning of Night
2017-12-13T06:51:43 [main.py:525 - <module>()] INFO: Waiting For the Dome to Open at Beginning of Night
2017-12-13T06:52:43 [main.py:525 - <module>()] INFO: Waiting For the Dome to Open at Beginning of Night
2017-12-13T06:53:44 [main.py:525 - <module>()] INFO: Waiting For the Dome to Open at Beginning of Night
2017-12-13T06:54:44 [main.py:525 - <module>()] INFO: Waiting For the Dome to Open at Beginning of Night
2017-12-13T06:55:44 [main.py:525 - <module>()] INFO: Waiting For the Dome to Open at Beginning of Night
2017-12-13T06:56:44 [main.py:525 - <module>()] INFO: Waiting For the Dome to Open at Beginning of Night
2017-12-13T06:57:45 [main.py:525 - <module>()] INFO: Waiting For the Dome to Open at Beginning of Night
2017-12-13T06:58:45 [main.py:525 - <module>()] INFO: Waiting For the Dome to Open at Beginning of Night
2017-12-13T06:59:45 [main.py:525 - <module>()] INFO: Waiting For the Dome to Open at Beginning of Night
2017-12-13T07:00:46 [main.py:525 - <module>()] INFO: Waiting For the Dome to Open at Beginning of Night
2017-12-13T07:01:46 [main.py:525 - <module>()] INFO: Waiting For the Dome to Open at Beginning of Night
2017-12-13T07:02:46 [main.py:525 - <module>()] INFO: Waiting For the Dome to Open at Beginning of Night
2017-12-13T07:03:46 [main.py:525 - <module>()] INFO: Waiting For the Dome to Open at Beginning of Night
2017-12-13T07:04:47 [main.py:525 - <module>()] INFO: Waiting For the Dome to Open at Beginning of Night
2017-12-13T07:05:47 [main.py:525 - <module>()] INFO: Waiting For the Dome to Open at Beginning of Night
2017-12-13T07:06:47 [main.py:525 - <module>()] INFO: Waiting For the Dome to Open at Beginning of Night
2017-12-13T07:07:48 [main.py:525 - <module>()] INFO: Waiting For the Dome to Open at Beginning of Night
2017-12-13T07:08:48 [main.py:525 - <module>()] INFO: Waiting For the Dome to Open at Beginning of Night
2017-12-13T07:09:48 [main.py:525 - <module>()] INFO: Waiting For the Dome to Open at Beginning of Night
2017-12-13T07:10:48 [main.py:525 - <module>()] INFO: Waiting For the Dome to Open at Beginning of Night
2017-12-13T07:11:49 [main.py:525 - <module>()] INFO: Waiting For the Dome to Open at Beginning of Night
2017-12-13T07:12:49 [main.py:525 - <module>()] INFO: Waiting For the Dome to Open at Beginning of Night
2017-12-13T07:13:49 [main.py:525 - <module>()] INFO: Waiting For the Dome to Open at Beginning of Night
2017-12-13T07:14:50 [main.py:525 - <module>()] INFO: Waiting For the Dome to Open at Beginning of Night
2017-12-13T07:15:50 [main.py:525 - <module>()] INFO: Waiting For the Dome to Open at Beginning of Night
2017-12-13T07:16:50 [main.py:525 - <module>()] INFO: Waiting For the Dome to Open at Beginning of Night
2017-12-13T07:17:50 [main.py:525 - <module>()] INFO: Waiting For the Dome to Open at Beginning of Night
2017-12-13T07:18:51 [main.py:525 - <module>()] INFO: Waiting For the Dome to Open at Beginning of Night
2017-12-13T07:19:51 [main.py:525 - <module>()] INFO: Waiting For the Dome to Open at Beginning of Night
2017-12-13T07:20:51 [main.py:525 - <module>()] INFO: Waiting For the Dome to Open at Beginning of Night
2017-12-13T07:21:52 [main.py:525 - <module>()] INFO: Waiting For the Dome to Open at Beginning of Night
2017-12-13T07:22:52 [main.py:525 - <module>()] INFO: Waiting For the Dome to Open at Beginning of Night
2017-12-13T07:23:52 [main.py:525 - <module>()] INFO: Waiting For the Dome to Open at Beginning of Night
2017-12-13T07:24:53 [main.py:525 - <module>()] INFO: Waiting For the Dome to Open at Beginning of Night
2017-12-13T07:25:53 [main.py:525 - <module>()] INFO: Waiting For the Dome to Open at Beginning of Night
2017-12-13T07:26:53 [main.py:525 - <module>()] INFO: Waiting For the Dome to Open at Beginning of Night
2017-12-13T07:27:53 [main.py:525 - <module>()] INFO: Waiting For the Dome to Open at Beginning of Night
2017-12-13T07:28:54 [main.py:525 - <module>()] INFO: Waiting For the Dome to Open at Beginning of Night
2017-12-13T07:29:54 [main.py:525 - <module>()] INFO: Waiting For the Dome to Open at Beginning of Night
2017-12-13T07:30:54 [main.py:525 - <module>()] INFO: Waiting For the Dome to Open at Beginning of Night
2017-12-13T07:31:55 [main.py:525 - <module>()] INFO: Waiting For the Dome to Open at Beginning of Night
2017-12-13T07:32:55 [main.py:525 - <module>()] INFO: Waiting For the Dome to Open at Beginning of Night
2017-12-13T07:33:55 [main.py:525 - <module>()] INFO: Waiting For the Dome to Open at Beginning of Night
2017-12-13T07:34:56 [main.py:525 - <module>()] INFO: Waiting For the Dome to Open at Beginning of Night
2017-12-13T07:35:56 [main.py:525 - <module>()] INFO: Waiting For the Dome to Open at Beginning of Night
2017-12-13T07:36:56 [main.py:525 - <module>()] INFO: Waiting For the Dome to Open at Beginning of Night
2017-12-13T07:37:56 [main.py:525 - <module>()] INFO: Waiting For the Dome to Open at Beginning of Night
2017-12-13T07:38:57 [main.py:525 - <module>()] INFO: Waiting For the Dome to Open at Beginning of Night
2017-12-13T07:39:57 [main.py:525 - <module>()] INFO: Waiting For the Dome to Open at Beginning of Night
2017-12-13T07:40:57 [main.py:525 - <module>()] INFO: Waiting For the Dome to Open at Beginning of Night
2017-12-13T07:41:58 [main.py:525 - <module>()] INFO: Waiting For the Dome to Open at Beginning of Night
2017-12-13T07:42:58 [main.py:525 - <module>()] INFO: Waiting For the Dome to Open at Beginning of Night
2017-12-13T07:43:58 [main.py:525 - <module>()] INFO: Waiting For the Dome to Open at Beginning of Night
2017-12-13T07:44:58 [main.py:525 - <module>()] INFO: Waiting For the Dome to Open at Beginning of Night
2017-12-13T07:45:59 [main.py:525 - <module>()] INFO: Waiting For the Dome to Open at Beginning of Night
2017-12-13T07:46:59 [main.py:525 - <module>()] INFO: Waiting For the Dome to Open at Beginning of Night
2017-12-13T07:47:59 [main.py:525 - <module>()] INFO: Waiting For the Dome to Open at Beginning of Night
2017-12-13T07:49:00 [main.py:525 - <module>()] INFO: Waiting For the Dome to Open at Beginning of Night
2017-12-13T07:50:00 [main.py:525 - <module>()] INFO: Waiting For the Dome to Open at Beginning of Night
2017-12-13T07:51:00 [main.py:525 - <module>()] INFO: Waiting For the Dome to Open at Beginning of Night
2017-12-13T07:52:01 [main.py:525 - <module>()] INFO: Waiting For the Dome to Open at Beginning of Night
2017-12-13T07:53:01 [main.py:525 - <module>()] INFO: Waiting For the Dome to Open at Beginning of Night
2017-12-13T07:54:01 [main.py:525 - <module>()] INFO: Waiting For the Dome to Open at Beginning of Night
2017-12-13T07:55:01 [main.py:525 - <module>()] INFO: Waiting For the Dome to Open at Beginning of Night
2017-12-13T07:56:02 [main.py:525 - <module>()] INFO: Waiting For the Dome to Open at Beginning of Night
2017-12-13T07:57:02 [main.py:525 - <module>()] INFO: Waiting For the Dome to Open at Beginning of Night
2017-12-13T07:58:02 [main.py:525 - <module>()] INFO: Waiting For the Dome to Open at Beginning of Night
2017-12-13T07:59:03 [main.py:525 - <module>()] INFO: Waiting For the Dome to Open at Beginning of Night
2017-12-13T08:00:03 [main.py:525 - <module>()] INFO: Waiting For the Dome to Open at Beginning of Night
2017-12-13T08:01:03 [main.py:525 - <module>()] INFO: Waiting For the Dome to Open at Beginning of Night
2017-12-13T08:02:03 [main.py:525 - <module>()] INFO: Waiting For the Dome to Open at Beginning of Night
2017-12-13T08:03:04 [main.py:525 - <module>()] INFO: Waiting For the Dome to Open at Beginning of Night
2017-12-13T08:04:04 [main.py:525 - <module>()] INFO: Waiting For the Dome to Open at Beginning of Night
2017-12-13T08:05:04 [main.py:525 - <module>()] INFO: Waiting For the Dome to Open at Beginning of Night
2017-12-13T08:06:05 [main.py:525 - <module>()] INFO: Waiting For the Dome to Open at Beginning of Night
2017-12-13T08:07:05 [main.py:525 - <module>()] INFO: Waiting For the Dome to Open at Beginning of Night
2017-12-13T08:08:05 [main.py:525 - <module>()] INFO: Waiting For the Dome to Open at Beginning of Night
2017-12-13T08:09:05 [main.py:525 - <module>()] INFO: Waiting For the Dome to Open at Beginning of Night
2017-12-13T08:10:06 [main.py:525 - <module>()] INFO: Waiting For the Dome to Open at Beginning of Night
2017-12-13T08:11:06 [main.py:525 - <module>()] INFO: Waiting For the Dome to Open at Beginning of Night
2017-12-13T08:12:06 [main.py:525 - <module>()] INFO: Waiting For the Dome to Open at Beginning of Night
2017-12-13T08:13:07 [main.py:525 - <module>()] INFO: Waiting For the Dome to Open at Beginning of Night
2017-12-13T08:14:07 [main.py:525 - <module>()] INFO: Waiting For the Dome to Open at Beginning of Night
2017-12-13T08:15:07 [main.py:525 - <module>()] INFO: Waiting For the Dome to Open at Beginning of Night
2017-12-13T08:16:07 [main.py:525 - <module>()] INFO: Waiting For the Dome to Open at Beginning of Night
2017-12-13T08:17:08 [main.py:525 - <module>()] INFO: Waiting For the Dome to Open at Beginning of Night
2017-12-13T08:18:08 [main.py:525 - <module>()] INFO: Waiting For the Dome to Open at Beginning of Night
2017-12-13T08:19:08 [main.py:525 - <module>()] INFO: Waiting For the Dome to Open at Beginning of Night
2017-12-13T08:20:09 [main.py:525 - <module>()] INFO: Waiting For the Dome to Open at Beginning of Night
2017-12-13T08:21:09 [main.py:525 - <module>()] INFO: Waiting For the Dome to Open at Beginning of Night
2017-12-13T08:22:09 [main.py:525 - <module>()] INFO: Waiting For the Dome to Open at Beginning of Night
2017-12-13T08:23:09 [main.py:525 - <module>()] INFO: Waiting For the Dome to Open at Beginning of Night
2017-12-13T08:24:10 [main.py:525 - <module>()] INFO: Waiting For the Dome to Open at Beginning of Night
2017-12-13T08:25:10 [main.py:525 - <module>()] INFO: Waiting For the Dome to Open at Beginning of Night
2017-12-13T08:26:10 [main.py:525 - <module>()] INFO: Waiting For the Dome to Open at Beginning of Night
2017-12-13T08:27:11 [main.py:525 - <module>()] INFO: Waiting For the Dome to Open at Beginning of Night
2017-12-13T08:28:11 [main.py:525 - <module>()] INFO: Waiting For the Dome to Open at Beginning of Night
2017-12-13T08:29:11 [main.py:525 - <module>()] INFO: Waiting For the Dome to Open at Beginning of Night
2017-12-13T08:30:11 [main.py:525 - <module>()] INFO: Waiting For the Dome to Open at Beginning of Night
2017-12-13T08:31:12 [main.py:525 - <module>()] INFO: Waiting For the Dome to Open at Beginning of Night
2017-12-13T08:32:12 [main.py:525 - <module>()] INFO: Waiting For the Dome to Open at Beginning of Night
2017-12-13T08:33:12 [main.py:525 - <module>()] INFO: Waiting For the Dome to Open at Beginning of Night
2017-12-13T08:34:13 [main.py:525 - <module>()] INFO: Waiting For the Dome to Open at Beginning of Night
2017-12-13T08:35:13 [main.py:525 - <module>()] INFO: Waiting For the Dome to Open at Beginning of Night
2017-12-13T08:36:13 [main.py:525 - <module>()] INFO: Waiting For the Dome to Open at Beginning of Night
2017-12-13T08:37:14 [main.py:525 - <module>()] INFO: Waiting For the Dome to Open at Beginning of Night
2017-12-13T08:38:14 [main.py:525 - <module>()] INFO: Waiting For the Dome to Open at Beginning of Night
2017-12-13T08:39:14 [main.py:525 - <module>()] INFO: Waiting For the Dome to Open at Beginning of Night
2017-12-13T08:40:14 [main.py:525 - <module>()] INFO: Waiting For the Dome to Open at Beginning of Night
2017-12-13T08:41:15 [main.py:525 - <module>()] INFO: Waiting For the Dome to Open at Beginning of Night
2017-12-13T08:42:15 [main.py:525 - <module>()] INFO: Waiting For the Dome to Open at Beginning of Night
2017-12-13T08:43:15 [main.py:525 - <module>()] INFO: Waiting For the Dome to Open at Beginning of Night
2017-12-13T08:44:16 [main.py:525 - <module>()] INFO: Waiting For the Dome to Open at Beginning of Night
2017-12-13T08:45:16 [main.py:525 - <module>()] INFO: Waiting For the Dome to Open at Beginning of Night
2017-12-13T08:46:16 [main.py:525 - <module>()] INFO: Waiting For the Dome to Open at Beginning of Night
2017-12-13T08:47:16 [main.py:525 - <module>()] INFO: Waiting For the Dome to Open at Beginning of Night
2017-12-13T08:48:17 [main.py:525 - <module>()] INFO: Waiting For the Dome to Open at Beginning of Night
2017-12-13T08:49:17 [main.py:525 - <module>()] INFO: Waiting For the Dome to Open at Beginning of Night
2017-12-13T08:50:17 [main.py:525 - <module>()] INFO: Waiting For the Dome to Open at Beginning of Night
2017-12-13T08:51:18 [main.py:525 - <module>()] INFO: Waiting For the Dome to Open at Beginning of Night
2017-12-13T08:52:18 [main.py:525 - <module>()] INFO: Waiting For the Dome to Open at Beginning of Night
2017-12-13T08:53:18 [main.py:525 - <module>()] INFO: Waiting For the Dome to Open at Beginning of Night
2017-12-13T08:54:18 [main.py:525 - <module>()] INFO: Waiting For the Dome to Open at Beginning of Night
2017-12-13T08:55:19 [main.py:525 - <module>()] INFO: Waiting For the Dome to Open at Beginning of Night
2017-12-13T08:56:19 [main.py:525 - <module>()] INFO: Waiting For the Dome to Open at Beginning of Night
2017-12-13T08:57:19 [main.py:525 - <module>()] INFO: Waiting For the Dome to Open at Beginning of Night
2017-12-13T08:58:20 [main.py:525 - <module>()] INFO: Waiting For the Dome to Open at Beginning of Night
2017-12-13T08:59:20 [main.py:525 - <module>()] INFO: Waiting For the Dome to Open at Beginning of Night
2017-12-13T09:00:20 [main.py:525 - <module>()] INFO: Waiting For the Dome to Open at Beginning of Night
2017-12-13T09:01:20 [main.py:525 - <module>()] INFO: Waiting For the Dome to Open at Beginning of Night
2017-12-13T09:02:21 [main.py:525 - <module>()] INFO: Waiting For the Dome to Open at Beginning of Night
2017-12-13T09:03:21 [main.py:525 - <module>()] INFO: Waiting For the Dome to Open at Beginning of Night
2017-12-13T09:04:21 [main.py:525 - <module>()] INFO: Waiting For the Dome to Open at Beginning of Night
2017-12-13T09:05:22 [main.py:525 - <module>()] INFO: Waiting For the Dome to Open at Beginning of Night
2017-12-13T09:06:22 [main.py:525 - <module>()] INFO: Waiting For the Dome to Open at Beginning of Night
2017-12-13T09:07:22 [main.py:525 - <module>()] INFO: Waiting For the Dome to Open at Beginning of Night
2017-12-13T09:08:22 [main.py:525 - <module>()] INFO: Waiting For the Dome to Open at Beginning of Night
2017-12-13T09:09:23 [main.py:525 - <module>()] INFO: Waiting For the Dome to Open at Beginning of Night
2017-12-13T09:10:23 [main.py:525 - <module>()] INFO: Waiting For the Dome to Open at Beginning of Night
2017-12-13T09:11:23 [main.py:525 - <module>()] INFO: Waiting For the Dome to Open at Beginning of Night
2017-12-13T09:12:24 [main.py:525 - <module>()] INFO: Waiting For the Dome to Open at Beginning of Night
2017-12-13T09:13:24 [main.py:525 - <module>()] INFO: Waiting For the Dome to Open at Beginning of Night
2017-12-13T09:14:24 [main.py:525 - <module>()] INFO: Waiting For the Dome to Open at Beginning of Night
2017-12-13T09:15:25 [main.py:525 - <module>()] INFO: Waiting For the Dome to Open at Beginning of Night
2017-12-13T09:16:25 [main.py:525 - <module>()] INFO: Waiting For the Dome to Open at Beginning of Night
2017-12-13T09:17:25 [main.py:525 - <module>()] INFO: Waiting For the Dome to Open at Beginning of Night
2017-12-13T09:18:25 [main.py:525 - <module>()] INFO: Waiting For the Dome to Open at Beginning of Night
2017-12-13T09:19:26 [main.py:525 - <module>()] INFO: Waiting For the Dome to Open at Beginning of Night
2017-12-13T09:20:26 [main.py:525 - <module>()] INFO: Waiting For the Dome to Open at Beginning of Night
2017-12-13T09:21:26 [main.py:525 - <module>()] INFO: Waiting For the Dome to Open at Beginning of Night
2017-12-13T09:22:26 [main.py:525 - <module>()] INFO: Waiting For the Dome to Open at Beginning of Night
2017-12-13T09:23:27 [main.py:525 - <module>()] INFO: Waiting For the Dome to Open at Beginning of Night
2017-12-13T09:24:27 [main.py:525 - <module>()] INFO: Waiting For the Dome to Open at Beginning of Night
2017-12-13T09:25:27 [main.py:525 - <module>()] INFO: Waiting For the Dome to Open at Beginning of Night
2017-12-13T09:26:28 [main.py:525 - <module>()] INFO: Waiting For the Dome to Open at Beginning of Night
2017-12-13T09:27:28 [main.py:525 - <module>()] INFO: Waiting For the Dome to Open at Beginning of Night
2017-12-13T09:28:28 [main.py:525 - <module>()] INFO: Waiting For the Dome to Open at Beginning of Night
2017-12-13T09:29:29 [main.py:525 - <module>()] INFO: Waiting For the Dome to Open at Beginning of Night
2017-12-13T09:30:29 [main.py:525 - <module>()] INFO: Waiting For the Dome to Open at Beginning of Night
2017-12-13T09:31:29 [main.py:525 - <module>()] INFO: Waiting For the Dome to Open at Beginning of Night
2017-12-13T09:32:29 [main.py:525 - <module>()] INFO: Waiting For the Dome to Open at Beginning of Night
2017-12-13T09:33:30 [main.py:525 - <module>()] INFO: Waiting For the Dome to Open at Beginning of Night
2017-12-13T09:34:30 [main.py:525 - <module>()] INFO: Waiting For the Dome to Open at Beginning of Night
2017-12-13T09:35:30 [main.py:525 - <module>()] INFO: Waiting For the Dome to Open at Beginning of Night
2017-12-13T09:36:31 [main.py:525 - <module>()] INFO: Waiting For the Dome to Open at Beginning of Night
2017-12-13T09:37:31 [main.py:525 - <module>()] INFO: Waiting For the Dome to Open at Beginning of Night
2017-12-13T09:38:31 [main.py:525 - <module>()] INFO: Waiting For the Dome to Open at Beginning of Night
2017-12-13T09:39:31 [main.py:525 - <module>()] INFO: Waiting For the Dome to Open at Beginning of Night
2017-12-13T09:40:32 [main.py:525 - <module>()] INFO: Waiting For the Dome to Open at Beginning of Night
2017-12-13T09:41:32 [main.py:525 - <module>()] INFO: Waiting For the Dome to Open at Beginning of Night
2017-12-13T09:42:32 [main.py:525 - <module>()] INFO: Waiting For the Dome to Open at Beginning of Night
2017-12-13T09:43:33 [main.py:525 - <module>()] INFO: Waiting For the Dome to Open at Beginning of Night
2017-12-13T09:44:33 [main.py:525 - <module>()] INFO: Waiting For the Dome to Open at Beginning of Night
2017-12-13T09:45:33 [main.py:525 - <module>()] INFO: Waiting For the Dome to Open at Beginning of Night
2017-12-13T09:46:33 [main.py:525 - <module>()] INFO: Waiting For the Dome to Open at Beginning of Night
2017-12-13T09:47:34 [main.py:525 - <module>()] INFO: Waiting For the Dome to Open at Beginning of Night
2017-12-13T09:48:34 [main.py:525 - <module>()] INFO: Waiting For the Dome to Open at Beginning of Night
2017-12-13T09:49:34 [main.py:525 - <module>()] INFO: Waiting For the Dome to Open at Beginning of Night
2017-12-13T09:50:35 [main.py:525 - <module>()] INFO: Waiting For the Dome to Open at Beginning of Night
2017-12-13T09:51:35 [main.py:525 - <module>()] INFO: Waiting For the Dome to Open at Beginning of Night
2017-12-13T09:52:35 [main.py:525 - <module>()] INFO: Waiting For the Dome to Open at Beginning of Night
2017-12-13T09:53:36 [main.py:525 - <module>()] INFO: Waiting For the Dome to Open at Beginning of Night
2017-12-13T09:54:36 [main.py:525 - <module>()] INFO: Waiting For the Dome to Open at Beginning of Night
2017-12-13T09:55:36 [main.py:525 - <module>()] INFO: Waiting For the Dome to Open at Beginning of Night
2017-12-13T09:56:36 [main.py:525 - <module>()] INFO: Waiting For the Dome to Open at Beginning of Night
2017-12-13T09:57:37 [main.py:525 - <module>()] INFO: Waiting For the Dome to Open at Beginning of Night
2017-12-13T09:58:37 [main.py:525 - <module>()] INFO: Waiting For the Dome to Open at Beginning of Night
2017-12-13T09:59:37 [main.py:525 - <module>()] INFO: Waiting For the Dome to Open at Beginning of Night
2017-12-13T10:00:38 [main.py:525 - <module>()] INFO: Waiting For the Dome to Open at Beginning of Night
2017-12-13T10:01:38 [main.py:525 - <module>()] INFO: Waiting For the Dome to Open at Beginning of Night
2017-12-13T10:02:38 [main.py:525 - <module>()] INFO: Waiting For the Dome to Open at Beginning of Night
2017-12-13T10:03:39 [main.py:525 - <module>()] INFO: Waiting For the Dome to Open at Beginning of Night
2017-12-13T10:04:39 [main.py:525 - <module>()] INFO: Waiting For the Dome to Open at Beginning of Night
2017-12-13T10:05:39 [main.py:525 - <module>()] INFO: Waiting For the Dome to Open at Beginning of Night
2017-12-13T10:06:39 [main.py:525 - <module>()] INFO: Waiting For the Dome to Open at Beginning of Night
2017-12-13T10:07:40 [main.py:525 - <module>()] INFO: Waiting For the Dome to Open at Beginning of Night
2017-12-13T10:08:40 [main.py:525 - <module>()] INFO: Waiting For the Dome to Open at Beginning of Night
2017-12-13T10:09:40 [main.py:525 - <module>()] INFO: Waiting For the Dome to Open at Beginning of Night
2017-12-13T10:10:41 [main.py:525 - <module>()] INFO: Waiting For the Dome to Open at Beginning of Night
2017-12-13T10:11:41 [main.py:525 - <module>()] INFO: Waiting For the Dome to Open at Beginning of Night
2017-12-13T10:12:41 [main.py:525 - <module>()] INFO: Waiting For the Dome to Open at Beginning of Night
2017-12-13T10:13:41 [main.py:525 - <module>()] INFO: Waiting For the Dome to Open at Beginning of Night
2017-12-13T10:14:42 [main.py:525 - <module>()] INFO: Waiting For the Dome to Open at Beginning of Night
2017-12-13T10:15:42 [main.py:525 - <module>()] INFO: Waiting For the Dome to Open at Beginning of Night
2017-12-13T10:16:42 [main.py:525 - <module>()] INFO: Waiting For the Dome to Open at Beginning of Night
2017-12-13T10:17:43 [main.py:525 - <module>()] INFO: Waiting For the Dome to Open at Beginning of Night
2017-12-13T10:18:43 [main.py:525 - <module>()] INFO: Waiting For the Dome to Open at Beginning of Night
2017-12-13T10:19:43 [main.py:525 - <module>()] INFO: Waiting For the Dome to Open at Beginning of Night
2017-12-13T10:20:43 [main.py:525 - <module>()] INFO: Waiting For the Dome to Open at Beginning of Night
2017-12-13T10:21:44 [main.py:525 - <module>()] INFO: Waiting For the Dome to Open at Beginning of Night
2017-12-13T10:22:44 [main.py:525 - <module>()] INFO: Waiting For the Dome to Open at Beginning of Night
2017-12-13T10:23:44 [main.py:525 - <module>()] INFO: Waiting For the Dome to Open at Beginning of Night
2017-12-13T10:24:45 [main.py:525 - <module>()] INFO: Waiting For the Dome to Open at Beginning of Night
2017-12-13T10:25:45 [main.py:525 - <module>()] INFO: Waiting For the Dome to Open at Beginning of Night
2017-12-13T10:26:45 [main.py:525 - <module>()] INFO: Waiting For the Dome to Open at Beginning of Night
2017-12-13T10:27:45 [main.py:525 - <module>()] INFO: Waiting For the Dome to Open at Beginning of Night
2017-12-13T10:28:46 [main.py:525 - <module>()] INFO: Waiting For the Dome to Open at Beginning of Night
2017-12-13T10:29:46 [main.py:525 - <module>()] INFO: Waiting For the Dome to Open at Beginning of Night
2017-12-13T10:30:46 [main.py:525 - <module>()] INFO: Waiting For the Dome to Open at Beginning of Night
2017-12-13T10:31:47 [main.py:525 - <module>()] INFO: Waiting For the Dome to Open at Beginning of Night
2017-12-13T10:32:47 [main.py:525 - <module>()] INFO: Waiting For the Dome to Open at Beginning of Night
2017-12-13T10:33:47 [main.py:525 - <module>()] INFO: Waiting For the Dome to Open at Beginning of Night
2017-12-13T10:34:48 [main.py:525 - <module>()] INFO: Waiting For the Dome to Open at Beginning of Night
2017-12-13T10:35:48 [main.py:525 - <module>()] INFO: Waiting For the Dome to Open at Beginning of Night
2017-12-13T10:36:48 [main.py:525 - <module>()] INFO: Waiting For the Dome to Open at Beginning of Night
2017-12-13T10:37:48 [main.py:525 - <module>()] INFO: Waiting For the Dome to Open at Beginning of Night
2017-12-13T10:38:49 [main.py:525 - <module>()] INFO: Waiting For the Dome to Open at Beginning of Night
2017-12-13T10:39:49 [main.py:525 - <module>()] INFO: Waiting For the Dome to Open at Beginning of Night
2017-12-13T10:40:49 [main.py:525 - <module>()] INFO: Waiting For the Dome to Open at Beginning of Night
2017-12-13T10:41:50 [main.py:525 - <module>()] INFO: Waiting For the Dome to Open at Beginning of Night
2017-12-13T10:42:50 [main.py:525 - <module>()] INFO: Waiting For the Dome to Open at Beginning of Night
2017-12-13T10:43:50 [main.py:525 - <module>()] INFO: Waiting For the Dome to Open at Beginning of Night
2017-12-13T10:44:50 [main.py:525 - <module>()] INFO: Waiting For the Dome to Open at Beginning of Night
2017-12-13T10:45:51 [main.py:525 - <module>()] INFO: Waiting For the Dome to Open at Beginning of Night
2017-12-13T10:46:51 [main.py:525 - <module>()] INFO: Waiting For the Dome to Open at Beginning of Night
2017-12-13T10:47:51 [main.py:525 - <module>()] INFO: Waiting For the Dome to Open at Beginning of Night
2017-12-13T10:48:52 [main.py:525 - <module>()] INFO: Waiting For the Dome to Open at Beginning of Night
2017-12-13T10:49:52 [main.py:525 - <module>()] INFO: Waiting For the Dome to Open at Beginning of Night
2017-12-13T10:50:52 [main.py:525 - <module>()] INFO: Waiting For the Dome to Open at Beginning of Night
2017-12-13T10:51:52 [main.py:525 - <module>()] INFO: Waiting For the Dome to Open at Beginning of Night
2017-12-13T10:52:53 [main.py:525 - <module>()] INFO: Waiting For the Dome to Open at Beginning of Night
2017-12-13T10:53:53 [main.py:525 - <module>()] INFO: Waiting For the Dome to Open at Beginning of Night
2017-12-13T10:54:53 [main.py:525 - <module>()] INFO: Waiting For the Dome to Open at Beginning of Night
2017-12-13T10:55:54 [main.py:525 - <module>()] INFO: Waiting For the Dome to Open at Beginning of Night
2017-12-13T10:56:54 [main.py:525 - <module>()] INFO: Waiting For the Dome to Open at Beginning of Night
2017-12-13T10:57:54 [main.py:525 - <module>()] INFO: Waiting For the Dome to Open at Beginning of Night
2017-12-13T10:58:54 [main.py:525 - <module>()] INFO: Waiting For the Dome to Open at Beginning of Night
2017-12-13T10:59:55 [main.py:525 - <module>()] INFO: Waiting For the Dome to Open at Beginning of Night
2017-12-13T11:00:55 [main.py:525 - <module>()] INFO: Waiting For the Dome to Open at Beginning of Night
2017-12-13T11:01:55 [main.py:525 - <module>()] INFO: Waiting For the Dome to Open at Beginning of Night
2017-12-13T11:02:56 [main.py:525 - <module>()] INFO: Waiting For the Dome to Open at Beginning of Night
2017-12-13T11:03:56 [main.py:525 - <module>()] INFO: Waiting For the Dome to Open at Beginning of Night
2017-12-13T11:04:56 [main.py:525 - <module>()] INFO: Waiting For the Dome to Open at Beginning of Night
2017-12-13T11:05:57 [main.py:525 - <module>()] INFO: Waiting For the Dome to Open at Beginning of Night
2017-12-13T11:06:57 [main.py:525 - <module>()] INFO: Waiting For the Dome to Open at Beginning of Night
2017-12-13T11:07:57 [main.py:525 - <module>()] INFO: Waiting For the Dome to Open at Beginning of Night
2017-12-13T11:08:57 [main.py:525 - <module>()] INFO: Waiting For the Dome to Open at Beginning of Night
2017-12-13T11:09:58 [main.py:525 - <module>()] INFO: Waiting For the Dome to Open at Beginning of Night
2017-12-13T11:10:58 [main.py:525 - <module>()] INFO: Waiting For the Dome to Open at Beginning of Night
2017-12-13T11:11:58 [main.py:525 - <module>()] INFO: Waiting For the Dome to Open at Beginning of Night
2017-12-13T11:12:59 [main.py:525 - <module>()] INFO: Waiting For the Dome to Open at Beginning of Night
2017-12-13T11:13:59 [main.py:525 - <module>()] INFO: Waiting For the Dome to Open at Beginning of Night
2017-12-13T11:14:59 [main.py:525 - <module>()] INFO: Waiting For the Dome to Open at Beginning of Night
2017-12-13T11:15:59 [main.py:525 - <module>()] INFO: Waiting For the Dome to Open at Beginning of Night
2017-12-13T11:17:00 [main.py:525 - <module>()] INFO: Waiting For the Dome to Open at Beginning of Night
2017-12-13T11:18:00 [main.py:525 - <module>()] INFO: Waiting For the Dome to Open at Beginning of Night
2017-12-13T11:19:00 [main.py:525 - <module>()] INFO: Waiting For the Dome to Open at Beginning of Night
2017-12-13T11:20:01 [main.py:525 - <module>()] INFO: Waiting For the Dome to Open at Beginning of Night
2017-12-13T11:21:01 [main.py:525 - <module>()] INFO: Waiting For the Dome to Open at Beginning of Night
2017-12-13T11:22:01 [main.py:525 - <module>()] INFO: Waiting For the Dome to Open at Beginning of Night
2017-12-13T11:23:02 [main.py:525 - <module>()] INFO: Waiting For the Dome to Open at Beginning of Night
2017-12-13T11:24:02 [main.py:525 - <module>()] INFO: Waiting For the Dome to Open at Beginning of Night
2017-12-13T11:25:02 [main.py:525 - <module>()] INFO: Waiting For the Dome to Open at Beginning of Night
2017-12-13T11:26:02 [main.py:525 - <module>()] INFO: Waiting For the Dome to Open at Beginning of Night
2017-12-13T11:27:03 [main.py:525 - <module>()] INFO: Waiting For the Dome to Open at Beginning of Night
2017-12-13T11:28:03 [main.py:525 - <module>()] INFO: Waiting For the Dome to Open at Beginning of Night
2017-12-13T11:29:03 [main.py:525 - <module>()] INFO: Waiting For the Dome to Open at Beginning of Night
2017-12-13T11:30:04 [main.py:525 - <module>()] INFO: Waiting For the Dome to Open at Beginning of Night
2017-12-13T11:31:04 [main.py:525 - <module>()] INFO: Waiting For the Dome to Open at Beginning of Night
2017-12-13T11:32:04 [main.py:525 - <module>()] INFO: Waiting For the Dome to Open at Beginning of Night
2017-12-13T11:33:04 [main.py:525 - <module>()] INFO: Waiting For the Dome to Open at Beginning of Night
2017-12-13T11:34:05 [main.py:525 - <module>()] INFO: Waiting For the Dome to Open at Beginning of Night
2017-12-13T11:35:05 [main.py:525 - <module>()] INFO: Waiting For the Dome to Open at Beginning of Night
2017-12-13T11:36:05 [main.py:525 - <module>()] INFO: Waiting For the Dome to Open at Beginning of Night
2017-12-13T11:37:06 [main.py:525 - <module>()] INFO: Waiting For the Dome to Open at Beginning of Night
2017-12-13T11:38:06 [main.py:525 - <module>()] INFO: Waiting For the Dome to Open at Beginning of Night
2017-12-13T11:39:06 [main.py:525 - <module>()] INFO: Waiting For the Dome to Open at Beginning of Night
2017-12-13T11:40:06 [main.py:525 - <module>()] INFO: Waiting For the Dome to Open at Beginning of Night
2017-12-13T11:41:07 [main.py:525 - <module>()] INFO: Waiting For the Dome to Open at Beginning of Night
2017-12-13T11:42:07 [main.py:525 - <module>()] INFO: Waiting For the Dome to Open at Beginning of Night
2017-12-13T11:43:07 [main.py:525 - <module>()] INFO: Waiting For the Dome to Open at Beginning of Night
2017-12-13T11:44:08 [main.py:525 - <module>()] INFO: Waiting For the Dome to Open at Beginning of Night
2017-12-13T11:45:08 [main.py:525 - <module>()] INFO: Waiting For the Dome to Open at Beginning of Night
2017-12-13T11:46:08 [main.py:525 - <module>()] INFO: Waiting For the Dome to Open at Beginning of Night
2017-12-13T11:47:08 [main.py:525 - <module>()] INFO: Waiting For the Dome to Open at Beginning of Night
2017-12-13T11:48:09 [main.py:525 - <module>()] INFO: Waiting For the Dome to Open at Beginning of Night
2017-12-13T11:49:09 [main.py:525 - <module>()] INFO: Waiting For the Dome to Open at Beginning of Night
2017-12-13T11:50:09 [main.py:525 - <module>()] INFO: Waiting For the Dome to Open at Beginning of Night
2017-12-13T11:51:10 [main.py:525 - <module>()] INFO: Waiting For the Dome to Open at Beginning of Night
2017-12-13T11:52:10 [main.py:525 - <module>()] INFO: Waiting For the Dome to Open at Beginning of Night
2017-12-13T11:53:10 [main.py:525 - <module>()] INFO: Waiting For the Dome to Open at Beginning of Night
2017-12-13T11:54:10 [main.py:525 - <module>()] INFO: Waiting For the Dome to Open at Beginning of Night
2017-12-13T11:55:11 [main.py:525 - <module>()] INFO: Waiting For the Dome to Open at Beginning of Night
2017-12-13T11:56:11 [main.py:525 - <module>()] INFO: Waiting For the Dome to Open at Beginning of Night
2017-12-13T11:57:11 [main.py:525 - <module>()] INFO: Waiting For the Dome to Open at Beginning of Night
2017-12-13T11:58:12 [main.py:525 - <module>()] INFO: Waiting For the Dome to Open at Beginning of Night
2017-12-13T11:59:12 [main.py:525 - <module>()] INFO: Waiting For the Dome to Open at Beginning of Night
2017-12-13T12:00:12 [main.py:525 - <module>()] INFO: Waiting For the Dome to Open at Beginning of Night
2017-12-13T12:01:13 [main.py:525 - <module>()] INFO: Waiting For the Dome to Open at Beginning of Night
2017-12-13T12:02:13 [main.py:525 - <module>()] INFO: Waiting For the Dome to Open at Beginning of Night
2017-12-13T12:03:13 [main.py:525 - <module>()] INFO: Waiting For the Dome to Open at Beginning of Night
2017-12-13T12:04:13 [main.py:525 - <module>()] INFO: Waiting For the Dome to Open at Beginning of Night
2017-12-13T12:05:14 [main.py:525 - <module>()] INFO: Waiting For the Dome to Open at Beginning of Night
2017-12-13T12:06:14 [main.py:525 - <module>()] INFO: Waiting For the Dome to Open at Beginning of Night
2017-12-13T12:07:14 [main.py:525 - <module>()] INFO: Waiting For the Dome to Open at Beginning of Night
2017-12-13T12:08:15 [main.py:525 - <module>()] INFO: Waiting For the Dome to Open at Beginning of Night
2017-12-13T12:09:15 [main.py:525 - <module>()] INFO: Waiting For the Dome to Open at Beginning of Night
2017-12-13T12:10:15 [main.py:525 - <module>()] INFO: Waiting For the Dome to Open at Beginning of Night
2017-12-13T12:11:15 [main.py:525 - <module>()] INFO: Waiting For the Dome to Open at Beginning of Night
2017-12-13T12:12:16 [main.py:525 - <module>()] INFO: Waiting For the Dome to Open at Beginning of Night
2017-12-13T12:13:16 [main.py:525 - <module>()] INFO: Waiting For the Dome to Open at Beginning of Night
2017-12-13T12:14:16 [main.py:525 - <module>()] INFO: Waiting For the Dome to Open at Beginning of Night
2017-12-13T12:15:17 [main.py:525 - <module>()] INFO: Waiting For the Dome to Open at Beginning of Night
2017-12-13T12:16:17 [main.py:525 - <module>()] INFO: Waiting For the Dome to Open at Beginning of Night
2017-12-13T12:17:17 [main.py:525 - <module>()] INFO: Waiting For the Dome to Open at Beginning of Night
2017-12-13T12:18:18 [main.py:525 - <module>()] INFO: Waiting For the Dome to Open at Beginning of Night
2017-12-13T12:19:18 [main.py:525 - <module>()] INFO: Waiting For the Dome to Open at Beginning of Night
2017-12-13T12:20:18 [main.py:525 - <module>()] INFO: Waiting For the Dome to Open at Beginning of Night
2017-12-13T12:21:18 [main.py:525 - <module>()] INFO: Waiting For the Dome to Open at Beginning of Night
2017-12-13T12:22:19 [main.py:525 - <module>()] INFO: Waiting For the Dome to Open at Beginning of Night
2017-12-13T12:23:19 [main.py:525 - <module>()] INFO: Waiting For the Dome to Open at Beginning of Night
2017-12-13T12:24:19 [main.py:525 - <module>()] INFO: Waiting For the Dome to Open at Beginning of Night
2017-12-13T12:25:20 [main.py:525 - <module>()] INFO: Waiting For the Dome to Open at Beginning of Night
2017-12-13T12:26:20 [main.py:525 - <module>()] INFO: Waiting For the Dome to Open at Beginning of Night
2017-12-13T12:27:20 [main.py:525 - <module>()] INFO: Waiting For the Dome to Open at Beginning of Night
2017-12-13T12:28:20 [main.py:525 - <module>()] INFO: Waiting For the Dome to Open at Beginning of Night
2017-12-13T12:29:21 [main.py:525 - <module>()] INFO: Waiting For the Dome to Open at Beginning of Night
2017-12-13T12:30:21 [main.py:525 - <module>()] INFO: Waiting For the Dome to Open at Beginning of Night
2017-12-13T12:31:21 [main.py:525 - <module>()] INFO: Waiting For the Dome to Open at Beginning of Night
2017-12-13T12:32:22 [main.py:525 - <module>()] INFO: Waiting For the Dome to Open at Beginning of Night
2017-12-13T12:33:22 [main.py:525 - <module>()] INFO: Waiting For the Dome to Open at Beginning of Night
2017-12-13T12:34:22 [main.py:525 - <module>()] INFO: Waiting For the Dome to Open at Beginning of Night
2017-12-13T12:35:22 [main.py:525 - <module>()] INFO: Waiting For the Dome to Open at Beginning of Night
2017-12-13T12:36:23 [main.py:525 - <module>()] INFO: Waiting For the Dome to Open at Beginning of Night
2017-12-13T12:37:23 [main.py:525 - <module>()] INFO: Waiting For the Dome to Open at Beginning of Night
2017-12-13T12:38:23 [main.py:525 - <module>()] INFO: Waiting For the Dome to Open at Beginning of Night
2017-12-13T12:39:24 [main.py:525 - <module>()] INFO: Waiting For the Dome to Open at Beginning of Night
2017-12-13T12:40:24 [main.py:525 - <module>()] INFO: Waiting For the Dome to Open at Beginning of Night
2017-12-13T12:41:24 [main.py:525 - <module>()] INFO: Waiting For the Dome to Open at Beginning of Night
2017-12-13T12:42:24 [main.py:525 - <module>()] INFO: Waiting For the Dome to Open at Beginning of Night
2017-12-13T12:43:25 [main.py:525 - <module>()] INFO: Waiting For the Dome to Open at Beginning of Night
2017-12-13T12:44:25 [main.py:525 - <module>()] INFO: Waiting For the Dome to Open at Beginning of Night
2017-12-13T12:45:25 [main.py:525 - <module>()] INFO: Waiting For the Dome to Open at Beginning of Night
2017-12-13T12:46:26 [main.py:525 - <module>()] INFO: Waiting For the Dome to Open at Beginning of Night
2017-12-13T12:47:26 [main.py:525 - <module>()] INFO: Waiting For the Dome to Open at Beginning of Night
2017-12-13T12:48:26 [main.py:525 - <module>()] INFO: Waiting For the Dome to Open at Beginning of Night
2017-12-13T12:49:26 [main.py:525 - <module>()] INFO: Waiting For the Dome to Open at Beginning of Night
2017-12-13T12:50:27 [main.py:525 - <module>()] INFO: Waiting For the Dome to Open at Beginning of Night
2017-12-13T12:51:27 [main.py:525 - <module>()] INFO: Waiting For the Dome to Open at Beginning of Night
2017-12-13T12:52:27 [main.py:525 - <module>()] INFO: Waiting For the Dome to Open at Beginning of Night
2017-12-13T12:53:28 [main.py:525 - <module>()] INFO: Waiting For the Dome to Open at Beginning of Night
2017-12-13T12:54:28 [main.py:525 - <module>()] INFO: Waiting For the Dome to Open at Beginning of Night
2017-12-13T12:55:28 [main.py:525 - <module>()] INFO: Waiting For the Dome to Open at Beginning of Night
2017-12-13T12:56:29 [main.py:525 - <module>()] INFO: Waiting For the Dome to Open at Beginning of Night
2017-12-13T12:57:29 [main.py:525 - <module>()] INFO: Waiting For the Dome to Open at Beginning of Night
2017-12-13T12:58:29 [main.py:525 - <module>()] INFO: Waiting For the Dome to Open at Beginning of Night
2017-12-13T12:59:29 [main.py:525 - <module>()] INFO: Waiting For the Dome to Open at Beginning of Night
2017-12-13T13:00:30 [main.py:525 - <module>()] INFO: Waiting For the Dome to Open at Beginning of Night
2017-12-13T13:01:30 [main.py:525 - <module>()] INFO: Waiting For the Dome to Open at Beginning of Night
2017-12-13T13:02:30 [main.py:525 - <module>()] INFO: Waiting For the Dome to Open at Beginning of Night
2017-12-13T13:03:31 [main.py:525 - <module>()] INFO: Waiting For the Dome to Open at Beginning of Night
2017-12-13T13:04:31 [main.py:525 - <module>()] INFO: Waiting For the Dome to Open at Beginning of Night
2017-12-13T13:05:31 [main.py:525 - <module>()] INFO: Waiting For the Dome to Open at Beginning of Night
2017-12-13T13:06:31 [main.py:525 - <module>()] INFO: Waiting For the Dome to Open at Beginning of Night
2017-12-13T13:07:32 [main.py:525 - <module>()] INFO: Waiting For the Dome to Open at Beginning of Night
2017-12-13T13:07:32 [main.py:532 - <module>()] INFO: Past Nautical Twilight. Should close up
2017-12-13T13:07:32 [main.py:580 - <module>()] INFO: End Night
2017-12-13T13:07:32 [main.py:33 - endNight()] INFO: Parking/Disconnection from Telescope
2017-12-13T13:08:27 [main.py:38 - endNight()] INFO: Compressing data
2017-12-13T13:08:27 [main.py:43 - endNight()] INFO: Disconnecting imager
2017-12-13T13:08:53 [main.py:49 - endNight()] INFO: Backing Up data
2017-12-13T13:08:53 [main.py:55 - endNight()] INFO: Copying schedule file from ./schedule/n20171213 to C:/camal/data/n20171213/
2017-12-13T13:08:53 [main.py:62 - endNight()] INFO: Copying log file ./logs/n20171213\main.log to C:/camal/data/n20171213/
2017-12-13T13:08:57 [main.py:591 - <module>()] INFO: Updating Reduction File list
