2017-11-29T00:48:46 [main.py:499 - <module>()] INFO: Taking 30 Biases
2017-11-29T00:48:46 [main.py:163 - doDark()] INFO: Taking BIAS 1 of 30 (exptime = 0)
2017-11-29T00:48:46 [main.py:227 - takeImage()] INFO: Taking 0 second image
2017-11-29T00:48:49 [main.py:248 - takeImage()] INFO: Saving image: C:/camal/data/n20171129//0001BIAS.0.fits
2017-11-29T00:48:49 [main.py:163 - doDark()] INFO: Taking BIAS 2 of 30 (exptime = 0)
2017-11-29T00:48:49 [main.py:227 - takeImage()] INFO: Taking 0 second image
2017-11-29T00:48:50 [main.py:248 - takeImage()] INFO: Saving image: C:/camal/data/n20171129//0002BIAS.0.fits
2017-11-29T00:48:50 [main.py:163 - doDark()] INFO: Taking BIAS 3 of 30 (exptime = 0)
2017-11-29T00:48:50 [main.py:227 - takeImage()] INFO: Taking 0 second image
2017-11-29T00:48:51 [main.py:248 - takeImage()] INFO: Saving image: C:/camal/data/n20171129//0003BIAS.0.fits
2017-11-29T00:48:52 [main.py:163 - doDark()] INFO: Taking BIAS 4 of 30 (exptime = 0)
2017-11-29T00:48:52 [main.py:227 - takeImage()] INFO: Taking 0 second image
2017-11-29T00:48:53 [main.py:248 - takeImage()] INFO: Saving image: C:/camal/data/n20171129//0004BIAS.0.fits
2017-11-29T00:48:53 [main.py:163 - doDark()] INFO: Taking BIAS 5 of 30 (exptime = 0)
2017-11-29T00:48:53 [main.py:227 - takeImage()] INFO: Taking 0 second image
2017-11-29T00:48:54 [main.py:248 - takeImage()] INFO: Saving image: C:/camal/data/n20171129//0005BIAS.0.fits
2017-11-29T00:48:54 [main.py:163 - doDark()] INFO: Taking BIAS 6 of 30 (exptime = 0)
2017-11-29T00:48:54 [main.py:227 - takeImage()] INFO: Taking 0 second image
2017-11-29T00:48:56 [main.py:248 - takeImage()] INFO: Saving image: C:/camal/data/n20171129//0006BIAS.0.fits
2017-11-29T00:48:56 [main.py:163 - doDark()] INFO: Taking BIAS 7 of 30 (exptime = 0)
2017-11-29T00:48:56 [main.py:227 - takeImage()] INFO: Taking 0 second image
2017-11-29T00:48:57 [main.py:248 - takeImage()] INFO: Saving image: C:/camal/data/n20171129//0007BIAS.0.fits
2017-11-29T00:48:57 [main.py:163 - doDark()] INFO: Taking BIAS 8 of 30 (exptime = 0)
2017-11-29T00:48:57 [main.py:227 - takeImage()] INFO: Taking 0 second image
2017-11-29T00:48:59 [main.py:248 - takeImage()] INFO: Saving image: C:/camal/data/n20171129//0008BIAS.0.fits
2017-11-29T00:48:59 [main.py:163 - doDark()] INFO: Taking BIAS 9 of 30 (exptime = 0)
2017-11-29T00:48:59 [main.py:227 - takeImage()] INFO: Taking 0 second image
2017-11-29T00:49:00 [main.py:248 - takeImage()] INFO: Saving image: C:/camal/data/n20171129//0009BIAS.0.fits
2017-11-29T00:49:00 [main.py:163 - doDark()] INFO: Taking BIAS 10 of 30 (exptime = 0)
2017-11-29T00:49:00 [main.py:227 - takeImage()] INFO: Taking 0 second image
2017-11-29T00:49:01 [main.py:248 - takeImage()] INFO: Saving image: C:/camal/data/n20171129//0010BIAS.0.fits
2017-11-29T00:49:01 [main.py:163 - doDark()] INFO: Taking BIAS 11 of 30 (exptime = 0)
2017-11-29T00:49:01 [main.py:227 - takeImage()] INFO: Taking 0 second image
2017-11-29T00:49:03 [main.py:248 - takeImage()] INFO: Saving image: C:/camal/data/n20171129//0011BIAS.0.fits
2017-11-29T00:49:03 [main.py:163 - doDark()] INFO: Taking BIAS 12 of 30 (exptime = 0)
2017-11-29T00:49:03 [main.py:227 - takeImage()] INFO: Taking 0 second image
2017-11-29T00:49:04 [main.py:248 - takeImage()] INFO: Saving image: C:/camal/data/n20171129//0012BIAS.0.fits
2017-11-29T00:49:04 [main.py:163 - doDark()] INFO: Taking BIAS 13 of 30 (exptime = 0)
2017-11-29T00:49:04 [main.py:227 - takeImage()] INFO: Taking 0 second image
2017-11-29T00:49:06 [main.py:248 - takeImage()] INFO: Saving image: C:/camal/data/n20171129//0013BIAS.0.fits
2017-11-29T00:49:06 [main.py:163 - doDark()] INFO: Taking BIAS 14 of 30 (exptime = 0)
2017-11-29T00:49:06 [main.py:227 - takeImage()] INFO: Taking 0 second image
2017-11-29T00:49:07 [main.py:248 - takeImage()] INFO: Saving image: C:/camal/data/n20171129//0014BIAS.0.fits
2017-11-29T00:49:07 [main.py:163 - doDark()] INFO: Taking BIAS 15 of 30 (exptime = 0)
2017-11-29T00:49:07 [main.py:227 - takeImage()] INFO: Taking 0 second image
2017-11-29T00:49:08 [main.py:248 - takeImage()] INFO: Saving image: C:/camal/data/n20171129//0015BIAS.0.fits
2017-11-29T00:49:08 [main.py:163 - doDark()] INFO: Taking BIAS 16 of 30 (exptime = 0)
2017-11-29T00:49:08 [main.py:227 - takeImage()] INFO: Taking 0 second image
2017-11-29T00:49:10 [main.py:248 - takeImage()] INFO: Saving image: C:/camal/data/n20171129//0016BIAS.0.fits
2017-11-29T00:49:10 [main.py:163 - doDark()] INFO: Taking BIAS 17 of 30 (exptime = 0)
2017-11-29T00:49:10 [main.py:227 - takeImage()] INFO: Taking 0 second image
2017-11-29T00:49:11 [main.py:248 - takeImage()] INFO: Saving image: C:/camal/data/n20171129//0017BIAS.0.fits
2017-11-29T00:49:11 [main.py:163 - doDark()] INFO: Taking BIAS 18 of 30 (exptime = 0)
2017-11-29T00:49:11 [main.py:227 - takeImage()] INFO: Taking 0 second image
2017-11-29T00:49:13 [main.py:248 - takeImage()] INFO: Saving image: C:/camal/data/n20171129//0018BIAS.0.fits
2017-11-29T00:49:13 [main.py:163 - doDark()] INFO: Taking BIAS 19 of 30 (exptime = 0)
2017-11-29T00:49:13 [main.py:227 - takeImage()] INFO: Taking 0 second image
2017-11-29T00:49:14 [main.py:248 - takeImage()] INFO: Saving image: C:/camal/data/n20171129//0019BIAS.0.fits
2017-11-29T00:49:14 [main.py:163 - doDark()] INFO: Taking BIAS 20 of 30 (exptime = 0)
2017-11-29T00:49:14 [main.py:227 - takeImage()] INFO: Taking 0 second image
2017-11-29T00:49:15 [main.py:248 - takeImage()] INFO: Saving image: C:/camal/data/n20171129//0020BIAS.0.fits
2017-11-29T00:49:16 [main.py:163 - doDark()] INFO: Taking BIAS 21 of 30 (exptime = 0)
2017-11-29T00:49:16 [main.py:227 - takeImage()] INFO: Taking 0 second image
2017-11-29T00:49:17 [main.py:248 - takeImage()] INFO: Saving image: C:/camal/data/n20171129//0021BIAS.0.fits
2017-11-29T00:49:17 [main.py:163 - doDark()] INFO: Taking BIAS 22 of 30 (exptime = 0)
2017-11-29T00:49:17 [main.py:227 - takeImage()] INFO: Taking 0 second image
2017-11-29T00:49:18 [main.py:248 - takeImage()] INFO: Saving image: C:/camal/data/n20171129//0022BIAS.0.fits
2017-11-29T00:49:18 [main.py:163 - doDark()] INFO: Taking BIAS 23 of 30 (exptime = 0)
2017-11-29T00:49:18 [main.py:227 - takeImage()] INFO: Taking 0 second image
2017-11-29T00:49:20 [main.py:248 - takeImage()] INFO: Saving image: C:/camal/data/n20171129//0023BIAS.0.fits
2017-11-29T00:49:20 [main.py:163 - doDark()] INFO: Taking BIAS 24 of 30 (exptime = 0)
2017-11-29T00:49:20 [main.py:227 - takeImage()] INFO: Taking 0 second image
2017-11-29T00:49:21 [main.py:248 - takeImage()] INFO: Saving image: C:/camal/data/n20171129//0024BIAS.0.fits
2017-11-29T00:49:21 [main.py:163 - doDark()] INFO: Taking BIAS 25 of 30 (exptime = 0)
2017-11-29T00:49:21 [main.py:227 - takeImage()] INFO: Taking 0 second image
2017-11-29T00:49:22 [main.py:248 - takeImage()] INFO: Saving image: C:/camal/data/n20171129//0025BIAS.0.fits
2017-11-29T00:49:23 [main.py:163 - doDark()] INFO: Taking BIAS 26 of 30 (exptime = 0)
2017-11-29T00:49:23 [main.py:227 - takeImage()] INFO: Taking 0 second image
2017-11-29T00:49:24 [main.py:248 - takeImage()] INFO: Saving image: C:/camal/data/n20171129//0026BIAS.0.fits
2017-11-29T00:49:24 [main.py:163 - doDark()] INFO: Taking BIAS 27 of 30 (exptime = 0)
2017-11-29T00:49:24 [main.py:227 - takeImage()] INFO: Taking 0 second image
2017-11-29T00:49:25 [main.py:248 - takeImage()] INFO: Saving image: C:/camal/data/n20171129//0027BIAS.0.fits
2017-11-29T00:49:25 [main.py:163 - doDark()] INFO: Taking BIAS 28 of 30 (exptime = 0)
2017-11-29T00:49:25 [main.py:227 - takeImage()] INFO: Taking 0 second image
2017-11-29T00:49:27 [main.py:248 - takeImage()] INFO: Saving image: C:/camal/data/n20171129//0028BIAS.0.fits
2017-11-29T00:49:27 [main.py:163 - doDark()] INFO: Taking BIAS 29 of 30 (exptime = 0)
2017-11-29T00:49:27 [main.py:227 - takeImage()] INFO: Taking 0 second image
2017-11-29T00:49:28 [main.py:248 - takeImage()] INFO: Saving image: C:/camal/data/n20171129//0029BIAS.0.fits
2017-11-29T00:49:28 [main.py:163 - doDark()] INFO: Taking BIAS 30 of 30 (exptime = 0)
2017-11-29T00:49:28 [main.py:227 - takeImage()] INFO: Taking 0 second image
2017-11-29T00:49:30 [main.py:248 - takeImage()] INFO: Saving image: C:/camal/data/n20171129//0030BIAS.0.fits
2017-11-29T00:49:30 [main.py:505 - <module>()] INFO: Waiting for nautical twilight to end (1605.250304seconds)
2017-11-29T01:16:15 [main.py:510 - <module>()] INFO: Making Schedule
2017-11-29T01:16:20 [main.py:525 - <module>()] INFO: Waiting For the Dome to Open at Beginning of Night
2017-11-29T01:17:20 [main.py:525 - <module>()] INFO: Waiting For the Dome to Open at Beginning of Night
2017-11-29T01:18:21 [main.py:525 - <module>()] INFO: Waiting For the Dome to Open at Beginning of Night
2017-11-29T01:19:21 [main.py:525 - <module>()] INFO: Waiting For the Dome to Open at Beginning of Night
2017-11-29T01:20:22 [main.py:525 - <module>()] INFO: Waiting For the Dome to Open at Beginning of Night
2017-11-29T01:21:22 [main.py:525 - <module>()] INFO: Waiting For the Dome to Open at Beginning of Night
2017-11-29T01:22:23 [main.py:525 - <module>()] INFO: Waiting For the Dome to Open at Beginning of Night
2017-11-29T01:23:23 [main.py:525 - <module>()] INFO: Waiting For the Dome to Open at Beginning of Night
2017-11-29T01:24:24 [main.py:525 - <module>()] INFO: Waiting For the Dome to Open at Beginning of Night
2017-11-29T01:25:24 [main.py:525 - <module>()] INFO: Waiting For the Dome to Open at Beginning of Night
2017-11-29T01:26:25 [main.py:525 - <module>()] INFO: Waiting For the Dome to Open at Beginning of Night
2017-11-29T01:27:26 [main.py:525 - <module>()] INFO: Waiting For the Dome to Open at Beginning of Night
2017-11-29T01:28:26 [main.py:525 - <module>()] INFO: Waiting For the Dome to Open at Beginning of Night
2017-11-29T01:29:26 [main.py:525 - <module>()] INFO: Waiting For the Dome to Open at Beginning of Night
2017-11-29T01:30:27 [main.py:525 - <module>()] INFO: Waiting For the Dome to Open at Beginning of Night
2017-11-29T01:31:27 [main.py:525 - <module>()] INFO: Waiting For the Dome to Open at Beginning of Night
2017-11-29T01:32:28 [main.py:525 - <module>()] INFO: Waiting For the Dome to Open at Beginning of Night
2017-11-29T01:33:28 [main.py:525 - <module>()] INFO: Waiting For the Dome to Open at Beginning of Night
2017-11-29T01:34:29 [main.py:525 - <module>()] INFO: Waiting For the Dome to Open at Beginning of Night
2017-11-29T01:35:29 [main.py:525 - <module>()] INFO: Waiting For the Dome to Open at Beginning of Night
2017-11-29T01:36:30 [main.py:525 - <module>()] INFO: Waiting For the Dome to Open at Beginning of Night
2017-11-29T01:37:31 [main.py:525 - <module>()] INFO: Waiting For the Dome to Open at Beginning of Night
2017-11-29T01:38:31 [main.py:525 - <module>()] INFO: Waiting For the Dome to Open at Beginning of Night
2017-11-29T01:39:32 [main.py:525 - <module>()] INFO: Waiting For the Dome to Open at Beginning of Night
2017-11-29T01:40:32 [main.py:525 - <module>()] INFO: Waiting For the Dome to Open at Beginning of Night
2017-11-29T01:41:33 [main.py:525 - <module>()] INFO: Waiting For the Dome to Open at Beginning of Night
2017-11-29T01:42:33 [main.py:525 - <module>()] INFO: Waiting For the Dome to Open at Beginning of Night
2017-11-29T01:43:33 [main.py:525 - <module>()] INFO: Waiting For the Dome to Open at Beginning of Night
2017-11-29T01:44:34 [main.py:525 - <module>()] INFO: Waiting For the Dome to Open at Beginning of Night
2017-11-29T01:45:35 [main.py:525 - <module>()] INFO: Waiting For the Dome to Open at Beginning of Night
2017-11-29T01:46:35 [main.py:525 - <module>()] INFO: Waiting For the Dome to Open at Beginning of Night
2017-11-29T01:47:36 [main.py:525 - <module>()] INFO: Waiting For the Dome to Open at Beginning of Night
2017-11-29T01:48:36 [main.py:525 - <module>()] INFO: Waiting For the Dome to Open at Beginning of Night
2017-11-29T01:49:37 [main.py:525 - <module>()] INFO: Waiting For the Dome to Open at Beginning of Night
2017-11-29T01:50:37 [main.py:525 - <module>()] INFO: Waiting For the Dome to Open at Beginning of Night
2017-11-29T01:51:38 [main.py:525 - <module>()] INFO: Waiting For the Dome to Open at Beginning of Night
2017-11-29T01:52:38 [main.py:525 - <module>()] INFO: Waiting For the Dome to Open at Beginning of Night
2017-11-29T01:53:39 [main.py:525 - <module>()] INFO: Waiting For the Dome to Open at Beginning of Night
2017-11-29T01:54:39 [main.py:525 - <module>()] INFO: Waiting For the Dome to Open at Beginning of Night
2017-11-29T01:55:40 [main.py:525 - <module>()] INFO: Waiting For the Dome to Open at Beginning of Night
2017-11-29T01:56:40 [main.py:525 - <module>()] INFO: Waiting For the Dome to Open at Beginning of Night
2017-11-29T01:57:41 [main.py:525 - <module>()] INFO: Waiting For the Dome to Open at Beginning of Night
2017-11-29T01:58:41 [main.py:525 - <module>()] INFO: Waiting For the Dome to Open at Beginning of Night
2017-11-29T01:59:42 [main.py:525 - <module>()] INFO: Waiting For the Dome to Open at Beginning of Night
2017-11-29T02:00:42 [main.py:525 - <module>()] INFO: Waiting For the Dome to Open at Beginning of Night
2017-11-29T02:01:43 [main.py:525 - <module>()] INFO: Waiting For the Dome to Open at Beginning of Night
2017-11-29T02:02:43 [main.py:525 - <module>()] INFO: Waiting For the Dome to Open at Beginning of Night
2017-11-29T02:03:44 [main.py:525 - <module>()] INFO: Waiting For the Dome to Open at Beginning of Night
2017-11-29T02:04:44 [main.py:525 - <module>()] INFO: Waiting For the Dome to Open at Beginning of Night
2017-11-29T02:05:45 [main.py:525 - <module>()] INFO: Waiting For the Dome to Open at Beginning of Night
2017-11-29T02:06:45 [main.py:525 - <module>()] INFO: Waiting For the Dome to Open at Beginning of Night
2017-11-29T02:07:46 [main.py:525 - <module>()] INFO: Waiting For the Dome to Open at Beginning of Night
2017-11-29T02:08:46 [main.py:525 - <module>()] INFO: Waiting For the Dome to Open at Beginning of Night
2017-11-29T02:09:46 [main.py:525 - <module>()] INFO: Waiting For the Dome to Open at Beginning of Night
2017-11-29T02:10:47 [main.py:525 - <module>()] INFO: Waiting For the Dome to Open at Beginning of Night
2017-11-29T02:11:47 [main.py:525 - <module>()] INFO: Waiting For the Dome to Open at Beginning of Night
2017-11-29T02:12:47 [main.py:525 - <module>()] INFO: Waiting For the Dome to Open at Beginning of Night
2017-11-29T02:13:48 [main.py:525 - <module>()] INFO: Waiting For the Dome to Open at Beginning of Night
2017-11-29T02:14:48 [main.py:525 - <module>()] INFO: Waiting For the Dome to Open at Beginning of Night
2017-11-29T02:15:49 [main.py:525 - <module>()] INFO: Waiting For the Dome to Open at Beginning of Night
2017-11-29T02:16:49 [main.py:525 - <module>()] INFO: Waiting For the Dome to Open at Beginning of Night
2017-11-29T02:17:50 [main.py:525 - <module>()] INFO: Waiting For the Dome to Open at Beginning of Night
2017-11-29T02:18:50 [main.py:525 - <module>()] INFO: Waiting For the Dome to Open at Beginning of Night
2017-11-29T02:19:51 [main.py:525 - <module>()] INFO: Waiting For the Dome to Open at Beginning of Night
2017-11-29T02:20:51 [main.py:525 - <module>()] INFO: Waiting For the Dome to Open at Beginning of Night
2017-11-29T02:21:52 [main.py:525 - <module>()] INFO: Waiting For the Dome to Open at Beginning of Night
2017-11-29T02:22:52 [main.py:525 - <module>()] INFO: Waiting For the Dome to Open at Beginning of Night
2017-11-29T02:23:53 [main.py:525 - <module>()] INFO: Waiting For the Dome to Open at Beginning of Night
2017-11-29T02:24:53 [main.py:525 - <module>()] INFO: Waiting For the Dome to Open at Beginning of Night
2017-11-29T02:25:54 [main.py:525 - <module>()] INFO: Waiting For the Dome to Open at Beginning of Night
2017-11-29T02:26:54 [main.py:525 - <module>()] INFO: Waiting For the Dome to Open at Beginning of Night
2017-11-29T02:27:55 [main.py:525 - <module>()] INFO: Waiting For the Dome to Open at Beginning of Night
2017-11-29T02:28:55 [main.py:525 - <module>()] INFO: Waiting For the Dome to Open at Beginning of Night
2017-11-29T02:29:56 [main.py:525 - <module>()] INFO: Waiting For the Dome to Open at Beginning of Night
2017-11-29T02:30:56 [main.py:525 - <module>()] INFO: Waiting For the Dome to Open at Beginning of Night
2017-11-29T02:31:57 [main.py:525 - <module>()] INFO: Waiting For the Dome to Open at Beginning of Night
2017-11-29T02:32:57 [main.py:525 - <module>()] INFO: Waiting For the Dome to Open at Beginning of Night
2017-11-29T02:33:58 [main.py:525 - <module>()] INFO: Waiting For the Dome to Open at Beginning of Night
2017-11-29T02:34:58 [main.py:525 - <module>()] INFO: Waiting For the Dome to Open at Beginning of Night
2017-11-29T02:35:58 [main.py:525 - <module>()] INFO: Waiting For the Dome to Open at Beginning of Night
2017-11-29T02:36:59 [main.py:525 - <module>()] INFO: Waiting For the Dome to Open at Beginning of Night
2017-11-29T02:37:59 [main.py:525 - <module>()] INFO: Waiting For the Dome to Open at Beginning of Night
2017-11-29T02:39:00 [main.py:525 - <module>()] INFO: Waiting For the Dome to Open at Beginning of Night
2017-11-29T02:40:00 [main.py:525 - <module>()] INFO: Waiting For the Dome to Open at Beginning of Night
2017-11-29T02:41:01 [main.py:525 - <module>()] INFO: Waiting For the Dome to Open at Beginning of Night
2017-11-29T02:42:01 [main.py:525 - <module>()] INFO: Waiting For the Dome to Open at Beginning of Night
2017-11-29T02:43:01 [main.py:525 - <module>()] INFO: Waiting For the Dome to Open at Beginning of Night
2017-11-29T02:44:02 [main.py:525 - <module>()] INFO: Waiting For the Dome to Open at Beginning of Night
2017-11-29T02:45:02 [main.py:525 - <module>()] INFO: Waiting For the Dome to Open at Beginning of Night
2017-11-29T02:46:03 [main.py:525 - <module>()] INFO: Waiting For the Dome to Open at Beginning of Night
2017-11-29T02:47:03 [main.py:525 - <module>()] INFO: Waiting For the Dome to Open at Beginning of Night
2017-11-29T02:48:04 [main.py:525 - <module>()] INFO: Waiting For the Dome to Open at Beginning of Night
2017-11-29T02:49:04 [main.py:525 - <module>()] INFO: Waiting For the Dome to Open at Beginning of Night
2017-11-29T02:50:04 [main.py:525 - <module>()] INFO: Waiting For the Dome to Open at Beginning of Night
2017-11-29T02:51:05 [main.py:525 - <module>()] INFO: Waiting For the Dome to Open at Beginning of Night
2017-11-29T02:52:05 [main.py:525 - <module>()] INFO: Waiting For the Dome to Open at Beginning of Night
2017-11-29T02:53:05 [main.py:525 - <module>()] INFO: Waiting For the Dome to Open at Beginning of Night
2017-11-29T02:54:06 [main.py:525 - <module>()] INFO: Waiting For the Dome to Open at Beginning of Night
2017-11-29T02:55:06 [main.py:525 - <module>()] INFO: Waiting For the Dome to Open at Beginning of Night
2017-11-29T02:56:07 [main.py:525 - <module>()] INFO: Waiting For the Dome to Open at Beginning of Night
2017-11-29T02:57:07 [main.py:525 - <module>()] INFO: Waiting For the Dome to Open at Beginning of Night
2017-11-29T02:58:08 [main.py:525 - <module>()] INFO: Waiting For the Dome to Open at Beginning of Night
2017-11-29T02:59:08 [main.py:525 - <module>()] INFO: Waiting For the Dome to Open at Beginning of Night
2017-11-29T03:00:09 [main.py:525 - <module>()] INFO: Waiting For the Dome to Open at Beginning of Night
2017-11-29T03:01:09 [main.py:525 - <module>()] INFO: Waiting For the Dome to Open at Beginning of Night
2017-11-29T03:02:10 [main.py:525 - <module>()] INFO: Waiting For the Dome to Open at Beginning of Night
2017-11-29T03:03:10 [main.py:525 - <module>()] INFO: Waiting For the Dome to Open at Beginning of Night
2017-11-29T03:04:11 [main.py:525 - <module>()] INFO: Waiting For the Dome to Open at Beginning of Night
2017-11-29T03:05:11 [main.py:525 - <module>()] INFO: Waiting For the Dome to Open at Beginning of Night
2017-11-29T03:06:12 [main.py:525 - <module>()] INFO: Waiting For the Dome to Open at Beginning of Night
2017-11-29T03:07:12 [main.py:525 - <module>()] INFO: Waiting For the Dome to Open at Beginning of Night
2017-11-29T03:08:12 [main.py:525 - <module>()] INFO: Waiting For the Dome to Open at Beginning of Night
2017-11-29T03:09:13 [main.py:525 - <module>()] INFO: Waiting For the Dome to Open at Beginning of Night
2017-11-29T03:10:13 [main.py:525 - <module>()] INFO: Waiting For the Dome to Open at Beginning of Night
2017-11-29T03:11:14 [main.py:525 - <module>()] INFO: Waiting For the Dome to Open at Beginning of Night
2017-11-29T03:12:14 [main.py:525 - <module>()] INFO: Waiting For the Dome to Open at Beginning of Night
2017-11-29T03:13:14 [main.py:525 - <module>()] INFO: Waiting For the Dome to Open at Beginning of Night
2017-11-29T03:14:15 [main.py:525 - <module>()] INFO: Waiting For the Dome to Open at Beginning of Night
2017-11-29T03:15:15 [main.py:525 - <module>()] INFO: Waiting For the Dome to Open at Beginning of Night
2017-11-29T03:16:15 [main.py:525 - <module>()] INFO: Waiting For the Dome to Open at Beginning of Night
2017-11-29T03:17:16 [main.py:525 - <module>()] INFO: Waiting For the Dome to Open at Beginning of Night
2017-11-29T03:18:17 [main.py:525 - <module>()] INFO: Waiting For the Dome to Open at Beginning of Night
2017-11-29T03:19:17 [main.py:525 - <module>()] INFO: Waiting For the Dome to Open at Beginning of Night
2017-11-29T03:20:18 [main.py:525 - <module>()] INFO: Waiting For the Dome to Open at Beginning of Night
2017-11-29T03:21:18 [main.py:525 - <module>()] INFO: Waiting For the Dome to Open at Beginning of Night
2017-11-29T03:22:19 [main.py:525 - <module>()] INFO: Waiting For the Dome to Open at Beginning of Night
2017-11-29T03:23:19 [main.py:525 - <module>()] INFO: Waiting For the Dome to Open at Beginning of Night
2017-11-29T03:24:20 [main.py:525 - <module>()] INFO: Waiting For the Dome to Open at Beginning of Night
2017-11-29T03:25:20 [main.py:525 - <module>()] INFO: Waiting For the Dome to Open at Beginning of Night
2017-11-29T03:26:21 [main.py:525 - <module>()] INFO: Waiting For the Dome to Open at Beginning of Night
2017-11-29T03:27:21 [main.py:525 - <module>()] INFO: Waiting For the Dome to Open at Beginning of Night
2017-11-29T03:28:22 [main.py:525 - <module>()] INFO: Waiting For the Dome to Open at Beginning of Night
2017-11-29T03:29:22 [main.py:525 - <module>()] INFO: Waiting For the Dome to Open at Beginning of Night
2017-11-29T03:30:22 [main.py:525 - <module>()] INFO: Waiting For the Dome to Open at Beginning of Night
2017-11-29T03:31:23 [main.py:525 - <module>()] INFO: Waiting For the Dome to Open at Beginning of Night
2017-11-29T03:32:23 [main.py:525 - <module>()] INFO: Waiting For the Dome to Open at Beginning of Night
2017-11-29T03:33:23 [main.py:525 - <module>()] INFO: Waiting For the Dome to Open at Beginning of Night
2017-11-29T03:34:24 [main.py:525 - <module>()] INFO: Waiting For the Dome to Open at Beginning of Night
2017-11-29T03:35:24 [main.py:525 - <module>()] INFO: Waiting For the Dome to Open at Beginning of Night
2017-11-29T03:36:25 [main.py:525 - <module>()] INFO: Waiting For the Dome to Open at Beginning of Night
2017-11-29T03:37:25 [main.py:525 - <module>()] INFO: Waiting For the Dome to Open at Beginning of Night
2017-11-29T03:38:25 [main.py:525 - <module>()] INFO: Waiting For the Dome to Open at Beginning of Night
2017-11-29T03:39:26 [main.py:525 - <module>()] INFO: Waiting For the Dome to Open at Beginning of Night
2017-11-29T03:40:26 [main.py:525 - <module>()] INFO: Waiting For the Dome to Open at Beginning of Night
2017-11-29T03:41:27 [main.py:525 - <module>()] INFO: Waiting For the Dome to Open at Beginning of Night
2017-11-29T03:42:27 [main.py:525 - <module>()] INFO: Waiting For the Dome to Open at Beginning of Night
2017-11-29T03:43:28 [main.py:525 - <module>()] INFO: Waiting For the Dome to Open at Beginning of Night
2017-11-29T03:44:28 [main.py:525 - <module>()] INFO: Waiting For the Dome to Open at Beginning of Night
2017-11-29T03:45:29 [main.py:525 - <module>()] INFO: Waiting For the Dome to Open at Beginning of Night
2017-11-29T03:46:29 [main.py:525 - <module>()] INFO: Waiting For the Dome to Open at Beginning of Night
2017-11-29T03:47:30 [main.py:525 - <module>()] INFO: Waiting For the Dome to Open at Beginning of Night
2017-11-29T03:48:30 [main.py:525 - <module>()] INFO: Waiting For the Dome to Open at Beginning of Night
2017-11-29T03:49:30 [main.py:525 - <module>()] INFO: Waiting For the Dome to Open at Beginning of Night
2017-11-29T03:50:31 [main.py:525 - <module>()] INFO: Waiting For the Dome to Open at Beginning of Night
2017-11-29T03:51:32 [main.py:525 - <module>()] INFO: Waiting For the Dome to Open at Beginning of Night
2017-11-29T03:52:32 [main.py:525 - <module>()] INFO: Waiting For the Dome to Open at Beginning of Night
2017-11-29T03:53:32 [main.py:525 - <module>()] INFO: Waiting For the Dome to Open at Beginning of Night
2017-11-29T03:54:33 [main.py:525 - <module>()] INFO: Waiting For the Dome to Open at Beginning of Night
2017-11-29T03:55:33 [main.py:525 - <module>()] INFO: Waiting For the Dome to Open at Beginning of Night
2017-11-29T03:56:33 [main.py:525 - <module>()] INFO: Waiting For the Dome to Open at Beginning of Night
2017-11-29T03:57:34 [main.py:525 - <module>()] INFO: Waiting For the Dome to Open at Beginning of Night
2017-11-29T03:58:34 [main.py:525 - <module>()] INFO: Waiting For the Dome to Open at Beginning of Night
2017-11-29T03:59:34 [main.py:525 - <module>()] INFO: Waiting For the Dome to Open at Beginning of Night
2017-11-29T04:00:35 [main.py:525 - <module>()] INFO: Waiting For the Dome to Open at Beginning of Night
2017-11-29T04:01:35 [main.py:525 - <module>()] INFO: Waiting For the Dome to Open at Beginning of Night
2017-11-29T04:02:36 [main.py:525 - <module>()] INFO: Waiting For the Dome to Open at Beginning of Night
2017-11-29T04:03:36 [main.py:525 - <module>()] INFO: Waiting For the Dome to Open at Beginning of Night
2017-11-29T04:04:36 [main.py:525 - <module>()] INFO: Waiting For the Dome to Open at Beginning of Night
2017-11-29T04:05:37 [main.py:525 - <module>()] INFO: Waiting For the Dome to Open at Beginning of Night
2017-11-29T04:06:38 [main.py:525 - <module>()] INFO: Waiting For the Dome to Open at Beginning of Night
2017-11-29T04:07:38 [main.py:525 - <module>()] INFO: Waiting For the Dome to Open at Beginning of Night
2017-11-29T04:08:39 [main.py:525 - <module>()] INFO: Waiting For the Dome to Open at Beginning of Night
2017-11-29T04:09:39 [main.py:525 - <module>()] INFO: Waiting For the Dome to Open at Beginning of Night
2017-11-29T04:10:40 [main.py:525 - <module>()] INFO: Waiting For the Dome to Open at Beginning of Night
2017-11-29T04:11:40 [main.py:525 - <module>()] INFO: Waiting For the Dome to Open at Beginning of Night
2017-11-29T04:12:41 [main.py:525 - <module>()] INFO: Waiting For the Dome to Open at Beginning of Night
2017-11-29T04:13:41 [main.py:525 - <module>()] INFO: Waiting For the Dome to Open at Beginning of Night
2017-11-29T04:14:42 [main.py:525 - <module>()] INFO: Waiting For the Dome to Open at Beginning of Night
2017-11-29T04:15:42 [main.py:525 - <module>()] INFO: Waiting For the Dome to Open at Beginning of Night
2017-11-29T04:16:43 [main.py:525 - <module>()] INFO: Waiting For the Dome to Open at Beginning of Night
2017-11-29T04:17:43 [main.py:525 - <module>()] INFO: Waiting For the Dome to Open at Beginning of Night
2017-11-29T04:18:44 [main.py:525 - <module>()] INFO: Waiting For the Dome to Open at Beginning of Night
2017-11-29T04:19:44 [main.py:525 - <module>()] INFO: Waiting For the Dome to Open at Beginning of Night
2017-11-29T04:20:44 [main.py:525 - <module>()] INFO: Waiting For the Dome to Open at Beginning of Night
2017-11-29T04:21:45 [main.py:525 - <module>()] INFO: Waiting For the Dome to Open at Beginning of Night
2017-11-29T04:22:45 [main.py:525 - <module>()] INFO: Waiting For the Dome to Open at Beginning of Night
2017-11-29T04:23:46 [main.py:525 - <module>()] INFO: Waiting For the Dome to Open at Beginning of Night
2017-11-29T04:24:46 [main.py:525 - <module>()] INFO: Waiting For the Dome to Open at Beginning of Night
2017-11-29T04:25:46 [main.py:525 - <module>()] INFO: Waiting For the Dome to Open at Beginning of Night
2017-11-29T04:26:47 [main.py:525 - <module>()] INFO: Waiting For the Dome to Open at Beginning of Night
2017-11-29T04:27:47 [main.py:525 - <module>()] INFO: Waiting For the Dome to Open at Beginning of Night
2017-11-29T04:28:48 [main.py:525 - <module>()] INFO: Waiting For the Dome to Open at Beginning of Night
2017-11-29T04:29:48 [main.py:525 - <module>()] INFO: Waiting For the Dome to Open at Beginning of Night
2017-11-29T04:30:48 [main.py:525 - <module>()] INFO: Waiting For the Dome to Open at Beginning of Night
2017-11-29T04:31:49 [main.py:525 - <module>()] INFO: Waiting For the Dome to Open at Beginning of Night
2017-11-29T04:32:50 [main.py:525 - <module>()] INFO: Waiting For the Dome to Open at Beginning of Night
2017-11-29T04:33:50 [main.py:525 - <module>()] INFO: Waiting For the Dome to Open at Beginning of Night
2017-11-29T04:34:51 [main.py:525 - <module>()] INFO: Waiting For the Dome to Open at Beginning of Night
2017-11-29T04:35:51 [main.py:525 - <module>()] INFO: Waiting For the Dome to Open at Beginning of Night
2017-11-29T04:36:52 [main.py:525 - <module>()] INFO: Waiting For the Dome to Open at Beginning of Night
2017-11-29T04:37:52 [main.py:525 - <module>()] INFO: Waiting For the Dome to Open at Beginning of Night
2017-11-29T04:38:52 [main.py:525 - <module>()] INFO: Waiting For the Dome to Open at Beginning of Night
2017-11-29T04:39:53 [main.py:525 - <module>()] INFO: Waiting For the Dome to Open at Beginning of Night
2017-11-29T04:40:53 [main.py:525 - <module>()] INFO: Waiting For the Dome to Open at Beginning of Night
2017-11-29T04:41:53 [main.py:525 - <module>()] INFO: Waiting For the Dome to Open at Beginning of Night
2017-11-29T04:42:54 [main.py:525 - <module>()] INFO: Waiting For the Dome to Open at Beginning of Night
2017-11-29T04:43:54 [main.py:525 - <module>()] INFO: Waiting For the Dome to Open at Beginning of Night
2017-11-29T04:44:55 [main.py:525 - <module>()] INFO: Waiting For the Dome to Open at Beginning of Night
2017-11-29T04:45:55 [main.py:525 - <module>()] INFO: Waiting For the Dome to Open at Beginning of Night
2017-11-29T04:46:56 [main.py:525 - <module>()] INFO: Waiting For the Dome to Open at Beginning of Night
2017-11-29T04:47:56 [main.py:525 - <module>()] INFO: Waiting For the Dome to Open at Beginning of Night
2017-11-29T04:48:56 [main.py:525 - <module>()] INFO: Waiting For the Dome to Open at Beginning of Night
2017-11-29T04:49:57 [main.py:525 - <module>()] INFO: Waiting For the Dome to Open at Beginning of Night
2017-11-29T04:50:57 [main.py:525 - <module>()] INFO: Waiting For the Dome to Open at Beginning of Night
2017-11-29T04:51:58 [main.py:525 - <module>()] INFO: Waiting For the Dome to Open at Beginning of Night
2017-11-29T04:52:58 [main.py:525 - <module>()] INFO: Waiting For the Dome to Open at Beginning of Night
2017-11-29T04:53:59 [main.py:525 - <module>()] INFO: Waiting For the Dome to Open at Beginning of Night
2017-11-29T04:54:59 [main.py:525 - <module>()] INFO: Waiting For the Dome to Open at Beginning of Night
2017-11-29T04:56:00 [main.py:525 - <module>()] INFO: Waiting For the Dome to Open at Beginning of Night
2017-11-29T04:57:01 [main.py:525 - <module>()] INFO: Waiting For the Dome to Open at Beginning of Night
2017-11-29T04:58:01 [main.py:525 - <module>()] INFO: Waiting For the Dome to Open at Beginning of Night
2017-11-29T04:59:01 [main.py:525 - <module>()] INFO: Waiting For the Dome to Open at Beginning of Night
2017-11-29T05:00:01 [main.py:525 - <module>()] INFO: Waiting For the Dome to Open at Beginning of Night
2017-11-29T05:01:01 [main.py:525 - <module>()] INFO: Waiting For the Dome to Open at Beginning of Night
2017-11-29T05:02:02 [main.py:525 - <module>()] INFO: Waiting For the Dome to Open at Beginning of Night
2017-11-29T05:03:02 [main.py:525 - <module>()] INFO: Waiting For the Dome to Open at Beginning of Night
2017-11-29T05:04:03 [main.py:525 - <module>()] INFO: Waiting For the Dome to Open at Beginning of Night
2017-11-29T05:05:03 [main.py:525 - <module>()] INFO: Waiting For the Dome to Open at Beginning of Night
2017-11-29T05:06:04 [main.py:525 - <module>()] INFO: Waiting For the Dome to Open at Beginning of Night
2017-11-29T05:07:04 [main.py:525 - <module>()] INFO: Waiting For the Dome to Open at Beginning of Night
2017-11-29T05:08:04 [main.py:525 - <module>()] INFO: Waiting For the Dome to Open at Beginning of Night
2017-11-29T05:09:05 [main.py:525 - <module>()] INFO: Waiting For the Dome to Open at Beginning of Night
2017-11-29T05:10:05 [main.py:525 - <module>()] INFO: Waiting For the Dome to Open at Beginning of Night
2017-11-29T05:11:05 [main.py:525 - <module>()] INFO: Waiting For the Dome to Open at Beginning of Night
2017-11-29T05:12:06 [main.py:525 - <module>()] INFO: Waiting For the Dome to Open at Beginning of Night
2017-11-29T05:13:06 [main.py:525 - <module>()] INFO: Waiting For the Dome to Open at Beginning of Night
2017-11-29T05:14:07 [main.py:525 - <module>()] INFO: Waiting For the Dome to Open at Beginning of Night
2017-11-29T05:15:07 [main.py:525 - <module>()] INFO: Waiting For the Dome to Open at Beginning of Night
2017-11-29T05:16:08 [main.py:525 - <module>()] INFO: Waiting For the Dome to Open at Beginning of Night
2017-11-29T05:17:08 [main.py:525 - <module>()] INFO: Waiting For the Dome to Open at Beginning of Night
2017-11-29T05:18:09 [main.py:525 - <module>()] INFO: Waiting For the Dome to Open at Beginning of Night
2017-11-29T05:19:09 [main.py:525 - <module>()] INFO: Waiting For the Dome to Open at Beginning of Night
2017-11-29T05:20:10 [main.py:525 - <module>()] INFO: Waiting For the Dome to Open at Beginning of Night
2017-11-29T05:21:10 [main.py:525 - <module>()] INFO: Waiting For the Dome to Open at Beginning of Night
2017-11-29T05:22:11 [main.py:525 - <module>()] INFO: Waiting For the Dome to Open at Beginning of Night
2017-11-29T05:23:11 [main.py:525 - <module>()] INFO: Waiting For the Dome to Open at Beginning of Night
2017-11-29T05:24:11 [main.py:525 - <module>()] INFO: Waiting For the Dome to Open at Beginning of Night
2017-11-29T05:25:12 [main.py:525 - <module>()] INFO: Waiting For the Dome to Open at Beginning of Night
2017-11-29T05:26:12 [main.py:525 - <module>()] INFO: Waiting For the Dome to Open at Beginning of Night
2017-11-29T05:27:13 [main.py:525 - <module>()] INFO: Waiting For the Dome to Open at Beginning of Night
2017-11-29T05:28:13 [main.py:525 - <module>()] INFO: Waiting For the Dome to Open at Beginning of Night
2017-11-29T05:29:13 [main.py:525 - <module>()] INFO: Waiting For the Dome to Open at Beginning of Night
2017-11-29T05:30:14 [main.py:525 - <module>()] INFO: Waiting For the Dome to Open at Beginning of Night
2017-11-29T05:31:14 [main.py:525 - <module>()] INFO: Waiting For the Dome to Open at Beginning of Night
2017-11-29T05:32:15 [main.py:525 - <module>()] INFO: Waiting For the Dome to Open at Beginning of Night
2017-11-29T05:33:16 [main.py:525 - <module>()] INFO: Waiting For the Dome to Open at Beginning of Night
2017-11-29T05:34:16 [main.py:525 - <module>()] INFO: Waiting For the Dome to Open at Beginning of Night
2017-11-29T05:35:17 [main.py:525 - <module>()] INFO: Waiting For the Dome to Open at Beginning of Night
2017-11-29T05:36:17 [main.py:525 - <module>()] INFO: Waiting For the Dome to Open at Beginning of Night
2017-11-29T05:37:18 [main.py:525 - <module>()] INFO: Waiting For the Dome to Open at Beginning of Night
2017-11-29T05:38:18 [main.py:525 - <module>()] INFO: Waiting For the Dome to Open at Beginning of Night
2017-11-29T05:39:19 [main.py:525 - <module>()] INFO: Waiting For the Dome to Open at Beginning of Night
2017-11-29T05:40:19 [main.py:525 - <module>()] INFO: Waiting For the Dome to Open at Beginning of Night
2017-11-29T05:41:19 [main.py:525 - <module>()] INFO: Waiting For the Dome to Open at Beginning of Night
2017-11-29T05:42:20 [main.py:525 - <module>()] INFO: Waiting For the Dome to Open at Beginning of Night
2017-11-29T05:43:20 [main.py:525 - <module>()] INFO: Waiting For the Dome to Open at Beginning of Night
2017-11-29T05:44:21 [main.py:525 - <module>()] INFO: Waiting For the Dome to Open at Beginning of Night
2017-11-29T05:45:30 [main.py:499 - <module>()] INFO: Taking 30 Biases
2017-11-29T05:45:30 [main.py:163 - doDark()] INFO: Taking BIAS 1 of 30 (exptime = 0)
2017-11-29T05:45:30 [main.py:227 - takeImage()] INFO: Taking 0 second image
2017-11-29T05:45:31 [main.py:248 - takeImage()] INFO: Saving image: C:/camal/data/n20171129//0031BIAS.0.fits
2017-11-29T05:45:31 [main.py:163 - doDark()] INFO: Taking BIAS 2 of 30 (exptime = 0)
2017-11-29T05:45:31 [main.py:227 - takeImage()] INFO: Taking 0 second image
2017-11-29T05:45:32 [main.py:248 - takeImage()] INFO: Saving image: C:/camal/data/n20171129//0032BIAS.0.fits
2017-11-29T05:45:33 [main.py:163 - doDark()] INFO: Taking BIAS 3 of 30 (exptime = 0)
2017-11-29T05:45:33 [main.py:227 - takeImage()] INFO: Taking 0 second image
2017-11-29T05:45:34 [main.py:248 - takeImage()] INFO: Saving image: C:/camal/data/n20171129//0033BIAS.0.fits
2017-11-29T05:45:34 [main.py:163 - doDark()] INFO: Taking BIAS 4 of 30 (exptime = 0)
2017-11-29T05:45:34 [main.py:227 - takeImage()] INFO: Taking 0 second image
2017-11-29T05:45:35 [main.py:248 - takeImage()] INFO: Saving image: C:/camal/data/n20171129//0034BIAS.0.fits
2017-11-29T05:45:35 [main.py:163 - doDark()] INFO: Taking BIAS 5 of 30 (exptime = 0)
2017-11-29T05:45:35 [main.py:227 - takeImage()] INFO: Taking 0 second image
2017-11-29T05:45:36 [main.py:248 - takeImage()] INFO: Saving image: C:/camal/data/n20171129//0035BIAS.0.fits
2017-11-29T05:45:36 [main.py:163 - doDark()] INFO: Taking BIAS 6 of 30 (exptime = 0)
2017-11-29T05:45:36 [main.py:227 - takeImage()] INFO: Taking 0 second image
2017-11-29T05:45:37 [main.py:248 - takeImage()] INFO: Saving image: C:/camal/data/n20171129//0036BIAS.0.fits
2017-11-29T05:45:37 [main.py:163 - doDark()] INFO: Taking BIAS 7 of 30 (exptime = 0)
2017-11-29T05:45:37 [main.py:227 - takeImage()] INFO: Taking 0 second image
2017-11-29T05:45:39 [main.py:248 - takeImage()] INFO: Saving image: C:/camal/data/n20171129//0037BIAS.0.fits
2017-11-29T05:45:39 [main.py:163 - doDark()] INFO: Taking BIAS 8 of 30 (exptime = 0)
2017-11-29T05:45:39 [main.py:227 - takeImage()] INFO: Taking 0 second image
2017-11-29T05:45:40 [main.py:248 - takeImage()] INFO: Saving image: C:/camal/data/n20171129//0038BIAS.0.fits
2017-11-29T05:45:40 [main.py:163 - doDark()] INFO: Taking BIAS 9 of 30 (exptime = 0)
2017-11-29T05:45:40 [main.py:227 - takeImage()] INFO: Taking 0 second image
2017-11-29T05:45:41 [main.py:248 - takeImage()] INFO: Saving image: C:/camal/data/n20171129//0039BIAS.0.fits
2017-11-29T05:45:41 [main.py:163 - doDark()] INFO: Taking BIAS 10 of 30 (exptime = 0)
2017-11-29T05:45:41 [main.py:227 - takeImage()] INFO: Taking 0 second image
2017-11-29T05:45:42 [main.py:248 - takeImage()] INFO: Saving image: C:/camal/data/n20171129//0040BIAS.0.fits
2017-11-29T05:45:42 [main.py:163 - doDark()] INFO: Taking BIAS 11 of 30 (exptime = 0)
2017-11-29T05:45:42 [main.py:227 - takeImage()] INFO: Taking 0 second image
2017-11-29T05:45:44 [main.py:248 - takeImage()] INFO: Saving image: C:/camal/data/n20171129//0041BIAS.0.fits
2017-11-29T05:45:44 [main.py:163 - doDark()] INFO: Taking BIAS 12 of 30 (exptime = 0)
2017-11-29T05:45:44 [main.py:227 - takeImage()] INFO: Taking 0 second image
2017-11-29T05:45:45 [main.py:248 - takeImage()] INFO: Saving image: C:/camal/data/n20171129//0042BIAS.0.fits
2017-11-29T05:45:45 [main.py:163 - doDark()] INFO: Taking BIAS 13 of 30 (exptime = 0)
2017-11-29T05:45:45 [main.py:227 - takeImage()] INFO: Taking 0 second image
2017-11-29T05:45:46 [main.py:248 - takeImage()] INFO: Saving image: C:/camal/data/n20171129//0043BIAS.0.fits
2017-11-29T05:45:46 [main.py:163 - doDark()] INFO: Taking BIAS 14 of 30 (exptime = 0)
2017-11-29T05:45:46 [main.py:227 - takeImage()] INFO: Taking 0 second image
2017-11-29T05:45:47 [main.py:248 - takeImage()] INFO: Saving image: C:/camal/data/n20171129//0044BIAS.0.fits
2017-11-29T05:45:47 [main.py:163 - doDark()] INFO: Taking BIAS 15 of 30 (exptime = 0)
2017-11-29T05:45:47 [main.py:227 - takeImage()] INFO: Taking 0 second image
2017-11-29T05:45:49 [main.py:248 - takeImage()] INFO: Saving image: C:/camal/data/n20171129//0045BIAS.0.fits
2017-11-29T05:45:49 [main.py:163 - doDark()] INFO: Taking BIAS 16 of 30 (exptime = 0)
2017-11-29T05:45:49 [main.py:227 - takeImage()] INFO: Taking 0 second image
2017-11-29T05:45:50 [main.py:248 - takeImage()] INFO: Saving image: C:/camal/data/n20171129//0046BIAS.0.fits
2017-11-29T05:45:50 [main.py:163 - doDark()] INFO: Taking BIAS 17 of 30 (exptime = 0)
2017-11-29T05:45:50 [main.py:227 - takeImage()] INFO: Taking 0 second image
2017-11-29T05:45:51 [main.py:248 - takeImage()] INFO: Saving image: C:/camal/data/n20171129//0047BIAS.0.fits
2017-11-29T05:45:51 [main.py:163 - doDark()] INFO: Taking BIAS 18 of 30 (exptime = 0)
2017-11-29T05:45:51 [main.py:227 - takeImage()] INFO: Taking 0 second image
2017-11-29T05:45:52 [main.py:248 - takeImage()] INFO: Saving image: C:/camal/data/n20171129//0048BIAS.0.fits
2017-11-29T05:45:52 [main.py:163 - doDark()] INFO: Taking BIAS 19 of 30 (exptime = 0)
2017-11-29T05:45:52 [main.py:227 - takeImage()] INFO: Taking 0 second image
2017-11-29T05:45:54 [main.py:248 - takeImage()] INFO: Saving image: C:/camal/data/n20171129//0049BIAS.0.fits
2017-11-29T05:45:54 [main.py:163 - doDark()] INFO: Taking BIAS 20 of 30 (exptime = 0)
2017-11-29T05:45:54 [main.py:227 - takeImage()] INFO: Taking 0 second image
2017-11-29T05:45:55 [main.py:248 - takeImage()] INFO: Saving image: C:/camal/data/n20171129//0050BIAS.0.fits
2017-11-29T05:45:55 [main.py:163 - doDark()] INFO: Taking BIAS 21 of 30 (exptime = 0)
2017-11-29T05:45:55 [main.py:227 - takeImage()] INFO: Taking 0 second image
2017-11-29T05:45:56 [main.py:248 - takeImage()] INFO: Saving image: C:/camal/data/n20171129//0051BIAS.0.fits
2017-11-29T05:45:56 [main.py:163 - doDark()] INFO: Taking BIAS 22 of 30 (exptime = 0)
2017-11-29T05:45:56 [main.py:227 - takeImage()] INFO: Taking 0 second image
2017-11-29T05:45:57 [main.py:248 - takeImage()] INFO: Saving image: C:/camal/data/n20171129//0052BIAS.0.fits
2017-11-29T05:45:57 [main.py:163 - doDark()] INFO: Taking BIAS 23 of 30 (exptime = 0)
2017-11-29T05:45:57 [main.py:227 - takeImage()] INFO: Taking 0 second image
2017-11-29T05:45:58 [main.py:248 - takeImage()] INFO: Saving image: C:/camal/data/n20171129//0053BIAS.0.fits
2017-11-29T05:45:59 [main.py:163 - doDark()] INFO: Taking BIAS 24 of 30 (exptime = 0)
2017-11-29T05:45:59 [main.py:227 - takeImage()] INFO: Taking 0 second image
2017-11-29T05:46:00 [main.py:248 - takeImage()] INFO: Saving image: C:/camal/data/n20171129//0054BIAS.0.fits
2017-11-29T05:46:00 [main.py:163 - doDark()] INFO: Taking BIAS 25 of 30 (exptime = 0)
2017-11-29T05:46:00 [main.py:227 - takeImage()] INFO: Taking 0 second image
2017-11-29T05:46:01 [main.py:248 - takeImage()] INFO: Saving image: C:/camal/data/n20171129//0055BIAS.0.fits
2017-11-29T05:46:01 [main.py:163 - doDark()] INFO: Taking BIAS 26 of 30 (exptime = 0)
2017-11-29T05:46:01 [main.py:227 - takeImage()] INFO: Taking 0 second image
2017-11-29T05:46:02 [main.py:248 - takeImage()] INFO: Saving image: C:/camal/data/n20171129//0056BIAS.0.fits
2017-11-29T05:46:02 [main.py:163 - doDark()] INFO: Taking BIAS 27 of 30 (exptime = 0)
2017-11-29T05:46:02 [main.py:227 - takeImage()] INFO: Taking 0 second image
2017-11-29T05:46:03 [main.py:248 - takeImage()] INFO: Saving image: C:/camal/data/n20171129//0057BIAS.0.fits
2017-11-29T05:46:03 [main.py:163 - doDark()] INFO: Taking BIAS 28 of 30 (exptime = 0)
2017-11-29T05:46:03 [main.py:227 - takeImage()] INFO: Taking 0 second image
2017-11-29T05:46:05 [main.py:248 - takeImage()] INFO: Saving image: C:/camal/data/n20171129//0058BIAS.0.fits
2017-11-29T05:46:05 [main.py:163 - doDark()] INFO: Taking BIAS 29 of 30 (exptime = 0)
2017-11-29T05:46:05 [main.py:227 - takeImage()] INFO: Taking 0 second image
2017-11-29T05:46:06 [main.py:248 - takeImage()] INFO: Saving image: C:/camal/data/n20171129//0059BIAS.0.fits
2017-11-29T05:46:06 [main.py:163 - doDark()] INFO: Taking BIAS 30 of 30 (exptime = 0)
2017-11-29T05:46:06 [main.py:227 - takeImage()] INFO: Taking 0 second image
2017-11-29T05:46:07 [main.py:248 - takeImage()] INFO: Saving image: C:/camal/data/n20171129//0060BIAS.0.fits
2017-11-29T05:46:07 [main.py:510 - <module>()] INFO: Making Schedule
2017-11-29T05:46:11 [main.py:525 - <module>()] INFO: Waiting For the Dome to Open at Beginning of Night
2017-11-29T05:47:11 [main.py:525 - <module>()] INFO: Waiting For the Dome to Open at Beginning of Night
2017-11-29T05:48:11 [main.py:525 - <module>()] INFO: Waiting For the Dome to Open at Beginning of Night
2017-11-29T05:49:12 [main.py:525 - <module>()] INFO: Waiting For the Dome to Open at Beginning of Night
2017-11-29T05:50:12 [main.py:525 - <module>()] INFO: Waiting For the Dome to Open at Beginning of Night
2017-11-29T05:51:13 [main.py:525 - <module>()] INFO: Waiting For the Dome to Open at Beginning of Night
2017-11-29T05:52:14 [main.py:525 - <module>()] INFO: Waiting For the Dome to Open at Beginning of Night
2017-11-29T05:53:14 [main.py:525 - <module>()] INFO: Waiting For the Dome to Open at Beginning of Night
2017-11-29T05:54:15 [main.py:525 - <module>()] INFO: Waiting For the Dome to Open at Beginning of Night
2017-11-29T05:55:15 [main.py:525 - <module>()] INFO: Waiting For the Dome to Open at Beginning of Night
2017-11-29T05:56:15 [main.py:525 - <module>()] INFO: Waiting For the Dome to Open at Beginning of Night
2017-11-29T05:57:16 [main.py:525 - <module>()] INFO: Waiting For the Dome to Open at Beginning of Night
2017-11-29T05:58:16 [main.py:525 - <module>()] INFO: Waiting For the Dome to Open at Beginning of Night
2017-11-29T05:59:16 [main.py:525 - <module>()] INFO: Waiting For the Dome to Open at Beginning of Night
2017-11-29T06:00:17 [main.py:525 - <module>()] INFO: Waiting For the Dome to Open at Beginning of Night
2017-11-29T06:01:17 [main.py:525 - <module>()] INFO: Waiting For the Dome to Open at Beginning of Night
2017-11-29T06:02:18 [main.py:525 - <module>()] INFO: Waiting For the Dome to Open at Beginning of Night
2017-11-29T06:03:18 [main.py:525 - <module>()] INFO: Waiting For the Dome to Open at Beginning of Night
2017-11-29T06:04:18 [main.py:525 - <module>()] INFO: Waiting For the Dome to Open at Beginning of Night
2017-11-29T06:05:19 [main.py:525 - <module>()] INFO: Waiting For the Dome to Open at Beginning of Night
2017-11-29T06:06:19 [main.py:525 - <module>()] INFO: Waiting For the Dome to Open at Beginning of Night
2017-11-29T06:07:19 [main.py:525 - <module>()] INFO: Waiting For the Dome to Open at Beginning of Night
2017-11-29T06:08:20 [main.py:525 - <module>()] INFO: Waiting For the Dome to Open at Beginning of Night
2017-11-29T06:09:20 [main.py:525 - <module>()] INFO: Waiting For the Dome to Open at Beginning of Night
2017-11-29T06:10:20 [main.py:525 - <module>()] INFO: Waiting For the Dome to Open at Beginning of Night
2017-11-29T06:11:21 [main.py:525 - <module>()] INFO: Waiting For the Dome to Open at Beginning of Night
2017-11-29T06:12:21 [main.py:525 - <module>()] INFO: Waiting For the Dome to Open at Beginning of Night
2017-11-29T06:13:22 [main.py:525 - <module>()] INFO: Waiting For the Dome to Open at Beginning of Night
2017-11-29T06:14:22 [main.py:525 - <module>()] INFO: Waiting For the Dome to Open at Beginning of Night
2017-11-29T06:15:23 [main.py:525 - <module>()] INFO: Waiting For the Dome to Open at Beginning of Night
2017-11-29T06:16:23 [main.py:525 - <module>()] INFO: Waiting For the Dome to Open at Beginning of Night
2017-11-29T06:17:23 [main.py:525 - <module>()] INFO: Waiting For the Dome to Open at Beginning of Night
2017-11-29T06:18:24 [main.py:525 - <module>()] INFO: Waiting For the Dome to Open at Beginning of Night
2017-11-29T06:19:24 [main.py:525 - <module>()] INFO: Waiting For the Dome to Open at Beginning of Night
2017-11-29T06:20:25 [main.py:525 - <module>()] INFO: Waiting For the Dome to Open at Beginning of Night
2017-11-29T06:21:25 [main.py:525 - <module>()] INFO: Waiting For the Dome to Open at Beginning of Night
2017-11-29T06:22:26 [main.py:525 - <module>()] INFO: Waiting For the Dome to Open at Beginning of Night
2017-11-29T06:23:26 [main.py:525 - <module>()] INFO: Waiting For the Dome to Open at Beginning of Night
2017-11-29T06:24:26 [main.py:525 - <module>()] INFO: Waiting For the Dome to Open at Beginning of Night
2017-11-29T06:25:27 [main.py:525 - <module>()] INFO: Waiting For the Dome to Open at Beginning of Night
2017-11-29T06:26:27 [main.py:525 - <module>()] INFO: Waiting For the Dome to Open at Beginning of Night
2017-11-29T06:27:28 [main.py:525 - <module>()] INFO: Waiting For the Dome to Open at Beginning of Night
2017-11-29T06:28:29 [main.py:525 - <module>()] INFO: Waiting For the Dome to Open at Beginning of Night
2017-11-29T06:29:29 [main.py:525 - <module>()] INFO: Waiting For the Dome to Open at Beginning of Night
2017-11-29T06:30:29 [main.py:525 - <module>()] INFO: Waiting For the Dome to Open at Beginning of Night
2017-11-29T06:31:30 [main.py:525 - <module>()] INFO: Waiting For the Dome to Open at Beginning of Night
2017-11-29T06:32:30 [main.py:525 - <module>()] INFO: Waiting For the Dome to Open at Beginning of Night
2017-11-29T06:33:31 [main.py:525 - <module>()] INFO: Waiting For the Dome to Open at Beginning of Night
2017-11-29T06:34:31 [main.py:525 - <module>()] INFO: Waiting For the Dome to Open at Beginning of Night
2017-11-29T06:35:31 [main.py:525 - <module>()] INFO: Waiting For the Dome to Open at Beginning of Night
2017-11-29T06:36:32 [main.py:525 - <module>()] INFO: Waiting For the Dome to Open at Beginning of Night
2017-11-29T06:37:32 [main.py:525 - <module>()] INFO: Waiting For the Dome to Open at Beginning of Night
2017-11-29T06:38:33 [main.py:525 - <module>()] INFO: Waiting For the Dome to Open at Beginning of Night
2017-11-29T06:39:33 [main.py:525 - <module>()] INFO: Waiting For the Dome to Open at Beginning of Night
2017-11-29T06:40:33 [main.py:525 - <module>()] INFO: Waiting For the Dome to Open at Beginning of Night
2017-11-29T06:41:34 [main.py:525 - <module>()] INFO: Waiting For the Dome to Open at Beginning of Night
2017-11-29T06:42:34 [main.py:525 - <module>()] INFO: Waiting For the Dome to Open at Beginning of Night
2017-11-29T06:43:34 [main.py:525 - <module>()] INFO: Waiting For the Dome to Open at Beginning of Night
2017-11-29T06:44:35 [main.py:525 - <module>()] INFO: Waiting For the Dome to Open at Beginning of Night
2017-11-29T06:45:36 [main.py:525 - <module>()] INFO: Waiting For the Dome to Open at Beginning of Night
2017-11-29T06:46:36 [main.py:525 - <module>()] INFO: Waiting For the Dome to Open at Beginning of Night
2017-11-29T06:47:37 [main.py:525 - <module>()] INFO: Waiting For the Dome to Open at Beginning of Night
2017-11-29T06:48:37 [main.py:525 - <module>()] INFO: Waiting For the Dome to Open at Beginning of Night
2017-11-29T06:49:38 [main.py:525 - <module>()] INFO: Waiting For the Dome to Open at Beginning of Night
2017-11-29T06:50:38 [main.py:525 - <module>()] INFO: Waiting For the Dome to Open at Beginning of Night
2017-11-29T06:51:39 [main.py:525 - <module>()] INFO: Waiting For the Dome to Open at Beginning of Night
2017-11-29T06:52:39 [main.py:525 - <module>()] INFO: Waiting For the Dome to Open at Beginning of Night
2017-11-29T06:53:40 [main.py:525 - <module>()] INFO: Waiting For the Dome to Open at Beginning of Night
2017-11-29T06:54:40 [main.py:525 - <module>()] INFO: Waiting For the Dome to Open at Beginning of Night
2017-11-29T06:55:41 [main.py:525 - <module>()] INFO: Waiting For the Dome to Open at Beginning of Night
2017-11-29T06:56:41 [main.py:525 - <module>()] INFO: Waiting For the Dome to Open at Beginning of Night
2017-11-29T06:57:42 [main.py:525 - <module>()] INFO: Waiting For the Dome to Open at Beginning of Night
2017-11-29T06:58:42 [main.py:525 - <module>()] INFO: Waiting For the Dome to Open at Beginning of Night
2017-11-29T06:59:43 [main.py:525 - <module>()] INFO: Waiting For the Dome to Open at Beginning of Night
2017-11-29T07:00:43 [main.py:525 - <module>()] INFO: Waiting For the Dome to Open at Beginning of Night
2017-11-29T07:01:44 [main.py:525 - <module>()] INFO: Waiting For the Dome to Open at Beginning of Night
2017-11-29T07:02:44 [main.py:525 - <module>()] INFO: Waiting For the Dome to Open at Beginning of Night
2017-11-29T07:03:45 [main.py:525 - <module>()] INFO: Waiting For the Dome to Open at Beginning of Night
2017-11-29T07:04:45 [main.py:525 - <module>()] INFO: Waiting For the Dome to Open at Beginning of Night
2017-11-29T07:05:45 [main.py:525 - <module>()] INFO: Waiting For the Dome to Open at Beginning of Night
2017-11-29T07:06:46 [main.py:525 - <module>()] INFO: Waiting For the Dome to Open at Beginning of Night
2017-11-29T07:07:47 [main.py:525 - <module>()] INFO: Waiting For the Dome to Open at Beginning of Night
2017-11-29T07:08:47 [main.py:525 - <module>()] INFO: Waiting For the Dome to Open at Beginning of Night
2017-11-29T07:09:47 [main.py:525 - <module>()] INFO: Waiting For the Dome to Open at Beginning of Night
2017-11-29T07:10:48 [main.py:525 - <module>()] INFO: Waiting For the Dome to Open at Beginning of Night
2017-11-29T07:11:48 [main.py:525 - <module>()] INFO: Waiting For the Dome to Open at Beginning of Night
2017-11-29T07:12:49 [main.py:525 - <module>()] INFO: Waiting For the Dome to Open at Beginning of Night
2017-11-29T07:13:49 [main.py:525 - <module>()] INFO: Waiting For the Dome to Open at Beginning of Night
2017-11-29T07:14:50 [main.py:525 - <module>()] INFO: Waiting For the Dome to Open at Beginning of Night
2017-11-29T07:15:50 [main.py:525 - <module>()] INFO: Waiting For the Dome to Open at Beginning of Night
2017-11-29T07:16:51 [main.py:525 - <module>()] INFO: Waiting For the Dome to Open at Beginning of Night
2017-11-29T07:17:51 [main.py:525 - <module>()] INFO: Waiting For the Dome to Open at Beginning of Night
2017-11-29T07:18:52 [main.py:525 - <module>()] INFO: Waiting For the Dome to Open at Beginning of Night
2017-11-29T07:19:52 [main.py:525 - <module>()] INFO: Waiting For the Dome to Open at Beginning of Night
2017-11-29T07:20:53 [main.py:525 - <module>()] INFO: Waiting For the Dome to Open at Beginning of Night
2017-11-29T07:21:53 [main.py:525 - <module>()] INFO: Waiting For the Dome to Open at Beginning of Night
2017-11-29T07:22:53 [main.py:525 - <module>()] INFO: Waiting For the Dome to Open at Beginning of Night
2017-11-29T07:23:54 [main.py:525 - <module>()] INFO: Waiting For the Dome to Open at Beginning of Night
2017-11-29T07:24:55 [main.py:525 - <module>()] INFO: Waiting For the Dome to Open at Beginning of Night
2017-11-29T07:25:55 [main.py:525 - <module>()] INFO: Waiting For the Dome to Open at Beginning of Night
2017-11-29T07:26:56 [main.py:525 - <module>()] INFO: Waiting For the Dome to Open at Beginning of Night
2017-11-29T07:27:56 [main.py:525 - <module>()] INFO: Waiting For the Dome to Open at Beginning of Night
2017-11-29T07:28:57 [main.py:525 - <module>()] INFO: Waiting For the Dome to Open at Beginning of Night
2017-11-29T07:29:57 [main.py:525 - <module>()] INFO: Waiting For the Dome to Open at Beginning of Night
2017-11-29T07:30:58 [main.py:525 - <module>()] INFO: Waiting For the Dome to Open at Beginning of Night
2017-11-29T07:31:58 [main.py:525 - <module>()] INFO: Waiting For the Dome to Open at Beginning of Night
2017-11-29T07:32:59 [main.py:525 - <module>()] INFO: Waiting For the Dome to Open at Beginning of Night
2017-11-29T07:33:59 [main.py:525 - <module>()] INFO: Waiting For the Dome to Open at Beginning of Night
2017-11-29T07:34:59 [main.py:525 - <module>()] INFO: Waiting For the Dome to Open at Beginning of Night
2017-11-29T07:36:00 [main.py:525 - <module>()] INFO: Waiting For the Dome to Open at Beginning of Night
2017-11-29T07:37:00 [main.py:525 - <module>()] INFO: Waiting For the Dome to Open at Beginning of Night
2017-11-29T07:38:01 [main.py:525 - <module>()] INFO: Waiting For the Dome to Open at Beginning of Night
2017-11-29T07:39:01 [main.py:525 - <module>()] INFO: Waiting For the Dome to Open at Beginning of Night
2017-11-29T07:40:01 [main.py:525 - <module>()] INFO: Waiting For the Dome to Open at Beginning of Night
2017-11-29T07:41:02 [main.py:525 - <module>()] INFO: Waiting For the Dome to Open at Beginning of Night
2017-11-29T07:42:03 [main.py:525 - <module>()] INFO: Waiting For the Dome to Open at Beginning of Night
2017-11-29T07:43:03 [main.py:525 - <module>()] INFO: Waiting For the Dome to Open at Beginning of Night
2017-11-29T07:44:04 [main.py:525 - <module>()] INFO: Waiting For the Dome to Open at Beginning of Night
2017-11-29T07:45:04 [main.py:525 - <module>()] INFO: Waiting For the Dome to Open at Beginning of Night
2017-11-29T07:46:05 [main.py:525 - <module>()] INFO: Waiting For the Dome to Open at Beginning of Night
2017-11-29T07:47:05 [main.py:525 - <module>()] INFO: Waiting For the Dome to Open at Beginning of Night
2017-11-29T07:48:06 [main.py:525 - <module>()] INFO: Waiting For the Dome to Open at Beginning of Night
2017-11-29T07:49:06 [main.py:525 - <module>()] INFO: Waiting For the Dome to Open at Beginning of Night
2017-11-29T07:50:06 [main.py:525 - <module>()] INFO: Waiting For the Dome to Open at Beginning of Night
2017-11-29T07:51:07 [main.py:525 - <module>()] INFO: Waiting For the Dome to Open at Beginning of Night
2017-11-29T07:52:07 [main.py:525 - <module>()] INFO: Waiting For the Dome to Open at Beginning of Night
2017-11-29T07:53:08 [main.py:525 - <module>()] INFO: Waiting For the Dome to Open at Beginning of Night
2017-11-29T07:54:08 [main.py:525 - <module>()] INFO: Waiting For the Dome to Open at Beginning of Night
2017-11-29T07:55:09 [main.py:525 - <module>()] INFO: Waiting For the Dome to Open at Beginning of Night
2017-11-29T07:56:09 [main.py:525 - <module>()] INFO: Waiting For the Dome to Open at Beginning of Night
2017-11-29T07:57:10 [main.py:525 - <module>()] INFO: Waiting For the Dome to Open at Beginning of Night
2017-11-29T07:58:10 [main.py:525 - <module>()] INFO: Waiting For the Dome to Open at Beginning of Night
2017-11-29T07:59:10 [main.py:525 - <module>()] INFO: Waiting For the Dome to Open at Beginning of Night
2017-11-29T08:00:11 [main.py:525 - <module>()] INFO: Waiting For the Dome to Open at Beginning of Night
2017-11-29T08:01:11 [main.py:525 - <module>()] INFO: Waiting For the Dome to Open at Beginning of Night
2017-11-29T08:02:12 [main.py:525 - <module>()] INFO: Waiting For the Dome to Open at Beginning of Night
2017-11-29T08:03:12 [main.py:525 - <module>()] INFO: Waiting For the Dome to Open at Beginning of Night
2017-11-29T08:04:13 [main.py:525 - <module>()] INFO: Waiting For the Dome to Open at Beginning of Night
2017-11-29T08:05:13 [main.py:525 - <module>()] INFO: Waiting For the Dome to Open at Beginning of Night
2017-11-29T08:06:14 [main.py:525 - <module>()] INFO: Waiting For the Dome to Open at Beginning of Night
2017-11-29T08:07:14 [main.py:525 - <module>()] INFO: Waiting For the Dome to Open at Beginning of Night
2017-11-29T08:08:15 [main.py:525 - <module>()] INFO: Waiting For the Dome to Open at Beginning of Night
2017-11-29T08:09:15 [main.py:525 - <module>()] INFO: Waiting For the Dome to Open at Beginning of Night
2017-11-29T08:10:16 [main.py:525 - <module>()] INFO: Waiting For the Dome to Open at Beginning of Night
2017-11-29T08:11:16 [main.py:525 - <module>()] INFO: Waiting For the Dome to Open at Beginning of Night
2017-11-29T08:12:16 [main.py:525 - <module>()] INFO: Waiting For the Dome to Open at Beginning of Night
2017-11-29T08:13:17 [main.py:525 - <module>()] INFO: Waiting For the Dome to Open at Beginning of Night
2017-11-29T08:14:17 [main.py:525 - <module>()] INFO: Waiting For the Dome to Open at Beginning of Night
2017-11-29T08:15:18 [main.py:525 - <module>()] INFO: Waiting For the Dome to Open at Beginning of Night
2017-11-29T08:16:18 [main.py:525 - <module>()] INFO: Waiting For the Dome to Open at Beginning of Night
2017-11-29T08:17:19 [main.py:525 - <module>()] INFO: Waiting For the Dome to Open at Beginning of Night
2017-11-29T08:18:19 [main.py:525 - <module>()] INFO: Waiting For the Dome to Open at Beginning of Night
2017-11-29T08:19:19 [main.py:525 - <module>()] INFO: Waiting For the Dome to Open at Beginning of Night
2017-11-29T08:20:20 [main.py:525 - <module>()] INFO: Waiting For the Dome to Open at Beginning of Night
2017-11-29T08:21:20 [main.py:525 - <module>()] INFO: Waiting For the Dome to Open at Beginning of Night
2017-11-29T08:22:21 [main.py:525 - <module>()] INFO: Waiting For the Dome to Open at Beginning of Night
2017-11-29T08:23:21 [main.py:525 - <module>()] INFO: Waiting For the Dome to Open at Beginning of Night
2017-11-29T08:24:22 [main.py:525 - <module>()] INFO: Waiting For the Dome to Open at Beginning of Night
2017-11-29T08:25:22 [main.py:525 - <module>()] INFO: Waiting For the Dome to Open at Beginning of Night
2017-11-29T08:26:23 [main.py:525 - <module>()] INFO: Waiting For the Dome to Open at Beginning of Night
2017-11-29T08:27:23 [main.py:525 - <module>()] INFO: Waiting For the Dome to Open at Beginning of Night
2017-11-29T08:28:24 [main.py:525 - <module>()] INFO: Waiting For the Dome to Open at Beginning of Night
2017-11-29T08:29:24 [main.py:525 - <module>()] INFO: Waiting For the Dome to Open at Beginning of Night
2017-11-29T08:30:25 [main.py:525 - <module>()] INFO: Waiting For the Dome to Open at Beginning of Night
2017-11-29T08:31:25 [main.py:525 - <module>()] INFO: Waiting For the Dome to Open at Beginning of Night
2017-11-29T08:32:26 [main.py:525 - <module>()] INFO: Waiting For the Dome to Open at Beginning of Night
2017-11-29T08:33:26 [main.py:525 - <module>()] INFO: Waiting For the Dome to Open at Beginning of Night
2017-11-29T08:34:27 [main.py:525 - <module>()] INFO: Waiting For the Dome to Open at Beginning of Night
2017-11-29T08:35:27 [main.py:525 - <module>()] INFO: Waiting For the Dome to Open at Beginning of Night
2017-11-29T08:36:27 [main.py:525 - <module>()] INFO: Waiting For the Dome to Open at Beginning of Night
2017-11-29T08:37:28 [main.py:525 - <module>()] INFO: Waiting For the Dome to Open at Beginning of Night
2017-11-29T08:38:28 [main.py:525 - <module>()] INFO: Waiting For the Dome to Open at Beginning of Night
2017-11-29T08:39:29 [main.py:525 - <module>()] INFO: Waiting For the Dome to Open at Beginning of Night
2017-11-29T08:40:29 [main.py:525 - <module>()] INFO: Waiting For the Dome to Open at Beginning of Night
2017-11-29T08:41:30 [main.py:525 - <module>()] INFO: Waiting For the Dome to Open at Beginning of Night
2017-11-29T08:42:31 [main.py:525 - <module>()] INFO: Waiting For the Dome to Open at Beginning of Night
2017-11-29T08:43:31 [main.py:525 - <module>()] INFO: Waiting For the Dome to Open at Beginning of Night
2017-11-29T08:44:31 [main.py:525 - <module>()] INFO: Waiting For the Dome to Open at Beginning of Night
2017-11-29T08:45:32 [main.py:525 - <module>()] INFO: Waiting For the Dome to Open at Beginning of Night
2017-11-29T08:46:33 [main.py:525 - <module>()] INFO: Waiting For the Dome to Open at Beginning of Night
2017-11-29T08:47:33 [main.py:525 - <module>()] INFO: Waiting For the Dome to Open at Beginning of Night
2017-11-29T08:48:34 [main.py:525 - <module>()] INFO: Waiting For the Dome to Open at Beginning of Night
2017-11-29T08:49:34 [main.py:525 - <module>()] INFO: Waiting For the Dome to Open at Beginning of Night
2017-11-29T08:50:34 [main.py:525 - <module>()] INFO: Waiting For the Dome to Open at Beginning of Night
2017-11-29T08:51:35 [main.py:525 - <module>()] INFO: Waiting For the Dome to Open at Beginning of Night
2017-11-29T08:52:35 [main.py:525 - <module>()] INFO: Waiting For the Dome to Open at Beginning of Night
2017-11-29T08:53:36 [main.py:525 - <module>()] INFO: Waiting For the Dome to Open at Beginning of Night
2017-11-29T08:54:36 [main.py:525 - <module>()] INFO: Waiting For the Dome to Open at Beginning of Night
2017-11-29T08:55:36 [main.py:525 - <module>()] INFO: Waiting For the Dome to Open at Beginning of Night
2017-11-29T08:56:37 [main.py:525 - <module>()] INFO: Waiting For the Dome to Open at Beginning of Night
2017-11-29T08:57:37 [main.py:525 - <module>()] INFO: Waiting For the Dome to Open at Beginning of Night
2017-11-29T08:58:38 [main.py:525 - <module>()] INFO: Waiting For the Dome to Open at Beginning of Night
2017-11-29T08:59:38 [main.py:525 - <module>()] INFO: Waiting For the Dome to Open at Beginning of Night
2017-11-29T09:00:39 [main.py:525 - <module>()] INFO: Waiting For the Dome to Open at Beginning of Night
2017-11-29T09:01:39 [main.py:525 - <module>()] INFO: Waiting For the Dome to Open at Beginning of Night
2017-11-29T09:02:40 [main.py:525 - <module>()] INFO: Waiting For the Dome to Open at Beginning of Night
2017-11-29T09:03:40 [main.py:525 - <module>()] INFO: Waiting For the Dome to Open at Beginning of Night
2017-11-29T09:04:41 [main.py:525 - <module>()] INFO: Waiting For the Dome to Open at Beginning of Night
2017-11-29T09:05:41 [main.py:525 - <module>()] INFO: Waiting For the Dome to Open at Beginning of Night
2017-11-29T09:06:42 [main.py:525 - <module>()] INFO: Waiting For the Dome to Open at Beginning of Night
2017-11-29T09:07:42 [main.py:525 - <module>()] INFO: Waiting For the Dome to Open at Beginning of Night
2017-11-29T09:08:42 [main.py:525 - <module>()] INFO: Waiting For the Dome to Open at Beginning of Night
2017-11-29T09:09:43 [main.py:525 - <module>()] INFO: Waiting For the Dome to Open at Beginning of Night
2017-11-29T09:10:43 [main.py:525 - <module>()] INFO: Waiting For the Dome to Open at Beginning of Night
2017-11-29T09:11:43 [main.py:525 - <module>()] INFO: Waiting For the Dome to Open at Beginning of Night
2017-11-29T09:12:44 [main.py:525 - <module>()] INFO: Waiting For the Dome to Open at Beginning of Night
2017-11-29T09:13:44 [main.py:525 - <module>()] INFO: Waiting For the Dome to Open at Beginning of Night
2017-11-29T09:14:45 [main.py:525 - <module>()] INFO: Waiting For the Dome to Open at Beginning of Night
2017-11-29T09:15:46 [main.py:525 - <module>()] INFO: Waiting For the Dome to Open at Beginning of Night
2017-11-29T09:16:46 [main.py:525 - <module>()] INFO: Waiting For the Dome to Open at Beginning of Night
2017-11-29T09:17:47 [main.py:525 - <module>()] INFO: Waiting For the Dome to Open at Beginning of Night
2017-11-29T09:18:47 [main.py:525 - <module>()] INFO: Waiting For the Dome to Open at Beginning of Night
2017-11-29T09:19:47 [main.py:525 - <module>()] INFO: Waiting For the Dome to Open at Beginning of Night
2017-11-29T09:20:48 [main.py:525 - <module>()] INFO: Waiting For the Dome to Open at Beginning of Night
2017-11-29T09:21:48 [main.py:525 - <module>()] INFO: Waiting For the Dome to Open at Beginning of Night
2017-11-29T09:22:49 [main.py:525 - <module>()] INFO: Waiting For the Dome to Open at Beginning of Night
2017-11-29T09:23:49 [main.py:525 - <module>()] INFO: Waiting For the Dome to Open at Beginning of Night
2017-11-29T09:24:50 [main.py:525 - <module>()] INFO: Waiting For the Dome to Open at Beginning of Night
2017-11-29T09:25:50 [main.py:525 - <module>()] INFO: Waiting For the Dome to Open at Beginning of Night
2017-11-29T09:26:51 [main.py:525 - <module>()] INFO: Waiting For the Dome to Open at Beginning of Night
2017-11-29T09:27:51 [main.py:525 - <module>()] INFO: Waiting For the Dome to Open at Beginning of Night
2017-11-29T09:28:52 [main.py:525 - <module>()] INFO: Waiting For the Dome to Open at Beginning of Night
2017-11-29T09:29:52 [main.py:525 - <module>()] INFO: Waiting For the Dome to Open at Beginning of Night
2017-11-29T09:30:53 [main.py:525 - <module>()] INFO: Waiting For the Dome to Open at Beginning of Night
2017-11-29T09:31:53 [main.py:525 - <module>()] INFO: Waiting For the Dome to Open at Beginning of Night
2017-11-29T09:32:54 [main.py:525 - <module>()] INFO: Waiting For the Dome to Open at Beginning of Night
2017-11-29T09:33:54 [main.py:525 - <module>()] INFO: Waiting For the Dome to Open at Beginning of Night
2017-11-29T09:34:55 [main.py:525 - <module>()] INFO: Waiting For the Dome to Open at Beginning of Night
2017-11-29T09:35:55 [main.py:525 - <module>()] INFO: Waiting For the Dome to Open at Beginning of Night
2017-11-29T09:36:56 [main.py:525 - <module>()] INFO: Waiting For the Dome to Open at Beginning of Night
2017-11-29T09:37:56 [main.py:525 - <module>()] INFO: Waiting For the Dome to Open at Beginning of Night
2017-11-29T09:38:57 [main.py:525 - <module>()] INFO: Waiting For the Dome to Open at Beginning of Night
2017-11-29T09:39:57 [main.py:525 - <module>()] INFO: Waiting For the Dome to Open at Beginning of Night
2017-11-29T09:40:58 [main.py:525 - <module>()] INFO: Waiting For the Dome to Open at Beginning of Night
2017-11-29T09:41:58 [main.py:525 - <module>()] INFO: Waiting For the Dome to Open at Beginning of Night
2017-11-29T09:42:59 [main.py:525 - <module>()] INFO: Waiting For the Dome to Open at Beginning of Night
2017-11-29T09:43:59 [main.py:525 - <module>()] INFO: Waiting For the Dome to Open at Beginning of Night
2017-11-29T09:45:00 [main.py:525 - <module>()] INFO: Waiting For the Dome to Open at Beginning of Night
2017-11-29T09:46:00 [main.py:525 - <module>()] INFO: Waiting For the Dome to Open at Beginning of Night
2017-11-29T09:47:00 [main.py:525 - <module>()] INFO: Waiting For the Dome to Open at Beginning of Night
2017-11-29T09:48:01 [main.py:525 - <module>()] INFO: Waiting For the Dome to Open at Beginning of Night
2017-11-29T09:49:01 [main.py:525 - <module>()] INFO: Waiting For the Dome to Open at Beginning of Night
2017-11-29T09:50:02 [main.py:525 - <module>()] INFO: Waiting For the Dome to Open at Beginning of Night
2017-11-29T09:51:02 [main.py:525 - <module>()] INFO: Waiting For the Dome to Open at Beginning of Night
2017-11-29T09:52:03 [main.py:525 - <module>()] INFO: Waiting For the Dome to Open at Beginning of Night
2017-11-29T09:53:03 [main.py:525 - <module>()] INFO: Waiting For the Dome to Open at Beginning of Night
2017-11-29T09:54:04 [main.py:525 - <module>()] INFO: Waiting For the Dome to Open at Beginning of Night
2017-11-29T09:55:04 [main.py:525 - <module>()] INFO: Waiting For the Dome to Open at Beginning of Night
2017-11-29T09:56:05 [main.py:525 - <module>()] INFO: Waiting For the Dome to Open at Beginning of Night
2017-11-29T09:57:05 [main.py:525 - <module>()] INFO: Waiting For the Dome to Open at Beginning of Night
2017-11-29T09:58:06 [main.py:525 - <module>()] INFO: Waiting For the Dome to Open at Beginning of Night
2017-11-29T09:59:06 [main.py:525 - <module>()] INFO: Waiting For the Dome to Open at Beginning of Night
2017-11-29T10:00:07 [main.py:525 - <module>()] INFO: Waiting For the Dome to Open at Beginning of Night
2017-11-29T10:01:07 [main.py:525 - <module>()] INFO: Waiting For the Dome to Open at Beginning of Night
2017-11-29T10:02:08 [main.py:525 - <module>()] INFO: Waiting For the Dome to Open at Beginning of Night
2017-11-29T10:03:08 [main.py:525 - <module>()] INFO: Waiting For the Dome to Open at Beginning of Night
2017-11-29T10:04:09 [main.py:525 - <module>()] INFO: Waiting For the Dome to Open at Beginning of Night
2017-11-29T10:05:09 [main.py:525 - <module>()] INFO: Waiting For the Dome to Open at Beginning of Night
2017-11-29T10:06:10 [main.py:525 - <module>()] INFO: Waiting For the Dome to Open at Beginning of Night
2017-11-29T10:07:10 [main.py:525 - <module>()] INFO: Waiting For the Dome to Open at Beginning of Night
2017-11-29T10:08:11 [main.py:525 - <module>()] INFO: Waiting For the Dome to Open at Beginning of Night
2017-11-29T10:09:11 [main.py:525 - <module>()] INFO: Waiting For the Dome to Open at Beginning of Night
2017-11-29T10:10:11 [main.py:525 - <module>()] INFO: Waiting For the Dome to Open at Beginning of Night
2017-11-29T10:11:11 [main.py:525 - <module>()] INFO: Waiting For the Dome to Open at Beginning of Night
2017-11-29T10:12:12 [main.py:525 - <module>()] INFO: Waiting For the Dome to Open at Beginning of Night
2017-11-29T10:13:12 [main.py:525 - <module>()] INFO: Waiting For the Dome to Open at Beginning of Night
2017-11-29T10:14:13 [main.py:525 - <module>()] INFO: Waiting For the Dome to Open at Beginning of Night
2017-11-29T10:15:13 [main.py:525 - <module>()] INFO: Waiting For the Dome to Open at Beginning of Night
2017-11-29T10:16:13 [main.py:525 - <module>()] INFO: Waiting For the Dome to Open at Beginning of Night
2017-11-29T10:17:14 [main.py:525 - <module>()] INFO: Waiting For the Dome to Open at Beginning of Night
2017-11-29T10:18:14 [main.py:525 - <module>()] INFO: Waiting For the Dome to Open at Beginning of Night
2017-11-29T10:19:15 [main.py:525 - <module>()] INFO: Waiting For the Dome to Open at Beginning of Night
2017-11-29T10:20:16 [main.py:525 - <module>()] INFO: Waiting For the Dome to Open at Beginning of Night
2017-11-29T10:21:16 [main.py:525 - <module>()] INFO: Waiting For the Dome to Open at Beginning of Night
2017-11-29T10:22:16 [main.py:525 - <module>()] INFO: Waiting For the Dome to Open at Beginning of Night
2017-11-29T10:23:17 [main.py:525 - <module>()] INFO: Waiting For the Dome to Open at Beginning of Night
2017-11-29T10:24:17 [main.py:525 - <module>()] INFO: Waiting For the Dome to Open at Beginning of Night
2017-11-29T10:25:18 [main.py:525 - <module>()] INFO: Waiting For the Dome to Open at Beginning of Night
2017-11-29T10:26:18 [main.py:525 - <module>()] INFO: Waiting For the Dome to Open at Beginning of Night
2017-11-29T10:27:19 [main.py:525 - <module>()] INFO: Waiting For the Dome to Open at Beginning of Night
2017-11-29T10:28:19 [main.py:525 - <module>()] INFO: Waiting For the Dome to Open at Beginning of Night
2017-11-29T10:29:20 [main.py:525 - <module>()] INFO: Waiting For the Dome to Open at Beginning of Night
2017-11-29T10:30:20 [main.py:525 - <module>()] INFO: Waiting For the Dome to Open at Beginning of Night
2017-11-29T10:31:20 [main.py:525 - <module>()] INFO: Waiting For the Dome to Open at Beginning of Night
2017-11-29T10:32:21 [main.py:525 - <module>()] INFO: Waiting For the Dome to Open at Beginning of Night
2017-11-29T10:33:21 [main.py:525 - <module>()] INFO: Waiting For the Dome to Open at Beginning of Night
2017-11-29T10:34:22 [main.py:525 - <module>()] INFO: Waiting For the Dome to Open at Beginning of Night
2017-11-29T10:35:22 [main.py:525 - <module>()] INFO: Waiting For the Dome to Open at Beginning of Night
2017-11-29T10:36:22 [main.py:525 - <module>()] INFO: Waiting For the Dome to Open at Beginning of Night
2017-11-29T10:37:23 [main.py:525 - <module>()] INFO: Waiting For the Dome to Open at Beginning of Night
2017-11-29T10:38:24 [main.py:525 - <module>()] INFO: Waiting For the Dome to Open at Beginning of Night
2017-11-29T10:39:24 [main.py:525 - <module>()] INFO: Waiting For the Dome to Open at Beginning of Night
2017-11-29T10:40:25 [main.py:525 - <module>()] INFO: Waiting For the Dome to Open at Beginning of Night
2017-11-29T10:41:25 [main.py:525 - <module>()] INFO: Waiting For the Dome to Open at Beginning of Night
2017-11-29T10:42:25 [main.py:525 - <module>()] INFO: Waiting For the Dome to Open at Beginning of Night
2017-11-29T10:43:26 [main.py:525 - <module>()] INFO: Waiting For the Dome to Open at Beginning of Night
2017-11-29T10:44:26 [main.py:525 - <module>()] INFO: Waiting For the Dome to Open at Beginning of Night
2017-11-29T10:45:27 [main.py:525 - <module>()] INFO: Waiting For the Dome to Open at Beginning of Night
2017-11-29T10:46:27 [main.py:525 - <module>()] INFO: Waiting For the Dome to Open at Beginning of Night
2017-11-29T10:47:28 [main.py:525 - <module>()] INFO: Waiting For the Dome to Open at Beginning of Night
2017-11-29T10:48:28 [main.py:525 - <module>()] INFO: Waiting For the Dome to Open at Beginning of Night
2017-11-29T10:49:28 [main.py:525 - <module>()] INFO: Waiting For the Dome to Open at Beginning of Night
2017-11-29T10:50:29 [main.py:525 - <module>()] INFO: Waiting For the Dome to Open at Beginning of Night
2017-11-29T10:51:29 [main.py:525 - <module>()] INFO: Waiting For the Dome to Open at Beginning of Night
2017-11-29T10:52:30 [main.py:525 - <module>()] INFO: Waiting For the Dome to Open at Beginning of Night
2017-11-29T10:53:30 [main.py:525 - <module>()] INFO: Waiting For the Dome to Open at Beginning of Night
2017-11-29T10:54:31 [main.py:525 - <module>()] INFO: Waiting For the Dome to Open at Beginning of Night
2017-11-29T10:55:31 [main.py:525 - <module>()] INFO: Waiting For the Dome to Open at Beginning of Night
2017-11-29T10:56:31 [main.py:525 - <module>()] INFO: Waiting For the Dome to Open at Beginning of Night
2017-11-29T10:57:32 [main.py:525 - <module>()] INFO: Waiting For the Dome to Open at Beginning of Night
2017-11-29T10:58:32 [main.py:525 - <module>()] INFO: Waiting For the Dome to Open at Beginning of Night
2017-11-29T10:59:33 [main.py:525 - <module>()] INFO: Waiting For the Dome to Open at Beginning of Night
2017-11-29T11:00:33 [main.py:525 - <module>()] INFO: Waiting For the Dome to Open at Beginning of Night
2017-11-29T11:01:34 [main.py:525 - <module>()] INFO: Waiting For the Dome to Open at Beginning of Night
2017-11-29T11:02:34 [main.py:525 - <module>()] INFO: Waiting For the Dome to Open at Beginning of Night
2017-11-29T11:03:34 [main.py:525 - <module>()] INFO: Waiting For the Dome to Open at Beginning of Night
2017-11-29T11:04:35 [main.py:525 - <module>()] INFO: Waiting For the Dome to Open at Beginning of Night
2017-11-29T11:05:35 [main.py:525 - <module>()] INFO: Waiting For the Dome to Open at Beginning of Night
2017-11-29T11:06:36 [main.py:525 - <module>()] INFO: Waiting For the Dome to Open at Beginning of Night
2017-11-29T11:07:36 [main.py:525 - <module>()] INFO: Waiting For the Dome to Open at Beginning of Night
2017-11-29T11:08:36 [main.py:525 - <module>()] INFO: Waiting For the Dome to Open at Beginning of Night
2017-11-29T11:09:37 [main.py:525 - <module>()] INFO: Waiting For the Dome to Open at Beginning of Night
2017-11-29T11:10:38 [main.py:525 - <module>()] INFO: Waiting For the Dome to Open at Beginning of Night
2017-11-29T11:11:38 [main.py:525 - <module>()] INFO: Waiting For the Dome to Open at Beginning of Night
2017-11-29T11:12:39 [main.py:525 - <module>()] INFO: Waiting For the Dome to Open at Beginning of Night
2017-11-29T11:13:39 [main.py:525 - <module>()] INFO: Waiting For the Dome to Open at Beginning of Night
2017-11-29T11:14:39 [main.py:525 - <module>()] INFO: Waiting For the Dome to Open at Beginning of Night
2017-11-29T11:15:40 [main.py:525 - <module>()] INFO: Waiting For the Dome to Open at Beginning of Night
2017-11-29T11:16:40 [main.py:525 - <module>()] INFO: Waiting For the Dome to Open at Beginning of Night
2017-11-29T11:17:41 [main.py:525 - <module>()] INFO: Waiting For the Dome to Open at Beginning of Night
2017-11-29T11:18:41 [main.py:525 - <module>()] INFO: Waiting For the Dome to Open at Beginning of Night
2017-11-29T11:19:42 [main.py:525 - <module>()] INFO: Waiting For the Dome to Open at Beginning of Night
2017-11-29T11:20:42 [main.py:525 - <module>()] INFO: Waiting For the Dome to Open at Beginning of Night
2017-11-29T11:21:43 [main.py:525 - <module>()] INFO: Waiting For the Dome to Open at Beginning of Night
2017-11-29T11:22:43 [main.py:525 - <module>()] INFO: Waiting For the Dome to Open at Beginning of Night
2017-11-29T11:23:43 [main.py:525 - <module>()] INFO: Waiting For the Dome to Open at Beginning of Night
2017-11-29T11:24:44 [main.py:525 - <module>()] INFO: Waiting For the Dome to Open at Beginning of Night
2017-11-29T11:25:45 [main.py:525 - <module>()] INFO: Waiting For the Dome to Open at Beginning of Night
2017-11-29T11:26:45 [main.py:525 - <module>()] INFO: Waiting For the Dome to Open at Beginning of Night
2017-11-29T11:27:46 [main.py:525 - <module>()] INFO: Waiting For the Dome to Open at Beginning of Night
2017-11-29T11:28:46 [main.py:525 - <module>()] INFO: Waiting For the Dome to Open at Beginning of Night
2017-11-29T11:29:47 [main.py:525 - <module>()] INFO: Waiting For the Dome to Open at Beginning of Night
2017-11-29T11:30:47 [main.py:525 - <module>()] INFO: Waiting For the Dome to Open at Beginning of Night
2017-11-29T11:31:48 [main.py:525 - <module>()] INFO: Waiting For the Dome to Open at Beginning of Night
2017-11-29T11:32:48 [main.py:525 - <module>()] INFO: Waiting For the Dome to Open at Beginning of Night
2017-11-29T11:33:48 [main.py:525 - <module>()] INFO: Waiting For the Dome to Open at Beginning of Night
2017-11-29T11:34:49 [main.py:525 - <module>()] INFO: Waiting For the Dome to Open at Beginning of Night
2017-11-29T11:35:49 [main.py:525 - <module>()] INFO: Waiting For the Dome to Open at Beginning of Night
2017-11-29T11:36:50 [main.py:525 - <module>()] INFO: Waiting For the Dome to Open at Beginning of Night
2017-11-29T11:37:50 [main.py:525 - <module>()] INFO: Waiting For the Dome to Open at Beginning of Night
2017-11-29T11:38:50 [main.py:525 - <module>()] INFO: Waiting For the Dome to Open at Beginning of Night
2017-11-29T11:39:51 [main.py:525 - <module>()] INFO: Waiting For the Dome to Open at Beginning of Night
2017-11-29T11:40:51 [main.py:525 - <module>()] INFO: Waiting For the Dome to Open at Beginning of Night
2017-11-29T11:41:52 [main.py:525 - <module>()] INFO: Waiting For the Dome to Open at Beginning of Night
2017-11-29T11:42:52 [main.py:525 - <module>()] INFO: Waiting For the Dome to Open at Beginning of Night
2017-11-29T11:43:53 [main.py:525 - <module>()] INFO: Waiting For the Dome to Open at Beginning of Night
2017-11-29T11:44:53 [main.py:525 - <module>()] INFO: Waiting For the Dome to Open at Beginning of Night
2017-11-29T11:45:53 [main.py:525 - <module>()] INFO: Waiting For the Dome to Open at Beginning of Night
2017-11-29T11:46:54 [main.py:525 - <module>()] INFO: Waiting For the Dome to Open at Beginning of Night
2017-11-29T11:47:54 [main.py:525 - <module>()] INFO: Waiting For the Dome to Open at Beginning of Night
2017-11-29T11:48:55 [main.py:525 - <module>()] INFO: Waiting For the Dome to Open at Beginning of Night
2017-11-29T11:49:55 [main.py:525 - <module>()] INFO: Waiting For the Dome to Open at Beginning of Night
2017-11-29T11:50:56 [main.py:525 - <module>()] INFO: Waiting For the Dome to Open at Beginning of Night
2017-11-29T11:51:56 [main.py:525 - <module>()] INFO: Waiting For the Dome to Open at Beginning of Night
2017-11-29T11:52:57 [main.py:525 - <module>()] INFO: Waiting For the Dome to Open at Beginning of Night
2017-11-29T11:53:57 [main.py:525 - <module>()] INFO: Waiting For the Dome to Open at Beginning of Night
2017-11-29T11:54:58 [main.py:525 - <module>()] INFO: Waiting For the Dome to Open at Beginning of Night
2017-11-29T11:55:58 [main.py:525 - <module>()] INFO: Waiting For the Dome to Open at Beginning of Night
2017-11-29T11:56:58 [main.py:525 - <module>()] INFO: Waiting For the Dome to Open at Beginning of Night
2017-11-29T11:57:59 [main.py:525 - <module>()] INFO: Waiting For the Dome to Open at Beginning of Night
2017-11-29T11:58:59 [main.py:525 - <module>()] INFO: Waiting For the Dome to Open at Beginning of Night
2017-11-29T12:00:00 [main.py:525 - <module>()] INFO: Waiting For the Dome to Open at Beginning of Night
2017-11-29T12:01:00 [main.py:525 - <module>()] INFO: Waiting For the Dome to Open at Beginning of Night
2017-11-29T12:02:01 [main.py:525 - <module>()] INFO: Waiting For the Dome to Open at Beginning of Night
2017-11-29T12:03:01 [main.py:525 - <module>()] INFO: Waiting For the Dome to Open at Beginning of Night
2017-11-29T12:04:02 [main.py:525 - <module>()] INFO: Waiting For the Dome to Open at Beginning of Night
2017-11-29T12:05:02 [main.py:525 - <module>()] INFO: Waiting For the Dome to Open at Beginning of Night
2017-11-29T12:06:03 [main.py:525 - <module>()] INFO: Waiting For the Dome to Open at Beginning of Night
2017-11-29T12:07:03 [main.py:525 - <module>()] INFO: Waiting For the Dome to Open at Beginning of Night
2017-11-29T12:08:03 [main.py:525 - <module>()] INFO: Waiting For the Dome to Open at Beginning of Night
2017-11-29T12:09:04 [main.py:525 - <module>()] INFO: Waiting For the Dome to Open at Beginning of Night
2017-11-29T12:10:05 [main.py:525 - <module>()] INFO: Waiting For the Dome to Open at Beginning of Night
2017-11-29T12:11:05 [main.py:525 - <module>()] INFO: Waiting For the Dome to Open at Beginning of Night
2017-11-29T12:12:06 [main.py:525 - <module>()] INFO: Waiting For the Dome to Open at Beginning of Night
2017-11-29T12:13:06 [main.py:525 - <module>()] INFO: Waiting For the Dome to Open at Beginning of Night
2017-11-29T12:14:06 [main.py:525 - <module>()] INFO: Waiting For the Dome to Open at Beginning of Night
2017-11-29T12:15:07 [main.py:525 - <module>()] INFO: Waiting For the Dome to Open at Beginning of Night
2017-11-29T12:16:07 [main.py:525 - <module>()] INFO: Waiting For the Dome to Open at Beginning of Night
2017-11-29T12:17:08 [main.py:525 - <module>()] INFO: Waiting For the Dome to Open at Beginning of Night
2017-11-29T12:18:08 [main.py:525 - <module>()] INFO: Waiting For the Dome to Open at Beginning of Night
2017-11-29T12:19:09 [main.py:525 - <module>()] INFO: Waiting For the Dome to Open at Beginning of Night
2017-11-29T12:20:09 [main.py:525 - <module>()] INFO: Waiting For the Dome to Open at Beginning of Night
2017-11-29T12:21:10 [main.py:525 - <module>()] INFO: Waiting For the Dome to Open at Beginning of Night
2017-11-29T12:22:10 [main.py:525 - <module>()] INFO: Waiting For the Dome to Open at Beginning of Night
2017-11-29T12:23:11 [main.py:525 - <module>()] INFO: Waiting For the Dome to Open at Beginning of Night
2017-11-29T12:24:11 [main.py:525 - <module>()] INFO: Waiting For the Dome to Open at Beginning of Night
2017-11-29T12:25:12 [main.py:525 - <module>()] INFO: Waiting For the Dome to Open at Beginning of Night
2017-11-29T12:26:12 [main.py:525 - <module>()] INFO: Waiting For the Dome to Open at Beginning of Night
2017-11-29T12:27:12 [main.py:525 - <module>()] INFO: Waiting For the Dome to Open at Beginning of Night
2017-11-29T12:28:13 [main.py:525 - <module>()] INFO: Waiting For the Dome to Open at Beginning of Night
2017-11-29T12:29:13 [main.py:525 - <module>()] INFO: Waiting For the Dome to Open at Beginning of Night
2017-11-29T12:30:14 [main.py:525 - <module>()] INFO: Waiting For the Dome to Open at Beginning of Night
2017-11-29T12:31:14 [main.py:525 - <module>()] INFO: Waiting For the Dome to Open at Beginning of Night
2017-11-29T12:32:15 [main.py:525 - <module>()] INFO: Waiting For the Dome to Open at Beginning of Night
2017-11-29T12:33:15 [main.py:525 - <module>()] INFO: Waiting For the Dome to Open at Beginning of Night
2017-11-29T12:34:16 [main.py:525 - <module>()] INFO: Waiting For the Dome to Open at Beginning of Night
2017-11-29T12:35:16 [main.py:525 - <module>()] INFO: Waiting For the Dome to Open at Beginning of Night
2017-11-29T12:36:17 [main.py:525 - <module>()] INFO: Waiting For the Dome to Open at Beginning of Night
2017-11-29T12:37:17 [main.py:525 - <module>()] INFO: Waiting For the Dome to Open at Beginning of Night
2017-11-29T12:38:18 [main.py:525 - <module>()] INFO: Waiting For the Dome to Open at Beginning of Night
2017-11-29T12:39:18 [main.py:525 - <module>()] INFO: Waiting For the Dome to Open at Beginning of Night
2017-11-29T12:40:19 [main.py:525 - <module>()] INFO: Waiting For the Dome to Open at Beginning of Night
2017-11-29T12:41:19 [main.py:525 - <module>()] INFO: Waiting For the Dome to Open at Beginning of Night
2017-11-29T12:42:20 [main.py:525 - <module>()] INFO: Waiting For the Dome to Open at Beginning of Night
2017-11-29T12:43:20 [main.py:525 - <module>()] INFO: Waiting For the Dome to Open at Beginning of Night
2017-11-29T12:44:21 [main.py:525 - <module>()] INFO: Waiting For the Dome to Open at Beginning of Night
2017-11-29T12:45:22 [main.py:525 - <module>()] INFO: Waiting For the Dome to Open at Beginning of Night
2017-11-29T12:46:22 [main.py:525 - <module>()] INFO: Waiting For the Dome to Open at Beginning of Night
2017-11-29T12:47:23 [main.py:525 - <module>()] INFO: Waiting For the Dome to Open at Beginning of Night
2017-11-29T12:48:23 [main.py:525 - <module>()] INFO: Waiting For the Dome to Open at Beginning of Night
2017-11-29T12:49:24 [main.py:525 - <module>()] INFO: Waiting For the Dome to Open at Beginning of Night
2017-11-29T12:50:24 [main.py:525 - <module>()] INFO: Waiting For the Dome to Open at Beginning of Night
2017-11-29T12:51:25 [main.py:525 - <module>()] INFO: Waiting For the Dome to Open at Beginning of Night
2017-11-29T12:52:25 [main.py:525 - <module>()] INFO: Waiting For the Dome to Open at Beginning of Night
2017-11-29T12:53:26 [main.py:525 - <module>()] INFO: Waiting For the Dome to Open at Beginning of Night
2017-11-29T12:54:26 [main.py:525 - <module>()] INFO: Waiting For the Dome to Open at Beginning of Night
2017-11-29T12:55:27 [main.py:525 - <module>()] INFO: Waiting For the Dome to Open at Beginning of Night
2017-11-29T12:56:27 [main.py:525 - <module>()] INFO: Waiting For the Dome to Open at Beginning of Night
2017-11-29T12:57:28 [main.py:525 - <module>()] INFO: Waiting For the Dome to Open at Beginning of Night
2017-11-29T12:58:28 [main.py:525 - <module>()] INFO: Waiting For the Dome to Open at Beginning of Night
2017-11-29T12:58:28 [main.py:532 - <module>()] INFO: Past Nautical Twilight. Should close up
2017-11-29T12:58:28 [main.py:575 - <module>()] INFO: Parking Telescope (even if it never unparked)
2017-11-29T14:11:14 [<ipython-input-8-6a47ff33014e>:1 - <module>()] INFO: End Night
2017-11-29T14:11:14 [main.py:33 - endNight()] INFO: Parking/Disconnection from Telescope
