2018-02-20T00:45:32 [main.py:488 - <module>()] INFO: Waiting for sunset (1612.25151seconds)
2018-02-20T01:16:20 [main.py:499 - <module>()] INFO: Taking 30 Biases
2018-02-20T01:16:20 [main.py:163 - doDark()] INFO: Taking BIAS 1 of 30 (exptime = 0)
2018-02-20T01:16:20 [main.py:227 - takeImage()] INFO: Taking 0 second image
2018-02-20T01:16:22 [main.py:248 - takeImage()] INFO: Saving image: C:/camal/data/n20180220//0001BIAS.0.fits
2018-02-20T01:16:23 [main.py:163 - doDark()] INFO: Taking BIAS 2 of 30 (exptime = 0)
2018-02-20T01:16:23 [main.py:227 - takeImage()] INFO: Taking 0 second image
2018-02-20T01:16:25 [main.py:248 - takeImage()] INFO: Saving image: C:/camal/data/n20180220//0002BIAS.0.fits
2018-02-20T01:16:25 [main.py:163 - doDark()] INFO: Taking BIAS 3 of 30 (exptime = 0)
2018-02-20T01:16:25 [main.py:227 - takeImage()] INFO: Taking 0 second image
2018-02-20T01:16:27 [main.py:248 - takeImage()] INFO: Saving image: C:/camal/data/n20180220//0003BIAS.0.fits
2018-02-20T01:16:27 [main.py:163 - doDark()] INFO: Taking BIAS 4 of 30 (exptime = 0)
2018-02-20T01:16:27 [main.py:227 - takeImage()] INFO: Taking 0 second image
2018-02-20T01:16:29 [main.py:248 - takeImage()] INFO: Saving image: C:/camal/data/n20180220//0004BIAS.0.fits
2018-02-20T01:16:29 [main.py:163 - doDark()] INFO: Taking BIAS 5 of 30 (exptime = 0)
2018-02-20T01:16:29 [main.py:227 - takeImage()] INFO: Taking 0 second image
2018-02-20T01:16:32 [main.py:248 - takeImage()] INFO: Saving image: C:/camal/data/n20180220//0005BIAS.0.fits
2018-02-20T01:16:32 [main.py:163 - doDark()] INFO: Taking BIAS 6 of 30 (exptime = 0)
2018-02-20T01:16:32 [main.py:227 - takeImage()] INFO: Taking 0 second image
2018-02-20T01:16:34 [main.py:248 - takeImage()] INFO: Saving image: C:/camal/data/n20180220//0006BIAS.0.fits
2018-02-20T01:16:34 [main.py:163 - doDark()] INFO: Taking BIAS 7 of 30 (exptime = 0)
2018-02-20T01:16:34 [main.py:227 - takeImage()] INFO: Taking 0 second image
2018-02-20T01:16:36 [main.py:248 - takeImage()] INFO: Saving image: C:/camal/data/n20180220//0007BIAS.0.fits
2018-02-20T01:16:36 [main.py:163 - doDark()] INFO: Taking BIAS 8 of 30 (exptime = 0)
2018-02-20T01:16:36 [main.py:227 - takeImage()] INFO: Taking 0 second image
2018-02-20T01:16:39 [main.py:248 - takeImage()] INFO: Saving image: C:/camal/data/n20180220//0008BIAS.0.fits
2018-02-20T01:16:39 [main.py:163 - doDark()] INFO: Taking BIAS 9 of 30 (exptime = 0)
2018-02-20T01:16:39 [main.py:227 - takeImage()] INFO: Taking 0 second image
2018-02-20T01:16:41 [main.py:248 - takeImage()] INFO: Saving image: C:/camal/data/n20180220//0009BIAS.0.fits
2018-02-20T01:16:41 [main.py:163 - doDark()] INFO: Taking BIAS 10 of 30 (exptime = 0)
2018-02-20T01:16:41 [main.py:227 - takeImage()] INFO: Taking 0 second image
2018-02-20T01:16:43 [main.py:248 - takeImage()] INFO: Saving image: C:/camal/data/n20180220//0010BIAS.0.fits
2018-02-20T01:16:43 [main.py:163 - doDark()] INFO: Taking BIAS 11 of 30 (exptime = 0)
2018-02-20T01:16:43 [main.py:227 - takeImage()] INFO: Taking 0 second image
2018-02-20T01:16:45 [main.py:248 - takeImage()] INFO: Saving image: C:/camal/data/n20180220//0011BIAS.0.fits
2018-02-20T01:16:45 [main.py:163 - doDark()] INFO: Taking BIAS 12 of 30 (exptime = 0)
2018-02-20T01:16:45 [main.py:227 - takeImage()] INFO: Taking 0 second image
2018-02-20T01:16:48 [main.py:248 - takeImage()] INFO: Saving image: C:/camal/data/n20180220//0012BIAS.0.fits
2018-02-20T01:16:48 [main.py:163 - doDark()] INFO: Taking BIAS 13 of 30 (exptime = 0)
2018-02-20T01:16:48 [main.py:227 - takeImage()] INFO: Taking 0 second image
2018-02-20T01:16:50 [main.py:248 - takeImage()] INFO: Saving image: C:/camal/data/n20180220//0013BIAS.0.fits
2018-02-20T01:16:50 [main.py:163 - doDark()] INFO: Taking BIAS 14 of 30 (exptime = 0)
2018-02-20T01:16:50 [main.py:227 - takeImage()] INFO: Taking 0 second image
2018-02-20T01:16:51 [main.py:248 - takeImage()] INFO: Saving image: C:/camal/data/n20180220//0014BIAS.0.fits
2018-02-20T01:16:51 [main.py:163 - doDark()] INFO: Taking BIAS 15 of 30 (exptime = 0)
2018-02-20T01:16:51 [main.py:227 - takeImage()] INFO: Taking 0 second image
2018-02-20T01:16:54 [main.py:248 - takeImage()] INFO: Saving image: C:/camal/data/n20180220//0015BIAS.0.fits
2018-02-20T01:16:54 [main.py:163 - doDark()] INFO: Taking BIAS 16 of 30 (exptime = 0)
2018-02-20T01:16:54 [main.py:227 - takeImage()] INFO: Taking 0 second image
2018-02-20T01:16:56 [main.py:248 - takeImage()] INFO: Saving image: C:/camal/data/n20180220//0016BIAS.0.fits
2018-02-20T01:16:56 [main.py:163 - doDark()] INFO: Taking BIAS 17 of 30 (exptime = 0)
2018-02-20T01:16:56 [main.py:227 - takeImage()] INFO: Taking 0 second image
2018-02-20T01:16:58 [main.py:248 - takeImage()] INFO: Saving image: C:/camal/data/n20180220//0017BIAS.0.fits
2018-02-20T01:16:58 [main.py:163 - doDark()] INFO: Taking BIAS 18 of 30 (exptime = 0)
2018-02-20T01:16:58 [main.py:227 - takeImage()] INFO: Taking 0 second image
2018-02-20T01:17:01 [main.py:248 - takeImage()] INFO: Saving image: C:/camal/data/n20180220//0018BIAS.0.fits
2018-02-20T01:17:01 [main.py:163 - doDark()] INFO: Taking BIAS 19 of 30 (exptime = 0)
2018-02-20T01:17:01 [main.py:227 - takeImage()] INFO: Taking 0 second image
2018-02-20T01:17:03 [main.py:248 - takeImage()] INFO: Saving image: C:/camal/data/n20180220//0019BIAS.0.fits
2018-02-20T01:17:03 [main.py:163 - doDark()] INFO: Taking BIAS 20 of 30 (exptime = 0)
2018-02-20T01:17:03 [main.py:227 - takeImage()] INFO: Taking 0 second image
2018-02-20T01:17:05 [main.py:248 - takeImage()] INFO: Saving image: C:/camal/data/n20180220//0020BIAS.0.fits
2018-02-20T01:17:05 [main.py:163 - doDark()] INFO: Taking BIAS 21 of 30 (exptime = 0)
2018-02-20T01:17:05 [main.py:227 - takeImage()] INFO: Taking 0 second image
2018-02-20T01:17:07 [main.py:248 - takeImage()] INFO: Saving image: C:/camal/data/n20180220//0021BIAS.0.fits
2018-02-20T01:17:07 [main.py:163 - doDark()] INFO: Taking BIAS 22 of 30 (exptime = 0)
2018-02-20T01:17:07 [main.py:227 - takeImage()] INFO: Taking 0 second image
2018-02-20T01:17:10 [main.py:248 - takeImage()] INFO: Saving image: C:/camal/data/n20180220//0022BIAS.0.fits
2018-02-20T01:17:10 [main.py:163 - doDark()] INFO: Taking BIAS 23 of 30 (exptime = 0)
2018-02-20T01:17:10 [main.py:227 - takeImage()] INFO: Taking 0 second image
2018-02-20T01:17:11 [main.py:248 - takeImage()] INFO: Saving image: C:/camal/data/n20180220//0023BIAS.0.fits
2018-02-20T01:17:11 [main.py:163 - doDark()] INFO: Taking BIAS 24 of 30 (exptime = 0)
2018-02-20T01:17:11 [main.py:227 - takeImage()] INFO: Taking 0 second image
2018-02-20T01:17:13 [main.py:248 - takeImage()] INFO: Saving image: C:/camal/data/n20180220//0024BIAS.0.fits
2018-02-20T01:17:13 [main.py:163 - doDark()] INFO: Taking BIAS 25 of 30 (exptime = 0)
2018-02-20T01:17:13 [main.py:227 - takeImage()] INFO: Taking 0 second image
2018-02-20T01:17:16 [main.py:248 - takeImage()] INFO: Saving image: C:/camal/data/n20180220//0025BIAS.0.fits
2018-02-20T01:17:16 [main.py:163 - doDark()] INFO: Taking BIAS 26 of 30 (exptime = 0)
2018-02-20T01:17:16 [main.py:227 - takeImage()] INFO: Taking 0 second image
2018-02-20T01:17:18 [main.py:248 - takeImage()] INFO: Saving image: C:/camal/data/n20180220//0026BIAS.0.fits
2018-02-20T01:17:18 [main.py:163 - doDark()] INFO: Taking BIAS 27 of 30 (exptime = 0)
2018-02-20T01:17:18 [main.py:227 - takeImage()] INFO: Taking 0 second image
2018-02-20T01:17:20 [main.py:248 - takeImage()] INFO: Saving image: C:/camal/data/n20180220//0027BIAS.0.fits
2018-02-20T01:17:20 [main.py:163 - doDark()] INFO: Taking BIAS 28 of 30 (exptime = 0)
2018-02-20T01:17:20 [main.py:227 - takeImage()] INFO: Taking 0 second image
2018-02-20T01:17:23 [main.py:248 - takeImage()] INFO: Saving image: C:/camal/data/n20180220//0028BIAS.0.fits
2018-02-20T01:17:23 [main.py:163 - doDark()] INFO: Taking BIAS 29 of 30 (exptime = 0)
2018-02-20T01:17:23 [main.py:227 - takeImage()] INFO: Taking 0 second image
2018-02-20T01:17:24 [main.py:248 - takeImage()] INFO: Saving image: C:/camal/data/n20180220//0029BIAS.0.fits
2018-02-20T01:17:24 [main.py:163 - doDark()] INFO: Taking BIAS 30 of 30 (exptime = 0)
2018-02-20T01:17:24 [main.py:227 - takeImage()] INFO: Taking 0 second image
2018-02-20T01:17:26 [main.py:248 - takeImage()] INFO: Saving image: C:/camal/data/n20180220//0030BIAS.0.fits
2018-02-20T01:17:26 [main.py:505 - <module>()] INFO: Waiting for nautical twilight to end (2969.127196seconds)
2018-02-20T02:06:55 [main.py:510 - <module>()] INFO: Making Schedule
