2017-11-14T00:47:45 [main.py:499 - <module>()] INFO: Taking 30 Biases
2017-11-14T00:47:45 [main.py:163 - doDark()] INFO: Taking BIAS 1 of 30 (exptime = 0)
2017-11-14T00:47:45 [main.py:227 - takeImage()] INFO: Taking 0 second image
2017-11-14T00:47:48 [main.py:248 - takeImage()] INFO: Saving image: C:/camal/data/n20171114//0001BIAS.0.fits
2017-11-14T00:47:48 [main.py:163 - doDark()] INFO: Taking BIAS 2 of 30 (exptime = 0)
2017-11-14T00:47:48 [main.py:227 - takeImage()] INFO: Taking 0 second image
2017-11-14T00:47:49 [main.py:248 - takeImage()] INFO: Saving image: C:/camal/data/n20171114//0002BIAS.0.fits
2017-11-14T00:47:49 [main.py:163 - doDark()] INFO: Taking BIAS 3 of 30 (exptime = 0)
2017-11-14T00:47:49 [main.py:227 - takeImage()] INFO: Taking 0 second image
2017-11-14T00:47:50 [main.py:248 - takeImage()] INFO: Saving image: C:/camal/data/n20171114//0003BIAS.0.fits
2017-11-14T00:47:51 [main.py:163 - doDark()] INFO: Taking BIAS 4 of 30 (exptime = 0)
2017-11-14T00:47:51 [main.py:227 - takeImage()] INFO: Taking 0 second image
2017-11-14T00:47:53 [main.py:248 - takeImage()] INFO: Saving image: C:/camal/data/n20171114//0004BIAS.0.fits
2017-11-14T00:47:53 [main.py:163 - doDark()] INFO: Taking BIAS 5 of 30 (exptime = 0)
2017-11-14T00:47:53 [main.py:227 - takeImage()] INFO: Taking 0 second image
2017-11-14T00:47:54 [main.py:248 - takeImage()] INFO: Saving image: C:/camal/data/n20171114//0005BIAS.0.fits
2017-11-14T00:47:54 [main.py:163 - doDark()] INFO: Taking BIAS 6 of 30 (exptime = 0)
2017-11-14T00:47:54 [main.py:227 - takeImage()] INFO: Taking 0 second image
2017-11-14T00:47:56 [main.py:248 - takeImage()] INFO: Saving image: C:/camal/data/n20171114//0006BIAS.0.fits
2017-11-14T00:47:56 [main.py:163 - doDark()] INFO: Taking BIAS 7 of 30 (exptime = 0)
2017-11-14T00:47:56 [main.py:227 - takeImage()] INFO: Taking 0 second image
2017-11-14T00:47:57 [main.py:248 - takeImage()] INFO: Saving image: C:/camal/data/n20171114//0007BIAS.0.fits
2017-11-14T00:47:57 [main.py:163 - doDark()] INFO: Taking BIAS 8 of 30 (exptime = 0)
2017-11-14T00:47:57 [main.py:227 - takeImage()] INFO: Taking 0 second image
2017-11-14T00:47:58 [main.py:248 - takeImage()] INFO: Saving image: C:/camal/data/n20171114//0008BIAS.0.fits
2017-11-14T00:47:58 [main.py:163 - doDark()] INFO: Taking BIAS 9 of 30 (exptime = 0)
2017-11-14T00:47:58 [main.py:227 - takeImage()] INFO: Taking 0 second image
2017-11-14T00:48:00 [main.py:248 - takeImage()] INFO: Saving image: C:/camal/data/n20171114//0009BIAS.0.fits
2017-11-14T00:48:00 [main.py:163 - doDark()] INFO: Taking BIAS 10 of 30 (exptime = 0)
2017-11-14T00:48:00 [main.py:227 - takeImage()] INFO: Taking 0 second image
2017-11-14T00:48:01 [main.py:248 - takeImage()] INFO: Saving image: C:/camal/data/n20171114//0010BIAS.0.fits
2017-11-14T00:48:01 [main.py:163 - doDark()] INFO: Taking BIAS 11 of 30 (exptime = 0)
2017-11-14T00:48:01 [main.py:227 - takeImage()] INFO: Taking 0 second image
2017-11-14T00:48:02 [main.py:248 - takeImage()] INFO: Saving image: C:/camal/data/n20171114//0011BIAS.0.fits
2017-11-14T00:48:02 [main.py:163 - doDark()] INFO: Taking BIAS 12 of 30 (exptime = 0)
2017-11-14T00:48:02 [main.py:227 - takeImage()] INFO: Taking 0 second image
2017-11-14T00:48:04 [main.py:248 - takeImage()] INFO: Saving image: C:/camal/data/n20171114//0012BIAS.0.fits
2017-11-14T00:48:04 [main.py:163 - doDark()] INFO: Taking BIAS 13 of 30 (exptime = 0)
2017-11-14T00:48:04 [main.py:227 - takeImage()] INFO: Taking 0 second image
2017-11-14T00:48:05 [main.py:248 - takeImage()] INFO: Saving image: C:/camal/data/n20171114//0013BIAS.0.fits
2017-11-14T00:48:05 [main.py:163 - doDark()] INFO: Taking BIAS 14 of 30 (exptime = 0)
2017-11-14T00:48:05 [main.py:227 - takeImage()] INFO: Taking 0 second image
2017-11-14T00:48:06 [main.py:248 - takeImage()] INFO: Saving image: C:/camal/data/n20171114//0014BIAS.0.fits
2017-11-14T00:48:07 [main.py:163 - doDark()] INFO: Taking BIAS 15 of 30 (exptime = 0)
2017-11-14T00:48:07 [main.py:227 - takeImage()] INFO: Taking 0 second image
2017-11-14T00:48:08 [main.py:248 - takeImage()] INFO: Saving image: C:/camal/data/n20171114//0015BIAS.0.fits
2017-11-14T00:48:08 [main.py:163 - doDark()] INFO: Taking BIAS 16 of 30 (exptime = 0)
2017-11-14T00:48:08 [main.py:227 - takeImage()] INFO: Taking 0 second image
2017-11-14T00:48:09 [main.py:248 - takeImage()] INFO: Saving image: C:/camal/data/n20171114//0016BIAS.0.fits
2017-11-14T00:48:09 [main.py:163 - doDark()] INFO: Taking BIAS 17 of 30 (exptime = 0)
2017-11-14T00:48:09 [main.py:227 - takeImage()] INFO: Taking 0 second image
2017-11-14T00:48:11 [main.py:248 - takeImage()] INFO: Saving image: C:/camal/data/n20171114//0017BIAS.0.fits
2017-11-14T00:48:11 [main.py:163 - doDark()] INFO: Taking BIAS 18 of 30 (exptime = 0)
2017-11-14T00:48:11 [main.py:227 - takeImage()] INFO: Taking 0 second image
2017-11-14T00:48:12 [main.py:248 - takeImage()] INFO: Saving image: C:/camal/data/n20171114//0018BIAS.0.fits
2017-11-14T00:48:12 [main.py:163 - doDark()] INFO: Taking BIAS 19 of 30 (exptime = 0)
2017-11-14T00:48:12 [main.py:227 - takeImage()] INFO: Taking 0 second image
2017-11-14T00:48:13 [main.py:248 - takeImage()] INFO: Saving image: C:/camal/data/n20171114//0019BIAS.0.fits
2017-11-14T00:48:13 [main.py:163 - doDark()] INFO: Taking BIAS 20 of 30 (exptime = 0)
2017-11-14T00:48:13 [main.py:227 - takeImage()] INFO: Taking 0 second image
2017-11-14T00:48:15 [main.py:248 - takeImage()] INFO: Saving image: C:/camal/data/n20171114//0020BIAS.0.fits
2017-11-14T00:48:15 [main.py:163 - doDark()] INFO: Taking BIAS 21 of 30 (exptime = 0)
2017-11-14T00:48:15 [main.py:227 - takeImage()] INFO: Taking 0 second image
2017-11-14T00:48:16 [main.py:248 - takeImage()] INFO: Saving image: C:/camal/data/n20171114//0021BIAS.0.fits
2017-11-14T00:48:16 [main.py:163 - doDark()] INFO: Taking BIAS 22 of 30 (exptime = 0)
2017-11-14T00:48:16 [main.py:227 - takeImage()] INFO: Taking 0 second image
2017-11-14T00:48:18 [main.py:248 - takeImage()] INFO: Saving image: C:/camal/data/n20171114//0022BIAS.0.fits
2017-11-14T00:48:18 [main.py:163 - doDark()] INFO: Taking BIAS 23 of 30 (exptime = 0)
2017-11-14T00:48:18 [main.py:227 - takeImage()] INFO: Taking 0 second image
2017-11-14T00:48:19 [main.py:248 - takeImage()] INFO: Saving image: C:/camal/data/n20171114//0023BIAS.0.fits
2017-11-14T00:48:19 [main.py:163 - doDark()] INFO: Taking BIAS 24 of 30 (exptime = 0)
2017-11-14T00:48:19 [main.py:227 - takeImage()] INFO: Taking 0 second image
2017-11-14T00:48:20 [main.py:248 - takeImage()] INFO: Saving image: C:/camal/data/n20171114//0024BIAS.0.fits
2017-11-14T00:48:20 [main.py:163 - doDark()] INFO: Taking BIAS 25 of 30 (exptime = 0)
2017-11-14T00:48:20 [main.py:227 - takeImage()] INFO: Taking 0 second image
2017-11-14T00:48:22 [main.py:248 - takeImage()] INFO: Saving image: C:/camal/data/n20171114//0025BIAS.0.fits
2017-11-14T00:48:22 [main.py:163 - doDark()] INFO: Taking BIAS 26 of 30 (exptime = 0)
2017-11-14T00:48:22 [main.py:227 - takeImage()] INFO: Taking 0 second image
2017-11-14T00:48:23 [main.py:248 - takeImage()] INFO: Saving image: C:/camal/data/n20171114//0026BIAS.0.fits
2017-11-14T00:48:23 [main.py:163 - doDark()] INFO: Taking BIAS 27 of 30 (exptime = 0)
2017-11-14T00:48:23 [main.py:227 - takeImage()] INFO: Taking 0 second image
2017-11-14T00:48:24 [main.py:248 - takeImage()] INFO: Saving image: C:/camal/data/n20171114//0027BIAS.0.fits
2017-11-14T00:48:25 [main.py:163 - doDark()] INFO: Taking BIAS 28 of 30 (exptime = 0)
2017-11-14T00:48:25 [main.py:227 - takeImage()] INFO: Taking 0 second image
2017-11-14T00:48:26 [main.py:248 - takeImage()] INFO: Saving image: C:/camal/data/n20171114//0028BIAS.0.fits
2017-11-14T00:48:26 [main.py:163 - doDark()] INFO: Taking BIAS 29 of 30 (exptime = 0)
2017-11-14T00:48:26 [main.py:227 - takeImage()] INFO: Taking 0 second image
2017-11-14T00:48:27 [main.py:248 - takeImage()] INFO: Saving image: C:/camal/data/n20171114//0029BIAS.0.fits
2017-11-14T00:48:27 [main.py:163 - doDark()] INFO: Taking BIAS 30 of 30 (exptime = 0)
2017-11-14T00:48:27 [main.py:227 - takeImage()] INFO: Taking 0 second image
2017-11-14T00:48:29 [main.py:248 - takeImage()] INFO: Saving image: C:/camal/data/n20171114//0030BIAS.0.fits
2017-11-14T00:48:29 [main.py:505 - <module>()] INFO: Waiting for nautical twilight to end (1907.658668seconds)
2017-11-14T01:20:17 [main.py:510 - <module>()] INFO: Waiting For the Dome to Open at Beginning of Night
2017-11-14T01:21:17 [main.py:510 - <module>()] INFO: Waiting For the Dome to Open at Beginning of Night
2017-11-14T01:22:17 [main.py:510 - <module>()] INFO: Waiting For the Dome to Open at Beginning of Night
2017-11-14T01:23:18 [main.py:510 - <module>()] INFO: Waiting For the Dome to Open at Beginning of Night
2017-11-14T01:24:18 [main.py:510 - <module>()] INFO: Waiting For the Dome to Open at Beginning of Night
2017-11-14T01:25:18 [main.py:510 - <module>()] INFO: Waiting For the Dome to Open at Beginning of Night
2017-11-14T01:26:18 [main.py:510 - <module>()] INFO: Waiting For the Dome to Open at Beginning of Night
2017-11-14T01:27:19 [main.py:510 - <module>()] INFO: Waiting For the Dome to Open at Beginning of Night
2017-11-14T01:28:19 [main.py:510 - <module>()] INFO: Waiting For the Dome to Open at Beginning of Night
2017-11-14T01:29:19 [main.py:510 - <module>()] INFO: Waiting For the Dome to Open at Beginning of Night
2017-11-14T01:30:19 [main.py:510 - <module>()] INFO: Waiting For the Dome to Open at Beginning of Night
2017-11-14T01:31:20 [main.py:510 - <module>()] INFO: Waiting For the Dome to Open at Beginning of Night
2017-11-14T01:32:20 [main.py:510 - <module>()] INFO: Waiting For the Dome to Open at Beginning of Night
2017-11-14T01:33:20 [main.py:510 - <module>()] INFO: Waiting For the Dome to Open at Beginning of Night
2017-11-14T01:34:20 [main.py:510 - <module>()] INFO: Waiting For the Dome to Open at Beginning of Night
2017-11-14T01:35:21 [main.py:510 - <module>()] INFO: Waiting For the Dome to Open at Beginning of Night
2017-11-14T01:36:21 [main.py:510 - <module>()] INFO: Waiting For the Dome to Open at Beginning of Night
2017-11-14T01:37:21 [main.py:510 - <module>()] INFO: Waiting For the Dome to Open at Beginning of Night
2017-11-14T01:38:22 [main.py:510 - <module>()] INFO: Waiting For the Dome to Open at Beginning of Night
2017-11-14T01:39:22 [main.py:510 - <module>()] INFO: Waiting For the Dome to Open at Beginning of Night
2017-11-14T01:40:22 [main.py:510 - <module>()] INFO: Waiting For the Dome to Open at Beginning of Night
2017-11-14T01:41:22 [main.py:510 - <module>()] INFO: Waiting For the Dome to Open at Beginning of Night
2017-11-14T01:42:23 [main.py:510 - <module>()] INFO: Waiting For the Dome to Open at Beginning of Night
2017-11-14T01:43:23 [main.py:510 - <module>()] INFO: Waiting For the Dome to Open at Beginning of Night
2017-11-14T01:44:23 [main.py:510 - <module>()] INFO: Waiting For the Dome to Open at Beginning of Night
2017-11-14T01:45:23 [main.py:510 - <module>()] INFO: Waiting For the Dome to Open at Beginning of Night
2017-11-14T01:46:24 [main.py:510 - <module>()] INFO: Waiting For the Dome to Open at Beginning of Night
2017-11-14T01:47:24 [main.py:510 - <module>()] INFO: Waiting For the Dome to Open at Beginning of Night
2017-11-14T01:48:24 [main.py:510 - <module>()] INFO: Waiting For the Dome to Open at Beginning of Night
2017-11-14T01:49:24 [main.py:510 - <module>()] INFO: Waiting For the Dome to Open at Beginning of Night
2017-11-14T01:50:25 [main.py:510 - <module>()] INFO: Waiting For the Dome to Open at Beginning of Night
2017-11-14T01:51:25 [main.py:510 - <module>()] INFO: Waiting For the Dome to Open at Beginning of Night
2017-11-14T01:52:25 [main.py:510 - <module>()] INFO: Waiting For the Dome to Open at Beginning of Night
2017-11-14T01:53:25 [main.py:510 - <module>()] INFO: Waiting For the Dome to Open at Beginning of Night
2017-11-14T01:54:26 [main.py:510 - <module>()] INFO: Waiting For the Dome to Open at Beginning of Night
2017-11-14T01:55:26 [main.py:510 - <module>()] INFO: Waiting For the Dome to Open at Beginning of Night
2017-11-14T01:56:26 [main.py:510 - <module>()] INFO: Waiting For the Dome to Open at Beginning of Night
2017-11-14T01:57:26 [main.py:510 - <module>()] INFO: Waiting For the Dome to Open at Beginning of Night
2017-11-14T01:58:27 [main.py:510 - <module>()] INFO: Waiting For the Dome to Open at Beginning of Night
2017-11-14T01:59:27 [main.py:510 - <module>()] INFO: Waiting For the Dome to Open at Beginning of Night
2017-11-14T02:00:27 [main.py:510 - <module>()] INFO: Waiting For the Dome to Open at Beginning of Night
2017-11-14T02:01:27 [main.py:510 - <module>()] INFO: Waiting For the Dome to Open at Beginning of Night
2017-11-14T02:02:28 [main.py:510 - <module>()] INFO: Waiting For the Dome to Open at Beginning of Night
2017-11-14T02:03:28 [main.py:510 - <module>()] INFO: Waiting For the Dome to Open at Beginning of Night
2017-11-14T02:04:28 [main.py:510 - <module>()] INFO: Waiting For the Dome to Open at Beginning of Night
2017-11-14T02:05:28 [main.py:510 - <module>()] INFO: Waiting For the Dome to Open at Beginning of Night
2017-11-14T02:06:29 [main.py:510 - <module>()] INFO: Waiting For the Dome to Open at Beginning of Night
2017-11-14T02:07:29 [main.py:510 - <module>()] INFO: Waiting For the Dome to Open at Beginning of Night
2017-11-14T02:08:29 [main.py:510 - <module>()] INFO: Waiting For the Dome to Open at Beginning of Night
2017-11-14T02:09:29 [main.py:510 - <module>()] INFO: Waiting For the Dome to Open at Beginning of Night
2017-11-14T02:10:30 [main.py:510 - <module>()] INFO: Waiting For the Dome to Open at Beginning of Night
2017-11-14T02:11:30 [main.py:510 - <module>()] INFO: Waiting For the Dome to Open at Beginning of Night
2017-11-14T02:12:30 [main.py:510 - <module>()] INFO: Waiting For the Dome to Open at Beginning of Night
2017-11-14T02:13:31 [main.py:510 - <module>()] INFO: Waiting For the Dome to Open at Beginning of Night
2017-11-14T02:14:31 [main.py:510 - <module>()] INFO: Waiting For the Dome to Open at Beginning of Night
2017-11-14T02:15:31 [main.py:510 - <module>()] INFO: Waiting For the Dome to Open at Beginning of Night
2017-11-14T02:16:31 [main.py:510 - <module>()] INFO: Waiting For the Dome to Open at Beginning of Night
2017-11-14T02:17:32 [main.py:510 - <module>()] INFO: Waiting For the Dome to Open at Beginning of Night
2017-11-14T02:18:32 [main.py:510 - <module>()] INFO: Waiting For the Dome to Open at Beginning of Night
2017-11-14T02:19:32 [main.py:510 - <module>()] INFO: Waiting For the Dome to Open at Beginning of Night
2017-11-14T02:20:32 [main.py:510 - <module>()] INFO: Waiting For the Dome to Open at Beginning of Night
2017-11-14T02:21:33 [main.py:510 - <module>()] INFO: Waiting For the Dome to Open at Beginning of Night
2017-11-14T02:22:33 [main.py:510 - <module>()] INFO: Waiting For the Dome to Open at Beginning of Night
2017-11-14T02:23:33 [main.py:510 - <module>()] INFO: Waiting For the Dome to Open at Beginning of Night
2017-11-14T02:24:33 [main.py:510 - <module>()] INFO: Waiting For the Dome to Open at Beginning of Night
2017-11-14T02:25:34 [main.py:510 - <module>()] INFO: Waiting For the Dome to Open at Beginning of Night
2017-11-14T02:26:34 [main.py:510 - <module>()] INFO: Waiting For the Dome to Open at Beginning of Night
2017-11-14T02:27:34 [main.py:510 - <module>()] INFO: Waiting For the Dome to Open at Beginning of Night
2017-11-14T02:28:34 [main.py:510 - <module>()] INFO: Waiting For the Dome to Open at Beginning of Night
2017-11-14T02:29:35 [main.py:510 - <module>()] INFO: Waiting For the Dome to Open at Beginning of Night
2017-11-14T02:30:35 [main.py:510 - <module>()] INFO: Waiting For the Dome to Open at Beginning of Night
2017-11-14T02:31:35 [main.py:510 - <module>()] INFO: Waiting For the Dome to Open at Beginning of Night
2017-11-14T02:32:35 [main.py:510 - <module>()] INFO: Waiting For the Dome to Open at Beginning of Night
2017-11-14T02:33:36 [main.py:510 - <module>()] INFO: Waiting For the Dome to Open at Beginning of Night
2017-11-14T02:34:36 [main.py:510 - <module>()] INFO: Waiting For the Dome to Open at Beginning of Night
2017-11-14T02:35:36 [main.py:510 - <module>()] INFO: Waiting For the Dome to Open at Beginning of Night
2017-11-14T02:36:37 [main.py:510 - <module>()] INFO: Waiting For the Dome to Open at Beginning of Night
2017-11-14T02:37:37 [main.py:510 - <module>()] INFO: Waiting For the Dome to Open at Beginning of Night
2017-11-14T02:38:37 [main.py:510 - <module>()] INFO: Waiting For the Dome to Open at Beginning of Night
2017-11-14T02:39:37 [main.py:510 - <module>()] INFO: Waiting For the Dome to Open at Beginning of Night
2017-11-14T02:40:38 [main.py:510 - <module>()] INFO: Waiting For the Dome to Open at Beginning of Night
2017-11-14T02:41:38 [main.py:510 - <module>()] INFO: Waiting For the Dome to Open at Beginning of Night
2017-11-14T02:42:38 [main.py:510 - <module>()] INFO: Waiting For the Dome to Open at Beginning of Night
2017-11-14T02:43:38 [main.py:510 - <module>()] INFO: Waiting For the Dome to Open at Beginning of Night
2017-11-14T02:44:39 [main.py:510 - <module>()] INFO: Waiting For the Dome to Open at Beginning of Night
2017-11-14T02:45:39 [main.py:510 - <module>()] INFO: Waiting For the Dome to Open at Beginning of Night
2017-11-14T02:46:39 [main.py:510 - <module>()] INFO: Waiting For the Dome to Open at Beginning of Night
2017-11-14T02:47:39 [main.py:510 - <module>()] INFO: Waiting For the Dome to Open at Beginning of Night
2017-11-14T02:48:40 [main.py:510 - <module>()] INFO: Waiting For the Dome to Open at Beginning of Night
2017-11-14T02:49:40 [main.py:510 - <module>()] INFO: Waiting For the Dome to Open at Beginning of Night
2017-11-14T02:50:40 [main.py:510 - <module>()] INFO: Waiting For the Dome to Open at Beginning of Night
2017-11-14T02:51:40 [main.py:510 - <module>()] INFO: Waiting For the Dome to Open at Beginning of Night
2017-11-14T02:52:41 [main.py:510 - <module>()] INFO: Waiting For the Dome to Open at Beginning of Night
2017-11-14T02:53:41 [main.py:510 - <module>()] INFO: Waiting For the Dome to Open at Beginning of Night
2017-11-14T02:54:41 [main.py:510 - <module>()] INFO: Waiting For the Dome to Open at Beginning of Night
2017-11-14T02:55:41 [main.py:510 - <module>()] INFO: Waiting For the Dome to Open at Beginning of Night
2017-11-14T02:56:42 [main.py:510 - <module>()] INFO: Waiting For the Dome to Open at Beginning of Night
2017-11-14T02:57:42 [main.py:510 - <module>()] INFO: Waiting For the Dome to Open at Beginning of Night
2017-11-14T02:58:42 [main.py:510 - <module>()] INFO: Waiting For the Dome to Open at Beginning of Night
2017-11-14T02:59:43 [main.py:510 - <module>()] INFO: Waiting For the Dome to Open at Beginning of Night
2017-11-14T03:00:43 [main.py:510 - <module>()] INFO: Waiting For the Dome to Open at Beginning of Night
2017-11-14T03:01:43 [main.py:510 - <module>()] INFO: Waiting For the Dome to Open at Beginning of Night
2017-11-14T03:02:43 [main.py:510 - <module>()] INFO: Waiting For the Dome to Open at Beginning of Night
2017-11-14T03:03:44 [main.py:510 - <module>()] INFO: Waiting For the Dome to Open at Beginning of Night
2017-11-14T03:04:44 [main.py:510 - <module>()] INFO: Waiting For the Dome to Open at Beginning of Night
2017-11-14T03:05:44 [main.py:510 - <module>()] INFO: Waiting For the Dome to Open at Beginning of Night
2017-11-14T03:06:44 [main.py:510 - <module>()] INFO: Waiting For the Dome to Open at Beginning of Night
2017-11-14T03:07:45 [main.py:510 - <module>()] INFO: Waiting For the Dome to Open at Beginning of Night
2017-11-14T03:08:45 [main.py:510 - <module>()] INFO: Waiting For the Dome to Open at Beginning of Night
2017-11-14T03:09:45 [main.py:510 - <module>()] INFO: Waiting For the Dome to Open at Beginning of Night
2017-11-14T03:10:45 [main.py:510 - <module>()] INFO: Waiting For the Dome to Open at Beginning of Night
2017-11-14T03:11:46 [main.py:510 - <module>()] INFO: Waiting For the Dome to Open at Beginning of Night
2017-11-14T03:12:46 [main.py:510 - <module>()] INFO: Waiting For the Dome to Open at Beginning of Night
2017-11-14T03:13:46 [main.py:510 - <module>()] INFO: Waiting For the Dome to Open at Beginning of Night
2017-11-14T03:14:46 [main.py:510 - <module>()] INFO: Waiting For the Dome to Open at Beginning of Night
2017-11-14T03:15:47 [main.py:510 - <module>()] INFO: Waiting For the Dome to Open at Beginning of Night
2017-11-14T03:16:47 [main.py:510 - <module>()] INFO: Waiting For the Dome to Open at Beginning of Night
2017-11-14T03:17:47 [main.py:510 - <module>()] INFO: Waiting For the Dome to Open at Beginning of Night
2017-11-14T03:18:47 [main.py:510 - <module>()] INFO: Waiting For the Dome to Open at Beginning of Night
2017-11-14T03:19:48 [main.py:510 - <module>()] INFO: Waiting For the Dome to Open at Beginning of Night
2017-11-14T03:20:48 [main.py:510 - <module>()] INFO: Waiting For the Dome to Open at Beginning of Night
2017-11-14T03:21:48 [main.py:510 - <module>()] INFO: Waiting For the Dome to Open at Beginning of Night
2017-11-14T03:22:48 [main.py:510 - <module>()] INFO: Waiting For the Dome to Open at Beginning of Night
2017-11-14T03:23:49 [main.py:510 - <module>()] INFO: Waiting For the Dome to Open at Beginning of Night
2017-11-14T03:24:49 [main.py:510 - <module>()] INFO: Waiting For the Dome to Open at Beginning of Night
2017-11-14T03:25:49 [main.py:510 - <module>()] INFO: Waiting For the Dome to Open at Beginning of Night
2017-11-14T03:26:50 [main.py:510 - <module>()] INFO: Waiting For the Dome to Open at Beginning of Night
2017-11-14T03:27:50 [main.py:510 - <module>()] INFO: Waiting For the Dome to Open at Beginning of Night
2017-11-14T03:28:50 [main.py:510 - <module>()] INFO: Waiting For the Dome to Open at Beginning of Night
2017-11-14T03:29:50 [main.py:510 - <module>()] INFO: Waiting For the Dome to Open at Beginning of Night
2017-11-14T03:30:51 [main.py:510 - <module>()] INFO: Waiting For the Dome to Open at Beginning of Night
2017-11-14T03:31:51 [main.py:510 - <module>()] INFO: Waiting For the Dome to Open at Beginning of Night
2017-11-14T03:32:51 [main.py:510 - <module>()] INFO: Waiting For the Dome to Open at Beginning of Night
2017-11-14T03:33:51 [main.py:510 - <module>()] INFO: Waiting For the Dome to Open at Beginning of Night
2017-11-14T03:34:52 [main.py:510 - <module>()] INFO: Waiting For the Dome to Open at Beginning of Night
2017-11-14T03:35:52 [main.py:510 - <module>()] INFO: Waiting For the Dome to Open at Beginning of Night
2017-11-14T03:36:52 [main.py:510 - <module>()] INFO: Waiting For the Dome to Open at Beginning of Night
2017-11-14T03:37:52 [main.py:510 - <module>()] INFO: Waiting For the Dome to Open at Beginning of Night
2017-11-14T03:38:53 [main.py:510 - <module>()] INFO: Waiting For the Dome to Open at Beginning of Night
2017-11-14T03:39:53 [main.py:510 - <module>()] INFO: Waiting For the Dome to Open at Beginning of Night
2017-11-14T03:40:53 [main.py:510 - <module>()] INFO: Waiting For the Dome to Open at Beginning of Night
2017-11-14T03:41:53 [main.py:510 - <module>()] INFO: Waiting For the Dome to Open at Beginning of Night
2017-11-14T03:42:54 [main.py:510 - <module>()] INFO: Waiting For the Dome to Open at Beginning of Night
2017-11-14T03:43:54 [main.py:510 - <module>()] INFO: Waiting For the Dome to Open at Beginning of Night
2017-11-14T03:44:54 [main.py:510 - <module>()] INFO: Waiting For the Dome to Open at Beginning of Night
2017-11-14T03:45:55 [main.py:510 - <module>()] INFO: Waiting For the Dome to Open at Beginning of Night
2017-11-14T03:46:55 [main.py:510 - <module>()] INFO: Waiting For the Dome to Open at Beginning of Night
2017-11-14T03:47:55 [main.py:510 - <module>()] INFO: Waiting For the Dome to Open at Beginning of Night
2017-11-14T03:48:55 [main.py:510 - <module>()] INFO: Waiting For the Dome to Open at Beginning of Night
2017-11-14T03:49:56 [main.py:510 - <module>()] INFO: Waiting For the Dome to Open at Beginning of Night
2017-11-14T03:50:56 [main.py:510 - <module>()] INFO: Waiting For the Dome to Open at Beginning of Night
2017-11-14T03:51:56 [main.py:510 - <module>()] INFO: Waiting For the Dome to Open at Beginning of Night
2017-11-14T03:52:56 [main.py:510 - <module>()] INFO: Waiting For the Dome to Open at Beginning of Night
2017-11-14T03:53:57 [main.py:510 - <module>()] INFO: Waiting For the Dome to Open at Beginning of Night
2017-11-14T03:54:57 [main.py:510 - <module>()] INFO: Waiting For the Dome to Open at Beginning of Night
2017-11-14T03:55:57 [main.py:510 - <module>()] INFO: Waiting For the Dome to Open at Beginning of Night
2017-11-14T03:56:58 [main.py:510 - <module>()] INFO: Waiting For the Dome to Open at Beginning of Night
2017-11-14T03:57:58 [main.py:510 - <module>()] INFO: Waiting For the Dome to Open at Beginning of Night
2017-11-14T03:58:58 [main.py:510 - <module>()] INFO: Waiting For the Dome to Open at Beginning of Night
2017-11-14T03:59:58 [main.py:510 - <module>()] INFO: Waiting For the Dome to Open at Beginning of Night
2017-11-14T04:00:59 [main.py:510 - <module>()] INFO: Waiting For the Dome to Open at Beginning of Night
2017-11-14T04:01:59 [main.py:510 - <module>()] INFO: Waiting For the Dome to Open at Beginning of Night
2017-11-14T04:02:59 [main.py:510 - <module>()] INFO: Waiting For the Dome to Open at Beginning of Night
2017-11-14T04:03:59 [main.py:510 - <module>()] INFO: Waiting For the Dome to Open at Beginning of Night
2017-11-14T04:05:00 [main.py:510 - <module>()] INFO: Waiting For the Dome to Open at Beginning of Night
2017-11-14T04:06:00 [main.py:510 - <module>()] INFO: Waiting For the Dome to Open at Beginning of Night
2017-11-14T04:07:00 [main.py:510 - <module>()] INFO: Waiting For the Dome to Open at Beginning of Night
2017-11-14T04:08:00 [main.py:510 - <module>()] INFO: Waiting For the Dome to Open at Beginning of Night
2017-11-14T04:09:01 [main.py:510 - <module>()] INFO: Waiting For the Dome to Open at Beginning of Night
2017-11-14T04:10:01 [main.py:510 - <module>()] INFO: Waiting For the Dome to Open at Beginning of Night
2017-11-14T04:11:01 [main.py:510 - <module>()] INFO: Waiting For the Dome to Open at Beginning of Night
2017-11-14T04:12:01 [main.py:510 - <module>()] INFO: Waiting For the Dome to Open at Beginning of Night
2017-11-14T04:13:02 [main.py:510 - <module>()] INFO: Waiting For the Dome to Open at Beginning of Night
2017-11-14T04:14:02 [main.py:510 - <module>()] INFO: Waiting For the Dome to Open at Beginning of Night
2017-11-14T04:15:02 [main.py:510 - <module>()] INFO: Waiting For the Dome to Open at Beginning of Night
2017-11-14T04:16:02 [main.py:510 - <module>()] INFO: Waiting For the Dome to Open at Beginning of Night
2017-11-14T04:17:03 [main.py:510 - <module>()] INFO: Waiting For the Dome to Open at Beginning of Night
2017-11-14T04:18:03 [main.py:510 - <module>()] INFO: Waiting For the Dome to Open at Beginning of Night
2017-11-14T04:19:03 [main.py:510 - <module>()] INFO: Waiting For the Dome to Open at Beginning of Night
2017-11-14T04:20:03 [main.py:510 - <module>()] INFO: Waiting For the Dome to Open at Beginning of Night
2017-11-14T04:21:04 [main.py:510 - <module>()] INFO: Waiting For the Dome to Open at Beginning of Night
2017-11-14T04:22:04 [main.py:510 - <module>()] INFO: Waiting For the Dome to Open at Beginning of Night
2017-11-14T04:23:04 [main.py:510 - <module>()] INFO: Waiting For the Dome to Open at Beginning of Night
2017-11-14T04:24:05 [main.py:510 - <module>()] INFO: Waiting For the Dome to Open at Beginning of Night
2017-11-14T04:25:05 [main.py:510 - <module>()] INFO: Waiting For the Dome to Open at Beginning of Night
2017-11-14T04:26:05 [main.py:510 - <module>()] INFO: Waiting For the Dome to Open at Beginning of Night
2017-11-14T04:27:05 [main.py:510 - <module>()] INFO: Waiting For the Dome to Open at Beginning of Night
2017-11-14T04:28:06 [main.py:510 - <module>()] INFO: Waiting For the Dome to Open at Beginning of Night
2017-11-14T04:29:06 [main.py:510 - <module>()] INFO: Waiting For the Dome to Open at Beginning of Night
2017-11-14T04:30:06 [main.py:510 - <module>()] INFO: Waiting For the Dome to Open at Beginning of Night
2017-11-14T04:31:07 [main.py:510 - <module>()] INFO: Waiting For the Dome to Open at Beginning of Night
2017-11-14T04:32:07 [main.py:510 - <module>()] INFO: Waiting For the Dome to Open at Beginning of Night
2017-11-14T04:33:07 [main.py:510 - <module>()] INFO: Waiting For the Dome to Open at Beginning of Night
2017-11-14T04:34:07 [main.py:510 - <module>()] INFO: Waiting For the Dome to Open at Beginning of Night
2017-11-14T04:35:08 [main.py:510 - <module>()] INFO: Waiting For the Dome to Open at Beginning of Night
2017-11-14T04:36:08 [main.py:510 - <module>()] INFO: Waiting For the Dome to Open at Beginning of Night
2017-11-14T04:37:08 [main.py:510 - <module>()] INFO: Waiting For the Dome to Open at Beginning of Night
2017-11-14T04:38:08 [main.py:510 - <module>()] INFO: Waiting For the Dome to Open at Beginning of Night
2017-11-14T04:39:09 [main.py:510 - <module>()] INFO: Waiting For the Dome to Open at Beginning of Night
2017-11-14T04:40:09 [main.py:510 - <module>()] INFO: Waiting For the Dome to Open at Beginning of Night
2017-11-14T04:41:09 [main.py:510 - <module>()] INFO: Waiting For the Dome to Open at Beginning of Night
2017-11-14T04:42:10 [main.py:510 - <module>()] INFO: Waiting For the Dome to Open at Beginning of Night
2017-11-14T04:43:10 [main.py:510 - <module>()] INFO: Waiting For the Dome to Open at Beginning of Night
2017-11-14T04:44:10 [main.py:510 - <module>()] INFO: Waiting For the Dome to Open at Beginning of Night
2017-11-14T04:45:10 [main.py:510 - <module>()] INFO: Waiting For the Dome to Open at Beginning of Night
2017-11-14T04:46:11 [main.py:510 - <module>()] INFO: Waiting For the Dome to Open at Beginning of Night
2017-11-14T04:47:11 [main.py:510 - <module>()] INFO: Waiting For the Dome to Open at Beginning of Night
2017-11-14T04:48:11 [main.py:510 - <module>()] INFO: Waiting For the Dome to Open at Beginning of Night
2017-11-14T15:00:28 [main.py:510 - <module>()] INFO: Waiting For the Dome to Open at Beginning of Night
2017-11-14T15:00:28 [main.py:518 - <module>()] INFO: Making Schedule and initializing telescope
