2017-12-11T00:48:46 [main.py:499 - <module>()] INFO: Taking 30 Biases
2017-12-11T00:48:46 [main.py:163 - doDark()] INFO: Taking BIAS 1 of 30 (exptime = 0)
2017-12-11T00:48:46 [main.py:227 - takeImage()] INFO: Taking 0 second image
2017-12-11T00:48:48 [main.py:248 - takeImage()] INFO: Saving image: C:/camal/data/n20171211//0001BIAS.0.fits
2017-12-11T00:48:48 [main.py:163 - doDark()] INFO: Taking BIAS 2 of 30 (exptime = 0)
2017-12-11T00:48:48 [main.py:227 - takeImage()] INFO: Taking 0 second image
2017-12-11T00:48:50 [main.py:248 - takeImage()] INFO: Saving image: C:/camal/data/n20171211//0002BIAS.0.fits
2017-12-11T00:48:50 [main.py:163 - doDark()] INFO: Taking BIAS 3 of 30 (exptime = 0)
2017-12-11T00:48:50 [main.py:227 - takeImage()] INFO: Taking 0 second image
2017-12-11T00:48:51 [main.py:248 - takeImage()] INFO: Saving image: C:/camal/data/n20171211//0003BIAS.0.fits
2017-12-11T00:48:51 [main.py:163 - doDark()] INFO: Taking BIAS 4 of 30 (exptime = 0)
2017-12-11T00:48:51 [main.py:227 - takeImage()] INFO: Taking 0 second image
2017-12-11T00:48:52 [main.py:248 - takeImage()] INFO: Saving image: C:/camal/data/n20171211//0004BIAS.0.fits
2017-12-11T00:48:53 [main.py:163 - doDark()] INFO: Taking BIAS 5 of 30 (exptime = 0)
2017-12-11T00:48:53 [main.py:227 - takeImage()] INFO: Taking 0 second image
2017-12-11T00:48:54 [main.py:248 - takeImage()] INFO: Saving image: C:/camal/data/n20171211//0005BIAS.0.fits
2017-12-11T00:48:54 [main.py:163 - doDark()] INFO: Taking BIAS 6 of 30 (exptime = 0)
2017-12-11T00:48:54 [main.py:227 - takeImage()] INFO: Taking 0 second image
2017-12-11T00:48:55 [main.py:248 - takeImage()] INFO: Saving image: C:/camal/data/n20171211//0006BIAS.0.fits
2017-12-11T00:48:56 [main.py:163 - doDark()] INFO: Taking BIAS 7 of 30 (exptime = 0)
2017-12-11T00:48:56 [main.py:227 - takeImage()] INFO: Taking 0 second image
2017-12-11T00:48:57 [main.py:248 - takeImage()] INFO: Saving image: C:/camal/data/n20171211//0007BIAS.0.fits
2017-12-11T00:48:57 [main.py:163 - doDark()] INFO: Taking BIAS 8 of 30 (exptime = 0)
2017-12-11T00:48:57 [main.py:227 - takeImage()] INFO: Taking 0 second image
2017-12-11T00:48:58 [main.py:248 - takeImage()] INFO: Saving image: C:/camal/data/n20171211//0008BIAS.0.fits
2017-12-11T00:48:58 [main.py:163 - doDark()] INFO: Taking BIAS 9 of 30 (exptime = 0)
2017-12-11T00:48:58 [main.py:227 - takeImage()] INFO: Taking 0 second image
2017-12-11T00:49:00 [main.py:248 - takeImage()] INFO: Saving image: C:/camal/data/n20171211//0009BIAS.0.fits
2017-12-11T00:49:00 [main.py:163 - doDark()] INFO: Taking BIAS 10 of 30 (exptime = 0)
2017-12-11T00:49:00 [main.py:227 - takeImage()] INFO: Taking 0 second image
2017-12-11T00:49:01 [main.py:248 - takeImage()] INFO: Saving image: C:/camal/data/n20171211//0010BIAS.0.fits
2017-12-11T00:49:01 [main.py:163 - doDark()] INFO: Taking BIAS 11 of 30 (exptime = 0)
2017-12-11T00:49:01 [main.py:227 - takeImage()] INFO: Taking 0 second image
2017-12-11T00:49:03 [main.py:248 - takeImage()] INFO: Saving image: C:/camal/data/n20171211//0011BIAS.0.fits
2017-12-11T00:49:03 [main.py:163 - doDark()] INFO: Taking BIAS 12 of 30 (exptime = 0)
2017-12-11T00:49:03 [main.py:227 - takeImage()] INFO: Taking 0 second image
2017-12-11T00:49:04 [main.py:248 - takeImage()] INFO: Saving image: C:/camal/data/n20171211//0012BIAS.0.fits
2017-12-11T00:49:04 [main.py:163 - doDark()] INFO: Taking BIAS 13 of 30 (exptime = 0)
2017-12-11T00:49:04 [main.py:227 - takeImage()] INFO: Taking 0 second image
2017-12-11T00:49:05 [main.py:248 - takeImage()] INFO: Saving image: C:/camal/data/n20171211//0013BIAS.0.fits
2017-12-11T00:49:06 [main.py:163 - doDark()] INFO: Taking BIAS 14 of 30 (exptime = 0)
2017-12-11T00:49:06 [main.py:227 - takeImage()] INFO: Taking 0 second image
2017-12-11T00:49:07 [main.py:248 - takeImage()] INFO: Saving image: C:/camal/data/n20171211//0014BIAS.0.fits
2017-12-11T00:49:07 [main.py:163 - doDark()] INFO: Taking BIAS 15 of 30 (exptime = 0)
2017-12-11T00:49:07 [main.py:227 - takeImage()] INFO: Taking 0 second image
2017-12-11T00:49:08 [main.py:248 - takeImage()] INFO: Saving image: C:/camal/data/n20171211//0015BIAS.0.fits
2017-12-11T00:49:08 [main.py:163 - doDark()] INFO: Taking BIAS 16 of 30 (exptime = 0)
2017-12-11T00:49:08 [main.py:227 - takeImage()] INFO: Taking 0 second image
2017-12-11T00:49:10 [main.py:248 - takeImage()] INFO: Saving image: C:/camal/data/n20171211//0016BIAS.0.fits
2017-12-11T00:49:10 [main.py:163 - doDark()] INFO: Taking BIAS 17 of 30 (exptime = 0)
2017-12-11T00:49:10 [main.py:227 - takeImage()] INFO: Taking 0 second image
2017-12-11T00:49:11 [main.py:248 - takeImage()] INFO: Saving image: C:/camal/data/n20171211//0017BIAS.0.fits
2017-12-11T00:49:11 [main.py:163 - doDark()] INFO: Taking BIAS 18 of 30 (exptime = 0)
2017-12-11T00:49:11 [main.py:227 - takeImage()] INFO: Taking 0 second image
2017-12-11T00:49:13 [main.py:248 - takeImage()] INFO: Saving image: C:/camal/data/n20171211//0018BIAS.0.fits
2017-12-11T00:49:13 [main.py:163 - doDark()] INFO: Taking BIAS 19 of 30 (exptime = 0)
2017-12-11T00:49:13 [main.py:227 - takeImage()] INFO: Taking 0 second image
2017-12-11T00:49:14 [main.py:248 - takeImage()] INFO: Saving image: C:/camal/data/n20171211//0019BIAS.0.fits
2017-12-11T00:49:14 [main.py:163 - doDark()] INFO: Taking BIAS 20 of 30 (exptime = 0)
2017-12-11T00:49:14 [main.py:227 - takeImage()] INFO: Taking 0 second image
2017-12-11T00:49:15 [main.py:248 - takeImage()] INFO: Saving image: C:/camal/data/n20171211//0020BIAS.0.fits
2017-12-11T00:49:16 [main.py:163 - doDark()] INFO: Taking BIAS 21 of 30 (exptime = 0)
2017-12-11T00:49:16 [main.py:227 - takeImage()] INFO: Taking 0 second image
2017-12-11T00:49:17 [main.py:248 - takeImage()] INFO: Saving image: C:/camal/data/n20171211//0021BIAS.0.fits
2017-12-11T00:49:17 [main.py:163 - doDark()] INFO: Taking BIAS 22 of 30 (exptime = 0)
2017-12-11T00:49:17 [main.py:227 - takeImage()] INFO: Taking 0 second image
2017-12-11T00:49:18 [main.py:248 - takeImage()] INFO: Saving image: C:/camal/data/n20171211//0022BIAS.0.fits
2017-12-11T00:49:18 [main.py:163 - doDark()] INFO: Taking BIAS 23 of 30 (exptime = 0)
2017-12-11T00:49:18 [main.py:227 - takeImage()] INFO: Taking 0 second image
2017-12-11T00:49:20 [main.py:248 - takeImage()] INFO: Saving image: C:/camal/data/n20171211//0023BIAS.0.fits
2017-12-11T00:49:20 [main.py:163 - doDark()] INFO: Taking BIAS 24 of 30 (exptime = 0)
2017-12-11T00:49:20 [main.py:227 - takeImage()] INFO: Taking 0 second image
2017-12-11T00:49:21 [main.py:248 - takeImage()] INFO: Saving image: C:/camal/data/n20171211//0024BIAS.0.fits
2017-12-11T00:49:21 [main.py:163 - doDark()] INFO: Taking BIAS 25 of 30 (exptime = 0)
2017-12-11T00:49:21 [main.py:227 - takeImage()] INFO: Taking 0 second image
2017-12-11T00:49:22 [main.py:248 - takeImage()] INFO: Saving image: C:/camal/data/n20171211//0025BIAS.0.fits
2017-12-11T00:49:22 [main.py:163 - doDark()] INFO: Taking BIAS 26 of 30 (exptime = 0)
2017-12-11T00:49:22 [main.py:227 - takeImage()] INFO: Taking 0 second image
2017-12-11T00:49:24 [main.py:248 - takeImage()] INFO: Saving image: C:/camal/data/n20171211//0026BIAS.0.fits
2017-12-11T00:49:24 [main.py:163 - doDark()] INFO: Taking BIAS 27 of 30 (exptime = 0)
2017-12-11T00:49:24 [main.py:227 - takeImage()] INFO: Taking 0 second image
2017-12-11T00:49:25 [main.py:248 - takeImage()] INFO: Saving image: C:/camal/data/n20171211//0027BIAS.0.fits
2017-12-11T00:49:25 [main.py:163 - doDark()] INFO: Taking BIAS 28 of 30 (exptime = 0)
2017-12-11T00:49:25 [main.py:227 - takeImage()] INFO: Taking 0 second image
2017-12-11T00:49:27 [main.py:248 - takeImage()] INFO: Saving image: C:/camal/data/n20171211//0028BIAS.0.fits
2017-12-11T00:49:27 [main.py:163 - doDark()] INFO: Taking BIAS 29 of 30 (exptime = 0)
2017-12-11T00:49:27 [main.py:227 - takeImage()] INFO: Taking 0 second image
2017-12-11T00:49:28 [main.py:248 - takeImage()] INFO: Saving image: C:/camal/data/n20171211//0029BIAS.0.fits
2017-12-11T00:49:28 [main.py:163 - doDark()] INFO: Taking BIAS 30 of 30 (exptime = 0)
2017-12-11T00:49:28 [main.py:227 - takeImage()] INFO: Taking 0 second image
2017-12-11T00:49:30 [main.py:248 - takeImage()] INFO: Saving image: C:/camal/data/n20171211//0030BIAS.0.fits
2017-12-11T00:49:30 [main.py:505 - <module>()] INFO: Waiting for nautical twilight to end (1676.195277seconds)
2017-12-11T01:17:26 [main.py:510 - <module>()] INFO: Making Schedule
2017-12-11T01:17:34 [main.py:525 - <module>()] INFO: Waiting For the Dome to Open at Beginning of Night
2017-12-11T01:18:34 [main.py:525 - <module>()] INFO: Waiting For the Dome to Open at Beginning of Night
2017-12-11T01:19:35 [main.py:525 - <module>()] INFO: Waiting For the Dome to Open at Beginning of Night
2017-12-11T01:20:35 [main.py:525 - <module>()] INFO: Waiting For the Dome to Open at Beginning of Night
2017-12-11T01:21:35 [main.py:525 - <module>()] INFO: Waiting For the Dome to Open at Beginning of Night
2017-12-11T01:22:36 [main.py:525 - <module>()] INFO: Waiting For the Dome to Open at Beginning of Night
2017-12-11T01:23:36 [main.py:525 - <module>()] INFO: Waiting For the Dome to Open at Beginning of Night
2017-12-11T01:24:36 [main.py:525 - <module>()] INFO: Waiting For the Dome to Open at Beginning of Night
2017-12-11T01:25:36 [main.py:525 - <module>()] INFO: Waiting For the Dome to Open at Beginning of Night
2017-12-11T01:26:37 [main.py:525 - <module>()] INFO: Waiting For the Dome to Open at Beginning of Night
2017-12-11T01:27:37 [main.py:525 - <module>()] INFO: Waiting For the Dome to Open at Beginning of Night
2017-12-11T01:28:37 [main.py:525 - <module>()] INFO: Waiting For the Dome to Open at Beginning of Night
2017-12-11T01:29:38 [main.py:525 - <module>()] INFO: Waiting For the Dome to Open at Beginning of Night
2017-12-11T01:30:38 [main.py:525 - <module>()] INFO: Waiting For the Dome to Open at Beginning of Night
2017-12-11T01:31:38 [main.py:525 - <module>()] INFO: Waiting For the Dome to Open at Beginning of Night
2017-12-11T01:32:38 [main.py:525 - <module>()] INFO: Waiting For the Dome to Open at Beginning of Night
2017-12-11T01:33:39 [main.py:525 - <module>()] INFO: Waiting For the Dome to Open at Beginning of Night
2017-12-11T01:34:39 [main.py:525 - <module>()] INFO: Waiting For the Dome to Open at Beginning of Night
2017-12-11T01:35:39 [main.py:525 - <module>()] INFO: Waiting For the Dome to Open at Beginning of Night
2017-12-11T01:36:40 [main.py:525 - <module>()] INFO: Waiting For the Dome to Open at Beginning of Night
2017-12-11T01:37:40 [main.py:525 - <module>()] INFO: Waiting For the Dome to Open at Beginning of Night
2017-12-11T01:38:40 [main.py:525 - <module>()] INFO: Waiting For the Dome to Open at Beginning of Night
2017-12-11T01:39:40 [main.py:525 - <module>()] INFO: Waiting For the Dome to Open at Beginning of Night
2017-12-11T01:40:41 [main.py:525 - <module>()] INFO: Waiting For the Dome to Open at Beginning of Night
2017-12-11T01:41:41 [main.py:525 - <module>()] INFO: Waiting For the Dome to Open at Beginning of Night
2017-12-11T01:42:41 [main.py:525 - <module>()] INFO: Waiting For the Dome to Open at Beginning of Night
2017-12-11T01:43:42 [main.py:525 - <module>()] INFO: Waiting For the Dome to Open at Beginning of Night
2017-12-11T01:44:42 [main.py:525 - <module>()] INFO: Waiting For the Dome to Open at Beginning of Night
2017-12-11T01:45:42 [main.py:525 - <module>()] INFO: Waiting For the Dome to Open at Beginning of Night
2017-12-11T01:46:42 [main.py:525 - <module>()] INFO: Waiting For the Dome to Open at Beginning of Night
2017-12-11T01:47:43 [main.py:525 - <module>()] INFO: Waiting For the Dome to Open at Beginning of Night
2017-12-11T01:48:43 [main.py:525 - <module>()] INFO: Waiting For the Dome to Open at Beginning of Night
2017-12-11T01:49:43 [main.py:525 - <module>()] INFO: Waiting For the Dome to Open at Beginning of Night
2017-12-11T01:50:44 [main.py:525 - <module>()] INFO: Waiting For the Dome to Open at Beginning of Night
2017-12-11T01:51:44 [main.py:525 - <module>()] INFO: Waiting For the Dome to Open at Beginning of Night
2017-12-11T01:52:44 [main.py:525 - <module>()] INFO: Waiting For the Dome to Open at Beginning of Night
2017-12-11T01:53:44 [main.py:525 - <module>()] INFO: Waiting For the Dome to Open at Beginning of Night
2017-12-11T01:54:45 [main.py:525 - <module>()] INFO: Waiting For the Dome to Open at Beginning of Night
2017-12-11T01:55:45 [main.py:525 - <module>()] INFO: Waiting For the Dome to Open at Beginning of Night
2017-12-11T01:56:45 [main.py:525 - <module>()] INFO: Waiting For the Dome to Open at Beginning of Night
2017-12-11T01:57:46 [main.py:525 - <module>()] INFO: Waiting For the Dome to Open at Beginning of Night
2017-12-11T01:58:46 [main.py:525 - <module>()] INFO: Waiting For the Dome to Open at Beginning of Night
2017-12-11T01:59:46 [main.py:525 - <module>()] INFO: Waiting For the Dome to Open at Beginning of Night
2017-12-11T02:00:46 [main.py:525 - <module>()] INFO: Waiting For the Dome to Open at Beginning of Night
2017-12-11T02:01:47 [main.py:525 - <module>()] INFO: Waiting For the Dome to Open at Beginning of Night
2017-12-11T02:02:47 [main.py:525 - <module>()] INFO: Waiting For the Dome to Open at Beginning of Night
2017-12-11T02:03:47 [main.py:525 - <module>()] INFO: Waiting For the Dome to Open at Beginning of Night
2017-12-11T02:04:48 [main.py:525 - <module>()] INFO: Waiting For the Dome to Open at Beginning of Night
2017-12-11T02:05:48 [main.py:525 - <module>()] INFO: Waiting For the Dome to Open at Beginning of Night
2017-12-11T02:06:48 [main.py:525 - <module>()] INFO: Waiting For the Dome to Open at Beginning of Night
2017-12-11T02:07:48 [main.py:525 - <module>()] INFO: Waiting For the Dome to Open at Beginning of Night
2017-12-11T02:08:49 [main.py:525 - <module>()] INFO: Waiting For the Dome to Open at Beginning of Night
2017-12-11T02:09:49 [main.py:525 - <module>()] INFO: Waiting For the Dome to Open at Beginning of Night
2017-12-11T02:10:49 [main.py:525 - <module>()] INFO: Waiting For the Dome to Open at Beginning of Night
2017-12-11T02:11:50 [main.py:525 - <module>()] INFO: Waiting For the Dome to Open at Beginning of Night
2017-12-11T02:12:50 [main.py:525 - <module>()] INFO: Waiting For the Dome to Open at Beginning of Night
2017-12-11T02:13:50 [main.py:525 - <module>()] INFO: Waiting For the Dome to Open at Beginning of Night
2017-12-11T02:14:50 [main.py:525 - <module>()] INFO: Waiting For the Dome to Open at Beginning of Night
2017-12-11T02:15:51 [main.py:525 - <module>()] INFO: Waiting For the Dome to Open at Beginning of Night
2017-12-11T02:16:51 [main.py:525 - <module>()] INFO: Waiting For the Dome to Open at Beginning of Night
2017-12-11T02:17:51 [main.py:525 - <module>()] INFO: Waiting For the Dome to Open at Beginning of Night
2017-12-11T02:18:52 [main.py:525 - <module>()] INFO: Waiting For the Dome to Open at Beginning of Night
2017-12-11T02:19:52 [main.py:525 - <module>()] INFO: Waiting For the Dome to Open at Beginning of Night
2017-12-11T02:20:52 [main.py:525 - <module>()] INFO: Waiting For the Dome to Open at Beginning of Night
2017-12-11T02:21:53 [main.py:525 - <module>()] INFO: Waiting For the Dome to Open at Beginning of Night
2017-12-11T02:22:53 [main.py:525 - <module>()] INFO: Waiting For the Dome to Open at Beginning of Night
2017-12-11T02:23:53 [main.py:525 - <module>()] INFO: Waiting For the Dome to Open at Beginning of Night
2017-12-11T02:24:53 [main.py:525 - <module>()] INFO: Waiting For the Dome to Open at Beginning of Night
2017-12-11T02:25:54 [main.py:525 - <module>()] INFO: Waiting For the Dome to Open at Beginning of Night
2017-12-11T02:26:54 [main.py:525 - <module>()] INFO: Waiting For the Dome to Open at Beginning of Night
2017-12-11T02:27:54 [main.py:525 - <module>()] INFO: Waiting For the Dome to Open at Beginning of Night
2017-12-11T02:28:55 [main.py:525 - <module>()] INFO: Waiting For the Dome to Open at Beginning of Night
2017-12-11T02:29:55 [main.py:525 - <module>()] INFO: Waiting For the Dome to Open at Beginning of Night
2017-12-11T02:30:55 [main.py:525 - <module>()] INFO: Waiting For the Dome to Open at Beginning of Night
2017-12-11T02:31:55 [main.py:525 - <module>()] INFO: Waiting For the Dome to Open at Beginning of Night
2017-12-11T02:32:56 [main.py:525 - <module>()] INFO: Waiting For the Dome to Open at Beginning of Night
2017-12-11T02:33:56 [main.py:525 - <module>()] INFO: Waiting For the Dome to Open at Beginning of Night
2017-12-11T02:34:56 [main.py:525 - <module>()] INFO: Waiting For the Dome to Open at Beginning of Night
2017-12-11T02:35:57 [main.py:525 - <module>()] INFO: Waiting For the Dome to Open at Beginning of Night
2017-12-11T02:36:57 [main.py:525 - <module>()] INFO: Waiting For the Dome to Open at Beginning of Night
2017-12-11T02:37:57 [main.py:525 - <module>()] INFO: Waiting For the Dome to Open at Beginning of Night
2017-12-11T02:38:58 [main.py:525 - <module>()] INFO: Waiting For the Dome to Open at Beginning of Night
2017-12-11T02:39:58 [main.py:525 - <module>()] INFO: Waiting For the Dome to Open at Beginning of Night
2017-12-11T02:40:58 [main.py:525 - <module>()] INFO: Waiting For the Dome to Open at Beginning of Night
2017-12-11T02:41:58 [main.py:525 - <module>()] INFO: Waiting For the Dome to Open at Beginning of Night
2017-12-11T02:42:59 [main.py:525 - <module>()] INFO: Waiting For the Dome to Open at Beginning of Night
2017-12-11T02:43:59 [main.py:525 - <module>()] INFO: Waiting For the Dome to Open at Beginning of Night
2017-12-11T02:44:59 [main.py:525 - <module>()] INFO: Waiting For the Dome to Open at Beginning of Night
2017-12-11T02:46:00 [main.py:525 - <module>()] INFO: Waiting For the Dome to Open at Beginning of Night
2017-12-11T02:47:00 [main.py:525 - <module>()] INFO: Waiting For the Dome to Open at Beginning of Night
2017-12-11T02:48:00 [main.py:525 - <module>()] INFO: Waiting For the Dome to Open at Beginning of Night
2017-12-11T02:49:00 [main.py:525 - <module>()] INFO: Waiting For the Dome to Open at Beginning of Night
2017-12-11T02:50:01 [main.py:525 - <module>()] INFO: Waiting For the Dome to Open at Beginning of Night
2017-12-11T02:51:01 [main.py:525 - <module>()] INFO: Waiting For the Dome to Open at Beginning of Night
2017-12-11T02:52:01 [main.py:525 - <module>()] INFO: Waiting For the Dome to Open at Beginning of Night
2017-12-11T02:53:02 [main.py:525 - <module>()] INFO: Waiting For the Dome to Open at Beginning of Night
2017-12-11T02:54:02 [main.py:525 - <module>()] INFO: Waiting For the Dome to Open at Beginning of Night
2017-12-11T02:55:02 [main.py:525 - <module>()] INFO: Waiting For the Dome to Open at Beginning of Night
2017-12-11T02:56:02 [main.py:525 - <module>()] INFO: Waiting For the Dome to Open at Beginning of Night
2017-12-11T02:57:03 [main.py:525 - <module>()] INFO: Waiting For the Dome to Open at Beginning of Night
2017-12-11T02:58:03 [main.py:525 - <module>()] INFO: Waiting For the Dome to Open at Beginning of Night
2017-12-11T02:59:03 [main.py:525 - <module>()] INFO: Waiting For the Dome to Open at Beginning of Night
2017-12-11T03:00:04 [main.py:525 - <module>()] INFO: Waiting For the Dome to Open at Beginning of Night
2017-12-11T03:01:04 [main.py:525 - <module>()] INFO: Waiting For the Dome to Open at Beginning of Night
2017-12-11T03:02:04 [main.py:525 - <module>()] INFO: Waiting For the Dome to Open at Beginning of Night
2017-12-11T03:03:04 [main.py:525 - <module>()] INFO: Waiting For the Dome to Open at Beginning of Night
2017-12-11T03:04:05 [main.py:525 - <module>()] INFO: Waiting For the Dome to Open at Beginning of Night
2017-12-11T03:05:05 [main.py:525 - <module>()] INFO: Waiting For the Dome to Open at Beginning of Night
2017-12-11T03:06:05 [main.py:525 - <module>()] INFO: Waiting For the Dome to Open at Beginning of Night
2017-12-11T03:07:06 [main.py:525 - <module>()] INFO: Waiting For the Dome to Open at Beginning of Night
2017-12-11T03:08:06 [main.py:525 - <module>()] INFO: Waiting For the Dome to Open at Beginning of Night
2017-12-11T03:09:06 [main.py:525 - <module>()] INFO: Waiting For the Dome to Open at Beginning of Night
2017-12-11T03:10:06 [main.py:525 - <module>()] INFO: Waiting For the Dome to Open at Beginning of Night
2017-12-11T03:11:07 [main.py:525 - <module>()] INFO: Waiting For the Dome to Open at Beginning of Night
2017-12-11T03:12:07 [main.py:525 - <module>()] INFO: Waiting For the Dome to Open at Beginning of Night
2017-12-11T03:13:07 [main.py:525 - <module>()] INFO: Waiting For the Dome to Open at Beginning of Night
2017-12-11T03:14:08 [main.py:525 - <module>()] INFO: Waiting For the Dome to Open at Beginning of Night
2017-12-11T03:15:08 [main.py:525 - <module>()] INFO: Waiting For the Dome to Open at Beginning of Night
2017-12-11T03:16:08 [main.py:525 - <module>()] INFO: Waiting For the Dome to Open at Beginning of Night
2017-12-11T03:17:09 [main.py:525 - <module>()] INFO: Waiting For the Dome to Open at Beginning of Night
2017-12-11T03:18:09 [main.py:525 - <module>()] INFO: Waiting For the Dome to Open at Beginning of Night
2017-12-11T03:19:09 [main.py:525 - <module>()] INFO: Waiting For the Dome to Open at Beginning of Night
2017-12-11T03:20:09 [main.py:525 - <module>()] INFO: Waiting For the Dome to Open at Beginning of Night
2017-12-11T03:21:10 [main.py:525 - <module>()] INFO: Waiting For the Dome to Open at Beginning of Night
2017-12-11T03:22:10 [main.py:525 - <module>()] INFO: Waiting For the Dome to Open at Beginning of Night
2017-12-11T03:23:10 [main.py:525 - <module>()] INFO: Waiting For the Dome to Open at Beginning of Night
2017-12-11T03:24:11 [main.py:525 - <module>()] INFO: Waiting For the Dome to Open at Beginning of Night
2017-12-11T03:25:11 [main.py:525 - <module>()] INFO: Waiting For the Dome to Open at Beginning of Night
2017-12-11T03:26:11 [main.py:525 - <module>()] INFO: Waiting For the Dome to Open at Beginning of Night
2017-12-11T03:27:11 [main.py:525 - <module>()] INFO: Waiting For the Dome to Open at Beginning of Night
2017-12-11T03:28:12 [main.py:525 - <module>()] INFO: Waiting For the Dome to Open at Beginning of Night
2017-12-11T03:29:12 [main.py:525 - <module>()] INFO: Waiting For the Dome to Open at Beginning of Night
2017-12-11T03:30:12 [main.py:525 - <module>()] INFO: Waiting For the Dome to Open at Beginning of Night
2017-12-11T03:31:13 [main.py:525 - <module>()] INFO: Waiting For the Dome to Open at Beginning of Night
2017-12-11T03:32:13 [main.py:525 - <module>()] INFO: Waiting For the Dome to Open at Beginning of Night
2017-12-11T03:33:13 [main.py:525 - <module>()] INFO: Waiting For the Dome to Open at Beginning of Night
2017-12-11T03:34:14 [main.py:525 - <module>()] INFO: Waiting For the Dome to Open at Beginning of Night
2017-12-11T03:35:14 [main.py:525 - <module>()] INFO: Waiting For the Dome to Open at Beginning of Night
2017-12-11T03:36:14 [main.py:525 - <module>()] INFO: Waiting For the Dome to Open at Beginning of Night
2017-12-11T03:37:14 [main.py:525 - <module>()] INFO: Waiting For the Dome to Open at Beginning of Night
2017-12-11T03:38:15 [main.py:525 - <module>()] INFO: Waiting For the Dome to Open at Beginning of Night
2017-12-11T03:39:15 [main.py:525 - <module>()] INFO: Waiting For the Dome to Open at Beginning of Night
2017-12-11T03:40:15 [main.py:525 - <module>()] INFO: Waiting For the Dome to Open at Beginning of Night
2017-12-11T03:41:16 [main.py:525 - <module>()] INFO: Waiting For the Dome to Open at Beginning of Night
2017-12-11T03:42:16 [main.py:525 - <module>()] INFO: Waiting For the Dome to Open at Beginning of Night
2017-12-11T03:43:16 [main.py:525 - <module>()] INFO: Waiting For the Dome to Open at Beginning of Night
2017-12-11T03:44:16 [main.py:525 - <module>()] INFO: Waiting For the Dome to Open at Beginning of Night
2017-12-11T03:45:17 [main.py:525 - <module>()] INFO: Waiting For the Dome to Open at Beginning of Night
2017-12-11T03:46:17 [main.py:525 - <module>()] INFO: Waiting For the Dome to Open at Beginning of Night
2017-12-11T03:47:17 [main.py:525 - <module>()] INFO: Waiting For the Dome to Open at Beginning of Night
2017-12-11T03:48:18 [main.py:525 - <module>()] INFO: Waiting For the Dome to Open at Beginning of Night
2017-12-11T03:49:18 [main.py:525 - <module>()] INFO: Waiting For the Dome to Open at Beginning of Night
2017-12-11T03:50:18 [main.py:525 - <module>()] INFO: Waiting For the Dome to Open at Beginning of Night
2017-12-11T03:51:18 [main.py:525 - <module>()] INFO: Waiting For the Dome to Open at Beginning of Night
2017-12-11T03:52:19 [main.py:525 - <module>()] INFO: Waiting For the Dome to Open at Beginning of Night
2017-12-11T03:53:19 [main.py:525 - <module>()] INFO: Waiting For the Dome to Open at Beginning of Night
2017-12-11T03:54:19 [main.py:525 - <module>()] INFO: Waiting For the Dome to Open at Beginning of Night
2017-12-11T03:55:20 [main.py:525 - <module>()] INFO: Waiting For the Dome to Open at Beginning of Night
2017-12-11T03:56:20 [main.py:525 - <module>()] INFO: Waiting For the Dome to Open at Beginning of Night
2017-12-11T03:57:20 [main.py:525 - <module>()] INFO: Waiting For the Dome to Open at Beginning of Night
2017-12-11T03:58:21 [main.py:525 - <module>()] INFO: Waiting For the Dome to Open at Beginning of Night
2017-12-11T03:59:21 [main.py:525 - <module>()] INFO: Waiting For the Dome to Open at Beginning of Night
2017-12-11T04:00:21 [main.py:525 - <module>()] INFO: Waiting For the Dome to Open at Beginning of Night
2017-12-11T04:01:21 [main.py:525 - <module>()] INFO: Waiting For the Dome to Open at Beginning of Night
2017-12-11T04:02:22 [main.py:525 - <module>()] INFO: Waiting For the Dome to Open at Beginning of Night
2017-12-11T04:03:22 [main.py:525 - <module>()] INFO: Waiting For the Dome to Open at Beginning of Night
2017-12-11T04:04:22 [main.py:525 - <module>()] INFO: Waiting For the Dome to Open at Beginning of Night
2017-12-11T04:05:23 [main.py:525 - <module>()] INFO: Waiting For the Dome to Open at Beginning of Night
2017-12-11T04:06:23 [main.py:525 - <module>()] INFO: Waiting For the Dome to Open at Beginning of Night
2017-12-11T04:07:23 [main.py:525 - <module>()] INFO: Waiting For the Dome to Open at Beginning of Night
2017-12-11T04:08:23 [main.py:525 - <module>()] INFO: Waiting For the Dome to Open at Beginning of Night
2017-12-11T04:09:24 [main.py:525 - <module>()] INFO: Waiting For the Dome to Open at Beginning of Night
2017-12-11T04:10:24 [main.py:525 - <module>()] INFO: Waiting For the Dome to Open at Beginning of Night
2017-12-11T04:11:24 [main.py:525 - <module>()] INFO: Waiting For the Dome to Open at Beginning of Night
2017-12-11T04:12:25 [main.py:525 - <module>()] INFO: Waiting For the Dome to Open at Beginning of Night
2017-12-11T04:13:25 [main.py:525 - <module>()] INFO: Waiting For the Dome to Open at Beginning of Night
2017-12-11T04:14:25 [main.py:525 - <module>()] INFO: Waiting For the Dome to Open at Beginning of Night
2017-12-11T04:15:25 [main.py:525 - <module>()] INFO: Waiting For the Dome to Open at Beginning of Night
2017-12-11T04:16:26 [main.py:525 - <module>()] INFO: Waiting For the Dome to Open at Beginning of Night
2017-12-11T04:17:26 [main.py:525 - <module>()] INFO: Waiting For the Dome to Open at Beginning of Night
2017-12-11T04:18:26 [main.py:525 - <module>()] INFO: Waiting For the Dome to Open at Beginning of Night
2017-12-11T04:19:27 [main.py:525 - <module>()] INFO: Waiting For the Dome to Open at Beginning of Night
2017-12-11T04:20:27 [main.py:525 - <module>()] INFO: Waiting For the Dome to Open at Beginning of Night
2017-12-11T04:21:27 [main.py:525 - <module>()] INFO: Waiting For the Dome to Open at Beginning of Night
2017-12-11T04:22:27 [main.py:525 - <module>()] INFO: Waiting For the Dome to Open at Beginning of Night
2017-12-11T04:23:28 [main.py:525 - <module>()] INFO: Waiting For the Dome to Open at Beginning of Night
2017-12-11T04:24:28 [main.py:525 - <module>()] INFO: Waiting For the Dome to Open at Beginning of Night
2017-12-11T04:25:28 [main.py:525 - <module>()] INFO: Waiting For the Dome to Open at Beginning of Night
2017-12-11T04:26:29 [main.py:525 - <module>()] INFO: Waiting For the Dome to Open at Beginning of Night
2017-12-11T04:27:29 [main.py:525 - <module>()] INFO: Waiting For the Dome to Open at Beginning of Night
2017-12-11T04:28:29 [main.py:525 - <module>()] INFO: Waiting For the Dome to Open at Beginning of Night
2017-12-11T04:29:30 [main.py:525 - <module>()] INFO: Waiting For the Dome to Open at Beginning of Night
2017-12-11T04:30:30 [main.py:525 - <module>()] INFO: Waiting For the Dome to Open at Beginning of Night
2017-12-11T04:31:30 [main.py:525 - <module>()] INFO: Waiting For the Dome to Open at Beginning of Night
2017-12-11T04:32:30 [main.py:525 - <module>()] INFO: Waiting For the Dome to Open at Beginning of Night
2017-12-11T04:33:31 [main.py:525 - <module>()] INFO: Waiting For the Dome to Open at Beginning of Night
2017-12-11T04:34:31 [main.py:525 - <module>()] INFO: Waiting For the Dome to Open at Beginning of Night
2017-12-11T04:35:31 [main.py:525 - <module>()] INFO: Waiting For the Dome to Open at Beginning of Night
2017-12-11T04:36:32 [main.py:525 - <module>()] INFO: Waiting For the Dome to Open at Beginning of Night
2017-12-11T04:37:32 [main.py:525 - <module>()] INFO: Waiting For the Dome to Open at Beginning of Night
2017-12-11T04:38:32 [main.py:525 - <module>()] INFO: Waiting For the Dome to Open at Beginning of Night
2017-12-11T04:39:32 [main.py:525 - <module>()] INFO: Waiting For the Dome to Open at Beginning of Night
2017-12-11T04:40:33 [main.py:525 - <module>()] INFO: Waiting For the Dome to Open at Beginning of Night
2017-12-11T04:41:33 [main.py:525 - <module>()] INFO: Waiting For the Dome to Open at Beginning of Night
2017-12-11T04:42:33 [main.py:525 - <module>()] INFO: Waiting For the Dome to Open at Beginning of Night
2017-12-11T04:43:34 [main.py:525 - <module>()] INFO: Waiting For the Dome to Open at Beginning of Night
2017-12-11T04:44:34 [main.py:525 - <module>()] INFO: Waiting For the Dome to Open at Beginning of Night
2017-12-11T04:45:34 [main.py:525 - <module>()] INFO: Waiting For the Dome to Open at Beginning of Night
2017-12-11T04:46:34 [main.py:525 - <module>()] INFO: Waiting For the Dome to Open at Beginning of Night
2017-12-11T04:47:35 [main.py:525 - <module>()] INFO: Waiting For the Dome to Open at Beginning of Night
2017-12-11T04:48:35 [main.py:525 - <module>()] INFO: Waiting For the Dome to Open at Beginning of Night
2017-12-11T04:49:35 [main.py:525 - <module>()] INFO: Waiting For the Dome to Open at Beginning of Night
2017-12-11T04:50:36 [main.py:525 - <module>()] INFO: Waiting For the Dome to Open at Beginning of Night
2017-12-11T04:51:36 [main.py:525 - <module>()] INFO: Waiting For the Dome to Open at Beginning of Night
2017-12-11T04:52:36 [main.py:525 - <module>()] INFO: Waiting For the Dome to Open at Beginning of Night
2017-12-11T04:53:37 [main.py:525 - <module>()] INFO: Waiting For the Dome to Open at Beginning of Night
2017-12-11T04:54:37 [main.py:525 - <module>()] INFO: Waiting For the Dome to Open at Beginning of Night
2017-12-11T04:55:37 [main.py:525 - <module>()] INFO: Waiting For the Dome to Open at Beginning of Night
2017-12-11T04:56:37 [main.py:525 - <module>()] INFO: Waiting For the Dome to Open at Beginning of Night
2017-12-11T04:57:38 [main.py:525 - <module>()] INFO: Waiting For the Dome to Open at Beginning of Night
2017-12-11T04:58:38 [main.py:525 - <module>()] INFO: Waiting For the Dome to Open at Beginning of Night
2017-12-11T04:59:38 [main.py:525 - <module>()] INFO: Waiting For the Dome to Open at Beginning of Night
2017-12-11T05:00:39 [main.py:525 - <module>()] INFO: Waiting For the Dome to Open at Beginning of Night
2017-12-11T05:01:39 [main.py:525 - <module>()] INFO: Waiting For the Dome to Open at Beginning of Night
2017-12-11T05:02:39 [main.py:525 - <module>()] INFO: Waiting For the Dome to Open at Beginning of Night
2017-12-11T05:03:40 [main.py:525 - <module>()] INFO: Waiting For the Dome to Open at Beginning of Night
2017-12-11T05:04:40 [main.py:525 - <module>()] INFO: Waiting For the Dome to Open at Beginning of Night
2017-12-11T05:05:40 [main.py:525 - <module>()] INFO: Waiting For the Dome to Open at Beginning of Night
2017-12-11T05:06:40 [main.py:525 - <module>()] INFO: Waiting For the Dome to Open at Beginning of Night
2017-12-11T05:07:41 [main.py:525 - <module>()] INFO: Waiting For the Dome to Open at Beginning of Night
2017-12-11T05:08:41 [main.py:525 - <module>()] INFO: Waiting For the Dome to Open at Beginning of Night
2017-12-11T05:09:41 [main.py:525 - <module>()] INFO: Waiting For the Dome to Open at Beginning of Night
2017-12-11T05:10:41 [main.py:525 - <module>()] INFO: Waiting For the Dome to Open at Beginning of Night
2017-12-11T05:11:42 [main.py:525 - <module>()] INFO: Waiting For the Dome to Open at Beginning of Night
2017-12-11T05:12:42 [main.py:525 - <module>()] INFO: Waiting For the Dome to Open at Beginning of Night
2017-12-11T05:13:42 [main.py:525 - <module>()] INFO: Waiting For the Dome to Open at Beginning of Night
2017-12-11T05:14:43 [main.py:525 - <module>()] INFO: Waiting For the Dome to Open at Beginning of Night
2017-12-11T05:15:43 [main.py:525 - <module>()] INFO: Waiting For the Dome to Open at Beginning of Night
2017-12-11T05:16:43 [main.py:525 - <module>()] INFO: Waiting For the Dome to Open at Beginning of Night
2017-12-11T05:17:43 [main.py:525 - <module>()] INFO: Waiting For the Dome to Open at Beginning of Night
2017-12-11T05:18:44 [main.py:525 - <module>()] INFO: Waiting For the Dome to Open at Beginning of Night
2017-12-11T05:19:44 [main.py:525 - <module>()] INFO: Waiting For the Dome to Open at Beginning of Night
2017-12-11T05:20:44 [main.py:525 - <module>()] INFO: Waiting For the Dome to Open at Beginning of Night
2017-12-11T05:21:45 [main.py:525 - <module>()] INFO: Waiting For the Dome to Open at Beginning of Night
2017-12-11T05:22:45 [main.py:525 - <module>()] INFO: Waiting For the Dome to Open at Beginning of Night
2017-12-11T05:23:45 [main.py:525 - <module>()] INFO: Waiting For the Dome to Open at Beginning of Night
2017-12-11T05:24:46 [main.py:525 - <module>()] INFO: Waiting For the Dome to Open at Beginning of Night
2017-12-11T05:25:46 [main.py:525 - <module>()] INFO: Waiting For the Dome to Open at Beginning of Night
2017-12-11T05:26:46 [main.py:525 - <module>()] INFO: Waiting For the Dome to Open at Beginning of Night
2017-12-11T05:27:46 [main.py:525 - <module>()] INFO: Waiting For the Dome to Open at Beginning of Night
2017-12-11T05:28:47 [main.py:525 - <module>()] INFO: Waiting For the Dome to Open at Beginning of Night
2017-12-11T05:29:47 [main.py:525 - <module>()] INFO: Waiting For the Dome to Open at Beginning of Night
2017-12-11T05:30:47 [main.py:525 - <module>()] INFO: Waiting For the Dome to Open at Beginning of Night
2017-12-11T05:31:48 [main.py:525 - <module>()] INFO: Waiting For the Dome to Open at Beginning of Night
2017-12-11T05:32:48 [main.py:525 - <module>()] INFO: Waiting For the Dome to Open at Beginning of Night
2017-12-11T05:33:48 [main.py:525 - <module>()] INFO: Waiting For the Dome to Open at Beginning of Night
2017-12-11T05:34:48 [main.py:525 - <module>()] INFO: Waiting For the Dome to Open at Beginning of Night
2017-12-11T05:35:49 [main.py:525 - <module>()] INFO: Waiting For the Dome to Open at Beginning of Night
2017-12-11T05:36:49 [main.py:525 - <module>()] INFO: Waiting For the Dome to Open at Beginning of Night
2017-12-11T05:37:49 [main.py:525 - <module>()] INFO: Waiting For the Dome to Open at Beginning of Night
2017-12-11T05:38:50 [main.py:525 - <module>()] INFO: Waiting For the Dome to Open at Beginning of Night
2017-12-11T05:39:50 [main.py:525 - <module>()] INFO: Waiting For the Dome to Open at Beginning of Night
2017-12-11T05:40:50 [main.py:525 - <module>()] INFO: Waiting For the Dome to Open at Beginning of Night
2017-12-11T05:41:51 [main.py:525 - <module>()] INFO: Waiting For the Dome to Open at Beginning of Night
2017-12-11T05:42:51 [main.py:525 - <module>()] INFO: Waiting For the Dome to Open at Beginning of Night
2017-12-11T05:43:51 [main.py:525 - <module>()] INFO: Waiting For the Dome to Open at Beginning of Night
2017-12-11T05:44:52 [main.py:525 - <module>()] INFO: Waiting For the Dome to Open at Beginning of Night
2017-12-11T05:45:52 [main.py:525 - <module>()] INFO: Waiting For the Dome to Open at Beginning of Night
2017-12-11T05:46:52 [main.py:525 - <module>()] INFO: Waiting For the Dome to Open at Beginning of Night
2017-12-11T05:47:52 [main.py:525 - <module>()] INFO: Waiting For the Dome to Open at Beginning of Night
2017-12-11T05:48:53 [main.py:525 - <module>()] INFO: Waiting For the Dome to Open at Beginning of Night
2017-12-11T05:49:53 [main.py:525 - <module>()] INFO: Waiting For the Dome to Open at Beginning of Night
2017-12-11T05:50:53 [main.py:525 - <module>()] INFO: Waiting For the Dome to Open at Beginning of Night
2017-12-11T05:51:54 [main.py:525 - <module>()] INFO: Waiting For the Dome to Open at Beginning of Night
2017-12-11T05:52:54 [main.py:525 - <module>()] INFO: Waiting For the Dome to Open at Beginning of Night
2017-12-11T05:53:54 [main.py:525 - <module>()] INFO: Waiting For the Dome to Open at Beginning of Night
2017-12-11T05:54:54 [main.py:525 - <module>()] INFO: Waiting For the Dome to Open at Beginning of Night
2017-12-11T05:55:55 [main.py:525 - <module>()] INFO: Waiting For the Dome to Open at Beginning of Night
2017-12-11T05:56:55 [main.py:525 - <module>()] INFO: Waiting For the Dome to Open at Beginning of Night
2017-12-11T05:57:55 [main.py:525 - <module>()] INFO: Waiting For the Dome to Open at Beginning of Night
2017-12-11T05:58:56 [main.py:525 - <module>()] INFO: Waiting For the Dome to Open at Beginning of Night
2017-12-11T05:59:56 [main.py:525 - <module>()] INFO: Waiting For the Dome to Open at Beginning of Night
2017-12-11T06:00:56 [main.py:525 - <module>()] INFO: Waiting For the Dome to Open at Beginning of Night
2017-12-11T06:01:56 [main.py:525 - <module>()] INFO: Waiting For the Dome to Open at Beginning of Night
2017-12-11T06:02:57 [main.py:525 - <module>()] INFO: Waiting For the Dome to Open at Beginning of Night
2017-12-11T06:03:57 [main.py:525 - <module>()] INFO: Waiting For the Dome to Open at Beginning of Night
2017-12-11T06:04:57 [main.py:525 - <module>()] INFO: Waiting For the Dome to Open at Beginning of Night
2017-12-11T06:05:58 [main.py:525 - <module>()] INFO: Waiting For the Dome to Open at Beginning of Night
2017-12-11T06:06:58 [main.py:525 - <module>()] INFO: Waiting For the Dome to Open at Beginning of Night
2017-12-11T06:07:58 [main.py:525 - <module>()] INFO: Waiting For the Dome to Open at Beginning of Night
2017-12-11T06:08:58 [main.py:525 - <module>()] INFO: Waiting For the Dome to Open at Beginning of Night
2017-12-11T06:09:59 [main.py:525 - <module>()] INFO: Waiting For the Dome to Open at Beginning of Night
2017-12-11T06:10:59 [main.py:525 - <module>()] INFO: Waiting For the Dome to Open at Beginning of Night
2017-12-11T06:11:59 [main.py:525 - <module>()] INFO: Waiting For the Dome to Open at Beginning of Night
2017-12-11T06:13:00 [main.py:525 - <module>()] INFO: Waiting For the Dome to Open at Beginning of Night
2017-12-11T06:14:00 [main.py:525 - <module>()] INFO: Waiting For the Dome to Open at Beginning of Night
2017-12-11T06:15:00 [main.py:525 - <module>()] INFO: Waiting For the Dome to Open at Beginning of Night
2017-12-11T06:16:00 [main.py:525 - <module>()] INFO: Waiting For the Dome to Open at Beginning of Night
2017-12-11T06:17:01 [main.py:525 - <module>()] INFO: Waiting For the Dome to Open at Beginning of Night
2017-12-11T06:18:01 [main.py:525 - <module>()] INFO: Waiting For the Dome to Open at Beginning of Night
2017-12-11T06:19:01 [main.py:525 - <module>()] INFO: Waiting For the Dome to Open at Beginning of Night
2017-12-11T06:20:02 [main.py:525 - <module>()] INFO: Waiting For the Dome to Open at Beginning of Night
2017-12-11T06:21:02 [main.py:525 - <module>()] INFO: Waiting For the Dome to Open at Beginning of Night
2017-12-11T06:22:02 [main.py:525 - <module>()] INFO: Waiting For the Dome to Open at Beginning of Night
2017-12-11T06:23:02 [main.py:525 - <module>()] INFO: Waiting For the Dome to Open at Beginning of Night
2017-12-11T06:24:03 [main.py:525 - <module>()] INFO: Waiting For the Dome to Open at Beginning of Night
2017-12-11T06:25:03 [main.py:525 - <module>()] INFO: Waiting For the Dome to Open at Beginning of Night
2017-12-11T06:26:03 [main.py:525 - <module>()] INFO: Waiting For the Dome to Open at Beginning of Night
2017-12-11T06:27:04 [main.py:525 - <module>()] INFO: Waiting For the Dome to Open at Beginning of Night
2017-12-11T06:28:04 [main.py:525 - <module>()] INFO: Waiting For the Dome to Open at Beginning of Night
2017-12-11T06:29:04 [main.py:525 - <module>()] INFO: Waiting For the Dome to Open at Beginning of Night
2017-12-11T06:30:04 [main.py:525 - <module>()] INFO: Waiting For the Dome to Open at Beginning of Night
2017-12-11T06:31:05 [main.py:525 - <module>()] INFO: Waiting For the Dome to Open at Beginning of Night
2017-12-11T06:32:05 [main.py:525 - <module>()] INFO: Waiting For the Dome to Open at Beginning of Night
2017-12-11T06:33:05 [main.py:525 - <module>()] INFO: Waiting For the Dome to Open at Beginning of Night
2017-12-11T06:34:06 [main.py:525 - <module>()] INFO: Waiting For the Dome to Open at Beginning of Night
2017-12-11T06:35:06 [main.py:525 - <module>()] INFO: Waiting For the Dome to Open at Beginning of Night
2017-12-11T06:36:06 [main.py:525 - <module>()] INFO: Waiting For the Dome to Open at Beginning of Night
2017-12-11T06:37:07 [main.py:525 - <module>()] INFO: Waiting For the Dome to Open at Beginning of Night
2017-12-11T06:38:07 [main.py:525 - <module>()] INFO: Waiting For the Dome to Open at Beginning of Night
2017-12-11T06:39:07 [main.py:525 - <module>()] INFO: Waiting For the Dome to Open at Beginning of Night
2017-12-11T06:40:07 [main.py:525 - <module>()] INFO: Waiting For the Dome to Open at Beginning of Night
2017-12-11T06:41:08 [main.py:525 - <module>()] INFO: Waiting For the Dome to Open at Beginning of Night
2017-12-11T06:42:08 [main.py:525 - <module>()] INFO: Waiting For the Dome to Open at Beginning of Night
2017-12-11T06:43:08 [main.py:525 - <module>()] INFO: Waiting For the Dome to Open at Beginning of Night
2017-12-11T06:44:09 [main.py:525 - <module>()] INFO: Waiting For the Dome to Open at Beginning of Night
2017-12-11T06:45:09 [main.py:525 - <module>()] INFO: Waiting For the Dome to Open at Beginning of Night
2017-12-11T06:46:09 [main.py:525 - <module>()] INFO: Waiting For the Dome to Open at Beginning of Night
2017-12-11T06:47:10 [main.py:525 - <module>()] INFO: Waiting For the Dome to Open at Beginning of Night
2017-12-11T06:48:10 [main.py:525 - <module>()] INFO: Waiting For the Dome to Open at Beginning of Night
2017-12-11T06:49:10 [main.py:525 - <module>()] INFO: Waiting For the Dome to Open at Beginning of Night
2017-12-11T06:50:10 [main.py:525 - <module>()] INFO: Waiting For the Dome to Open at Beginning of Night
2017-12-11T06:51:11 [main.py:525 - <module>()] INFO: Waiting For the Dome to Open at Beginning of Night
2017-12-11T06:52:11 [main.py:525 - <module>()] INFO: Waiting For the Dome to Open at Beginning of Night
2017-12-11T06:53:11 [main.py:525 - <module>()] INFO: Waiting For the Dome to Open at Beginning of Night
2017-12-11T06:54:12 [main.py:525 - <module>()] INFO: Waiting For the Dome to Open at Beginning of Night
2017-12-11T06:55:12 [main.py:525 - <module>()] INFO: Waiting For the Dome to Open at Beginning of Night
2017-12-11T06:56:12 [main.py:525 - <module>()] INFO: Waiting For the Dome to Open at Beginning of Night
2017-12-11T06:57:12 [main.py:525 - <module>()] INFO: Waiting For the Dome to Open at Beginning of Night
2017-12-11T06:58:13 [main.py:525 - <module>()] INFO: Waiting For the Dome to Open at Beginning of Night
2017-12-11T06:59:13 [main.py:525 - <module>()] INFO: Waiting For the Dome to Open at Beginning of Night
2017-12-11T07:00:13 [main.py:525 - <module>()] INFO: Waiting For the Dome to Open at Beginning of Night
2017-12-11T07:01:14 [main.py:525 - <module>()] INFO: Waiting For the Dome to Open at Beginning of Night
2017-12-11T07:02:14 [main.py:525 - <module>()] INFO: Waiting For the Dome to Open at Beginning of Night
2017-12-11T07:03:14 [main.py:525 - <module>()] INFO: Waiting For the Dome to Open at Beginning of Night
2017-12-11T07:04:15 [main.py:525 - <module>()] INFO: Waiting For the Dome to Open at Beginning of Night
2017-12-11T07:05:15 [main.py:525 - <module>()] INFO: Waiting For the Dome to Open at Beginning of Night
2017-12-11T07:06:15 [main.py:525 - <module>()] INFO: Waiting For the Dome to Open at Beginning of Night
2017-12-11T07:07:15 [main.py:525 - <module>()] INFO: Waiting For the Dome to Open at Beginning of Night
2017-12-11T07:08:16 [main.py:525 - <module>()] INFO: Waiting For the Dome to Open at Beginning of Night
2017-12-11T07:09:16 [main.py:525 - <module>()] INFO: Waiting For the Dome to Open at Beginning of Night
2017-12-11T07:10:16 [main.py:525 - <module>()] INFO: Waiting For the Dome to Open at Beginning of Night
2017-12-11T07:11:17 [main.py:525 - <module>()] INFO: Waiting For the Dome to Open at Beginning of Night
2017-12-11T07:12:17 [main.py:525 - <module>()] INFO: Waiting For the Dome to Open at Beginning of Night
2017-12-11T07:13:17 [main.py:525 - <module>()] INFO: Waiting For the Dome to Open at Beginning of Night
2017-12-11T07:14:17 [main.py:525 - <module>()] INFO: Waiting For the Dome to Open at Beginning of Night
2017-12-11T07:15:18 [main.py:525 - <module>()] INFO: Waiting For the Dome to Open at Beginning of Night
2017-12-11T07:16:18 [main.py:525 - <module>()] INFO: Waiting For the Dome to Open at Beginning of Night
2017-12-11T07:17:18 [main.py:525 - <module>()] INFO: Waiting For the Dome to Open at Beginning of Night
2017-12-11T07:18:19 [main.py:525 - <module>()] INFO: Waiting For the Dome to Open at Beginning of Night
2017-12-11T07:19:19 [main.py:525 - <module>()] INFO: Waiting For the Dome to Open at Beginning of Night
2017-12-11T07:20:19 [main.py:525 - <module>()] INFO: Waiting For the Dome to Open at Beginning of Night
2017-12-11T07:21:19 [main.py:525 - <module>()] INFO: Waiting For the Dome to Open at Beginning of Night
2017-12-11T07:22:20 [main.py:525 - <module>()] INFO: Waiting For the Dome to Open at Beginning of Night
2017-12-11T07:23:20 [main.py:525 - <module>()] INFO: Waiting For the Dome to Open at Beginning of Night
2017-12-11T07:24:20 [main.py:525 - <module>()] INFO: Waiting For the Dome to Open at Beginning of Night
2017-12-11T07:25:21 [main.py:525 - <module>()] INFO: Waiting For the Dome to Open at Beginning of Night
2017-12-11T07:26:21 [main.py:525 - <module>()] INFO: Waiting For the Dome to Open at Beginning of Night
2017-12-11T07:27:21 [main.py:525 - <module>()] INFO: Waiting For the Dome to Open at Beginning of Night
2017-12-11T07:28:21 [main.py:525 - <module>()] INFO: Waiting For the Dome to Open at Beginning of Night
2017-12-11T07:29:22 [main.py:525 - <module>()] INFO: Waiting For the Dome to Open at Beginning of Night
2017-12-11T07:30:22 [main.py:525 - <module>()] INFO: Waiting For the Dome to Open at Beginning of Night
2017-12-11T07:31:22 [main.py:525 - <module>()] INFO: Waiting For the Dome to Open at Beginning of Night
2017-12-11T07:32:23 [main.py:525 - <module>()] INFO: Waiting For the Dome to Open at Beginning of Night
2017-12-11T07:33:23 [main.py:525 - <module>()] INFO: Waiting For the Dome to Open at Beginning of Night
2017-12-11T07:34:23 [main.py:525 - <module>()] INFO: Waiting For the Dome to Open at Beginning of Night
2017-12-11T07:35:24 [main.py:525 - <module>()] INFO: Waiting For the Dome to Open at Beginning of Night
2017-12-11T07:36:24 [main.py:525 - <module>()] INFO: Waiting For the Dome to Open at Beginning of Night
2017-12-11T07:37:24 [main.py:525 - <module>()] INFO: Waiting For the Dome to Open at Beginning of Night
2017-12-11T07:38:24 [main.py:525 - <module>()] INFO: Waiting For the Dome to Open at Beginning of Night
2017-12-11T07:39:25 [main.py:525 - <module>()] INFO: Waiting For the Dome to Open at Beginning of Night
2017-12-11T07:40:25 [main.py:525 - <module>()] INFO: Waiting For the Dome to Open at Beginning of Night
2017-12-11T07:41:25 [main.py:525 - <module>()] INFO: Waiting For the Dome to Open at Beginning of Night
2017-12-11T07:42:26 [main.py:525 - <module>()] INFO: Waiting For the Dome to Open at Beginning of Night
2017-12-11T07:43:26 [main.py:525 - <module>()] INFO: Waiting For the Dome to Open at Beginning of Night
2017-12-11T07:44:26 [main.py:525 - <module>()] INFO: Waiting For the Dome to Open at Beginning of Night
2017-12-11T07:45:26 [main.py:525 - <module>()] INFO: Waiting For the Dome to Open at Beginning of Night
2017-12-11T07:46:27 [main.py:525 - <module>()] INFO: Waiting For the Dome to Open at Beginning of Night
2017-12-11T07:47:27 [main.py:525 - <module>()] INFO: Waiting For the Dome to Open at Beginning of Night
2017-12-11T07:48:27 [main.py:525 - <module>()] INFO: Waiting For the Dome to Open at Beginning of Night
2017-12-11T07:49:28 [main.py:525 - <module>()] INFO: Waiting For the Dome to Open at Beginning of Night
2017-12-11T07:50:28 [main.py:525 - <module>()] INFO: Waiting For the Dome to Open at Beginning of Night
2017-12-11T07:51:28 [main.py:525 - <module>()] INFO: Waiting For the Dome to Open at Beginning of Night
2017-12-11T07:52:28 [main.py:525 - <module>()] INFO: Waiting For the Dome to Open at Beginning of Night
2017-12-11T07:53:29 [main.py:525 - <module>()] INFO: Waiting For the Dome to Open at Beginning of Night
2017-12-11T07:54:29 [main.py:525 - <module>()] INFO: Waiting For the Dome to Open at Beginning of Night
2017-12-11T07:55:29 [main.py:525 - <module>()] INFO: Waiting For the Dome to Open at Beginning of Night
2017-12-11T07:56:30 [main.py:525 - <module>()] INFO: Waiting For the Dome to Open at Beginning of Night
2017-12-11T07:57:30 [main.py:525 - <module>()] INFO: Waiting For the Dome to Open at Beginning of Night
2017-12-11T07:58:30 [main.py:525 - <module>()] INFO: Waiting For the Dome to Open at Beginning of Night
2017-12-11T07:59:30 [main.py:525 - <module>()] INFO: Waiting For the Dome to Open at Beginning of Night
2017-12-11T08:00:31 [main.py:525 - <module>()] INFO: Waiting For the Dome to Open at Beginning of Night
2017-12-11T08:01:31 [main.py:525 - <module>()] INFO: Waiting For the Dome to Open at Beginning of Night
2017-12-11T08:02:31 [main.py:525 - <module>()] INFO: Waiting For the Dome to Open at Beginning of Night
2017-12-11T08:03:32 [main.py:525 - <module>()] INFO: Waiting For the Dome to Open at Beginning of Night
2017-12-11T08:04:32 [main.py:525 - <module>()] INFO: Waiting For the Dome to Open at Beginning of Night
2017-12-11T08:05:32 [main.py:525 - <module>()] INFO: Waiting For the Dome to Open at Beginning of Night
2017-12-11T08:06:33 [main.py:525 - <module>()] INFO: Waiting For the Dome to Open at Beginning of Night
2017-12-11T08:07:33 [main.py:525 - <module>()] INFO: Waiting For the Dome to Open at Beginning of Night
2017-12-11T08:08:33 [main.py:525 - <module>()] INFO: Waiting For the Dome to Open at Beginning of Night
2017-12-11T08:09:34 [main.py:525 - <module>()] INFO: Waiting For the Dome to Open at Beginning of Night
2017-12-11T08:10:34 [main.py:525 - <module>()] INFO: Waiting For the Dome to Open at Beginning of Night
2017-12-11T08:11:34 [main.py:525 - <module>()] INFO: Waiting For the Dome to Open at Beginning of Night
2017-12-11T08:12:34 [main.py:525 - <module>()] INFO: Waiting For the Dome to Open at Beginning of Night
2017-12-11T08:13:35 [main.py:525 - <module>()] INFO: Waiting For the Dome to Open at Beginning of Night
2017-12-11T08:14:35 [main.py:525 - <module>()] INFO: Waiting For the Dome to Open at Beginning of Night
2017-12-11T08:15:35 [main.py:525 - <module>()] INFO: Waiting For the Dome to Open at Beginning of Night
2017-12-11T08:16:36 [main.py:525 - <module>()] INFO: Waiting For the Dome to Open at Beginning of Night
2017-12-11T08:17:36 [main.py:525 - <module>()] INFO: Waiting For the Dome to Open at Beginning of Night
2017-12-11T08:18:36 [main.py:525 - <module>()] INFO: Waiting For the Dome to Open at Beginning of Night
2017-12-11T08:19:36 [main.py:525 - <module>()] INFO: Waiting For the Dome to Open at Beginning of Night
2017-12-11T08:20:37 [main.py:525 - <module>()] INFO: Waiting For the Dome to Open at Beginning of Night
2017-12-11T08:21:37 [main.py:525 - <module>()] INFO: Waiting For the Dome to Open at Beginning of Night
2017-12-11T08:22:37 [main.py:525 - <module>()] INFO: Waiting For the Dome to Open at Beginning of Night
2017-12-11T08:23:38 [main.py:525 - <module>()] INFO: Waiting For the Dome to Open at Beginning of Night
2017-12-11T08:24:38 [main.py:525 - <module>()] INFO: Waiting For the Dome to Open at Beginning of Night
2017-12-11T08:25:38 [main.py:525 - <module>()] INFO: Waiting For the Dome to Open at Beginning of Night
2017-12-11T08:26:38 [main.py:525 - <module>()] INFO: Waiting For the Dome to Open at Beginning of Night
2017-12-11T08:27:39 [main.py:525 - <module>()] INFO: Waiting For the Dome to Open at Beginning of Night
2017-12-11T08:28:39 [main.py:525 - <module>()] INFO: Waiting For the Dome to Open at Beginning of Night
2017-12-11T08:29:39 [main.py:525 - <module>()] INFO: Waiting For the Dome to Open at Beginning of Night
2017-12-11T08:30:40 [main.py:525 - <module>()] INFO: Waiting For the Dome to Open at Beginning of Night
2017-12-11T08:31:40 [main.py:525 - <module>()] INFO: Waiting For the Dome to Open at Beginning of Night
2017-12-11T08:32:40 [main.py:525 - <module>()] INFO: Waiting For the Dome to Open at Beginning of Night
2017-12-11T08:33:40 [main.py:525 - <module>()] INFO: Waiting For the Dome to Open at Beginning of Night
2017-12-11T08:34:41 [main.py:525 - <module>()] INFO: Waiting For the Dome to Open at Beginning of Night
2017-12-11T08:35:41 [main.py:525 - <module>()] INFO: Waiting For the Dome to Open at Beginning of Night
2017-12-11T08:36:41 [main.py:525 - <module>()] INFO: Waiting For the Dome to Open at Beginning of Night
2017-12-11T08:37:42 [main.py:525 - <module>()] INFO: Waiting For the Dome to Open at Beginning of Night
2017-12-11T08:38:42 [main.py:525 - <module>()] INFO: Waiting For the Dome to Open at Beginning of Night
2017-12-11T08:39:42 [main.py:525 - <module>()] INFO: Waiting For the Dome to Open at Beginning of Night
2017-12-11T08:40:43 [main.py:525 - <module>()] INFO: Waiting For the Dome to Open at Beginning of Night
2017-12-11T08:41:43 [main.py:525 - <module>()] INFO: Waiting For the Dome to Open at Beginning of Night
2017-12-11T08:42:43 [main.py:525 - <module>()] INFO: Waiting For the Dome to Open at Beginning of Night
2017-12-11T08:43:43 [main.py:525 - <module>()] INFO: Waiting For the Dome to Open at Beginning of Night
2017-12-11T08:44:44 [main.py:525 - <module>()] INFO: Waiting For the Dome to Open at Beginning of Night
2017-12-11T08:45:44 [main.py:525 - <module>()] INFO: Waiting For the Dome to Open at Beginning of Night
2017-12-11T08:46:44 [main.py:525 - <module>()] INFO: Waiting For the Dome to Open at Beginning of Night
2017-12-11T08:47:45 [main.py:525 - <module>()] INFO: Waiting For the Dome to Open at Beginning of Night
2017-12-11T08:48:45 [main.py:525 - <module>()] INFO: Waiting For the Dome to Open at Beginning of Night
2017-12-11T08:49:45 [main.py:525 - <module>()] INFO: Waiting For the Dome to Open at Beginning of Night
2017-12-11T08:50:45 [main.py:525 - <module>()] INFO: Waiting For the Dome to Open at Beginning of Night
2017-12-11T08:51:46 [main.py:525 - <module>()] INFO: Waiting For the Dome to Open at Beginning of Night
2017-12-11T08:52:46 [main.py:525 - <module>()] INFO: Waiting For the Dome to Open at Beginning of Night
2017-12-11T08:53:46 [main.py:525 - <module>()] INFO: Waiting For the Dome to Open at Beginning of Night
2017-12-11T08:54:47 [main.py:525 - <module>()] INFO: Waiting For the Dome to Open at Beginning of Night
2017-12-11T08:55:47 [main.py:525 - <module>()] INFO: Waiting For the Dome to Open at Beginning of Night
2017-12-11T08:56:47 [main.py:525 - <module>()] INFO: Waiting For the Dome to Open at Beginning of Night
2017-12-11T08:57:47 [main.py:525 - <module>()] INFO: Waiting For the Dome to Open at Beginning of Night
2017-12-11T08:58:48 [main.py:525 - <module>()] INFO: Waiting For the Dome to Open at Beginning of Night
2017-12-11T08:59:48 [main.py:525 - <module>()] INFO: Waiting For the Dome to Open at Beginning of Night
2017-12-11T09:00:48 [main.py:525 - <module>()] INFO: Waiting For the Dome to Open at Beginning of Night
2017-12-11T09:01:49 [main.py:525 - <module>()] INFO: Waiting For the Dome to Open at Beginning of Night
2017-12-11T09:02:49 [main.py:525 - <module>()] INFO: Waiting For the Dome to Open at Beginning of Night
2017-12-11T09:03:49 [main.py:525 - <module>()] INFO: Waiting For the Dome to Open at Beginning of Night
2017-12-11T09:04:49 [main.py:525 - <module>()] INFO: Waiting For the Dome to Open at Beginning of Night
2017-12-11T09:05:50 [main.py:525 - <module>()] INFO: Waiting For the Dome to Open at Beginning of Night
2017-12-11T09:06:50 [main.py:525 - <module>()] INFO: Waiting For the Dome to Open at Beginning of Night
2017-12-11T09:07:50 [main.py:525 - <module>()] INFO: Waiting For the Dome to Open at Beginning of Night
2017-12-11T09:08:51 [main.py:525 - <module>()] INFO: Waiting For the Dome to Open at Beginning of Night
2017-12-11T09:09:51 [main.py:525 - <module>()] INFO: Waiting For the Dome to Open at Beginning of Night
2017-12-11T09:10:51 [main.py:525 - <module>()] INFO: Waiting For the Dome to Open at Beginning of Night
2017-12-11T09:11:51 [main.py:525 - <module>()] INFO: Waiting For the Dome to Open at Beginning of Night
2017-12-11T09:12:52 [main.py:525 - <module>()] INFO: Waiting For the Dome to Open at Beginning of Night
2017-12-11T09:13:52 [main.py:525 - <module>()] INFO: Waiting For the Dome to Open at Beginning of Night
2017-12-11T09:14:52 [main.py:525 - <module>()] INFO: Waiting For the Dome to Open at Beginning of Night
2017-12-11T09:15:53 [main.py:525 - <module>()] INFO: Waiting For the Dome to Open at Beginning of Night
2017-12-11T09:16:53 [main.py:525 - <module>()] INFO: Waiting For the Dome to Open at Beginning of Night
2017-12-11T09:17:53 [main.py:525 - <module>()] INFO: Waiting For the Dome to Open at Beginning of Night
2017-12-11T09:18:53 [main.py:525 - <module>()] INFO: Waiting For the Dome to Open at Beginning of Night
2017-12-11T09:19:54 [main.py:525 - <module>()] INFO: Waiting For the Dome to Open at Beginning of Night
2017-12-11T09:20:54 [main.py:525 - <module>()] INFO: Waiting For the Dome to Open at Beginning of Night
2017-12-11T09:21:54 [main.py:525 - <module>()] INFO: Waiting For the Dome to Open at Beginning of Night
2017-12-11T09:22:55 [main.py:525 - <module>()] INFO: Waiting For the Dome to Open at Beginning of Night
2017-12-11T09:23:55 [main.py:525 - <module>()] INFO: Waiting For the Dome to Open at Beginning of Night
2017-12-11T09:24:55 [main.py:525 - <module>()] INFO: Waiting For the Dome to Open at Beginning of Night
2017-12-11T09:25:56 [main.py:525 - <module>()] INFO: Waiting For the Dome to Open at Beginning of Night
2017-12-11T09:26:56 [main.py:525 - <module>()] INFO: Waiting For the Dome to Open at Beginning of Night
2017-12-11T09:27:56 [main.py:525 - <module>()] INFO: Waiting For the Dome to Open at Beginning of Night
2017-12-11T09:28:56 [main.py:525 - <module>()] INFO: Waiting For the Dome to Open at Beginning of Night
2017-12-11T09:29:57 [main.py:525 - <module>()] INFO: Waiting For the Dome to Open at Beginning of Night
2017-12-11T09:30:57 [main.py:525 - <module>()] INFO: Waiting For the Dome to Open at Beginning of Night
2017-12-11T09:31:57 [main.py:525 - <module>()] INFO: Waiting For the Dome to Open at Beginning of Night
2017-12-11T09:32:58 [main.py:525 - <module>()] INFO: Waiting For the Dome to Open at Beginning of Night
2017-12-11T09:33:58 [main.py:525 - <module>()] INFO: Waiting For the Dome to Open at Beginning of Night
2017-12-11T09:34:58 [main.py:525 - <module>()] INFO: Waiting For the Dome to Open at Beginning of Night
2017-12-11T09:35:58 [main.py:525 - <module>()] INFO: Waiting For the Dome to Open at Beginning of Night
2017-12-11T09:36:59 [main.py:525 - <module>()] INFO: Waiting For the Dome to Open at Beginning of Night
2017-12-11T09:37:59 [main.py:525 - <module>()] INFO: Waiting For the Dome to Open at Beginning of Night
2017-12-11T09:38:59 [main.py:525 - <module>()] INFO: Waiting For the Dome to Open at Beginning of Night
2017-12-11T09:40:00 [main.py:525 - <module>()] INFO: Waiting For the Dome to Open at Beginning of Night
2017-12-11T09:41:00 [main.py:525 - <module>()] INFO: Waiting For the Dome to Open at Beginning of Night
2017-12-11T09:42:00 [main.py:525 - <module>()] INFO: Waiting For the Dome to Open at Beginning of Night
2017-12-11T09:43:00 [main.py:525 - <module>()] INFO: Waiting For the Dome to Open at Beginning of Night
2017-12-11T09:44:01 [main.py:525 - <module>()] INFO: Waiting For the Dome to Open at Beginning of Night
2017-12-11T09:45:01 [main.py:525 - <module>()] INFO: Waiting For the Dome to Open at Beginning of Night
2017-12-11T09:46:01 [main.py:525 - <module>()] INFO: Waiting For the Dome to Open at Beginning of Night
2017-12-11T09:47:02 [main.py:525 - <module>()] INFO: Waiting For the Dome to Open at Beginning of Night
2017-12-11T09:48:02 [main.py:525 - <module>()] INFO: Waiting For the Dome to Open at Beginning of Night
2017-12-11T09:49:02 [main.py:525 - <module>()] INFO: Waiting For the Dome to Open at Beginning of Night
2017-12-11T09:50:02 [main.py:525 - <module>()] INFO: Waiting For the Dome to Open at Beginning of Night
2017-12-11T09:51:03 [main.py:525 - <module>()] INFO: Waiting For the Dome to Open at Beginning of Night
2017-12-11T09:52:03 [main.py:525 - <module>()] INFO: Waiting For the Dome to Open at Beginning of Night
2017-12-11T09:53:03 [main.py:525 - <module>()] INFO: Waiting For the Dome to Open at Beginning of Night
2017-12-11T09:54:04 [main.py:525 - <module>()] INFO: Waiting For the Dome to Open at Beginning of Night
2017-12-11T09:55:04 [main.py:525 - <module>()] INFO: Waiting For the Dome to Open at Beginning of Night
2017-12-11T09:56:04 [main.py:525 - <module>()] INFO: Waiting For the Dome to Open at Beginning of Night
2017-12-11T09:57:04 [main.py:525 - <module>()] INFO: Waiting For the Dome to Open at Beginning of Night
2017-12-11T09:58:05 [main.py:525 - <module>()] INFO: Waiting For the Dome to Open at Beginning of Night
2017-12-11T09:59:05 [main.py:525 - <module>()] INFO: Waiting For the Dome to Open at Beginning of Night
2017-12-11T10:00:05 [main.py:525 - <module>()] INFO: Waiting For the Dome to Open at Beginning of Night
2017-12-11T10:01:06 [main.py:525 - <module>()] INFO: Waiting For the Dome to Open at Beginning of Night
2017-12-11T10:02:06 [main.py:525 - <module>()] INFO: Waiting For the Dome to Open at Beginning of Night
2017-12-11T10:03:06 [main.py:525 - <module>()] INFO: Waiting For the Dome to Open at Beginning of Night
2017-12-11T10:04:06 [main.py:525 - <module>()] INFO: Waiting For the Dome to Open at Beginning of Night
2017-12-11T10:05:07 [main.py:525 - <module>()] INFO: Waiting For the Dome to Open at Beginning of Night
2017-12-11T10:06:07 [main.py:525 - <module>()] INFO: Waiting For the Dome to Open at Beginning of Night
2017-12-11T10:07:07 [main.py:525 - <module>()] INFO: Waiting For the Dome to Open at Beginning of Night
2017-12-11T10:08:08 [main.py:525 - <module>()] INFO: Waiting For the Dome to Open at Beginning of Night
2017-12-11T10:09:08 [main.py:525 - <module>()] INFO: Waiting For the Dome to Open at Beginning of Night
2017-12-11T10:10:08 [main.py:525 - <module>()] INFO: Waiting For the Dome to Open at Beginning of Night
2017-12-11T10:11:09 [main.py:525 - <module>()] INFO: Waiting For the Dome to Open at Beginning of Night
2017-12-11T10:12:09 [main.py:525 - <module>()] INFO: Waiting For the Dome to Open at Beginning of Night
2017-12-11T10:13:09 [main.py:525 - <module>()] INFO: Waiting For the Dome to Open at Beginning of Night
2017-12-11T10:14:09 [main.py:525 - <module>()] INFO: Waiting For the Dome to Open at Beginning of Night
2017-12-11T10:15:10 [main.py:525 - <module>()] INFO: Waiting For the Dome to Open at Beginning of Night
2017-12-11T10:16:10 [main.py:525 - <module>()] INFO: Waiting For the Dome to Open at Beginning of Night
2017-12-11T10:17:10 [main.py:525 - <module>()] INFO: Waiting For the Dome to Open at Beginning of Night
2017-12-11T10:18:11 [main.py:525 - <module>()] INFO: Waiting For the Dome to Open at Beginning of Night
2017-12-11T10:19:11 [main.py:525 - <module>()] INFO: Waiting For the Dome to Open at Beginning of Night
2017-12-11T10:20:11 [main.py:525 - <module>()] INFO: Waiting For the Dome to Open at Beginning of Night
2017-12-11T10:21:11 [main.py:525 - <module>()] INFO: Waiting For the Dome to Open at Beginning of Night
2017-12-11T10:22:12 [main.py:525 - <module>()] INFO: Waiting For the Dome to Open at Beginning of Night
2017-12-11T10:23:12 [main.py:525 - <module>()] INFO: Waiting For the Dome to Open at Beginning of Night
2017-12-11T10:24:12 [main.py:525 - <module>()] INFO: Waiting For the Dome to Open at Beginning of Night
2017-12-11T10:25:13 [main.py:525 - <module>()] INFO: Waiting For the Dome to Open at Beginning of Night
2017-12-11T10:26:13 [main.py:525 - <module>()] INFO: Waiting For the Dome to Open at Beginning of Night
2017-12-11T10:27:13 [main.py:525 - <module>()] INFO: Waiting For the Dome to Open at Beginning of Night
2017-12-11T10:28:13 [main.py:525 - <module>()] INFO: Waiting For the Dome to Open at Beginning of Night
2017-12-11T10:29:14 [main.py:525 - <module>()] INFO: Waiting For the Dome to Open at Beginning of Night
2017-12-11T10:30:14 [main.py:525 - <module>()] INFO: Waiting For the Dome to Open at Beginning of Night
2017-12-11T10:31:14 [main.py:525 - <module>()] INFO: Waiting For the Dome to Open at Beginning of Night
2017-12-11T10:32:15 [main.py:525 - <module>()] INFO: Waiting For the Dome to Open at Beginning of Night
2017-12-11T10:33:15 [main.py:525 - <module>()] INFO: Waiting For the Dome to Open at Beginning of Night
2017-12-11T10:34:15 [main.py:525 - <module>()] INFO: Waiting For the Dome to Open at Beginning of Night
2017-12-11T10:35:15 [main.py:525 - <module>()] INFO: Waiting For the Dome to Open at Beginning of Night
2017-12-11T10:36:16 [main.py:525 - <module>()] INFO: Waiting For the Dome to Open at Beginning of Night
2017-12-11T10:37:16 [main.py:525 - <module>()] INFO: Waiting For the Dome to Open at Beginning of Night
2017-12-11T10:38:16 [main.py:525 - <module>()] INFO: Waiting For the Dome to Open at Beginning of Night
2017-12-11T10:39:17 [main.py:525 - <module>()] INFO: Waiting For the Dome to Open at Beginning of Night
2017-12-11T10:40:17 [main.py:525 - <module>()] INFO: Waiting For the Dome to Open at Beginning of Night
2017-12-11T10:41:17 [main.py:525 - <module>()] INFO: Waiting For the Dome to Open at Beginning of Night
2017-12-11T10:42:17 [main.py:525 - <module>()] INFO: Waiting For the Dome to Open at Beginning of Night
2017-12-11T10:43:18 [main.py:525 - <module>()] INFO: Waiting For the Dome to Open at Beginning of Night
2017-12-11T10:44:18 [main.py:525 - <module>()] INFO: Waiting For the Dome to Open at Beginning of Night
2017-12-11T10:45:18 [main.py:525 - <module>()] INFO: Waiting For the Dome to Open at Beginning of Night
2017-12-11T10:46:19 [main.py:525 - <module>()] INFO: Waiting For the Dome to Open at Beginning of Night
2017-12-11T10:47:19 [main.py:525 - <module>()] INFO: Waiting For the Dome to Open at Beginning of Night
2017-12-11T10:48:19 [main.py:525 - <module>()] INFO: Waiting For the Dome to Open at Beginning of Night
2017-12-11T10:49:19 [main.py:525 - <module>()] INFO: Waiting For the Dome to Open at Beginning of Night
2017-12-11T10:50:20 [main.py:525 - <module>()] INFO: Waiting For the Dome to Open at Beginning of Night
2017-12-11T10:51:20 [main.py:525 - <module>()] INFO: Waiting For the Dome to Open at Beginning of Night
2017-12-11T10:52:20 [main.py:525 - <module>()] INFO: Waiting For the Dome to Open at Beginning of Night
2017-12-11T10:53:21 [main.py:525 - <module>()] INFO: Waiting For the Dome to Open at Beginning of Night
2017-12-11T10:54:21 [main.py:525 - <module>()] INFO: Waiting For the Dome to Open at Beginning of Night
2017-12-11T10:55:21 [main.py:525 - <module>()] INFO: Waiting For the Dome to Open at Beginning of Night
2017-12-11T10:56:21 [main.py:525 - <module>()] INFO: Waiting For the Dome to Open at Beginning of Night
2017-12-11T10:57:22 [main.py:525 - <module>()] INFO: Waiting For the Dome to Open at Beginning of Night
2017-12-11T10:58:22 [main.py:525 - <module>()] INFO: Waiting For the Dome to Open at Beginning of Night
2017-12-11T10:59:22 [main.py:525 - <module>()] INFO: Waiting For the Dome to Open at Beginning of Night
2017-12-11T11:00:23 [main.py:525 - <module>()] INFO: Waiting For the Dome to Open at Beginning of Night
2017-12-11T11:01:23 [main.py:525 - <module>()] INFO: Waiting For the Dome to Open at Beginning of Night
2017-12-11T11:02:23 [main.py:525 - <module>()] INFO: Waiting For the Dome to Open at Beginning of Night
2017-12-11T11:03:24 [main.py:525 - <module>()] INFO: Waiting For the Dome to Open at Beginning of Night
2017-12-11T11:04:24 [main.py:525 - <module>()] INFO: Waiting For the Dome to Open at Beginning of Night
2017-12-11T11:05:24 [main.py:525 - <module>()] INFO: Waiting For the Dome to Open at Beginning of Night
2017-12-11T11:06:24 [main.py:525 - <module>()] INFO: Waiting For the Dome to Open at Beginning of Night
2017-12-11T11:07:25 [main.py:525 - <module>()] INFO: Waiting For the Dome to Open at Beginning of Night
2017-12-11T11:08:25 [main.py:525 - <module>()] INFO: Waiting For the Dome to Open at Beginning of Night
2017-12-11T11:09:25 [main.py:525 - <module>()] INFO: Waiting For the Dome to Open at Beginning of Night
2017-12-11T11:10:26 [main.py:525 - <module>()] INFO: Waiting For the Dome to Open at Beginning of Night
2017-12-11T11:11:26 [main.py:525 - <module>()] INFO: Waiting For the Dome to Open at Beginning of Night
2017-12-11T11:12:26 [main.py:525 - <module>()] INFO: Waiting For the Dome to Open at Beginning of Night
2017-12-11T11:13:26 [main.py:525 - <module>()] INFO: Waiting For the Dome to Open at Beginning of Night
2017-12-11T11:14:27 [main.py:525 - <module>()] INFO: Waiting For the Dome to Open at Beginning of Night
2017-12-11T11:15:27 [main.py:525 - <module>()] INFO: Waiting For the Dome to Open at Beginning of Night
2017-12-11T11:16:27 [main.py:525 - <module>()] INFO: Waiting For the Dome to Open at Beginning of Night
2017-12-11T11:17:28 [main.py:525 - <module>()] INFO: Waiting For the Dome to Open at Beginning of Night
2017-12-11T11:18:28 [main.py:525 - <module>()] INFO: Waiting For the Dome to Open at Beginning of Night
2017-12-11T11:19:28 [main.py:525 - <module>()] INFO: Waiting For the Dome to Open at Beginning of Night
2017-12-11T11:20:28 [main.py:525 - <module>()] INFO: Waiting For the Dome to Open at Beginning of Night
2017-12-11T11:21:29 [main.py:525 - <module>()] INFO: Waiting For the Dome to Open at Beginning of Night
2017-12-11T11:22:29 [main.py:525 - <module>()] INFO: Waiting For the Dome to Open at Beginning of Night
2017-12-11T11:23:29 [main.py:525 - <module>()] INFO: Waiting For the Dome to Open at Beginning of Night
2017-12-11T11:24:30 [main.py:525 - <module>()] INFO: Waiting For the Dome to Open at Beginning of Night
2017-12-11T11:25:30 [main.py:525 - <module>()] INFO: Waiting For the Dome to Open at Beginning of Night
2017-12-11T11:26:30 [main.py:525 - <module>()] INFO: Waiting For the Dome to Open at Beginning of Night
2017-12-11T11:27:31 [main.py:525 - <module>()] INFO: Waiting For the Dome to Open at Beginning of Night
2017-12-11T11:28:31 [main.py:525 - <module>()] INFO: Waiting For the Dome to Open at Beginning of Night
2017-12-11T11:29:31 [main.py:525 - <module>()] INFO: Waiting For the Dome to Open at Beginning of Night
2017-12-11T11:30:31 [main.py:525 - <module>()] INFO: Waiting For the Dome to Open at Beginning of Night
2017-12-11T11:31:32 [main.py:525 - <module>()] INFO: Waiting For the Dome to Open at Beginning of Night
2017-12-11T11:32:32 [main.py:525 - <module>()] INFO: Waiting For the Dome to Open at Beginning of Night
2017-12-11T11:33:32 [main.py:525 - <module>()] INFO: Waiting For the Dome to Open at Beginning of Night
2017-12-11T11:34:33 [main.py:525 - <module>()] INFO: Waiting For the Dome to Open at Beginning of Night
2017-12-11T11:35:33 [main.py:525 - <module>()] INFO: Waiting For the Dome to Open at Beginning of Night
2017-12-11T11:36:33 [main.py:525 - <module>()] INFO: Waiting For the Dome to Open at Beginning of Night
2017-12-11T11:37:33 [main.py:525 - <module>()] INFO: Waiting For the Dome to Open at Beginning of Night
2017-12-11T11:38:34 [main.py:525 - <module>()] INFO: Waiting For the Dome to Open at Beginning of Night
2017-12-11T11:39:34 [main.py:525 - <module>()] INFO: Waiting For the Dome to Open at Beginning of Night
2017-12-11T11:40:34 [main.py:525 - <module>()] INFO: Waiting For the Dome to Open at Beginning of Night
2017-12-11T11:41:35 [main.py:525 - <module>()] INFO: Waiting For the Dome to Open at Beginning of Night
2017-12-11T11:42:35 [main.py:525 - <module>()] INFO: Waiting For the Dome to Open at Beginning of Night
2017-12-11T11:43:35 [main.py:525 - <module>()] INFO: Waiting For the Dome to Open at Beginning of Night
2017-12-11T11:44:35 [main.py:525 - <module>()] INFO: Waiting For the Dome to Open at Beginning of Night
2017-12-11T11:45:36 [main.py:525 - <module>()] INFO: Waiting For the Dome to Open at Beginning of Night
2017-12-11T11:46:36 [main.py:525 - <module>()] INFO: Waiting For the Dome to Open at Beginning of Night
2017-12-11T11:47:36 [main.py:525 - <module>()] INFO: Waiting For the Dome to Open at Beginning of Night
2017-12-11T11:48:37 [main.py:525 - <module>()] INFO: Waiting For the Dome to Open at Beginning of Night
2017-12-11T11:49:37 [main.py:525 - <module>()] INFO: Waiting For the Dome to Open at Beginning of Night
2017-12-11T11:50:37 [main.py:525 - <module>()] INFO: Waiting For the Dome to Open at Beginning of Night
2017-12-11T11:51:37 [main.py:525 - <module>()] INFO: Waiting For the Dome to Open at Beginning of Night
2017-12-11T11:52:38 [main.py:525 - <module>()] INFO: Waiting For the Dome to Open at Beginning of Night
2017-12-11T11:53:38 [main.py:525 - <module>()] INFO: Waiting For the Dome to Open at Beginning of Night
2017-12-11T11:54:38 [main.py:525 - <module>()] INFO: Waiting For the Dome to Open at Beginning of Night
2017-12-11T11:55:39 [main.py:525 - <module>()] INFO: Waiting For the Dome to Open at Beginning of Night
2017-12-11T11:56:39 [main.py:525 - <module>()] INFO: Waiting For the Dome to Open at Beginning of Night
2017-12-11T11:57:39 [main.py:525 - <module>()] INFO: Waiting For the Dome to Open at Beginning of Night
2017-12-11T11:58:39 [main.py:525 - <module>()] INFO: Waiting For the Dome to Open at Beginning of Night
2017-12-11T11:59:40 [main.py:525 - <module>()] INFO: Waiting For the Dome to Open at Beginning of Night
2017-12-11T12:00:40 [main.py:525 - <module>()] INFO: Waiting For the Dome to Open at Beginning of Night
2017-12-11T12:01:40 [main.py:525 - <module>()] INFO: Waiting For the Dome to Open at Beginning of Night
2017-12-11T12:02:41 [main.py:525 - <module>()] INFO: Waiting For the Dome to Open at Beginning of Night
2017-12-11T12:03:41 [main.py:525 - <module>()] INFO: Waiting For the Dome to Open at Beginning of Night
2017-12-11T12:04:41 [main.py:525 - <module>()] INFO: Waiting For the Dome to Open at Beginning of Night
2017-12-11T12:05:42 [main.py:525 - <module>()] INFO: Waiting For the Dome to Open at Beginning of Night
2017-12-11T12:06:42 [main.py:525 - <module>()] INFO: Waiting For the Dome to Open at Beginning of Night
2017-12-11T12:07:42 [main.py:525 - <module>()] INFO: Waiting For the Dome to Open at Beginning of Night
2017-12-11T12:08:42 [main.py:525 - <module>()] INFO: Waiting For the Dome to Open at Beginning of Night
2017-12-11T12:09:43 [main.py:525 - <module>()] INFO: Waiting For the Dome to Open at Beginning of Night
2017-12-11T12:10:43 [main.py:525 - <module>()] INFO: Waiting For the Dome to Open at Beginning of Night
2017-12-11T12:11:43 [main.py:525 - <module>()] INFO: Waiting For the Dome to Open at Beginning of Night
2017-12-11T12:12:44 [main.py:525 - <module>()] INFO: Waiting For the Dome to Open at Beginning of Night
2017-12-11T12:13:44 [main.py:525 - <module>()] INFO: Waiting For the Dome to Open at Beginning of Night
2017-12-11T12:14:44 [main.py:525 - <module>()] INFO: Waiting For the Dome to Open at Beginning of Night
2017-12-11T12:15:44 [main.py:525 - <module>()] INFO: Waiting For the Dome to Open at Beginning of Night
2017-12-11T12:16:45 [main.py:525 - <module>()] INFO: Waiting For the Dome to Open at Beginning of Night
2017-12-11T12:17:45 [main.py:525 - <module>()] INFO: Waiting For the Dome to Open at Beginning of Night
2017-12-11T12:18:45 [main.py:525 - <module>()] INFO: Waiting For the Dome to Open at Beginning of Night
2017-12-11T12:19:46 [main.py:525 - <module>()] INFO: Waiting For the Dome to Open at Beginning of Night
2017-12-11T12:20:46 [main.py:525 - <module>()] INFO: Waiting For the Dome to Open at Beginning of Night
2017-12-11T12:21:46 [main.py:525 - <module>()] INFO: Waiting For the Dome to Open at Beginning of Night
2017-12-11T12:22:46 [main.py:525 - <module>()] INFO: Waiting For the Dome to Open at Beginning of Night
2017-12-11T12:23:47 [main.py:525 - <module>()] INFO: Waiting For the Dome to Open at Beginning of Night
2017-12-11T12:24:47 [main.py:525 - <module>()] INFO: Waiting For the Dome to Open at Beginning of Night
2017-12-11T12:25:47 [main.py:525 - <module>()] INFO: Waiting For the Dome to Open at Beginning of Night
2017-12-11T12:26:48 [main.py:525 - <module>()] INFO: Waiting For the Dome to Open at Beginning of Night
2017-12-11T12:27:48 [main.py:525 - <module>()] INFO: Waiting For the Dome to Open at Beginning of Night
2017-12-11T12:28:48 [main.py:525 - <module>()] INFO: Waiting For the Dome to Open at Beginning of Night
2017-12-11T12:29:48 [main.py:525 - <module>()] INFO: Waiting For the Dome to Open at Beginning of Night
2017-12-11T12:30:49 [main.py:525 - <module>()] INFO: Waiting For the Dome to Open at Beginning of Night
2017-12-11T12:31:49 [main.py:525 - <module>()] INFO: Waiting For the Dome to Open at Beginning of Night
2017-12-11T12:32:49 [main.py:525 - <module>()] INFO: Waiting For the Dome to Open at Beginning of Night
2017-12-11T12:33:50 [main.py:525 - <module>()] INFO: Waiting For the Dome to Open at Beginning of Night
2017-12-11T12:34:50 [main.py:525 - <module>()] INFO: Waiting For the Dome to Open at Beginning of Night
2017-12-11T12:35:50 [main.py:525 - <module>()] INFO: Waiting For the Dome to Open at Beginning of Night
2017-12-11T12:36:51 [main.py:525 - <module>()] INFO: Waiting For the Dome to Open at Beginning of Night
2017-12-11T12:37:51 [main.py:525 - <module>()] INFO: Waiting For the Dome to Open at Beginning of Night
2017-12-11T12:38:51 [main.py:525 - <module>()] INFO: Waiting For the Dome to Open at Beginning of Night
2017-12-11T12:39:51 [main.py:525 - <module>()] INFO: Waiting For the Dome to Open at Beginning of Night
2017-12-11T12:40:52 [main.py:525 - <module>()] INFO: Waiting For the Dome to Open at Beginning of Night
2017-12-11T12:41:52 [main.py:525 - <module>()] INFO: Waiting For the Dome to Open at Beginning of Night
2017-12-11T12:42:52 [main.py:525 - <module>()] INFO: Waiting For the Dome to Open at Beginning of Night
2017-12-11T12:43:53 [main.py:525 - <module>()] INFO: Waiting For the Dome to Open at Beginning of Night
2017-12-11T12:44:53 [main.py:525 - <module>()] INFO: Waiting For the Dome to Open at Beginning of Night
2017-12-11T12:45:53 [main.py:525 - <module>()] INFO: Waiting For the Dome to Open at Beginning of Night
2017-12-11T12:46:53 [main.py:525 - <module>()] INFO: Waiting For the Dome to Open at Beginning of Night
2017-12-11T12:47:54 [main.py:525 - <module>()] INFO: Waiting For the Dome to Open at Beginning of Night
2017-12-11T12:48:54 [main.py:525 - <module>()] INFO: Waiting For the Dome to Open at Beginning of Night
2017-12-11T12:49:54 [main.py:525 - <module>()] INFO: Waiting For the Dome to Open at Beginning of Night
2017-12-11T12:50:55 [main.py:525 - <module>()] INFO: Waiting For the Dome to Open at Beginning of Night
2017-12-11T12:51:55 [main.py:525 - <module>()] INFO: Waiting For the Dome to Open at Beginning of Night
2017-12-11T12:52:55 [main.py:525 - <module>()] INFO: Waiting For the Dome to Open at Beginning of Night
2017-12-11T12:53:55 [main.py:525 - <module>()] INFO: Waiting For the Dome to Open at Beginning of Night
2017-12-11T12:54:56 [main.py:525 - <module>()] INFO: Waiting For the Dome to Open at Beginning of Night
2017-12-11T12:55:56 [main.py:525 - <module>()] INFO: Waiting For the Dome to Open at Beginning of Night
2017-12-11T12:56:56 [main.py:525 - <module>()] INFO: Waiting For the Dome to Open at Beginning of Night
2017-12-11T12:57:57 [main.py:525 - <module>()] INFO: Waiting For the Dome to Open at Beginning of Night
2017-12-11T12:58:57 [main.py:525 - <module>()] INFO: Waiting For the Dome to Open at Beginning of Night
2017-12-11T12:59:57 [main.py:525 - <module>()] INFO: Waiting For the Dome to Open at Beginning of Night
2017-12-11T13:00:58 [main.py:525 - <module>()] INFO: Waiting For the Dome to Open at Beginning of Night
2017-12-11T13:01:58 [main.py:525 - <module>()] INFO: Waiting For the Dome to Open at Beginning of Night
2017-12-11T13:02:58 [main.py:525 - <module>()] INFO: Waiting For the Dome to Open at Beginning of Night
2017-12-11T13:03:58 [main.py:525 - <module>()] INFO: Waiting For the Dome to Open at Beginning of Night
2017-12-11T13:04:59 [main.py:525 - <module>()] INFO: Waiting For the Dome to Open at Beginning of Night
2017-12-11T13:05:59 [main.py:525 - <module>()] INFO: Waiting For the Dome to Open at Beginning of Night
2017-12-11T13:06:59 [main.py:525 - <module>()] INFO: Waiting For the Dome to Open at Beginning of Night
2017-12-11T13:06:59 [main.py:532 - <module>()] INFO: Past Nautical Twilight. Should close up
2017-12-11T13:06:59 [main.py:580 - <module>()] INFO: End Night
2017-12-11T13:06:59 [main.py:33 - endNight()] INFO: Parking/Disconnection from Telescope
2017-12-11T13:07:55 [main.py:38 - endNight()] INFO: Compressing data
2017-12-11T13:07:55 [main.py:43 - endNight()] INFO: Disconnecting imager
2017-12-11T13:08:20 [main.py:49 - endNight()] INFO: Backing Up data
2017-12-11T13:08:20 [main.py:55 - endNight()] INFO: Copying schedule file from ./schedule/n20171211 to C:/camal/data/n20171211/
2017-12-11T13:08:20 [main.py:62 - endNight()] INFO: Copying log file ./logs/n20171211\main.log to C:/camal/data/n20171211/
2017-12-11T13:08:24 [main.py:591 - <module>()] INFO: Updating Reduction File list
