2017-03-27T18:14:38 [<ipython-input-26-77d661d83738>:2 - <module>()] INFO: Waiting for sunset (26642.453574seconds)
2017-03-27T18:14:50 [main.py:168 - doDark()] INFO: Taking BIAS 1 of 3 (exptime = 0)
2017-03-27T18:14:50 [main.py:240 - takeImage()] INFO: Taking 0 second image
2017-03-27T18:19:08 [main.py:561 - <module>()] INFO: Waiting for sunset (26372.887574seconds)
2017-03-27T18:20:22 [main.py:168 - doDark()] INFO: Taking BIAS 1 of 1 (exptime = 0)
2017-03-27T18:20:22 [main.py:240 - takeImage()] INFO: Taking 0 second image
2017-03-27T18:20:22 [main.py:259 - takeImage()] INFO: Saving image: C:/camal/data/n20170328//0001BIAS.0.fits
2017-03-27T18:23:58 [main.py:168 - doDark()] INFO: Taking BIAS 1 of 1 (exptime = 0)
2017-03-27T18:23:58 [main.py:240 - takeImage()] INFO: Taking 0 second image
2017-03-27T18:23:58 [main.py:259 - takeImage()] INFO: Saving image: C:/camal/data/n20170328//0001BIAS.0.fits
2017-03-27T18:33:20 [main.py:561 - <module>()] INFO: Waiting for sunset (25520.699574seconds)
2017-03-27T18:33:20 [main.py:561 - <module>()] INFO: Waiting for sunset (25520.699574seconds)
2017-03-27T18:33:46 [main.py:561 - <module>()] INFO: Waiting for sunset (25494.440574seconds)
2017-03-27T18:35:01 [main.py:168 - doDark()] INFO: Taking BIAS 1 of 1 (exptime = 0)
2017-03-27T18:35:01 [main.py:240 - takeImage()] INFO: Taking 0 second image
2017-03-27T18:35:01 [main.py:259 - takeImage()] INFO: Saving image: C:/camal/data/n20170328//0001BIAS.0.fits
2017-03-27T18:49:48 [main.py:168 - doDark()] INFO: Taking BIAS 1 of 1 (exptime = 0)
2017-03-27T18:49:48 [main.py:240 - takeImage()] INFO: Taking 0 second image
2017-03-27T18:49:48 [main.py:259 - takeImage()] INFO: Saving image: C:/camal/data/n20170328//0001BIAS.0.fits
2017-03-27T19:05:49 [main.py:569 - <module>()] INFO: Waiting for sunset (23571.313574seconds)
2017-03-27T19:07:10 [main.py:168 - doDark()] INFO: Taking BIAS 1 of 1 (exptime = 0)
2017-03-27T19:07:10 [main.py:248 - takeImage()] INFO: Taking 0 second image
2017-03-27T19:07:11 [main.py:267 - takeImage()] INFO: Saving image: C:/camal/data/n20170328//0006BIAS.0.fits
2017-03-28T02:28:52 [main.py:168 - doDark()] INFO: Taking BIAS 1 of 30 (exptime = 0)
2017-03-28T02:28:52 [main.py:248 - takeImage()] INFO: Taking 0 second image
2017-03-28T02:28:54 [main.py:267 - takeImage()] INFO: Saving image: C:/camal/data/n20170328//0008BIAS.0.fits
2017-03-28T02:28:54 [main.py:168 - doDark()] INFO: Taking BIAS 2 of 30 (exptime = 0)
2017-03-28T02:28:54 [main.py:248 - takeImage()] INFO: Taking 0 second image
2017-03-28T02:28:55 [main.py:267 - takeImage()] INFO: Saving image: C:/camal/data/n20170328//0009BIAS.0.fits
2017-03-28T02:28:55 [main.py:168 - doDark()] INFO: Taking BIAS 3 of 30 (exptime = 0)
2017-03-28T02:28:55 [main.py:248 - takeImage()] INFO: Taking 0 second image
2017-03-28T02:28:56 [main.py:267 - takeImage()] INFO: Saving image: C:/camal/data/n20170328//0010BIAS.0.fits
2017-03-28T02:28:56 [main.py:168 - doDark()] INFO: Taking BIAS 4 of 30 (exptime = 0)
2017-03-28T02:28:56 [main.py:248 - takeImage()] INFO: Taking 0 second image
2017-03-28T02:28:57 [main.py:267 - takeImage()] INFO: Saving image: C:/camal/data/n20170328//0011BIAS.0.fits
2017-03-28T02:28:57 [main.py:168 - doDark()] INFO: Taking BIAS 5 of 30 (exptime = 0)
2017-03-28T02:28:57 [main.py:248 - takeImage()] INFO: Taking 0 second image
2017-03-28T02:28:59 [main.py:267 - takeImage()] INFO: Saving image: C:/camal/data/n20170328//0012BIAS.0.fits
2017-03-28T02:29:00 [main.py:168 - doDark()] INFO: Taking BIAS 6 of 30 (exptime = 0)
2017-03-28T02:29:00 [main.py:248 - takeImage()] INFO: Taking 0 second image
2017-03-28T02:29:01 [main.py:267 - takeImage()] INFO: Saving image: C:/camal/data/n20170328//0013BIAS.0.fits
2017-03-28T02:29:01 [main.py:168 - doDark()] INFO: Taking BIAS 7 of 30 (exptime = 0)
2017-03-28T02:29:01 [main.py:248 - takeImage()] INFO: Taking 0 second image
2017-03-28T02:29:02 [main.py:267 - takeImage()] INFO: Saving image: C:/camal/data/n20170328//0014BIAS.0.fits
2017-03-28T02:29:02 [main.py:168 - doDark()] INFO: Taking BIAS 8 of 30 (exptime = 0)
2017-03-28T02:29:02 [main.py:248 - takeImage()] INFO: Taking 0 second image
2017-03-28T02:29:03 [main.py:267 - takeImage()] INFO: Saving image: C:/camal/data/n20170328//0015BIAS.0.fits
2017-03-28T02:29:03 [main.py:168 - doDark()] INFO: Taking BIAS 9 of 30 (exptime = 0)
2017-03-28T02:29:03 [main.py:248 - takeImage()] INFO: Taking 0 second image
2017-03-28T02:29:04 [main.py:267 - takeImage()] INFO: Saving image: C:/camal/data/n20170328//0016BIAS.0.fits
2017-03-28T02:29:04 [main.py:168 - doDark()] INFO: Taking BIAS 10 of 30 (exptime = 0)
2017-03-28T02:29:04 [main.py:248 - takeImage()] INFO: Taking 0 second image
2017-03-28T02:29:05 [main.py:267 - takeImage()] INFO: Saving image: C:/camal/data/n20170328//0017BIAS.0.fits
2017-03-28T02:29:05 [main.py:168 - doDark()] INFO: Taking BIAS 11 of 30 (exptime = 0)
2017-03-28T02:29:05 [main.py:248 - takeImage()] INFO: Taking 0 second image
2017-03-28T02:29:06 [main.py:267 - takeImage()] INFO: Saving image: C:/camal/data/n20170328//0018BIAS.0.fits
2017-03-28T02:29:07 [main.py:168 - doDark()] INFO: Taking BIAS 12 of 30 (exptime = 0)
2017-03-28T02:29:07 [main.py:248 - takeImage()] INFO: Taking 0 second image
2017-03-28T02:29:08 [main.py:267 - takeImage()] INFO: Saving image: C:/camal/data/n20170328//0019BIAS.0.fits
2017-03-28T02:29:08 [main.py:168 - doDark()] INFO: Taking BIAS 13 of 30 (exptime = 0)
2017-03-28T02:29:08 [main.py:248 - takeImage()] INFO: Taking 0 second image
2017-03-28T02:29:09 [main.py:267 - takeImage()] INFO: Saving image: C:/camal/data/n20170328//0020BIAS.0.fits
2017-03-28T02:29:09 [main.py:168 - doDark()] INFO: Taking BIAS 14 of 30 (exptime = 0)
2017-03-28T02:29:09 [main.py:248 - takeImage()] INFO: Taking 0 second image
2017-03-28T02:29:10 [main.py:267 - takeImage()] INFO: Saving image: C:/camal/data/n20170328//0021BIAS.0.fits
2017-03-28T02:29:10 [main.py:168 - doDark()] INFO: Taking BIAS 15 of 30 (exptime = 0)
2017-03-28T02:29:10 [main.py:248 - takeImage()] INFO: Taking 0 second image
2017-03-28T02:29:11 [main.py:267 - takeImage()] INFO: Saving image: C:/camal/data/n20170328//0022BIAS.0.fits
2017-03-28T02:29:11 [main.py:168 - doDark()] INFO: Taking BIAS 16 of 30 (exptime = 0)
2017-03-28T02:29:11 [main.py:248 - takeImage()] INFO: Taking 0 second image
2017-03-28T02:29:12 [main.py:267 - takeImage()] INFO: Saving image: C:/camal/data/n20170328//0023BIAS.0.fits
2017-03-28T02:29:12 [main.py:168 - doDark()] INFO: Taking BIAS 17 of 30 (exptime = 0)
2017-03-28T02:29:12 [main.py:248 - takeImage()] INFO: Taking 0 second image
2017-03-28T02:29:14 [main.py:267 - takeImage()] INFO: Saving image: C:/camal/data/n20170328//0024BIAS.0.fits
2017-03-28T02:29:14 [main.py:168 - doDark()] INFO: Taking BIAS 18 of 30 (exptime = 0)
2017-03-28T02:29:14 [main.py:248 - takeImage()] INFO: Taking 0 second image
2017-03-28T02:29:15 [main.py:267 - takeImage()] INFO: Saving image: C:/camal/data/n20170328//0025BIAS.0.fits
2017-03-28T02:29:15 [main.py:168 - doDark()] INFO: Taking BIAS 19 of 30 (exptime = 0)
2017-03-28T02:29:15 [main.py:248 - takeImage()] INFO: Taking 0 second image
2017-03-28T02:29:16 [main.py:267 - takeImage()] INFO: Saving image: C:/camal/data/n20170328//0026BIAS.0.fits
2017-03-28T02:29:16 [main.py:168 - doDark()] INFO: Taking BIAS 20 of 30 (exptime = 0)
2017-03-28T02:29:16 [main.py:248 - takeImage()] INFO: Taking 0 second image
2017-03-28T02:29:17 [main.py:267 - takeImage()] INFO: Saving image: C:/camal/data/n20170328//0027BIAS.0.fits
2017-03-28T02:29:17 [main.py:168 - doDark()] INFO: Taking BIAS 21 of 30 (exptime = 0)
2017-03-28T02:29:17 [main.py:248 - takeImage()] INFO: Taking 0 second image
2017-03-28T02:29:18 [main.py:267 - takeImage()] INFO: Saving image: C:/camal/data/n20170328//0028BIAS.0.fits
2017-03-28T02:29:18 [main.py:168 - doDark()] INFO: Taking BIAS 22 of 30 (exptime = 0)
2017-03-28T02:29:18 [main.py:248 - takeImage()] INFO: Taking 0 second image
2017-03-28T02:29:19 [main.py:267 - takeImage()] INFO: Saving image: C:/camal/data/n20170328//0029BIAS.0.fits
2017-03-28T02:29:19 [main.py:168 - doDark()] INFO: Taking BIAS 23 of 30 (exptime = 0)
2017-03-28T02:29:19 [main.py:248 - takeImage()] INFO: Taking 0 second image
2017-03-28T02:29:21 [main.py:267 - takeImage()] INFO: Saving image: C:/camal/data/n20170328//0030BIAS.0.fits
2017-03-28T02:29:21 [main.py:168 - doDark()] INFO: Taking BIAS 24 of 30 (exptime = 0)
2017-03-28T02:29:21 [main.py:248 - takeImage()] INFO: Taking 0 second image
2017-03-28T02:29:22 [main.py:267 - takeImage()] INFO: Saving image: C:/camal/data/n20170328//0031BIAS.0.fits
2017-03-28T02:29:22 [main.py:168 - doDark()] INFO: Taking BIAS 25 of 30 (exptime = 0)
2017-03-28T02:29:22 [main.py:248 - takeImage()] INFO: Taking 0 second image
2017-03-28T02:29:23 [main.py:267 - takeImage()] INFO: Saving image: C:/camal/data/n20170328//0032BIAS.0.fits
2017-03-28T02:29:23 [main.py:168 - doDark()] INFO: Taking BIAS 26 of 30 (exptime = 0)
2017-03-28T02:29:23 [main.py:248 - takeImage()] INFO: Taking 0 second image
2017-03-28T02:29:24 [main.py:267 - takeImage()] INFO: Saving image: C:/camal/data/n20170328//0033BIAS.0.fits
2017-03-28T02:29:24 [main.py:168 - doDark()] INFO: Taking BIAS 27 of 30 (exptime = 0)
2017-03-28T02:29:24 [main.py:248 - takeImage()] INFO: Taking 0 second image
2017-03-28T02:29:25 [main.py:267 - takeImage()] INFO: Saving image: C:/camal/data/n20170328//0034BIAS.0.fits
2017-03-28T02:29:25 [main.py:168 - doDark()] INFO: Taking BIAS 28 of 30 (exptime = 0)
2017-03-28T02:29:25 [main.py:248 - takeImage()] INFO: Taking 0 second image
2017-03-28T02:29:26 [main.py:267 - takeImage()] INFO: Saving image: C:/camal/data/n20170328//0035BIAS.0.fits
2017-03-28T02:29:26 [main.py:168 - doDark()] INFO: Taking BIAS 29 of 30 (exptime = 0)
2017-03-28T02:29:26 [main.py:248 - takeImage()] INFO: Taking 0 second image
2017-03-28T02:29:28 [main.py:267 - takeImage()] INFO: Saving image: C:/camal/data/n20170328//0036BIAS.0.fits
2017-03-28T02:29:28 [main.py:168 - doDark()] INFO: Taking BIAS 30 of 30 (exptime = 0)
2017-03-28T02:29:28 [main.py:248 - takeImage()] INFO: Taking 0 second image
2017-03-28T02:29:29 [main.py:267 - takeImage()] INFO: Saving image: C:/camal/data/n20170328//0037BIAS.0.fits
2017-03-28T02:29:29 [main.py:587 - <module>()] INFO: Waiting for nautical twilight to end (210.013023seconds)
2017-03-28T02:32:59 [main.py:592 - <module>()] INFO: Waiting For the Dome to Open at Beginning of Night
2017-03-28T02:34:00 [main.py:592 - <module>()] INFO: Waiting For the Dome to Open at Beginning of Night
2017-03-28T02:35:00 [main.py:592 - <module>()] INFO: Waiting For the Dome to Open at Beginning of Night
2017-03-28T02:36:00 [main.py:592 - <module>()] INFO: Waiting For the Dome to Open at Beginning of Night
2017-03-28T02:37:01 [main.py:592 - <module>()] INFO: Waiting For the Dome to Open at Beginning of Night
2017-03-28T02:38:01 [main.py:592 - <module>()] INFO: Waiting For the Dome to Open at Beginning of Night
2017-03-28T02:39:01 [main.py:592 - <module>()] INFO: Waiting For the Dome to Open at Beginning of Night
2017-03-28T02:40:02 [main.py:592 - <module>()] INFO: Waiting For the Dome to Open at Beginning of Night
2017-03-28T02:41:02 [main.py:592 - <module>()] INFO: Waiting For the Dome to Open at Beginning of Night
2017-03-28T02:42:02 [main.py:592 - <module>()] INFO: Waiting For the Dome to Open at Beginning of Night
2017-03-28T02:43:03 [main.py:592 - <module>()] INFO: Waiting For the Dome to Open at Beginning of Night
2017-03-28T02:44:03 [main.py:592 - <module>()] INFO: Waiting For the Dome to Open at Beginning of Night
2017-03-28T02:45:03 [main.py:592 - <module>()] INFO: Waiting For the Dome to Open at Beginning of Night
2017-03-28T02:46:03 [main.py:592 - <module>()] INFO: Waiting For the Dome to Open at Beginning of Night
2017-03-28T02:47:04 [main.py:592 - <module>()] INFO: Waiting For the Dome to Open at Beginning of Night
2017-03-28T02:48:04 [main.py:592 - <module>()] INFO: Waiting For the Dome to Open at Beginning of Night
2017-03-28T02:49:04 [main.py:592 - <module>()] INFO: Waiting For the Dome to Open at Beginning of Night
2017-03-28T02:50:05 [main.py:592 - <module>()] INFO: Waiting For the Dome to Open at Beginning of Night
2017-03-28T02:51:05 [main.py:592 - <module>()] INFO: Waiting For the Dome to Open at Beginning of Night
2017-03-28T02:52:05 [main.py:592 - <module>()] INFO: Waiting For the Dome to Open at Beginning of Night
2017-03-28T02:53:06 [main.py:592 - <module>()] INFO: Waiting For the Dome to Open at Beginning of Night
2017-03-28T02:54:06 [main.py:592 - <module>()] INFO: Waiting For the Dome to Open at Beginning of Night
2017-03-28T02:55:07 [main.py:592 - <module>()] INFO: Waiting For the Dome to Open at Beginning of Night
2017-03-28T02:56:07 [main.py:592 - <module>()] INFO: Waiting For the Dome to Open at Beginning of Night
2017-03-28T02:57:07 [main.py:592 - <module>()] INFO: Waiting For the Dome to Open at Beginning of Night
2017-03-28T02:58:08 [main.py:592 - <module>()] INFO: Waiting For the Dome to Open at Beginning of Night
2017-03-28T02:59:08 [main.py:592 - <module>()] INFO: Waiting For the Dome to Open at Beginning of Night
2017-03-28T03:00:08 [main.py:592 - <module>()] INFO: Waiting For the Dome to Open at Beginning of Night
2017-03-28T03:01:09 [main.py:592 - <module>()] INFO: Waiting For the Dome to Open at Beginning of Night
2017-03-28T03:02:09 [main.py:592 - <module>()] INFO: Waiting For the Dome to Open at Beginning of Night
2017-03-28T03:03:09 [main.py:592 - <module>()] INFO: Waiting For the Dome to Open at Beginning of Night
2017-03-28T03:04:09 [main.py:592 - <module>()] INFO: Waiting For the Dome to Open at Beginning of Night
2017-03-28T03:05:10 [main.py:592 - <module>()] INFO: Waiting For the Dome to Open at Beginning of Night
2017-03-28T03:06:10 [main.py:592 - <module>()] INFO: Waiting For the Dome to Open at Beginning of Night
2017-03-28T03:07:10 [main.py:592 - <module>()] INFO: Waiting For the Dome to Open at Beginning of Night
2017-03-28T03:08:11 [main.py:592 - <module>()] INFO: Waiting For the Dome to Open at Beginning of Night
2017-03-28T03:09:11 [main.py:592 - <module>()] INFO: Waiting For the Dome to Open at Beginning of Night
2017-03-28T03:10:11 [main.py:592 - <module>()] INFO: Waiting For the Dome to Open at Beginning of Night
2017-03-28T03:11:12 [main.py:592 - <module>()] INFO: Waiting For the Dome to Open at Beginning of Night
2017-03-28T03:12:12 [main.py:592 - <module>()] INFO: Waiting For the Dome to Open at Beginning of Night
2017-03-28T03:13:12 [main.py:592 - <module>()] INFO: Waiting For the Dome to Open at Beginning of Night
2017-03-28T03:14:13 [main.py:592 - <module>()] INFO: Waiting For the Dome to Open at Beginning of Night
2017-03-28T03:15:13 [main.py:592 - <module>()] INFO: Waiting For the Dome to Open at Beginning of Night
2017-03-28T03:16:13 [main.py:592 - <module>()] INFO: Waiting For the Dome to Open at Beginning of Night
2017-03-28T03:17:14 [main.py:592 - <module>()] INFO: Waiting For the Dome to Open at Beginning of Night
2017-03-28T03:18:14 [main.py:592 - <module>()] INFO: Waiting For the Dome to Open at Beginning of Night
2017-03-28T03:19:14 [main.py:592 - <module>()] INFO: Waiting For the Dome to Open at Beginning of Night
2017-03-28T03:20:15 [main.py:592 - <module>()] INFO: Waiting For the Dome to Open at Beginning of Night
2017-03-28T03:21:15 [main.py:592 - <module>()] INFO: Waiting For the Dome to Open at Beginning of Night
2017-03-28T03:22:15 [main.py:592 - <module>()] INFO: Waiting For the Dome to Open at Beginning of Night
2017-03-28T05:01:23 [main.py:592 - <module>()] INFO: Waiting For the Dome to Open at Beginning of Night
