2018-02-14T00:45:54 [main.py:488 - <module>()] INFO: Waiting for sunset (1288.173857seconds)
2018-02-14T01:11:52 [main.py:499 - <module>()] INFO: Taking 30 Biases
2018-02-14T01:11:52 [main.py:163 - doDark()] INFO: Taking BIAS 1 of 30 (exptime = 0)
2018-02-14T01:11:52 [main.py:227 - takeImage()] INFO: Taking 0 second image
2018-02-14T01:11:54 [main.py:248 - takeImage()] INFO: Saving image: C:/camal/data/n20180214//0001BIAS.0.fits
2018-02-14T01:11:54 [main.py:163 - doDark()] INFO: Taking BIAS 2 of 30 (exptime = 0)
2018-02-14T01:11:54 [main.py:227 - takeImage()] INFO: Taking 0 second image
2018-02-14T01:11:56 [main.py:248 - takeImage()] INFO: Saving image: C:/camal/data/n20180214//0002BIAS.0.fits
2018-02-14T01:11:56 [main.py:163 - doDark()] INFO: Taking BIAS 3 of 30 (exptime = 0)
2018-02-14T01:11:56 [main.py:227 - takeImage()] INFO: Taking 0 second image
2018-02-14T01:11:58 [main.py:248 - takeImage()] INFO: Saving image: C:/camal/data/n20180214//0003BIAS.0.fits
2018-02-14T01:11:58 [main.py:163 - doDark()] INFO: Taking BIAS 4 of 30 (exptime = 0)
2018-02-14T01:11:58 [main.py:227 - takeImage()] INFO: Taking 0 second image
2018-02-14T01:12:01 [main.py:248 - takeImage()] INFO: Saving image: C:/camal/data/n20180214//0004BIAS.0.fits
2018-02-14T01:12:01 [main.py:163 - doDark()] INFO: Taking BIAS 5 of 30 (exptime = 0)
2018-02-14T01:12:01 [main.py:227 - takeImage()] INFO: Taking 0 second image
2018-02-14T01:12:03 [main.py:248 - takeImage()] INFO: Saving image: C:/camal/data/n20180214//0005BIAS.0.fits
2018-02-14T01:12:03 [main.py:163 - doDark()] INFO: Taking BIAS 6 of 30 (exptime = 0)
2018-02-14T01:12:03 [main.py:227 - takeImage()] INFO: Taking 0 second image
2018-02-14T01:12:05 [main.py:248 - takeImage()] INFO: Saving image: C:/camal/data/n20180214//0006BIAS.0.fits
2018-02-14T01:12:05 [main.py:163 - doDark()] INFO: Taking BIAS 7 of 30 (exptime = 0)
2018-02-14T01:12:05 [main.py:227 - takeImage()] INFO: Taking 0 second image
2018-02-14T01:12:08 [main.py:248 - takeImage()] INFO: Saving image: C:/camal/data/n20180214//0007BIAS.0.fits
2018-02-14T01:12:08 [main.py:163 - doDark()] INFO: Taking BIAS 8 of 30 (exptime = 0)
2018-02-14T01:12:08 [main.py:227 - takeImage()] INFO: Taking 0 second image
2018-02-14T01:12:09 [main.py:248 - takeImage()] INFO: Saving image: C:/camal/data/n20180214//0008BIAS.0.fits
2018-02-14T01:12:09 [main.py:163 - doDark()] INFO: Taking BIAS 9 of 30 (exptime = 0)
2018-02-14T01:12:09 [main.py:227 - takeImage()] INFO: Taking 0 second image
2018-02-14T01:12:11 [main.py:248 - takeImage()] INFO: Saving image: C:/camal/data/n20180214//0009BIAS.0.fits
2018-02-14T01:12:11 [main.py:163 - doDark()] INFO: Taking BIAS 10 of 30 (exptime = 0)
2018-02-14T01:12:11 [main.py:227 - takeImage()] INFO: Taking 0 second image
2018-02-14T01:12:14 [main.py:248 - takeImage()] INFO: Saving image: C:/camal/data/n20180214//0010BIAS.0.fits
2018-02-14T01:12:14 [main.py:163 - doDark()] INFO: Taking BIAS 11 of 30 (exptime = 0)
2018-02-14T01:12:14 [main.py:227 - takeImage()] INFO: Taking 0 second image
2018-02-14T01:12:15 [main.py:248 - takeImage()] INFO: Saving image: C:/camal/data/n20180214//0011BIAS.0.fits
2018-02-14T01:12:15 [main.py:163 - doDark()] INFO: Taking BIAS 12 of 30 (exptime = 0)
2018-02-14T01:12:15 [main.py:227 - takeImage()] INFO: Taking 0 second image
2018-02-14T01:12:17 [main.py:248 - takeImage()] INFO: Saving image: C:/camal/data/n20180214//0012BIAS.0.fits
2018-02-14T01:12:17 [main.py:163 - doDark()] INFO: Taking BIAS 13 of 30 (exptime = 0)
2018-02-14T01:12:17 [main.py:227 - takeImage()] INFO: Taking 0 second image
2018-02-14T01:12:19 [main.py:248 - takeImage()] INFO: Saving image: C:/camal/data/n20180214//0013BIAS.0.fits
2018-02-14T01:12:19 [main.py:163 - doDark()] INFO: Taking BIAS 14 of 30 (exptime = 0)
2018-02-14T01:12:19 [main.py:227 - takeImage()] INFO: Taking 0 second image
2018-02-14T01:12:22 [main.py:248 - takeImage()] INFO: Saving image: C:/camal/data/n20180214//0014BIAS.0.fits
2018-02-14T01:12:22 [main.py:163 - doDark()] INFO: Taking BIAS 15 of 30 (exptime = 0)
2018-02-14T01:12:22 [main.py:227 - takeImage()] INFO: Taking 0 second image
2018-02-14T01:12:24 [main.py:248 - takeImage()] INFO: Saving image: C:/camal/data/n20180214//0015BIAS.0.fits
2018-02-14T01:12:24 [main.py:163 - doDark()] INFO: Taking BIAS 16 of 30 (exptime = 0)
2018-02-14T01:12:24 [main.py:227 - takeImage()] INFO: Taking 0 second image
2018-02-14T01:12:26 [main.py:248 - takeImage()] INFO: Saving image: C:/camal/data/n20180214//0016BIAS.0.fits
2018-02-14T01:12:26 [main.py:163 - doDark()] INFO: Taking BIAS 17 of 30 (exptime = 0)
2018-02-14T01:12:26 [main.py:227 - takeImage()] INFO: Taking 0 second image
2018-02-14T01:12:28 [main.py:248 - takeImage()] INFO: Saving image: C:/camal/data/n20180214//0017BIAS.0.fits
2018-02-14T01:12:28 [main.py:163 - doDark()] INFO: Taking BIAS 18 of 30 (exptime = 0)
2018-02-14T01:12:28 [main.py:227 - takeImage()] INFO: Taking 0 second image
2018-02-14T01:12:30 [main.py:248 - takeImage()] INFO: Saving image: C:/camal/data/n20180214//0018BIAS.0.fits
2018-02-14T01:12:30 [main.py:163 - doDark()] INFO: Taking BIAS 19 of 30 (exptime = 0)
2018-02-14T01:12:30 [main.py:227 - takeImage()] INFO: Taking 0 second image
2018-02-14T01:12:32 [main.py:248 - takeImage()] INFO: Saving image: C:/camal/data/n20180214//0019BIAS.0.fits
2018-02-14T01:12:32 [main.py:163 - doDark()] INFO: Taking BIAS 20 of 30 (exptime = 0)
2018-02-14T01:12:32 [main.py:227 - takeImage()] INFO: Taking 0 second image
2018-02-14T01:12:35 [main.py:248 - takeImage()] INFO: Saving image: C:/camal/data/n20180214//0020BIAS.0.fits
2018-02-14T01:12:35 [main.py:163 - doDark()] INFO: Taking BIAS 21 of 30 (exptime = 0)
2018-02-14T01:12:35 [main.py:227 - takeImage()] INFO: Taking 0 second image
2018-02-14T01:12:37 [main.py:248 - takeImage()] INFO: Saving image: C:/camal/data/n20180214//0021BIAS.0.fits
2018-02-14T01:12:37 [main.py:163 - doDark()] INFO: Taking BIAS 22 of 30 (exptime = 0)
2018-02-14T01:12:37 [main.py:227 - takeImage()] INFO: Taking 0 second image
2018-02-14T01:12:39 [main.py:248 - takeImage()] INFO: Saving image: C:/camal/data/n20180214//0022BIAS.0.fits
2018-02-14T01:12:39 [main.py:163 - doDark()] INFO: Taking BIAS 23 of 30 (exptime = 0)
2018-02-14T01:12:39 [main.py:227 - takeImage()] INFO: Taking 0 second image
2018-02-14T01:12:41 [main.py:248 - takeImage()] INFO: Saving image: C:/camal/data/n20180214//0023BIAS.0.fits
2018-02-14T01:12:42 [main.py:163 - doDark()] INFO: Taking BIAS 24 of 30 (exptime = 0)
2018-02-14T01:12:42 [main.py:227 - takeImage()] INFO: Taking 0 second image
2018-02-14T01:12:44 [main.py:248 - takeImage()] INFO: Saving image: C:/camal/data/n20180214//0024BIAS.0.fits
2018-02-14T01:12:44 [main.py:163 - doDark()] INFO: Taking BIAS 25 of 30 (exptime = 0)
2018-02-14T01:12:44 [main.py:227 - takeImage()] INFO: Taking 0 second image
2018-02-14T01:12:46 [main.py:248 - takeImage()] INFO: Saving image: C:/camal/data/n20180214//0025BIAS.0.fits
2018-02-14T01:12:46 [main.py:163 - doDark()] INFO: Taking BIAS 26 of 30 (exptime = 0)
2018-02-14T01:12:46 [main.py:227 - takeImage()] INFO: Taking 0 second image
2018-02-14T01:12:48 [main.py:248 - takeImage()] INFO: Saving image: C:/camal/data/n20180214//0026BIAS.0.fits
2018-02-14T01:12:48 [main.py:163 - doDark()] INFO: Taking BIAS 27 of 30 (exptime = 0)
2018-02-14T01:12:48 [main.py:227 - takeImage()] INFO: Taking 0 second image
2018-02-14T01:12:51 [main.py:248 - takeImage()] INFO: Saving image: C:/camal/data/n20180214//0027BIAS.0.fits
2018-02-14T01:12:51 [main.py:163 - doDark()] INFO: Taking BIAS 28 of 30 (exptime = 0)
2018-02-14T01:12:51 [main.py:227 - takeImage()] INFO: Taking 0 second image
2018-02-14T01:12:53 [main.py:248 - takeImage()] INFO: Saving image: C:/camal/data/n20180214//0028BIAS.0.fits
2018-02-14T01:12:53 [main.py:163 - doDark()] INFO: Taking BIAS 29 of 30 (exptime = 0)
2018-02-14T01:12:53 [main.py:227 - takeImage()] INFO: Taking 0 second image
2018-02-14T01:12:55 [main.py:248 - takeImage()] INFO: Saving image: C:/camal/data/n20180214//0029BIAS.0.fits
2018-02-14T01:12:55 [main.py:163 - doDark()] INFO: Taking BIAS 30 of 30 (exptime = 0)
2018-02-14T01:12:55 [main.py:227 - takeImage()] INFO: Taking 0 second image
2018-02-14T01:12:58 [main.py:248 - takeImage()] INFO: Saving image: C:/camal/data/n20180214//0030BIAS.0.fits
2018-02-14T01:12:58 [main.py:505 - <module>()] INFO: Waiting for nautical twilight to end (2962.060985seconds)
2018-02-14T02:02:20 [main.py:510 - <module>()] INFO: Making Schedule
2018-02-14T02:02:28 [main.py:525 - <module>()] INFO: Waiting For the Dome to Open at Beginning of Night
2018-02-14T02:03:29 [main.py:525 - <module>()] INFO: Waiting For the Dome to Open at Beginning of Night
2018-02-14T02:04:30 [main.py:525 - <module>()] INFO: Waiting For the Dome to Open at Beginning of Night
2018-02-14T02:05:30 [main.py:525 - <module>()] INFO: Waiting For the Dome to Open at Beginning of Night
