2017-11-12T00:45:45 [main.py:499 - <module>()] INFO: Taking 30 Biases
2017-11-12T00:45:45 [main.py:163 - doDark()] INFO: Taking BIAS 1 of 30 (exptime = 0)
2017-11-12T00:45:45 [main.py:227 - takeImage()] INFO: Taking 0 second image
2017-11-12T00:45:47 [main.py:248 - takeImage()] INFO: Saving image: C:/camal/data/n20171112//0001BIAS.0.fits
2017-11-12T00:45:47 [main.py:163 - doDark()] INFO: Taking BIAS 2 of 30 (exptime = 0)
2017-11-12T00:45:47 [main.py:227 - takeImage()] INFO: Taking 0 second image
2017-11-12T00:45:49 [main.py:248 - takeImage()] INFO: Saving image: C:/camal/data/n20171112//0002BIAS.0.fits
2017-11-12T00:45:49 [main.py:163 - doDark()] INFO: Taking BIAS 3 of 30 (exptime = 0)
2017-11-12T00:45:49 [main.py:227 - takeImage()] INFO: Taking 0 second image
2017-11-12T00:45:50 [main.py:248 - takeImage()] INFO: Saving image: C:/camal/data/n20171112//0003BIAS.0.fits
2017-11-12T00:45:50 [main.py:163 - doDark()] INFO: Taking BIAS 4 of 30 (exptime = 0)
2017-11-12T00:45:50 [main.py:227 - takeImage()] INFO: Taking 0 second image
2017-11-12T00:45:51 [main.py:248 - takeImage()] INFO: Saving image: C:/camal/data/n20171112//0004BIAS.0.fits
2017-11-12T00:45:52 [main.py:163 - doDark()] INFO: Taking BIAS 5 of 30 (exptime = 0)
2017-11-12T00:45:52 [main.py:227 - takeImage()] INFO: Taking 0 second image
2017-11-12T00:45:53 [main.py:248 - takeImage()] INFO: Saving image: C:/camal/data/n20171112//0005BIAS.0.fits
2017-11-12T00:45:53 [main.py:163 - doDark()] INFO: Taking BIAS 6 of 30 (exptime = 0)
2017-11-12T00:45:53 [main.py:227 - takeImage()] INFO: Taking 0 second image
2017-11-12T00:45:54 [main.py:248 - takeImage()] INFO: Saving image: C:/camal/data/n20171112//0006BIAS.0.fits
2017-11-12T00:45:54 [main.py:163 - doDark()] INFO: Taking BIAS 7 of 30 (exptime = 0)
2017-11-12T00:45:54 [main.py:227 - takeImage()] INFO: Taking 0 second image
2017-11-12T00:45:56 [main.py:248 - takeImage()] INFO: Saving image: C:/camal/data/n20171112//0007BIAS.0.fits
2017-11-12T00:45:56 [main.py:163 - doDark()] INFO: Taking BIAS 8 of 30 (exptime = 0)
2017-11-12T00:45:56 [main.py:227 - takeImage()] INFO: Taking 0 second image
2017-11-12T00:45:57 [main.py:248 - takeImage()] INFO: Saving image: C:/camal/data/n20171112//0008BIAS.0.fits
2017-11-12T00:45:57 [main.py:163 - doDark()] INFO: Taking BIAS 9 of 30 (exptime = 0)
2017-11-12T00:45:57 [main.py:227 - takeImage()] INFO: Taking 0 second image
2017-11-12T00:45:58 [main.py:248 - takeImage()] INFO: Saving image: C:/camal/data/n20171112//0009BIAS.0.fits
2017-11-12T00:45:58 [main.py:163 - doDark()] INFO: Taking BIAS 10 of 30 (exptime = 0)
2017-11-12T00:45:58 [main.py:227 - takeImage()] INFO: Taking 0 second image
2017-11-12T00:46:00 [main.py:248 - takeImage()] INFO: Saving image: C:/camal/data/n20171112//0010BIAS.0.fits
2017-11-12T00:46:00 [main.py:163 - doDark()] INFO: Taking BIAS 11 of 30 (exptime = 0)
2017-11-12T00:46:00 [main.py:227 - takeImage()] INFO: Taking 0 second image
2017-11-12T00:46:01 [main.py:248 - takeImage()] INFO: Saving image: C:/camal/data/n20171112//0011BIAS.0.fits
2017-11-12T00:46:01 [main.py:163 - doDark()] INFO: Taking BIAS 12 of 30 (exptime = 0)
2017-11-12T00:46:01 [main.py:227 - takeImage()] INFO: Taking 0 second image
2017-11-12T00:46:02 [main.py:248 - takeImage()] INFO: Saving image: C:/camal/data/n20171112//0012BIAS.0.fits
2017-11-12T00:46:03 [main.py:163 - doDark()] INFO: Taking BIAS 13 of 30 (exptime = 0)
2017-11-12T00:46:03 [main.py:227 - takeImage()] INFO: Taking 0 second image
2017-11-12T00:46:04 [main.py:248 - takeImage()] INFO: Saving image: C:/camal/data/n20171112//0013BIAS.0.fits
2017-11-12T00:46:04 [main.py:163 - doDark()] INFO: Taking BIAS 14 of 30 (exptime = 0)
2017-11-12T00:46:04 [main.py:227 - takeImage()] INFO: Taking 0 second image
2017-11-12T00:46:05 [main.py:248 - takeImage()] INFO: Saving image: C:/camal/data/n20171112//0014BIAS.0.fits
2017-11-12T00:46:06 [main.py:163 - doDark()] INFO: Taking BIAS 15 of 30 (exptime = 0)
2017-11-12T00:46:06 [main.py:227 - takeImage()] INFO: Taking 0 second image
2017-11-12T00:46:07 [main.py:248 - takeImage()] INFO: Saving image: C:/camal/data/n20171112//0015BIAS.0.fits
2017-11-12T00:46:07 [main.py:163 - doDark()] INFO: Taking BIAS 16 of 30 (exptime = 0)
2017-11-12T00:46:07 [main.py:227 - takeImage()] INFO: Taking 0 second image
2017-11-12T00:46:08 [main.py:248 - takeImage()] INFO: Saving image: C:/camal/data/n20171112//0016BIAS.0.fits
2017-11-12T00:46:08 [main.py:163 - doDark()] INFO: Taking BIAS 17 of 30 (exptime = 0)
2017-11-12T00:46:08 [main.py:227 - takeImage()] INFO: Taking 0 second image
2017-11-12T00:46:10 [main.py:248 - takeImage()] INFO: Saving image: C:/camal/data/n20171112//0017BIAS.0.fits
2017-11-12T00:46:10 [main.py:163 - doDark()] INFO: Taking BIAS 18 of 30 (exptime = 0)
2017-11-12T00:46:10 [main.py:227 - takeImage()] INFO: Taking 0 second image
2017-11-12T00:46:11 [main.py:248 - takeImage()] INFO: Saving image: C:/camal/data/n20171112//0018BIAS.0.fits
2017-11-12T00:46:11 [main.py:163 - doDark()] INFO: Taking BIAS 19 of 30 (exptime = 0)
2017-11-12T00:46:11 [main.py:227 - takeImage()] INFO: Taking 0 second image
2017-11-12T00:46:12 [main.py:248 - takeImage()] INFO: Saving image: C:/camal/data/n20171112//0019BIAS.0.fits
2017-11-12T00:46:12 [main.py:163 - doDark()] INFO: Taking BIAS 20 of 30 (exptime = 0)
2017-11-12T00:46:12 [main.py:227 - takeImage()] INFO: Taking 0 second image
2017-11-12T00:46:14 [main.py:248 - takeImage()] INFO: Saving image: C:/camal/data/n20171112//0020BIAS.0.fits
2017-11-12T00:46:14 [main.py:163 - doDark()] INFO: Taking BIAS 21 of 30 (exptime = 0)
2017-11-12T00:46:14 [main.py:227 - takeImage()] INFO: Taking 0 second image
2017-11-12T00:46:15 [main.py:248 - takeImage()] INFO: Saving image: C:/camal/data/n20171112//0021BIAS.0.fits
2017-11-12T00:46:15 [main.py:163 - doDark()] INFO: Taking BIAS 22 of 30 (exptime = 0)
2017-11-12T00:46:15 [main.py:227 - takeImage()] INFO: Taking 0 second image
2017-11-12T00:46:17 [main.py:248 - takeImage()] INFO: Saving image: C:/camal/data/n20171112//0022BIAS.0.fits
2017-11-12T00:46:17 [main.py:163 - doDark()] INFO: Taking BIAS 23 of 30 (exptime = 0)
2017-11-12T00:46:17 [main.py:227 - takeImage()] INFO: Taking 0 second image
2017-11-12T00:46:18 [main.py:248 - takeImage()] INFO: Saving image: C:/camal/data/n20171112//0023BIAS.0.fits
2017-11-12T00:46:18 [main.py:163 - doDark()] INFO: Taking BIAS 24 of 30 (exptime = 0)
2017-11-12T00:46:18 [main.py:227 - takeImage()] INFO: Taking 0 second image
2017-11-12T00:46:19 [main.py:248 - takeImage()] INFO: Saving image: C:/camal/data/n20171112//0024BIAS.0.fits
2017-11-12T00:46:20 [main.py:163 - doDark()] INFO: Taking BIAS 25 of 30 (exptime = 0)
2017-11-12T00:46:20 [main.py:227 - takeImage()] INFO: Taking 0 second image
2017-11-12T00:46:21 [main.py:248 - takeImage()] INFO: Saving image: C:/camal/data/n20171112//0025BIAS.0.fits
2017-11-12T00:46:21 [main.py:163 - doDark()] INFO: Taking BIAS 26 of 30 (exptime = 0)
2017-11-12T00:46:21 [main.py:227 - takeImage()] INFO: Taking 0 second image
2017-11-12T00:46:22 [main.py:248 - takeImage()] INFO: Saving image: C:/camal/data/n20171112//0026BIAS.0.fits
2017-11-12T00:46:22 [main.py:163 - doDark()] INFO: Taking BIAS 27 of 30 (exptime = 0)
2017-11-12T00:46:22 [main.py:227 - takeImage()] INFO: Taking 0 second image
2017-11-12T00:46:24 [main.py:248 - takeImage()] INFO: Saving image: C:/camal/data/n20171112//0027BIAS.0.fits
2017-11-12T00:46:24 [main.py:163 - doDark()] INFO: Taking BIAS 28 of 30 (exptime = 0)
2017-11-12T00:46:24 [main.py:227 - takeImage()] INFO: Taking 0 second image
2017-11-12T00:46:25 [main.py:248 - takeImage()] INFO: Saving image: C:/camal/data/n20171112//0028BIAS.0.fits
2017-11-12T00:46:25 [main.py:163 - doDark()] INFO: Taking BIAS 29 of 30 (exptime = 0)
2017-11-12T00:46:25 [main.py:227 - takeImage()] INFO: Taking 0 second image
2017-11-12T00:46:27 [main.py:248 - takeImage()] INFO: Saving image: C:/camal/data/n20171112//0029BIAS.0.fits
2017-11-12T00:46:27 [main.py:163 - doDark()] INFO: Taking BIAS 30 of 30 (exptime = 0)
2017-11-12T00:46:27 [main.py:227 - takeImage()] INFO: Taking 0 second image
2017-11-12T00:46:28 [main.py:248 - takeImage()] INFO: Saving image: C:/camal/data/n20171112//0030BIAS.0.fits
2017-11-12T00:46:28 [main.py:505 - <module>()] INFO: Waiting for nautical twilight to end (2087.977268seconds)
2017-11-12T01:21:17 [main.py:510 - <module>()] INFO: Waiting For the Dome to Open at Beginning of Night
2017-11-12T01:22:17 [main.py:510 - <module>()] INFO: Waiting For the Dome to Open at Beginning of Night
2017-11-12T01:23:17 [main.py:510 - <module>()] INFO: Waiting For the Dome to Open at Beginning of Night
2017-11-12T01:24:18 [main.py:510 - <module>()] INFO: Waiting For the Dome to Open at Beginning of Night
2017-11-12T01:25:18 [main.py:510 - <module>()] INFO: Waiting For the Dome to Open at Beginning of Night
2017-11-12T01:26:18 [main.py:510 - <module>()] INFO: Waiting For the Dome to Open at Beginning of Night
2017-11-12T01:27:18 [main.py:510 - <module>()] INFO: Waiting For the Dome to Open at Beginning of Night
2017-11-12T01:28:19 [main.py:510 - <module>()] INFO: Waiting For the Dome to Open at Beginning of Night
2017-11-12T01:29:19 [main.py:510 - <module>()] INFO: Waiting For the Dome to Open at Beginning of Night
2017-11-12T01:30:19 [main.py:510 - <module>()] INFO: Waiting For the Dome to Open at Beginning of Night
2017-11-12T01:31:19 [main.py:510 - <module>()] INFO: Waiting For the Dome to Open at Beginning of Night
2017-11-12T01:32:20 [main.py:510 - <module>()] INFO: Waiting For the Dome to Open at Beginning of Night
2017-11-12T01:33:20 [main.py:510 - <module>()] INFO: Waiting For the Dome to Open at Beginning of Night
2017-11-12T01:34:20 [main.py:510 - <module>()] INFO: Waiting For the Dome to Open at Beginning of Night
2017-11-12T01:35:20 [main.py:510 - <module>()] INFO: Waiting For the Dome to Open at Beginning of Night
2017-11-12T01:36:21 [main.py:510 - <module>()] INFO: Waiting For the Dome to Open at Beginning of Night
2017-11-12T01:37:21 [main.py:510 - <module>()] INFO: Waiting For the Dome to Open at Beginning of Night
2017-11-12T01:38:21 [main.py:510 - <module>()] INFO: Waiting For the Dome to Open at Beginning of Night
2017-11-12T01:39:22 [main.py:510 - <module>()] INFO: Waiting For the Dome to Open at Beginning of Night
2017-11-12T01:40:22 [main.py:510 - <module>()] INFO: Waiting For the Dome to Open at Beginning of Night
2017-11-12T01:41:22 [main.py:510 - <module>()] INFO: Waiting For the Dome to Open at Beginning of Night
2017-11-12T01:42:22 [main.py:510 - <module>()] INFO: Waiting For the Dome to Open at Beginning of Night
2017-11-12T01:43:23 [main.py:510 - <module>()] INFO: Waiting For the Dome to Open at Beginning of Night
2017-11-12T01:44:23 [main.py:510 - <module>()] INFO: Waiting For the Dome to Open at Beginning of Night
2017-11-12T01:45:23 [main.py:510 - <module>()] INFO: Waiting For the Dome to Open at Beginning of Night
2017-11-12T01:46:23 [main.py:510 - <module>()] INFO: Waiting For the Dome to Open at Beginning of Night
2017-11-12T01:47:24 [main.py:510 - <module>()] INFO: Waiting For the Dome to Open at Beginning of Night
2017-11-12T01:48:24 [main.py:510 - <module>()] INFO: Waiting For the Dome to Open at Beginning of Night
2017-11-12T01:49:24 [main.py:510 - <module>()] INFO: Waiting For the Dome to Open at Beginning of Night
2017-11-12T01:50:24 [main.py:510 - <module>()] INFO: Waiting For the Dome to Open at Beginning of Night
2017-11-12T01:51:25 [main.py:510 - <module>()] INFO: Waiting For the Dome to Open at Beginning of Night
2017-11-12T01:52:25 [main.py:510 - <module>()] INFO: Waiting For the Dome to Open at Beginning of Night
2017-11-12T01:53:25 [main.py:510 - <module>()] INFO: Waiting For the Dome to Open at Beginning of Night
2017-11-12T01:54:25 [main.py:510 - <module>()] INFO: Waiting For the Dome to Open at Beginning of Night
2017-11-12T01:55:26 [main.py:510 - <module>()] INFO: Waiting For the Dome to Open at Beginning of Night
2017-11-12T01:56:26 [main.py:510 - <module>()] INFO: Waiting For the Dome to Open at Beginning of Night
2017-11-12T01:57:26 [main.py:510 - <module>()] INFO: Waiting For the Dome to Open at Beginning of Night
2017-11-12T01:58:27 [main.py:510 - <module>()] INFO: Waiting For the Dome to Open at Beginning of Night
2017-11-12T01:59:27 [main.py:510 - <module>()] INFO: Waiting For the Dome to Open at Beginning of Night
2017-11-12T02:00:27 [main.py:510 - <module>()] INFO: Waiting For the Dome to Open at Beginning of Night
2017-11-12T02:01:27 [main.py:510 - <module>()] INFO: Waiting For the Dome to Open at Beginning of Night
2017-11-12T02:02:28 [main.py:510 - <module>()] INFO: Waiting For the Dome to Open at Beginning of Night
2017-11-12T02:03:28 [main.py:510 - <module>()] INFO: Waiting For the Dome to Open at Beginning of Night
2017-11-12T02:04:28 [main.py:510 - <module>()] INFO: Waiting For the Dome to Open at Beginning of Night
2017-11-12T02:05:28 [main.py:510 - <module>()] INFO: Waiting For the Dome to Open at Beginning of Night
2017-11-12T02:06:29 [main.py:510 - <module>()] INFO: Waiting For the Dome to Open at Beginning of Night
2017-11-12T02:07:29 [main.py:510 - <module>()] INFO: Waiting For the Dome to Open at Beginning of Night
2017-11-12T02:08:29 [main.py:510 - <module>()] INFO: Waiting For the Dome to Open at Beginning of Night
2017-11-12T02:09:29 [main.py:510 - <module>()] INFO: Waiting For the Dome to Open at Beginning of Night
2017-11-12T02:10:30 [main.py:510 - <module>()] INFO: Waiting For the Dome to Open at Beginning of Night
2017-11-12T02:11:30 [main.py:510 - <module>()] INFO: Waiting For the Dome to Open at Beginning of Night
2017-11-12T02:12:30 [main.py:510 - <module>()] INFO: Waiting For the Dome to Open at Beginning of Night
2017-11-12T02:13:31 [main.py:510 - <module>()] INFO: Waiting For the Dome to Open at Beginning of Night
2017-11-12T02:14:31 [main.py:510 - <module>()] INFO: Waiting For the Dome to Open at Beginning of Night
2017-11-12T02:15:31 [main.py:510 - <module>()] INFO: Waiting For the Dome to Open at Beginning of Night
2017-11-12T02:16:31 [main.py:510 - <module>()] INFO: Waiting For the Dome to Open at Beginning of Night
2017-11-12T02:17:32 [main.py:510 - <module>()] INFO: Waiting For the Dome to Open at Beginning of Night
2017-11-12T02:18:32 [main.py:510 - <module>()] INFO: Waiting For the Dome to Open at Beginning of Night
2017-11-12T02:19:32 [main.py:510 - <module>()] INFO: Waiting For the Dome to Open at Beginning of Night
2017-11-12T02:20:32 [main.py:510 - <module>()] INFO: Waiting For the Dome to Open at Beginning of Night
2017-11-12T02:21:33 [main.py:510 - <module>()] INFO: Waiting For the Dome to Open at Beginning of Night
2017-11-12T02:22:33 [main.py:510 - <module>()] INFO: Waiting For the Dome to Open at Beginning of Night
2017-11-12T02:23:33 [main.py:510 - <module>()] INFO: Waiting For the Dome to Open at Beginning of Night
2017-11-12T02:24:34 [main.py:510 - <module>()] INFO: Waiting For the Dome to Open at Beginning of Night
2017-11-12T02:25:34 [main.py:510 - <module>()] INFO: Waiting For the Dome to Open at Beginning of Night
2017-11-12T02:26:34 [main.py:510 - <module>()] INFO: Waiting For the Dome to Open at Beginning of Night
2017-11-12T02:27:34 [main.py:510 - <module>()] INFO: Waiting For the Dome to Open at Beginning of Night
2017-11-12T02:28:35 [main.py:510 - <module>()] INFO: Waiting For the Dome to Open at Beginning of Night
2017-11-12T02:29:35 [main.py:510 - <module>()] INFO: Waiting For the Dome to Open at Beginning of Night
2017-11-12T02:30:35 [main.py:510 - <module>()] INFO: Waiting For the Dome to Open at Beginning of Night
2017-11-12T02:31:35 [main.py:510 - <module>()] INFO: Waiting For the Dome to Open at Beginning of Night
2017-11-12T02:32:36 [main.py:510 - <module>()] INFO: Waiting For the Dome to Open at Beginning of Night
2017-11-12T02:33:36 [main.py:510 - <module>()] INFO: Waiting For the Dome to Open at Beginning of Night
2017-11-12T02:34:36 [main.py:510 - <module>()] INFO: Waiting For the Dome to Open at Beginning of Night
2017-11-12T02:35:36 [main.py:510 - <module>()] INFO: Waiting For the Dome to Open at Beginning of Night
2017-11-12T02:36:37 [main.py:510 - <module>()] INFO: Waiting For the Dome to Open at Beginning of Night
2017-11-12T02:37:37 [main.py:510 - <module>()] INFO: Waiting For the Dome to Open at Beginning of Night
2017-11-12T02:38:37 [main.py:510 - <module>()] INFO: Waiting For the Dome to Open at Beginning of Night
2017-11-12T02:39:37 [main.py:510 - <module>()] INFO: Waiting For the Dome to Open at Beginning of Night
2017-11-12T02:40:38 [main.py:510 - <module>()] INFO: Waiting For the Dome to Open at Beginning of Night
2017-11-12T02:41:38 [main.py:510 - <module>()] INFO: Waiting For the Dome to Open at Beginning of Night
2017-11-12T02:42:38 [main.py:510 - <module>()] INFO: Waiting For the Dome to Open at Beginning of Night
2017-11-12T02:43:38 [main.py:510 - <module>()] INFO: Waiting For the Dome to Open at Beginning of Night
2017-11-12T02:44:39 [main.py:510 - <module>()] INFO: Waiting For the Dome to Open at Beginning of Night
2017-11-12T02:45:39 [main.py:510 - <module>()] INFO: Waiting For the Dome to Open at Beginning of Night
2017-11-12T02:46:39 [main.py:510 - <module>()] INFO: Waiting For the Dome to Open at Beginning of Night
2017-11-12T02:47:40 [main.py:510 - <module>()] INFO: Waiting For the Dome to Open at Beginning of Night
2017-11-12T02:48:40 [main.py:510 - <module>()] INFO: Waiting For the Dome to Open at Beginning of Night
2017-11-12T02:49:40 [main.py:510 - <module>()] INFO: Waiting For the Dome to Open at Beginning of Night
2017-11-12T02:50:40 [main.py:510 - <module>()] INFO: Waiting For the Dome to Open at Beginning of Night
2017-11-12T02:51:41 [main.py:510 - <module>()] INFO: Waiting For the Dome to Open at Beginning of Night
2017-11-12T02:52:41 [main.py:510 - <module>()] INFO: Waiting For the Dome to Open at Beginning of Night
2017-11-12T02:53:41 [main.py:510 - <module>()] INFO: Waiting For the Dome to Open at Beginning of Night
2017-11-12T02:54:42 [main.py:510 - <module>()] INFO: Waiting For the Dome to Open at Beginning of Night
2017-11-12T02:55:42 [main.py:510 - <module>()] INFO: Waiting For the Dome to Open at Beginning of Night
2017-11-12T02:56:42 [main.py:510 - <module>()] INFO: Waiting For the Dome to Open at Beginning of Night
2017-11-12T02:57:42 [main.py:510 - <module>()] INFO: Waiting For the Dome to Open at Beginning of Night
2017-11-12T02:58:43 [main.py:510 - <module>()] INFO: Waiting For the Dome to Open at Beginning of Night
2017-11-12T02:59:43 [main.py:510 - <module>()] INFO: Waiting For the Dome to Open at Beginning of Night
2017-11-12T03:00:43 [main.py:510 - <module>()] INFO: Waiting For the Dome to Open at Beginning of Night
2017-11-12T03:01:43 [main.py:510 - <module>()] INFO: Waiting For the Dome to Open at Beginning of Night
2017-11-12T03:02:44 [main.py:510 - <module>()] INFO: Waiting For the Dome to Open at Beginning of Night
2017-11-12T03:03:44 [main.py:510 - <module>()] INFO: Waiting For the Dome to Open at Beginning of Night
2017-11-12T03:04:44 [main.py:510 - <module>()] INFO: Waiting For the Dome to Open at Beginning of Night
2017-11-12T03:05:45 [main.py:510 - <module>()] INFO: Waiting For the Dome to Open at Beginning of Night
2017-11-12T03:06:45 [main.py:510 - <module>()] INFO: Waiting For the Dome to Open at Beginning of Night
2017-11-12T03:07:45 [main.py:510 - <module>()] INFO: Waiting For the Dome to Open at Beginning of Night
2017-11-12T03:08:45 [main.py:510 - <module>()] INFO: Waiting For the Dome to Open at Beginning of Night
2017-11-12T03:09:46 [main.py:510 - <module>()] INFO: Waiting For the Dome to Open at Beginning of Night
2017-11-12T03:10:46 [main.py:510 - <module>()] INFO: Waiting For the Dome to Open at Beginning of Night
2017-11-12T03:11:46 [main.py:510 - <module>()] INFO: Waiting For the Dome to Open at Beginning of Night
2017-11-12T03:12:46 [main.py:510 - <module>()] INFO: Waiting For the Dome to Open at Beginning of Night
2017-11-12T03:13:47 [main.py:510 - <module>()] INFO: Waiting For the Dome to Open at Beginning of Night
2017-11-12T03:14:47 [main.py:510 - <module>()] INFO: Waiting For the Dome to Open at Beginning of Night
2017-11-12T03:15:47 [main.py:510 - <module>()] INFO: Waiting For the Dome to Open at Beginning of Night
2017-11-12T03:16:47 [main.py:510 - <module>()] INFO: Waiting For the Dome to Open at Beginning of Night
2017-11-12T03:17:48 [main.py:510 - <module>()] INFO: Waiting For the Dome to Open at Beginning of Night
2017-11-12T03:18:48 [main.py:510 - <module>()] INFO: Waiting For the Dome to Open at Beginning of Night
2017-11-12T03:19:48 [main.py:510 - <module>()] INFO: Waiting For the Dome to Open at Beginning of Night
2017-11-12T03:20:48 [main.py:510 - <module>()] INFO: Waiting For the Dome to Open at Beginning of Night
2017-11-12T03:21:49 [main.py:510 - <module>()] INFO: Waiting For the Dome to Open at Beginning of Night
2017-11-12T03:22:49 [main.py:510 - <module>()] INFO: Waiting For the Dome to Open at Beginning of Night
2017-11-12T03:23:49 [main.py:510 - <module>()] INFO: Waiting For the Dome to Open at Beginning of Night
2017-11-12T03:24:49 [main.py:510 - <module>()] INFO: Waiting For the Dome to Open at Beginning of Night
2017-11-12T03:25:50 [main.py:510 - <module>()] INFO: Waiting For the Dome to Open at Beginning of Night
2017-11-12T03:26:50 [main.py:510 - <module>()] INFO: Waiting For the Dome to Open at Beginning of Night
2017-11-12T03:27:50 [main.py:510 - <module>()] INFO: Waiting For the Dome to Open at Beginning of Night
2017-11-12T03:28:51 [main.py:510 - <module>()] INFO: Waiting For the Dome to Open at Beginning of Night
2017-11-12T03:29:51 [main.py:510 - <module>()] INFO: Waiting For the Dome to Open at Beginning of Night
2017-11-12T03:30:51 [main.py:510 - <module>()] INFO: Waiting For the Dome to Open at Beginning of Night
2017-11-12T03:31:51 [main.py:510 - <module>()] INFO: Waiting For the Dome to Open at Beginning of Night
2017-11-12T03:32:52 [main.py:510 - <module>()] INFO: Waiting For the Dome to Open at Beginning of Night
2017-11-12T03:33:52 [main.py:510 - <module>()] INFO: Waiting For the Dome to Open at Beginning of Night
2017-11-12T03:34:52 [main.py:510 - <module>()] INFO: Waiting For the Dome to Open at Beginning of Night
2017-11-12T03:35:52 [main.py:510 - <module>()] INFO: Waiting For the Dome to Open at Beginning of Night
2017-11-12T03:36:53 [main.py:510 - <module>()] INFO: Waiting For the Dome to Open at Beginning of Night
2017-11-12T03:37:53 [main.py:510 - <module>()] INFO: Waiting For the Dome to Open at Beginning of Night
2017-11-12T03:38:53 [main.py:510 - <module>()] INFO: Waiting For the Dome to Open at Beginning of Night
2017-11-12T03:39:54 [main.py:510 - <module>()] INFO: Waiting For the Dome to Open at Beginning of Night
2017-11-12T03:40:54 [main.py:510 - <module>()] INFO: Waiting For the Dome to Open at Beginning of Night
2017-11-12T03:41:54 [main.py:510 - <module>()] INFO: Waiting For the Dome to Open at Beginning of Night
2017-11-12T03:42:54 [main.py:510 - <module>()] INFO: Waiting For the Dome to Open at Beginning of Night
2017-11-12T03:43:55 [main.py:510 - <module>()] INFO: Waiting For the Dome to Open at Beginning of Night
2017-11-12T03:44:55 [main.py:510 - <module>()] INFO: Waiting For the Dome to Open at Beginning of Night
2017-11-12T03:45:55 [main.py:510 - <module>()] INFO: Waiting For the Dome to Open at Beginning of Night
2017-11-12T03:46:55 [main.py:510 - <module>()] INFO: Waiting For the Dome to Open at Beginning of Night
2017-11-12T03:47:56 [main.py:510 - <module>()] INFO: Waiting For the Dome to Open at Beginning of Night
2017-11-12T03:48:56 [main.py:510 - <module>()] INFO: Waiting For the Dome to Open at Beginning of Night
2017-11-12T03:49:56 [main.py:510 - <module>()] INFO: Waiting For the Dome to Open at Beginning of Night
2017-11-12T03:50:56 [main.py:510 - <module>()] INFO: Waiting For the Dome to Open at Beginning of Night
2017-11-12T03:51:57 [main.py:510 - <module>()] INFO: Waiting For the Dome to Open at Beginning of Night
2017-11-12T03:52:57 [main.py:510 - <module>()] INFO: Waiting For the Dome to Open at Beginning of Night
2017-11-12T03:53:57 [main.py:510 - <module>()] INFO: Waiting For the Dome to Open at Beginning of Night
2017-11-12T03:54:58 [main.py:510 - <module>()] INFO: Waiting For the Dome to Open at Beginning of Night
2017-11-12T03:55:58 [main.py:510 - <module>()] INFO: Waiting For the Dome to Open at Beginning of Night
2017-11-12T03:56:58 [main.py:510 - <module>()] INFO: Waiting For the Dome to Open at Beginning of Night
2017-11-12T03:57:58 [main.py:510 - <module>()] INFO: Waiting For the Dome to Open at Beginning of Night
2017-11-12T03:58:59 [main.py:510 - <module>()] INFO: Waiting For the Dome to Open at Beginning of Night
2017-11-12T03:59:59 [main.py:510 - <module>()] INFO: Waiting For the Dome to Open at Beginning of Night
2017-11-12T04:00:59 [main.py:510 - <module>()] INFO: Waiting For the Dome to Open at Beginning of Night
2017-11-12T04:01:59 [main.py:510 - <module>()] INFO: Waiting For the Dome to Open at Beginning of Night
2017-11-12T04:03:00 [main.py:510 - <module>()] INFO: Waiting For the Dome to Open at Beginning of Night
2017-11-12T04:04:00 [main.py:510 - <module>()] INFO: Waiting For the Dome to Open at Beginning of Night
2017-11-12T04:05:00 [main.py:510 - <module>()] INFO: Waiting For the Dome to Open at Beginning of Night
2017-11-12T04:06:01 [main.py:510 - <module>()] INFO: Waiting For the Dome to Open at Beginning of Night
2017-11-12T04:07:01 [main.py:510 - <module>()] INFO: Waiting For the Dome to Open at Beginning of Night
2017-11-12T04:08:01 [main.py:510 - <module>()] INFO: Waiting For the Dome to Open at Beginning of Night
2017-11-12T04:09:01 [main.py:510 - <module>()] INFO: Waiting For the Dome to Open at Beginning of Night
2017-11-12T04:10:02 [main.py:510 - <module>()] INFO: Waiting For the Dome to Open at Beginning of Night
2017-11-12T04:11:02 [main.py:510 - <module>()] INFO: Waiting For the Dome to Open at Beginning of Night
2017-11-12T04:12:02 [main.py:510 - <module>()] INFO: Waiting For the Dome to Open at Beginning of Night
2017-11-12T04:13:02 [main.py:510 - <module>()] INFO: Waiting For the Dome to Open at Beginning of Night
2017-11-12T04:14:03 [main.py:510 - <module>()] INFO: Waiting For the Dome to Open at Beginning of Night
2017-11-12T04:15:03 [main.py:510 - <module>()] INFO: Waiting For the Dome to Open at Beginning of Night
2017-11-12T04:16:03 [main.py:510 - <module>()] INFO: Waiting For the Dome to Open at Beginning of Night
2017-11-12T04:17:04 [main.py:510 - <module>()] INFO: Waiting For the Dome to Open at Beginning of Night
2017-11-12T04:18:04 [main.py:510 - <module>()] INFO: Waiting For the Dome to Open at Beginning of Night
2017-11-12T04:19:04 [main.py:510 - <module>()] INFO: Waiting For the Dome to Open at Beginning of Night
2017-11-12T04:20:04 [main.py:510 - <module>()] INFO: Waiting For the Dome to Open at Beginning of Night
2017-11-12T04:21:05 [main.py:510 - <module>()] INFO: Waiting For the Dome to Open at Beginning of Night
2017-11-12T04:22:05 [main.py:510 - <module>()] INFO: Waiting For the Dome to Open at Beginning of Night
2017-11-12T04:23:05 [main.py:510 - <module>()] INFO: Waiting For the Dome to Open at Beginning of Night
2017-11-12T04:24:05 [main.py:510 - <module>()] INFO: Waiting For the Dome to Open at Beginning of Night
2017-11-12T04:25:06 [main.py:510 - <module>()] INFO: Waiting For the Dome to Open at Beginning of Night
2017-11-12T04:26:06 [main.py:510 - <module>()] INFO: Waiting For the Dome to Open at Beginning of Night
2017-11-12T04:27:06 [main.py:510 - <module>()] INFO: Waiting For the Dome to Open at Beginning of Night
2017-11-12T04:28:06 [main.py:510 - <module>()] INFO: Waiting For the Dome to Open at Beginning of Night
2017-11-12T04:29:07 [main.py:510 - <module>()] INFO: Waiting For the Dome to Open at Beginning of Night
2017-11-12T04:30:07 [main.py:510 - <module>()] INFO: Waiting For the Dome to Open at Beginning of Night
2017-11-12T04:31:07 [main.py:510 - <module>()] INFO: Waiting For the Dome to Open at Beginning of Night
2017-11-12T04:32:08 [main.py:510 - <module>()] INFO: Waiting For the Dome to Open at Beginning of Night
2017-11-12T04:33:08 [main.py:510 - <module>()] INFO: Waiting For the Dome to Open at Beginning of Night
2017-11-12T04:34:08 [main.py:510 - <module>()] INFO: Waiting For the Dome to Open at Beginning of Night
2017-11-12T04:35:08 [main.py:510 - <module>()] INFO: Waiting For the Dome to Open at Beginning of Night
2017-11-12T04:36:09 [main.py:510 - <module>()] INFO: Waiting For the Dome to Open at Beginning of Night
2017-11-12T04:37:09 [main.py:510 - <module>()] INFO: Waiting For the Dome to Open at Beginning of Night
2017-11-12T04:38:09 [main.py:510 - <module>()] INFO: Waiting For the Dome to Open at Beginning of Night
2017-11-12T04:39:09 [main.py:510 - <module>()] INFO: Waiting For the Dome to Open at Beginning of Night
2017-11-12T04:40:10 [main.py:510 - <module>()] INFO: Waiting For the Dome to Open at Beginning of Night
2017-11-12T04:41:10 [main.py:510 - <module>()] INFO: Waiting For the Dome to Open at Beginning of Night
2017-11-12T04:42:10 [main.py:510 - <module>()] INFO: Waiting For the Dome to Open at Beginning of Night
2017-11-12T04:43:11 [main.py:510 - <module>()] INFO: Waiting For the Dome to Open at Beginning of Night
2017-11-12T04:44:11 [main.py:510 - <module>()] INFO: Waiting For the Dome to Open at Beginning of Night
2017-11-12T04:45:11 [main.py:510 - <module>()] INFO: Waiting For the Dome to Open at Beginning of Night
2017-11-12T04:46:11 [main.py:510 - <module>()] INFO: Waiting For the Dome to Open at Beginning of Night
2017-11-12T04:47:12 [main.py:510 - <module>()] INFO: Waiting For the Dome to Open at Beginning of Night
2017-11-12T04:48:12 [main.py:510 - <module>()] INFO: Waiting For the Dome to Open at Beginning of Night
2017-11-12T04:49:12 [main.py:510 - <module>()] INFO: Waiting For the Dome to Open at Beginning of Night
2017-11-12T04:50:12 [main.py:510 - <module>()] INFO: Waiting For the Dome to Open at Beginning of Night
2017-11-12T04:51:13 [main.py:510 - <module>()] INFO: Waiting For the Dome to Open at Beginning of Night
2017-11-12T04:52:13 [main.py:510 - <module>()] INFO: Waiting For the Dome to Open at Beginning of Night
2017-11-12T04:53:13 [main.py:510 - <module>()] INFO: Waiting For the Dome to Open at Beginning of Night
2017-11-12T04:54:13 [main.py:510 - <module>()] INFO: Waiting For the Dome to Open at Beginning of Night
2017-11-12T04:55:14 [main.py:510 - <module>()] INFO: Waiting For the Dome to Open at Beginning of Night
2017-11-12T04:56:14 [main.py:510 - <module>()] INFO: Waiting For the Dome to Open at Beginning of Night
2017-11-12T04:57:14 [main.py:510 - <module>()] INFO: Waiting For the Dome to Open at Beginning of Night
2017-11-12T04:58:14 [main.py:510 - <module>()] INFO: Waiting For the Dome to Open at Beginning of Night
2017-11-12T04:59:15 [main.py:510 - <module>()] INFO: Waiting For the Dome to Open at Beginning of Night
2017-11-12T05:00:15 [main.py:510 - <module>()] INFO: Waiting For the Dome to Open at Beginning of Night
2017-11-12T05:01:15 [main.py:510 - <module>()] INFO: Waiting For the Dome to Open at Beginning of Night
2017-11-12T05:02:16 [main.py:510 - <module>()] INFO: Waiting For the Dome to Open at Beginning of Night
2017-11-12T05:03:16 [main.py:510 - <module>()] INFO: Waiting For the Dome to Open at Beginning of Night
2017-11-12T05:04:16 [main.py:510 - <module>()] INFO: Waiting For the Dome to Open at Beginning of Night
2017-11-12T05:05:16 [main.py:510 - <module>()] INFO: Waiting For the Dome to Open at Beginning of Night
2017-11-12T05:06:17 [main.py:510 - <module>()] INFO: Waiting For the Dome to Open at Beginning of Night
2017-11-12T05:07:17 [main.py:510 - <module>()] INFO: Waiting For the Dome to Open at Beginning of Night
2017-11-12T05:08:17 [main.py:510 - <module>()] INFO: Waiting For the Dome to Open at Beginning of Night
2017-11-12T05:09:17 [main.py:510 - <module>()] INFO: Waiting For the Dome to Open at Beginning of Night
2017-11-12T05:10:18 [main.py:510 - <module>()] INFO: Waiting For the Dome to Open at Beginning of Night
2017-11-12T05:11:18 [main.py:510 - <module>()] INFO: Waiting For the Dome to Open at Beginning of Night
2017-11-12T05:12:18 [main.py:510 - <module>()] INFO: Waiting For the Dome to Open at Beginning of Night
2017-11-12T05:13:19 [main.py:510 - <module>()] INFO: Waiting For the Dome to Open at Beginning of Night
2017-11-12T05:14:19 [main.py:510 - <module>()] INFO: Waiting For the Dome to Open at Beginning of Night
2017-11-12T05:15:19 [main.py:510 - <module>()] INFO: Waiting For the Dome to Open at Beginning of Night
2017-11-12T05:16:19 [main.py:510 - <module>()] INFO: Waiting For the Dome to Open at Beginning of Night
2017-11-12T05:17:20 [main.py:510 - <module>()] INFO: Waiting For the Dome to Open at Beginning of Night
2017-11-12T05:18:20 [main.py:510 - <module>()] INFO: Waiting For the Dome to Open at Beginning of Night
2017-11-12T05:19:20 [main.py:510 - <module>()] INFO: Waiting For the Dome to Open at Beginning of Night
2017-11-12T05:20:21 [main.py:510 - <module>()] INFO: Waiting For the Dome to Open at Beginning of Night
2017-11-12T05:21:21 [main.py:510 - <module>()] INFO: Waiting For the Dome to Open at Beginning of Night
2017-11-12T05:22:21 [main.py:510 - <module>()] INFO: Waiting For the Dome to Open at Beginning of Night
2017-11-12T05:23:21 [main.py:510 - <module>()] INFO: Waiting For the Dome to Open at Beginning of Night
2017-11-12T05:24:22 [main.py:510 - <module>()] INFO: Waiting For the Dome to Open at Beginning of Night
2017-11-12T05:25:22 [main.py:510 - <module>()] INFO: Waiting For the Dome to Open at Beginning of Night
2017-11-12T05:26:22 [main.py:510 - <module>()] INFO: Waiting For the Dome to Open at Beginning of Night
2017-11-12T05:27:23 [main.py:510 - <module>()] INFO: Waiting For the Dome to Open at Beginning of Night
2017-11-12T05:28:23 [main.py:510 - <module>()] INFO: Waiting For the Dome to Open at Beginning of Night
2017-11-12T05:29:23 [main.py:510 - <module>()] INFO: Waiting For the Dome to Open at Beginning of Night
2017-11-12T05:30:23 [main.py:510 - <module>()] INFO: Waiting For the Dome to Open at Beginning of Night
2017-11-12T05:31:24 [main.py:510 - <module>()] INFO: Waiting For the Dome to Open at Beginning of Night
2017-11-12T05:32:24 [main.py:510 - <module>()] INFO: Waiting For the Dome to Open at Beginning of Night
2017-11-12T05:33:24 [main.py:510 - <module>()] INFO: Waiting For the Dome to Open at Beginning of Night
2017-11-12T05:34:24 [main.py:510 - <module>()] INFO: Waiting For the Dome to Open at Beginning of Night
2017-11-12T05:35:25 [main.py:510 - <module>()] INFO: Waiting For the Dome to Open at Beginning of Night
2017-11-12T05:36:25 [main.py:510 - <module>()] INFO: Waiting For the Dome to Open at Beginning of Night
2017-11-12T05:37:25 [main.py:510 - <module>()] INFO: Waiting For the Dome to Open at Beginning of Night
2017-11-12T05:38:25 [main.py:510 - <module>()] INFO: Waiting For the Dome to Open at Beginning of Night
2017-11-12T05:39:26 [main.py:510 - <module>()] INFO: Waiting For the Dome to Open at Beginning of Night
2017-11-12T05:40:26 [main.py:510 - <module>()] INFO: Waiting For the Dome to Open at Beginning of Night
2017-11-12T05:41:26 [main.py:510 - <module>()] INFO: Waiting For the Dome to Open at Beginning of Night
2017-11-12T05:42:27 [main.py:510 - <module>()] INFO: Waiting For the Dome to Open at Beginning of Night
2017-11-12T05:43:27 [main.py:510 - <module>()] INFO: Waiting For the Dome to Open at Beginning of Night
2017-11-12T05:44:27 [main.py:510 - <module>()] INFO: Waiting For the Dome to Open at Beginning of Night
2017-11-12T05:45:27 [main.py:510 - <module>()] INFO: Waiting For the Dome to Open at Beginning of Night
2017-11-12T05:46:28 [main.py:510 - <module>()] INFO: Waiting For the Dome to Open at Beginning of Night
2017-11-12T05:47:28 [main.py:510 - <module>()] INFO: Waiting For the Dome to Open at Beginning of Night
2017-11-12T05:48:28 [main.py:510 - <module>()] INFO: Waiting For the Dome to Open at Beginning of Night
2017-11-12T05:49:29 [main.py:510 - <module>()] INFO: Waiting For the Dome to Open at Beginning of Night
2017-11-12T05:50:29 [main.py:510 - <module>()] INFO: Waiting For the Dome to Open at Beginning of Night
2017-11-12T05:51:29 [main.py:510 - <module>()] INFO: Waiting For the Dome to Open at Beginning of Night
2017-11-12T05:52:29 [main.py:510 - <module>()] INFO: Waiting For the Dome to Open at Beginning of Night
2017-11-12T05:53:30 [main.py:510 - <module>()] INFO: Waiting For the Dome to Open at Beginning of Night
2017-11-12T05:54:30 [main.py:510 - <module>()] INFO: Waiting For the Dome to Open at Beginning of Night
2017-11-12T05:55:30 [main.py:510 - <module>()] INFO: Waiting For the Dome to Open at Beginning of Night
2017-11-12T05:56:30 [main.py:510 - <module>()] INFO: Waiting For the Dome to Open at Beginning of Night
2017-11-12T05:57:31 [main.py:510 - <module>()] INFO: Waiting For the Dome to Open at Beginning of Night
2017-11-12T05:58:31 [main.py:510 - <module>()] INFO: Waiting For the Dome to Open at Beginning of Night
2017-11-12T05:59:31 [main.py:510 - <module>()] INFO: Waiting For the Dome to Open at Beginning of Night
2017-11-12T06:00:32 [main.py:510 - <module>()] INFO: Waiting For the Dome to Open at Beginning of Night
2017-11-12T06:01:32 [main.py:510 - <module>()] INFO: Waiting For the Dome to Open at Beginning of Night
2017-11-12T06:02:32 [main.py:510 - <module>()] INFO: Waiting For the Dome to Open at Beginning of Night
2017-11-12T06:03:32 [main.py:510 - <module>()] INFO: Waiting For the Dome to Open at Beginning of Night
2017-11-12T06:04:33 [main.py:510 - <module>()] INFO: Waiting For the Dome to Open at Beginning of Night
2017-11-12T06:05:33 [main.py:510 - <module>()] INFO: Waiting For the Dome to Open at Beginning of Night
2017-11-12T06:06:33 [main.py:510 - <module>()] INFO: Waiting For the Dome to Open at Beginning of Night
2017-11-12T06:07:33 [main.py:510 - <module>()] INFO: Waiting For the Dome to Open at Beginning of Night
2017-11-12T06:08:34 [main.py:510 - <module>()] INFO: Waiting For the Dome to Open at Beginning of Night
2017-11-12T06:09:34 [main.py:510 - <module>()] INFO: Waiting For the Dome to Open at Beginning of Night
2017-11-12T06:10:34 [main.py:510 - <module>()] INFO: Waiting For the Dome to Open at Beginning of Night
2017-11-12T06:11:34 [main.py:510 - <module>()] INFO: Waiting For the Dome to Open at Beginning of Night
2017-11-12T06:12:35 [main.py:510 - <module>()] INFO: Waiting For the Dome to Open at Beginning of Night
2017-11-12T06:13:35 [main.py:510 - <module>()] INFO: Waiting For the Dome to Open at Beginning of Night
2017-11-12T06:14:35 [main.py:510 - <module>()] INFO: Waiting For the Dome to Open at Beginning of Night
2017-11-12T06:15:35 [main.py:510 - <module>()] INFO: Waiting For the Dome to Open at Beginning of Night
2017-11-12T06:16:36 [main.py:510 - <module>()] INFO: Waiting For the Dome to Open at Beginning of Night
2017-11-12T06:17:36 [main.py:510 - <module>()] INFO: Waiting For the Dome to Open at Beginning of Night
2017-11-12T06:18:36 [main.py:510 - <module>()] INFO: Waiting For the Dome to Open at Beginning of Night
2017-11-12T06:19:37 [main.py:510 - <module>()] INFO: Waiting For the Dome to Open at Beginning of Night
2017-11-12T06:20:37 [main.py:510 - <module>()] INFO: Waiting For the Dome to Open at Beginning of Night
2017-11-12T06:21:37 [main.py:510 - <module>()] INFO: Waiting For the Dome to Open at Beginning of Night
2017-11-12T06:22:37 [main.py:510 - <module>()] INFO: Waiting For the Dome to Open at Beginning of Night
2017-11-12T06:23:38 [main.py:510 - <module>()] INFO: Waiting For the Dome to Open at Beginning of Night
2017-11-12T06:24:38 [main.py:510 - <module>()] INFO: Waiting For the Dome to Open at Beginning of Night
2017-11-12T06:25:38 [main.py:510 - <module>()] INFO: Waiting For the Dome to Open at Beginning of Night
2017-11-12T06:26:38 [main.py:510 - <module>()] INFO: Waiting For the Dome to Open at Beginning of Night
2017-11-12T06:27:39 [main.py:510 - <module>()] INFO: Waiting For the Dome to Open at Beginning of Night
2017-11-12T06:28:39 [main.py:510 - <module>()] INFO: Waiting For the Dome to Open at Beginning of Night
2017-11-12T06:29:39 [main.py:510 - <module>()] INFO: Waiting For the Dome to Open at Beginning of Night
2017-11-12T06:30:40 [main.py:510 - <module>()] INFO: Waiting For the Dome to Open at Beginning of Night
2017-11-12T06:31:40 [main.py:510 - <module>()] INFO: Waiting For the Dome to Open at Beginning of Night
2017-11-12T06:32:40 [main.py:510 - <module>()] INFO: Waiting For the Dome to Open at Beginning of Night
2017-11-12T06:33:40 [main.py:510 - <module>()] INFO: Waiting For the Dome to Open at Beginning of Night
2017-11-12T06:34:41 [main.py:510 - <module>()] INFO: Waiting For the Dome to Open at Beginning of Night
2017-11-12T06:35:41 [main.py:510 - <module>()] INFO: Waiting For the Dome to Open at Beginning of Night
2017-11-12T06:36:41 [main.py:510 - <module>()] INFO: Waiting For the Dome to Open at Beginning of Night
2017-11-12T06:37:41 [main.py:510 - <module>()] INFO: Waiting For the Dome to Open at Beginning of Night
2017-11-12T06:38:42 [main.py:510 - <module>()] INFO: Waiting For the Dome to Open at Beginning of Night
2017-11-12T06:39:42 [main.py:510 - <module>()] INFO: Waiting For the Dome to Open at Beginning of Night
2017-11-12T06:40:42 [main.py:510 - <module>()] INFO: Waiting For the Dome to Open at Beginning of Night
2017-11-12T06:41:42 [main.py:510 - <module>()] INFO: Waiting For the Dome to Open at Beginning of Night
2017-11-12T06:42:43 [main.py:510 - <module>()] INFO: Waiting For the Dome to Open at Beginning of Night
2017-11-12T06:43:43 [main.py:510 - <module>()] INFO: Waiting For the Dome to Open at Beginning of Night
2017-11-12T06:44:43 [main.py:510 - <module>()] INFO: Waiting For the Dome to Open at Beginning of Night
2017-11-12T06:45:43 [main.py:510 - <module>()] INFO: Waiting For the Dome to Open at Beginning of Night
2017-11-12T06:46:44 [main.py:510 - <module>()] INFO: Waiting For the Dome to Open at Beginning of Night
2017-11-12T06:47:44 [main.py:510 - <module>()] INFO: Waiting For the Dome to Open at Beginning of Night
2017-11-12T06:48:44 [main.py:510 - <module>()] INFO: Waiting For the Dome to Open at Beginning of Night
2017-11-12T06:49:44 [main.py:510 - <module>()] INFO: Waiting For the Dome to Open at Beginning of Night
2017-11-12T06:50:45 [main.py:510 - <module>()] INFO: Waiting For the Dome to Open at Beginning of Night
2017-11-12T06:51:45 [main.py:510 - <module>()] INFO: Waiting For the Dome to Open at Beginning of Night
2017-11-12T06:52:45 [main.py:510 - <module>()] INFO: Waiting For the Dome to Open at Beginning of Night
2017-11-12T06:53:46 [main.py:510 - <module>()] INFO: Waiting For the Dome to Open at Beginning of Night
2017-11-12T06:54:46 [main.py:510 - <module>()] INFO: Waiting For the Dome to Open at Beginning of Night
2017-11-12T06:55:46 [main.py:510 - <module>()] INFO: Waiting For the Dome to Open at Beginning of Night
2017-11-12T06:56:46 [main.py:510 - <module>()] INFO: Waiting For the Dome to Open at Beginning of Night
2017-11-12T06:57:47 [main.py:510 - <module>()] INFO: Waiting For the Dome to Open at Beginning of Night
2017-11-12T06:58:47 [main.py:510 - <module>()] INFO: Waiting For the Dome to Open at Beginning of Night
2017-11-12T06:59:47 [main.py:510 - <module>()] INFO: Waiting For the Dome to Open at Beginning of Night
2017-11-12T07:00:48 [main.py:510 - <module>()] INFO: Waiting For the Dome to Open at Beginning of Night
2017-11-12T07:01:48 [main.py:510 - <module>()] INFO: Waiting For the Dome to Open at Beginning of Night
2017-11-12T07:02:48 [main.py:510 - <module>()] INFO: Waiting For the Dome to Open at Beginning of Night
2017-11-12T07:03:48 [main.py:510 - <module>()] INFO: Waiting For the Dome to Open at Beginning of Night
2017-11-12T07:04:49 [main.py:510 - <module>()] INFO: Waiting For the Dome to Open at Beginning of Night
2017-11-12T07:05:49 [main.py:510 - <module>()] INFO: Waiting For the Dome to Open at Beginning of Night
2017-11-12T07:06:49 [main.py:510 - <module>()] INFO: Waiting For the Dome to Open at Beginning of Night
2017-11-12T07:07:49 [main.py:510 - <module>()] INFO: Waiting For the Dome to Open at Beginning of Night
2017-11-12T07:08:50 [main.py:510 - <module>()] INFO: Waiting For the Dome to Open at Beginning of Night
2017-11-12T07:09:50 [main.py:510 - <module>()] INFO: Waiting For the Dome to Open at Beginning of Night
2017-11-12T07:10:50 [main.py:510 - <module>()] INFO: Waiting For the Dome to Open at Beginning of Night
2017-11-12T07:11:51 [main.py:510 - <module>()] INFO: Waiting For the Dome to Open at Beginning of Night
2017-11-12T07:12:51 [main.py:510 - <module>()] INFO: Waiting For the Dome to Open at Beginning of Night
2017-11-12T07:13:51 [main.py:510 - <module>()] INFO: Waiting For the Dome to Open at Beginning of Night
2017-11-12T07:14:51 [main.py:510 - <module>()] INFO: Waiting For the Dome to Open at Beginning of Night
2017-11-12T07:15:52 [main.py:510 - <module>()] INFO: Waiting For the Dome to Open at Beginning of Night
2017-11-12T07:16:52 [main.py:510 - <module>()] INFO: Waiting For the Dome to Open at Beginning of Night
2017-11-12T07:17:52 [main.py:510 - <module>()] INFO: Waiting For the Dome to Open at Beginning of Night
2017-11-12T07:18:52 [main.py:510 - <module>()] INFO: Waiting For the Dome to Open at Beginning of Night
2017-11-12T07:19:53 [main.py:510 - <module>()] INFO: Waiting For the Dome to Open at Beginning of Night
2017-11-12T07:20:53 [main.py:510 - <module>()] INFO: Waiting For the Dome to Open at Beginning of Night
2017-11-12T07:21:53 [main.py:510 - <module>()] INFO: Waiting For the Dome to Open at Beginning of Night
2017-11-12T07:22:53 [main.py:510 - <module>()] INFO: Waiting For the Dome to Open at Beginning of Night
2017-11-12T07:23:54 [main.py:510 - <module>()] INFO: Waiting For the Dome to Open at Beginning of Night
2017-11-12T07:24:54 [main.py:510 - <module>()] INFO: Waiting For the Dome to Open at Beginning of Night
2017-11-12T07:25:54 [main.py:510 - <module>()] INFO: Waiting For the Dome to Open at Beginning of Night
2017-11-12T07:26:54 [main.py:510 - <module>()] INFO: Waiting For the Dome to Open at Beginning of Night
2017-11-12T07:27:55 [main.py:510 - <module>()] INFO: Waiting For the Dome to Open at Beginning of Night
2017-11-12T07:28:55 [main.py:510 - <module>()] INFO: Waiting For the Dome to Open at Beginning of Night
2017-11-12T07:29:55 [main.py:510 - <module>()] INFO: Waiting For the Dome to Open at Beginning of Night
2017-11-12T07:30:56 [main.py:510 - <module>()] INFO: Waiting For the Dome to Open at Beginning of Night
2017-11-12T07:31:56 [main.py:510 - <module>()] INFO: Waiting For the Dome to Open at Beginning of Night
2017-11-12T07:32:56 [main.py:510 - <module>()] INFO: Waiting For the Dome to Open at Beginning of Night
2017-11-12T07:33:56 [main.py:510 - <module>()] INFO: Waiting For the Dome to Open at Beginning of Night
2017-11-12T07:34:57 [main.py:510 - <module>()] INFO: Waiting For the Dome to Open at Beginning of Night
2017-11-12T07:35:57 [main.py:510 - <module>()] INFO: Waiting For the Dome to Open at Beginning of Night
2017-11-12T07:36:57 [main.py:510 - <module>()] INFO: Waiting For the Dome to Open at Beginning of Night
2017-11-12T07:37:57 [main.py:510 - <module>()] INFO: Waiting For the Dome to Open at Beginning of Night
2017-11-12T07:38:58 [main.py:510 - <module>()] INFO: Waiting For the Dome to Open at Beginning of Night
2017-11-12T07:39:58 [main.py:510 - <module>()] INFO: Waiting For the Dome to Open at Beginning of Night
2017-11-12T07:40:58 [main.py:510 - <module>()] INFO: Waiting For the Dome to Open at Beginning of Night
2017-11-12T07:41:58 [main.py:510 - <module>()] INFO: Waiting For the Dome to Open at Beginning of Night
2017-11-12T07:42:59 [main.py:510 - <module>()] INFO: Waiting For the Dome to Open at Beginning of Night
2017-11-12T07:43:59 [main.py:510 - <module>()] INFO: Waiting For the Dome to Open at Beginning of Night
2017-11-12T07:44:59 [main.py:510 - <module>()] INFO: Waiting For the Dome to Open at Beginning of Night
2017-11-12T07:46:00 [main.py:510 - <module>()] INFO: Waiting For the Dome to Open at Beginning of Night
2017-11-12T07:47:00 [main.py:510 - <module>()] INFO: Waiting For the Dome to Open at Beginning of Night
2017-11-12T07:48:00 [main.py:510 - <module>()] INFO: Waiting For the Dome to Open at Beginning of Night
2017-11-12T07:49:00 [main.py:510 - <module>()] INFO: Waiting For the Dome to Open at Beginning of Night
2017-11-12T07:50:01 [main.py:510 - <module>()] INFO: Waiting For the Dome to Open at Beginning of Night
2017-11-12T07:51:01 [main.py:510 - <module>()] INFO: Waiting For the Dome to Open at Beginning of Night
2017-11-12T07:52:01 [main.py:510 - <module>()] INFO: Waiting For the Dome to Open at Beginning of Night
2017-11-12T07:53:02 [main.py:510 - <module>()] INFO: Waiting For the Dome to Open at Beginning of Night
2017-11-12T07:54:02 [main.py:510 - <module>()] INFO: Waiting For the Dome to Open at Beginning of Night
2017-11-12T07:55:02 [main.py:510 - <module>()] INFO: Waiting For the Dome to Open at Beginning of Night
2017-11-12T07:56:02 [main.py:510 - <module>()] INFO: Waiting For the Dome to Open at Beginning of Night
2017-11-12T07:57:03 [main.py:510 - <module>()] INFO: Waiting For the Dome to Open at Beginning of Night
2017-11-12T07:58:03 [main.py:510 - <module>()] INFO: Waiting For the Dome to Open at Beginning of Night
2017-11-12T07:59:03 [main.py:510 - <module>()] INFO: Waiting For the Dome to Open at Beginning of Night
2017-11-12T08:00:03 [main.py:510 - <module>()] INFO: Waiting For the Dome to Open at Beginning of Night
2017-11-12T08:01:04 [main.py:510 - <module>()] INFO: Waiting For the Dome to Open at Beginning of Night
2017-11-12T08:02:04 [main.py:510 - <module>()] INFO: Waiting For the Dome to Open at Beginning of Night
2017-11-12T08:03:04 [main.py:510 - <module>()] INFO: Waiting For the Dome to Open at Beginning of Night
2017-11-12T08:04:05 [main.py:510 - <module>()] INFO: Waiting For the Dome to Open at Beginning of Night
2017-11-12T08:05:05 [main.py:510 - <module>()] INFO: Waiting For the Dome to Open at Beginning of Night
2017-11-12T08:06:05 [main.py:510 - <module>()] INFO: Waiting For the Dome to Open at Beginning of Night
2017-11-12T08:07:05 [main.py:510 - <module>()] INFO: Waiting For the Dome to Open at Beginning of Night
2017-11-12T08:08:06 [main.py:510 - <module>()] INFO: Waiting For the Dome to Open at Beginning of Night
2017-11-12T08:09:06 [main.py:510 - <module>()] INFO: Waiting For the Dome to Open at Beginning of Night
2017-11-12T08:10:06 [main.py:510 - <module>()] INFO: Waiting For the Dome to Open at Beginning of Night
2017-11-12T08:11:06 [main.py:510 - <module>()] INFO: Waiting For the Dome to Open at Beginning of Night
2017-11-12T08:12:07 [main.py:510 - <module>()] INFO: Waiting For the Dome to Open at Beginning of Night
2017-11-12T08:13:07 [main.py:510 - <module>()] INFO: Waiting For the Dome to Open at Beginning of Night
2017-11-12T08:14:07 [main.py:510 - <module>()] INFO: Waiting For the Dome to Open at Beginning of Night
2017-11-12T08:15:07 [main.py:510 - <module>()] INFO: Waiting For the Dome to Open at Beginning of Night
2017-11-12T08:16:08 [main.py:510 - <module>()] INFO: Waiting For the Dome to Open at Beginning of Night
2017-11-12T08:17:08 [main.py:510 - <module>()] INFO: Waiting For the Dome to Open at Beginning of Night
2017-11-12T08:18:08 [main.py:510 - <module>()] INFO: Waiting For the Dome to Open at Beginning of Night
2017-11-12T08:19:09 [main.py:510 - <module>()] INFO: Waiting For the Dome to Open at Beginning of Night
2017-11-12T08:20:09 [main.py:510 - <module>()] INFO: Waiting For the Dome to Open at Beginning of Night
2017-11-12T08:21:09 [main.py:510 - <module>()] INFO: Waiting For the Dome to Open at Beginning of Night
2017-11-12T08:22:09 [main.py:510 - <module>()] INFO: Waiting For the Dome to Open at Beginning of Night
2017-11-12T08:23:10 [main.py:510 - <module>()] INFO: Waiting For the Dome to Open at Beginning of Night
2017-11-12T08:24:10 [main.py:510 - <module>()] INFO: Waiting For the Dome to Open at Beginning of Night
2017-11-12T08:25:10 [main.py:510 - <module>()] INFO: Waiting For the Dome to Open at Beginning of Night
2017-11-12T08:26:10 [main.py:510 - <module>()] INFO: Waiting For the Dome to Open at Beginning of Night
2017-11-12T08:27:11 [main.py:510 - <module>()] INFO: Waiting For the Dome to Open at Beginning of Night
2017-11-12T08:28:11 [main.py:510 - <module>()] INFO: Waiting For the Dome to Open at Beginning of Night
2017-11-12T08:29:11 [main.py:510 - <module>()] INFO: Waiting For the Dome to Open at Beginning of Night
2017-11-12T08:30:11 [main.py:510 - <module>()] INFO: Waiting For the Dome to Open at Beginning of Night
2017-11-12T08:31:12 [main.py:510 - <module>()] INFO: Waiting For the Dome to Open at Beginning of Night
2017-11-12T08:32:12 [main.py:510 - <module>()] INFO: Waiting For the Dome to Open at Beginning of Night
2017-11-12T08:33:12 [main.py:510 - <module>()] INFO: Waiting For the Dome to Open at Beginning of Night
2017-11-12T08:34:12 [main.py:510 - <module>()] INFO: Waiting For the Dome to Open at Beginning of Night
2017-11-12T08:35:13 [main.py:510 - <module>()] INFO: Waiting For the Dome to Open at Beginning of Night
2017-11-12T08:36:13 [main.py:510 - <module>()] INFO: Waiting For the Dome to Open at Beginning of Night
2017-11-12T08:37:13 [main.py:510 - <module>()] INFO: Waiting For the Dome to Open at Beginning of Night
2017-11-12T08:38:14 [main.py:510 - <module>()] INFO: Waiting For the Dome to Open at Beginning of Night
2017-11-12T08:39:14 [main.py:510 - <module>()] INFO: Waiting For the Dome to Open at Beginning of Night
2017-11-12T08:40:14 [main.py:510 - <module>()] INFO: Waiting For the Dome to Open at Beginning of Night
2017-11-12T08:41:14 [main.py:510 - <module>()] INFO: Waiting For the Dome to Open at Beginning of Night
2017-11-12T08:42:15 [main.py:510 - <module>()] INFO: Waiting For the Dome to Open at Beginning of Night
2017-11-12T08:43:15 [main.py:510 - <module>()] INFO: Waiting For the Dome to Open at Beginning of Night
2017-11-12T08:44:15 [main.py:510 - <module>()] INFO: Waiting For the Dome to Open at Beginning of Night
2017-11-12T08:45:15 [main.py:510 - <module>()] INFO: Waiting For the Dome to Open at Beginning of Night
2017-11-12T08:46:16 [main.py:510 - <module>()] INFO: Waiting For the Dome to Open at Beginning of Night
2017-11-12T08:47:16 [main.py:510 - <module>()] INFO: Waiting For the Dome to Open at Beginning of Night
2017-11-12T08:48:16 [main.py:510 - <module>()] INFO: Waiting For the Dome to Open at Beginning of Night
2017-11-12T08:49:16 [main.py:510 - <module>()] INFO: Waiting For the Dome to Open at Beginning of Night
2017-11-12T08:50:17 [main.py:510 - <module>()] INFO: Waiting For the Dome to Open at Beginning of Night
2017-11-12T08:51:17 [main.py:510 - <module>()] INFO: Waiting For the Dome to Open at Beginning of Night
2017-11-12T08:52:17 [main.py:510 - <module>()] INFO: Waiting For the Dome to Open at Beginning of Night
2017-11-12T08:53:17 [main.py:510 - <module>()] INFO: Waiting For the Dome to Open at Beginning of Night
2017-11-12T08:54:18 [main.py:510 - <module>()] INFO: Waiting For the Dome to Open at Beginning of Night
2017-11-12T08:55:18 [main.py:510 - <module>()] INFO: Waiting For the Dome to Open at Beginning of Night
2017-11-12T08:56:18 [main.py:510 - <module>()] INFO: Waiting For the Dome to Open at Beginning of Night
2017-11-12T08:57:18 [main.py:510 - <module>()] INFO: Waiting For the Dome to Open at Beginning of Night
2017-11-12T08:58:19 [main.py:510 - <module>()] INFO: Waiting For the Dome to Open at Beginning of Night
2017-11-12T08:59:19 [main.py:510 - <module>()] INFO: Waiting For the Dome to Open at Beginning of Night
2017-11-12T09:00:19 [main.py:510 - <module>()] INFO: Waiting For the Dome to Open at Beginning of Night
2017-11-12T09:01:19 [main.py:510 - <module>()] INFO: Waiting For the Dome to Open at Beginning of Night
2017-11-12T09:02:20 [main.py:510 - <module>()] INFO: Waiting For the Dome to Open at Beginning of Night
2017-11-12T09:03:20 [main.py:510 - <module>()] INFO: Waiting For the Dome to Open at Beginning of Night
2017-11-12T09:04:20 [main.py:510 - <module>()] INFO: Waiting For the Dome to Open at Beginning of Night
2017-11-12T09:05:21 [main.py:510 - <module>()] INFO: Waiting For the Dome to Open at Beginning of Night
2017-11-12T09:06:21 [main.py:510 - <module>()] INFO: Waiting For the Dome to Open at Beginning of Night
2017-11-12T09:07:21 [main.py:510 - <module>()] INFO: Waiting For the Dome to Open at Beginning of Night
2017-11-12T09:08:21 [main.py:510 - <module>()] INFO: Waiting For the Dome to Open at Beginning of Night
2017-11-12T09:09:22 [main.py:510 - <module>()] INFO: Waiting For the Dome to Open at Beginning of Night
2017-11-12T09:10:22 [main.py:510 - <module>()] INFO: Waiting For the Dome to Open at Beginning of Night
2017-11-12T09:11:22 [main.py:510 - <module>()] INFO: Waiting For the Dome to Open at Beginning of Night
2017-11-12T09:12:22 [main.py:510 - <module>()] INFO: Waiting For the Dome to Open at Beginning of Night
2017-11-12T09:13:23 [main.py:510 - <module>()] INFO: Waiting For the Dome to Open at Beginning of Night
2017-11-12T09:14:23 [main.py:510 - <module>()] INFO: Waiting For the Dome to Open at Beginning of Night
2017-11-12T09:15:23 [main.py:510 - <module>()] INFO: Waiting For the Dome to Open at Beginning of Night
2017-11-12T09:16:23 [main.py:510 - <module>()] INFO: Waiting For the Dome to Open at Beginning of Night
2017-11-12T09:17:24 [main.py:510 - <module>()] INFO: Waiting For the Dome to Open at Beginning of Night
2017-11-12T09:18:24 [main.py:510 - <module>()] INFO: Waiting For the Dome to Open at Beginning of Night
2017-11-12T09:19:24 [main.py:510 - <module>()] INFO: Waiting For the Dome to Open at Beginning of Night
2017-11-12T09:20:25 [main.py:510 - <module>()] INFO: Waiting For the Dome to Open at Beginning of Night
2017-11-12T09:21:25 [main.py:510 - <module>()] INFO: Waiting For the Dome to Open at Beginning of Night
2017-11-12T09:22:25 [main.py:510 - <module>()] INFO: Waiting For the Dome to Open at Beginning of Night
2017-11-12T09:23:25 [main.py:510 - <module>()] INFO: Waiting For the Dome to Open at Beginning of Night
2017-11-12T09:24:26 [main.py:510 - <module>()] INFO: Waiting For the Dome to Open at Beginning of Night
2017-11-12T09:25:26 [main.py:510 - <module>()] INFO: Waiting For the Dome to Open at Beginning of Night
2017-11-12T09:26:26 [main.py:510 - <module>()] INFO: Waiting For the Dome to Open at Beginning of Night
2017-11-12T09:27:27 [main.py:510 - <module>()] INFO: Waiting For the Dome to Open at Beginning of Night
2017-11-12T09:28:27 [main.py:510 - <module>()] INFO: Waiting For the Dome to Open at Beginning of Night
2017-11-12T09:29:27 [main.py:510 - <module>()] INFO: Waiting For the Dome to Open at Beginning of Night
2017-11-12T09:30:27 [main.py:510 - <module>()] INFO: Waiting For the Dome to Open at Beginning of Night
2017-11-12T09:31:28 [main.py:510 - <module>()] INFO: Waiting For the Dome to Open at Beginning of Night
2017-11-12T09:32:28 [main.py:510 - <module>()] INFO: Waiting For the Dome to Open at Beginning of Night
2017-11-12T09:33:28 [main.py:510 - <module>()] INFO: Waiting For the Dome to Open at Beginning of Night
2017-11-12T09:34:28 [main.py:510 - <module>()] INFO: Waiting For the Dome to Open at Beginning of Night
2017-11-12T09:35:29 [main.py:510 - <module>()] INFO: Waiting For the Dome to Open at Beginning of Night
2017-11-12T09:36:29 [main.py:510 - <module>()] INFO: Waiting For the Dome to Open at Beginning of Night
2017-11-12T09:37:29 [main.py:510 - <module>()] INFO: Waiting For the Dome to Open at Beginning of Night
2017-11-12T09:38:30 [main.py:510 - <module>()] INFO: Waiting For the Dome to Open at Beginning of Night
2017-11-12T09:39:30 [main.py:510 - <module>()] INFO: Waiting For the Dome to Open at Beginning of Night
2017-11-12T09:40:30 [main.py:510 - <module>()] INFO: Waiting For the Dome to Open at Beginning of Night
2017-11-12T09:41:30 [main.py:510 - <module>()] INFO: Waiting For the Dome to Open at Beginning of Night
2017-11-12T09:42:31 [main.py:510 - <module>()] INFO: Waiting For the Dome to Open at Beginning of Night
2017-11-12T09:43:31 [main.py:510 - <module>()] INFO: Waiting For the Dome to Open at Beginning of Night
2017-11-12T09:44:31 [main.py:510 - <module>()] INFO: Waiting For the Dome to Open at Beginning of Night
2017-11-12T09:45:31 [main.py:510 - <module>()] INFO: Waiting For the Dome to Open at Beginning of Night
2017-11-12T09:46:32 [main.py:510 - <module>()] INFO: Waiting For the Dome to Open at Beginning of Night
2017-11-12T09:47:32 [main.py:510 - <module>()] INFO: Waiting For the Dome to Open at Beginning of Night
2017-11-12T09:48:32 [main.py:510 - <module>()] INFO: Waiting For the Dome to Open at Beginning of Night
2017-11-12T09:49:33 [main.py:510 - <module>()] INFO: Waiting For the Dome to Open at Beginning of Night
2017-11-12T09:50:33 [main.py:510 - <module>()] INFO: Waiting For the Dome to Open at Beginning of Night
2017-11-12T09:51:33 [main.py:510 - <module>()] INFO: Waiting For the Dome to Open at Beginning of Night
2017-11-12T09:52:33 [main.py:510 - <module>()] INFO: Waiting For the Dome to Open at Beginning of Night
2017-11-12T09:53:34 [main.py:510 - <module>()] INFO: Waiting For the Dome to Open at Beginning of Night
2017-11-12T09:54:34 [main.py:510 - <module>()] INFO: Waiting For the Dome to Open at Beginning of Night
2017-11-12T09:55:34 [main.py:510 - <module>()] INFO: Waiting For the Dome to Open at Beginning of Night
2017-11-12T09:56:35 [main.py:510 - <module>()] INFO: Waiting For the Dome to Open at Beginning of Night
2017-11-12T09:57:35 [main.py:510 - <module>()] INFO: Waiting For the Dome to Open at Beginning of Night
2017-11-12T09:58:35 [main.py:510 - <module>()] INFO: Waiting For the Dome to Open at Beginning of Night
2017-11-12T09:59:35 [main.py:510 - <module>()] INFO: Waiting For the Dome to Open at Beginning of Night
2017-11-12T10:00:36 [main.py:510 - <module>()] INFO: Waiting For the Dome to Open at Beginning of Night
2017-11-12T10:01:36 [main.py:510 - <module>()] INFO: Waiting For the Dome to Open at Beginning of Night
2017-11-12T10:02:36 [main.py:510 - <module>()] INFO: Waiting For the Dome to Open at Beginning of Night
2017-11-12T10:03:36 [main.py:510 - <module>()] INFO: Waiting For the Dome to Open at Beginning of Night
2017-11-12T10:04:37 [main.py:510 - <module>()] INFO: Waiting For the Dome to Open at Beginning of Night
2017-11-12T10:05:37 [main.py:510 - <module>()] INFO: Waiting For the Dome to Open at Beginning of Night
2017-11-12T10:06:37 [main.py:510 - <module>()] INFO: Waiting For the Dome to Open at Beginning of Night
2017-11-12T10:07:38 [main.py:510 - <module>()] INFO: Waiting For the Dome to Open at Beginning of Night
2017-11-12T10:08:38 [main.py:510 - <module>()] INFO: Waiting For the Dome to Open at Beginning of Night
2017-11-12T10:09:38 [main.py:510 - <module>()] INFO: Waiting For the Dome to Open at Beginning of Night
2017-11-12T10:10:38 [main.py:510 - <module>()] INFO: Waiting For the Dome to Open at Beginning of Night
2017-11-12T10:11:39 [main.py:510 - <module>()] INFO: Waiting For the Dome to Open at Beginning of Night
2017-11-12T10:12:39 [main.py:510 - <module>()] INFO: Waiting For the Dome to Open at Beginning of Night
2017-11-12T10:13:39 [main.py:510 - <module>()] INFO: Waiting For the Dome to Open at Beginning of Night
2017-11-12T10:14:40 [main.py:510 - <module>()] INFO: Waiting For the Dome to Open at Beginning of Night
2017-11-12T10:15:40 [main.py:510 - <module>()] INFO: Waiting For the Dome to Open at Beginning of Night
2017-11-12T10:16:40 [main.py:510 - <module>()] INFO: Waiting For the Dome to Open at Beginning of Night
2017-11-12T10:17:40 [main.py:510 - <module>()] INFO: Waiting For the Dome to Open at Beginning of Night
2017-11-12T10:18:41 [main.py:510 - <module>()] INFO: Waiting For the Dome to Open at Beginning of Night
2017-11-12T10:19:41 [main.py:510 - <module>()] INFO: Waiting For the Dome to Open at Beginning of Night
2017-11-12T10:20:41 [main.py:510 - <module>()] INFO: Waiting For the Dome to Open at Beginning of Night
2017-11-12T10:21:41 [main.py:510 - <module>()] INFO: Waiting For the Dome to Open at Beginning of Night
2017-11-12T10:22:42 [main.py:510 - <module>()] INFO: Waiting For the Dome to Open at Beginning of Night
2017-11-12T10:23:42 [main.py:510 - <module>()] INFO: Waiting For the Dome to Open at Beginning of Night
2017-11-12T10:24:42 [main.py:510 - <module>()] INFO: Waiting For the Dome to Open at Beginning of Night
2017-11-12T10:25:42 [main.py:510 - <module>()] INFO: Waiting For the Dome to Open at Beginning of Night
2017-11-12T10:26:43 [main.py:510 - <module>()] INFO: Waiting For the Dome to Open at Beginning of Night
2017-11-12T10:27:43 [main.py:510 - <module>()] INFO: Waiting For the Dome to Open at Beginning of Night
2017-11-12T10:28:43 [main.py:510 - <module>()] INFO: Waiting For the Dome to Open at Beginning of Night
2017-11-12T10:29:44 [main.py:510 - <module>()] INFO: Waiting For the Dome to Open at Beginning of Night
2017-11-12T10:30:44 [main.py:510 - <module>()] INFO: Waiting For the Dome to Open at Beginning of Night
2017-11-12T10:31:44 [main.py:510 - <module>()] INFO: Waiting For the Dome to Open at Beginning of Night
2017-11-12T10:32:44 [main.py:510 - <module>()] INFO: Waiting For the Dome to Open at Beginning of Night
2017-11-12T10:33:45 [main.py:510 - <module>()] INFO: Waiting For the Dome to Open at Beginning of Night
2017-11-12T10:34:45 [main.py:510 - <module>()] INFO: Waiting For the Dome to Open at Beginning of Night
2017-11-12T10:35:45 [main.py:510 - <module>()] INFO: Waiting For the Dome to Open at Beginning of Night
2017-11-12T10:36:46 [main.py:510 - <module>()] INFO: Waiting For the Dome to Open at Beginning of Night
2017-11-12T10:37:46 [main.py:510 - <module>()] INFO: Waiting For the Dome to Open at Beginning of Night
2017-11-12T10:38:46 [main.py:510 - <module>()] INFO: Waiting For the Dome to Open at Beginning of Night
2017-11-12T10:39:46 [main.py:510 - <module>()] INFO: Waiting For the Dome to Open at Beginning of Night
2017-11-12T10:40:47 [main.py:510 - <module>()] INFO: Waiting For the Dome to Open at Beginning of Night
2017-11-12T10:41:47 [main.py:510 - <module>()] INFO: Waiting For the Dome to Open at Beginning of Night
2017-11-12T10:42:47 [main.py:510 - <module>()] INFO: Waiting For the Dome to Open at Beginning of Night
2017-11-12T10:43:47 [main.py:510 - <module>()] INFO: Waiting For the Dome to Open at Beginning of Night
2017-11-12T10:44:48 [main.py:510 - <module>()] INFO: Waiting For the Dome to Open at Beginning of Night
2017-11-12T10:45:48 [main.py:510 - <module>()] INFO: Waiting For the Dome to Open at Beginning of Night
2017-11-12T10:46:48 [main.py:510 - <module>()] INFO: Waiting For the Dome to Open at Beginning of Night
2017-11-12T10:47:48 [main.py:510 - <module>()] INFO: Waiting For the Dome to Open at Beginning of Night
2017-11-12T10:48:49 [main.py:510 - <module>()] INFO: Waiting For the Dome to Open at Beginning of Night
2017-11-12T10:49:49 [main.py:510 - <module>()] INFO: Waiting For the Dome to Open at Beginning of Night
2017-11-12T10:50:49 [main.py:510 - <module>()] INFO: Waiting For the Dome to Open at Beginning of Night
2017-11-12T10:51:50 [main.py:510 - <module>()] INFO: Waiting For the Dome to Open at Beginning of Night
2017-11-12T10:52:50 [main.py:510 - <module>()] INFO: Waiting For the Dome to Open at Beginning of Night
2017-11-12T10:53:50 [main.py:510 - <module>()] INFO: Waiting For the Dome to Open at Beginning of Night
2017-11-12T10:54:50 [main.py:510 - <module>()] INFO: Waiting For the Dome to Open at Beginning of Night
2017-11-12T10:55:51 [main.py:510 - <module>()] INFO: Waiting For the Dome to Open at Beginning of Night
2017-11-12T10:56:51 [main.py:510 - <module>()] INFO: Waiting For the Dome to Open at Beginning of Night
2017-11-12T10:57:51 [main.py:510 - <module>()] INFO: Waiting For the Dome to Open at Beginning of Night
2017-11-12T10:58:51 [main.py:510 - <module>()] INFO: Waiting For the Dome to Open at Beginning of Night
2017-11-12T10:59:52 [main.py:510 - <module>()] INFO: Waiting For the Dome to Open at Beginning of Night
2017-11-12T11:00:52 [main.py:510 - <module>()] INFO: Waiting For the Dome to Open at Beginning of Night
2017-11-12T11:01:52 [main.py:510 - <module>()] INFO: Waiting For the Dome to Open at Beginning of Night
2017-11-12T11:02:53 [main.py:510 - <module>()] INFO: Waiting For the Dome to Open at Beginning of Night
2017-11-12T11:03:53 [main.py:510 - <module>()] INFO: Waiting For the Dome to Open at Beginning of Night
2017-11-12T11:04:53 [main.py:510 - <module>()] INFO: Waiting For the Dome to Open at Beginning of Night
2017-11-12T11:05:53 [main.py:510 - <module>()] INFO: Waiting For the Dome to Open at Beginning of Night
2017-11-12T11:06:54 [main.py:510 - <module>()] INFO: Waiting For the Dome to Open at Beginning of Night
2017-11-12T11:07:54 [main.py:510 - <module>()] INFO: Waiting For the Dome to Open at Beginning of Night
2017-11-12T11:08:54 [main.py:510 - <module>()] INFO: Waiting For the Dome to Open at Beginning of Night
2017-11-12T11:09:54 [main.py:510 - <module>()] INFO: Waiting For the Dome to Open at Beginning of Night
2017-11-12T11:10:55 [main.py:510 - <module>()] INFO: Waiting For the Dome to Open at Beginning of Night
2017-11-12T11:11:55 [main.py:510 - <module>()] INFO: Waiting For the Dome to Open at Beginning of Night
2017-11-12T11:12:55 [main.py:510 - <module>()] INFO: Waiting For the Dome to Open at Beginning of Night
2017-11-12T11:13:55 [main.py:510 - <module>()] INFO: Waiting For the Dome to Open at Beginning of Night
2017-11-12T11:14:56 [main.py:510 - <module>()] INFO: Waiting For the Dome to Open at Beginning of Night
2017-11-12T11:15:56 [main.py:510 - <module>()] INFO: Waiting For the Dome to Open at Beginning of Night
2017-11-12T11:16:56 [main.py:510 - <module>()] INFO: Waiting For the Dome to Open at Beginning of Night
2017-11-12T11:17:56 [main.py:510 - <module>()] INFO: Waiting For the Dome to Open at Beginning of Night
2017-11-12T11:18:57 [main.py:510 - <module>()] INFO: Waiting For the Dome to Open at Beginning of Night
2017-11-12T11:19:57 [main.py:510 - <module>()] INFO: Waiting For the Dome to Open at Beginning of Night
2017-11-12T11:20:57 [main.py:510 - <module>()] INFO: Waiting For the Dome to Open at Beginning of Night
2017-11-12T11:21:57 [main.py:510 - <module>()] INFO: Waiting For the Dome to Open at Beginning of Night
2017-11-12T11:22:58 [main.py:510 - <module>()] INFO: Waiting For the Dome to Open at Beginning of Night
2017-11-12T11:23:58 [main.py:510 - <module>()] INFO: Waiting For the Dome to Open at Beginning of Night
2017-11-12T11:24:58 [main.py:510 - <module>()] INFO: Waiting For the Dome to Open at Beginning of Night
2017-11-12T11:25:59 [main.py:510 - <module>()] INFO: Waiting For the Dome to Open at Beginning of Night
2017-11-12T11:26:59 [main.py:510 - <module>()] INFO: Waiting For the Dome to Open at Beginning of Night
2017-11-12T11:27:59 [main.py:510 - <module>()] INFO: Waiting For the Dome to Open at Beginning of Night
2017-11-12T11:28:59 [main.py:510 - <module>()] INFO: Waiting For the Dome to Open at Beginning of Night
2017-11-12T11:30:00 [main.py:510 - <module>()] INFO: Waiting For the Dome to Open at Beginning of Night
2017-11-12T11:31:00 [main.py:510 - <module>()] INFO: Waiting For the Dome to Open at Beginning of Night
2017-11-12T11:32:00 [main.py:510 - <module>()] INFO: Waiting For the Dome to Open at Beginning of Night
2017-11-12T11:33:00 [main.py:510 - <module>()] INFO: Waiting For the Dome to Open at Beginning of Night
2017-11-12T11:34:01 [main.py:510 - <module>()] INFO: Waiting For the Dome to Open at Beginning of Night
2017-11-12T11:35:01 [main.py:510 - <module>()] INFO: Waiting For the Dome to Open at Beginning of Night
2017-11-12T11:36:01 [main.py:510 - <module>()] INFO: Waiting For the Dome to Open at Beginning of Night
2017-11-12T11:37:01 [main.py:510 - <module>()] INFO: Waiting For the Dome to Open at Beginning of Night
2017-11-12T11:38:02 [main.py:510 - <module>()] INFO: Waiting For the Dome to Open at Beginning of Night
2017-11-12T11:39:02 [main.py:510 - <module>()] INFO: Waiting For the Dome to Open at Beginning of Night
2017-11-12T11:40:02 [main.py:510 - <module>()] INFO: Waiting For the Dome to Open at Beginning of Night
2017-11-12T11:41:03 [main.py:510 - <module>()] INFO: Waiting For the Dome to Open at Beginning of Night
2017-11-12T11:42:03 [main.py:510 - <module>()] INFO: Waiting For the Dome to Open at Beginning of Night
2017-11-12T11:43:03 [main.py:510 - <module>()] INFO: Waiting For the Dome to Open at Beginning of Night
2017-11-12T11:44:04 [main.py:510 - <module>()] INFO: Waiting For the Dome to Open at Beginning of Night
2017-11-12T11:45:04 [main.py:510 - <module>()] INFO: Waiting For the Dome to Open at Beginning of Night
2017-11-12T11:46:04 [main.py:510 - <module>()] INFO: Waiting For the Dome to Open at Beginning of Night
2017-11-12T11:47:04 [main.py:510 - <module>()] INFO: Waiting For the Dome to Open at Beginning of Night
2017-11-12T11:48:05 [main.py:510 - <module>()] INFO: Waiting For the Dome to Open at Beginning of Night
2017-11-12T11:49:05 [main.py:510 - <module>()] INFO: Waiting For the Dome to Open at Beginning of Night
2017-11-12T11:50:05 [main.py:510 - <module>()] INFO: Waiting For the Dome to Open at Beginning of Night
2017-11-12T11:51:06 [main.py:510 - <module>()] INFO: Waiting For the Dome to Open at Beginning of Night
2017-11-12T11:52:06 [main.py:510 - <module>()] INFO: Waiting For the Dome to Open at Beginning of Night
2017-11-12T11:53:06 [main.py:510 - <module>()] INFO: Waiting For the Dome to Open at Beginning of Night
2017-11-12T11:54:06 [main.py:510 - <module>()] INFO: Waiting For the Dome to Open at Beginning of Night
2017-11-12T11:55:07 [main.py:510 - <module>()] INFO: Waiting For the Dome to Open at Beginning of Night
2017-11-12T11:56:07 [main.py:510 - <module>()] INFO: Waiting For the Dome to Open at Beginning of Night
2017-11-12T11:57:07 [main.py:510 - <module>()] INFO: Waiting For the Dome to Open at Beginning of Night
2017-11-12T11:58:07 [main.py:510 - <module>()] INFO: Waiting For the Dome to Open at Beginning of Night
2017-11-12T11:59:08 [main.py:510 - <module>()] INFO: Waiting For the Dome to Open at Beginning of Night
2017-11-12T12:00:08 [main.py:510 - <module>()] INFO: Waiting For the Dome to Open at Beginning of Night
2017-11-12T12:01:08 [main.py:510 - <module>()] INFO: Waiting For the Dome to Open at Beginning of Night
2017-11-12T12:02:08 [main.py:510 - <module>()] INFO: Waiting For the Dome to Open at Beginning of Night
2017-11-12T12:03:09 [main.py:510 - <module>()] INFO: Waiting For the Dome to Open at Beginning of Night
2017-11-12T12:04:09 [main.py:510 - <module>()] INFO: Waiting For the Dome to Open at Beginning of Night
2017-11-12T12:05:09 [main.py:510 - <module>()] INFO: Waiting For the Dome to Open at Beginning of Night
2017-11-12T12:06:09 [main.py:510 - <module>()] INFO: Waiting For the Dome to Open at Beginning of Night
2017-11-12T12:07:10 [main.py:510 - <module>()] INFO: Waiting For the Dome to Open at Beginning of Night
2017-11-12T12:08:10 [main.py:510 - <module>()] INFO: Waiting For the Dome to Open at Beginning of Night
2017-11-12T12:09:10 [main.py:510 - <module>()] INFO: Waiting For the Dome to Open at Beginning of Night
2017-11-12T12:10:10 [main.py:510 - <module>()] INFO: Waiting For the Dome to Open at Beginning of Night
2017-11-12T12:11:11 [main.py:510 - <module>()] INFO: Waiting For the Dome to Open at Beginning of Night
2017-11-12T12:12:11 [main.py:510 - <module>()] INFO: Waiting For the Dome to Open at Beginning of Night
2017-11-12T12:13:11 [main.py:510 - <module>()] INFO: Waiting For the Dome to Open at Beginning of Night
2017-11-12T12:14:11 [main.py:510 - <module>()] INFO: Waiting For the Dome to Open at Beginning of Night
2017-11-12T12:15:12 [main.py:510 - <module>()] INFO: Waiting For the Dome to Open at Beginning of Night
2017-11-12T12:16:12 [main.py:510 - <module>()] INFO: Waiting For the Dome to Open at Beginning of Night
2017-11-12T12:17:12 [main.py:510 - <module>()] INFO: Waiting For the Dome to Open at Beginning of Night
2017-11-12T12:18:12 [main.py:510 - <module>()] INFO: Waiting For the Dome to Open at Beginning of Night
2017-11-12T12:19:13 [main.py:510 - <module>()] INFO: Waiting For the Dome to Open at Beginning of Night
2017-11-12T12:20:13 [main.py:510 - <module>()] INFO: Waiting For the Dome to Open at Beginning of Night
2017-11-12T12:21:13 [main.py:510 - <module>()] INFO: Waiting For the Dome to Open at Beginning of Night
2017-11-12T12:22:14 [main.py:510 - <module>()] INFO: Waiting For the Dome to Open at Beginning of Night
2017-11-12T12:23:14 [main.py:510 - <module>()] INFO: Waiting For the Dome to Open at Beginning of Night
2017-11-12T12:24:14 [main.py:510 - <module>()] INFO: Waiting For the Dome to Open at Beginning of Night
2017-11-12T12:25:14 [main.py:510 - <module>()] INFO: Waiting For the Dome to Open at Beginning of Night
2017-11-12T12:26:15 [main.py:510 - <module>()] INFO: Waiting For the Dome to Open at Beginning of Night
2017-11-12T12:27:15 [main.py:510 - <module>()] INFO: Waiting For the Dome to Open at Beginning of Night
2017-11-12T12:28:15 [main.py:510 - <module>()] INFO: Waiting For the Dome to Open at Beginning of Night
2017-11-12T12:29:15 [main.py:510 - <module>()] INFO: Waiting For the Dome to Open at Beginning of Night
2017-11-12T12:30:16 [main.py:510 - <module>()] INFO: Waiting For the Dome to Open at Beginning of Night
2017-11-12T12:31:16 [main.py:510 - <module>()] INFO: Waiting For the Dome to Open at Beginning of Night
2017-11-12T12:32:16 [main.py:510 - <module>()] INFO: Waiting For the Dome to Open at Beginning of Night
2017-11-12T12:33:17 [main.py:510 - <module>()] INFO: Waiting For the Dome to Open at Beginning of Night
2017-11-12T12:34:17 [main.py:510 - <module>()] INFO: Waiting For the Dome to Open at Beginning of Night
2017-11-12T12:35:17 [main.py:510 - <module>()] INFO: Waiting For the Dome to Open at Beginning of Night
2017-11-12T12:36:17 [main.py:510 - <module>()] INFO: Waiting For the Dome to Open at Beginning of Night
2017-11-12T12:37:18 [main.py:510 - <module>()] INFO: Waiting For the Dome to Open at Beginning of Night
2017-11-12T12:38:18 [main.py:510 - <module>()] INFO: Waiting For the Dome to Open at Beginning of Night
2017-11-12T12:39:18 [main.py:510 - <module>()] INFO: Waiting For the Dome to Open at Beginning of Night
2017-11-12T12:40:18 [main.py:510 - <module>()] INFO: Waiting For the Dome to Open at Beginning of Night
2017-11-12T12:41:19 [main.py:510 - <module>()] INFO: Waiting For the Dome to Open at Beginning of Night
2017-11-12T12:42:19 [main.py:510 - <module>()] INFO: Waiting For the Dome to Open at Beginning of Night
2017-11-12T12:43:19 [main.py:510 - <module>()] INFO: Waiting For the Dome to Open at Beginning of Night
2017-11-12T12:44:20 [main.py:510 - <module>()] INFO: Waiting For the Dome to Open at Beginning of Night
2017-11-12T12:45:20 [main.py:510 - <module>()] INFO: Waiting For the Dome to Open at Beginning of Night
2017-11-12T12:45:20 [main.py:518 - <module>()] INFO: Making Schedule and initializing telescope
