2018-03-03T00:45:32 [main.py:488 - <module>()] INFO: Waiting for sunset (2129.118783seconds)
2018-03-03T01:25:12 [main.py:499 - <module>()] INFO: Taking 30 Biases
2018-03-03T01:25:12 [main.py:163 - doDark()] INFO: Taking BIAS 1 of 30 (exptime = 0)
2018-03-03T01:25:12 [main.py:227 - takeImage()] INFO: Taking 0 second image
2018-03-03T01:25:14 [main.py:248 - takeImage()] INFO: Saving image: C:/camal/data/n20180303//0001BIAS.0.fits
2018-03-03T01:25:14 [main.py:163 - doDark()] INFO: Taking BIAS 2 of 30 (exptime = 0)
2018-03-03T01:25:14 [main.py:227 - takeImage()] INFO: Taking 0 second image
2018-03-03T01:25:16 [main.py:248 - takeImage()] INFO: Saving image: C:/camal/data/n20180303//0002BIAS.0.fits
2018-03-03T01:25:16 [main.py:163 - doDark()] INFO: Taking BIAS 3 of 30 (exptime = 0)
2018-03-03T01:25:16 [main.py:227 - takeImage()] INFO: Taking 0 second image
2018-03-03T01:25:17 [main.py:248 - takeImage()] INFO: Saving image: C:/camal/data/n20180303//0003BIAS.0.fits
2018-03-03T01:25:17 [main.py:163 - doDark()] INFO: Taking BIAS 4 of 30 (exptime = 0)
2018-03-03T01:25:17 [main.py:227 - takeImage()] INFO: Taking 0 second image
2018-03-03T01:25:18 [main.py:248 - takeImage()] INFO: Saving image: C:/camal/data/n20180303//0004BIAS.0.fits
2018-03-03T01:25:19 [main.py:163 - doDark()] INFO: Taking BIAS 5 of 30 (exptime = 0)
2018-03-03T01:25:19 [main.py:227 - takeImage()] INFO: Taking 0 second image
2018-03-03T01:25:20 [main.py:248 - takeImage()] INFO: Saving image: C:/camal/data/n20180303//0005BIAS.0.fits
2018-03-03T01:25:20 [main.py:163 - doDark()] INFO: Taking BIAS 6 of 30 (exptime = 0)
2018-03-03T01:25:20 [main.py:227 - takeImage()] INFO: Taking 0 second image
2018-03-03T01:25:21 [main.py:248 - takeImage()] INFO: Saving image: C:/camal/data/n20180303//0006BIAS.0.fits
2018-03-03T01:25:22 [main.py:163 - doDark()] INFO: Taking BIAS 7 of 30 (exptime = 0)
2018-03-03T01:25:22 [main.py:227 - takeImage()] INFO: Taking 0 second image
2018-03-03T01:25:23 [main.py:248 - takeImage()] INFO: Saving image: C:/camal/data/n20180303//0007BIAS.0.fits
2018-03-03T01:25:23 [main.py:163 - doDark()] INFO: Taking BIAS 8 of 30 (exptime = 0)
2018-03-03T01:25:23 [main.py:227 - takeImage()] INFO: Taking 0 second image
2018-03-03T01:25:24 [main.py:248 - takeImage()] INFO: Saving image: C:/camal/data/n20180303//0008BIAS.0.fits
2018-03-03T01:25:24 [main.py:163 - doDark()] INFO: Taking BIAS 9 of 30 (exptime = 0)
2018-03-03T01:25:24 [main.py:227 - takeImage()] INFO: Taking 0 second image
2018-03-03T01:25:26 [main.py:248 - takeImage()] INFO: Saving image: C:/camal/data/n20180303//0009BIAS.0.fits
2018-03-03T01:25:26 [main.py:163 - doDark()] INFO: Taking BIAS 10 of 30 (exptime = 0)
2018-03-03T01:25:26 [main.py:227 - takeImage()] INFO: Taking 0 second image
2018-03-03T01:25:27 [main.py:248 - takeImage()] INFO: Saving image: C:/camal/data/n20180303//0010BIAS.0.fits
2018-03-03T01:25:27 [main.py:163 - doDark()] INFO: Taking BIAS 11 of 30 (exptime = 0)
2018-03-03T01:25:27 [main.py:227 - takeImage()] INFO: Taking 0 second image
2018-03-03T01:25:29 [main.py:248 - takeImage()] INFO: Saving image: C:/camal/data/n20180303//0011BIAS.0.fits
2018-03-03T01:25:29 [main.py:163 - doDark()] INFO: Taking BIAS 12 of 30 (exptime = 0)
2018-03-03T01:25:29 [main.py:227 - takeImage()] INFO: Taking 0 second image
2018-03-03T01:25:30 [main.py:248 - takeImage()] INFO: Saving image: C:/camal/data/n20180303//0012BIAS.0.fits
2018-03-03T01:25:30 [main.py:163 - doDark()] INFO: Taking BIAS 13 of 30 (exptime = 0)
2018-03-03T01:25:30 [main.py:227 - takeImage()] INFO: Taking 0 second image
2018-03-03T01:25:43 [main.py:248 - takeImage()] INFO: Saving image: C:/camal/data/n20180303//0013BIAS.0.fits
2018-03-03T01:25:43 [main.py:163 - doDark()] INFO: Taking BIAS 14 of 30 (exptime = 0)
2018-03-03T01:25:43 [main.py:227 - takeImage()] INFO: Taking 0 second image
2018-03-03T01:25:44 [main.py:248 - takeImage()] INFO: Saving image: C:/camal/data/n20180303//0014BIAS.0.fits
2018-03-03T01:25:44 [main.py:163 - doDark()] INFO: Taking BIAS 15 of 30 (exptime = 0)
2018-03-03T01:25:44 [main.py:227 - takeImage()] INFO: Taking 0 second image
2018-03-03T01:25:45 [main.py:248 - takeImage()] INFO: Saving image: C:/camal/data/n20180303//0015BIAS.0.fits
2018-03-03T01:25:46 [main.py:163 - doDark()] INFO: Taking BIAS 16 of 30 (exptime = 0)
2018-03-03T01:25:46 [main.py:227 - takeImage()] INFO: Taking 0 second image
2018-03-03T01:25:47 [main.py:248 - takeImage()] INFO: Saving image: C:/camal/data/n20180303//0016BIAS.0.fits
2018-03-03T01:25:47 [main.py:163 - doDark()] INFO: Taking BIAS 17 of 30 (exptime = 0)
2018-03-03T01:25:47 [main.py:227 - takeImage()] INFO: Taking 0 second image
2018-03-03T01:25:49 [main.py:248 - takeImage()] INFO: Saving image: C:/camal/data/n20180303//0017BIAS.0.fits
2018-03-03T01:25:49 [main.py:163 - doDark()] INFO: Taking BIAS 18 of 30 (exptime = 0)
2018-03-03T01:25:49 [main.py:227 - takeImage()] INFO: Taking 0 second image
2018-03-03T01:25:51 [main.py:248 - takeImage()] INFO: Saving image: C:/camal/data/n20180303//0018BIAS.0.fits
2018-03-03T01:25:51 [main.py:163 - doDark()] INFO: Taking BIAS 19 of 30 (exptime = 0)
2018-03-03T01:25:51 [main.py:227 - takeImage()] INFO: Taking 0 second image
2018-03-03T01:25:52 [main.py:248 - takeImage()] INFO: Saving image: C:/camal/data/n20180303//0019BIAS.0.fits
2018-03-03T01:25:52 [main.py:163 - doDark()] INFO: Taking BIAS 20 of 30 (exptime = 0)
2018-03-03T01:25:52 [main.py:227 - takeImage()] INFO: Taking 0 second image
2018-03-03T01:25:54 [main.py:248 - takeImage()] INFO: Saving image: C:/camal/data/n20180303//0020BIAS.0.fits
2018-03-03T01:25:54 [main.py:163 - doDark()] INFO: Taking BIAS 21 of 30 (exptime = 0)
2018-03-03T01:25:54 [main.py:227 - takeImage()] INFO: Taking 0 second image
2018-03-03T01:25:55 [main.py:248 - takeImage()] INFO: Saving image: C:/camal/data/n20180303//0021BIAS.0.fits
2018-03-03T01:25:55 [main.py:163 - doDark()] INFO: Taking BIAS 22 of 30 (exptime = 0)
2018-03-03T01:25:55 [main.py:227 - takeImage()] INFO: Taking 0 second image
2018-03-03T01:25:57 [main.py:248 - takeImage()] INFO: Saving image: C:/camal/data/n20180303//0022BIAS.0.fits
2018-03-03T01:25:57 [main.py:163 - doDark()] INFO: Taking BIAS 23 of 30 (exptime = 0)
2018-03-03T01:25:57 [main.py:227 - takeImage()] INFO: Taking 0 second image
2018-03-03T01:25:58 [main.py:248 - takeImage()] INFO: Saving image: C:/camal/data/n20180303//0023BIAS.0.fits
2018-03-03T01:25:58 [main.py:163 - doDark()] INFO: Taking BIAS 24 of 30 (exptime = 0)
2018-03-03T01:25:58 [main.py:227 - takeImage()] INFO: Taking 0 second image
2018-03-03T01:25:59 [main.py:248 - takeImage()] INFO: Saving image: C:/camal/data/n20180303//0024BIAS.0.fits
2018-03-03T01:25:59 [main.py:163 - doDark()] INFO: Taking BIAS 25 of 30 (exptime = 0)
2018-03-03T01:25:59 [main.py:227 - takeImage()] INFO: Taking 0 second image
2018-03-03T01:26:01 [main.py:248 - takeImage()] INFO: Saving image: C:/camal/data/n20180303//0025BIAS.0.fits
2018-03-03T01:26:01 [main.py:163 - doDark()] INFO: Taking BIAS 26 of 30 (exptime = 0)
2018-03-03T01:26:01 [main.py:227 - takeImage()] INFO: Taking 0 second image
2018-03-03T01:26:02 [main.py:248 - takeImage()] INFO: Saving image: C:/camal/data/n20180303//0026BIAS.0.fits
2018-03-03T01:26:02 [main.py:163 - doDark()] INFO: Taking BIAS 27 of 30 (exptime = 0)
2018-03-03T01:26:02 [main.py:227 - takeImage()] INFO: Taking 0 second image
2018-03-03T01:26:04 [main.py:248 - takeImage()] INFO: Saving image: C:/camal/data/n20180303//0027BIAS.0.fits
2018-03-03T01:26:04 [main.py:163 - doDark()] INFO: Taking BIAS 28 of 30 (exptime = 0)
2018-03-03T01:26:04 [main.py:227 - takeImage()] INFO: Taking 0 second image
2018-03-03T01:26:06 [main.py:248 - takeImage()] INFO: Saving image: C:/camal/data/n20180303//0028BIAS.0.fits
2018-03-03T01:26:06 [main.py:163 - doDark()] INFO: Taking BIAS 29 of 30 (exptime = 0)
2018-03-03T01:26:06 [main.py:227 - takeImage()] INFO: Taking 0 second image
2018-03-03T01:26:08 [main.py:248 - takeImage()] INFO: Saving image: C:/camal/data/n20180303//0029BIAS.0.fits
2018-03-03T01:26:08 [main.py:163 - doDark()] INFO: Taking BIAS 30 of 30 (exptime = 0)
2018-03-03T01:26:08 [main.py:227 - takeImage()] INFO: Taking 0 second image
2018-03-03T01:26:09 [main.py:248 - takeImage()] INFO: Saving image: C:/camal/data/n20180303//0030BIAS.0.fits
2018-03-03T01:26:09 [main.py:505 - <module>()] INFO: Waiting for nautical twilight to end (2930.916313seconds)
2018-03-03T02:15:00 [main.py:510 - <module>()] INFO: Making Schedule
