2017-12-21T00:48:46 [main.py:499 - <module>()] INFO: Taking 30 Biases
2017-12-21T00:48:46 [main.py:163 - doDark()] INFO: Taking BIAS 1 of 30 (exptime = 0)
2017-12-21T00:48:46 [main.py:227 - takeImage()] INFO: Taking 0 second image
2017-12-21T00:48:49 [main.py:248 - takeImage()] INFO: Saving image: C:/camal/data/n20171221//0001BIAS.0.fits
2017-12-21T00:48:49 [main.py:163 - doDark()] INFO: Taking BIAS 2 of 30 (exptime = 0)
2017-12-21T00:48:49 [main.py:227 - takeImage()] INFO: Taking 0 second image
2017-12-21T00:48:50 [main.py:248 - takeImage()] INFO: Saving image: C:/camal/data/n20171221//0002BIAS.0.fits
2017-12-21T00:48:50 [main.py:163 - doDark()] INFO: Taking BIAS 3 of 30 (exptime = 0)
2017-12-21T00:48:50 [main.py:227 - takeImage()] INFO: Taking 0 second image
2017-12-21T00:48:52 [main.py:248 - takeImage()] INFO: Saving image: C:/camal/data/n20171221//0003BIAS.0.fits
2017-12-21T00:48:52 [main.py:163 - doDark()] INFO: Taking BIAS 4 of 30 (exptime = 0)
2017-12-21T00:48:52 [main.py:227 - takeImage()] INFO: Taking 0 second image
2017-12-21T00:48:53 [main.py:248 - takeImage()] INFO: Saving image: C:/camal/data/n20171221//0004BIAS.0.fits
2017-12-21T00:48:53 [main.py:163 - doDark()] INFO: Taking BIAS 5 of 30 (exptime = 0)
2017-12-21T00:48:53 [main.py:227 - takeImage()] INFO: Taking 0 second image
2017-12-21T00:48:54 [main.py:248 - takeImage()] INFO: Saving image: C:/camal/data/n20171221//0005BIAS.0.fits
2017-12-21T00:48:54 [main.py:163 - doDark()] INFO: Taking BIAS 6 of 30 (exptime = 0)
2017-12-21T00:48:54 [main.py:227 - takeImage()] INFO: Taking 0 second image
2017-12-21T00:48:56 [main.py:248 - takeImage()] INFO: Saving image: C:/camal/data/n20171221//0006BIAS.0.fits
2017-12-21T00:48:56 [main.py:163 - doDark()] INFO: Taking BIAS 7 of 30 (exptime = 0)
2017-12-21T00:48:56 [main.py:227 - takeImage()] INFO: Taking 0 second image
2017-12-21T00:48:57 [main.py:248 - takeImage()] INFO: Saving image: C:/camal/data/n20171221//0007BIAS.0.fits
2017-12-21T00:48:57 [main.py:163 - doDark()] INFO: Taking BIAS 8 of 30 (exptime = 0)
2017-12-21T00:48:57 [main.py:227 - takeImage()] INFO: Taking 0 second image
2017-12-21T00:48:58 [main.py:248 - takeImage()] INFO: Saving image: C:/camal/data/n20171221//0008BIAS.0.fits
2017-12-21T00:48:58 [main.py:163 - doDark()] INFO: Taking BIAS 9 of 30 (exptime = 0)
2017-12-21T00:48:58 [main.py:227 - takeImage()] INFO: Taking 0 second image
2017-12-21T00:49:00 [main.py:248 - takeImage()] INFO: Saving image: C:/camal/data/n20171221//0009BIAS.0.fits
2017-12-21T00:49:00 [main.py:163 - doDark()] INFO: Taking BIAS 10 of 30 (exptime = 0)
2017-12-21T00:49:00 [main.py:227 - takeImage()] INFO: Taking 0 second image
2017-12-21T00:49:01 [main.py:248 - takeImage()] INFO: Saving image: C:/camal/data/n20171221//0010BIAS.0.fits
2017-12-21T00:49:01 [main.py:163 - doDark()] INFO: Taking BIAS 11 of 30 (exptime = 0)
2017-12-21T00:49:01 [main.py:227 - takeImage()] INFO: Taking 0 second image
2017-12-21T00:49:03 [main.py:248 - takeImage()] INFO: Saving image: C:/camal/data/n20171221//0011BIAS.0.fits
2017-12-21T00:49:03 [main.py:163 - doDark()] INFO: Taking BIAS 12 of 30 (exptime = 0)
2017-12-21T00:49:03 [main.py:227 - takeImage()] INFO: Taking 0 second image
2017-12-21T00:49:04 [main.py:248 - takeImage()] INFO: Saving image: C:/camal/data/n20171221//0012BIAS.0.fits
2017-12-21T00:49:04 [main.py:163 - doDark()] INFO: Taking BIAS 13 of 30 (exptime = 0)
2017-12-21T00:49:04 [main.py:227 - takeImage()] INFO: Taking 0 second image
2017-12-21T00:49:05 [main.py:248 - takeImage()] INFO: Saving image: C:/camal/data/n20171221//0013BIAS.0.fits
2017-12-21T00:49:05 [main.py:163 - doDark()] INFO: Taking BIAS 14 of 30 (exptime = 0)
2017-12-21T00:49:05 [main.py:227 - takeImage()] INFO: Taking 0 second image
2017-12-21T00:49:07 [main.py:248 - takeImage()] INFO: Saving image: C:/camal/data/n20171221//0014BIAS.0.fits
2017-12-21T00:49:07 [main.py:163 - doDark()] INFO: Taking BIAS 15 of 30 (exptime = 0)
2017-12-21T00:49:07 [main.py:227 - takeImage()] INFO: Taking 0 second image
2017-12-21T00:49:08 [main.py:248 - takeImage()] INFO: Saving image: C:/camal/data/n20171221//0015BIAS.0.fits
2017-12-21T00:49:08 [main.py:163 - doDark()] INFO: Taking BIAS 16 of 30 (exptime = 0)
2017-12-21T00:49:08 [main.py:227 - takeImage()] INFO: Taking 0 second image
2017-12-21T00:49:10 [main.py:248 - takeImage()] INFO: Saving image: C:/camal/data/n20171221//0016BIAS.0.fits
2017-12-21T00:49:10 [main.py:163 - doDark()] INFO: Taking BIAS 17 of 30 (exptime = 0)
2017-12-21T00:49:10 [main.py:227 - takeImage()] INFO: Taking 0 second image
2017-12-21T00:49:11 [main.py:248 - takeImage()] INFO: Saving image: C:/camal/data/n20171221//0017BIAS.0.fits
2017-12-21T00:49:11 [main.py:163 - doDark()] INFO: Taking BIAS 18 of 30 (exptime = 0)
2017-12-21T00:49:11 [main.py:227 - takeImage()] INFO: Taking 0 second image
2017-12-21T00:49:12 [main.py:248 - takeImage()] INFO: Saving image: C:/camal/data/n20171221//0018BIAS.0.fits
2017-12-21T00:49:13 [main.py:163 - doDark()] INFO: Taking BIAS 19 of 30 (exptime = 0)
2017-12-21T00:49:13 [main.py:227 - takeImage()] INFO: Taking 0 second image
2017-12-21T00:49:14 [main.py:248 - takeImage()] INFO: Saving image: C:/camal/data/n20171221//0019BIAS.0.fits
2017-12-21T00:49:14 [main.py:163 - doDark()] INFO: Taking BIAS 20 of 30 (exptime = 0)
2017-12-21T00:49:14 [main.py:227 - takeImage()] INFO: Taking 0 second image
2017-12-21T00:49:15 [main.py:248 - takeImage()] INFO: Saving image: C:/camal/data/n20171221//0020BIAS.0.fits
2017-12-21T00:49:15 [main.py:163 - doDark()] INFO: Taking BIAS 21 of 30 (exptime = 0)
2017-12-21T00:49:15 [main.py:227 - takeImage()] INFO: Taking 0 second image
2017-12-21T00:49:17 [main.py:248 - takeImage()] INFO: Saving image: C:/camal/data/n20171221//0021BIAS.0.fits
2017-12-21T00:49:17 [main.py:163 - doDark()] INFO: Taking BIAS 22 of 30 (exptime = 0)
2017-12-21T00:49:17 [main.py:227 - takeImage()] INFO: Taking 0 second image
2017-12-21T00:49:18 [main.py:248 - takeImage()] INFO: Saving image: C:/camal/data/n20171221//0022BIAS.0.fits
2017-12-21T00:49:18 [main.py:163 - doDark()] INFO: Taking BIAS 23 of 30 (exptime = 0)
2017-12-21T00:49:18 [main.py:227 - takeImage()] INFO: Taking 0 second image
2017-12-21T00:49:19 [main.py:248 - takeImage()] INFO: Saving image: C:/camal/data/n20171221//0023BIAS.0.fits
2017-12-21T00:49:19 [main.py:163 - doDark()] INFO: Taking BIAS 24 of 30 (exptime = 0)
2017-12-21T00:49:19 [main.py:227 - takeImage()] INFO: Taking 0 second image
2017-12-21T00:49:21 [main.py:248 - takeImage()] INFO: Saving image: C:/camal/data/n20171221//0024BIAS.0.fits
2017-12-21T00:49:21 [main.py:163 - doDark()] INFO: Taking BIAS 25 of 30 (exptime = 0)
2017-12-21T00:49:21 [main.py:227 - takeImage()] INFO: Taking 0 second image
2017-12-21T00:49:22 [main.py:248 - takeImage()] INFO: Saving image: C:/camal/data/n20171221//0025BIAS.0.fits
2017-12-21T00:49:22 [main.py:163 - doDark()] INFO: Taking BIAS 26 of 30 (exptime = 0)
2017-12-21T00:49:22 [main.py:227 - takeImage()] INFO: Taking 0 second image
2017-12-21T00:49:24 [main.py:248 - takeImage()] INFO: Saving image: C:/camal/data/n20171221//0026BIAS.0.fits
2017-12-21T00:49:24 [main.py:163 - doDark()] INFO: Taking BIAS 27 of 30 (exptime = 0)
2017-12-21T00:49:24 [main.py:227 - takeImage()] INFO: Taking 0 second image
2017-12-21T00:49:25 [main.py:248 - takeImage()] INFO: Saving image: C:/camal/data/n20171221//0027BIAS.0.fits
2017-12-21T00:49:25 [main.py:163 - doDark()] INFO: Taking BIAS 28 of 30 (exptime = 0)
2017-12-21T00:49:25 [main.py:227 - takeImage()] INFO: Taking 0 second image
2017-12-21T00:49:26 [main.py:248 - takeImage()] INFO: Saving image: C:/camal/data/n20171221//0028BIAS.0.fits
2017-12-21T00:49:26 [main.py:163 - doDark()] INFO: Taking BIAS 29 of 30 (exptime = 0)
2017-12-21T00:49:26 [main.py:227 - takeImage()] INFO: Taking 0 second image
2017-12-21T00:49:28 [main.py:248 - takeImage()] INFO: Saving image: C:/camal/data/n20171221//0029BIAS.0.fits
2017-12-21T00:49:28 [main.py:163 - doDark()] INFO: Taking BIAS 30 of 30 (exptime = 0)
2017-12-21T00:49:28 [main.py:227 - takeImage()] INFO: Taking 0 second image
2017-12-21T00:49:29 [main.py:248 - takeImage()] INFO: Saving image: C:/camal/data/n20171221//0030BIAS.0.fits
2017-12-21T00:49:29 [main.py:505 - <module>()] INFO: Waiting for nautical twilight to end (1901.949826seconds)
2017-12-21T01:21:11 [main.py:510 - <module>()] INFO: Making Schedule
2017-12-21T01:21:16 [main.py:525 - <module>()] INFO: Waiting For the Dome to Open at Beginning of Night
2017-12-21T01:22:16 [main.py:525 - <module>()] INFO: Waiting For the Dome to Open at Beginning of Night
2017-12-21T01:23:16 [main.py:525 - <module>()] INFO: Waiting For the Dome to Open at Beginning of Night
2017-12-21T01:24:17 [main.py:525 - <module>()] INFO: Waiting For the Dome to Open at Beginning of Night
2017-12-21T01:25:17 [main.py:525 - <module>()] INFO: Waiting For the Dome to Open at Beginning of Night
2017-12-21T01:26:17 [main.py:525 - <module>()] INFO: Waiting For the Dome to Open at Beginning of Night
2017-12-21T01:27:18 [main.py:525 - <module>()] INFO: Waiting For the Dome to Open at Beginning of Night
2017-12-21T01:28:18 [main.py:525 - <module>()] INFO: Waiting For the Dome to Open at Beginning of Night
2017-12-21T01:29:18 [main.py:525 - <module>()] INFO: Waiting For the Dome to Open at Beginning of Night
2017-12-21T01:30:18 [main.py:525 - <module>()] INFO: Waiting For the Dome to Open at Beginning of Night
2017-12-21T01:31:19 [main.py:525 - <module>()] INFO: Waiting For the Dome to Open at Beginning of Night
2017-12-21T01:32:19 [main.py:525 - <module>()] INFO: Waiting For the Dome to Open at Beginning of Night
2017-12-21T01:33:19 [main.py:525 - <module>()] INFO: Waiting For the Dome to Open at Beginning of Night
2017-12-21T01:34:19 [main.py:525 - <module>()] INFO: Waiting For the Dome to Open at Beginning of Night
2017-12-21T01:35:20 [main.py:525 - <module>()] INFO: Waiting For the Dome to Open at Beginning of Night
2017-12-21T01:36:20 [main.py:525 - <module>()] INFO: Waiting For the Dome to Open at Beginning of Night
2017-12-21T01:37:20 [main.py:525 - <module>()] INFO: Waiting For the Dome to Open at Beginning of Night
2017-12-21T01:38:21 [main.py:525 - <module>()] INFO: Waiting For the Dome to Open at Beginning of Night
2017-12-21T01:39:21 [main.py:525 - <module>()] INFO: Waiting For the Dome to Open at Beginning of Night
2017-12-21T01:40:21 [main.py:525 - <module>()] INFO: Waiting For the Dome to Open at Beginning of Night
2017-12-21T01:41:21 [main.py:525 - <module>()] INFO: Waiting For the Dome to Open at Beginning of Night
2017-12-21T01:42:22 [main.py:525 - <module>()] INFO: Waiting For the Dome to Open at Beginning of Night
2017-12-21T01:43:22 [main.py:525 - <module>()] INFO: Waiting For the Dome to Open at Beginning of Night
2017-12-21T01:44:22 [main.py:525 - <module>()] INFO: Waiting For the Dome to Open at Beginning of Night
2017-12-21T01:45:22 [main.py:525 - <module>()] INFO: Waiting For the Dome to Open at Beginning of Night
2017-12-21T01:46:23 [main.py:525 - <module>()] INFO: Waiting For the Dome to Open at Beginning of Night
2017-12-21T01:47:23 [main.py:525 - <module>()] INFO: Waiting For the Dome to Open at Beginning of Night
2017-12-21T01:48:23 [main.py:525 - <module>()] INFO: Waiting For the Dome to Open at Beginning of Night
2017-12-21T01:49:24 [main.py:525 - <module>()] INFO: Waiting For the Dome to Open at Beginning of Night
2017-12-21T01:50:24 [main.py:525 - <module>()] INFO: Waiting For the Dome to Open at Beginning of Night
2017-12-21T01:51:24 [main.py:525 - <module>()] INFO: Waiting For the Dome to Open at Beginning of Night
2017-12-21T01:52:24 [main.py:525 - <module>()] INFO: Waiting For the Dome to Open at Beginning of Night
2017-12-21T01:53:25 [main.py:525 - <module>()] INFO: Waiting For the Dome to Open at Beginning of Night
2017-12-21T01:54:25 [main.py:525 - <module>()] INFO: Waiting For the Dome to Open at Beginning of Night
2017-12-21T01:55:25 [main.py:525 - <module>()] INFO: Waiting For the Dome to Open at Beginning of Night
2017-12-21T01:56:25 [main.py:525 - <module>()] INFO: Waiting For the Dome to Open at Beginning of Night
2017-12-21T01:57:26 [main.py:525 - <module>()] INFO: Waiting For the Dome to Open at Beginning of Night
2017-12-21T01:58:26 [main.py:525 - <module>()] INFO: Waiting For the Dome to Open at Beginning of Night
2017-12-21T01:59:26 [main.py:525 - <module>()] INFO: Waiting For the Dome to Open at Beginning of Night
2017-12-21T02:00:27 [main.py:525 - <module>()] INFO: Waiting For the Dome to Open at Beginning of Night
2017-12-21T02:01:27 [main.py:525 - <module>()] INFO: Waiting For the Dome to Open at Beginning of Night
2017-12-21T02:02:27 [main.py:525 - <module>()] INFO: Waiting For the Dome to Open at Beginning of Night
2017-12-21T02:03:27 [main.py:525 - <module>()] INFO: Waiting For the Dome to Open at Beginning of Night
2017-12-21T02:04:28 [main.py:525 - <module>()] INFO: Waiting For the Dome to Open at Beginning of Night
2017-12-21T02:05:28 [main.py:525 - <module>()] INFO: Waiting For the Dome to Open at Beginning of Night
2017-12-21T02:06:28 [main.py:525 - <module>()] INFO: Waiting For the Dome to Open at Beginning of Night
2017-12-21T02:07:28 [main.py:525 - <module>()] INFO: Waiting For the Dome to Open at Beginning of Night
2017-12-21T02:08:29 [main.py:525 - <module>()] INFO: Waiting For the Dome to Open at Beginning of Night
2017-12-21T02:09:29 [main.py:525 - <module>()] INFO: Waiting For the Dome to Open at Beginning of Night
2017-12-21T02:10:29 [main.py:525 - <module>()] INFO: Waiting For the Dome to Open at Beginning of Night
2017-12-21T02:11:30 [main.py:525 - <module>()] INFO: Waiting For the Dome to Open at Beginning of Night
2017-12-21T02:12:30 [main.py:525 - <module>()] INFO: Waiting For the Dome to Open at Beginning of Night
2017-12-21T02:13:30 [main.py:525 - <module>()] INFO: Waiting For the Dome to Open at Beginning of Night
2017-12-21T02:14:30 [main.py:525 - <module>()] INFO: Waiting For the Dome to Open at Beginning of Night
2017-12-21T02:15:31 [main.py:525 - <module>()] INFO: Waiting For the Dome to Open at Beginning of Night
2017-12-21T02:16:31 [main.py:525 - <module>()] INFO: Waiting For the Dome to Open at Beginning of Night
2017-12-21T02:17:31 [main.py:525 - <module>()] INFO: Waiting For the Dome to Open at Beginning of Night
2017-12-21T02:18:31 [main.py:525 - <module>()] INFO: Waiting For the Dome to Open at Beginning of Night
2017-12-21T02:19:32 [main.py:525 - <module>()] INFO: Waiting For the Dome to Open at Beginning of Night
2017-12-21T02:20:32 [main.py:525 - <module>()] INFO: Waiting For the Dome to Open at Beginning of Night
2017-12-21T02:21:32 [main.py:525 - <module>()] INFO: Waiting For the Dome to Open at Beginning of Night
2017-12-21T02:22:33 [main.py:525 - <module>()] INFO: Waiting For the Dome to Open at Beginning of Night
2017-12-21T02:23:33 [main.py:525 - <module>()] INFO: Waiting For the Dome to Open at Beginning of Night
2017-12-21T02:24:33 [main.py:525 - <module>()] INFO: Waiting For the Dome to Open at Beginning of Night
2017-12-21T02:25:33 [main.py:525 - <module>()] INFO: Waiting For the Dome to Open at Beginning of Night
2017-12-21T02:26:34 [main.py:525 - <module>()] INFO: Waiting For the Dome to Open at Beginning of Night
2017-12-21T02:27:34 [main.py:525 - <module>()] INFO: Waiting For the Dome to Open at Beginning of Night
2017-12-21T02:28:34 [main.py:525 - <module>()] INFO: Waiting For the Dome to Open at Beginning of Night
2017-12-21T02:29:35 [main.py:525 - <module>()] INFO: Waiting For the Dome to Open at Beginning of Night
2017-12-21T02:30:35 [main.py:525 - <module>()] INFO: Waiting For the Dome to Open at Beginning of Night
2017-12-21T02:31:35 [main.py:525 - <module>()] INFO: Waiting For the Dome to Open at Beginning of Night
2017-12-21T02:32:35 [main.py:525 - <module>()] INFO: Waiting For the Dome to Open at Beginning of Night
2017-12-21T02:33:36 [main.py:525 - <module>()] INFO: Waiting For the Dome to Open at Beginning of Night
2017-12-21T02:34:36 [main.py:525 - <module>()] INFO: Waiting For the Dome to Open at Beginning of Night
2017-12-21T02:35:36 [main.py:525 - <module>()] INFO: Waiting For the Dome to Open at Beginning of Night
2017-12-21T02:36:36 [main.py:525 - <module>()] INFO: Waiting For the Dome to Open at Beginning of Night
2017-12-21T02:37:37 [main.py:525 - <module>()] INFO: Waiting For the Dome to Open at Beginning of Night
2017-12-21T02:38:37 [main.py:525 - <module>()] INFO: Waiting For the Dome to Open at Beginning of Night
2017-12-21T02:39:37 [main.py:525 - <module>()] INFO: Waiting For the Dome to Open at Beginning of Night
2017-12-21T02:40:38 [main.py:525 - <module>()] INFO: Waiting For the Dome to Open at Beginning of Night
2017-12-21T02:41:38 [main.py:525 - <module>()] INFO: Waiting For the Dome to Open at Beginning of Night
2017-12-21T02:42:38 [main.py:525 - <module>()] INFO: Waiting For the Dome to Open at Beginning of Night
2017-12-21T02:43:38 [main.py:525 - <module>()] INFO: Waiting For the Dome to Open at Beginning of Night
2017-12-21T02:44:39 [main.py:525 - <module>()] INFO: Waiting For the Dome to Open at Beginning of Night
2017-12-21T02:45:39 [main.py:525 - <module>()] INFO: Waiting For the Dome to Open at Beginning of Night
2017-12-21T02:46:39 [main.py:525 - <module>()] INFO: Waiting For the Dome to Open at Beginning of Night
2017-12-21T02:47:39 [main.py:525 - <module>()] INFO: Waiting For the Dome to Open at Beginning of Night
2017-12-21T02:48:40 [main.py:525 - <module>()] INFO: Waiting For the Dome to Open at Beginning of Night
2017-12-21T02:49:40 [main.py:525 - <module>()] INFO: Waiting For the Dome to Open at Beginning of Night
2017-12-21T02:50:40 [main.py:525 - <module>()] INFO: Waiting For the Dome to Open at Beginning of Night
2017-12-21T02:51:41 [main.py:525 - <module>()] INFO: Waiting For the Dome to Open at Beginning of Night
2017-12-21T02:52:41 [main.py:525 - <module>()] INFO: Waiting For the Dome to Open at Beginning of Night
2017-12-21T02:53:41 [main.py:525 - <module>()] INFO: Waiting For the Dome to Open at Beginning of Night
2017-12-21T02:54:41 [main.py:525 - <module>()] INFO: Waiting For the Dome to Open at Beginning of Night
2017-12-21T02:55:42 [main.py:525 - <module>()] INFO: Waiting For the Dome to Open at Beginning of Night
2017-12-21T02:56:42 [main.py:525 - <module>()] INFO: Waiting For the Dome to Open at Beginning of Night
2017-12-21T02:57:42 [main.py:525 - <module>()] INFO: Waiting For the Dome to Open at Beginning of Night
2017-12-21T02:58:42 [main.py:525 - <module>()] INFO: Waiting For the Dome to Open at Beginning of Night
2017-12-21T02:59:43 [main.py:525 - <module>()] INFO: Waiting For the Dome to Open at Beginning of Night
2017-12-21T03:00:43 [main.py:525 - <module>()] INFO: Waiting For the Dome to Open at Beginning of Night
2017-12-21T03:01:43 [main.py:525 - <module>()] INFO: Waiting For the Dome to Open at Beginning of Night
2017-12-21T03:02:44 [main.py:525 - <module>()] INFO: Waiting For the Dome to Open at Beginning of Night
2017-12-21T03:03:44 [main.py:525 - <module>()] INFO: Waiting For the Dome to Open at Beginning of Night
2017-12-21T03:04:44 [main.py:525 - <module>()] INFO: Waiting For the Dome to Open at Beginning of Night
2017-12-21T03:05:44 [main.py:525 - <module>()] INFO: Waiting For the Dome to Open at Beginning of Night
2017-12-21T03:06:45 [main.py:525 - <module>()] INFO: Waiting For the Dome to Open at Beginning of Night
2017-12-21T03:07:45 [main.py:525 - <module>()] INFO: Waiting For the Dome to Open at Beginning of Night
2017-12-21T03:08:45 [main.py:525 - <module>()] INFO: Waiting For the Dome to Open at Beginning of Night
2017-12-21T03:09:45 [main.py:525 - <module>()] INFO: Waiting For the Dome to Open at Beginning of Night
2017-12-21T03:10:46 [main.py:525 - <module>()] INFO: Waiting For the Dome to Open at Beginning of Night
2017-12-21T03:11:46 [main.py:525 - <module>()] INFO: Waiting For the Dome to Open at Beginning of Night
2017-12-21T03:12:46 [main.py:525 - <module>()] INFO: Waiting For the Dome to Open at Beginning of Night
2017-12-21T03:13:47 [main.py:525 - <module>()] INFO: Waiting For the Dome to Open at Beginning of Night
2017-12-21T03:14:47 [main.py:525 - <module>()] INFO: Waiting For the Dome to Open at Beginning of Night
2017-12-21T03:15:47 [main.py:525 - <module>()] INFO: Waiting For the Dome to Open at Beginning of Night
2017-12-21T03:16:47 [main.py:525 - <module>()] INFO: Waiting For the Dome to Open at Beginning of Night
2017-12-21T03:17:48 [main.py:525 - <module>()] INFO: Waiting For the Dome to Open at Beginning of Night
2017-12-21T03:18:48 [main.py:525 - <module>()] INFO: Waiting For the Dome to Open at Beginning of Night
2017-12-21T03:19:48 [main.py:525 - <module>()] INFO: Waiting For the Dome to Open at Beginning of Night
2017-12-21T03:20:48 [main.py:525 - <module>()] INFO: Waiting For the Dome to Open at Beginning of Night
2017-12-21T03:21:49 [main.py:525 - <module>()] INFO: Waiting For the Dome to Open at Beginning of Night
2017-12-21T03:22:49 [main.py:525 - <module>()] INFO: Waiting For the Dome to Open at Beginning of Night
2017-12-21T03:23:49 [main.py:525 - <module>()] INFO: Waiting For the Dome to Open at Beginning of Night
2017-12-21T03:24:50 [main.py:525 - <module>()] INFO: Waiting For the Dome to Open at Beginning of Night
2017-12-21T03:25:50 [main.py:525 - <module>()] INFO: Waiting For the Dome to Open at Beginning of Night
2017-12-21T03:26:50 [main.py:525 - <module>()] INFO: Waiting For the Dome to Open at Beginning of Night
2017-12-21T03:27:50 [main.py:525 - <module>()] INFO: Waiting For the Dome to Open at Beginning of Night
2017-12-21T03:28:51 [main.py:525 - <module>()] INFO: Waiting For the Dome to Open at Beginning of Night
2017-12-21T03:29:51 [main.py:525 - <module>()] INFO: Waiting For the Dome to Open at Beginning of Night
2017-12-21T03:30:51 [main.py:525 - <module>()] INFO: Waiting For the Dome to Open at Beginning of Night
2017-12-21T03:31:51 [main.py:525 - <module>()] INFO: Waiting For the Dome to Open at Beginning of Night
2017-12-21T03:32:52 [main.py:525 - <module>()] INFO: Waiting For the Dome to Open at Beginning of Night
2017-12-21T03:33:52 [main.py:525 - <module>()] INFO: Waiting For the Dome to Open at Beginning of Night
2017-12-21T03:34:52 [main.py:525 - <module>()] INFO: Waiting For the Dome to Open at Beginning of Night
2017-12-21T03:35:53 [main.py:525 - <module>()] INFO: Waiting For the Dome to Open at Beginning of Night
2017-12-21T03:36:53 [main.py:525 - <module>()] INFO: Waiting For the Dome to Open at Beginning of Night
2017-12-21T03:37:53 [main.py:525 - <module>()] INFO: Waiting For the Dome to Open at Beginning of Night
2017-12-21T03:38:53 [main.py:525 - <module>()] INFO: Waiting For the Dome to Open at Beginning of Night
2017-12-21T03:39:54 [main.py:525 - <module>()] INFO: Waiting For the Dome to Open at Beginning of Night
2017-12-21T03:40:54 [main.py:525 - <module>()] INFO: Waiting For the Dome to Open at Beginning of Night
2017-12-21T03:41:54 [main.py:525 - <module>()] INFO: Waiting For the Dome to Open at Beginning of Night
2017-12-21T03:42:55 [main.py:525 - <module>()] INFO: Waiting For the Dome to Open at Beginning of Night
2017-12-21T03:43:55 [main.py:525 - <module>()] INFO: Waiting For the Dome to Open at Beginning of Night
2017-12-21T03:44:55 [main.py:525 - <module>()] INFO: Waiting For the Dome to Open at Beginning of Night
2017-12-21T03:45:55 [main.py:525 - <module>()] INFO: Waiting For the Dome to Open at Beginning of Night
2017-12-21T03:46:56 [main.py:525 - <module>()] INFO: Waiting For the Dome to Open at Beginning of Night
2017-12-21T03:47:56 [main.py:525 - <module>()] INFO: Waiting For the Dome to Open at Beginning of Night
2017-12-21T03:48:56 [main.py:525 - <module>()] INFO: Waiting For the Dome to Open at Beginning of Night
2017-12-21T03:49:56 [main.py:525 - <module>()] INFO: Waiting For the Dome to Open at Beginning of Night
2017-12-21T03:50:57 [main.py:525 - <module>()] INFO: Waiting For the Dome to Open at Beginning of Night
2017-12-21T03:51:57 [main.py:525 - <module>()] INFO: Waiting For the Dome to Open at Beginning of Night
2017-12-21T03:52:57 [main.py:525 - <module>()] INFO: Waiting For the Dome to Open at Beginning of Night
2017-12-21T03:53:58 [main.py:525 - <module>()] INFO: Waiting For the Dome to Open at Beginning of Night
2017-12-21T03:54:58 [main.py:525 - <module>()] INFO: Waiting For the Dome to Open at Beginning of Night
2017-12-21T03:55:58 [main.py:525 - <module>()] INFO: Waiting For the Dome to Open at Beginning of Night
2017-12-21T03:56:58 [main.py:525 - <module>()] INFO: Waiting For the Dome to Open at Beginning of Night
2017-12-21T03:57:59 [main.py:525 - <module>()] INFO: Waiting For the Dome to Open at Beginning of Night
2017-12-21T03:58:59 [main.py:525 - <module>()] INFO: Waiting For the Dome to Open at Beginning of Night
2017-12-21T03:59:59 [main.py:525 - <module>()] INFO: Waiting For the Dome to Open at Beginning of Night
2017-12-21T04:00:59 [main.py:525 - <module>()] INFO: Waiting For the Dome to Open at Beginning of Night
2017-12-21T04:02:00 [main.py:525 - <module>()] INFO: Waiting For the Dome to Open at Beginning of Night
2017-12-21T04:03:00 [main.py:525 - <module>()] INFO: Waiting For the Dome to Open at Beginning of Night
2017-12-21T04:04:00 [main.py:525 - <module>()] INFO: Waiting For the Dome to Open at Beginning of Night
2017-12-21T04:05:01 [main.py:525 - <module>()] INFO: Waiting For the Dome to Open at Beginning of Night
2017-12-21T04:06:01 [main.py:525 - <module>()] INFO: Waiting For the Dome to Open at Beginning of Night
2017-12-21T04:07:01 [main.py:525 - <module>()] INFO: Waiting For the Dome to Open at Beginning of Night
2017-12-21T04:08:01 [main.py:525 - <module>()] INFO: Waiting For the Dome to Open at Beginning of Night
2017-12-21T04:09:02 [main.py:525 - <module>()] INFO: Waiting For the Dome to Open at Beginning of Night
2017-12-21T04:10:02 [main.py:525 - <module>()] INFO: Waiting For the Dome to Open at Beginning of Night
2017-12-21T04:11:02 [main.py:525 - <module>()] INFO: Waiting For the Dome to Open at Beginning of Night
2017-12-21T04:12:02 [main.py:525 - <module>()] INFO: Waiting For the Dome to Open at Beginning of Night
2017-12-21T04:13:03 [main.py:525 - <module>()] INFO: Waiting For the Dome to Open at Beginning of Night
2017-12-21T04:14:03 [main.py:525 - <module>()] INFO: Waiting For the Dome to Open at Beginning of Night
2017-12-21T04:15:03 [main.py:525 - <module>()] INFO: Waiting For the Dome to Open at Beginning of Night
2017-12-21T04:16:04 [main.py:525 - <module>()] INFO: Waiting For the Dome to Open at Beginning of Night
2017-12-21T04:17:04 [main.py:525 - <module>()] INFO: Waiting For the Dome to Open at Beginning of Night
2017-12-21T04:18:04 [main.py:525 - <module>()] INFO: Waiting For the Dome to Open at Beginning of Night
2017-12-21T04:19:04 [main.py:525 - <module>()] INFO: Waiting For the Dome to Open at Beginning of Night
2017-12-21T21:51:58 [main.py:525 - <module>()] INFO: Waiting For the Dome to Open at Beginning of Night
2017-12-21T21:51:58 [main.py:532 - <module>()] INFO: Past Nautical Twilight. Should close up
2017-12-21T21:51:58 [main.py:580 - <module>()] INFO: End Night
2017-12-21T21:51:58 [main.py:33 - endNight()] INFO: Parking/Disconnection from Telescope
2017-12-21T21:52:52 [main.py:38 - endNight()] INFO: Compressing data
2017-12-21T21:52:52 [main.py:43 - endNight()] INFO: Disconnecting imager
2017-12-21T21:53:17 [main.py:49 - endNight()] INFO: Backing Up data
2017-12-21T21:53:17 [main.py:55 - endNight()] INFO: Copying schedule file from ./schedule/n20171221 to C:/camal/data/n20171221/
2017-12-21T21:53:17 [main.py:62 - endNight()] INFO: Copying log file ./logs/n20171221\main.log to C:/camal/data/n20171221/
2017-12-21T21:53:21 [main.py:591 - <module>()] INFO: Updating Reduction File list
